<?xml version="1.0" encoding="UTF-8"?>
<testsuites name="AFE Test Suite" time="599.025" tests="22" failures="0" errors="0">
   <testsuite name="AFE Test Suite" tests="22" failures="0" errors="0" time="599.025" timestamp="2020-09-25 14:53:16" hostname="NickLivas - DESKTOP-1HIC9R3" id="Test Suites/AFE Test Suite">
      <properties>
         <property name="deviceName" value=""/>
         <property name="devicePlatform" value=""/>
         <property name="logFolder" value="C:\\Users\\NickLivas\\Documents\\Testing\\Katalon\\KatalonTesting\\Reports\\20200925_145313\\AFE Test Suite\\20200925_145313"/>
         <property name="logFiles" value="C:\\Users\\NickLivas\\Documents\\Testing\\Katalon\\KatalonTesting\\Reports\\20200925_145313\\AFE Test Suite\\20200925_145313\\execution0.log"/>
         <property name="attachments" value=""/>
         <property name="hostName" value="NickLivas - DESKTOP-1HIC9R3"/>
         <property name="os" value="Windows 10 64bit"/>
         <property name="katalonVersion" value="7.6.2.205"/>
         <property name="browser" value="Chrome 85.0.4183.121"/>
         <property name="hostAddress" value="192.168.0.119"/>
         <property name="sessionId" value="72b9890601be99ba4eac4cd054ad704a"/>
         <property name="seleniumVersion" value="3.141.59"/>
         <property name="proxyInformation" value="ProxyInformation { proxyOption=NO_PROXY, proxyServerType=HTTP, username=, password=********, proxyServerAddress=, proxyServerPort=0, executionList=\&quot;\&quot;, isApplyToDesiredCapabilities=true }"/>
         <property name="platform" value="Windows 10"/>
      </properties>
      <testcase name="Test Cases/AFE 1" time="73.895" classname="Test Cases/AFE 1" status="PASSED">
         <system-out><![CDATA[2020-09-25 14:53:17 - [TEST_CASE][PASSED] - Test Cases/AFE 1: Test Cases/AFE 1

2020-09-25 14:53:17 - [TEST_STEP][PASSED] - openBrowser(""): Browser is opened with url: ''

2020-09-25 14:53:18 - [MESSAGE][INFO] - Starting 'Chrome' driver

2020-09-25 14:53:18 - [MESSAGE][INFO] - Action delay is set to 0 milliseconds

2020-09-25 14:53:23 - [MESSAGE][PASSED] - Browser is opened with url: ''

2020-09-25 14:53:23 - [TEST_STEP][PASSED] - navigateToUrl("https://grid.nga.mil/grid/export/aoi/38277/"): Navigate to 'https://grid.nga.mil/grid/export/aoi/38277/' successfully

2020-09-25 14:53:24 - [MESSAGE][PASSED] - Navigate to 'https://grid.nga.mil/grid/export/aoi/38277/' successfully

2020-09-25 14:53:24 - [TEST_STEP][PASSED] - click(findTestObject("Page_Login  GRiD/btn_CAC  GEOAxIS Login")): Object: 'Object Repository/Page_Login  GRiD/btn_CAC  GEOAxIS Login' is clicked on

2020-09-25 14:53:39 - [MESSAGE][PASSED] - Object: 'Object Repository/Page_Login  GRiD/btn_CAC  GEOAxIS Login' is clicked on

2020-09-25 14:53:39 - [TEST_STEP][PASSED] - click(findTestObject("Page_GEOAxIS/a_PKI Certificate")): Object: 'Object Repository/Page_GEOAxIS/a_PKI Certificate' is clicked on

2020-09-25 14:53:39 - [MESSAGE][PASSED] - Object: 'Object Repository/Page_GEOAxIS/a_PKI Certificate' is clicked on

2020-09-25 14:53:39 - [TEST_STEP][PASSED] - click(findTestObject("Page_GEOAxIS/span_Click here to continue")): Object: 'Object Repository/Page_GEOAxIS/span_Click here to continue' is clicked on

2020-09-25 14:54:01 - [MESSAGE][PASSED] - Object: 'Object Repository/Page_GEOAxIS/span_Click here to continue' is clicked on

2020-09-25 14:54:01 - [TEST_STEP][PASSED] - click(findTestObject("Page_AFE  GRiD/a_Export pointcloud data")): Object: 'Object Repository/Page_AFE  GRiD/a_Export pointcloud data' is clicked on

2020-09-25 14:54:06 - [MESSAGE][PASSED] - Object: 'Object Repository/Page_AFE  GRiD/a_Export pointcloud data' is clicked on

2020-09-25 14:54:06 - [TEST_STEP][PASSED] - click(findTestObject("Page_AFE  GRiD/1st Collect for AOI")): Object: 'Object Repository/Page_AFE  GRiD/1st Collect for AOI' is clicked on

2020-09-25 14:54:07 - [MESSAGE][PASSED] - Object: 'Object Repository/Page_AFE  GRiD/1st Collect for AOI' is clicked on

2020-09-25 14:54:07 - [TEST_STEP][PASSED] - setText(findTestObject("Page_AFE  GRiD/input_Display Name_name"), "Textpert_VBS3"): Text 'Textpert_VBS3' is set on object 'Object Repository/Page_AFE  GRiD/input_Display Name_name'

2020-09-25 14:54:08 - [MESSAGE][PASSED] - Text 'Textpert_VBS3' is set on object 'Object Repository/Page_AFE  GRiD/input_Display Name_name'

2020-09-25 14:54:08 - [TEST_STEP][PASSED] - click(findTestObject("Page_AFE  GRiD/Filter Drop-down")): Object: 'Object Repository/Page_AFE  GRiD/Filter Drop-down' is clicked on

2020-09-25 14:54:08 - [MESSAGE][PASSED] - Object: 'Object Repository/Page_AFE  GRiD/Filter Drop-down' is clicked on

2020-09-25 14:54:08 - [TEST_STEP][PASSED] - waitForElementNotClickable(findTestObject("Page_AFE  GRiD/input_Feature Extraction_filter_afe"), 10): Object 'Object Repository/Page_AFE  GRiD/input_Feature Extraction_filter_afe' is not clickable after 10 second(s)

2020-09-25 14:54:19 - [MESSAGE][WARNING] - Object 'Object Repository/Page_AFE  GRiD/input_Feature Extraction_filter_afe' is not clickable after 10 second(s)

2020-09-25 14:54:19 - [TEST_STEP][PASSED] - click(findTestObject("Page_AFE  GRiD/input_Feature Extraction_filter_afe")): Object: 'Object Repository/Page_AFE  GRiD/input_Feature Extraction_filter_afe' is clicked on

2020-09-25 14:54:19 - [MESSAGE][PASSED] - Object: 'Object Repository/Page_AFE  GRiD/input_Feature Extraction_filter_afe' is clicked on

2020-09-25 14:54:19 - [TEST_STEP][PASSED] - selectOptionByValue(findTestObject("Page_AFE  GRiD/select_TexPert 315-1  PSU 170  SRI 15"), "texpert_3.1.5-1;", true): All options with value 'texpert_3.1.5-1;' are selected in object 'Object Repository/Page_AFE  GRiD/select_TexPert 315-1  PSU 170  SRI 15'  using regular expression

2020-09-25 14:54:20 - [MESSAGE][PASSED] - All options with value 'texpert_3.1.5-1;' are selected in object 'Object Repository/Page_AFE  GRiD/select_TexPert 315-1  PSU 170  SRI 15'  using regular expression

2020-09-25 14:54:20 - [TEST_STEP][PASSED] - waitForElementClickable(findTestObject("Page_AFE  GRiD/label_VBS3"), 5): Object 'Object Repository/Page_AFE  GRiD/label_VBS3' is clickable

2020-09-25 14:54:21 - [MESSAGE][PASSED] - Object 'Object Repository/Page_AFE  GRiD/label_VBS3' is clickable

2020-09-25 14:54:21 - [TEST_STEP][PASSED] - click(findTestObject("Page_AFE  GRiD/label_VBS3")): Object: 'Object Repository/Page_AFE  GRiD/label_VBS3' is clicked on

2020-09-25 14:54:21 - [MESSAGE][PASSED] - Object: 'Object Repository/Page_AFE  GRiD/label_VBS3' is clicked on

2020-09-25 14:54:21 - [TEST_STEP][PASSED] - click(findTestObject("Page_AFE  GRiD/div_Cancel    Generate")): Object: 'Object Repository/Page_AFE  GRiD/div_Cancel    Generate' is clicked on

2020-09-25 14:54:30 - [MESSAGE][PASSED] - Object: 'Object Repository/Page_AFE  GRiD/div_Cancel    Generate' is clicked on

2020-09-25 14:54:30 - [TEST_STEP][PASSED] - closeBrowser(): Browser is closed

2020-09-25 14:54:31 - [MESSAGE][PASSED] - Browser is closed]]></system-out>
         <system-err><![CDATA[]]></system-err>
      </testcase>
      <testcase name="Test Cases/AFE Recorded Script SRI/Texpert - First" time="81.128" classname="Test Cases/AFE Recorded Script SRI/Texpert - First" status="PASSED">
         <system-out><![CDATA[2020-09-25 14:54:31 - [TEST_CASE][PASSED] - Test Cases/AFE Recorded Script SRI/Texpert - First: Test Cases/AFE Recorded Script SRI/Texpert - First

2020-09-25 14:54:31 - [TEST_STEP][PASSED] - openBrowser(""): Browser is opened with url: ''

2020-09-25 14:54:31 - [MESSAGE][INFO] - Starting 'Chrome' driver

2020-09-25 14:54:31 - [MESSAGE][INFO] - Action delay is set to 0 milliseconds

2020-09-25 14:54:36 - [MESSAGE][PASSED] - Browser is opened with url: ''

2020-09-25 14:54:36 - [TEST_STEP][PASSED] - navigateToUrl("https://grid.nga.mil/grid/accounts/login/?next=/grid/export/aoi/38277/"): Navigate to 'https://grid.nga.mil/grid/accounts/login/?next=/grid/export/aoi/38277/' successfully

2020-09-25 14:54:36 - [MESSAGE][PASSED] - Navigate to 'https://grid.nga.mil/grid/accounts/login/?next=/grid/export/aoi/38277/' successfully

2020-09-25 14:54:36 - [TEST_STEP][PASSED] - click(findTestObject("Page_Login  GRiD/btn_CAC  GEOAxIS Login")): Object: 'Object Repository/Page_Login  GRiD/btn_CAC  GEOAxIS Login' is clicked on

2020-09-25 14:55:11 - [MESSAGE][PASSED] - Object: 'Object Repository/Page_Login  GRiD/btn_CAC  GEOAxIS Login' is clicked on

2020-09-25 14:55:11 - [TEST_STEP][PASSED] - click(findTestObject("Page_GEOAxIS/a_PKI Certificate")): Object: 'Object Repository/Page_GEOAxIS/a_PKI Certificate' is clicked on

2020-09-25 14:55:11 - [MESSAGE][PASSED] - Object: 'Object Repository/Page_GEOAxIS/a_PKI Certificate' is clicked on

2020-09-25 14:55:11 - [TEST_STEP][PASSED] - click(findTestObject("Page_GEOAxIS/span_Click here to continue")): Object: 'Object Repository/Page_GEOAxIS/span_Click here to continue' is clicked on

2020-09-25 14:55:36 - [MESSAGE][PASSED] - Object: 'Object Repository/Page_GEOAxIS/span_Click here to continue' is clicked on

2020-09-25 14:55:36 - [TEST_STEP][PASSED] - click(findTestObject("Page_AFE  GRiD/a_Export pointcloud data")): Object: 'Object Repository/Page_AFE  GRiD/a_Export pointcloud data' is clicked on

2020-09-25 14:55:40 - [MESSAGE][PASSED] - Object: 'Object Repository/Page_AFE  GRiD/a_Export pointcloud data' is clicked on

2020-09-25 14:55:40 - [TEST_STEP][PASSED] - click(findTestObject("Page_AFE  GRiD/div_PC 20190623_18T577450 UNCLASSIFIEDFOUO _33ce5f")): Object: 'Object Repository/Page_AFE  GRiD/div_PC 20190623_18T577450 UNCLASSIFIEDFOUO _33ce5f' is clicked on

2020-09-25 14:55:41 - [MESSAGE][PASSED] - Object: 'Object Repository/Page_AFE  GRiD/div_PC 20190623_18T577450 UNCLASSIFIEDFOUO _33ce5f' is clicked on

2020-09-25 14:55:41 - [TEST_STEP][PASSED] - setText(findTestObject("Page_AFE  GRiD/input_Display Name_name"), "Texpert"): Text 'Texpert' is set on object 'Object Repository/Page_AFE  GRiD/input_Display Name_name'

2020-09-25 14:55:42 - [MESSAGE][PASSED] - Text 'Texpert' is set on object 'Object Repository/Page_AFE  GRiD/input_Display Name_name'

2020-09-25 14:55:42 - [TEST_STEP][PASSED] - click(findTestObject("Page_AFE  GRiD/Filter Drop-down")): Object: 'Object Repository/Page_AFE  GRiD/Filter Drop-down' is clicked on

2020-09-25 14:55:42 - [MESSAGE][PASSED] - Object: 'Object Repository/Page_AFE  GRiD/Filter Drop-down' is clicked on

2020-09-25 14:55:42 - [TEST_STEP][PASSED] - Thread.sleep(1000): null

2020-09-25 14:55:43 - [TEST_STEP][PASSED] - click(findTestObject("Page_AFE  GRiD/input_Feature Extraction_filter_afe")): Object: 'Object Repository/Page_AFE  GRiD/input_Feature Extraction_filter_afe' is clicked on

2020-09-25 14:55:44 - [MESSAGE][PASSED] - Object: 'Object Repository/Page_AFE  GRiD/input_Feature Extraction_filter_afe' is clicked on

2020-09-25 14:55:44 - [TEST_STEP][PASSED] - click(findTestObject("Page_AFE  GRiD/div_Cancel    Generate")): Object: 'Object Repository/Page_AFE  GRiD/div_Cancel    Generate' is clicked on

2020-09-25 14:55:52 - [MESSAGE][PASSED] - Object: 'Object Repository/Page_AFE  GRiD/div_Cancel    Generate' is clicked on]]></system-out>
         <system-err><![CDATA[]]></system-err>
      </testcase>
      <testcase name="Test Cases/AFE Recorded Script SRI/Texpert - CDB" time="22.452" classname="Test Cases/AFE Recorded Script SRI/Texpert - CDB" status="PASSED">
         <system-out><![CDATA[2020-09-25 14:55:52 - [TEST_CASE][PASSED] - Test Cases/AFE Recorded Script SRI/Texpert - CDB: Test Cases/AFE Recorded Script SRI/Texpert - CDB

2020-09-25 14:55:52 - [TEST_STEP][PASSED] - click(findTestObject("Page_AFE  GRiD/a_Export pointcloud data")): Object: 'Object Repository/Page_AFE  GRiD/a_Export pointcloud data' is clicked on

2020-09-25 14:55:57 - [MESSAGE][PASSED] - Object: 'Object Repository/Page_AFE  GRiD/a_Export pointcloud data' is clicked on

2020-09-25 14:55:57 - [TEST_STEP][PASSED] - click(findTestObject("Page_AFE  GRiD/div_PC 20190623_18T577450 UNCLASSIFIEDFOUO _33ce5f")): Object: 'Object Repository/Page_AFE  GRiD/div_PC 20190623_18T577450 UNCLASSIFIEDFOUO _33ce5f' is clicked on

2020-09-25 14:55:57 - [MESSAGE][PASSED] - Object: 'Object Repository/Page_AFE  GRiD/div_PC 20190623_18T577450 UNCLASSIFIEDFOUO _33ce5f' is clicked on

2020-09-25 14:55:57 - [TEST_STEP][PASSED] - setText(findTestObject("Page_AFE  GRiD/input_Display Name_name"), "Texpert - CDB"): Text 'Texpert - CDB' is set on object 'Object Repository/Page_AFE  GRiD/input_Display Name_name'

2020-09-25 14:55:58 - [MESSAGE][PASSED] - Text 'Texpert - CDB' is set on object 'Object Repository/Page_AFE  GRiD/input_Display Name_name'

2020-09-25 14:55:58 - [TEST_STEP][PASSED] - click(findTestObject("Page_AFE  GRiD/Filter Drop-down")): Object: 'Object Repository/Page_AFE  GRiD/Filter Drop-down' is clicked on

2020-09-25 14:55:59 - [MESSAGE][PASSED] - Object: 'Object Repository/Page_AFE  GRiD/Filter Drop-down' is clicked on

2020-09-25 14:55:59 - [TEST_STEP][PASSED] - Thread.sleep(1000): null

2020-09-25 14:56:00 - [TEST_STEP][PASSED] - click(findTestObject("Page_AFE  GRiD/input_Feature Extraction_filter_afe")): Object: 'Object Repository/Page_AFE  GRiD/input_Feature Extraction_filter_afe' is clicked on

2020-09-25 14:56:00 - [MESSAGE][PASSED] - Object: 'Object Repository/Page_AFE  GRiD/input_Feature Extraction_filter_afe' is clicked on

2020-09-25 14:56:00 - [TEST_STEP][PASSED] - Thread.sleep(5000): null

2020-09-25 14:56:05 - [TEST_STEP][PASSED] - scrollToElement(findTestObject("Page_AFE  GRiD/label_CDB"), 0): Scroll to object 'Object Repository/Page_AFE  GRiD/label_CDB' successfully

2020-09-25 14:56:05 - [MESSAGE][WARNING] - Timeout '0' is invalid. Using default page load timeout: '30'

2020-09-25 14:56:05 - [MESSAGE][PASSED] - Scroll to object 'Object Repository/Page_AFE  GRiD/label_CDB' successfully

2020-09-25 14:56:05 - [TEST_STEP][PASSED] - click(findTestObject("Page_AFE  GRiD/label_CDB")): Object: 'Object Repository/Page_AFE  GRiD/label_CDB' is clicked on

2020-09-25 14:56:06 - [MESSAGE][PASSED] - Object: 'Object Repository/Page_AFE  GRiD/label_CDB' is clicked on

2020-09-25 14:56:06 - [TEST_STEP][PASSED] - click(findTestObject("Page_AFE  GRiD/div_Cancel    Generate")): Object: 'Object Repository/Page_AFE  GRiD/div_Cancel    Generate' is clicked on

2020-09-25 14:56:14 - [MESSAGE][PASSED] - Object: 'Object Repository/Page_AFE  GRiD/div_Cancel    Generate' is clicked on]]></system-out>
         <system-err><![CDATA[]]></system-err>
      </testcase>
      <testcase name="Test Cases/AFE Recorded Script SRI/Texpert - Unity" time="19.184" classname="Test Cases/AFE Recorded Script SRI/Texpert - Unity" status="PASSED">
         <system-out><![CDATA[2020-09-25 14:56:14 - [TEST_CASE][PASSED] - Test Cases/AFE Recorded Script SRI/Texpert - Unity: Test Cases/AFE Recorded Script SRI/Texpert - Unity

2020-09-25 14:56:14 - [TEST_STEP][PASSED] - click(findTestObject("Page_AFE  GRiD/a_Export pointcloud data")): Object: 'Object Repository/Page_AFE  GRiD/a_Export pointcloud data' is clicked on

2020-09-25 14:56:19 - [MESSAGE][PASSED] - Object: 'Object Repository/Page_AFE  GRiD/a_Export pointcloud data' is clicked on

2020-09-25 14:56:19 - [TEST_STEP][PASSED] - click(findTestObject("Page_AFE  GRiD/div_PC 20190623_18T577450 UNCLASSIFIEDFOUO _33ce5f")): Object: 'Object Repository/Page_AFE  GRiD/div_PC 20190623_18T577450 UNCLASSIFIEDFOUO _33ce5f' is clicked on

2020-09-25 14:56:20 - [MESSAGE][PASSED] - Object: 'Object Repository/Page_AFE  GRiD/div_PC 20190623_18T577450 UNCLASSIFIEDFOUO _33ce5f' is clicked on

2020-09-25 14:56:20 - [TEST_STEP][PASSED] - setText(findTestObject("Page_AFE  GRiD/input_Display Name_name"), "Texpert - Unity"): Text 'Texpert - Unity' is set on object 'Object Repository/Page_AFE  GRiD/input_Display Name_name'

2020-09-25 14:56:21 - [MESSAGE][PASSED] - Text 'Texpert - Unity' is set on object 'Object Repository/Page_AFE  GRiD/input_Display Name_name'

2020-09-25 14:56:21 - [TEST_STEP][PASSED] - click(findTestObject("Page_AFE  GRiD/Filter Drop-down")): Object: 'Object Repository/Page_AFE  GRiD/Filter Drop-down' is clicked on

2020-09-25 14:56:21 - [MESSAGE][PASSED] - Object: 'Object Repository/Page_AFE  GRiD/Filter Drop-down' is clicked on

2020-09-25 14:56:21 - [TEST_STEP][PASSED] - Thread.sleep(1000): null

2020-09-25 14:56:22 - [TEST_STEP][PASSED] - click(findTestObject("Page_AFE  GRiD/input_Feature Extraction_filter_afe")): Object: 'Object Repository/Page_AFE  GRiD/input_Feature Extraction_filter_afe' is clicked on

2020-09-25 14:56:22 - [MESSAGE][PASSED] - Object: 'Object Repository/Page_AFE  GRiD/input_Feature Extraction_filter_afe' is clicked on

2020-09-25 14:56:22 - [TEST_STEP][PASSED] - Thread.sleep(2000): null

2020-09-25 14:56:24 - [TEST_STEP][PASSED] - scrollToElement(findTestObject("Page_AFE  GRiD/label_Unity"), 0): Scroll to object 'Object Repository/Page_AFE  GRiD/label_Unity' successfully

2020-09-25 14:56:24 - [MESSAGE][WARNING] - Timeout '0' is invalid. Using default page load timeout: '30'

2020-09-25 14:56:25 - [MESSAGE][PASSED] - Scroll to object 'Object Repository/Page_AFE  GRiD/label_Unity' successfully

2020-09-25 14:56:25 - [TEST_STEP][PASSED] - click(findTestObject("Page_AFE  GRiD/label_Unity")): Object: 'Object Repository/Page_AFE  GRiD/label_Unity' is clicked on

2020-09-25 14:56:25 - [MESSAGE][PASSED] - Object: 'Object Repository/Page_AFE  GRiD/label_Unity' is clicked on

2020-09-25 14:56:25 - [TEST_STEP][PASSED] - click(findTestObject("Page_AFE  GRiD/div_Cancel    Generate")): Object: 'Object Repository/Page_AFE  GRiD/div_Cancel    Generate' is clicked on

2020-09-25 14:56:33 - [MESSAGE][PASSED] - Object: 'Object Repository/Page_AFE  GRiD/div_Cancel    Generate' is clicked on]]></system-out>
         <system-err><![CDATA[]]></system-err>
      </testcase>
      <testcase name="Test Cases/AFE Recorded Script SRI/Texpert - VBS3" time="22.773" classname="Test Cases/AFE Recorded Script SRI/Texpert - VBS3" status="PASSED">
         <system-out><![CDATA[2020-09-25 14:56:33 - [TEST_CASE][PASSED] - Test Cases/AFE Recorded Script SRI/Texpert - VBS3: Test Cases/AFE Recorded Script SRI/Texpert - VBS3

2020-09-25 14:56:34 - [TEST_STEP][PASSED] - click(findTestObject("Page_AFE  GRiD/a_Export pointcloud data")): Object: 'Object Repository/Page_AFE  GRiD/a_Export pointcloud data' is clicked on

2020-09-25 14:56:39 - [MESSAGE][PASSED] - Object: 'Object Repository/Page_AFE  GRiD/a_Export pointcloud data' is clicked on

2020-09-25 14:56:39 - [TEST_STEP][PASSED] - click(findTestObject("Page_AFE  GRiD/div_PC 20190623_18T577450 UNCLASSIFIEDFOUO _33ce5f")): Object: 'Object Repository/Page_AFE  GRiD/div_PC 20190623_18T577450 UNCLASSIFIEDFOUO _33ce5f' is clicked on

2020-09-25 14:56:40 - [MESSAGE][PASSED] - Object: 'Object Repository/Page_AFE  GRiD/div_PC 20190623_18T577450 UNCLASSIFIEDFOUO _33ce5f' is clicked on

2020-09-25 14:56:40 - [TEST_STEP][PASSED] - setText(findTestObject("Page_AFE  GRiD/input_Display Name_name"), "Texpert - VBS3"): Text 'Texpert - VBS3' is set on object 'Object Repository/Page_AFE  GRiD/input_Display Name_name'

2020-09-25 14:56:41 - [MESSAGE][PASSED] - Text 'Texpert - VBS3' is set on object 'Object Repository/Page_AFE  GRiD/input_Display Name_name'

2020-09-25 14:56:41 - [TEST_STEP][PASSED] - click(findTestObject("Page_AFE  GRiD/Filter Drop-down")): Object: 'Object Repository/Page_AFE  GRiD/Filter Drop-down' is clicked on

2020-09-25 14:56:41 - [MESSAGE][PASSED] - Object: 'Object Repository/Page_AFE  GRiD/Filter Drop-down' is clicked on

2020-09-25 14:56:41 - [TEST_STEP][PASSED] - Thread.sleep(1000): null

2020-09-25 14:56:42 - [TEST_STEP][PASSED] - click(findTestObject("Page_AFE  GRiD/input_Feature Extraction_filter_afe")): Object: 'Object Repository/Page_AFE  GRiD/input_Feature Extraction_filter_afe' is clicked on

2020-09-25 14:56:42 - [MESSAGE][PASSED] - Object: 'Object Repository/Page_AFE  GRiD/input_Feature Extraction_filter_afe' is clicked on

2020-09-25 14:56:42 - [TEST_STEP][PASSED] - Thread.sleep(5000): null

2020-09-25 14:56:47 - [TEST_STEP][PASSED] - scrollToElement(findTestObject("Page_AFE  GRiD/label_VBS3"), 0): Scroll to object 'Object Repository/Page_AFE  GRiD/label_VBS3' successfully

2020-09-25 14:56:47 - [MESSAGE][WARNING] - Timeout '0' is invalid. Using default page load timeout: '30'

2020-09-25 14:56:48 - [MESSAGE][PASSED] - Scroll to object 'Object Repository/Page_AFE  GRiD/label_VBS3' successfully

2020-09-25 14:56:48 - [TEST_STEP][PASSED] - click(findTestObject("Page_AFE  GRiD/label_VBS3")): Object: 'Object Repository/Page_AFE  GRiD/label_VBS3' is clicked on

2020-09-25 14:56:48 - [MESSAGE][PASSED] - Object: 'Object Repository/Page_AFE  GRiD/label_VBS3' is clicked on

2020-09-25 14:56:48 - [TEST_STEP][PASSED] - click(findTestObject("Page_AFE  GRiD/div_Cancel    Generate")): Object: 'Object Repository/Page_AFE  GRiD/div_Cancel    Generate' is clicked on

2020-09-25 14:56:56 - [MESSAGE][PASSED] - Object: 'Object Repository/Page_AFE  GRiD/div_Cancel    Generate' is clicked on]]></system-out>
         <system-err><![CDATA[]]></system-err>
      </testcase>
      <testcase name="Test Cases/AFE Recorded Script SRI/Texpert - Unreal" time="22.717" classname="Test Cases/AFE Recorded Script SRI/Texpert - Unreal" status="PASSED">
         <system-out><![CDATA[2020-09-25 14:56:56 - [TEST_CASE][PASSED] - Test Cases/AFE Recorded Script SRI/Texpert - Unreal: Test Cases/AFE Recorded Script SRI/Texpert - Unreal

2020-09-25 14:56:56 - [TEST_STEP][PASSED] - click(findTestObject("Page_AFE  GRiD/a_Export pointcloud data")): Object: 'Object Repository/Page_AFE  GRiD/a_Export pointcloud data' is clicked on

2020-09-25 14:57:01 - [MESSAGE][PASSED] - Object: 'Object Repository/Page_AFE  GRiD/a_Export pointcloud data' is clicked on

2020-09-25 14:57:01 - [TEST_STEP][PASSED] - click(findTestObject("Page_AFE  GRiD/div_PC 20190623_18T577450 UNCLASSIFIEDFOUO _33ce5f")): Object: 'Object Repository/Page_AFE  GRiD/div_PC 20190623_18T577450 UNCLASSIFIEDFOUO _33ce5f' is clicked on

2020-09-25 14:57:02 - [MESSAGE][PASSED] - Object: 'Object Repository/Page_AFE  GRiD/div_PC 20190623_18T577450 UNCLASSIFIEDFOUO _33ce5f' is clicked on

2020-09-25 14:57:02 - [TEST_STEP][PASSED] - setText(findTestObject("Page_AFE  GRiD/input_Display Name_name"), "Texpert - Unreal"): Text 'Texpert - Unreal' is set on object 'Object Repository/Page_AFE  GRiD/input_Display Name_name'

2020-09-25 14:57:03 - [MESSAGE][PASSED] - Text 'Texpert - Unreal' is set on object 'Object Repository/Page_AFE  GRiD/input_Display Name_name'

2020-09-25 14:57:03 - [TEST_STEP][PASSED] - click(findTestObject("Page_AFE  GRiD/Filter Drop-down")): Object: 'Object Repository/Page_AFE  GRiD/Filter Drop-down' is clicked on

2020-09-25 14:57:03 - [MESSAGE][PASSED] - Object: 'Object Repository/Page_AFE  GRiD/Filter Drop-down' is clicked on

2020-09-25 14:57:03 - [TEST_STEP][PASSED] - Thread.sleep(1000): null

2020-09-25 14:57:04 - [TEST_STEP][PASSED] - click(findTestObject("Page_AFE  GRiD/input_Feature Extraction_filter_afe")): Object: 'Object Repository/Page_AFE  GRiD/input_Feature Extraction_filter_afe' is clicked on

2020-09-25 14:57:04 - [MESSAGE][PASSED] - Object: 'Object Repository/Page_AFE  GRiD/input_Feature Extraction_filter_afe' is clicked on

2020-09-25 14:57:04 - [TEST_STEP][PASSED] - Thread.sleep(5000): null

2020-09-25 14:57:09 - [TEST_STEP][PASSED] - scrollToElement(findTestObject("Page_AFE  GRiD/label_Unreal"), 0): Scroll to object 'Object Repository/Page_AFE  GRiD/label_Unreal' successfully

2020-09-25 14:57:09 - [MESSAGE][WARNING] - Timeout '0' is invalid. Using default page load timeout: '30'

2020-09-25 14:57:10 - [MESSAGE][PASSED] - Scroll to object 'Object Repository/Page_AFE  GRiD/label_Unreal' successfully

2020-09-25 14:57:10 - [TEST_STEP][PASSED] - click(findTestObject("Page_AFE  GRiD/label_Unreal")): Object: 'Object Repository/Page_AFE  GRiD/label_Unreal' is clicked on

2020-09-25 14:57:10 - [MESSAGE][PASSED] - Object: 'Object Repository/Page_AFE  GRiD/label_Unreal' is clicked on

2020-09-25 14:57:10 - [TEST_STEP][PASSED] - click(findTestObject("Page_AFE  GRiD/div_Cancel    Generate")): Object: 'Object Repository/Page_AFE  GRiD/div_Cancel    Generate' is clicked on

2020-09-25 14:57:19 - [MESSAGE][PASSED] - Object: 'Object Repository/Page_AFE  GRiD/div_Cancel    Generate' is clicked on]]></system-out>
         <system-err><![CDATA[]]></system-err>
      </testcase>
      <testcase name="Test Cases/AFE Recorded Script SRI/Texpert - OpenFlight" time="22.414" classname="Test Cases/AFE Recorded Script SRI/Texpert - OpenFlight" status="PASSED">
         <system-out><![CDATA[2020-09-25 14:57:19 - [TEST_CASE][PASSED] - Test Cases/AFE Recorded Script SRI/Texpert - OpenFlight: Test Cases/AFE Recorded Script SRI/Texpert - OpenFlight

2020-09-25 14:57:19 - [TEST_STEP][PASSED] - click(findTestObject("Page_AFE  GRiD/a_Export pointcloud data")): Object: 'Object Repository/Page_AFE  GRiD/a_Export pointcloud data' is clicked on

2020-09-25 14:57:24 - [MESSAGE][PASSED] - Object: 'Object Repository/Page_AFE  GRiD/a_Export pointcloud data' is clicked on

2020-09-25 14:57:24 - [TEST_STEP][PASSED] - click(findTestObject("Page_AFE  GRiD/div_PC 20190623_18T577450 UNCLASSIFIEDFOUO _33ce5f")): Object: 'Object Repository/Page_AFE  GRiD/div_PC 20190623_18T577450 UNCLASSIFIEDFOUO _33ce5f' is clicked on

2020-09-25 14:57:25 - [MESSAGE][PASSED] - Object: 'Object Repository/Page_AFE  GRiD/div_PC 20190623_18T577450 UNCLASSIFIEDFOUO _33ce5f' is clicked on

2020-09-25 14:57:25 - [TEST_STEP][PASSED] - setText(findTestObject("Page_AFE  GRiD/input_Display Name_name"), "Texpert - OpenFlight"): Text 'Texpert - OpenFlight' is set on object 'Object Repository/Page_AFE  GRiD/input_Display Name_name'

2020-09-25 14:57:26 - [MESSAGE][PASSED] - Text 'Texpert - OpenFlight' is set on object 'Object Repository/Page_AFE  GRiD/input_Display Name_name'

2020-09-25 14:57:26 - [TEST_STEP][PASSED] - click(findTestObject("Page_AFE  GRiD/Filter Drop-down")): Object: 'Object Repository/Page_AFE  GRiD/Filter Drop-down' is clicked on

2020-09-25 14:57:26 - [MESSAGE][PASSED] - Object: 'Object Repository/Page_AFE  GRiD/Filter Drop-down' is clicked on

2020-09-25 14:57:26 - [TEST_STEP][PASSED] - Thread.sleep(1000): null

2020-09-25 14:57:27 - [TEST_STEP][PASSED] - click(findTestObject("Page_AFE  GRiD/input_Feature Extraction_filter_afe")): Object: 'Object Repository/Page_AFE  GRiD/input_Feature Extraction_filter_afe' is clicked on

2020-09-25 14:57:27 - [MESSAGE][PASSED] - Object: 'Object Repository/Page_AFE  GRiD/input_Feature Extraction_filter_afe' is clicked on

2020-09-25 14:57:27 - [TEST_STEP][PASSED] - Thread.sleep(5000): null

2020-09-25 14:57:32 - [TEST_STEP][PASSED] - scrollToElement(findTestObject("Page_AFE  GRiD/label_OpenFlight"), 0): Scroll to object 'Object Repository/Page_AFE  GRiD/label_OpenFlight' successfully

2020-09-25 14:57:32 - [MESSAGE][WARNING] - Timeout '0' is invalid. Using default page load timeout: '30'

2020-09-25 14:57:33 - [MESSAGE][PASSED] - Scroll to object 'Object Repository/Page_AFE  GRiD/label_OpenFlight' successfully

2020-09-25 14:57:33 - [TEST_STEP][PASSED] - click(findTestObject("Page_AFE  GRiD/label_OpenFlight")): Object: 'Object Repository/Page_AFE  GRiD/label_OpenFlight' is clicked on

2020-09-25 14:57:33 - [MESSAGE][PASSED] - Object: 'Object Repository/Page_AFE  GRiD/label_OpenFlight' is clicked on

2020-09-25 14:57:33 - [TEST_STEP][PASSED] - click(findTestObject("Page_AFE  GRiD/div_Cancel    Generate")): Object: 'Object Repository/Page_AFE  GRiD/div_Cancel    Generate' is clicked on

2020-09-25 14:57:41 - [MESSAGE][PASSED] - Object: 'Object Repository/Page_AFE  GRiD/div_Cancel    Generate' is clicked on]]></system-out>
         <system-err><![CDATA[]]></system-err>
      </testcase>
      <testcase name="Test Cases/AFE Recorded Script SRI/Texpert - All" time="23.836" classname="Test Cases/AFE Recorded Script SRI/Texpert - All" status="PASSED">
         <system-out><![CDATA[2020-09-25 14:57:41 - [TEST_CASE][PASSED] - Test Cases/AFE Recorded Script SRI/Texpert - All: Test Cases/AFE Recorded Script SRI/Texpert - All

2020-09-25 14:57:42 - [TEST_STEP][PASSED] - click(findTestObject("Page_AFE  GRiD/a_Export pointcloud data")): Object: 'Object Repository/Page_AFE  GRiD/a_Export pointcloud data' is clicked on

2020-09-25 14:57:47 - [MESSAGE][PASSED] - Object: 'Object Repository/Page_AFE  GRiD/a_Export pointcloud data' is clicked on

2020-09-25 14:57:47 - [TEST_STEP][PASSED] - click(findTestObject("Page_AFE  GRiD/div_PC 20190623_18T577450 UNCLASSIFIEDFOUO _33ce5f")): Object: 'Object Repository/Page_AFE  GRiD/div_PC 20190623_18T577450 UNCLASSIFIEDFOUO _33ce5f' is clicked on

2020-09-25 14:57:47 - [MESSAGE][PASSED] - Object: 'Object Repository/Page_AFE  GRiD/div_PC 20190623_18T577450 UNCLASSIFIEDFOUO _33ce5f' is clicked on

2020-09-25 14:57:47 - [TEST_STEP][PASSED] - setText(findTestObject("Page_AFE  GRiD/input_Display Name_name"), "Texpert - All"): Text 'Texpert - All' is set on object 'Object Repository/Page_AFE  GRiD/input_Display Name_name'

2020-09-25 14:57:48 - [MESSAGE][PASSED] - Text 'Texpert - All' is set on object 'Object Repository/Page_AFE  GRiD/input_Display Name_name'

2020-09-25 14:57:48 - [TEST_STEP][PASSED] - click(findTestObject("Page_AFE  GRiD/Filter Drop-down")): Object: 'Object Repository/Page_AFE  GRiD/Filter Drop-down' is clicked on

2020-09-25 14:57:49 - [MESSAGE][PASSED] - Object: 'Object Repository/Page_AFE  GRiD/Filter Drop-down' is clicked on

2020-09-25 14:57:49 - [TEST_STEP][PASSED] - Thread.sleep(1000): null

2020-09-25 14:57:50 - [TEST_STEP][PASSED] - click(findTestObject("Page_AFE  GRiD/input_Feature Extraction_filter_afe")): Object: 'Object Repository/Page_AFE  GRiD/input_Feature Extraction_filter_afe' is clicked on

2020-09-25 14:57:50 - [MESSAGE][PASSED] - Object: 'Object Repository/Page_AFE  GRiD/input_Feature Extraction_filter_afe' is clicked on

2020-09-25 14:57:50 - [TEST_STEP][PASSED] - Thread.sleep(5000): null

2020-09-25 14:57:55 - [TEST_STEP][PASSED] - scrollToElement(findTestObject("Page_AFE  GRiD/label_Unity"), 0): Scroll to object 'Object Repository/Page_AFE  GRiD/label_Unity' successfully

2020-09-25 14:57:55 - [MESSAGE][WARNING] - Timeout '0' is invalid. Using default page load timeout: '30'

2020-09-25 14:57:55 - [MESSAGE][PASSED] - Scroll to object 'Object Repository/Page_AFE  GRiD/label_Unity' successfully

2020-09-25 14:57:55 - [TEST_STEP][PASSED] - click(findTestObject("Page_AFE  GRiD/label_CDB")): Object: 'Object Repository/Page_AFE  GRiD/label_CDB' is clicked on

2020-09-25 14:57:55 - [MESSAGE][PASSED] - Object: 'Object Repository/Page_AFE  GRiD/label_CDB' is clicked on

2020-09-25 14:57:55 - [TEST_STEP][PASSED] - click(findTestObject("Page_AFE  GRiD/label_Unity")): Object: 'Object Repository/Page_AFE  GRiD/label_Unity' is clicked on

2020-09-25 14:57:56 - [MESSAGE][PASSED] - Object: 'Object Repository/Page_AFE  GRiD/label_Unity' is clicked on

2020-09-25 14:57:56 - [TEST_STEP][PASSED] - click(findTestObject("Page_AFE  GRiD/label_VBS3")): Object: 'Object Repository/Page_AFE  GRiD/label_VBS3' is clicked on

2020-09-25 14:57:56 - [MESSAGE][PASSED] - Object: 'Object Repository/Page_AFE  GRiD/label_VBS3' is clicked on

2020-09-25 14:57:56 - [TEST_STEP][PASSED] - click(findTestObject("Page_AFE  GRiD/label_Unreal")): Object: 'Object Repository/Page_AFE  GRiD/label_Unreal' is clicked on

2020-09-25 14:57:56 - [MESSAGE][PASSED] - Object: 'Object Repository/Page_AFE  GRiD/label_Unreal' is clicked on

2020-09-25 14:57:56 - [TEST_STEP][PASSED] - click(findTestObject("Page_AFE  GRiD/label_OpenFlight")): Object: 'Object Repository/Page_AFE  GRiD/label_OpenFlight' is clicked on

2020-09-25 14:57:57 - [MESSAGE][PASSED] - Object: 'Object Repository/Page_AFE  GRiD/label_OpenFlight' is clicked on

2020-09-25 14:57:57 - [TEST_STEP][PASSED] - click(findTestObject("Page_AFE  GRiD/div_Cancel    Generate")): Object: 'Object Repository/Page_AFE  GRiD/div_Cancel    Generate' is clicked on

2020-09-25 14:58:05 - [MESSAGE][PASSED] - Object: 'Object Repository/Page_AFE  GRiD/div_Cancel    Generate' is clicked on]]></system-out>
         <system-err><![CDATA[]]></system-err>
      </testcase>
      <testcase name="Test Cases/AFE Recorded Script SRI/PSU" time="18.244" classname="Test Cases/AFE Recorded Script SRI/PSU" status="PASSED">
         <system-out><![CDATA[2020-09-25 14:58:05 - [TEST_CASE][PASSED] - Test Cases/AFE Recorded Script SRI/PSU: Test Cases/AFE Recorded Script SRI/PSU

2020-09-25 14:58:05 - [TEST_STEP][PASSED] - click(findTestObject("Page_AFE  GRiD/a_Export pointcloud data")): Object: 'Object Repository/Page_AFE  GRiD/a_Export pointcloud data' is clicked on

2020-09-25 14:58:10 - [MESSAGE][PASSED] - Object: 'Object Repository/Page_AFE  GRiD/a_Export pointcloud data' is clicked on

2020-09-25 14:58:10 - [TEST_STEP][PASSED] - click(findTestObject("Page_AFE  GRiD/div_PC 20190623_18T577450 UNCLASSIFIEDFOUO _33ce5f")): Object: 'Object Repository/Page_AFE  GRiD/div_PC 20190623_18T577450 UNCLASSIFIEDFOUO _33ce5f' is clicked on

2020-09-25 14:58:11 - [MESSAGE][PASSED] - Object: 'Object Repository/Page_AFE  GRiD/div_PC 20190623_18T577450 UNCLASSIFIEDFOUO _33ce5f' is clicked on

2020-09-25 14:58:11 - [TEST_STEP][PASSED] - setText(findTestObject("Page_AFE  GRiD/input_Display Name_name"), "PSU"): Text 'PSU' is set on object 'Object Repository/Page_AFE  GRiD/input_Display Name_name'

2020-09-25 14:58:12 - [MESSAGE][PASSED] - Text 'PSU' is set on object 'Object Repository/Page_AFE  GRiD/input_Display Name_name'

2020-09-25 14:58:12 - [TEST_STEP][PASSED] - click(findTestObject("Page_AFE  GRiD/Filter Drop-down")): Object: 'Object Repository/Page_AFE  GRiD/Filter Drop-down' is clicked on

2020-09-25 14:58:12 - [MESSAGE][PASSED] - Object: 'Object Repository/Page_AFE  GRiD/Filter Drop-down' is clicked on

2020-09-25 14:58:12 - [TEST_STEP][PASSED] - Thread.sleep(2000): null

2020-09-25 14:58:14 - [TEST_STEP][PASSED] - click(findTestObject("Page_AFE  GRiD/input_Feature Extraction_filter_afe")): Object: 'Object Repository/Page_AFE  GRiD/input_Feature Extraction_filter_afe' is clicked on

2020-09-25 14:58:14 - [MESSAGE][PASSED] - Object: 'Object Repository/Page_AFE  GRiD/input_Feature Extraction_filter_afe' is clicked on

2020-09-25 14:58:14 - [TEST_STEP][PASSED] - selectOptionByValue(findTestObject("Page_AFE  GRiD/select_TexPert 315-1  PSU 170  SRI 15"), "psu_1.7.0;", true): All options with value 'psu_1.7.0;' are selected in object 'Object Repository/Page_AFE  GRiD/select_TexPert 315-1  PSU 170  SRI 15'  using regular expression

2020-09-25 14:58:15 - [MESSAGE][PASSED] - All options with value 'psu_1.7.0;' are selected in object 'Object Repository/Page_AFE  GRiD/select_TexPert 315-1  PSU 170  SRI 15'  using regular expression

2020-09-25 14:58:15 - [TEST_STEP][PASSED] - click(findTestObject("Page_AFE  GRiD/div_Cancel    Generate")): Object: 'Object Repository/Page_AFE  GRiD/div_Cancel    Generate' is clicked on

2020-09-25 14:58:23 - [MESSAGE][PASSED] - Object: 'Object Repository/Page_AFE  GRiD/div_Cancel    Generate' is clicked on]]></system-out>
         <system-err><![CDATA[]]></system-err>
      </testcase>
      <testcase name="Test Cases/AFE Recorded Script SRI/PSU - CDB" time="23.223" classname="Test Cases/AFE Recorded Script SRI/PSU - CDB" status="PASSED">
         <system-out><![CDATA[2020-09-25 14:58:24 - [TEST_CASE][PASSED] - Test Cases/AFE Recorded Script SRI/PSU - CDB: Test Cases/AFE Recorded Script SRI/PSU - CDB

2020-09-25 14:58:24 - [TEST_STEP][PASSED] - click(findTestObject("Page_AFE  GRiD/a_Export pointcloud data")): Object: 'Object Repository/Page_AFE  GRiD/a_Export pointcloud data' is clicked on

2020-09-25 14:58:30 - [MESSAGE][PASSED] - Object: 'Object Repository/Page_AFE  GRiD/a_Export pointcloud data' is clicked on

2020-09-25 14:58:30 - [TEST_STEP][PASSED] - click(findTestObject("Page_AFE  GRiD/div_PC 20190623_18T577450 UNCLASSIFIEDFOUO _33ce5f")): Object: 'Object Repository/Page_AFE  GRiD/div_PC 20190623_18T577450 UNCLASSIFIEDFOUO _33ce5f' is clicked on

2020-09-25 14:58:31 - [MESSAGE][PASSED] - Object: 'Object Repository/Page_AFE  GRiD/div_PC 20190623_18T577450 UNCLASSIFIEDFOUO _33ce5f' is clicked on

2020-09-25 14:58:31 - [TEST_STEP][PASSED] - setText(findTestObject("Page_AFE  GRiD/input_Display Name_name"), "PSU - CDB"): Text 'PSU - CDB' is set on object 'Object Repository/Page_AFE  GRiD/input_Display Name_name'

2020-09-25 14:58:32 - [MESSAGE][PASSED] - Text 'PSU - CDB' is set on object 'Object Repository/Page_AFE  GRiD/input_Display Name_name'

2020-09-25 14:58:32 - [TEST_STEP][PASSED] - click(findTestObject("Page_AFE  GRiD/Filter Drop-down")): Object: 'Object Repository/Page_AFE  GRiD/Filter Drop-down' is clicked on

2020-09-25 14:58:32 - [MESSAGE][PASSED] - Object: 'Object Repository/Page_AFE  GRiD/Filter Drop-down' is clicked on

2020-09-25 14:58:32 - [TEST_STEP][PASSED] - Thread.sleep(2000): null

2020-09-25 14:58:34 - [TEST_STEP][PASSED] - click(findTestObject("Page_AFE  GRiD/input_Feature Extraction_filter_afe")): Object: 'Object Repository/Page_AFE  GRiD/input_Feature Extraction_filter_afe' is clicked on

2020-09-25 14:58:34 - [MESSAGE][PASSED] - Object: 'Object Repository/Page_AFE  GRiD/input_Feature Extraction_filter_afe' is clicked on

2020-09-25 14:58:34 - [TEST_STEP][PASSED] - selectOptionByValue(findTestObject("Page_AFE  GRiD/select_TexPert 315-1  PSU 170  SRI 15"), "psu_1.7.0;", true): All options with value 'psu_1.7.0;' are selected in object 'Object Repository/Page_AFE  GRiD/select_TexPert 315-1  PSU 170  SRI 15'  using regular expression

2020-09-25 14:58:35 - [MESSAGE][PASSED] - All options with value 'psu_1.7.0;' are selected in object 'Object Repository/Page_AFE  GRiD/select_TexPert 315-1  PSU 170  SRI 15'  using regular expression

2020-09-25 14:58:35 - [TEST_STEP][PASSED] - Thread.sleep(2000): null

2020-09-25 14:58:37 - [TEST_STEP][PASSED] - scrollToElement(findTestObject("Page_AFE  GRiD/label_CDB"), 0): Scroll to object 'Object Repository/Page_AFE  GRiD/label_CDB' successfully

2020-09-25 14:58:37 - [MESSAGE][WARNING] - Timeout '0' is invalid. Using default page load timeout: '30'

2020-09-25 14:58:38 - [MESSAGE][PASSED] - Scroll to object 'Object Repository/Page_AFE  GRiD/label_CDB' successfully

2020-09-25 14:58:38 - [TEST_STEP][PASSED] - click(findTestObject("Page_AFE  GRiD/label_CDB")): Object: 'Object Repository/Page_AFE  GRiD/label_CDB' is clicked on

2020-09-25 14:58:38 - [MESSAGE][PASSED] - Object: 'Object Repository/Page_AFE  GRiD/label_CDB' is clicked on

2020-09-25 14:58:38 - [TEST_STEP][PASSED] - click(findTestObject("Page_AFE  GRiD/div_Cancel    Generate")): Object: 'Object Repository/Page_AFE  GRiD/div_Cancel    Generate' is clicked on

2020-09-25 14:58:47 - [MESSAGE][PASSED] - Object: 'Object Repository/Page_AFE  GRiD/div_Cancel    Generate' is clicked on]]></system-out>
         <system-err><![CDATA[]]></system-err>
      </testcase>
      <testcase name="Test Cases/AFE Recorded Script SRI/PSU - VBS3" time="21.024" classname="Test Cases/AFE Recorded Script SRI/PSU - VBS3" status="PASSED">
         <system-out><![CDATA[2020-09-25 14:58:47 - [TEST_CASE][PASSED] - Test Cases/AFE Recorded Script SRI/PSU - VBS3: Test Cases/AFE Recorded Script SRI/PSU - VBS3

2020-09-25 14:58:47 - [TEST_STEP][PASSED] - click(findTestObject("Page_AFE  GRiD/a_Export pointcloud data")): Object: 'Object Repository/Page_AFE  GRiD/a_Export pointcloud data' is clicked on

2020-09-25 14:58:52 - [MESSAGE][PASSED] - Object: 'Object Repository/Page_AFE  GRiD/a_Export pointcloud data' is clicked on

2020-09-25 14:58:52 - [TEST_STEP][PASSED] - click(findTestObject("Page_AFE  GRiD/div_PC 20190623_18T577450 UNCLASSIFIEDFOUO _33ce5f")): Object: 'Object Repository/Page_AFE  GRiD/div_PC 20190623_18T577450 UNCLASSIFIEDFOUO _33ce5f' is clicked on

2020-09-25 14:58:52 - [MESSAGE][PASSED] - Object: 'Object Repository/Page_AFE  GRiD/div_PC 20190623_18T577450 UNCLASSIFIEDFOUO _33ce5f' is clicked on

2020-09-25 14:58:52 - [TEST_STEP][PASSED] - setText(findTestObject("Page_AFE  GRiD/input_Display Name_name"), "PSU- VBS3"): Text 'PSU- VBS3' is set on object 'Object Repository/Page_AFE  GRiD/input_Display Name_name'

2020-09-25 14:58:53 - [MESSAGE][PASSED] - Text 'PSU- VBS3' is set on object 'Object Repository/Page_AFE  GRiD/input_Display Name_name'

2020-09-25 14:58:53 - [TEST_STEP][PASSED] - click(findTestObject("Page_AFE  GRiD/Filter Drop-down")): Object: 'Object Repository/Page_AFE  GRiD/Filter Drop-down' is clicked on

2020-09-25 14:58:54 - [MESSAGE][PASSED] - Object: 'Object Repository/Page_AFE  GRiD/Filter Drop-down' is clicked on

2020-09-25 14:58:54 - [TEST_STEP][PASSED] - Thread.sleep(2000): null

2020-09-25 14:58:56 - [TEST_STEP][PASSED] - click(findTestObject("Page_AFE  GRiD/input_Feature Extraction_filter_afe")): Object: 'Object Repository/Page_AFE  GRiD/input_Feature Extraction_filter_afe' is clicked on

2020-09-25 14:58:56 - [MESSAGE][PASSED] - Object: 'Object Repository/Page_AFE  GRiD/input_Feature Extraction_filter_afe' is clicked on

2020-09-25 14:58:56 - [TEST_STEP][PASSED] - selectOptionByValue(findTestObject("Page_AFE  GRiD/select_TexPert 315-1  PSU 170  SRI 15"), "psu_1.7.0;", true): All options with value 'psu_1.7.0;' are selected in object 'Object Repository/Page_AFE  GRiD/select_TexPert 315-1  PSU 170  SRI 15'  using regular expression

2020-09-25 14:58:57 - [MESSAGE][PASSED] - All options with value 'psu_1.7.0;' are selected in object 'Object Repository/Page_AFE  GRiD/select_TexPert 315-1  PSU 170  SRI 15'  using regular expression

2020-09-25 14:58:57 - [TEST_STEP][PASSED] - Thread.sleep(2000): null

2020-09-25 14:58:59 - [TEST_STEP][PASSED] - scrollToElement(findTestObject("Page_AFE  GRiD/label_VBS3"), 0): Scroll to object 'Object Repository/Page_AFE  GRiD/label_VBS3' successfully

2020-09-25 14:58:59 - [MESSAGE][WARNING] - Timeout '0' is invalid. Using default page load timeout: '30'

2020-09-25 14:58:59 - [MESSAGE][PASSED] - Scroll to object 'Object Repository/Page_AFE  GRiD/label_VBS3' successfully

2020-09-25 14:58:59 - [TEST_STEP][PASSED] - click(findTestObject("Page_AFE  GRiD/label_VBS3")): Object: 'Object Repository/Page_AFE  GRiD/label_VBS3' is clicked on

2020-09-25 14:59:00 - [MESSAGE][PASSED] - Object: 'Object Repository/Page_AFE  GRiD/label_VBS3' is clicked on

2020-09-25 14:59:00 - [TEST_STEP][PASSED] - click(findTestObject("Page_AFE  GRiD/div_Cancel    Generate")): Object: 'Object Repository/Page_AFE  GRiD/div_Cancel    Generate' is clicked on

2020-09-25 14:59:08 - [MESSAGE][PASSED] - Object: 'Object Repository/Page_AFE  GRiD/div_Cancel    Generate' is clicked on]]></system-out>
         <system-err><![CDATA[]]></system-err>
      </testcase>
      <testcase name="Test Cases/AFE Recorded Script SRI/PSU - Unity" time="22.163" classname="Test Cases/AFE Recorded Script SRI/PSU - Unity" status="PASSED">
         <system-out><![CDATA[2020-09-25 14:59:08 - [TEST_CASE][PASSED] - Test Cases/AFE Recorded Script SRI/PSU - Unity: Test Cases/AFE Recorded Script SRI/PSU - Unity

2020-09-25 14:59:08 - [TEST_STEP][PASSED] - click(findTestObject("Page_AFE  GRiD/a_Export pointcloud data")): Object: 'Object Repository/Page_AFE  GRiD/a_Export pointcloud data' is clicked on

2020-09-25 14:59:13 - [MESSAGE][PASSED] - Object: 'Object Repository/Page_AFE  GRiD/a_Export pointcloud data' is clicked on

2020-09-25 14:59:13 - [TEST_STEP][PASSED] - click(findTestObject("Page_AFE  GRiD/div_PC 20190623_18T577450 UNCLASSIFIEDFOUO _33ce5f")): Object: 'Object Repository/Page_AFE  GRiD/div_PC 20190623_18T577450 UNCLASSIFIEDFOUO _33ce5f' is clicked on

2020-09-25 14:59:14 - [MESSAGE][PASSED] - Object: 'Object Repository/Page_AFE  GRiD/div_PC 20190623_18T577450 UNCLASSIFIEDFOUO _33ce5f' is clicked on

2020-09-25 14:59:14 - [TEST_STEP][PASSED] - setText(findTestObject("Page_AFE  GRiD/input_Display Name_name"), "PSU - Unity"): Text 'PSU - Unity' is set on object 'Object Repository/Page_AFE  GRiD/input_Display Name_name'

2020-09-25 14:59:15 - [MESSAGE][PASSED] - Text 'PSU - Unity' is set on object 'Object Repository/Page_AFE  GRiD/input_Display Name_name'

2020-09-25 14:59:15 - [TEST_STEP][PASSED] - click(findTestObject("Page_AFE  GRiD/Filter Drop-down")): Object: 'Object Repository/Page_AFE  GRiD/Filter Drop-down' is clicked on

2020-09-25 14:59:15 - [MESSAGE][PASSED] - Object: 'Object Repository/Page_AFE  GRiD/Filter Drop-down' is clicked on

2020-09-25 14:59:15 - [TEST_STEP][PASSED] - Thread.sleep(2000): null

2020-09-25 14:59:17 - [TEST_STEP][PASSED] - click(findTestObject("Page_AFE  GRiD/input_Feature Extraction_filter_afe")): Object: 'Object Repository/Page_AFE  GRiD/input_Feature Extraction_filter_afe' is clicked on

2020-09-25 14:59:18 - [MESSAGE][PASSED] - Object: 'Object Repository/Page_AFE  GRiD/input_Feature Extraction_filter_afe' is clicked on

2020-09-25 14:59:18 - [TEST_STEP][PASSED] - selectOptionByValue(findTestObject("Page_AFE  GRiD/select_TexPert 315-1  PSU 170  SRI 15"), "psu_1.7.0;", true): All options with value 'psu_1.7.0;' are selected in object 'Object Repository/Page_AFE  GRiD/select_TexPert 315-1  PSU 170  SRI 15'  using regular expression

2020-09-25 14:59:19 - [MESSAGE][PASSED] - All options with value 'psu_1.7.0;' are selected in object 'Object Repository/Page_AFE  GRiD/select_TexPert 315-1  PSU 170  SRI 15'  using regular expression

2020-09-25 14:59:19 - [TEST_STEP][PASSED] - Thread.sleep(2000): null

2020-09-25 14:59:21 - [TEST_STEP][PASSED] - scrollToElement(findTestObject("Page_AFE  GRiD/label_Unity"), 0): Scroll to object 'Object Repository/Page_AFE  GRiD/label_Unity' successfully

2020-09-25 14:59:21 - [MESSAGE][WARNING] - Timeout '0' is invalid. Using default page load timeout: '30'

2020-09-25 14:59:21 - [MESSAGE][PASSED] - Scroll to object 'Object Repository/Page_AFE  GRiD/label_Unity' successfully

2020-09-25 14:59:21 - [TEST_STEP][PASSED] - click(findTestObject("Page_AFE  GRiD/label_Unity")): Object: 'Object Repository/Page_AFE  GRiD/label_Unity' is clicked on

2020-09-25 14:59:21 - [MESSAGE][PASSED] - Object: 'Object Repository/Page_AFE  GRiD/label_Unity' is clicked on

2020-09-25 14:59:21 - [TEST_STEP][PASSED] - click(findTestObject("Page_AFE  GRiD/div_Cancel    Generate")): Object: 'Object Repository/Page_AFE  GRiD/div_Cancel    Generate' is clicked on

2020-09-25 14:59:30 - [MESSAGE][PASSED] - Object: 'Object Repository/Page_AFE  GRiD/div_Cancel    Generate' is clicked on]]></system-out>
         <system-err><![CDATA[]]></system-err>
      </testcase>
      <testcase name="Test Cases/AFE Recorded Script SRI/PSU - Unreal" time="22.65" classname="Test Cases/AFE Recorded Script SRI/PSU - Unreal" status="PASSED">
         <system-out><![CDATA[2020-09-25 14:59:30 - [TEST_CASE][PASSED] - Test Cases/AFE Recorded Script SRI/PSU - Unreal: Test Cases/AFE Recorded Script SRI/PSU - Unreal

2020-09-25 14:59:30 - [TEST_STEP][PASSED] - click(findTestObject("Page_AFE  GRiD/a_Export pointcloud data")): Object: 'Object Repository/Page_AFE  GRiD/a_Export pointcloud data' is clicked on

2020-09-25 14:59:36 - [MESSAGE][PASSED] - Object: 'Object Repository/Page_AFE  GRiD/a_Export pointcloud data' is clicked on

2020-09-25 14:59:36 - [TEST_STEP][PASSED] - click(findTestObject("Object Repository/Page_AFE  GRiD/span_20190623_18T577450")): Object: 'Object Repository/Page_AFE  GRiD/span_20190623_18T577450' is clicked on

2020-09-25 14:59:36 - [MESSAGE][PASSED] - Object: 'Object Repository/Page_AFE  GRiD/span_20190623_18T577450' is clicked on

2020-09-25 14:59:36 - [TEST_STEP][PASSED] - setText(findTestObject("Page_AFE  GRiD/input_Display Name_name"), "PSU - Unreal"): Text 'PSU - Unreal' is set on object 'Object Repository/Page_AFE  GRiD/input_Display Name_name'

2020-09-25 14:59:37 - [MESSAGE][PASSED] - Text 'PSU - Unreal' is set on object 'Object Repository/Page_AFE  GRiD/input_Display Name_name'

2020-09-25 14:59:37 - [TEST_STEP][PASSED] - click(findTestObject("Page_AFE  GRiD/Filter Drop-down")): Object: 'Object Repository/Page_AFE  GRiD/Filter Drop-down' is clicked on

2020-09-25 14:59:38 - [MESSAGE][PASSED] - Object: 'Object Repository/Page_AFE  GRiD/Filter Drop-down' is clicked on

2020-09-25 14:59:38 - [TEST_STEP][PASSED] - Thread.sleep(2000): null

2020-09-25 14:59:40 - [TEST_STEP][PASSED] - click(findTestObject("Page_AFE  GRiD/input_Feature Extraction_filter_afe")): Object: 'Object Repository/Page_AFE  GRiD/input_Feature Extraction_filter_afe' is clicked on

2020-09-25 14:59:40 - [MESSAGE][PASSED] - Object: 'Object Repository/Page_AFE  GRiD/input_Feature Extraction_filter_afe' is clicked on

2020-09-25 14:59:40 - [TEST_STEP][PASSED] - selectOptionByValue(findTestObject("Page_AFE  GRiD/select_TexPert 315-1  PSU 170  SRI 15"), "psu_1.7.0;", true): All options with value 'psu_1.7.0;' are selected in object 'Object Repository/Page_AFE  GRiD/select_TexPert 315-1  PSU 170  SRI 15'  using regular expression

2020-09-25 14:59:41 - [MESSAGE][PASSED] - All options with value 'psu_1.7.0;' are selected in object 'Object Repository/Page_AFE  GRiD/select_TexPert 315-1  PSU 170  SRI 15'  using regular expression

2020-09-25 14:59:41 - [TEST_STEP][PASSED] - Thread.sleep(2000): null

2020-09-25 14:59:43 - [TEST_STEP][PASSED] - scrollToElement(findTestObject("Page_AFE  GRiD/label_Unreal"), 0): Scroll to object 'Object Repository/Page_AFE  GRiD/label_Unreal' successfully

2020-09-25 14:59:43 - [MESSAGE][WARNING] - Timeout '0' is invalid. Using default page load timeout: '30'

2020-09-25 14:59:43 - [MESSAGE][PASSED] - Scroll to object 'Object Repository/Page_AFE  GRiD/label_Unreal' successfully

2020-09-25 14:59:43 - [TEST_STEP][PASSED] - click(findTestObject("Page_AFE  GRiD/label_Unreal")): Object: 'Object Repository/Page_AFE  GRiD/label_Unreal' is clicked on

2020-09-25 14:59:44 - [MESSAGE][PASSED] - Object: 'Object Repository/Page_AFE  GRiD/label_Unreal' is clicked on

2020-09-25 14:59:44 - [TEST_STEP][PASSED] - click(findTestObject("Page_AFE  GRiD/div_Cancel    Generate")): Object: 'Object Repository/Page_AFE  GRiD/div_Cancel    Generate' is clicked on

2020-09-25 14:59:53 - [MESSAGE][PASSED] - Object: 'Object Repository/Page_AFE  GRiD/div_Cancel    Generate' is clicked on]]></system-out>
         <system-err><![CDATA[]]></system-err>
      </testcase>
      <testcase name="Test Cases/AFE Recorded Script SRI/PSU - OpenFlight" time="24.196" classname="Test Cases/AFE Recorded Script SRI/PSU - OpenFlight" status="PASSED">
         <system-out><![CDATA[2020-09-25 14:59:53 - [TEST_CASE][PASSED] - Test Cases/AFE Recorded Script SRI/PSU - OpenFlight: Test Cases/AFE Recorded Script SRI/PSU - OpenFlight

2020-09-25 14:59:53 - [TEST_STEP][PASSED] - click(findTestObject("Page_AFE  GRiD/a_Export pointcloud data")): Object: 'Object Repository/Page_AFE  GRiD/a_Export pointcloud data' is clicked on

2020-09-25 14:59:58 - [MESSAGE][PASSED] - Object: 'Object Repository/Page_AFE  GRiD/a_Export pointcloud data' is clicked on

2020-09-25 14:59:58 - [TEST_STEP][PASSED] - click(findTestObject("Object Repository/Page_AFE  GRiD/span_20190623_18T577450")): Object: 'Object Repository/Page_AFE  GRiD/span_20190623_18T577450' is clicked on

2020-09-25 14:59:58 - [MESSAGE][PASSED] - Object: 'Object Repository/Page_AFE  GRiD/span_20190623_18T577450' is clicked on

2020-09-25 14:59:58 - [TEST_STEP][PASSED] - setText(findTestObject("Page_AFE  GRiD/input_Display Name_name"), "PSU - OpenFlight"): Text 'PSU - OpenFlight' is set on object 'Object Repository/Page_AFE  GRiD/input_Display Name_name'

2020-09-25 14:59:59 - [MESSAGE][PASSED] - Text 'PSU - OpenFlight' is set on object 'Object Repository/Page_AFE  GRiD/input_Display Name_name'

2020-09-25 14:59:59 - [TEST_STEP][PASSED] - click(findTestObject("Page_AFE  GRiD/Filter Drop-down")): Object: 'Object Repository/Page_AFE  GRiD/Filter Drop-down' is clicked on

2020-09-25 15:00:00 - [MESSAGE][PASSED] - Object: 'Object Repository/Page_AFE  GRiD/Filter Drop-down' is clicked on

2020-09-25 15:00:00 - [TEST_STEP][PASSED] - Thread.sleep(2000): null

2020-09-25 15:00:02 - [TEST_STEP][PASSED] - click(findTestObject("Page_AFE  GRiD/input_Feature Extraction_filter_afe")): Object: 'Object Repository/Page_AFE  GRiD/input_Feature Extraction_filter_afe' is clicked on

2020-09-25 15:00:02 - [MESSAGE][PASSED] - Object: 'Object Repository/Page_AFE  GRiD/input_Feature Extraction_filter_afe' is clicked on

2020-09-25 15:00:02 - [TEST_STEP][PASSED] - selectOptionByValue(findTestObject("Page_AFE  GRiD/select_TexPert 315-1  PSU 170  SRI 15"), "psu_1.7.0;", true): All options with value 'psu_1.7.0;' are selected in object 'Object Repository/Page_AFE  GRiD/select_TexPert 315-1  PSU 170  SRI 15'  using regular expression

2020-09-25 15:00:03 - [MESSAGE][PASSED] - All options with value 'psu_1.7.0;' are selected in object 'Object Repository/Page_AFE  GRiD/select_TexPert 315-1  PSU 170  SRI 15'  using regular expression

2020-09-25 15:00:03 - [TEST_STEP][PASSED] - Thread.sleep(2000): null

2020-09-25 15:00:05 - [TEST_STEP][PASSED] - scrollToElement(findTestObject("Page_AFE  GRiD/label_OpenFlight"), 0): Scroll to object 'Object Repository/Page_AFE  GRiD/label_OpenFlight' successfully

2020-09-25 15:00:05 - [MESSAGE][WARNING] - Timeout '0' is invalid. Using default page load timeout: '30'

2020-09-25 15:00:05 - [MESSAGE][PASSED] - Scroll to object 'Object Repository/Page_AFE  GRiD/label_OpenFlight' successfully

2020-09-25 15:00:05 - [TEST_STEP][PASSED] - click(findTestObject("Page_AFE  GRiD/label_OpenFlight")): Object: 'Object Repository/Page_AFE  GRiD/label_OpenFlight' is clicked on

2020-09-25 15:00:06 - [MESSAGE][PASSED] - Object: 'Object Repository/Page_AFE  GRiD/label_OpenFlight' is clicked on

2020-09-25 15:00:06 - [TEST_STEP][PASSED] - click(findTestObject("Page_AFE  GRiD/div_Cancel    Generate")): Object: 'Object Repository/Page_AFE  GRiD/div_Cancel    Generate' is clicked on

2020-09-25 15:00:17 - [MESSAGE][PASSED] - Object: 'Object Repository/Page_AFE  GRiD/div_Cancel    Generate' is clicked on]]></system-out>
         <system-err><![CDATA[]]></system-err>
      </testcase>
      <testcase name="Test Cases/AFE Recorded Script SRI/PSU - All" time="22.757" classname="Test Cases/AFE Recorded Script SRI/PSU - All" status="PASSED">
         <system-out><![CDATA[2020-09-25 15:00:17 - [TEST_CASE][PASSED] - Test Cases/AFE Recorded Script SRI/PSU - All: Test Cases/AFE Recorded Script SRI/PSU - All

2020-09-25 15:00:17 - [TEST_STEP][PASSED] - click(findTestObject("Page_AFE  GRiD/a_Export pointcloud data")): Object: 'Object Repository/Page_AFE  GRiD/a_Export pointcloud data' is clicked on

2020-09-25 15:00:22 - [MESSAGE][PASSED] - Object: 'Object Repository/Page_AFE  GRiD/a_Export pointcloud data' is clicked on

2020-09-25 15:00:22 - [TEST_STEP][PASSED] - click(findTestObject("Page_AFE  GRiD/div_PC 20190623_18T577450 UNCLASSIFIEDFOUO _33ce5f")): Object: 'Object Repository/Page_AFE  GRiD/div_PC 20190623_18T577450 UNCLASSIFIEDFOUO _33ce5f' is clicked on

2020-09-25 15:00:22 - [MESSAGE][PASSED] - Object: 'Object Repository/Page_AFE  GRiD/div_PC 20190623_18T577450 UNCLASSIFIEDFOUO _33ce5f' is clicked on

2020-09-25 15:00:22 - [TEST_STEP][PASSED] - setText(findTestObject("Page_AFE  GRiD/input_Display Name_name"), "PSU - ALL"): Text 'PSU - ALL' is set on object 'Object Repository/Page_AFE  GRiD/input_Display Name_name'

2020-09-25 15:00:23 - [MESSAGE][PASSED] - Text 'PSU - ALL' is set on object 'Object Repository/Page_AFE  GRiD/input_Display Name_name'

2020-09-25 15:00:23 - [TEST_STEP][PASSED] - click(findTestObject("Page_AFE  GRiD/Filter Drop-down")): Object: 'Object Repository/Page_AFE  GRiD/Filter Drop-down' is clicked on

2020-09-25 15:00:23 - [MESSAGE][PASSED] - Object: 'Object Repository/Page_AFE  GRiD/Filter Drop-down' is clicked on

2020-09-25 15:00:23 - [TEST_STEP][PASSED] - Thread.sleep(2000): null

2020-09-25 15:00:25 - [TEST_STEP][PASSED] - click(findTestObject("Page_AFE  GRiD/input_Feature Extraction_filter_afe")): Object: 'Object Repository/Page_AFE  GRiD/input_Feature Extraction_filter_afe' is clicked on

2020-09-25 15:00:26 - [MESSAGE][PASSED] - Object: 'Object Repository/Page_AFE  GRiD/input_Feature Extraction_filter_afe' is clicked on

2020-09-25 15:00:26 - [TEST_STEP][PASSED] - selectOptionByValue(findTestObject("Page_AFE  GRiD/select_TexPert 315-1  PSU 170  SRI 15"), "psu_1.7.0;", true): All options with value 'psu_1.7.0;' are selected in object 'Object Repository/Page_AFE  GRiD/select_TexPert 315-1  PSU 170  SRI 15'  using regular expression

2020-09-25 15:00:27 - [MESSAGE][PASSED] - All options with value 'psu_1.7.0;' are selected in object 'Object Repository/Page_AFE  GRiD/select_TexPert 315-1  PSU 170  SRI 15'  using regular expression

2020-09-25 15:00:27 - [TEST_STEP][PASSED] - Thread.sleep(2000): null

2020-09-25 15:00:29 - [TEST_STEP][PASSED] - scrollToElement(findTestObject("Page_AFE  GRiD/label_Unreal"), 0): Scroll to object 'Object Repository/Page_AFE  GRiD/label_Unreal' successfully

2020-09-25 15:00:29 - [MESSAGE][WARNING] - Timeout '0' is invalid. Using default page load timeout: '30'

2020-09-25 15:00:29 - [MESSAGE][PASSED] - Scroll to object 'Object Repository/Page_AFE  GRiD/label_Unreal' successfully

2020-09-25 15:00:29 - [TEST_STEP][PASSED] - click(findTestObject("Page_AFE  GRiD/label_CDB")): Object: 'Object Repository/Page_AFE  GRiD/label_CDB' is clicked on

2020-09-25 15:00:29 - [MESSAGE][PASSED] - Object: 'Object Repository/Page_AFE  GRiD/label_CDB' is clicked on

2020-09-25 15:00:29 - [TEST_STEP][PASSED] - click(findTestObject("Page_AFE  GRiD/label_Unity")): Object: 'Object Repository/Page_AFE  GRiD/label_Unity' is clicked on

2020-09-25 15:00:30 - [MESSAGE][PASSED] - Object: 'Object Repository/Page_AFE  GRiD/label_Unity' is clicked on

2020-09-25 15:00:30 - [TEST_STEP][PASSED] - click(findTestObject("Page_AFE  GRiD/label_Unreal")): Object: 'Object Repository/Page_AFE  GRiD/label_Unreal' is clicked on

2020-09-25 15:00:30 - [MESSAGE][PASSED] - Object: 'Object Repository/Page_AFE  GRiD/label_Unreal' is clicked on

2020-09-25 15:00:30 - [TEST_STEP][PASSED] - click(findTestObject("Page_AFE  GRiD/label_VBS3")): Object: 'Object Repository/Page_AFE  GRiD/label_VBS3' is clicked on

2020-09-25 15:00:30 - [MESSAGE][PASSED] - Object: 'Object Repository/Page_AFE  GRiD/label_VBS3' is clicked on

2020-09-25 15:00:30 - [TEST_STEP][PASSED] - click(findTestObject("Page_AFE  GRiD/label_OpenFlight")): Object: 'Object Repository/Page_AFE  GRiD/label_OpenFlight' is clicked on

2020-09-25 15:00:31 - [MESSAGE][PASSED] - Object: 'Object Repository/Page_AFE  GRiD/label_OpenFlight' is clicked on

2020-09-25 15:00:31 - [TEST_STEP][PASSED] - click(findTestObject("Page_AFE  GRiD/div_Cancel    Generate")): Object: 'Object Repository/Page_AFE  GRiD/div_Cancel    Generate' is clicked on

2020-09-25 15:00:40 - [MESSAGE][PASSED] - Object: 'Object Repository/Page_AFE  GRiD/div_Cancel    Generate' is clicked on]]></system-out>
         <system-err><![CDATA[]]></system-err>
      </testcase>
      <testcase name="Test Cases/AFE Recorded Script SRI/SRI" time="17.435" classname="Test Cases/AFE Recorded Script SRI/SRI" status="PASSED">
         <system-out><![CDATA[2020-09-25 15:00:40 - [TEST_CASE][PASSED] - Test Cases/AFE Recorded Script SRI/SRI: Test Cases/AFE Recorded Script SRI/SRI

2020-09-25 15:00:40 - [TEST_STEP][PASSED] - click(findTestObject("Page_AFE  GRiD/a_Export pointcloud data")): Object: 'Object Repository/Page_AFE  GRiD/a_Export pointcloud data' is clicked on

2020-09-25 15:00:45 - [MESSAGE][PASSED] - Object: 'Object Repository/Page_AFE  GRiD/a_Export pointcloud data' is clicked on

2020-09-25 15:00:45 - [TEST_STEP][PASSED] - click(findTestObject("Page_AFE  GRiD/div_PC 20190623_18T577450 UNCLASSIFIEDFOUO _33ce5f")): Object: 'Object Repository/Page_AFE  GRiD/div_PC 20190623_18T577450 UNCLASSIFIEDFOUO _33ce5f' is clicked on

2020-09-25 15:00:45 - [MESSAGE][PASSED] - Object: 'Object Repository/Page_AFE  GRiD/div_PC 20190623_18T577450 UNCLASSIFIEDFOUO _33ce5f' is clicked on

2020-09-25 15:00:45 - [TEST_STEP][PASSED] - setText(findTestObject("Page_AFE  GRiD/input_Display Name_name"), "SRI"): Text 'SRI' is set on object 'Object Repository/Page_AFE  GRiD/input_Display Name_name'

2020-09-25 15:00:46 - [MESSAGE][PASSED] - Text 'SRI' is set on object 'Object Repository/Page_AFE  GRiD/input_Display Name_name'

2020-09-25 15:00:46 - [TEST_STEP][PASSED] - click(findTestObject("Page_AFE  GRiD/Filter Drop-down")): Object: 'Object Repository/Page_AFE  GRiD/Filter Drop-down' is clicked on

2020-09-25 15:00:47 - [MESSAGE][PASSED] - Object: 'Object Repository/Page_AFE  GRiD/Filter Drop-down' is clicked on

2020-09-25 15:00:47 - [TEST_STEP][PASSED] - click(findTestObject("Page_AFE  GRiD/input_Feature Extraction_filter_afe")): Object: 'Object Repository/Page_AFE  GRiD/input_Feature Extraction_filter_afe' is clicked on

2020-09-25 15:00:47 - [MESSAGE][PASSED] - Object: 'Object Repository/Page_AFE  GRiD/input_Feature Extraction_filter_afe' is clicked on

2020-09-25 15:00:47 - [TEST_STEP][PASSED] - selectOptionByValue(findTestObject("Page_AFE  GRiD/select_TexPert 315-1  PSU 170  SRI 15"), "sri_1.5;", true): All options with value 'sri_1.5;' are selected in object 'Object Repository/Page_AFE  GRiD/select_TexPert 315-1  PSU 170  SRI 15'  using regular expression

2020-09-25 15:00:48 - [MESSAGE][PASSED] - All options with value 'sri_1.5;' are selected in object 'Object Repository/Page_AFE  GRiD/select_TexPert 315-1  PSU 170  SRI 15'  using regular expression

2020-09-25 15:00:48 - [TEST_STEP][PASSED] - click(findTestObject("Page_AFE  GRiD/div_Cancel    Generate")): Object: 'Object Repository/Page_AFE  GRiD/div_Cancel    Generate' is clicked on

2020-09-25 15:00:57 - [MESSAGE][PASSED] - Object: 'Object Repository/Page_AFE  GRiD/div_Cancel    Generate' is clicked on]]></system-out>
         <system-err><![CDATA[]]></system-err>
      </testcase>
      <testcase name="Test Cases/AFE Recorded Script SRI/SRI - CDB" time="22.867" classname="Test Cases/AFE Recorded Script SRI/SRI - CDB" status="PASSED">
         <system-out><![CDATA[2020-09-25 15:00:57 - [TEST_CASE][PASSED] - Test Cases/AFE Recorded Script SRI/SRI - CDB: Test Cases/AFE Recorded Script SRI/SRI - CDB

2020-09-25 15:00:57 - [TEST_STEP][PASSED] - click(findTestObject("Page_AFE  GRiD/a_Export pointcloud data")): Object: 'Object Repository/Page_AFE  GRiD/a_Export pointcloud data' is clicked on

2020-09-25 15:01:02 - [MESSAGE][PASSED] - Object: 'Object Repository/Page_AFE  GRiD/a_Export pointcloud data' is clicked on

2020-09-25 15:01:02 - [TEST_STEP][PASSED] - click(findTestObject("Page_AFE  GRiD/div_PC 20190623_18T577450 UNCLASSIFIEDFOUO _33ce5f")): Object: 'Object Repository/Page_AFE  GRiD/div_PC 20190623_18T577450 UNCLASSIFIEDFOUO _33ce5f' is clicked on

2020-09-25 15:01:03 - [MESSAGE][PASSED] - Object: 'Object Repository/Page_AFE  GRiD/div_PC 20190623_18T577450 UNCLASSIFIEDFOUO _33ce5f' is clicked on

2020-09-25 15:01:03 - [TEST_STEP][PASSED] - setText(findTestObject("Page_AFE  GRiD/input_Display Name_name"), "SRI - CDB"): Text 'SRI - CDB' is set on object 'Object Repository/Page_AFE  GRiD/input_Display Name_name'

2020-09-25 15:01:04 - [MESSAGE][PASSED] - Text 'SRI - CDB' is set on object 'Object Repository/Page_AFE  GRiD/input_Display Name_name'

2020-09-25 15:01:04 - [TEST_STEP][PASSED] - click(findTestObject("Page_AFE  GRiD/Filter Drop-down")): Object: 'Object Repository/Page_AFE  GRiD/Filter Drop-down' is clicked on

2020-09-25 15:01:04 - [MESSAGE][PASSED] - Object: 'Object Repository/Page_AFE  GRiD/Filter Drop-down' is clicked on

2020-09-25 15:01:04 - [TEST_STEP][PASSED] - Thread.sleep(2000): null

2020-09-25 15:01:06 - [TEST_STEP][PASSED] - click(findTestObject("Page_AFE  GRiD/input_Feature Extraction_filter_afe")): Object: 'Object Repository/Page_AFE  GRiD/input_Feature Extraction_filter_afe' is clicked on

2020-09-25 15:01:06 - [MESSAGE][PASSED] - Object: 'Object Repository/Page_AFE  GRiD/input_Feature Extraction_filter_afe' is clicked on

2020-09-25 15:01:06 - [TEST_STEP][PASSED] - selectOptionByValue(findTestObject("Page_AFE  GRiD/select_TexPert 315-1  PSU 170  SRI 15"), "sri_1.5;", true): All options with value 'sri_1.5;' are selected in object 'Object Repository/Page_AFE  GRiD/select_TexPert 315-1  PSU 170  SRI 15'  using regular expression

2020-09-25 15:01:07 - [MESSAGE][PASSED] - All options with value 'sri_1.5;' are selected in object 'Object Repository/Page_AFE  GRiD/select_TexPert 315-1  PSU 170  SRI 15'  using regular expression

2020-09-25 15:01:07 - [TEST_STEP][PASSED] - Thread.sleep(2000): null

2020-09-25 15:01:09 - [TEST_STEP][PASSED] - scrollToElement(findTestObject("Page_AFE  GRiD/label_CDB"), 0): Scroll to object 'Object Repository/Page_AFE  GRiD/label_CDB' successfully

2020-09-25 15:01:09 - [MESSAGE][WARNING] - Timeout '0' is invalid. Using default page load timeout: '30'

2020-09-25 15:01:10 - [MESSAGE][PASSED] - Scroll to object 'Object Repository/Page_AFE  GRiD/label_CDB' successfully

2020-09-25 15:01:10 - [TEST_STEP][PASSED] - click(findTestObject("Page_AFE  GRiD/label_CDB")): Object: 'Object Repository/Page_AFE  GRiD/label_CDB' is clicked on

2020-09-25 15:01:10 - [MESSAGE][PASSED] - Object: 'Object Repository/Page_AFE  GRiD/label_CDB' is clicked on

2020-09-25 15:01:10 - [TEST_STEP][PASSED] - click(findTestObject("Page_AFE  GRiD/div_Cancel    Generate")): Object: 'Object Repository/Page_AFE  GRiD/div_Cancel    Generate' is clicked on

2020-09-25 15:01:20 - [MESSAGE][PASSED] - Object: 'Object Repository/Page_AFE  GRiD/div_Cancel    Generate' is clicked on]]></system-out>
         <system-err><![CDATA[]]></system-err>
      </testcase>
      <testcase name="Test Cases/AFE Recorded Script SRI/SRI - VBS3" time="22.157" classname="Test Cases/AFE Recorded Script SRI/SRI - VBS3" status="PASSED">
         <system-out><![CDATA[2020-09-25 15:01:20 - [TEST_CASE][PASSED] - Test Cases/AFE Recorded Script SRI/SRI - VBS3: Test Cases/AFE Recorded Script SRI/SRI - VBS3

2020-09-25 15:01:20 - [TEST_STEP][PASSED] - click(findTestObject("Page_AFE  GRiD/a_Export pointcloud data")): Object: 'Object Repository/Page_AFE  GRiD/a_Export pointcloud data' is clicked on

2020-09-25 15:01:25 - [MESSAGE][PASSED] - Object: 'Object Repository/Page_AFE  GRiD/a_Export pointcloud data' is clicked on

2020-09-25 15:01:25 - [TEST_STEP][PASSED] - click(findTestObject("Page_AFE  GRiD/div_PC 20190623_18T577450 UNCLASSIFIEDFOUO _33ce5f")): Object: 'Object Repository/Page_AFE  GRiD/div_PC 20190623_18T577450 UNCLASSIFIEDFOUO _33ce5f' is clicked on

2020-09-25 15:01:25 - [MESSAGE][PASSED] - Object: 'Object Repository/Page_AFE  GRiD/div_PC 20190623_18T577450 UNCLASSIFIEDFOUO _33ce5f' is clicked on

2020-09-25 15:01:25 - [TEST_STEP][PASSED] - setText(findTestObject("Page_AFE  GRiD/input_Display Name_name"), "SRI - VBS3"): Text 'SRI - VBS3' is set on object 'Object Repository/Page_AFE  GRiD/input_Display Name_name'

2020-09-25 15:01:27 - [MESSAGE][PASSED] - Text 'SRI - VBS3' is set on object 'Object Repository/Page_AFE  GRiD/input_Display Name_name'

2020-09-25 15:01:27 - [TEST_STEP][PASSED] - click(findTestObject("Page_AFE  GRiD/Filter Drop-down")): Object: 'Object Repository/Page_AFE  GRiD/Filter Drop-down' is clicked on

2020-09-25 15:01:27 - [MESSAGE][PASSED] - Object: 'Object Repository/Page_AFE  GRiD/Filter Drop-down' is clicked on

2020-09-25 15:01:27 - [TEST_STEP][PASSED] - Thread.sleep(2000): null

2020-09-25 15:01:29 - [TEST_STEP][PASSED] - click(findTestObject("Page_AFE  GRiD/input_Feature Extraction_filter_afe")): Object: 'Object Repository/Page_AFE  GRiD/input_Feature Extraction_filter_afe' is clicked on

2020-09-25 15:01:29 - [MESSAGE][PASSED] - Object: 'Object Repository/Page_AFE  GRiD/input_Feature Extraction_filter_afe' is clicked on

2020-09-25 15:01:29 - [TEST_STEP][PASSED] - selectOptionByValue(findTestObject("Page_AFE  GRiD/select_TexPert 315-1  PSU 170  SRI 15"), "sri_1.5;", true): All options with value 'sri_1.5;' are selected in object 'Object Repository/Page_AFE  GRiD/select_TexPert 315-1  PSU 170  SRI 15'  using regular expression

2020-09-25 15:01:30 - [MESSAGE][PASSED] - All options with value 'sri_1.5;' are selected in object 'Object Repository/Page_AFE  GRiD/select_TexPert 315-1  PSU 170  SRI 15'  using regular expression

2020-09-25 15:01:30 - [TEST_STEP][PASSED] - Thread.sleep(2000): null

2020-09-25 15:01:32 - [TEST_STEP][PASSED] - scrollToElement(findTestObject("Page_AFE  GRiD/label_VBS3"), 0): Scroll to object 'Object Repository/Page_AFE  GRiD/label_VBS3' successfully

2020-09-25 15:01:32 - [MESSAGE][WARNING] - Timeout '0' is invalid. Using default page load timeout: '30'

2020-09-25 15:01:33 - [MESSAGE][PASSED] - Scroll to object 'Object Repository/Page_AFE  GRiD/label_VBS3' successfully

2020-09-25 15:01:33 - [TEST_STEP][PASSED] - click(findTestObject("Page_AFE  GRiD/label_VBS3")): Object: 'Object Repository/Page_AFE  GRiD/label_VBS3' is clicked on

2020-09-25 15:01:33 - [MESSAGE][PASSED] - Object: 'Object Repository/Page_AFE  GRiD/label_VBS3' is clicked on

2020-09-25 15:01:33 - [TEST_STEP][PASSED] - click(findTestObject("Page_AFE  GRiD/div_Cancel    Generate")): Object: 'Object Repository/Page_AFE  GRiD/div_Cancel    Generate' is clicked on

2020-09-25 15:01:42 - [MESSAGE][PASSED] - Object: 'Object Repository/Page_AFE  GRiD/div_Cancel    Generate' is clicked on]]></system-out>
         <system-err><![CDATA[]]></system-err>
      </testcase>
      <testcase name="Test Cases/AFE Recorded Script SRI/SRI- Unity" time="22.59" classname="Test Cases/AFE Recorded Script SRI/SRI- Unity" status="PASSED">
         <system-out><![CDATA[2020-09-25 15:01:42 - [TEST_CASE][PASSED] - Test Cases/AFE Recorded Script SRI/SRI- Unity: Test Cases/AFE Recorded Script SRI/SRI- Unity

2020-09-25 15:01:42 - [TEST_STEP][PASSED] - click(findTestObject("Page_AFE  GRiD/a_Export pointcloud data")): Object: 'Object Repository/Page_AFE  GRiD/a_Export pointcloud data' is clicked on

2020-09-25 15:01:47 - [MESSAGE][PASSED] - Object: 'Object Repository/Page_AFE  GRiD/a_Export pointcloud data' is clicked on

2020-09-25 15:01:47 - [TEST_STEP][PASSED] - click(findTestObject("Page_AFE  GRiD/div_PC 20190623_18T577450 UNCLASSIFIEDFOUO _33ce5f")): Object: 'Object Repository/Page_AFE  GRiD/div_PC 20190623_18T577450 UNCLASSIFIEDFOUO _33ce5f' is clicked on

2020-09-25 15:01:48 - [MESSAGE][PASSED] - Object: 'Object Repository/Page_AFE  GRiD/div_PC 20190623_18T577450 UNCLASSIFIEDFOUO _33ce5f' is clicked on

2020-09-25 15:01:48 - [TEST_STEP][PASSED] - setText(findTestObject("Page_AFE  GRiD/input_Display Name_name"), "SRI- Unity"): Text 'SRI- Unity' is set on object 'Object Repository/Page_AFE  GRiD/input_Display Name_name'

2020-09-25 15:01:49 - [MESSAGE][PASSED] - Text 'SRI- Unity' is set on object 'Object Repository/Page_AFE  GRiD/input_Display Name_name'

2020-09-25 15:01:49 - [TEST_STEP][PASSED] - click(findTestObject("Page_AFE  GRiD/Filter Drop-down")): Object: 'Object Repository/Page_AFE  GRiD/Filter Drop-down' is clicked on

2020-09-25 15:01:49 - [MESSAGE][PASSED] - Object: 'Object Repository/Page_AFE  GRiD/Filter Drop-down' is clicked on

2020-09-25 15:01:49 - [TEST_STEP][PASSED] - Thread.sleep(2000): null

2020-09-25 15:01:51 - [TEST_STEP][PASSED] - click(findTestObject("Page_AFE  GRiD/input_Feature Extraction_filter_afe")): Object: 'Object Repository/Page_AFE  GRiD/input_Feature Extraction_filter_afe' is clicked on

2020-09-25 15:01:51 - [MESSAGE][PASSED] - Object: 'Object Repository/Page_AFE  GRiD/input_Feature Extraction_filter_afe' is clicked on

2020-09-25 15:01:51 - [TEST_STEP][PASSED] - selectOptionByValue(findTestObject("Page_AFE  GRiD/select_TexPert 315-1  PSU 170  SRI 15"), "sri_1.5;", true): All options with value 'sri_1.5;' are selected in object 'Object Repository/Page_AFE  GRiD/select_TexPert 315-1  PSU 170  SRI 15'  using regular expression

2020-09-25 15:01:52 - [MESSAGE][PASSED] - All options with value 'sri_1.5;' are selected in object 'Object Repository/Page_AFE  GRiD/select_TexPert 315-1  PSU 170  SRI 15'  using regular expression

2020-09-25 15:01:52 - [TEST_STEP][PASSED] - Thread.sleep(2000): null

2020-09-25 15:01:54 - [TEST_STEP][PASSED] - scrollToElement(findTestObject("Page_AFE  GRiD/label_Unity"), 0): Scroll to object 'Object Repository/Page_AFE  GRiD/label_Unity' successfully

2020-09-25 15:01:54 - [MESSAGE][WARNING] - Timeout '0' is invalid. Using default page load timeout: '30'

2020-09-25 15:01:55 - [MESSAGE][PASSED] - Scroll to object 'Object Repository/Page_AFE  GRiD/label_Unity' successfully

2020-09-25 15:01:55 - [TEST_STEP][PASSED] - click(findTestObject("Page_AFE  GRiD/label_Unity")): Object: 'Object Repository/Page_AFE  GRiD/label_Unity' is clicked on

2020-09-25 15:01:55 - [MESSAGE][PASSED] - Object: 'Object Repository/Page_AFE  GRiD/label_Unity' is clicked on

2020-09-25 15:01:55 - [TEST_STEP][PASSED] - click(findTestObject("Page_AFE  GRiD/div_Cancel    Generate")): Object: 'Object Repository/Page_AFE  GRiD/div_Cancel    Generate' is clicked on

2020-09-25 15:02:05 - [MESSAGE][PASSED] - Object: 'Object Repository/Page_AFE  GRiD/div_Cancel    Generate' is clicked on]]></system-out>
         <system-err><![CDATA[]]></system-err>
      </testcase>
      <testcase name="Test Cases/AFE Recorded Script SRI/SRI - Unreal" time="24.617" classname="Test Cases/AFE Recorded Script SRI/SRI - Unreal" status="PASSED">
         <system-out><![CDATA[2020-09-25 15:02:05 - [TEST_CASE][PASSED] - Test Cases/AFE Recorded Script SRI/SRI - Unreal: Test Cases/AFE Recorded Script SRI/SRI - Unreal

2020-09-25 15:02:05 - [TEST_STEP][PASSED] - click(findTestObject("Page_AFE  GRiD/a_Export pointcloud data")): Object: 'Object Repository/Page_AFE  GRiD/a_Export pointcloud data' is clicked on

2020-09-25 15:02:11 - [MESSAGE][PASSED] - Object: 'Object Repository/Page_AFE  GRiD/a_Export pointcloud data' is clicked on

2020-09-25 15:02:11 - [TEST_STEP][PASSED] - click(findTestObject("Page_AFE  GRiD/div_PC 20190623_18T577450 UNCLASSIFIEDFOUO _33ce5f")): Object: 'Object Repository/Page_AFE  GRiD/div_PC 20190623_18T577450 UNCLASSIFIEDFOUO _33ce5f' is clicked on

2020-09-25 15:02:11 - [MESSAGE][PASSED] - Object: 'Object Repository/Page_AFE  GRiD/div_PC 20190623_18T577450 UNCLASSIFIEDFOUO _33ce5f' is clicked on

2020-09-25 15:02:11 - [TEST_STEP][PASSED] - setText(findTestObject("Page_AFE  GRiD/input_Display Name_name"), "SRI - Unreal"): Text 'SRI - Unreal' is set on object 'Object Repository/Page_AFE  GRiD/input_Display Name_name'

2020-09-25 15:02:12 - [MESSAGE][PASSED] - Text 'SRI - Unreal' is set on object 'Object Repository/Page_AFE  GRiD/input_Display Name_name'

2020-09-25 15:02:12 - [TEST_STEP][PASSED] - click(findTestObject("Page_AFE  GRiD/Filter Drop-down")): Object: 'Object Repository/Page_AFE  GRiD/Filter Drop-down' is clicked on

2020-09-25 15:02:13 - [MESSAGE][PASSED] - Object: 'Object Repository/Page_AFE  GRiD/Filter Drop-down' is clicked on

2020-09-25 15:02:13 - [TEST_STEP][PASSED] - Thread.sleep(2000): null

2020-09-25 15:02:15 - [TEST_STEP][PASSED] - click(findTestObject("Page_AFE  GRiD/input_Feature Extraction_filter_afe")): Object: 'Object Repository/Page_AFE  GRiD/input_Feature Extraction_filter_afe' is clicked on

2020-09-25 15:02:15 - [MESSAGE][PASSED] - Object: 'Object Repository/Page_AFE  GRiD/input_Feature Extraction_filter_afe' is clicked on

2020-09-25 15:02:15 - [TEST_STEP][PASSED] - selectOptionByValue(findTestObject("Page_AFE  GRiD/select_TexPert 315-1  PSU 170  SRI 15"), "sri_1.5;", true): All options with value 'sri_1.5;' are selected in object 'Object Repository/Page_AFE  GRiD/select_TexPert 315-1  PSU 170  SRI 15'  using regular expression

2020-09-25 15:02:16 - [MESSAGE][PASSED] - All options with value 'sri_1.5;' are selected in object 'Object Repository/Page_AFE  GRiD/select_TexPert 315-1  PSU 170  SRI 15'  using regular expression

2020-09-25 15:02:16 - [TEST_STEP][PASSED] - Thread.sleep(2000): null

2020-09-25 15:02:18 - [TEST_STEP][PASSED] - scrollToElement(findTestObject("Page_AFE  GRiD/label_Unreal"), 0): Scroll to object 'Object Repository/Page_AFE  GRiD/label_Unreal' successfully

2020-09-25 15:02:18 - [MESSAGE][WARNING] - Timeout '0' is invalid. Using default page load timeout: '30'

2020-09-25 15:02:18 - [MESSAGE][PASSED] - Scroll to object 'Object Repository/Page_AFE  GRiD/label_Unreal' successfully

2020-09-25 15:02:18 - [TEST_STEP][PASSED] - click(findTestObject("Page_AFE  GRiD/label_Unreal")): Object: 'Object Repository/Page_AFE  GRiD/label_Unreal' is clicked on

2020-09-25 15:02:19 - [MESSAGE][PASSED] - Object: 'Object Repository/Page_AFE  GRiD/label_Unreal' is clicked on

2020-09-25 15:02:19 - [TEST_STEP][PASSED] - click(findTestObject("Page_AFE  GRiD/div_Cancel    Generate")): Object: 'Object Repository/Page_AFE  GRiD/div_Cancel    Generate' is clicked on

2020-09-25 15:02:29 - [MESSAGE][PASSED] - Object: 'Object Repository/Page_AFE  GRiD/div_Cancel    Generate' is clicked on]]></system-out>
         <system-err><![CDATA[]]></system-err>
      </testcase>
      <testcase name="Test Cases/AFE Recorded Script SRI/SRI - OpenFlight" time="22.28" classname="Test Cases/AFE Recorded Script SRI/SRI - OpenFlight" status="PASSED">
         <system-out><![CDATA[2020-09-25 15:02:29 - [TEST_CASE][PASSED] - Test Cases/AFE Recorded Script SRI/SRI - OpenFlight: Test Cases/AFE Recorded Script SRI/SRI - OpenFlight

2020-09-25 15:02:29 - [TEST_STEP][PASSED] - click(findTestObject("Page_AFE  GRiD/a_Export pointcloud data")): Object: 'Object Repository/Page_AFE  GRiD/a_Export pointcloud data' is clicked on

2020-09-25 15:02:34 - [MESSAGE][PASSED] - Object: 'Object Repository/Page_AFE  GRiD/a_Export pointcloud data' is clicked on

2020-09-25 15:02:34 - [TEST_STEP][PASSED] - click(findTestObject("Page_AFE  GRiD/div_PC 20190623_18T577450 UNCLASSIFIEDFOUO _33ce5f")): Object: 'Object Repository/Page_AFE  GRiD/div_PC 20190623_18T577450 UNCLASSIFIEDFOUO _33ce5f' is clicked on

2020-09-25 15:02:35 - [MESSAGE][PASSED] - Object: 'Object Repository/Page_AFE  GRiD/div_PC 20190623_18T577450 UNCLASSIFIEDFOUO _33ce5f' is clicked on

2020-09-25 15:02:35 - [TEST_STEP][PASSED] - setText(findTestObject("Page_AFE  GRiD/input_Display Name_name"), "SRI - OpenFlight"): Text 'SRI - OpenFlight' is set on object 'Object Repository/Page_AFE  GRiD/input_Display Name_name'

2020-09-25 15:02:36 - [MESSAGE][PASSED] - Text 'SRI - OpenFlight' is set on object 'Object Repository/Page_AFE  GRiD/input_Display Name_name'

2020-09-25 15:02:36 - [TEST_STEP][PASSED] - click(findTestObject("Page_AFE  GRiD/Filter Drop-down")): Object: 'Object Repository/Page_AFE  GRiD/Filter Drop-down' is clicked on

2020-09-25 15:02:36 - [MESSAGE][PASSED] - Object: 'Object Repository/Page_AFE  GRiD/Filter Drop-down' is clicked on

2020-09-25 15:02:36 - [TEST_STEP][PASSED] - Thread.sleep(2000): null

2020-09-25 15:02:38 - [TEST_STEP][PASSED] - click(findTestObject("Page_AFE  GRiD/input_Feature Extraction_filter_afe")): Object: 'Object Repository/Page_AFE  GRiD/input_Feature Extraction_filter_afe' is clicked on

2020-09-25 15:02:38 - [MESSAGE][PASSED] - Object: 'Object Repository/Page_AFE  GRiD/input_Feature Extraction_filter_afe' is clicked on

2020-09-25 15:02:38 - [TEST_STEP][PASSED] - selectOptionByValue(findTestObject("Page_AFE  GRiD/select_TexPert 315-1  PSU 170  SRI 15"), "sri_1.5;", true): All options with value 'sri_1.5;' are selected in object 'Object Repository/Page_AFE  GRiD/select_TexPert 315-1  PSU 170  SRI 15'  using regular expression

2020-09-25 15:02:39 - [MESSAGE][PASSED] - All options with value 'sri_1.5;' are selected in object 'Object Repository/Page_AFE  GRiD/select_TexPert 315-1  PSU 170  SRI 15'  using regular expression

2020-09-25 15:02:39 - [TEST_STEP][PASSED] - Thread.sleep(2000): null

2020-09-25 15:02:41 - [TEST_STEP][PASSED] - scrollToElement(findTestObject("Page_AFE  GRiD/label_OpenFlight"), 0): Scroll to object 'Object Repository/Page_AFE  GRiD/label_OpenFlight' successfully

2020-09-25 15:02:41 - [MESSAGE][WARNING] - Timeout '0' is invalid. Using default page load timeout: '30'

2020-09-25 15:02:42 - [MESSAGE][PASSED] - Scroll to object 'Object Repository/Page_AFE  GRiD/label_OpenFlight' successfully

2020-09-25 15:02:42 - [TEST_STEP][PASSED] - click(findTestObject("Page_AFE  GRiD/label_OpenFlight")): Object: 'Object Repository/Page_AFE  GRiD/label_OpenFlight' is clicked on

2020-09-25 15:02:42 - [MESSAGE][PASSED] - Object: 'Object Repository/Page_AFE  GRiD/label_OpenFlight' is clicked on

2020-09-25 15:02:42 - [TEST_STEP][PASSED] - click(findTestObject("Page_AFE  GRiD/div_Cancel    Generate")): Object: 'Object Repository/Page_AFE  GRiD/div_Cancel    Generate' is clicked on

2020-09-25 15:02:51 - [MESSAGE][PASSED] - Object: 'Object Repository/Page_AFE  GRiD/div_Cancel    Generate' is clicked on]]></system-out>
         <system-err><![CDATA[]]></system-err>
      </testcase>
      <testcase name="Test Cases/AFE Recorded Script SRI/SRI - All" time="22.766" classname="Test Cases/AFE Recorded Script SRI/SRI - All" status="PASSED">
         <system-out><![CDATA[2020-09-25 15:02:52 - [TEST_CASE][PASSED] - Test Cases/AFE Recorded Script SRI/SRI - All: Test Cases/AFE Recorded Script SRI/SRI - All

2020-09-25 15:02:52 - [TEST_STEP][PASSED] - click(findTestObject("Page_AFE  GRiD/a_Export pointcloud data")): Object: 'Object Repository/Page_AFE  GRiD/a_Export pointcloud data' is clicked on

2020-09-25 15:02:57 - [MESSAGE][PASSED] - Object: 'Object Repository/Page_AFE  GRiD/a_Export pointcloud data' is clicked on

2020-09-25 15:02:57 - [TEST_STEP][PASSED] - click(findTestObject("Page_AFE  GRiD/div_PC 20190623_18T577450 UNCLASSIFIEDFOUO _33ce5f")): Object: 'Object Repository/Page_AFE  GRiD/div_PC 20190623_18T577450 UNCLASSIFIEDFOUO _33ce5f' is clicked on

2020-09-25 15:02:58 - [MESSAGE][PASSED] - Object: 'Object Repository/Page_AFE  GRiD/div_PC 20190623_18T577450 UNCLASSIFIEDFOUO _33ce5f' is clicked on

2020-09-25 15:02:58 - [TEST_STEP][PASSED] - setText(findTestObject("Page_AFE  GRiD/input_Display Name_name"), "SRi - ALL"): Text 'SRi - ALL' is set on object 'Object Repository/Page_AFE  GRiD/input_Display Name_name'

2020-09-25 15:02:59 - [MESSAGE][PASSED] - Text 'SRi - ALL' is set on object 'Object Repository/Page_AFE  GRiD/input_Display Name_name'

2020-09-25 15:02:59 - [TEST_STEP][PASSED] - click(findTestObject("Page_AFE  GRiD/Filter Drop-down")): Object: 'Object Repository/Page_AFE  GRiD/Filter Drop-down' is clicked on

2020-09-25 15:02:59 - [MESSAGE][PASSED] - Object: 'Object Repository/Page_AFE  GRiD/Filter Drop-down' is clicked on

2020-09-25 15:02:59 - [TEST_STEP][PASSED] - Thread.sleep(1000): null

2020-09-25 15:03:00 - [TEST_STEP][PASSED] - click(findTestObject("Page_AFE  GRiD/input_Feature Extraction_filter_afe")): Object: 'Object Repository/Page_AFE  GRiD/input_Feature Extraction_filter_afe' is clicked on

2020-09-25 15:03:00 - [MESSAGE][PASSED] - Object: 'Object Repository/Page_AFE  GRiD/input_Feature Extraction_filter_afe' is clicked on

2020-09-25 15:03:00 - [TEST_STEP][PASSED] - selectOptionByValue(findTestObject("Page_AFE  GRiD/select_TexPert 315-1  PSU 170  SRI 15"), "sri_1.5;", true): All options with value 'sri_1.5;' are selected in object 'Object Repository/Page_AFE  GRiD/select_TexPert 315-1  PSU 170  SRI 15'  using regular expression

2020-09-25 15:03:01 - [MESSAGE][PASSED] - All options with value 'sri_1.5;' are selected in object 'Object Repository/Page_AFE  GRiD/select_TexPert 315-1  PSU 170  SRI 15'  using regular expression

2020-09-25 15:03:01 - [TEST_STEP][PASSED] - Thread.sleep(2000): null

2020-09-25 15:03:03 - [TEST_STEP][PASSED] - scrollToElement(findTestObject("Page_AFE  GRiD/label_OpenFlight"), 0): Scroll to object 'Object Repository/Page_AFE  GRiD/label_OpenFlight' successfully

2020-09-25 15:03:03 - [MESSAGE][WARNING] - Timeout '0' is invalid. Using default page load timeout: '30'

2020-09-25 15:03:04 - [MESSAGE][PASSED] - Scroll to object 'Object Repository/Page_AFE  GRiD/label_OpenFlight' successfully

2020-09-25 15:03:04 - [TEST_STEP][PASSED] - click(findTestObject("Page_AFE  GRiD/label_CDB")): Object: 'Object Repository/Page_AFE  GRiD/label_CDB' is clicked on

2020-09-25 15:03:04 - [MESSAGE][PASSED] - Object: 'Object Repository/Page_AFE  GRiD/label_CDB' is clicked on

2020-09-25 15:03:04 - [TEST_STEP][PASSED] - click(findTestObject("Page_AFE  GRiD/label_Unity")): Object: 'Object Repository/Page_AFE  GRiD/label_Unity' is clicked on

2020-09-25 15:03:04 - [MESSAGE][PASSED] - Object: 'Object Repository/Page_AFE  GRiD/label_Unity' is clicked on

2020-09-25 15:03:04 - [TEST_STEP][PASSED] - click(findTestObject("Page_AFE  GRiD/label_Unreal")): Object: 'Object Repository/Page_AFE  GRiD/label_Unreal' is clicked on

2020-09-25 15:03:04 - [MESSAGE][PASSED] - Object: 'Object Repository/Page_AFE  GRiD/label_Unreal' is clicked on

2020-09-25 15:03:04 - [TEST_STEP][PASSED] - click(findTestObject("Page_AFE  GRiD/label_VBS3")): Object: 'Object Repository/Page_AFE  GRiD/label_VBS3' is clicked on

2020-09-25 15:03:05 - [MESSAGE][PASSED] - Object: 'Object Repository/Page_AFE  GRiD/label_VBS3' is clicked on

2020-09-25 15:03:05 - [TEST_STEP][PASSED] - click(findTestObject("Page_AFE  GRiD/label_OpenFlight")): Object: 'Object Repository/Page_AFE  GRiD/label_OpenFlight' is clicked on

2020-09-25 15:03:05 - [MESSAGE][PASSED] - Object: 'Object Repository/Page_AFE  GRiD/label_OpenFlight' is clicked on

2020-09-25 15:03:05 - [TEST_STEP][PASSED] - click(findTestObject("Page_AFE  GRiD/div_Cancel    Generate")): Object: 'Object Repository/Page_AFE  GRiD/div_Cancel    Generate' is clicked on

2020-09-25 15:03:14 - [MESSAGE][PASSED] - Object: 'Object Repository/Page_AFE  GRiD/div_Cancel    Generate' is clicked on]]></system-out>
         <system-err><![CDATA[]]></system-err>
      </testcase>
      <system-out><![CDATA[2020-09-25 14:53:16 - [TEST_SUITE][PASSED] - AFE Test Suite: Test Cases/AFE Recorded Script SRI/SRI - All]]></system-out>
      <system-err><![CDATA[]]></system-err>
   </testsuite>
</testsuites>
