<?xml version="1.0" encoding="UTF-8"?>
<testsuites name="GRiD FG3D" time="27725.695" tests="64" failures="64" errors="0">
   <testsuite name="GRiD FG3D" tests="64" failures="64" errors="0" time="27725.695" timestamp="2020-09-28 16:23:16" hostname="bhavikpatel - c02yj0qyjgh7.lan" id="Test Suites/GRiD FG3D">
      <properties>
         <property name="deviceName" value=""/>
         <property name="devicePlatform" value=""/>
         <property name="logFolder" value="/Users/bhavikpatel/Downloads/Projects/CRREL/GRiD/Automation Testing/Automation Testing Project/KatalonTesting/Reports/20200928_162313/GRiD FG3D/20200928_162313"/>
         <property name="logFiles" value="/Users/bhavikpatel/Downloads/Projects/CRREL/GRiD/Automation Testing/Automation Testing Project/KatalonTesting/Reports/20200928_162313/GRiD FG3D/20200928_162313/execution0.log"/>
         <property name="attachments" value="/Users/bhavikpatel/Downloads/Projects/CRREL/GRiD/Automation Testing/Automation Testing Project/KatalonTesting/Reports/20200928_162313/GRiD FG3D/20200928_162313/1601324734551.png, /Users/bhavikpatel/Downloads/Projects/CRREL/GRiD/Automation Testing/Automation Testing Project/KatalonTesting/Reports/20200928_162313/GRiD FG3D/20200928_162313/1601325043954.png, /Users/bhavikpatel/Downloads/Projects/CRREL/GRiD/Automation Testing/Automation Testing Project/KatalonTesting/Reports/20200928_162313/GRiD FG3D/20200928_162313/1601325349199.png, /Users/bhavikpatel/Downloads/Projects/CRREL/GRiD/Automation Testing/Automation Testing Project/KatalonTesting/Reports/20200928_162313/GRiD FG3D/20200928_162313/1601326019649.png, /Users/bhavikpatel/Downloads/Projects/CRREL/GRiD/Automation Testing/Automation Testing Project/KatalonTesting/Reports/20200928_162313/GRiD FG3D/20200928_162313/1601326325410.png, /Users/bhavikpatel/Downloads/Projects/CRREL/GRiD/Automation Testing/Automation Testing Project/KatalonTesting/Reports/20200928_162313/GRiD FG3D/20200928_162313/1601326630981.png, /Users/bhavikpatel/Downloads/Projects/CRREL/GRiD/Automation Testing/Automation Testing Project/KatalonTesting/Reports/20200928_162313/GRiD FG3D/20200928_162313/1601326935120.png, /Users/bhavikpatel/Downloads/Projects/CRREL/GRiD/Automation Testing/Automation Testing Project/KatalonTesting/Reports/20200928_162313/GRiD FG3D/20200928_162313/1601327240493.png, /Users/bhavikpatel/Downloads/Projects/CRREL/GRiD/Automation Testing/Automation Testing Project/KatalonTesting/Reports/20200928_162313/GRiD FG3D/20200928_162313/1601327546628.png, /Users/bhavikpatel/Downloads/Projects/CRREL/GRiD/Automation Testing/Automation Testing Project/KatalonTesting/Reports/20200928_162313/GRiD FG3D/20200928_162313/1601327854682.png, /Users/bhavikpatel/Downloads/Projects/CRREL/GRiD/Automation Testing/Automation Testing Project/KatalonTesting/Reports/20200928_162313/GRiD FG3D/20200928_162313/1601328159158.png, /Users/bhavikpatel/Downloads/Projects/CRREL/GRiD/Automation Testing/Automation Testing Project/KatalonTesting/Reports/20200928_162313/GRiD FG3D/20200928_162313/1601328464787.png, /Users/bhavikpatel/Downloads/Projects/CRREL/GRiD/Automation Testing/Automation Testing Project/KatalonTesting/Reports/20200928_162313/GRiD FG3D/20200928_162313/1601328771157.png, /Users/bhavikpatel/Downloads/Projects/CRREL/GRiD/Automation Testing/Automation Testing Project/KatalonTesting/Reports/20200928_162313/GRiD FG3D/20200928_162313/1601329078248.png, /Users/bhavikpatel/Downloads/Projects/CRREL/GRiD/Automation Testing/Automation Testing Project/KatalonTesting/Reports/20200928_162313/GRiD FG3D/20200928_162313/1601329382617.png, /Users/bhavikpatel/Downloads/Projects/CRREL/GRiD/Automation Testing/Automation Testing Project/KatalonTesting/Reports/20200928_162313/GRiD FG3D/20200928_162313/1601329688757.png, /Users/bhavikpatel/Downloads/Projects/CRREL/GRiD/Automation Testing/Automation Testing Project/KatalonTesting/Reports/20200928_162313/GRiD FG3D/20200928_162313/1601329994144.png, /Users/bhavikpatel/Downloads/Projects/CRREL/GRiD/Automation Testing/Automation Testing Project/KatalonTesting/Reports/20200928_162313/GRiD FG3D/20200928_162313/1601330299226.png, /Users/bhavikpatel/Downloads/Projects/CRREL/GRiD/Automation Testing/Automation Testing Project/KatalonTesting/Reports/20200928_162313/GRiD FG3D/20200928_162313/1601330606822.png, /Users/bhavikpatel/Downloads/Projects/CRREL/GRiD/Automation Testing/Automation Testing Project/KatalonTesting/Reports/20200928_162313/GRiD FG3D/20200928_162313/1601330912811.png, /Users/bhavikpatel/Downloads/Projects/CRREL/GRiD/Automation Testing/Automation Testing Project/KatalonTesting/Reports/20200928_162313/GRiD FG3D/20200928_162313/1601331218570.png, /Users/bhavikpatel/Downloads/Projects/CRREL/GRiD/Automation Testing/Automation Testing Project/KatalonTesting/Reports/20200928_162313/GRiD FG3D/20200928_162313/1601331523600.png, /Users/bhavikpatel/Downloads/Projects/CRREL/GRiD/Automation Testing/Automation Testing Project/KatalonTesting/Reports/20200928_162313/GRiD FG3D/20200928_162313/1601331827574.png, /Users/bhavikpatel/Downloads/Projects/CRREL/GRiD/Automation Testing/Automation Testing Project/KatalonTesting/Reports/20200928_162313/GRiD FG3D/20200928_162313/1601332131947.png, /Users/bhavikpatel/Downloads/Projects/CRREL/GRiD/Automation Testing/Automation Testing Project/KatalonTesting/Reports/20200928_162313/GRiD FG3D/20200928_162313/1601332437123.png, /Users/bhavikpatel/Downloads/Projects/CRREL/GRiD/Automation Testing/Automation Testing Project/KatalonTesting/Reports/20200928_162313/GRiD FG3D/20200928_162313/1601332741767.png, /Users/bhavikpatel/Downloads/Projects/CRREL/GRiD/Automation Testing/Automation Testing Project/KatalonTesting/Reports/20200928_162313/GRiD FG3D/20200928_162313/1601333046533.png, /Users/bhavikpatel/Downloads/Projects/CRREL/GRiD/Automation Testing/Automation Testing Project/KatalonTesting/Reports/20200928_162313/GRiD FG3D/20200928_162313/1601333350937.png, /Users/bhavikpatel/Downloads/Projects/CRREL/GRiD/Automation Testing/Automation Testing Project/KatalonTesting/Reports/20200928_162313/GRiD FG3D/20200928_162313/1601340165080.png, /Users/bhavikpatel/Downloads/Projects/CRREL/GRiD/Automation Testing/Automation Testing Project/KatalonTesting/Reports/20200928_162313/GRiD FG3D/20200928_162313/1601340214093.png, /Users/bhavikpatel/Downloads/Projects/CRREL/GRiD/Automation Testing/Automation Testing Project/KatalonTesting/Reports/20200928_162313/GRiD FG3D/20200928_162313/1601342427934.png, /Users/bhavikpatel/Downloads/Projects/CRREL/GRiD/Automation Testing/Automation Testing Project/KatalonTesting/Reports/20200928_162313/GRiD FG3D/20200928_162313/1601342509144.png, /Users/bhavikpatel/Downloads/Projects/CRREL/GRiD/Automation Testing/Automation Testing Project/KatalonTesting/Reports/20200928_162313/GRiD FG3D/20200928_162313/1601342587389.png, /Users/bhavikpatel/Downloads/Projects/CRREL/GRiD/Automation Testing/Automation Testing Project/KatalonTesting/Reports/20200928_162313/GRiD FG3D/20200928_162313/1601349928833.png, /Users/bhavikpatel/Downloads/Projects/CRREL/GRiD/Automation Testing/Automation Testing Project/KatalonTesting/Reports/20200928_162313/GRiD FG3D/20200928_162313/1601349975659.png, /Users/bhavikpatel/Downloads/Projects/CRREL/GRiD/Automation Testing/Automation Testing Project/KatalonTesting/Reports/20200928_162313/GRiD FG3D/20200928_162313/1601350207973.png, /Users/bhavikpatel/Downloads/Projects/CRREL/GRiD/Automation Testing/Automation Testing Project/KatalonTesting/Reports/20200928_162313/GRiD FG3D/20200928_162313/1601350286857.png, /Users/bhavikpatel/Downloads/Projects/CRREL/GRiD/Automation Testing/Automation Testing Project/KatalonTesting/Reports/20200928_162313/GRiD FG3D/20200928_162313/1601350371574.png, /Users/bhavikpatel/Downloads/Projects/CRREL/GRiD/Automation Testing/Automation Testing Project/KatalonTesting/Reports/20200928_162313/GRiD FG3D/20200928_162313/1601350454433.png, /Users/bhavikpatel/Downloads/Projects/CRREL/GRiD/Automation Testing/Automation Testing Project/KatalonTesting/Reports/20200928_162313/GRiD FG3D/20200928_162313/1601350532008.png, /Users/bhavikpatel/Downloads/Projects/CRREL/GRiD/Automation Testing/Automation Testing Project/KatalonTesting/Reports/20200928_162313/GRiD FG3D/20200928_162313/1601350609585.png, /Users/bhavikpatel/Downloads/Projects/CRREL/GRiD/Automation Testing/Automation Testing Project/KatalonTesting/Reports/20200928_162313/GRiD FG3D/20200928_162313/1601350684557.png, /Users/bhavikpatel/Downloads/Projects/CRREL/GRiD/Automation Testing/Automation Testing Project/KatalonTesting/Reports/20200928_162313/GRiD FG3D/20200928_162313/1601350762274.png, /Users/bhavikpatel/Downloads/Projects/CRREL/GRiD/Automation Testing/Automation Testing Project/KatalonTesting/Reports/20200928_162313/GRiD FG3D/20200928_162313/1601350840611.png, /Users/bhavikpatel/Downloads/Projects/CRREL/GRiD/Automation Testing/Automation Testing Project/KatalonTesting/Reports/20200928_162313/GRiD FG3D/20200928_162313/1601350917209.png, /Users/bhavikpatel/Downloads/Projects/CRREL/GRiD/Automation Testing/Automation Testing Project/KatalonTesting/Reports/20200928_162313/GRiD FG3D/20200928_162313/1601350994399.png, /Users/bhavikpatel/Downloads/Projects/CRREL/GRiD/Automation Testing/Automation Testing Project/KatalonTesting/Reports/20200928_162313/GRiD FG3D/20200928_162313/1601351073056.png, /Users/bhavikpatel/Downloads/Projects/CRREL/GRiD/Automation Testing/Automation Testing Project/KatalonTesting/Reports/20200928_162313/GRiD FG3D/20200928_162313/1601351150253.png, /Users/bhavikpatel/Downloads/Projects/CRREL/GRiD/Automation Testing/Automation Testing Project/KatalonTesting/Reports/20200928_162313/GRiD FG3D/20200928_162313/1601351226855.png, /Users/bhavikpatel/Downloads/Projects/CRREL/GRiD/Automation Testing/Automation Testing Project/KatalonTesting/Reports/20200928_162313/GRiD FG3D/20200928_162313/1601351303095.png, /Users/bhavikpatel/Downloads/Projects/CRREL/GRiD/Automation Testing/Automation Testing Project/KatalonTesting/Reports/20200928_162313/GRiD FG3D/20200928_162313/1601351380981.png, /Users/bhavikpatel/Downloads/Projects/CRREL/GRiD/Automation Testing/Automation Testing Project/KatalonTesting/Reports/20200928_162313/GRiD FG3D/20200928_162313/1601351459486.png, /Users/bhavikpatel/Downloads/Projects/CRREL/GRiD/Automation Testing/Automation Testing Project/KatalonTesting/Reports/20200928_162313/GRiD FG3D/20200928_162313/1601351535246.png, /Users/bhavikpatel/Downloads/Projects/CRREL/GRiD/Automation Testing/Automation Testing Project/KatalonTesting/Reports/20200928_162313/GRiD FG3D/20200928_162313/1601351614307.png, /Users/bhavikpatel/Downloads/Projects/CRREL/GRiD/Automation Testing/Automation Testing Project/KatalonTesting/Reports/20200928_162313/GRiD FG3D/20200928_162313/1601351692722.png, /Users/bhavikpatel/Downloads/Projects/CRREL/GRiD/Automation Testing/Automation Testing Project/KatalonTesting/Reports/20200928_162313/GRiD FG3D/20200928_162313/1601351771179.png, /Users/bhavikpatel/Downloads/Projects/CRREL/GRiD/Automation Testing/Automation Testing Project/KatalonTesting/Reports/20200928_162313/GRiD FG3D/20200928_162313/1601351847823.png, /Users/bhavikpatel/Downloads/Projects/CRREL/GRiD/Automation Testing/Automation Testing Project/KatalonTesting/Reports/20200928_162313/GRiD FG3D/20200928_162313/1601351926048.png, /Users/bhavikpatel/Downloads/Projects/CRREL/GRiD/Automation Testing/Automation Testing Project/KatalonTesting/Reports/20200928_162313/GRiD FG3D/20200928_162313/1601352004553.png, /Users/bhavikpatel/Downloads/Projects/CRREL/GRiD/Automation Testing/Automation Testing Project/KatalonTesting/Reports/20200928_162313/GRiD FG3D/20200928_162313/1601352082541.png, /Users/bhavikpatel/Downloads/Projects/CRREL/GRiD/Automation Testing/Automation Testing Project/KatalonTesting/Reports/20200928_162313/GRiD FG3D/20200928_162313/1601352163298.png, /Users/bhavikpatel/Downloads/Projects/CRREL/GRiD/Automation Testing/Automation Testing Project/KatalonTesting/Reports/20200928_162313/GRiD FG3D/20200928_162313/1601352241953.png, /Users/bhavikpatel/Downloads/Projects/CRREL/GRiD/Automation Testing/Automation Testing Project/KatalonTesting/Reports/20200928_162313/GRiD FG3D/20200928_162313/1601352322047.png"/>
         <property name="hostName" value="bhavikpatel - c02yj0qyjgh7.lan"/>
         <property name="os" value="Mac OS X 64bit"/>
         <property name="katalonVersion" value="7.6.2.205"/>
         <property name="browser" value="Chrome 85.0.4183.121"/>
         <property name="hostAddress" value="192.168.87.37"/>
         <property name="sessionId" value="2513699dbe47bb75fda029a67916927c"/>
         <property name="seleniumVersion" value="3.141.59"/>
         <property name="proxyInformation" value="ProxyInformation { proxyOption=NO_PROXY, proxyServerType=HTTP, username=, password=********, proxyServerAddress=, proxyServerPort=0, executionList=\&quot;\&quot;, isApplyToDesiredCapabilities=true }"/>
         <property name="platform" value="Mac OS X"/>
      </properties>
      <testcase name="Test Cases/FG3D/FG3D Test - Stragetic" time="138.888" classname="Test Cases/FG3D/FG3D Test - Stragetic" status="FAILED">
         <failure type="FAILED" message="Test Cases/FG3D/FG3D Test - Stragetic FAILED.
Reason:
com.kms.katalon.core.exception.StepFailedException: Unable to select option by label 'ERSI Shapefile' of object 'Object Repository/Page_Map  GRiD/select_ESRI Shapefile  GeoPackage  KML  --- No Output ---'  using regular expression
	at com.kms.katalon.core.webui.keyword.internal.WebUIKeywordMain.stepFailed(WebUIKeywordMain.groovy:64)
	at com.kms.katalon.core.webui.keyword.internal.WebUIKeywordMain.runKeyword(WebUIKeywordMain.groovy:26)
	at com.kms.katalon.core.webui.keyword.builtin.SelectOptionByLabelKeyword.selectOptionByLabel(SelectOptionByLabelKeyword.groovy:98)
	at com.kms.katalon.core.webui.keyword.builtin.SelectOptionByLabelKeyword.execute(SelectOptionByLabelKeyword.groovy:71)
	at com.kms.katalon.core.keyword.internal.KeywordExecutor.executeKeywordForPlatform(KeywordExecutor.groovy:73)
	at com.kms.katalon.core.webui.keyword.WebUiBuiltInKeywords.selectOptionByLabel(WebUiBuiltInKeywords.groovy:1226)
	at com.kms.katalon.core.webui.keyword.WebUiBuiltInKeywords$selectOptionByLabel$4.call(Unknown Source)
	at FG3D Test - Stragetic.run(FG3D Test - Stragetic:51)
	at com.kms.katalon.core.main.ScriptEngine.run(ScriptEngine.java:194)
	at com.kms.katalon.core.main.ScriptEngine.runScriptAsRawText(ScriptEngine.java:119)
	at com.kms.katalon.core.main.TestCaseExecutor.runScript(TestCaseExecutor.java:339)
	at com.kms.katalon.core.main.TestCaseExecutor.doExecute(TestCaseExecutor.java:330)
	at com.kms.katalon.core.main.TestCaseExecutor.processExecutionPhase(TestCaseExecutor.java:309)
	at com.kms.katalon.core.main.TestCaseExecutor.accessMainPhase(TestCaseExecutor.java:301)
	at com.kms.katalon.core.main.TestCaseExecutor.execute(TestCaseExecutor.java:235)
	at com.kms.katalon.core.main.TestSuiteExecutor.accessTestCaseMainPhase(TestSuiteExecutor.java:191)
	at com.kms.katalon.core.main.TestSuiteExecutor.accessTestSuiteMainPhase(TestSuiteExecutor.java:141)
	at com.kms.katalon.core.main.TestSuiteExecutor.execute(TestSuiteExecutor.java:90)
	at com.kms.katalon.core.main.TestCaseMain.startTestSuite(TestCaseMain.java:157)
	at com.kms.katalon.core.main.TestCaseMain$startTestSuite$0.call(Unknown Source)
	at TempTestSuite1601324593621.run(TempTestSuite1601324593621.groovy:39)
Caused by: com.kms.katalon.core.exception.StepFailedException: No option matched.
	at com.kms.katalon.core.keyword.internal.KeywordMain.stepFailed(KeywordMain.groovy:50)
	at com.kms.katalon.core.keyword.internal.KeywordMain.stepFailed(KeywordMain.groovy)
	at com.kms.katalon.core.keyword.internal.KeywordMain.stepFailed(KeywordMain.groovy:23)
	at com.kms.katalon.core.webui.keyword.builtin.SelectOptionByLabelKeyword$_selectOptionByLabel_closure1.doCall(SelectOptionByLabelKeyword.groovy:91)
	at com.kms.katalon.core.webui.keyword.builtin.SelectOptionByLabelKeyword$_selectOptionByLabel_closure1.call(SelectOptionByLabelKeyword.groovy)
	at com.kms.katalon.core.webui.keyword.internal.WebUIKeywordMain.runKeyword(WebUIKeywordMain.groovy:20)
	... 19 more
"/>
         <system-out><![CDATA[2020-09-28 16:23:17 - [TEST_CASE][FAILED] - Test Cases/FG3D/FG3D Test - Stragetic: Test Cases/FG3D/FG3D Test - Stragetic FAILED.
Reason:
com.kms.katalon.core.exception.StepFailedException: Unable to select option by label 'ERSI Shapefile' of object 'Object Repository/Page_Map  GRiD/select_ESRI Shapefile  GeoPackage  KML  --- No Output ---'  using regular expression
	at com.kms.katalon.core.webui.keyword.internal.WebUIKeywordMain.stepFailed(WebUIKeywordMain.groovy:64)
	at com.kms.katalon.core.webui.keyword.internal.WebUIKeywordMain.runKeyword(WebUIKeywordMain.groovy:26)
	at com.kms.katalon.core.webui.keyword.builtin.SelectOptionByLabelKeyword.selectOptionByLabel(SelectOptionByLabelKeyword.groovy:98)
	at com.kms.katalon.core.webui.keyword.builtin.SelectOptionByLabelKeyword.execute(SelectOptionByLabelKeyword.groovy:71)
	at com.kms.katalon.core.keyword.internal.KeywordExecutor.executeKeywordForPlatform(KeywordExecutor.groovy:73)
	at com.kms.katalon.core.webui.keyword.WebUiBuiltInKeywords.selectOptionByLabel(WebUiBuiltInKeywords.groovy:1226)
	at com.kms.katalon.core.webui.keyword.WebUiBuiltInKeywords$selectOptionByLabel$4.call(Unknown Source)
	at FG3D Test - Stragetic.run(FG3D Test - Stragetic:51)
	at com.kms.katalon.core.main.ScriptEngine.run(ScriptEngine.java:194)
	at com.kms.katalon.core.main.ScriptEngine.runScriptAsRawText(ScriptEngine.java:119)
	at com.kms.katalon.core.main.TestCaseExecutor.runScript(TestCaseExecutor.java:339)
	at com.kms.katalon.core.main.TestCaseExecutor.doExecute(TestCaseExecutor.java:330)
	at com.kms.katalon.core.main.TestCaseExecutor.processExecutionPhase(TestCaseExecutor.java:309)
	at com.kms.katalon.core.main.TestCaseExecutor.accessMainPhase(TestCaseExecutor.java:301)
	at com.kms.katalon.core.main.TestCaseExecutor.execute(TestCaseExecutor.java:235)
	at com.kms.katalon.core.main.TestSuiteExecutor.accessTestCaseMainPhase(TestSuiteExecutor.java:191)
	at com.kms.katalon.core.main.TestSuiteExecutor.accessTestSuiteMainPhase(TestSuiteExecutor.java:141)
	at com.kms.katalon.core.main.TestSuiteExecutor.execute(TestSuiteExecutor.java:90)
	at com.kms.katalon.core.main.TestCaseMain.startTestSuite(TestCaseMain.java:157)
	at com.kms.katalon.core.main.TestCaseMain$startTestSuite$0.call(Unknown Source)
	at TempTestSuite1601324593621.run(TempTestSuite1601324593621.groovy:39)
Caused by: com.kms.katalon.core.exception.StepFailedException: No option matched.
	at com.kms.katalon.core.keyword.internal.KeywordMain.stepFailed(KeywordMain.groovy:50)
	at com.kms.katalon.core.keyword.internal.KeywordMain.stepFailed(KeywordMain.groovy)
	at com.kms.katalon.core.keyword.internal.KeywordMain.stepFailed(KeywordMain.groovy:23)
	at com.kms.katalon.core.webui.keyword.builtin.SelectOptionByLabelKeyword$_selectOptionByLabel_closure1.doCall(SelectOptionByLabelKeyword.groovy:91)
	at com.kms.katalon.core.webui.keyword.builtin.SelectOptionByLabelKeyword$_selectOptionByLabel_closure1.call(SelectOptionByLabelKeyword.groovy)
	at com.kms.katalon.core.webui.keyword.internal.WebUIKeywordMain.runKeyword(WebUIKeywordMain.groovy:20)
	... 19 more


2020-09-28 16:23:17 - [TEST_STEP][PASSED] - openBrowser(""): Browser is opened with url: ''

2020-09-28 16:23:17 - [MESSAGE][INFO] - Starting 'Chrome' driver

2020-09-28 16:23:17 - [MESSAGE][INFO] - Action delay is set to 0 milliseconds

2020-09-28 16:23:20 - [MESSAGE][PASSED] - Browser is opened with url: ''

2020-09-28 16:23:20 - [TEST_STEP][PASSED] - navigateToUrl("https://grid.nga.mil/testgrid/"): Navigate to 'https://grid.nga.mil/testgrid/' successfully

2020-09-28 16:23:21 - [MESSAGE][PASSED] - Navigate to 'https://grid.nga.mil/testgrid/' successfully

2020-09-28 16:23:21 - [TEST_STEP][PASSED] - click(findTestObject("Page_Home  GRiD/a_CAC  GEOAxIS Login")): Object: 'Object Repository/Page_Home  GRiD/a_CAC  GEOAxIS Login' is clicked on

2020-09-28 16:23:32 - [MESSAGE][PASSED] - Object: 'Object Repository/Page_Home  GRiD/a_CAC  GEOAxIS Login' is clicked on

2020-09-28 16:23:32 - [TEST_STEP][PASSED] - click(findTestObject("Page_Home  GRiD/a_Share")): Object: 'Object Repository/Page_Home  GRiD/a_Share' is clicked on

2020-09-28 16:23:33 - [MESSAGE][PASSED] - Object: 'Object Repository/Page_Home  GRiD/a_Share' is clicked on

2020-09-28 16:23:33 - [TEST_STEP][PASSED] - click(findTestObject("Page_Workgroups  GRiD/a_FG3D")): Object: 'Object Repository/Page_Workgroups  GRiD/a_FG3D' is clicked on

2020-09-28 16:23:38 - [MESSAGE][PASSED] - Object: 'Object Repository/Page_Workgroups  GRiD/a_FG3D' is clicked on

2020-09-28 16:23:38 - [TEST_STEP][FAILED] - for ([row = 1, row <= findTestData("FG3D Test Data").getRowNumbers(), (row++)]): Unable to select option by label 'ERSI Shapefile' of object 'Object Repository/Page_Map  GRiD/select_ESRI Shapefile  GeoPackage  KML  --- No Output ---'  using regular expression (Root cause: com.kms.katalon.core.exception.StepFailedException: Unable to select option by label 'ERSI Shapefile' of object 'Object Repository/Page_Map  GRiD/select_ESRI Shapefile  GeoPackage  KML  --- No Output ---'  using regular expression
	at com.kms.katalon.core.webui.keyword.internal.WebUIKeywordMain.stepFailed(WebUIKeywordMain.groovy:64)
	at com.kms.katalon.core.webui.keyword.internal.WebUIKeywordMain.runKeyword(WebUIKeywordMain.groovy:26)
	at com.kms.katalon.core.webui.keyword.builtin.SelectOptionByLabelKeyword.selectOptionByLabel(SelectOptionByLabelKeyword.groovy:98)
	at com.kms.katalon.core.webui.keyword.builtin.SelectOptionByLabelKeyword.execute(SelectOptionByLabelKeyword.groovy:71)
	at com.kms.katalon.core.keyword.internal.KeywordExecutor.executeKeywordForPlatform(KeywordExecutor.groovy:73)
	at com.kms.katalon.core.webui.keyword.WebUiBuiltInKeywords.selectOptionByLabel(WebUiBuiltInKeywords.groovy:1226)
	at com.kms.katalon.core.webui.keyword.WebUiBuiltInKeywords$selectOptionByLabel$4.call(Unknown Source)
	at FG3D Test - Stragetic.run(FG3D Test - Stragetic:51)
	at com.kms.katalon.core.main.ScriptEngine.run(ScriptEngine.java:194)
	at com.kms.katalon.core.main.ScriptEngine.runScriptAsRawText(ScriptEngine.java:119)
	at com.kms.katalon.core.main.TestCaseExecutor.runScript(TestCaseExecutor.java:339)
	at com.kms.katalon.core.main.TestCaseExecutor.doExecute(TestCaseExecutor.java:330)
	at com.kms.katalon.core.main.TestCaseExecutor.processExecutionPhase(TestCaseExecutor.java:309)
	at com.kms.katalon.core.main.TestCaseExecutor.accessMainPhase(TestCaseExecutor.java:301)
	at com.kms.katalon.core.main.TestCaseExecutor.execute(TestCaseExecutor.java:235)
	at com.kms.katalon.core.main.TestSuiteExecutor.accessTestCaseMainPhase(TestSuiteExecutor.java:191)
	at com.kms.katalon.core.main.TestSuiteExecutor.accessTestSuiteMainPhase(TestSuiteExecutor.java:141)
	at com.kms.katalon.core.main.TestSuiteExecutor.execute(TestSuiteExecutor.java:90)
	at com.kms.katalon.core.main.TestCaseMain.startTestSuite(TestCaseMain.java:157)
	at com.kms.katalon.core.main.TestCaseMain$startTestSuite$0.call(Unknown Source)
	at TempTestSuite1601324593621.run(TempTestSuite1601324593621.groovy:39)
Caused by: com.kms.katalon.core.exception.StepFailedException: No option matched.
	at com.kms.katalon.core.keyword.internal.KeywordMain.stepFailed(KeywordMain.groovy:50)
	at com.kms.katalon.core.keyword.internal.KeywordMain.stepFailed(KeywordMain.groovy)
	at com.kms.katalon.core.keyword.internal.KeywordMain.stepFailed(KeywordMain.groovy:23)
	at com.kms.katalon.core.webui.keyword.builtin.SelectOptionByLabelKeyword$_selectOptionByLabel_closure1.doCall(SelectOptionByLabelKeyword.groovy:91)
	at com.kms.katalon.core.webui.keyword.builtin.SelectOptionByLabelKeyword$_selectOptionByLabel_closure1.call(SelectOptionByLabelKeyword.groovy)
	at com.kms.katalon.core.webui.keyword.internal.WebUIKeywordMain.runKeyword(WebUIKeywordMain.groovy:20)
	at com.kms.katalon.core.webui.keyword.builtin.SelectOptionByLabelKeyword.selectOptionByLabel(SelectOptionByLabelKeyword.groovy:98)
	at com.kms.katalon.core.webui.keyword.builtin.SelectOptionByLabelKeyword.execute(SelectOptionByLabelKeyword.groovy:71)
	at com.kms.katalon.core.keyword.internal.KeywordExecutor.executeKeywordForPlatform(KeywordExecutor.groovy:73)
	at com.kms.katalon.core.webui.keyword.WebUiBuiltInKeywords.selectOptionByLabel(WebUiBuiltInKeywords.groovy:1226)
	at com.kms.katalon.core.webui.keyword.WebUiBuiltInKeywords$selectOptionByLabel$4.call(Unknown Source)
	at Script1599149155505.run(Script1599149155505.groovy:51)
	... 13 more
)

2020-09-28 16:23:38 - [TEST_STEP][PASSED] - click(findTestObject("Object Repository/Page_FG3D  GRiD/button_AOI Options")): Object: 'Object Repository/Page_FG3D  GRiD/button_AOI Options' is clicked on

2020-09-28 16:23:38 - [MESSAGE][PASSED] - Object: 'Object Repository/Page_FG3D  GRiD/button_AOI Options' is clicked on

2020-09-28 16:23:38 - [TEST_STEP][PASSED] - click(findTestObject("Object Repository/Page_FG3D  GRiD/a_View on map")): Object: 'Object Repository/Page_FG3D  GRiD/a_View on map' is clicked on

2020-09-28 16:23:39 - [MESSAGE][PASSED] - Object: 'Object Repository/Page_FG3D  GRiD/a_View on map' is clicked on

2020-09-28 16:23:39 - [TEST_STEP][PASSED] - switchToWindowTitle("Map – GRiD"): Switched to window with title: 'Map – GRiD'

2020-09-28 16:23:40 - [MESSAGE][PASSED] - Switched to window with title: 'Map – GRiD'

2020-09-28 16:23:40 - [TEST_STEP][PASSED] - click(findTestObject("Page_Map  GRiD/input__product_id")): Object: 'Object Repository/Page_Map  GRiD/input__product_id' is clicked on

2020-09-28 16:23:41 - [MESSAGE][PASSED] - Object: 'Object Repository/Page_Map  GRiD/input__product_id' is clicked on

2020-09-28 16:23:41 - [TEST_STEP][PASSED] - click(findTestObject("Page_Map  GRiD/span_Export")): Object: 'Object Repository/Page_Map  GRiD/span_Export' is clicked on

2020-09-28 16:23:42 - [MESSAGE][PASSED] - Object: 'Object Repository/Page_Map  GRiD/span_Export' is clicked on

2020-09-28 16:23:42 - [TEST_STEP][PASSED] - setText(findTestObject("Page_Map  GRiD/input_Export Name_name"), findTestData("New Test Data - Strategic").getValue("id_name", row)): Text 'S- FG3D: GeoTiff - GeoTiff - ESRI Shapefile - ' is set on object 'Object Repository/Page_Map  GRiD/input_Export Name_name'

2020-09-28 16:23:43 - [MESSAGE][PASSED] - Text 'S- FG3D: GeoTiff - GeoTiff - ESRI Shapefile - ' is set on object 'Object Repository/Page_Map  GRiD/input_Export Name_name'

2020-09-28 16:23:43 - [TEST_STEP][PASSED] - selectOptionByLabel(findTestObject("Page_Map  GRiD/select_GeoTiff  GeoPackage  ERDAS Imagine  --- No Output ---"), findTestData("New Test Data - Strategic").getValue("id_geoint_imagery", row), true): All options with label 'GeoTiff' are selected in object 'Object Repository/Page_Map  GRiD/select_GeoTiff  GeoPackage  ERDAS Imagine  --- No Output ---'  using regular expression

2020-09-28 16:23:44 - [MESSAGE][PASSED] - All options with label 'GeoTiff' are selected in object 'Object Repository/Page_Map  GRiD/select_GeoTiff  GeoPackage  ERDAS Imagine  --- No Output ---'  using regular expression

2020-09-28 16:23:44 - [TEST_STEP][PASSED] - selectOptionByLabel(findTestObject("Page_Map  GRiD/select_GeoTiff  GeoPackage  DTED  --- No Output ---"), findTestData("New Test Data - Strategic").getValue("id_geoint_elevation", row), true): All options with label 'GeoTiff' are selected in object 'Object Repository/Page_Map  GRiD/select_GeoTiff  GeoPackage  DTED  --- No Output ---'  using regular expression

2020-09-28 16:23:45 - [MESSAGE][PASSED] - All options with label 'GeoTiff' are selected in object 'Object Repository/Page_Map  GRiD/select_GeoTiff  GeoPackage  DTED  --- No Output ---'  using regular expression

2020-09-28 16:23:45 - [TEST_STEP][PASSED] - selectOptionByLabel(findTestObject("Page_Map  GRiD/select_ESRI Shapefile  GeoPackage  KML  --- No Output ---"), findTestData("New Test Data - Strategic").getValue("id_geoint_vectors", row), true): All options with label 'ESRI Shapefile' are selected in object 'Object Repository/Page_Map  GRiD/select_ESRI Shapefile  GeoPackage  KML  --- No Output ---'  using regular expression

2020-09-28 16:23:46 - [MESSAGE][PASSED] - All options with label 'ESRI Shapefile' are selected in object 'Object Repository/Page_Map  GRiD/select_ESRI Shapefile  GeoPackage  KML  --- No Output ---'  using regular expression

2020-09-28 16:23:46 - [TEST_STEP][PASSED] - click(findTestObject("Page_Map  GRiD/button_Finish")): Object: 'Object Repository/Page_Map  GRiD/button_Finish' is clicked on

2020-09-28 16:23:46 - [MESSAGE][PASSED] - Object: 'Object Repository/Page_Map  GRiD/button_Finish' is clicked on

2020-09-28 16:23:46 - [TEST_STEP][PASSED] - click(findTestObject("Object Repository/Page_FG3D  GRiD/button_AOI Options")): Object: 'Object Repository/Page_FG3D  GRiD/button_AOI Options' is clicked on

2020-09-28 16:23:51 - [MESSAGE][PASSED] - Object: 'Object Repository/Page_FG3D  GRiD/button_AOI Options' is clicked on

2020-09-28 16:23:51 - [TEST_STEP][PASSED] - click(findTestObject("Object Repository/Page_FG3D  GRiD/a_View on map")): Object: 'Object Repository/Page_FG3D  GRiD/a_View on map' is clicked on

2020-09-28 16:23:52 - [MESSAGE][PASSED] - Object: 'Object Repository/Page_FG3D  GRiD/a_View on map' is clicked on

2020-09-28 16:23:52 - [TEST_STEP][PASSED] - switchToWindowTitle("Map – GRiD"): Switched to window with title: 'Map – GRiD'

2020-09-28 16:23:52 - [MESSAGE][PASSED] - Switched to window with title: 'Map – GRiD'

2020-09-28 16:23:52 - [TEST_STEP][PASSED] - click(findTestObject("Page_Map  GRiD/input__product_id")): Object: 'Object Repository/Page_Map  GRiD/input__product_id' is clicked on

2020-09-28 16:23:54 - [MESSAGE][PASSED] - Object: 'Object Repository/Page_Map  GRiD/input__product_id' is clicked on

2020-09-28 16:23:54 - [TEST_STEP][PASSED] - click(findTestObject("Page_Map  GRiD/span_Export")): Object: 'Object Repository/Page_Map  GRiD/span_Export' is clicked on

2020-09-28 16:23:55 - [MESSAGE][PASSED] - Object: 'Object Repository/Page_Map  GRiD/span_Export' is clicked on

2020-09-28 16:23:55 - [TEST_STEP][PASSED] - setText(findTestObject("Page_Map  GRiD/input_Export Name_name"), findTestData("New Test Data - Strategic").getValue("id_name", row)): Text 'S- FG3D: GeoTiff - GeoTiff - GeoPackage - ' is set on object 'Object Repository/Page_Map  GRiD/input_Export Name_name'

2020-09-28 16:23:56 - [MESSAGE][PASSED] - Text 'S- FG3D: GeoTiff - GeoTiff - GeoPackage - ' is set on object 'Object Repository/Page_Map  GRiD/input_Export Name_name'

2020-09-28 16:23:56 - [TEST_STEP][PASSED] - selectOptionByLabel(findTestObject("Page_Map  GRiD/select_GeoTiff  GeoPackage  ERDAS Imagine  --- No Output ---"), findTestData("New Test Data - Strategic").getValue("id_geoint_imagery", row), true): All options with label 'GeoTiff' are selected in object 'Object Repository/Page_Map  GRiD/select_GeoTiff  GeoPackage  ERDAS Imagine  --- No Output ---'  using regular expression

2020-09-28 16:23:57 - [MESSAGE][PASSED] - All options with label 'GeoTiff' are selected in object 'Object Repository/Page_Map  GRiD/select_GeoTiff  GeoPackage  ERDAS Imagine  --- No Output ---'  using regular expression

2020-09-28 16:23:57 - [TEST_STEP][PASSED] - selectOptionByLabel(findTestObject("Page_Map  GRiD/select_GeoTiff  GeoPackage  DTED  --- No Output ---"), findTestData("New Test Data - Strategic").getValue("id_geoint_elevation", row), true): All options with label 'GeoTiff' are selected in object 'Object Repository/Page_Map  GRiD/select_GeoTiff  GeoPackage  DTED  --- No Output ---'  using regular expression

2020-09-28 16:23:58 - [MESSAGE][PASSED] - All options with label 'GeoTiff' are selected in object 'Object Repository/Page_Map  GRiD/select_GeoTiff  GeoPackage  DTED  --- No Output ---'  using regular expression

2020-09-28 16:23:58 - [TEST_STEP][PASSED] - selectOptionByLabel(findTestObject("Page_Map  GRiD/select_ESRI Shapefile  GeoPackage  KML  --- No Output ---"), findTestData("New Test Data - Strategic").getValue("id_geoint_vectors", row), true): All options with label 'GeoPackage' are selected in object 'Object Repository/Page_Map  GRiD/select_ESRI Shapefile  GeoPackage  KML  --- No Output ---'  using regular expression

2020-09-28 16:23:59 - [MESSAGE][PASSED] - All options with label 'GeoPackage' are selected in object 'Object Repository/Page_Map  GRiD/select_ESRI Shapefile  GeoPackage  KML  --- No Output ---'  using regular expression

2020-09-28 16:23:59 - [TEST_STEP][PASSED] - click(findTestObject("Page_Map  GRiD/button_Finish")): Object: 'Object Repository/Page_Map  GRiD/button_Finish' is clicked on

2020-09-28 16:23:59 - [MESSAGE][PASSED] - Object: 'Object Repository/Page_Map  GRiD/button_Finish' is clicked on

2020-09-28 16:23:59 - [TEST_STEP][PASSED] - click(findTestObject("Object Repository/Page_FG3D  GRiD/button_AOI Options")): Object: 'Object Repository/Page_FG3D  GRiD/button_AOI Options' is clicked on

2020-09-28 16:24:04 - [MESSAGE][PASSED] - Object: 'Object Repository/Page_FG3D  GRiD/button_AOI Options' is clicked on

2020-09-28 16:24:04 - [TEST_STEP][PASSED] - click(findTestObject("Object Repository/Page_FG3D  GRiD/a_View on map")): Object: 'Object Repository/Page_FG3D  GRiD/a_View on map' is clicked on

2020-09-28 16:24:05 - [MESSAGE][PASSED] - Object: 'Object Repository/Page_FG3D  GRiD/a_View on map' is clicked on

2020-09-28 16:24:05 - [TEST_STEP][PASSED] - switchToWindowTitle("Map – GRiD"): Switched to window with title: 'Map – GRiD'

2020-09-28 16:24:05 - [MESSAGE][PASSED] - Switched to window with title: 'Map – GRiD'

2020-09-28 16:24:05 - [TEST_STEP][PASSED] - click(findTestObject("Page_Map  GRiD/input__product_id")): Object: 'Object Repository/Page_Map  GRiD/input__product_id' is clicked on

2020-09-28 16:24:07 - [MESSAGE][PASSED] - Object: 'Object Repository/Page_Map  GRiD/input__product_id' is clicked on

2020-09-28 16:24:07 - [TEST_STEP][PASSED] - click(findTestObject("Page_Map  GRiD/span_Export")): Object: 'Object Repository/Page_Map  GRiD/span_Export' is clicked on

2020-09-28 16:24:08 - [MESSAGE][PASSED] - Object: 'Object Repository/Page_Map  GRiD/span_Export' is clicked on

2020-09-28 16:24:08 - [TEST_STEP][PASSED] - setText(findTestObject("Page_Map  GRiD/input_Export Name_name"), findTestData("New Test Data - Strategic").getValue("id_name", row)): Text 'S- FG3D: GeoTiff - GeoTiff - KML - ' is set on object 'Object Repository/Page_Map  GRiD/input_Export Name_name'

2020-09-28 16:24:09 - [MESSAGE][PASSED] - Text 'S- FG3D: GeoTiff - GeoTiff - KML - ' is set on object 'Object Repository/Page_Map  GRiD/input_Export Name_name'

2020-09-28 16:24:09 - [TEST_STEP][PASSED] - selectOptionByLabel(findTestObject("Page_Map  GRiD/select_GeoTiff  GeoPackage  ERDAS Imagine  --- No Output ---"), findTestData("New Test Data - Strategic").getValue("id_geoint_imagery", row), true): All options with label 'GeoTiff' are selected in object 'Object Repository/Page_Map  GRiD/select_GeoTiff  GeoPackage  ERDAS Imagine  --- No Output ---'  using regular expression

2020-09-28 16:24:10 - [MESSAGE][PASSED] - All options with label 'GeoTiff' are selected in object 'Object Repository/Page_Map  GRiD/select_GeoTiff  GeoPackage  ERDAS Imagine  --- No Output ---'  using regular expression

2020-09-28 16:24:10 - [TEST_STEP][PASSED] - selectOptionByLabel(findTestObject("Page_Map  GRiD/select_GeoTiff  GeoPackage  DTED  --- No Output ---"), findTestData("New Test Data - Strategic").getValue("id_geoint_elevation", row), true): All options with label 'GeoTiff' are selected in object 'Object Repository/Page_Map  GRiD/select_GeoTiff  GeoPackage  DTED  --- No Output ---'  using regular expression

2020-09-28 16:24:11 - [MESSAGE][PASSED] - All options with label 'GeoTiff' are selected in object 'Object Repository/Page_Map  GRiD/select_GeoTiff  GeoPackage  DTED  --- No Output ---'  using regular expression

2020-09-28 16:24:11 - [TEST_STEP][PASSED] - selectOptionByLabel(findTestObject("Page_Map  GRiD/select_ESRI Shapefile  GeoPackage  KML  --- No Output ---"), findTestData("New Test Data - Strategic").getValue("id_geoint_vectors", row), true): All options with label 'KML' are selected in object 'Object Repository/Page_Map  GRiD/select_ESRI Shapefile  GeoPackage  KML  --- No Output ---'  using regular expression

2020-09-28 16:24:12 - [MESSAGE][PASSED] - All options with label 'KML' are selected in object 'Object Repository/Page_Map  GRiD/select_ESRI Shapefile  GeoPackage  KML  --- No Output ---'  using regular expression

2020-09-28 16:24:12 - [TEST_STEP][PASSED] - click(findTestObject("Page_Map  GRiD/button_Finish")): Object: 'Object Repository/Page_Map  GRiD/button_Finish' is clicked on

2020-09-28 16:24:12 - [MESSAGE][PASSED] - Object: 'Object Repository/Page_Map  GRiD/button_Finish' is clicked on

2020-09-28 16:24:12 - [TEST_STEP][PASSED] - click(findTestObject("Object Repository/Page_FG3D  GRiD/button_AOI Options")): Object: 'Object Repository/Page_FG3D  GRiD/button_AOI Options' is clicked on

2020-09-28 16:24:17 - [MESSAGE][PASSED] - Object: 'Object Repository/Page_FG3D  GRiD/button_AOI Options' is clicked on

2020-09-28 16:24:17 - [TEST_STEP][PASSED] - click(findTestObject("Object Repository/Page_FG3D  GRiD/a_View on map")): Object: 'Object Repository/Page_FG3D  GRiD/a_View on map' is clicked on

2020-09-28 16:24:17 - [MESSAGE][PASSED] - Object: 'Object Repository/Page_FG3D  GRiD/a_View on map' is clicked on

2020-09-28 16:24:17 - [TEST_STEP][PASSED] - switchToWindowTitle("Map – GRiD"): Switched to window with title: 'Map – GRiD'

2020-09-28 16:24:18 - [MESSAGE][PASSED] - Switched to window with title: 'Map – GRiD'

2020-09-28 16:24:18 - [TEST_STEP][PASSED] - click(findTestObject("Page_Map  GRiD/input__product_id")): Object: 'Object Repository/Page_Map  GRiD/input__product_id' is clicked on

2020-09-28 16:24:20 - [MESSAGE][PASSED] - Object: 'Object Repository/Page_Map  GRiD/input__product_id' is clicked on

2020-09-28 16:24:20 - [TEST_STEP][PASSED] - click(findTestObject("Page_Map  GRiD/span_Export")): Object: 'Object Repository/Page_Map  GRiD/span_Export' is clicked on

2020-09-28 16:24:21 - [MESSAGE][PASSED] - Object: 'Object Repository/Page_Map  GRiD/span_Export' is clicked on

2020-09-28 16:24:21 - [TEST_STEP][PASSED] - setText(findTestObject("Page_Map  GRiD/input_Export Name_name"), findTestData("New Test Data - Strategic").getValue("id_name", row)): Text 'S- FG3D: GeoTiff - GeoTiff - --- No Output --- - ' is set on object 'Object Repository/Page_Map  GRiD/input_Export Name_name'

2020-09-28 16:24:22 - [MESSAGE][PASSED] - Text 'S- FG3D: GeoTiff - GeoTiff - --- No Output --- - ' is set on object 'Object Repository/Page_Map  GRiD/input_Export Name_name'

2020-09-28 16:24:22 - [TEST_STEP][PASSED] - selectOptionByLabel(findTestObject("Page_Map  GRiD/select_GeoTiff  GeoPackage  ERDAS Imagine  --- No Output ---"), findTestData("New Test Data - Strategic").getValue("id_geoint_imagery", row), true): All options with label 'GeoTiff' are selected in object 'Object Repository/Page_Map  GRiD/select_GeoTiff  GeoPackage  ERDAS Imagine  --- No Output ---'  using regular expression

2020-09-28 16:24:23 - [MESSAGE][PASSED] - All options with label 'GeoTiff' are selected in object 'Object Repository/Page_Map  GRiD/select_GeoTiff  GeoPackage  ERDAS Imagine  --- No Output ---'  using regular expression

2020-09-28 16:24:23 - [TEST_STEP][PASSED] - selectOptionByLabel(findTestObject("Page_Map  GRiD/select_GeoTiff  GeoPackage  DTED  --- No Output ---"), findTestData("New Test Data - Strategic").getValue("id_geoint_elevation", row), true): All options with label 'GeoTiff' are selected in object 'Object Repository/Page_Map  GRiD/select_GeoTiff  GeoPackage  DTED  --- No Output ---'  using regular expression

2020-09-28 16:24:24 - [MESSAGE][PASSED] - All options with label 'GeoTiff' are selected in object 'Object Repository/Page_Map  GRiD/select_GeoTiff  GeoPackage  DTED  --- No Output ---'  using regular expression

2020-09-28 16:24:24 - [TEST_STEP][PASSED] - selectOptionByLabel(findTestObject("Page_Map  GRiD/select_ESRI Shapefile  GeoPackage  KML  --- No Output ---"), findTestData("New Test Data - Strategic").getValue("id_geoint_vectors", row), true): All options with label '--- No Output ---' are selected in object 'Object Repository/Page_Map  GRiD/select_ESRI Shapefile  GeoPackage  KML  --- No Output ---'  using regular expression

2020-09-28 16:24:25 - [MESSAGE][PASSED] - All options with label '--- No Output ---' are selected in object 'Object Repository/Page_Map  GRiD/select_ESRI Shapefile  GeoPackage  KML  --- No Output ---'  using regular expression

2020-09-28 16:24:25 - [TEST_STEP][PASSED] - click(findTestObject("Page_Map  GRiD/button_Finish")): Object: 'Object Repository/Page_Map  GRiD/button_Finish' is clicked on

2020-09-28 16:24:25 - [MESSAGE][PASSED] - Object: 'Object Repository/Page_Map  GRiD/button_Finish' is clicked on

2020-09-28 16:24:25 - [TEST_STEP][PASSED] - click(findTestObject("Object Repository/Page_FG3D  GRiD/button_AOI Options")): Object: 'Object Repository/Page_FG3D  GRiD/button_AOI Options' is clicked on

2020-09-28 16:24:30 - [MESSAGE][PASSED] - Object: 'Object Repository/Page_FG3D  GRiD/button_AOI Options' is clicked on

2020-09-28 16:24:30 - [TEST_STEP][PASSED] - click(findTestObject("Object Repository/Page_FG3D  GRiD/a_View on map")): Object: 'Object Repository/Page_FG3D  GRiD/a_View on map' is clicked on

2020-09-28 16:24:30 - [MESSAGE][PASSED] - Object: 'Object Repository/Page_FG3D  GRiD/a_View on map' is clicked on

2020-09-28 16:24:30 - [TEST_STEP][PASSED] - switchToWindowTitle("Map – GRiD"): Switched to window with title: 'Map – GRiD'

2020-09-28 16:24:31 - [MESSAGE][PASSED] - Switched to window with title: 'Map – GRiD'

2020-09-28 16:24:31 - [TEST_STEP][PASSED] - click(findTestObject("Page_Map  GRiD/input__product_id")): Object: 'Object Repository/Page_Map  GRiD/input__product_id' is clicked on

2020-09-28 16:24:33 - [MESSAGE][PASSED] - Object: 'Object Repository/Page_Map  GRiD/input__product_id' is clicked on

2020-09-28 16:24:33 - [TEST_STEP][PASSED] - click(findTestObject("Page_Map  GRiD/span_Export")): Object: 'Object Repository/Page_Map  GRiD/span_Export' is clicked on

2020-09-28 16:24:34 - [MESSAGE][PASSED] - Object: 'Object Repository/Page_Map  GRiD/span_Export' is clicked on

2020-09-28 16:24:34 - [TEST_STEP][PASSED] - setText(findTestObject("Page_Map  GRiD/input_Export Name_name"), findTestData("New Test Data - Strategic").getValue("id_name", row)): Text 'S- FG3D: GeoTiff - GeoPackage - ESRI Shapefile - ' is set on object 'Object Repository/Page_Map  GRiD/input_Export Name_name'

2020-09-28 16:24:36 - [MESSAGE][PASSED] - Text 'S- FG3D: GeoTiff - GeoPackage - ESRI Shapefile - ' is set on object 'Object Repository/Page_Map  GRiD/input_Export Name_name'

2020-09-28 16:24:36 - [TEST_STEP][PASSED] - selectOptionByLabel(findTestObject("Page_Map  GRiD/select_GeoTiff  GeoPackage  ERDAS Imagine  --- No Output ---"), findTestData("New Test Data - Strategic").getValue("id_geoint_imagery", row), true): All options with label 'GeoTiff' are selected in object 'Object Repository/Page_Map  GRiD/select_GeoTiff  GeoPackage  ERDAS Imagine  --- No Output ---'  using regular expression

2020-09-28 16:24:37 - [MESSAGE][PASSED] - All options with label 'GeoTiff' are selected in object 'Object Repository/Page_Map  GRiD/select_GeoTiff  GeoPackage  ERDAS Imagine  --- No Output ---'  using regular expression

2020-09-28 16:24:37 - [TEST_STEP][PASSED] - selectOptionByLabel(findTestObject("Page_Map  GRiD/select_GeoTiff  GeoPackage  DTED  --- No Output ---"), findTestData("New Test Data - Strategic").getValue("id_geoint_elevation", row), true): All options with label 'GeoPackage' are selected in object 'Object Repository/Page_Map  GRiD/select_GeoTiff  GeoPackage  DTED  --- No Output ---'  using regular expression

2020-09-28 16:24:38 - [MESSAGE][PASSED] - All options with label 'GeoPackage' are selected in object 'Object Repository/Page_Map  GRiD/select_GeoTiff  GeoPackage  DTED  --- No Output ---'  using regular expression

2020-09-28 16:24:38 - [TEST_STEP][PASSED] - selectOptionByLabel(findTestObject("Page_Map  GRiD/select_ESRI Shapefile  GeoPackage  KML  --- No Output ---"), findTestData("New Test Data - Strategic").getValue("id_geoint_vectors", row), true): All options with label 'ESRI Shapefile' are selected in object 'Object Repository/Page_Map  GRiD/select_ESRI Shapefile  GeoPackage  KML  --- No Output ---'  using regular expression

2020-09-28 16:24:39 - [MESSAGE][PASSED] - All options with label 'ESRI Shapefile' are selected in object 'Object Repository/Page_Map  GRiD/select_ESRI Shapefile  GeoPackage  KML  --- No Output ---'  using regular expression

2020-09-28 16:24:39 - [TEST_STEP][PASSED] - click(findTestObject("Page_Map  GRiD/button_Finish")): Object: 'Object Repository/Page_Map  GRiD/button_Finish' is clicked on

2020-09-28 16:24:39 - [MESSAGE][PASSED] - Object: 'Object Repository/Page_Map  GRiD/button_Finish' is clicked on

2020-09-28 16:24:39 - [TEST_STEP][PASSED] - click(findTestObject("Object Repository/Page_FG3D  GRiD/button_AOI Options")): Object: 'Object Repository/Page_FG3D  GRiD/button_AOI Options' is clicked on

2020-09-28 16:24:44 - [MESSAGE][PASSED] - Object: 'Object Repository/Page_FG3D  GRiD/button_AOI Options' is clicked on

2020-09-28 16:24:44 - [TEST_STEP][PASSED] - click(findTestObject("Object Repository/Page_FG3D  GRiD/a_View on map")): Object: 'Object Repository/Page_FG3D  GRiD/a_View on map' is clicked on

2020-09-28 16:24:45 - [MESSAGE][PASSED] - Object: 'Object Repository/Page_FG3D  GRiD/a_View on map' is clicked on

2020-09-28 16:24:45 - [TEST_STEP][PASSED] - switchToWindowTitle("Map – GRiD"): Switched to window with title: 'Map – GRiD'

2020-09-28 16:24:45 - [MESSAGE][PASSED] - Switched to window with title: 'Map – GRiD'

2020-09-28 16:24:45 - [TEST_STEP][PASSED] - click(findTestObject("Page_Map  GRiD/input__product_id")): Object: 'Object Repository/Page_Map  GRiD/input__product_id' is clicked on

2020-09-28 16:24:47 - [MESSAGE][PASSED] - Object: 'Object Repository/Page_Map  GRiD/input__product_id' is clicked on

2020-09-28 16:24:47 - [TEST_STEP][PASSED] - click(findTestObject("Page_Map  GRiD/span_Export")): Object: 'Object Repository/Page_Map  GRiD/span_Export' is clicked on

2020-09-28 16:24:48 - [MESSAGE][PASSED] - Object: 'Object Repository/Page_Map  GRiD/span_Export' is clicked on

2020-09-28 16:24:48 - [TEST_STEP][PASSED] - setText(findTestObject("Page_Map  GRiD/input_Export Name_name"), findTestData("New Test Data - Strategic").getValue("id_name", row)): Text 'S- FG3D: GeoTiff - GeoPackage - GeoPackage - ' is set on object 'Object Repository/Page_Map  GRiD/input_Export Name_name'

2020-09-28 16:24:49 - [MESSAGE][PASSED] - Text 'S- FG3D: GeoTiff - GeoPackage - GeoPackage - ' is set on object 'Object Repository/Page_Map  GRiD/input_Export Name_name'

2020-09-28 16:24:49 - [TEST_STEP][PASSED] - selectOptionByLabel(findTestObject("Page_Map  GRiD/select_GeoTiff  GeoPackage  ERDAS Imagine  --- No Output ---"), findTestData("New Test Data - Strategic").getValue("id_geoint_imagery", row), true): All options with label 'GeoTiff' are selected in object 'Object Repository/Page_Map  GRiD/select_GeoTiff  GeoPackage  ERDAS Imagine  --- No Output ---'  using regular expression

2020-09-28 16:24:50 - [MESSAGE][PASSED] - All options with label 'GeoTiff' are selected in object 'Object Repository/Page_Map  GRiD/select_GeoTiff  GeoPackage  ERDAS Imagine  --- No Output ---'  using regular expression

2020-09-28 16:24:50 - [TEST_STEP][PASSED] - selectOptionByLabel(findTestObject("Page_Map  GRiD/select_GeoTiff  GeoPackage  DTED  --- No Output ---"), findTestData("New Test Data - Strategic").getValue("id_geoint_elevation", row), true): All options with label 'GeoPackage' are selected in object 'Object Repository/Page_Map  GRiD/select_GeoTiff  GeoPackage  DTED  --- No Output ---'  using regular expression

2020-09-28 16:24:50 - [MESSAGE][PASSED] - All options with label 'GeoPackage' are selected in object 'Object Repository/Page_Map  GRiD/select_GeoTiff  GeoPackage  DTED  --- No Output ---'  using regular expression

2020-09-28 16:24:50 - [TEST_STEP][PASSED] - selectOptionByLabel(findTestObject("Page_Map  GRiD/select_ESRI Shapefile  GeoPackage  KML  --- No Output ---"), findTestData("New Test Data - Strategic").getValue("id_geoint_vectors", row), true): All options with label 'GeoPackage' are selected in object 'Object Repository/Page_Map  GRiD/select_ESRI Shapefile  GeoPackage  KML  --- No Output ---'  using regular expression

2020-09-28 16:24:52 - [MESSAGE][PASSED] - All options with label 'GeoPackage' are selected in object 'Object Repository/Page_Map  GRiD/select_ESRI Shapefile  GeoPackage  KML  --- No Output ---'  using regular expression

2020-09-28 16:24:52 - [TEST_STEP][PASSED] - click(findTestObject("Page_Map  GRiD/button_Finish")): Object: 'Object Repository/Page_Map  GRiD/button_Finish' is clicked on

2020-09-28 16:24:52 - [MESSAGE][PASSED] - Object: 'Object Repository/Page_Map  GRiD/button_Finish' is clicked on

2020-09-28 16:24:52 - [TEST_STEP][PASSED] - click(findTestObject("Object Repository/Page_FG3D  GRiD/button_AOI Options")): Object: 'Object Repository/Page_FG3D  GRiD/button_AOI Options' is clicked on

2020-09-28 16:24:58 - [MESSAGE][PASSED] - Object: 'Object Repository/Page_FG3D  GRiD/button_AOI Options' is clicked on

2020-09-28 16:24:58 - [TEST_STEP][PASSED] - click(findTestObject("Object Repository/Page_FG3D  GRiD/a_View on map")): Object: 'Object Repository/Page_FG3D  GRiD/a_View on map' is clicked on

2020-09-28 16:24:58 - [MESSAGE][PASSED] - Object: 'Object Repository/Page_FG3D  GRiD/a_View on map' is clicked on

2020-09-28 16:24:58 - [TEST_STEP][PASSED] - switchToWindowTitle("Map – GRiD"): Switched to window with title: 'Map – GRiD'

2020-09-28 16:24:59 - [MESSAGE][PASSED] - Switched to window with title: 'Map – GRiD'

2020-09-28 16:24:59 - [TEST_STEP][PASSED] - click(findTestObject("Page_Map  GRiD/input__product_id")): Object: 'Object Repository/Page_Map  GRiD/input__product_id' is clicked on

2020-09-28 16:25:01 - [MESSAGE][PASSED] - Object: 'Object Repository/Page_Map  GRiD/input__product_id' is clicked on

2020-09-28 16:25:01 - [TEST_STEP][PASSED] - click(findTestObject("Page_Map  GRiD/span_Export")): Object: 'Object Repository/Page_Map  GRiD/span_Export' is clicked on

2020-09-28 16:25:02 - [MESSAGE][PASSED] - Object: 'Object Repository/Page_Map  GRiD/span_Export' is clicked on

2020-09-28 16:25:02 - [TEST_STEP][PASSED] - setText(findTestObject("Page_Map  GRiD/input_Export Name_name"), findTestData("New Test Data - Strategic").getValue("id_name", row)): Text 'S- FG3D: GeoTiff - GeoPackage - KML - ' is set on object 'Object Repository/Page_Map  GRiD/input_Export Name_name'

2020-09-28 16:25:04 - [MESSAGE][PASSED] - Text 'S- FG3D: GeoTiff - GeoPackage - KML - ' is set on object 'Object Repository/Page_Map  GRiD/input_Export Name_name'

2020-09-28 16:25:04 - [TEST_STEP][PASSED] - selectOptionByLabel(findTestObject("Page_Map  GRiD/select_GeoTiff  GeoPackage  ERDAS Imagine  --- No Output ---"), findTestData("New Test Data - Strategic").getValue("id_geoint_imagery", row), true): All options with label 'GeoTiff' are selected in object 'Object Repository/Page_Map  GRiD/select_GeoTiff  GeoPackage  ERDAS Imagine  --- No Output ---'  using regular expression

2020-09-28 16:25:05 - [MESSAGE][PASSED] - All options with label 'GeoTiff' are selected in object 'Object Repository/Page_Map  GRiD/select_GeoTiff  GeoPackage  ERDAS Imagine  --- No Output ---'  using regular expression

2020-09-28 16:25:05 - [TEST_STEP][PASSED] - selectOptionByLabel(findTestObject("Page_Map  GRiD/select_GeoTiff  GeoPackage  DTED  --- No Output ---"), findTestData("New Test Data - Strategic").getValue("id_geoint_elevation", row), true): All options with label 'GeoPackage' are selected in object 'Object Repository/Page_Map  GRiD/select_GeoTiff  GeoPackage  DTED  --- No Output ---'  using regular expression

2020-09-28 16:25:06 - [MESSAGE][PASSED] - All options with label 'GeoPackage' are selected in object 'Object Repository/Page_Map  GRiD/select_GeoTiff  GeoPackage  DTED  --- No Output ---'  using regular expression

2020-09-28 16:25:06 - [TEST_STEP][PASSED] - selectOptionByLabel(findTestObject("Page_Map  GRiD/select_ESRI Shapefile  GeoPackage  KML  --- No Output ---"), findTestData("New Test Data - Strategic").getValue("id_geoint_vectors", row), true): All options with label 'KML' are selected in object 'Object Repository/Page_Map  GRiD/select_ESRI Shapefile  GeoPackage  KML  --- No Output ---'  using regular expression

2020-09-28 16:25:07 - [MESSAGE][PASSED] - All options with label 'KML' are selected in object 'Object Repository/Page_Map  GRiD/select_ESRI Shapefile  GeoPackage  KML  --- No Output ---'  using regular expression

2020-09-28 16:25:07 - [TEST_STEP][PASSED] - click(findTestObject("Page_Map  GRiD/button_Finish")): Object: 'Object Repository/Page_Map  GRiD/button_Finish' is clicked on

2020-09-28 16:25:07 - [MESSAGE][PASSED] - Object: 'Object Repository/Page_Map  GRiD/button_Finish' is clicked on

2020-09-28 16:25:07 - [TEST_STEP][PASSED] - click(findTestObject("Object Repository/Page_FG3D  GRiD/button_AOI Options")): Object: 'Object Repository/Page_FG3D  GRiD/button_AOI Options' is clicked on

2020-09-28 16:25:12 - [MESSAGE][PASSED] - Object: 'Object Repository/Page_FG3D  GRiD/button_AOI Options' is clicked on

2020-09-28 16:25:12 - [TEST_STEP][PASSED] - click(findTestObject("Object Repository/Page_FG3D  GRiD/a_View on map")): Object: 'Object Repository/Page_FG3D  GRiD/a_View on map' is clicked on

2020-09-28 16:25:13 - [MESSAGE][PASSED] - Object: 'Object Repository/Page_FG3D  GRiD/a_View on map' is clicked on

2020-09-28 16:25:13 - [TEST_STEP][PASSED] - switchToWindowTitle("Map – GRiD"): Switched to window with title: 'Map – GRiD'

2020-09-28 16:25:14 - [MESSAGE][PASSED] - Switched to window with title: 'Map – GRiD'

2020-09-28 16:25:14 - [TEST_STEP][PASSED] - click(findTestObject("Page_Map  GRiD/input__product_id")): Object: 'Object Repository/Page_Map  GRiD/input__product_id' is clicked on

2020-09-28 16:25:16 - [MESSAGE][PASSED] - Object: 'Object Repository/Page_Map  GRiD/input__product_id' is clicked on

2020-09-28 16:25:16 - [TEST_STEP][PASSED] - click(findTestObject("Page_Map  GRiD/span_Export")): Object: 'Object Repository/Page_Map  GRiD/span_Export' is clicked on

2020-09-28 16:25:17 - [MESSAGE][PASSED] - Object: 'Object Repository/Page_Map  GRiD/span_Export' is clicked on

2020-09-28 16:25:17 - [TEST_STEP][PASSED] - setText(findTestObject("Page_Map  GRiD/input_Export Name_name"), findTestData("New Test Data - Strategic").getValue("id_name", row)): Text 'S- FG3D: GeoTiff - GeoPackage - --- No Output --- - ' is set on object 'Object Repository/Page_Map  GRiD/input_Export Name_name'

2020-09-28 16:25:18 - [MESSAGE][PASSED] - Text 'S- FG3D: GeoTiff - GeoPackage - --- No Output --- - ' is set on object 'Object Repository/Page_Map  GRiD/input_Export Name_name'

2020-09-28 16:25:18 - [TEST_STEP][PASSED] - selectOptionByLabel(findTestObject("Page_Map  GRiD/select_GeoTiff  GeoPackage  ERDAS Imagine  --- No Output ---"), findTestData("New Test Data - Strategic").getValue("id_geoint_imagery", row), true): All options with label 'GeoTiff' are selected in object 'Object Repository/Page_Map  GRiD/select_GeoTiff  GeoPackage  ERDAS Imagine  --- No Output ---'  using regular expression

2020-09-28 16:25:19 - [MESSAGE][PASSED] - All options with label 'GeoTiff' are selected in object 'Object Repository/Page_Map  GRiD/select_GeoTiff  GeoPackage  ERDAS Imagine  --- No Output ---'  using regular expression

2020-09-28 16:25:19 - [TEST_STEP][PASSED] - selectOptionByLabel(findTestObject("Page_Map  GRiD/select_GeoTiff  GeoPackage  DTED  --- No Output ---"), findTestData("New Test Data - Strategic").getValue("id_geoint_elevation", row), true): All options with label 'GeoPackage' are selected in object 'Object Repository/Page_Map  GRiD/select_GeoTiff  GeoPackage  DTED  --- No Output ---'  using regular expression

2020-09-28 16:25:20 - [MESSAGE][PASSED] - All options with label 'GeoPackage' are selected in object 'Object Repository/Page_Map  GRiD/select_GeoTiff  GeoPackage  DTED  --- No Output ---'  using regular expression

2020-09-28 16:25:20 - [TEST_STEP][PASSED] - selectOptionByLabel(findTestObject("Page_Map  GRiD/select_ESRI Shapefile  GeoPackage  KML  --- No Output ---"), findTestData("New Test Data - Strategic").getValue("id_geoint_vectors", row), true): All options with label '--- No Output ---' are selected in object 'Object Repository/Page_Map  GRiD/select_ESRI Shapefile  GeoPackage  KML  --- No Output ---'  using regular expression

2020-09-28 16:25:21 - [MESSAGE][PASSED] - All options with label '--- No Output ---' are selected in object 'Object Repository/Page_Map  GRiD/select_ESRI Shapefile  GeoPackage  KML  --- No Output ---'  using regular expression

2020-09-28 16:25:21 - [TEST_STEP][PASSED] - click(findTestObject("Page_Map  GRiD/button_Finish")): Object: 'Object Repository/Page_Map  GRiD/button_Finish' is clicked on

2020-09-28 16:25:21 - [MESSAGE][PASSED] - Object: 'Object Repository/Page_Map  GRiD/button_Finish' is clicked on

2020-09-28 16:25:21 - [TEST_STEP][PASSED] - click(findTestObject("Object Repository/Page_FG3D  GRiD/button_AOI Options")): Object: 'Object Repository/Page_FG3D  GRiD/button_AOI Options' is clicked on

2020-09-28 16:25:26 - [MESSAGE][PASSED] - Object: 'Object Repository/Page_FG3D  GRiD/button_AOI Options' is clicked on

2020-09-28 16:25:26 - [TEST_STEP][PASSED] - click(findTestObject("Object Repository/Page_FG3D  GRiD/a_View on map")): Object: 'Object Repository/Page_FG3D  GRiD/a_View on map' is clicked on

2020-09-28 16:25:27 - [MESSAGE][PASSED] - Object: 'Object Repository/Page_FG3D  GRiD/a_View on map' is clicked on

2020-09-28 16:25:27 - [TEST_STEP][PASSED] - switchToWindowTitle("Map – GRiD"): Switched to window with title: 'Map – GRiD'

2020-09-28 16:25:27 - [MESSAGE][PASSED] - Switched to window with title: 'Map – GRiD'

2020-09-28 16:25:27 - [TEST_STEP][PASSED] - click(findTestObject("Page_Map  GRiD/input__product_id")): Object: 'Object Repository/Page_Map  GRiD/input__product_id' is clicked on

2020-09-28 16:25:30 - [MESSAGE][PASSED] - Object: 'Object Repository/Page_Map  GRiD/input__product_id' is clicked on

2020-09-28 16:25:30 - [TEST_STEP][PASSED] - click(findTestObject("Page_Map  GRiD/span_Export")): Object: 'Object Repository/Page_Map  GRiD/span_Export' is clicked on

2020-09-28 16:25:30 - [MESSAGE][PASSED] - Object: 'Object Repository/Page_Map  GRiD/span_Export' is clicked on

2020-09-28 16:25:30 - [TEST_STEP][PASSED] - setText(findTestObject("Page_Map  GRiD/input_Export Name_name"), findTestData("New Test Data - Strategic").getValue("id_name", row)): Text 'S- FG3D: GeoTiff - DTED - ERSI Shapefile - ' is set on object 'Object Repository/Page_Map  GRiD/input_Export Name_name'

2020-09-28 16:25:32 - [MESSAGE][PASSED] - Text 'S- FG3D: GeoTiff - DTED - ERSI Shapefile - ' is set on object 'Object Repository/Page_Map  GRiD/input_Export Name_name'

2020-09-28 16:25:32 - [TEST_STEP][PASSED] - selectOptionByLabel(findTestObject("Page_Map  GRiD/select_GeoTiff  GeoPackage  ERDAS Imagine  --- No Output ---"), findTestData("New Test Data - Strategic").getValue("id_geoint_imagery", row), true): All options with label 'GeoTiff' are selected in object 'Object Repository/Page_Map  GRiD/select_GeoTiff  GeoPackage  ERDAS Imagine  --- No Output ---'  using regular expression

2020-09-28 16:25:32 - [MESSAGE][PASSED] - All options with label 'GeoTiff' are selected in object 'Object Repository/Page_Map  GRiD/select_GeoTiff  GeoPackage  ERDAS Imagine  --- No Output ---'  using regular expression

2020-09-28 16:25:32 - [TEST_STEP][PASSED] - selectOptionByLabel(findTestObject("Page_Map  GRiD/select_GeoTiff  GeoPackage  DTED  --- No Output ---"), findTestData("New Test Data - Strategic").getValue("id_geoint_elevation", row), true): All options with label 'DTED' are selected in object 'Object Repository/Page_Map  GRiD/select_GeoTiff  GeoPackage  DTED  --- No Output ---'  using regular expression

2020-09-28 16:25:33 - [MESSAGE][PASSED] - All options with label 'DTED' are selected in object 'Object Repository/Page_Map  GRiD/select_GeoTiff  GeoPackage  DTED  --- No Output ---'  using regular expression

2020-09-28 16:25:33 - [TEST_STEP][FAILED] - selectOptionByLabel(findTestObject("Page_Map  GRiD/select_ESRI Shapefile  GeoPackage  KML  --- No Output ---"), findTestData("New Test Data - Strategic").getValue("id_geoint_vectors", row), true): Unable to select option by label 'ERSI Shapefile' of object 'Object Repository/Page_Map  GRiD/select_ESRI Shapefile  GeoPackage  KML  --- No Output ---'  using regular expression (Root cause: com.kms.katalon.core.exception.StepFailedException: Unable to select option by label 'ERSI Shapefile' of object 'Object Repository/Page_Map  GRiD/select_ESRI Shapefile  GeoPackage  KML  --- No Output ---'  using regular expression
	at com.kms.katalon.core.webui.keyword.internal.WebUIKeywordMain.stepFailed(WebUIKeywordMain.groovy:64)
	at com.kms.katalon.core.webui.keyword.internal.WebUIKeywordMain.runKeyword(WebUIKeywordMain.groovy:26)
	at com.kms.katalon.core.webui.keyword.builtin.SelectOptionByLabelKeyword.selectOptionByLabel(SelectOptionByLabelKeyword.groovy:98)
	at com.kms.katalon.core.webui.keyword.builtin.SelectOptionByLabelKeyword.execute(SelectOptionByLabelKeyword.groovy:71)
	at com.kms.katalon.core.keyword.internal.KeywordExecutor.executeKeywordForPlatform(KeywordExecutor.groovy:73)
	at com.kms.katalon.core.webui.keyword.WebUiBuiltInKeywords.selectOptionByLabel(WebUiBuiltInKeywords.groovy:1226)
	at com.kms.katalon.core.webui.keyword.WebUiBuiltInKeywords$selectOptionByLabel$4.call(Unknown Source)
	at FG3D Test - Stragetic.run(FG3D Test - Stragetic:51)
	at com.kms.katalon.core.main.ScriptEngine.run(ScriptEngine.java:194)
	at com.kms.katalon.core.main.ScriptEngine.runScriptAsRawText(ScriptEngine.java:119)
	at com.kms.katalon.core.main.TestCaseExecutor.runScript(TestCaseExecutor.java:339)
	at com.kms.katalon.core.main.TestCaseExecutor.doExecute(TestCaseExecutor.java:330)
	at com.kms.katalon.core.main.TestCaseExecutor.processExecutionPhase(TestCaseExecutor.java:309)
	at com.kms.katalon.core.main.TestCaseExecutor.accessMainPhase(TestCaseExecutor.java:301)
	at com.kms.katalon.core.main.TestCaseExecutor.execute(TestCaseExecutor.java:235)
	at com.kms.katalon.core.main.TestSuiteExecutor.accessTestCaseMainPhase(TestSuiteExecutor.java:191)
	at com.kms.katalon.core.main.TestSuiteExecutor.accessTestSuiteMainPhase(TestSuiteExecutor.java:141)
	at com.kms.katalon.core.main.TestSuiteExecutor.execute(TestSuiteExecutor.java:90)
	at com.kms.katalon.core.main.TestCaseMain.startTestSuite(TestCaseMain.java:157)
	at com.kms.katalon.core.main.TestCaseMain$startTestSuite$0.call(Unknown Source)
	at TempTestSuite1601324593621.run(TempTestSuite1601324593621.groovy:39)
Caused by: com.kms.katalon.core.exception.StepFailedException: No option matched.
	at com.kms.katalon.core.keyword.internal.KeywordMain.stepFailed(KeywordMain.groovy:50)
	at com.kms.katalon.core.keyword.internal.KeywordMain.stepFailed(KeywordMain.groovy)
	at com.kms.katalon.core.keyword.internal.KeywordMain.stepFailed(KeywordMain.groovy:23)
	at com.kms.katalon.core.webui.keyword.builtin.SelectOptionByLabelKeyword$_selectOptionByLabel_closure1.doCall(SelectOptionByLabelKeyword.groovy:91)
	at com.kms.katalon.core.webui.keyword.builtin.SelectOptionByLabelKeyword$_selectOptionByLabel_closure1.call(SelectOptionByLabelKeyword.groovy)
	at com.kms.katalon.core.webui.keyword.internal.WebUIKeywordMain.runKeyword(WebUIKeywordMain.groovy:20)
	at com.kms.katalon.core.webui.keyword.builtin.SelectOptionByLabelKeyword.selectOptionByLabel(SelectOptionByLabelKeyword.groovy:98)
	at com.kms.katalon.core.webui.keyword.builtin.SelectOptionByLabelKeyword.execute(SelectOptionByLabelKeyword.groovy:71)
	at com.kms.katalon.core.keyword.internal.KeywordExecutor.executeKeywordForPlatform(KeywordExecutor.groovy:73)
	at com.kms.katalon.core.webui.keyword.WebUiBuiltInKeywords.selectOptionByLabel(WebUiBuiltInKeywords.groovy:1226)
	at com.kms.katalon.core.webui.keyword.WebUiBuiltInKeywords$selectOptionByLabel$4.call(Unknown Source)
	at Script1599149155505.run(Script1599149155505.groovy:51)
	... 13 more
)

2020-09-28 16:25:34 - [MESSAGE][FAILED] - No option matched.

2020-09-28 16:25:35 - [MESSAGE][FAILED] - Unable to select option by label 'ERSI Shapefile' of object 'Object Repository/Page_Map  GRiD/select_ESRI Shapefile  GeoPackage  KML  --- No Output ---'  using regular expression (Root cause: com.kms.katalon.core.exception.StepFailedException: Unable to select option by label 'ERSI Shapefile' of object 'Object Repository/Page_Map  GRiD/select_ESRI Shapefile  GeoPackage  KML  --- No Output ---'  using regular expression
	at com.kms.katalon.core.webui.keyword.internal.WebUIKeywordMain.stepFailed(WebUIKeywordMain.groovy:64)
	at com.kms.katalon.core.webui.keyword.internal.WebUIKeywordMain.runKeyword(WebUIKeywordMain.groovy:26)
	at com.kms.katalon.core.webui.keyword.builtin.SelectOptionByLabelKeyword.selectOptionByLabel(SelectOptionByLabelKeyword.groovy:98)
	at com.kms.katalon.core.webui.keyword.builtin.SelectOptionByLabelKeyword.execute(SelectOptionByLabelKeyword.groovy:71)
	at com.kms.katalon.core.keyword.internal.KeywordExecutor.executeKeywordForPlatform(KeywordExecutor.groovy:73)
	at com.kms.katalon.core.webui.keyword.WebUiBuiltInKeywords.selectOptionByLabel(WebUiBuiltInKeywords.groovy:1226)
	at com.kms.katalon.core.webui.keyword.WebUiBuiltInKeywords$selectOptionByLabel$4.call(Unknown Source)
	at FG3D Test - Stragetic.run(FG3D Test - Stragetic:51)
	at com.kms.katalon.core.main.ScriptEngine.run(ScriptEngine.java:194)
	at com.kms.katalon.core.main.ScriptEngine.runScriptAsRawText(ScriptEngine.java:119)
	at com.kms.katalon.core.main.TestCaseExecutor.runScript(TestCaseExecutor.java:339)
	at com.kms.katalon.core.main.TestCaseExecutor.doExecute(TestCaseExecutor.java:330)
	at com.kms.katalon.core.main.TestCaseExecutor.processExecutionPhase(TestCaseExecutor.java:309)
	at com.kms.katalon.core.main.TestCaseExecutor.accessMainPhase(TestCaseExecutor.java:301)
	at com.kms.katalon.core.main.TestCaseExecutor.execute(TestCaseExecutor.java:235)
	at com.kms.katalon.core.main.TestSuiteExecutor.accessTestCaseMainPhase(TestSuiteExecutor.java:191)
	at com.kms.katalon.core.main.TestSuiteExecutor.accessTestSuiteMainPhase(TestSuiteExecutor.java:141)
	at com.kms.katalon.core.main.TestSuiteExecutor.execute(TestSuiteExecutor.java:90)
	at com.kms.katalon.core.main.TestCaseMain.startTestSuite(TestCaseMain.java:157)
	at com.kms.katalon.core.main.TestCaseMain$startTestSuite$0.call(Unknown Source)
	at TempTestSuite1601324593621.run(TempTestSuite1601324593621.groovy:39)
Caused by: com.kms.katalon.core.exception.StepFailedException: No option matched.
	at com.kms.katalon.core.keyword.internal.KeywordMain.stepFailed(KeywordMain.groovy:50)
	at com.kms.katalon.core.keyword.internal.KeywordMain.stepFailed(KeywordMain.groovy)
	at com.kms.katalon.core.keyword.internal.KeywordMain.stepFailed(KeywordMain.groovy:23)
	at com.kms.katalon.core.webui.keyword.builtin.SelectOptionByLabelKeyword$_selectOptionByLabel_closure1.doCall(SelectOptionByLabelKeyword.groovy:91)
	at com.kms.katalon.core.webui.keyword.builtin.SelectOptionByLabelKeyword$_selectOptionByLabel_closure1.call(SelectOptionByLabelKeyword.groovy)
	at com.kms.katalon.core.webui.keyword.internal.WebUIKeywordMain.runKeyword(WebUIKeywordMain.groovy:20)
	at com.kms.katalon.core.webui.keyword.builtin.SelectOptionByLabelKeyword.selectOptionByLabel(SelectOptionByLabelKeyword.groovy:98)
	at com.kms.katalon.core.webui.keyword.builtin.SelectOptionByLabelKeyword.execute(SelectOptionByLabelKeyword.groovy:71)
	at com.kms.katalon.core.keyword.internal.KeywordExecutor.executeKeywordForPlatform(KeywordExecutor.groovy:73)
	at com.kms.katalon.core.webui.keyword.WebUiBuiltInKeywords.selectOptionByLabel(WebUiBuiltInKeywords.groovy:1226)
	at com.kms.katalon.core.webui.keyword.WebUiBuiltInKeywords$selectOptionByLabel$4.call(Unknown Source)
	at Script1599149155505.run(Script1599149155505.groovy:51)
	... 13 more
)
[[ATTACHMENT|/Users/bhavikpatel/Downloads/Projects/CRREL/GRiD/Automation Testing/Automation Testing Project/KatalonTesting/Reports/20200928_162313/GRiD FG3D/20200928_162313/1601324734551.png]]]]></system-out>
         <system-err><![CDATA[2020-09-28 16:23:17 - [TEST_CASE][FAILED] - Test Cases/FG3D/FG3D Test - Stragetic: Test Cases/FG3D/FG3D Test - Stragetic FAILED.
Reason:
com.kms.katalon.core.exception.StepFailedException: Unable to select option by label 'ERSI Shapefile' of object 'Object Repository/Page_Map  GRiD/select_ESRI Shapefile  GeoPackage  KML  --- No Output ---'  using regular expression
	at com.kms.katalon.core.webui.keyword.internal.WebUIKeywordMain.stepFailed(WebUIKeywordMain.groovy:64)
	at com.kms.katalon.core.webui.keyword.internal.WebUIKeywordMain.runKeyword(WebUIKeywordMain.groovy:26)
	at com.kms.katalon.core.webui.keyword.builtin.SelectOptionByLabelKeyword.selectOptionByLabel(SelectOptionByLabelKeyword.groovy:98)
	at com.kms.katalon.core.webui.keyword.builtin.SelectOptionByLabelKeyword.execute(SelectOptionByLabelKeyword.groovy:71)
	at com.kms.katalon.core.keyword.internal.KeywordExecutor.executeKeywordForPlatform(KeywordExecutor.groovy:73)
	at com.kms.katalon.core.webui.keyword.WebUiBuiltInKeywords.selectOptionByLabel(WebUiBuiltInKeywords.groovy:1226)
	at com.kms.katalon.core.webui.keyword.WebUiBuiltInKeywords$selectOptionByLabel$4.call(Unknown Source)
	at FG3D Test - Stragetic.run(FG3D Test - Stragetic:51)
	at com.kms.katalon.core.main.ScriptEngine.run(ScriptEngine.java:194)
	at com.kms.katalon.core.main.ScriptEngine.runScriptAsRawText(ScriptEngine.java:119)
	at com.kms.katalon.core.main.TestCaseExecutor.runScript(TestCaseExecutor.java:339)
	at com.kms.katalon.core.main.TestCaseExecutor.doExecute(TestCaseExecutor.java:330)
	at com.kms.katalon.core.main.TestCaseExecutor.processExecutionPhase(TestCaseExecutor.java:309)
	at com.kms.katalon.core.main.TestCaseExecutor.accessMainPhase(TestCaseExecutor.java:301)
	at com.kms.katalon.core.main.TestCaseExecutor.execute(TestCaseExecutor.java:235)
	at com.kms.katalon.core.main.TestSuiteExecutor.accessTestCaseMainPhase(TestSuiteExecutor.java:191)
	at com.kms.katalon.core.main.TestSuiteExecutor.accessTestSuiteMainPhase(TestSuiteExecutor.java:141)
	at com.kms.katalon.core.main.TestSuiteExecutor.execute(TestSuiteExecutor.java:90)
	at com.kms.katalon.core.main.TestCaseMain.startTestSuite(TestCaseMain.java:157)
	at com.kms.katalon.core.main.TestCaseMain$startTestSuite$0.call(Unknown Source)
	at TempTestSuite1601324593621.run(TempTestSuite1601324593621.groovy:39)
Caused by: com.kms.katalon.core.exception.StepFailedException: No option matched.
	at com.kms.katalon.core.keyword.internal.KeywordMain.stepFailed(KeywordMain.groovy:50)
	at com.kms.katalon.core.keyword.internal.KeywordMain.stepFailed(KeywordMain.groovy)
	at com.kms.katalon.core.keyword.internal.KeywordMain.stepFailed(KeywordMain.groovy:23)
	at com.kms.katalon.core.webui.keyword.builtin.SelectOptionByLabelKeyword$_selectOptionByLabel_closure1.doCall(SelectOptionByLabelKeyword.groovy:91)
	at com.kms.katalon.core.webui.keyword.builtin.SelectOptionByLabelKeyword$_selectOptionByLabel_closure1.call(SelectOptionByLabelKeyword.groovy)
	at com.kms.katalon.core.webui.keyword.internal.WebUIKeywordMain.runKeyword(WebUIKeywordMain.groovy:20)
	... 19 more]]></system-err>
      </testcase>
      <testcase name="Test Cases/FG3D/FG3D Test - Stragetic" time="309.354" classname="Test Cases/FG3D/FG3D Test - Stragetic" status="FAILED">
         <failure type="FAILED" message="Test Cases/FG3D/FG3D Test - Stragetic FAILED.
Reason:
com.kms.katalon.core.exception.StepFailedException: Unable to select option by label 'ERSI Shapefile' of object 'Object Repository/Page_Map  GRiD/select_ESRI Shapefile  GeoPackage  KML  --- No Output ---'  using regular expression
	at com.kms.katalon.core.webui.keyword.internal.WebUIKeywordMain.stepFailed(WebUIKeywordMain.groovy:64)
	at com.kms.katalon.core.webui.keyword.internal.WebUIKeywordMain.runKeyword(WebUIKeywordMain.groovy:26)
	at com.kms.katalon.core.webui.keyword.builtin.SelectOptionByLabelKeyword.selectOptionByLabel(SelectOptionByLabelKeyword.groovy:98)
	at com.kms.katalon.core.webui.keyword.builtin.SelectOptionByLabelKeyword.execute(SelectOptionByLabelKeyword.groovy:71)
	at com.kms.katalon.core.keyword.internal.KeywordExecutor.executeKeywordForPlatform(KeywordExecutor.groovy:73)
	at com.kms.katalon.core.webui.keyword.WebUiBuiltInKeywords.selectOptionByLabel(WebUiBuiltInKeywords.groovy:1226)
	at com.kms.katalon.core.webui.keyword.WebUiBuiltInKeywords$selectOptionByLabel$4.call(Unknown Source)
	at FG3D Test - Stragetic.run(FG3D Test - Stragetic:51)
	at com.kms.katalon.core.main.ScriptEngine.run(ScriptEngine.java:194)
	at com.kms.katalon.core.main.ScriptEngine.runScriptAsRawText(ScriptEngine.java:119)
	at com.kms.katalon.core.main.TestCaseExecutor.runScript(TestCaseExecutor.java:339)
	at com.kms.katalon.core.main.TestCaseExecutor.doExecute(TestCaseExecutor.java:330)
	at com.kms.katalon.core.main.TestCaseExecutor.processExecutionPhase(TestCaseExecutor.java:309)
	at com.kms.katalon.core.main.TestCaseExecutor.accessMainPhase(TestCaseExecutor.java:301)
	at com.kms.katalon.core.main.TestCaseExecutor.execute(TestCaseExecutor.java:235)
	at com.kms.katalon.core.main.TestSuiteExecutor.accessTestCaseMainPhase(TestSuiteExecutor.java:191)
	at com.kms.katalon.core.main.TestSuiteExecutor.accessTestSuiteMainPhase(TestSuiteExecutor.java:141)
	at com.kms.katalon.core.main.TestSuiteExecutor.execute(TestSuiteExecutor.java:90)
	at com.kms.katalon.core.main.TestCaseMain.startTestSuite(TestCaseMain.java:157)
	at com.kms.katalon.core.main.TestCaseMain$startTestSuite$0.call(Unknown Source)
	at TempTestSuite1601324593621.run(TempTestSuite1601324593621.groovy:39)
Caused by: com.kms.katalon.core.exception.StepFailedException: No option matched.
	at com.kms.katalon.core.keyword.internal.KeywordMain.stepFailed(KeywordMain.groovy:50)
	at com.kms.katalon.core.keyword.internal.KeywordMain.stepFailed(KeywordMain.groovy)
	at com.kms.katalon.core.keyword.internal.KeywordMain.stepFailed(KeywordMain.groovy:23)
	at com.kms.katalon.core.webui.keyword.builtin.SelectOptionByLabelKeyword$_selectOptionByLabel_closure1.doCall(SelectOptionByLabelKeyword.groovy:91)
	at com.kms.katalon.core.webui.keyword.builtin.SelectOptionByLabelKeyword$_selectOptionByLabel_closure1.call(SelectOptionByLabelKeyword.groovy)
	at com.kms.katalon.core.webui.keyword.internal.WebUIKeywordMain.runKeyword(WebUIKeywordMain.groovy:20)
	... 19 more
"/>
         <system-out><![CDATA[2020-09-28 16:25:35 - [TEST_CASE][FAILED] - Test Cases/FG3D/FG3D Test - Stragetic: Test Cases/FG3D/FG3D Test - Stragetic FAILED.
Reason:
com.kms.katalon.core.exception.StepFailedException: Unable to select option by label 'ERSI Shapefile' of object 'Object Repository/Page_Map  GRiD/select_ESRI Shapefile  GeoPackage  KML  --- No Output ---'  using regular expression
	at com.kms.katalon.core.webui.keyword.internal.WebUIKeywordMain.stepFailed(WebUIKeywordMain.groovy:64)
	at com.kms.katalon.core.webui.keyword.internal.WebUIKeywordMain.runKeyword(WebUIKeywordMain.groovy:26)
	at com.kms.katalon.core.webui.keyword.builtin.SelectOptionByLabelKeyword.selectOptionByLabel(SelectOptionByLabelKeyword.groovy:98)
	at com.kms.katalon.core.webui.keyword.builtin.SelectOptionByLabelKeyword.execute(SelectOptionByLabelKeyword.groovy:71)
	at com.kms.katalon.core.keyword.internal.KeywordExecutor.executeKeywordForPlatform(KeywordExecutor.groovy:73)
	at com.kms.katalon.core.webui.keyword.WebUiBuiltInKeywords.selectOptionByLabel(WebUiBuiltInKeywords.groovy:1226)
	at com.kms.katalon.core.webui.keyword.WebUiBuiltInKeywords$selectOptionByLabel$4.call(Unknown Source)
	at FG3D Test - Stragetic.run(FG3D Test - Stragetic:51)
	at com.kms.katalon.core.main.ScriptEngine.run(ScriptEngine.java:194)
	at com.kms.katalon.core.main.ScriptEngine.runScriptAsRawText(ScriptEngine.java:119)
	at com.kms.katalon.core.main.TestCaseExecutor.runScript(TestCaseExecutor.java:339)
	at com.kms.katalon.core.main.TestCaseExecutor.doExecute(TestCaseExecutor.java:330)
	at com.kms.katalon.core.main.TestCaseExecutor.processExecutionPhase(TestCaseExecutor.java:309)
	at com.kms.katalon.core.main.TestCaseExecutor.accessMainPhase(TestCaseExecutor.java:301)
	at com.kms.katalon.core.main.TestCaseExecutor.execute(TestCaseExecutor.java:235)
	at com.kms.katalon.core.main.TestSuiteExecutor.accessTestCaseMainPhase(TestSuiteExecutor.java:191)
	at com.kms.katalon.core.main.TestSuiteExecutor.accessTestSuiteMainPhase(TestSuiteExecutor.java:141)
	at com.kms.katalon.core.main.TestSuiteExecutor.execute(TestSuiteExecutor.java:90)
	at com.kms.katalon.core.main.TestCaseMain.startTestSuite(TestCaseMain.java:157)
	at com.kms.katalon.core.main.TestCaseMain$startTestSuite$0.call(Unknown Source)
	at TempTestSuite1601324593621.run(TempTestSuite1601324593621.groovy:39)
Caused by: com.kms.katalon.core.exception.StepFailedException: No option matched.
	at com.kms.katalon.core.keyword.internal.KeywordMain.stepFailed(KeywordMain.groovy:50)
	at com.kms.katalon.core.keyword.internal.KeywordMain.stepFailed(KeywordMain.groovy)
	at com.kms.katalon.core.keyword.internal.KeywordMain.stepFailed(KeywordMain.groovy:23)
	at com.kms.katalon.core.webui.keyword.builtin.SelectOptionByLabelKeyword$_selectOptionByLabel_closure1.doCall(SelectOptionByLabelKeyword.groovy:91)
	at com.kms.katalon.core.webui.keyword.builtin.SelectOptionByLabelKeyword$_selectOptionByLabel_closure1.call(SelectOptionByLabelKeyword.groovy)
	at com.kms.katalon.core.webui.keyword.internal.WebUIKeywordMain.runKeyword(WebUIKeywordMain.groovy:20)
	... 19 more


2020-09-28 16:25:35 - [TEST_STEP][PASSED] - openBrowser(""): Browser is opened with url: ''

2020-09-28 16:25:35 - [MESSAGE][WARNING] - A browser is already opened. Closing browser and opening a new one

2020-09-28 16:25:36 - [MESSAGE][INFO] - Starting 'Chrome' driver

2020-09-28 16:25:36 - [MESSAGE][INFO] - Action delay is set to 0 milliseconds

2020-09-28 16:25:37 - [MESSAGE][PASSED] - Browser is opened with url: ''

2020-09-28 16:25:37 - [TEST_STEP][PASSED] - navigateToUrl("https://grid.nga.mil/testgrid/"): Navigate to 'https://grid.nga.mil/testgrid/' successfully

2020-09-28 16:25:40 - [MESSAGE][PASSED] - Navigate to 'https://grid.nga.mil/testgrid/' successfully

2020-09-28 16:25:40 - [TEST_STEP][PASSED] - click(findTestObject("Page_Home  GRiD/a_CAC  GEOAxIS Login")): Object: 'Object Repository/Page_Home  GRiD/a_CAC  GEOAxIS Login' is clicked on

2020-09-28 16:28:26 - [MESSAGE][PASSED] - Object: 'Object Repository/Page_Home  GRiD/a_CAC  GEOAxIS Login' is clicked on

2020-09-28 16:28:26 - [TEST_STEP][PASSED] - click(findTestObject("Page_Home  GRiD/a_Share")): Object: 'Object Repository/Page_Home  GRiD/a_Share' is clicked on

2020-09-28 16:28:27 - [MESSAGE][PASSED] - Object: 'Object Repository/Page_Home  GRiD/a_Share' is clicked on

2020-09-28 16:28:27 - [TEST_STEP][PASSED] - click(findTestObject("Page_Workgroups  GRiD/a_FG3D")): Object: 'Object Repository/Page_Workgroups  GRiD/a_FG3D' is clicked on

2020-09-28 16:28:34 - [MESSAGE][PASSED] - Object: 'Object Repository/Page_Workgroups  GRiD/a_FG3D' is clicked on

2020-09-28 16:28:34 - [TEST_STEP][FAILED] - for ([row = 1, row <= findTestData("FG3D Test Data").getRowNumbers(), (row++)]): Unable to select option by label 'ERSI Shapefile' of object 'Object Repository/Page_Map  GRiD/select_ESRI Shapefile  GeoPackage  KML  --- No Output ---'  using regular expression (Root cause: com.kms.katalon.core.exception.StepFailedException: Unable to select option by label 'ERSI Shapefile' of object 'Object Repository/Page_Map  GRiD/select_ESRI Shapefile  GeoPackage  KML  --- No Output ---'  using regular expression
	at com.kms.katalon.core.webui.keyword.internal.WebUIKeywordMain.stepFailed(WebUIKeywordMain.groovy:64)
	at com.kms.katalon.core.webui.keyword.internal.WebUIKeywordMain.runKeyword(WebUIKeywordMain.groovy:26)
	at com.kms.katalon.core.webui.keyword.builtin.SelectOptionByLabelKeyword.selectOptionByLabel(SelectOptionByLabelKeyword.groovy:98)
	at com.kms.katalon.core.webui.keyword.builtin.SelectOptionByLabelKeyword.execute(SelectOptionByLabelKeyword.groovy:71)
	at com.kms.katalon.core.keyword.internal.KeywordExecutor.executeKeywordForPlatform(KeywordExecutor.groovy:73)
	at com.kms.katalon.core.webui.keyword.WebUiBuiltInKeywords.selectOptionByLabel(WebUiBuiltInKeywords.groovy:1226)
	at com.kms.katalon.core.webui.keyword.WebUiBuiltInKeywords$selectOptionByLabel$4.call(Unknown Source)
	at FG3D Test - Stragetic.run(FG3D Test - Stragetic:51)
	at com.kms.katalon.core.main.ScriptEngine.run(ScriptEngine.java:194)
	at com.kms.katalon.core.main.ScriptEngine.runScriptAsRawText(ScriptEngine.java:119)
	at com.kms.katalon.core.main.TestCaseExecutor.runScript(TestCaseExecutor.java:339)
	at com.kms.katalon.core.main.TestCaseExecutor.doExecute(TestCaseExecutor.java:330)
	at com.kms.katalon.core.main.TestCaseExecutor.processExecutionPhase(TestCaseExecutor.java:309)
	at com.kms.katalon.core.main.TestCaseExecutor.accessMainPhase(TestCaseExecutor.java:301)
	at com.kms.katalon.core.main.TestCaseExecutor.execute(TestCaseExecutor.java:235)
	at com.kms.katalon.core.main.TestSuiteExecutor.accessTestCaseMainPhase(TestSuiteExecutor.java:191)
	at com.kms.katalon.core.main.TestSuiteExecutor.accessTestSuiteMainPhase(TestSuiteExecutor.java:141)
	at com.kms.katalon.core.main.TestSuiteExecutor.execute(TestSuiteExecutor.java:90)
	at com.kms.katalon.core.main.TestCaseMain.startTestSuite(TestCaseMain.java:157)
	at com.kms.katalon.core.main.TestCaseMain$startTestSuite$0.call(Unknown Source)
	at TempTestSuite1601324593621.run(TempTestSuite1601324593621.groovy:39)
Caused by: com.kms.katalon.core.exception.StepFailedException: No option matched.
	at com.kms.katalon.core.keyword.internal.KeywordMain.stepFailed(KeywordMain.groovy:50)
	at com.kms.katalon.core.keyword.internal.KeywordMain.stepFailed(KeywordMain.groovy)
	at com.kms.katalon.core.keyword.internal.KeywordMain.stepFailed(KeywordMain.groovy:23)
	at com.kms.katalon.core.webui.keyword.builtin.SelectOptionByLabelKeyword$_selectOptionByLabel_closure1.doCall(SelectOptionByLabelKeyword.groovy:91)
	at com.kms.katalon.core.webui.keyword.builtin.SelectOptionByLabelKeyword$_selectOptionByLabel_closure1.call(SelectOptionByLabelKeyword.groovy)
	at com.kms.katalon.core.webui.keyword.internal.WebUIKeywordMain.runKeyword(WebUIKeywordMain.groovy:20)
	at com.kms.katalon.core.webui.keyword.builtin.SelectOptionByLabelKeyword.selectOptionByLabel(SelectOptionByLabelKeyword.groovy:98)
	at com.kms.katalon.core.webui.keyword.builtin.SelectOptionByLabelKeyword.execute(SelectOptionByLabelKeyword.groovy:71)
	at com.kms.katalon.core.keyword.internal.KeywordExecutor.executeKeywordForPlatform(KeywordExecutor.groovy:73)
	at com.kms.katalon.core.webui.keyword.WebUiBuiltInKeywords.selectOptionByLabel(WebUiBuiltInKeywords.groovy:1226)
	at com.kms.katalon.core.webui.keyword.WebUiBuiltInKeywords$selectOptionByLabel$4.call(Unknown Source)
	at Script1599149155505.run(Script1599149155505.groovy:51)
	... 13 more
)

2020-09-28 16:28:34 - [TEST_STEP][PASSED] - click(findTestObject("Object Repository/Page_FG3D  GRiD/button_AOI Options")): Object: 'Object Repository/Page_FG3D  GRiD/button_AOI Options' is clicked on

2020-09-28 16:28:35 - [MESSAGE][PASSED] - Object: 'Object Repository/Page_FG3D  GRiD/button_AOI Options' is clicked on

2020-09-28 16:28:35 - [TEST_STEP][PASSED] - click(findTestObject("Object Repository/Page_FG3D  GRiD/a_View on map")): Object: 'Object Repository/Page_FG3D  GRiD/a_View on map' is clicked on

2020-09-28 16:28:35 - [MESSAGE][PASSED] - Object: 'Object Repository/Page_FG3D  GRiD/a_View on map' is clicked on

2020-09-28 16:28:35 - [TEST_STEP][PASSED] - switchToWindowTitle("Map – GRiD"): Switched to window with title: 'Map – GRiD'

2020-09-28 16:28:38 - [MESSAGE][PASSED] - Switched to window with title: 'Map – GRiD'

2020-09-28 16:28:38 - [TEST_STEP][PASSED] - click(findTestObject("Page_Map  GRiD/input__product_id")): Object: 'Object Repository/Page_Map  GRiD/input__product_id' is clicked on

2020-09-28 16:28:40 - [MESSAGE][PASSED] - Object: 'Object Repository/Page_Map  GRiD/input__product_id' is clicked on

2020-09-28 16:28:40 - [TEST_STEP][PASSED] - click(findTestObject("Page_Map  GRiD/span_Export")): Object: 'Object Repository/Page_Map  GRiD/span_Export' is clicked on

2020-09-28 16:28:41 - [MESSAGE][PASSED] - Object: 'Object Repository/Page_Map  GRiD/span_Export' is clicked on

2020-09-28 16:28:41 - [TEST_STEP][PASSED] - setText(findTestObject("Page_Map  GRiD/input_Export Name_name"), findTestData("New Test Data - Strategic").getValue("id_name", row)): Text 'S- FG3D: GeoTiff - GeoTiff - ESRI Shapefile - ' is set on object 'Object Repository/Page_Map  GRiD/input_Export Name_name'

2020-09-28 16:28:42 - [MESSAGE][PASSED] - Text 'S- FG3D: GeoTiff - GeoTiff - ESRI Shapefile - ' is set on object 'Object Repository/Page_Map  GRiD/input_Export Name_name'

2020-09-28 16:28:42 - [TEST_STEP][PASSED] - selectOptionByLabel(findTestObject("Page_Map  GRiD/select_GeoTiff  GeoPackage  ERDAS Imagine  --- No Output ---"), findTestData("New Test Data - Strategic").getValue("id_geoint_imagery", row), true): All options with label 'GeoTiff' are selected in object 'Object Repository/Page_Map  GRiD/select_GeoTiff  GeoPackage  ERDAS Imagine  --- No Output ---'  using regular expression

2020-09-28 16:28:43 - [MESSAGE][PASSED] - All options with label 'GeoTiff' are selected in object 'Object Repository/Page_Map  GRiD/select_GeoTiff  GeoPackage  ERDAS Imagine  --- No Output ---'  using regular expression

2020-09-28 16:28:43 - [TEST_STEP][PASSED] - selectOptionByLabel(findTestObject("Page_Map  GRiD/select_GeoTiff  GeoPackage  DTED  --- No Output ---"), findTestData("New Test Data - Strategic").getValue("id_geoint_elevation", row), true): All options with label 'GeoTiff' are selected in object 'Object Repository/Page_Map  GRiD/select_GeoTiff  GeoPackage  DTED  --- No Output ---'  using regular expression

2020-09-28 16:28:44 - [MESSAGE][PASSED] - All options with label 'GeoTiff' are selected in object 'Object Repository/Page_Map  GRiD/select_GeoTiff  GeoPackage  DTED  --- No Output ---'  using regular expression

2020-09-28 16:28:44 - [TEST_STEP][PASSED] - selectOptionByLabel(findTestObject("Page_Map  GRiD/select_ESRI Shapefile  GeoPackage  KML  --- No Output ---"), findTestData("New Test Data - Strategic").getValue("id_geoint_vectors", row), true): All options with label 'ESRI Shapefile' are selected in object 'Object Repository/Page_Map  GRiD/select_ESRI Shapefile  GeoPackage  KML  --- No Output ---'  using regular expression

2020-09-28 16:28:45 - [MESSAGE][PASSED] - All options with label 'ESRI Shapefile' are selected in object 'Object Repository/Page_Map  GRiD/select_ESRI Shapefile  GeoPackage  KML  --- No Output ---'  using regular expression

2020-09-28 16:28:45 - [TEST_STEP][PASSED] - click(findTestObject("Page_Map  GRiD/button_Finish")): Object: 'Object Repository/Page_Map  GRiD/button_Finish' is clicked on

2020-09-28 16:28:45 - [MESSAGE][PASSED] - Object: 'Object Repository/Page_Map  GRiD/button_Finish' is clicked on

2020-09-28 16:28:45 - [TEST_STEP][PASSED] - click(findTestObject("Object Repository/Page_FG3D  GRiD/button_AOI Options")): Object: 'Object Repository/Page_FG3D  GRiD/button_AOI Options' is clicked on

2020-09-28 16:28:50 - [MESSAGE][PASSED] - Object: 'Object Repository/Page_FG3D  GRiD/button_AOI Options' is clicked on

2020-09-28 16:28:50 - [TEST_STEP][PASSED] - click(findTestObject("Object Repository/Page_FG3D  GRiD/a_View on map")): Object: 'Object Repository/Page_FG3D  GRiD/a_View on map' is clicked on

2020-09-28 16:28:51 - [MESSAGE][PASSED] - Object: 'Object Repository/Page_FG3D  GRiD/a_View on map' is clicked on

2020-09-28 16:28:51 - [TEST_STEP][PASSED] - switchToWindowTitle("Map – GRiD"): Switched to window with title: 'Map – GRiD'

2020-09-28 16:28:51 - [MESSAGE][PASSED] - Switched to window with title: 'Map – GRiD'

2020-09-28 16:28:51 - [TEST_STEP][PASSED] - click(findTestObject("Page_Map  GRiD/input__product_id")): Object: 'Object Repository/Page_Map  GRiD/input__product_id' is clicked on

2020-09-28 16:28:53 - [MESSAGE][PASSED] - Object: 'Object Repository/Page_Map  GRiD/input__product_id' is clicked on

2020-09-28 16:28:53 - [TEST_STEP][PASSED] - click(findTestObject("Page_Map  GRiD/span_Export")): Object: 'Object Repository/Page_Map  GRiD/span_Export' is clicked on

2020-09-28 16:28:54 - [MESSAGE][PASSED] - Object: 'Object Repository/Page_Map  GRiD/span_Export' is clicked on

2020-09-28 16:28:54 - [TEST_STEP][PASSED] - setText(findTestObject("Page_Map  GRiD/input_Export Name_name"), findTestData("New Test Data - Strategic").getValue("id_name", row)): Text 'S- FG3D: GeoTiff - GeoTiff - GeoPackage - ' is set on object 'Object Repository/Page_Map  GRiD/input_Export Name_name'

2020-09-28 16:28:55 - [MESSAGE][PASSED] - Text 'S- FG3D: GeoTiff - GeoTiff - GeoPackage - ' is set on object 'Object Repository/Page_Map  GRiD/input_Export Name_name'

2020-09-28 16:28:55 - [TEST_STEP][PASSED] - selectOptionByLabel(findTestObject("Page_Map  GRiD/select_GeoTiff  GeoPackage  ERDAS Imagine  --- No Output ---"), findTestData("New Test Data - Strategic").getValue("id_geoint_imagery", row), true): All options with label 'GeoTiff' are selected in object 'Object Repository/Page_Map  GRiD/select_GeoTiff  GeoPackage  ERDAS Imagine  --- No Output ---'  using regular expression

2020-09-28 16:28:56 - [MESSAGE][PASSED] - All options with label 'GeoTiff' are selected in object 'Object Repository/Page_Map  GRiD/select_GeoTiff  GeoPackage  ERDAS Imagine  --- No Output ---'  using regular expression

2020-09-28 16:28:56 - [TEST_STEP][PASSED] - selectOptionByLabel(findTestObject("Page_Map  GRiD/select_GeoTiff  GeoPackage  DTED  --- No Output ---"), findTestData("New Test Data - Strategic").getValue("id_geoint_elevation", row), true): All options with label 'GeoTiff' are selected in object 'Object Repository/Page_Map  GRiD/select_GeoTiff  GeoPackage  DTED  --- No Output ---'  using regular expression

2020-09-28 16:28:57 - [MESSAGE][PASSED] - All options with label 'GeoTiff' are selected in object 'Object Repository/Page_Map  GRiD/select_GeoTiff  GeoPackage  DTED  --- No Output ---'  using regular expression

2020-09-28 16:28:57 - [TEST_STEP][PASSED] - selectOptionByLabel(findTestObject("Page_Map  GRiD/select_ESRI Shapefile  GeoPackage  KML  --- No Output ---"), findTestData("New Test Data - Strategic").getValue("id_geoint_vectors", row), true): All options with label 'GeoPackage' are selected in object 'Object Repository/Page_Map  GRiD/select_ESRI Shapefile  GeoPackage  KML  --- No Output ---'  using regular expression

2020-09-28 16:28:58 - [MESSAGE][PASSED] - All options with label 'GeoPackage' are selected in object 'Object Repository/Page_Map  GRiD/select_ESRI Shapefile  GeoPackage  KML  --- No Output ---'  using regular expression

2020-09-28 16:28:58 - [TEST_STEP][PASSED] - click(findTestObject("Page_Map  GRiD/button_Finish")): Object: 'Object Repository/Page_Map  GRiD/button_Finish' is clicked on

2020-09-28 16:28:58 - [MESSAGE][PASSED] - Object: 'Object Repository/Page_Map  GRiD/button_Finish' is clicked on

2020-09-28 16:28:58 - [TEST_STEP][PASSED] - click(findTestObject("Object Repository/Page_FG3D  GRiD/button_AOI Options")): Object: 'Object Repository/Page_FG3D  GRiD/button_AOI Options' is clicked on

2020-09-28 16:29:04 - [MESSAGE][PASSED] - Object: 'Object Repository/Page_FG3D  GRiD/button_AOI Options' is clicked on

2020-09-28 16:29:04 - [TEST_STEP][PASSED] - click(findTestObject("Object Repository/Page_FG3D  GRiD/a_View on map")): Object: 'Object Repository/Page_FG3D  GRiD/a_View on map' is clicked on

2020-09-28 16:29:04 - [MESSAGE][PASSED] - Object: 'Object Repository/Page_FG3D  GRiD/a_View on map' is clicked on

2020-09-28 16:29:04 - [TEST_STEP][PASSED] - switchToWindowTitle("Map – GRiD"): Switched to window with title: 'Map – GRiD'

2020-09-28 16:29:05 - [MESSAGE][PASSED] - Switched to window with title: 'Map – GRiD'

2020-09-28 16:29:05 - [TEST_STEP][PASSED] - click(findTestObject("Page_Map  GRiD/input__product_id")): Object: 'Object Repository/Page_Map  GRiD/input__product_id' is clicked on

2020-09-28 16:29:07 - [MESSAGE][PASSED] - Object: 'Object Repository/Page_Map  GRiD/input__product_id' is clicked on

2020-09-28 16:29:07 - [TEST_STEP][PASSED] - click(findTestObject("Page_Map  GRiD/span_Export")): Object: 'Object Repository/Page_Map  GRiD/span_Export' is clicked on

2020-09-28 16:29:07 - [MESSAGE][PASSED] - Object: 'Object Repository/Page_Map  GRiD/span_Export' is clicked on

2020-09-28 16:29:07 - [TEST_STEP][PASSED] - setText(findTestObject("Page_Map  GRiD/input_Export Name_name"), findTestData("New Test Data - Strategic").getValue("id_name", row)): Text 'S- FG3D: GeoTiff - GeoTiff - KML - ' is set on object 'Object Repository/Page_Map  GRiD/input_Export Name_name'

2020-09-28 16:29:09 - [MESSAGE][PASSED] - Text 'S- FG3D: GeoTiff - GeoTiff - KML - ' is set on object 'Object Repository/Page_Map  GRiD/input_Export Name_name'

2020-09-28 16:29:09 - [TEST_STEP][PASSED] - selectOptionByLabel(findTestObject("Page_Map  GRiD/select_GeoTiff  GeoPackage  ERDAS Imagine  --- No Output ---"), findTestData("New Test Data - Strategic").getValue("id_geoint_imagery", row), true): All options with label 'GeoTiff' are selected in object 'Object Repository/Page_Map  GRiD/select_GeoTiff  GeoPackage  ERDAS Imagine  --- No Output ---'  using regular expression

2020-09-28 16:29:10 - [MESSAGE][PASSED] - All options with label 'GeoTiff' are selected in object 'Object Repository/Page_Map  GRiD/select_GeoTiff  GeoPackage  ERDAS Imagine  --- No Output ---'  using regular expression

2020-09-28 16:29:10 - [TEST_STEP][PASSED] - selectOptionByLabel(findTestObject("Page_Map  GRiD/select_GeoTiff  GeoPackage  DTED  --- No Output ---"), findTestData("New Test Data - Strategic").getValue("id_geoint_elevation", row), true): All options with label 'GeoTiff' are selected in object 'Object Repository/Page_Map  GRiD/select_GeoTiff  GeoPackage  DTED  --- No Output ---'  using regular expression

2020-09-28 16:29:11 - [MESSAGE][PASSED] - All options with label 'GeoTiff' are selected in object 'Object Repository/Page_Map  GRiD/select_GeoTiff  GeoPackage  DTED  --- No Output ---'  using regular expression

2020-09-28 16:29:11 - [TEST_STEP][PASSED] - selectOptionByLabel(findTestObject("Page_Map  GRiD/select_ESRI Shapefile  GeoPackage  KML  --- No Output ---"), findTestData("New Test Data - Strategic").getValue("id_geoint_vectors", row), true): All options with label 'KML' are selected in object 'Object Repository/Page_Map  GRiD/select_ESRI Shapefile  GeoPackage  KML  --- No Output ---'  using regular expression

2020-09-28 16:29:12 - [MESSAGE][PASSED] - All options with label 'KML' are selected in object 'Object Repository/Page_Map  GRiD/select_ESRI Shapefile  GeoPackage  KML  --- No Output ---'  using regular expression

2020-09-28 16:29:12 - [TEST_STEP][PASSED] - click(findTestObject("Page_Map  GRiD/button_Finish")): Object: 'Object Repository/Page_Map  GRiD/button_Finish' is clicked on

2020-09-28 16:29:12 - [MESSAGE][PASSED] - Object: 'Object Repository/Page_Map  GRiD/button_Finish' is clicked on

2020-09-28 16:29:12 - [TEST_STEP][PASSED] - click(findTestObject("Object Repository/Page_FG3D  GRiD/button_AOI Options")): Object: 'Object Repository/Page_FG3D  GRiD/button_AOI Options' is clicked on

2020-09-28 16:29:17 - [MESSAGE][PASSED] - Object: 'Object Repository/Page_FG3D  GRiD/button_AOI Options' is clicked on

2020-09-28 16:29:17 - [TEST_STEP][PASSED] - click(findTestObject("Object Repository/Page_FG3D  GRiD/a_View on map")): Object: 'Object Repository/Page_FG3D  GRiD/a_View on map' is clicked on

2020-09-28 16:29:18 - [MESSAGE][PASSED] - Object: 'Object Repository/Page_FG3D  GRiD/a_View on map' is clicked on

2020-09-28 16:29:18 - [TEST_STEP][PASSED] - switchToWindowTitle("Map – GRiD"): Switched to window with title: 'Map – GRiD'

2020-09-28 16:29:19 - [MESSAGE][PASSED] - Switched to window with title: 'Map – GRiD'

2020-09-28 16:29:19 - [TEST_STEP][PASSED] - click(findTestObject("Page_Map  GRiD/input__product_id")): Object: 'Object Repository/Page_Map  GRiD/input__product_id' is clicked on

2020-09-28 16:29:21 - [MESSAGE][PASSED] - Object: 'Object Repository/Page_Map  GRiD/input__product_id' is clicked on

2020-09-28 16:29:21 - [TEST_STEP][PASSED] - click(findTestObject("Page_Map  GRiD/span_Export")): Object: 'Object Repository/Page_Map  GRiD/span_Export' is clicked on

2020-09-28 16:29:22 - [MESSAGE][PASSED] - Object: 'Object Repository/Page_Map  GRiD/span_Export' is clicked on

2020-09-28 16:29:22 - [TEST_STEP][PASSED] - setText(findTestObject("Page_Map  GRiD/input_Export Name_name"), findTestData("New Test Data - Strategic").getValue("id_name", row)): Text 'S- FG3D: GeoTiff - GeoTiff - --- No Output --- - ' is set on object 'Object Repository/Page_Map  GRiD/input_Export Name_name'

2020-09-28 16:29:23 - [MESSAGE][PASSED] - Text 'S- FG3D: GeoTiff - GeoTiff - --- No Output --- - ' is set on object 'Object Repository/Page_Map  GRiD/input_Export Name_name'

2020-09-28 16:29:23 - [TEST_STEP][PASSED] - selectOptionByLabel(findTestObject("Page_Map  GRiD/select_GeoTiff  GeoPackage  ERDAS Imagine  --- No Output ---"), findTestData("New Test Data - Strategic").getValue("id_geoint_imagery", row), true): All options with label 'GeoTiff' are selected in object 'Object Repository/Page_Map  GRiD/select_GeoTiff  GeoPackage  ERDAS Imagine  --- No Output ---'  using regular expression

2020-09-28 16:29:24 - [MESSAGE][PASSED] - All options with label 'GeoTiff' are selected in object 'Object Repository/Page_Map  GRiD/select_GeoTiff  GeoPackage  ERDAS Imagine  --- No Output ---'  using regular expression

2020-09-28 16:29:24 - [TEST_STEP][PASSED] - selectOptionByLabel(findTestObject("Page_Map  GRiD/select_GeoTiff  GeoPackage  DTED  --- No Output ---"), findTestData("New Test Data - Strategic").getValue("id_geoint_elevation", row), true): All options with label 'GeoTiff' are selected in object 'Object Repository/Page_Map  GRiD/select_GeoTiff  GeoPackage  DTED  --- No Output ---'  using regular expression

2020-09-28 16:29:25 - [MESSAGE][PASSED] - All options with label 'GeoTiff' are selected in object 'Object Repository/Page_Map  GRiD/select_GeoTiff  GeoPackage  DTED  --- No Output ---'  using regular expression

2020-09-28 16:29:25 - [TEST_STEP][PASSED] - selectOptionByLabel(findTestObject("Page_Map  GRiD/select_ESRI Shapefile  GeoPackage  KML  --- No Output ---"), findTestData("New Test Data - Strategic").getValue("id_geoint_vectors", row), true): All options with label '--- No Output ---' are selected in object 'Object Repository/Page_Map  GRiD/select_ESRI Shapefile  GeoPackage  KML  --- No Output ---'  using regular expression

2020-09-28 16:29:26 - [MESSAGE][PASSED] - All options with label '--- No Output ---' are selected in object 'Object Repository/Page_Map  GRiD/select_ESRI Shapefile  GeoPackage  KML  --- No Output ---'  using regular expression

2020-09-28 16:29:26 - [TEST_STEP][PASSED] - click(findTestObject("Page_Map  GRiD/button_Finish")): Object: 'Object Repository/Page_Map  GRiD/button_Finish' is clicked on

2020-09-28 16:29:26 - [MESSAGE][PASSED] - Object: 'Object Repository/Page_Map  GRiD/button_Finish' is clicked on

2020-09-28 16:29:26 - [TEST_STEP][PASSED] - click(findTestObject("Object Repository/Page_FG3D  GRiD/button_AOI Options")): Object: 'Object Repository/Page_FG3D  GRiD/button_AOI Options' is clicked on

2020-09-28 16:29:31 - [MESSAGE][PASSED] - Object: 'Object Repository/Page_FG3D  GRiD/button_AOI Options' is clicked on

2020-09-28 16:29:31 - [TEST_STEP][PASSED] - click(findTestObject("Object Repository/Page_FG3D  GRiD/a_View on map")): Object: 'Object Repository/Page_FG3D  GRiD/a_View on map' is clicked on

2020-09-28 16:29:32 - [MESSAGE][PASSED] - Object: 'Object Repository/Page_FG3D  GRiD/a_View on map' is clicked on

2020-09-28 16:29:32 - [TEST_STEP][PASSED] - switchToWindowTitle("Map – GRiD"): Switched to window with title: 'Map – GRiD'

2020-09-28 16:29:33 - [MESSAGE][PASSED] - Switched to window with title: 'Map – GRiD'

2020-09-28 16:29:33 - [TEST_STEP][PASSED] - click(findTestObject("Page_Map  GRiD/input__product_id")): Object: 'Object Repository/Page_Map  GRiD/input__product_id' is clicked on

2020-09-28 16:29:35 - [MESSAGE][PASSED] - Object: 'Object Repository/Page_Map  GRiD/input__product_id' is clicked on

2020-09-28 16:29:35 - [TEST_STEP][PASSED] - click(findTestObject("Page_Map  GRiD/span_Export")): Object: 'Object Repository/Page_Map  GRiD/span_Export' is clicked on

2020-09-28 16:29:35 - [MESSAGE][PASSED] - Object: 'Object Repository/Page_Map  GRiD/span_Export' is clicked on

2020-09-28 16:29:35 - [TEST_STEP][PASSED] - setText(findTestObject("Page_Map  GRiD/input_Export Name_name"), findTestData("New Test Data - Strategic").getValue("id_name", row)): Text 'S- FG3D: GeoTiff - GeoPackage - ESRI Shapefile - ' is set on object 'Object Repository/Page_Map  GRiD/input_Export Name_name'

2020-09-28 16:29:37 - [MESSAGE][PASSED] - Text 'S- FG3D: GeoTiff - GeoPackage - ESRI Shapefile - ' is set on object 'Object Repository/Page_Map  GRiD/input_Export Name_name'

2020-09-28 16:29:37 - [TEST_STEP][PASSED] - selectOptionByLabel(findTestObject("Page_Map  GRiD/select_GeoTiff  GeoPackage  ERDAS Imagine  --- No Output ---"), findTestData("New Test Data - Strategic").getValue("id_geoint_imagery", row), true): All options with label 'GeoTiff' are selected in object 'Object Repository/Page_Map  GRiD/select_GeoTiff  GeoPackage  ERDAS Imagine  --- No Output ---'  using regular expression

2020-09-28 16:29:37 - [MESSAGE][PASSED] - All options with label 'GeoTiff' are selected in object 'Object Repository/Page_Map  GRiD/select_GeoTiff  GeoPackage  ERDAS Imagine  --- No Output ---'  using regular expression

2020-09-28 16:29:37 - [TEST_STEP][PASSED] - selectOptionByLabel(findTestObject("Page_Map  GRiD/select_GeoTiff  GeoPackage  DTED  --- No Output ---"), findTestData("New Test Data - Strategic").getValue("id_geoint_elevation", row), true): All options with label 'GeoPackage' are selected in object 'Object Repository/Page_Map  GRiD/select_GeoTiff  GeoPackage  DTED  --- No Output ---'  using regular expression

2020-09-28 16:29:38 - [MESSAGE][PASSED] - All options with label 'GeoPackage' are selected in object 'Object Repository/Page_Map  GRiD/select_GeoTiff  GeoPackage  DTED  --- No Output ---'  using regular expression

2020-09-28 16:29:38 - [TEST_STEP][PASSED] - selectOptionByLabel(findTestObject("Page_Map  GRiD/select_ESRI Shapefile  GeoPackage  KML  --- No Output ---"), findTestData("New Test Data - Strategic").getValue("id_geoint_vectors", row), true): All options with label 'ESRI Shapefile' are selected in object 'Object Repository/Page_Map  GRiD/select_ESRI Shapefile  GeoPackage  KML  --- No Output ---'  using regular expression

2020-09-28 16:29:39 - [MESSAGE][PASSED] - All options with label 'ESRI Shapefile' are selected in object 'Object Repository/Page_Map  GRiD/select_ESRI Shapefile  GeoPackage  KML  --- No Output ---'  using regular expression

2020-09-28 16:29:39 - [TEST_STEP][PASSED] - click(findTestObject("Page_Map  GRiD/button_Finish")): Object: 'Object Repository/Page_Map  GRiD/button_Finish' is clicked on

2020-09-28 16:29:40 - [MESSAGE][PASSED] - Object: 'Object Repository/Page_Map  GRiD/button_Finish' is clicked on

2020-09-28 16:29:40 - [TEST_STEP][PASSED] - click(findTestObject("Object Repository/Page_FG3D  GRiD/button_AOI Options")): Object: 'Object Repository/Page_FG3D  GRiD/button_AOI Options' is clicked on

2020-09-28 16:29:47 - [MESSAGE][PASSED] - Object: 'Object Repository/Page_FG3D  GRiD/button_AOI Options' is clicked on

2020-09-28 16:29:47 - [TEST_STEP][PASSED] - click(findTestObject("Object Repository/Page_FG3D  GRiD/a_View on map")): Object: 'Object Repository/Page_FG3D  GRiD/a_View on map' is clicked on

2020-09-28 16:29:47 - [MESSAGE][PASSED] - Object: 'Object Repository/Page_FG3D  GRiD/a_View on map' is clicked on

2020-09-28 16:29:47 - [TEST_STEP][PASSED] - switchToWindowTitle("Map – GRiD"): Switched to window with title: 'Map – GRiD'

2020-09-28 16:29:48 - [MESSAGE][PASSED] - Switched to window with title: 'Map – GRiD'

2020-09-28 16:29:48 - [TEST_STEP][PASSED] - click(findTestObject("Page_Map  GRiD/input__product_id")): Object: 'Object Repository/Page_Map  GRiD/input__product_id' is clicked on

2020-09-28 16:29:50 - [MESSAGE][PASSED] - Object: 'Object Repository/Page_Map  GRiD/input__product_id' is clicked on

2020-09-28 16:29:50 - [TEST_STEP][PASSED] - click(findTestObject("Page_Map  GRiD/span_Export")): Object: 'Object Repository/Page_Map  GRiD/span_Export' is clicked on

2020-09-28 16:29:52 - [MESSAGE][PASSED] - Object: 'Object Repository/Page_Map  GRiD/span_Export' is clicked on

2020-09-28 16:29:52 - [TEST_STEP][PASSED] - setText(findTestObject("Page_Map  GRiD/input_Export Name_name"), findTestData("New Test Data - Strategic").getValue("id_name", row)): Text 'S- FG3D: GeoTiff - GeoPackage - GeoPackage - ' is set on object 'Object Repository/Page_Map  GRiD/input_Export Name_name'

2020-09-28 16:29:53 - [MESSAGE][PASSED] - Text 'S- FG3D: GeoTiff - GeoPackage - GeoPackage - ' is set on object 'Object Repository/Page_Map  GRiD/input_Export Name_name'

2020-09-28 16:29:53 - [TEST_STEP][PASSED] - selectOptionByLabel(findTestObject("Page_Map  GRiD/select_GeoTiff  GeoPackage  ERDAS Imagine  --- No Output ---"), findTestData("New Test Data - Strategic").getValue("id_geoint_imagery", row), true): All options with label 'GeoTiff' are selected in object 'Object Repository/Page_Map  GRiD/select_GeoTiff  GeoPackage  ERDAS Imagine  --- No Output ---'  using regular expression

2020-09-28 16:29:54 - [MESSAGE][PASSED] - All options with label 'GeoTiff' are selected in object 'Object Repository/Page_Map  GRiD/select_GeoTiff  GeoPackage  ERDAS Imagine  --- No Output ---'  using regular expression

2020-09-28 16:29:54 - [TEST_STEP][PASSED] - selectOptionByLabel(findTestObject("Page_Map  GRiD/select_GeoTiff  GeoPackage  DTED  --- No Output ---"), findTestData("New Test Data - Strategic").getValue("id_geoint_elevation", row), true): All options with label 'GeoPackage' are selected in object 'Object Repository/Page_Map  GRiD/select_GeoTiff  GeoPackage  DTED  --- No Output ---'  using regular expression

2020-09-28 16:29:55 - [MESSAGE][PASSED] - All options with label 'GeoPackage' are selected in object 'Object Repository/Page_Map  GRiD/select_GeoTiff  GeoPackage  DTED  --- No Output ---'  using regular expression

2020-09-28 16:29:55 - [TEST_STEP][PASSED] - selectOptionByLabel(findTestObject("Page_Map  GRiD/select_ESRI Shapefile  GeoPackage  KML  --- No Output ---"), findTestData("New Test Data - Strategic").getValue("id_geoint_vectors", row), true): All options with label 'GeoPackage' are selected in object 'Object Repository/Page_Map  GRiD/select_ESRI Shapefile  GeoPackage  KML  --- No Output ---'  using regular expression

2020-09-28 16:29:56 - [MESSAGE][PASSED] - All options with label 'GeoPackage' are selected in object 'Object Repository/Page_Map  GRiD/select_ESRI Shapefile  GeoPackage  KML  --- No Output ---'  using regular expression

2020-09-28 16:29:56 - [TEST_STEP][PASSED] - click(findTestObject("Page_Map  GRiD/button_Finish")): Object: 'Object Repository/Page_Map  GRiD/button_Finish' is clicked on

2020-09-28 16:29:56 - [MESSAGE][PASSED] - Object: 'Object Repository/Page_Map  GRiD/button_Finish' is clicked on

2020-09-28 16:29:56 - [TEST_STEP][PASSED] - click(findTestObject("Object Repository/Page_FG3D  GRiD/button_AOI Options")): Object: 'Object Repository/Page_FG3D  GRiD/button_AOI Options' is clicked on

2020-09-28 16:30:02 - [MESSAGE][PASSED] - Object: 'Object Repository/Page_FG3D  GRiD/button_AOI Options' is clicked on

2020-09-28 16:30:02 - [TEST_STEP][PASSED] - click(findTestObject("Object Repository/Page_FG3D  GRiD/a_View on map")): Object: 'Object Repository/Page_FG3D  GRiD/a_View on map' is clicked on

2020-09-28 16:30:03 - [MESSAGE][PASSED] - Object: 'Object Repository/Page_FG3D  GRiD/a_View on map' is clicked on

2020-09-28 16:30:03 - [TEST_STEP][PASSED] - switchToWindowTitle("Map – GRiD"): Switched to window with title: 'Map – GRiD'

2020-09-28 16:30:04 - [MESSAGE][PASSED] - Switched to window with title: 'Map – GRiD'

2020-09-28 16:30:04 - [TEST_STEP][PASSED] - click(findTestObject("Page_Map  GRiD/input__product_id")): Object: 'Object Repository/Page_Map  GRiD/input__product_id' is clicked on

2020-09-28 16:30:06 - [MESSAGE][PASSED] - Object: 'Object Repository/Page_Map  GRiD/input__product_id' is clicked on

2020-09-28 16:30:06 - [TEST_STEP][PASSED] - click(findTestObject("Page_Map  GRiD/span_Export")): Object: 'Object Repository/Page_Map  GRiD/span_Export' is clicked on

2020-09-28 16:30:07 - [MESSAGE][PASSED] - Object: 'Object Repository/Page_Map  GRiD/span_Export' is clicked on

2020-09-28 16:30:07 - [TEST_STEP][PASSED] - setText(findTestObject("Page_Map  GRiD/input_Export Name_name"), findTestData("New Test Data - Strategic").getValue("id_name", row)): Text 'S- FG3D: GeoTiff - GeoPackage - KML - ' is set on object 'Object Repository/Page_Map  GRiD/input_Export Name_name'

2020-09-28 16:30:09 - [MESSAGE][PASSED] - Text 'S- FG3D: GeoTiff - GeoPackage - KML - ' is set on object 'Object Repository/Page_Map  GRiD/input_Export Name_name'

2020-09-28 16:30:09 - [TEST_STEP][PASSED] - selectOptionByLabel(findTestObject("Page_Map  GRiD/select_GeoTiff  GeoPackage  ERDAS Imagine  --- No Output ---"), findTestData("New Test Data - Strategic").getValue("id_geoint_imagery", row), true): All options with label 'GeoTiff' are selected in object 'Object Repository/Page_Map  GRiD/select_GeoTiff  GeoPackage  ERDAS Imagine  --- No Output ---'  using regular expression

2020-09-28 16:30:10 - [MESSAGE][PASSED] - All options with label 'GeoTiff' are selected in object 'Object Repository/Page_Map  GRiD/select_GeoTiff  GeoPackage  ERDAS Imagine  --- No Output ---'  using regular expression

2020-09-28 16:30:10 - [TEST_STEP][PASSED] - selectOptionByLabel(findTestObject("Page_Map  GRiD/select_GeoTiff  GeoPackage  DTED  --- No Output ---"), findTestData("New Test Data - Strategic").getValue("id_geoint_elevation", row), true): All options with label 'GeoPackage' are selected in object 'Object Repository/Page_Map  GRiD/select_GeoTiff  GeoPackage  DTED  --- No Output ---'  using regular expression

2020-09-28 16:30:11 - [MESSAGE][PASSED] - All options with label 'GeoPackage' are selected in object 'Object Repository/Page_Map  GRiD/select_GeoTiff  GeoPackage  DTED  --- No Output ---'  using regular expression

2020-09-28 16:30:11 - [TEST_STEP][PASSED] - selectOptionByLabel(findTestObject("Page_Map  GRiD/select_ESRI Shapefile  GeoPackage  KML  --- No Output ---"), findTestData("New Test Data - Strategic").getValue("id_geoint_vectors", row), true): All options with label 'KML' are selected in object 'Object Repository/Page_Map  GRiD/select_ESRI Shapefile  GeoPackage  KML  --- No Output ---'  using regular expression

2020-09-28 16:30:12 - [MESSAGE][PASSED] - All options with label 'KML' are selected in object 'Object Repository/Page_Map  GRiD/select_ESRI Shapefile  GeoPackage  KML  --- No Output ---'  using regular expression

2020-09-28 16:30:12 - [TEST_STEP][PASSED] - click(findTestObject("Page_Map  GRiD/button_Finish")): Object: 'Object Repository/Page_Map  GRiD/button_Finish' is clicked on

2020-09-28 16:30:12 - [MESSAGE][PASSED] - Object: 'Object Repository/Page_Map  GRiD/button_Finish' is clicked on

2020-09-28 16:30:12 - [TEST_STEP][PASSED] - click(findTestObject("Object Repository/Page_FG3D  GRiD/button_AOI Options")): Object: 'Object Repository/Page_FG3D  GRiD/button_AOI Options' is clicked on

2020-09-28 16:30:19 - [MESSAGE][PASSED] - Object: 'Object Repository/Page_FG3D  GRiD/button_AOI Options' is clicked on

2020-09-28 16:30:19 - [TEST_STEP][PASSED] - click(findTestObject("Object Repository/Page_FG3D  GRiD/a_View on map")): Object: 'Object Repository/Page_FG3D  GRiD/a_View on map' is clicked on

2020-09-28 16:30:19 - [MESSAGE][PASSED] - Object: 'Object Repository/Page_FG3D  GRiD/a_View on map' is clicked on

2020-09-28 16:30:19 - [TEST_STEP][PASSED] - switchToWindowTitle("Map – GRiD"): Switched to window with title: 'Map – GRiD'

2020-09-28 16:30:20 - [MESSAGE][PASSED] - Switched to window with title: 'Map – GRiD'

2020-09-28 16:30:20 - [TEST_STEP][PASSED] - click(findTestObject("Page_Map  GRiD/input__product_id")): Object: 'Object Repository/Page_Map  GRiD/input__product_id' is clicked on

2020-09-28 16:30:23 - [MESSAGE][PASSED] - Object: 'Object Repository/Page_Map  GRiD/input__product_id' is clicked on

2020-09-28 16:30:23 - [TEST_STEP][PASSED] - click(findTestObject("Page_Map  GRiD/span_Export")): Object: 'Object Repository/Page_Map  GRiD/span_Export' is clicked on

2020-09-28 16:30:24 - [MESSAGE][PASSED] - Object: 'Object Repository/Page_Map  GRiD/span_Export' is clicked on

2020-09-28 16:30:24 - [TEST_STEP][PASSED] - setText(findTestObject("Page_Map  GRiD/input_Export Name_name"), findTestData("New Test Data - Strategic").getValue("id_name", row)): Text 'S- FG3D: GeoTiff - GeoPackage - --- No Output --- - ' is set on object 'Object Repository/Page_Map  GRiD/input_Export Name_name'

2020-09-28 16:30:26 - [MESSAGE][PASSED] - Text 'S- FG3D: GeoTiff - GeoPackage - --- No Output --- - ' is set on object 'Object Repository/Page_Map  GRiD/input_Export Name_name'

2020-09-28 16:30:26 - [TEST_STEP][PASSED] - selectOptionByLabel(findTestObject("Page_Map  GRiD/select_GeoTiff  GeoPackage  ERDAS Imagine  --- No Output ---"), findTestData("New Test Data - Strategic").getValue("id_geoint_imagery", row), true): All options with label 'GeoTiff' are selected in object 'Object Repository/Page_Map  GRiD/select_GeoTiff  GeoPackage  ERDAS Imagine  --- No Output ---'  using regular expression

2020-09-28 16:30:27 - [MESSAGE][PASSED] - All options with label 'GeoTiff' are selected in object 'Object Repository/Page_Map  GRiD/select_GeoTiff  GeoPackage  ERDAS Imagine  --- No Output ---'  using regular expression

2020-09-28 16:30:27 - [TEST_STEP][PASSED] - selectOptionByLabel(findTestObject("Page_Map  GRiD/select_GeoTiff  GeoPackage  DTED  --- No Output ---"), findTestData("New Test Data - Strategic").getValue("id_geoint_elevation", row), true): All options with label 'GeoPackage' are selected in object 'Object Repository/Page_Map  GRiD/select_GeoTiff  GeoPackage  DTED  --- No Output ---'  using regular expression

2020-09-28 16:30:28 - [MESSAGE][PASSED] - All options with label 'GeoPackage' are selected in object 'Object Repository/Page_Map  GRiD/select_GeoTiff  GeoPackage  DTED  --- No Output ---'  using regular expression

2020-09-28 16:30:28 - [TEST_STEP][PASSED] - selectOptionByLabel(findTestObject("Page_Map  GRiD/select_ESRI Shapefile  GeoPackage  KML  --- No Output ---"), findTestData("New Test Data - Strategic").getValue("id_geoint_vectors", row), true): All options with label '--- No Output ---' are selected in object 'Object Repository/Page_Map  GRiD/select_ESRI Shapefile  GeoPackage  KML  --- No Output ---'  using regular expression

2020-09-28 16:30:29 - [MESSAGE][PASSED] - All options with label '--- No Output ---' are selected in object 'Object Repository/Page_Map  GRiD/select_ESRI Shapefile  GeoPackage  KML  --- No Output ---'  using regular expression

2020-09-28 16:30:29 - [TEST_STEP][PASSED] - click(findTestObject("Page_Map  GRiD/button_Finish")): Object: 'Object Repository/Page_Map  GRiD/button_Finish' is clicked on

2020-09-28 16:30:29 - [MESSAGE][PASSED] - Object: 'Object Repository/Page_Map  GRiD/button_Finish' is clicked on

2020-09-28 16:30:29 - [TEST_STEP][PASSED] - click(findTestObject("Object Repository/Page_FG3D  GRiD/button_AOI Options")): Object: 'Object Repository/Page_FG3D  GRiD/button_AOI Options' is clicked on

2020-09-28 16:30:35 - [MESSAGE][PASSED] - Object: 'Object Repository/Page_FG3D  GRiD/button_AOI Options' is clicked on

2020-09-28 16:30:35 - [TEST_STEP][PASSED] - click(findTestObject("Object Repository/Page_FG3D  GRiD/a_View on map")): Object: 'Object Repository/Page_FG3D  GRiD/a_View on map' is clicked on

2020-09-28 16:30:35 - [MESSAGE][PASSED] - Object: 'Object Repository/Page_FG3D  GRiD/a_View on map' is clicked on

2020-09-28 16:30:35 - [TEST_STEP][PASSED] - switchToWindowTitle("Map – GRiD"): Switched to window with title: 'Map – GRiD'

2020-09-28 16:30:36 - [MESSAGE][PASSED] - Switched to window with title: 'Map – GRiD'

2020-09-28 16:30:36 - [TEST_STEP][PASSED] - click(findTestObject("Page_Map  GRiD/input__product_id")): Object: 'Object Repository/Page_Map  GRiD/input__product_id' is clicked on

2020-09-28 16:30:38 - [MESSAGE][PASSED] - Object: 'Object Repository/Page_Map  GRiD/input__product_id' is clicked on

2020-09-28 16:30:38 - [TEST_STEP][PASSED] - click(findTestObject("Page_Map  GRiD/span_Export")): Object: 'Object Repository/Page_Map  GRiD/span_Export' is clicked on

2020-09-28 16:30:39 - [MESSAGE][PASSED] - Object: 'Object Repository/Page_Map  GRiD/span_Export' is clicked on

2020-09-28 16:30:39 - [TEST_STEP][PASSED] - setText(findTestObject("Page_Map  GRiD/input_Export Name_name"), findTestData("New Test Data - Strategic").getValue("id_name", row)): Text 'S- FG3D: GeoTiff - DTED - ERSI Shapefile - ' is set on object 'Object Repository/Page_Map  GRiD/input_Export Name_name'

2020-09-28 16:30:41 - [MESSAGE][PASSED] - Text 'S- FG3D: GeoTiff - DTED - ERSI Shapefile - ' is set on object 'Object Repository/Page_Map  GRiD/input_Export Name_name'

2020-09-28 16:30:41 - [TEST_STEP][PASSED] - selectOptionByLabel(findTestObject("Page_Map  GRiD/select_GeoTiff  GeoPackage  ERDAS Imagine  --- No Output ---"), findTestData("New Test Data - Strategic").getValue("id_geoint_imagery", row), true): All options with label 'GeoTiff' are selected in object 'Object Repository/Page_Map  GRiD/select_GeoTiff  GeoPackage  ERDAS Imagine  --- No Output ---'  using regular expression

2020-09-28 16:30:42 - [MESSAGE][PASSED] - All options with label 'GeoTiff' are selected in object 'Object Repository/Page_Map  GRiD/select_GeoTiff  GeoPackage  ERDAS Imagine  --- No Output ---'  using regular expression

2020-09-28 16:30:42 - [TEST_STEP][PASSED] - selectOptionByLabel(findTestObject("Page_Map  GRiD/select_GeoTiff  GeoPackage  DTED  --- No Output ---"), findTestData("New Test Data - Strategic").getValue("id_geoint_elevation", row), true): All options with label 'DTED' are selected in object 'Object Repository/Page_Map  GRiD/select_GeoTiff  GeoPackage  DTED  --- No Output ---'  using regular expression

2020-09-28 16:30:43 - [MESSAGE][PASSED] - All options with label 'DTED' are selected in object 'Object Repository/Page_Map  GRiD/select_GeoTiff  GeoPackage  DTED  --- No Output ---'  using regular expression

2020-09-28 16:30:43 - [TEST_STEP][FAILED] - selectOptionByLabel(findTestObject("Page_Map  GRiD/select_ESRI Shapefile  GeoPackage  KML  --- No Output ---"), findTestData("New Test Data - Strategic").getValue("id_geoint_vectors", row), true): Unable to select option by label 'ERSI Shapefile' of object 'Object Repository/Page_Map  GRiD/select_ESRI Shapefile  GeoPackage  KML  --- No Output ---'  using regular expression (Root cause: com.kms.katalon.core.exception.StepFailedException: Unable to select option by label 'ERSI Shapefile' of object 'Object Repository/Page_Map  GRiD/select_ESRI Shapefile  GeoPackage  KML  --- No Output ---'  using regular expression
	at com.kms.katalon.core.webui.keyword.internal.WebUIKeywordMain.stepFailed(WebUIKeywordMain.groovy:64)
	at com.kms.katalon.core.webui.keyword.internal.WebUIKeywordMain.runKeyword(WebUIKeywordMain.groovy:26)
	at com.kms.katalon.core.webui.keyword.builtin.SelectOptionByLabelKeyword.selectOptionByLabel(SelectOptionByLabelKeyword.groovy:98)
	at com.kms.katalon.core.webui.keyword.builtin.SelectOptionByLabelKeyword.execute(SelectOptionByLabelKeyword.groovy:71)
	at com.kms.katalon.core.keyword.internal.KeywordExecutor.executeKeywordForPlatform(KeywordExecutor.groovy:73)
	at com.kms.katalon.core.webui.keyword.WebUiBuiltInKeywords.selectOptionByLabel(WebUiBuiltInKeywords.groovy:1226)
	at com.kms.katalon.core.webui.keyword.WebUiBuiltInKeywords$selectOptionByLabel$4.call(Unknown Source)
	at FG3D Test - Stragetic.run(FG3D Test - Stragetic:51)
	at com.kms.katalon.core.main.ScriptEngine.run(ScriptEngine.java:194)
	at com.kms.katalon.core.main.ScriptEngine.runScriptAsRawText(ScriptEngine.java:119)
	at com.kms.katalon.core.main.TestCaseExecutor.runScript(TestCaseExecutor.java:339)
	at com.kms.katalon.core.main.TestCaseExecutor.doExecute(TestCaseExecutor.java:330)
	at com.kms.katalon.core.main.TestCaseExecutor.processExecutionPhase(TestCaseExecutor.java:309)
	at com.kms.katalon.core.main.TestCaseExecutor.accessMainPhase(TestCaseExecutor.java:301)
	at com.kms.katalon.core.main.TestCaseExecutor.execute(TestCaseExecutor.java:235)
	at com.kms.katalon.core.main.TestSuiteExecutor.accessTestCaseMainPhase(TestSuiteExecutor.java:191)
	at com.kms.katalon.core.main.TestSuiteExecutor.accessTestSuiteMainPhase(TestSuiteExecutor.java:141)
	at com.kms.katalon.core.main.TestSuiteExecutor.execute(TestSuiteExecutor.java:90)
	at com.kms.katalon.core.main.TestCaseMain.startTestSuite(TestCaseMain.java:157)
	at com.kms.katalon.core.main.TestCaseMain$startTestSuite$0.call(Unknown Source)
	at TempTestSuite1601324593621.run(TempTestSuite1601324593621.groovy:39)
Caused by: com.kms.katalon.core.exception.StepFailedException: No option matched.
	at com.kms.katalon.core.keyword.internal.KeywordMain.stepFailed(KeywordMain.groovy:50)
	at com.kms.katalon.core.keyword.internal.KeywordMain.stepFailed(KeywordMain.groovy)
	at com.kms.katalon.core.keyword.internal.KeywordMain.stepFailed(KeywordMain.groovy:23)
	at com.kms.katalon.core.webui.keyword.builtin.SelectOptionByLabelKeyword$_selectOptionByLabel_closure1.doCall(SelectOptionByLabelKeyword.groovy:91)
	at com.kms.katalon.core.webui.keyword.builtin.SelectOptionByLabelKeyword$_selectOptionByLabel_closure1.call(SelectOptionByLabelKeyword.groovy)
	at com.kms.katalon.core.webui.keyword.internal.WebUIKeywordMain.runKeyword(WebUIKeywordMain.groovy:20)
	at com.kms.katalon.core.webui.keyword.builtin.SelectOptionByLabelKeyword.selectOptionByLabel(SelectOptionByLabelKeyword.groovy:98)
	at com.kms.katalon.core.webui.keyword.builtin.SelectOptionByLabelKeyword.execute(SelectOptionByLabelKeyword.groovy:71)
	at com.kms.katalon.core.keyword.internal.KeywordExecutor.executeKeywordForPlatform(KeywordExecutor.groovy:73)
	at com.kms.katalon.core.webui.keyword.WebUiBuiltInKeywords.selectOptionByLabel(WebUiBuiltInKeywords.groovy:1226)
	at com.kms.katalon.core.webui.keyword.WebUiBuiltInKeywords$selectOptionByLabel$4.call(Unknown Source)
	at Script1599149155505.run(Script1599149155505.groovy:51)
	... 13 more
)

2020-09-28 16:30:43 - [MESSAGE][FAILED] - No option matched.

2020-09-28 16:30:45 - [MESSAGE][FAILED] - Unable to select option by label 'ERSI Shapefile' of object 'Object Repository/Page_Map  GRiD/select_ESRI Shapefile  GeoPackage  KML  --- No Output ---'  using regular expression (Root cause: com.kms.katalon.core.exception.StepFailedException: Unable to select option by label 'ERSI Shapefile' of object 'Object Repository/Page_Map  GRiD/select_ESRI Shapefile  GeoPackage  KML  --- No Output ---'  using regular expression
	at com.kms.katalon.core.webui.keyword.internal.WebUIKeywordMain.stepFailed(WebUIKeywordMain.groovy:64)
	at com.kms.katalon.core.webui.keyword.internal.WebUIKeywordMain.runKeyword(WebUIKeywordMain.groovy:26)
	at com.kms.katalon.core.webui.keyword.builtin.SelectOptionByLabelKeyword.selectOptionByLabel(SelectOptionByLabelKeyword.groovy:98)
	at com.kms.katalon.core.webui.keyword.builtin.SelectOptionByLabelKeyword.execute(SelectOptionByLabelKeyword.groovy:71)
	at com.kms.katalon.core.keyword.internal.KeywordExecutor.executeKeywordForPlatform(KeywordExecutor.groovy:73)
	at com.kms.katalon.core.webui.keyword.WebUiBuiltInKeywords.selectOptionByLabel(WebUiBuiltInKeywords.groovy:1226)
	at com.kms.katalon.core.webui.keyword.WebUiBuiltInKeywords$selectOptionByLabel$4.call(Unknown Source)
	at FG3D Test - Stragetic.run(FG3D Test - Stragetic:51)
	at com.kms.katalon.core.main.ScriptEngine.run(ScriptEngine.java:194)
	at com.kms.katalon.core.main.ScriptEngine.runScriptAsRawText(ScriptEngine.java:119)
	at com.kms.katalon.core.main.TestCaseExecutor.runScript(TestCaseExecutor.java:339)
	at com.kms.katalon.core.main.TestCaseExecutor.doExecute(TestCaseExecutor.java:330)
	at com.kms.katalon.core.main.TestCaseExecutor.processExecutionPhase(TestCaseExecutor.java:309)
	at com.kms.katalon.core.main.TestCaseExecutor.accessMainPhase(TestCaseExecutor.java:301)
	at com.kms.katalon.core.main.TestCaseExecutor.execute(TestCaseExecutor.java:235)
	at com.kms.katalon.core.main.TestSuiteExecutor.accessTestCaseMainPhase(TestSuiteExecutor.java:191)
	at com.kms.katalon.core.main.TestSuiteExecutor.accessTestSuiteMainPhase(TestSuiteExecutor.java:141)
	at com.kms.katalon.core.main.TestSuiteExecutor.execute(TestSuiteExecutor.java:90)
	at com.kms.katalon.core.main.TestCaseMain.startTestSuite(TestCaseMain.java:157)
	at com.kms.katalon.core.main.TestCaseMain$startTestSuite$0.call(Unknown Source)
	at TempTestSuite1601324593621.run(TempTestSuite1601324593621.groovy:39)
Caused by: com.kms.katalon.core.exception.StepFailedException: No option matched.
	at com.kms.katalon.core.keyword.internal.KeywordMain.stepFailed(KeywordMain.groovy:50)
	at com.kms.katalon.core.keyword.internal.KeywordMain.stepFailed(KeywordMain.groovy)
	at com.kms.katalon.core.keyword.internal.KeywordMain.stepFailed(KeywordMain.groovy:23)
	at com.kms.katalon.core.webui.keyword.builtin.SelectOptionByLabelKeyword$_selectOptionByLabel_closure1.doCall(SelectOptionByLabelKeyword.groovy:91)
	at com.kms.katalon.core.webui.keyword.builtin.SelectOptionByLabelKeyword$_selectOptionByLabel_closure1.call(SelectOptionByLabelKeyword.groovy)
	at com.kms.katalon.core.webui.keyword.internal.WebUIKeywordMain.runKeyword(WebUIKeywordMain.groovy:20)
	at com.kms.katalon.core.webui.keyword.builtin.SelectOptionByLabelKeyword.selectOptionByLabel(SelectOptionByLabelKeyword.groovy:98)
	at com.kms.katalon.core.webui.keyword.builtin.SelectOptionByLabelKeyword.execute(SelectOptionByLabelKeyword.groovy:71)
	at com.kms.katalon.core.keyword.internal.KeywordExecutor.executeKeywordForPlatform(KeywordExecutor.groovy:73)
	at com.kms.katalon.core.webui.keyword.WebUiBuiltInKeywords.selectOptionByLabel(WebUiBuiltInKeywords.groovy:1226)
	at com.kms.katalon.core.webui.keyword.WebUiBuiltInKeywords$selectOptionByLabel$4.call(Unknown Source)
	at Script1599149155505.run(Script1599149155505.groovy:51)
	... 13 more
)
[[ATTACHMENT|/Users/bhavikpatel/Downloads/Projects/CRREL/GRiD/Automation Testing/Automation Testing Project/KatalonTesting/Reports/20200928_162313/GRiD FG3D/20200928_162313/1601325043954.png]]]]></system-out>
         <system-err><![CDATA[2020-09-28 16:25:35 - [TEST_CASE][FAILED] - Test Cases/FG3D/FG3D Test - Stragetic: Test Cases/FG3D/FG3D Test - Stragetic FAILED.
Reason:
com.kms.katalon.core.exception.StepFailedException: Unable to select option by label 'ERSI Shapefile' of object 'Object Repository/Page_Map  GRiD/select_ESRI Shapefile  GeoPackage  KML  --- No Output ---'  using regular expression
	at com.kms.katalon.core.webui.keyword.internal.WebUIKeywordMain.stepFailed(WebUIKeywordMain.groovy:64)
	at com.kms.katalon.core.webui.keyword.internal.WebUIKeywordMain.runKeyword(WebUIKeywordMain.groovy:26)
	at com.kms.katalon.core.webui.keyword.builtin.SelectOptionByLabelKeyword.selectOptionByLabel(SelectOptionByLabelKeyword.groovy:98)
	at com.kms.katalon.core.webui.keyword.builtin.SelectOptionByLabelKeyword.execute(SelectOptionByLabelKeyword.groovy:71)
	at com.kms.katalon.core.keyword.internal.KeywordExecutor.executeKeywordForPlatform(KeywordExecutor.groovy:73)
	at com.kms.katalon.core.webui.keyword.WebUiBuiltInKeywords.selectOptionByLabel(WebUiBuiltInKeywords.groovy:1226)
	at com.kms.katalon.core.webui.keyword.WebUiBuiltInKeywords$selectOptionByLabel$4.call(Unknown Source)
	at FG3D Test - Stragetic.run(FG3D Test - Stragetic:51)
	at com.kms.katalon.core.main.ScriptEngine.run(ScriptEngine.java:194)
	at com.kms.katalon.core.main.ScriptEngine.runScriptAsRawText(ScriptEngine.java:119)
	at com.kms.katalon.core.main.TestCaseExecutor.runScript(TestCaseExecutor.java:339)
	at com.kms.katalon.core.main.TestCaseExecutor.doExecute(TestCaseExecutor.java:330)
	at com.kms.katalon.core.main.TestCaseExecutor.processExecutionPhase(TestCaseExecutor.java:309)
	at com.kms.katalon.core.main.TestCaseExecutor.accessMainPhase(TestCaseExecutor.java:301)
	at com.kms.katalon.core.main.TestCaseExecutor.execute(TestCaseExecutor.java:235)
	at com.kms.katalon.core.main.TestSuiteExecutor.accessTestCaseMainPhase(TestSuiteExecutor.java:191)
	at com.kms.katalon.core.main.TestSuiteExecutor.accessTestSuiteMainPhase(TestSuiteExecutor.java:141)
	at com.kms.katalon.core.main.TestSuiteExecutor.execute(TestSuiteExecutor.java:90)
	at com.kms.katalon.core.main.TestCaseMain.startTestSuite(TestCaseMain.java:157)
	at com.kms.katalon.core.main.TestCaseMain$startTestSuite$0.call(Unknown Source)
	at TempTestSuite1601324593621.run(TempTestSuite1601324593621.groovy:39)
Caused by: com.kms.katalon.core.exception.StepFailedException: No option matched.
	at com.kms.katalon.core.keyword.internal.KeywordMain.stepFailed(KeywordMain.groovy:50)
	at com.kms.katalon.core.keyword.internal.KeywordMain.stepFailed(KeywordMain.groovy)
	at com.kms.katalon.core.keyword.internal.KeywordMain.stepFailed(KeywordMain.groovy:23)
	at com.kms.katalon.core.webui.keyword.builtin.SelectOptionByLabelKeyword$_selectOptionByLabel_closure1.doCall(SelectOptionByLabelKeyword.groovy:91)
	at com.kms.katalon.core.webui.keyword.builtin.SelectOptionByLabelKeyword$_selectOptionByLabel_closure1.call(SelectOptionByLabelKeyword.groovy)
	at com.kms.katalon.core.webui.keyword.internal.WebUIKeywordMain.runKeyword(WebUIKeywordMain.groovy:20)
	... 19 more]]></system-err>
      </testcase>
      <testcase name="Test Cases/FG3D/FG3D Test - Stragetic" time="304.787" classname="Test Cases/FG3D/FG3D Test - Stragetic" status="FAILED">
         <failure type="FAILED" message="Test Cases/FG3D/FG3D Test - Stragetic FAILED.
Reason:
com.kms.katalon.core.exception.StepFailedException: Unable to click on object 'Object Repository/Page_Home  GRiD/a_CAC  GEOAxIS Login'
	at com.kms.katalon.core.webui.keyword.internal.WebUIKeywordMain.stepFailed(WebUIKeywordMain.groovy:64)
	at com.kms.katalon.core.webui.keyword.internal.WebUIKeywordMain.runKeyword(WebUIKeywordMain.groovy:26)
	at com.kms.katalon.core.webui.keyword.builtin.ClickKeyword.click(ClickKeyword.groovy:76)
	at com.kms.katalon.core.webui.keyword.builtin.ClickKeyword.execute(ClickKeyword.groovy:43)
	at com.kms.katalon.core.keyword.internal.KeywordExecutor.executeKeywordForPlatform(KeywordExecutor.groovy:73)
	at com.kms.katalon.core.webui.keyword.WebUiBuiltInKeywords.click(WebUiBuiltInKeywords.groovy:616)
	at com.kms.katalon.core.webui.keyword.WebUiBuiltInKeywords$click$1.call(Unknown Source)
	at FG3D Test - Stragetic.run(FG3D Test - Stragetic:24)
	at com.kms.katalon.core.main.ScriptEngine.run(ScriptEngine.java:194)
	at com.kms.katalon.core.main.ScriptEngine.runScriptAsRawText(ScriptEngine.java:119)
	at com.kms.katalon.core.main.TestCaseExecutor.runScript(TestCaseExecutor.java:339)
	at com.kms.katalon.core.main.TestCaseExecutor.doExecute(TestCaseExecutor.java:330)
	at com.kms.katalon.core.main.TestCaseExecutor.processExecutionPhase(TestCaseExecutor.java:309)
	at com.kms.katalon.core.main.TestCaseExecutor.accessMainPhase(TestCaseExecutor.java:301)
	at com.kms.katalon.core.main.TestCaseExecutor.execute(TestCaseExecutor.java:235)
	at com.kms.katalon.core.main.TestSuiteExecutor.accessTestCaseMainPhase(TestSuiteExecutor.java:191)
	at com.kms.katalon.core.main.TestSuiteExecutor.accessTestSuiteMainPhase(TestSuiteExecutor.java:141)
	at com.kms.katalon.core.main.TestSuiteExecutor.execute(TestSuiteExecutor.java:90)
	at com.kms.katalon.core.main.TestCaseMain.startTestSuite(TestCaseMain.java:157)
	at com.kms.katalon.core.main.TestCaseMain$startTestSuite$0.call(Unknown Source)
	at TempTestSuite1601324593621.run(TempTestSuite1601324593621.groovy:39)
Caused by: org.openqa.selenium.TimeoutException: timeout: Timed out receiving message from renderer: 300.000
  (Session info: chrome=85.0.4183.121)
Build info: version: '3.141.59', revision: 'e82be7d358', time: '2018-11-14T08:25:53'
System info: host: 'c02yj0qyjgh7.lan', ip: 'fe80:0:0:0:8e5:6086:d883:e3f8%en0', os.name: 'Mac OS X', os.arch: 'x86_64', os.version: '10.15.6', java.version: '1.8.0_181'
Driver info: com.kms.katalon.selenium.driver.CChromeDriver
Capabilities {acceptInsecureCerts: false, browserName: chrome, browserVersion: 85.0.4183.121, chrome: {chromedriverVersion: 85.0.4183.87 (cd6713ebf92fa..., userDataDir: /var/folders/mk/mm0g76rn3_g...}, goog:chromeOptions: {debuggerAddress: localhost:51281}, javascriptEnabled: true, networkConnectionEnabled: false, pageLoadStrategy: normal, platform: MAC, platformName: MAC, proxy: Proxy(), setWindowRect: true, strictFileInteractability: false, timeouts: {implicit: 0, pageLoad: 300000, script: 30000}, unhandledPromptBehavior: dismiss and notify, webauthn:virtualAuthenticators: true}
Session ID: 1b6b4506190972bc3e835a7d7c285fc1
	at org.openqa.selenium.remote.http.W3CHttpResponseCodec.createException(W3CHttpResponseCodec.java:187)
	at org.openqa.selenium.remote.http.W3CHttpResponseCodec.decode(W3CHttpResponseCodec.java:122)
	at org.openqa.selenium.remote.http.W3CHttpResponseCodec.decode(W3CHttpResponseCodec.java:49)
	at org.openqa.selenium.remote.HttpCommandExecutor.execute(HttpCommandExecutor.java:158)
	at org.openqa.selenium.remote.service.DriverCommandExecutor.execute(DriverCommandExecutor.java:83)
	at org.openqa.selenium.remote.RemoteWebDriver.execute(RemoteWebDriver.java:552)
	at com.kms.katalon.selenium.driver.CChromeDriver.execute(CChromeDriver.java:19)
	at org.openqa.selenium.remote.RemoteWebElement.execute(RemoteWebElement.java:285)
	at org.openqa.selenium.remote.RemoteWebElement.click(RemoteWebElement.java:84)
	at org.openqa.selenium.support.events.EventFiringWebDriver$EventFiringWebElement.lambda$new$0(EventFiringWebDriver.java:404)
	at com.sun.proxy.$Proxy9.click(Unknown Source)
	at org.openqa.selenium.support.events.EventFiringWebDriver$EventFiringWebElement.click(EventFiringWebDriver.java:417)
	at com.kms.katalon.core.webui.keyword.builtin.ClickKeyword$_click_closure1.doCall(ClickKeyword.groovy:69)
	at com.kms.katalon.core.webui.keyword.builtin.ClickKeyword$_click_closure1.call(ClickKeyword.groovy)
	at com.kms.katalon.core.webui.keyword.internal.WebUIKeywordMain.runKeyword(WebUIKeywordMain.groovy:20)
	... 19 more
"/>
         <system-out><![CDATA[2020-09-28 16:30:45 - [TEST_CASE][FAILED] - Test Cases/FG3D/FG3D Test - Stragetic: Test Cases/FG3D/FG3D Test - Stragetic FAILED.
Reason:
com.kms.katalon.core.exception.StepFailedException: Unable to click on object 'Object Repository/Page_Home  GRiD/a_CAC  GEOAxIS Login'
	at com.kms.katalon.core.webui.keyword.internal.WebUIKeywordMain.stepFailed(WebUIKeywordMain.groovy:64)
	at com.kms.katalon.core.webui.keyword.internal.WebUIKeywordMain.runKeyword(WebUIKeywordMain.groovy:26)
	at com.kms.katalon.core.webui.keyword.builtin.ClickKeyword.click(ClickKeyword.groovy:76)
	at com.kms.katalon.core.webui.keyword.builtin.ClickKeyword.execute(ClickKeyword.groovy:43)
	at com.kms.katalon.core.keyword.internal.KeywordExecutor.executeKeywordForPlatform(KeywordExecutor.groovy:73)
	at com.kms.katalon.core.webui.keyword.WebUiBuiltInKeywords.click(WebUiBuiltInKeywords.groovy:616)
	at com.kms.katalon.core.webui.keyword.WebUiBuiltInKeywords$click$1.call(Unknown Source)
	at FG3D Test - Stragetic.run(FG3D Test - Stragetic:24)
	at com.kms.katalon.core.main.ScriptEngine.run(ScriptEngine.java:194)
	at com.kms.katalon.core.main.ScriptEngine.runScriptAsRawText(ScriptEngine.java:119)
	at com.kms.katalon.core.main.TestCaseExecutor.runScript(TestCaseExecutor.java:339)
	at com.kms.katalon.core.main.TestCaseExecutor.doExecute(TestCaseExecutor.java:330)
	at com.kms.katalon.core.main.TestCaseExecutor.processExecutionPhase(TestCaseExecutor.java:309)
	at com.kms.katalon.core.main.TestCaseExecutor.accessMainPhase(TestCaseExecutor.java:301)
	at com.kms.katalon.core.main.TestCaseExecutor.execute(TestCaseExecutor.java:235)
	at com.kms.katalon.core.main.TestSuiteExecutor.accessTestCaseMainPhase(TestSuiteExecutor.java:191)
	at com.kms.katalon.core.main.TestSuiteExecutor.accessTestSuiteMainPhase(TestSuiteExecutor.java:141)
	at com.kms.katalon.core.main.TestSuiteExecutor.execute(TestSuiteExecutor.java:90)
	at com.kms.katalon.core.main.TestCaseMain.startTestSuite(TestCaseMain.java:157)
	at com.kms.katalon.core.main.TestCaseMain$startTestSuite$0.call(Unknown Source)
	at TempTestSuite1601324593621.run(TempTestSuite1601324593621.groovy:39)
Caused by: org.openqa.selenium.TimeoutException: timeout: Timed out receiving message from renderer: 300.000
  (Session info: chrome=85.0.4183.121)
Build info: version: '3.141.59', revision: 'e82be7d358', time: '2018-11-14T08:25:53'
System info: host: 'c02yj0qyjgh7.lan', ip: 'fe80:0:0:0:8e5:6086:d883:e3f8%en0', os.name: 'Mac OS X', os.arch: 'x86_64', os.version: '10.15.6', java.version: '1.8.0_181'
Driver info: com.kms.katalon.selenium.driver.CChromeDriver
Capabilities {acceptInsecureCerts: false, browserName: chrome, browserVersion: 85.0.4183.121, chrome: {chromedriverVersion: 85.0.4183.87 (cd6713ebf92fa..., userDataDir: /var/folders/mk/mm0g76rn3_g...}, goog:chromeOptions: {debuggerAddress: localhost:51281}, javascriptEnabled: true, networkConnectionEnabled: false, pageLoadStrategy: normal, platform: MAC, platformName: MAC, proxy: Proxy(), setWindowRect: true, strictFileInteractability: false, timeouts: {implicit: 0, pageLoad: 300000, script: 30000}, unhandledPromptBehavior: dismiss and notify, webauthn:virtualAuthenticators: true}
Session ID: 1b6b4506190972bc3e835a7d7c285fc1
	at org.openqa.selenium.remote.http.W3CHttpResponseCodec.createException(W3CHttpResponseCodec.java:187)
	at org.openqa.selenium.remote.http.W3CHttpResponseCodec.decode(W3CHttpResponseCodec.java:122)
	at org.openqa.selenium.remote.http.W3CHttpResponseCodec.decode(W3CHttpResponseCodec.java:49)
	at org.openqa.selenium.remote.HttpCommandExecutor.execute(HttpCommandExecutor.java:158)
	at org.openqa.selenium.remote.service.DriverCommandExecutor.execute(DriverCommandExecutor.java:83)
	at org.openqa.selenium.remote.RemoteWebDriver.execute(RemoteWebDriver.java:552)
	at com.kms.katalon.selenium.driver.CChromeDriver.execute(CChromeDriver.java:19)
	at org.openqa.selenium.remote.RemoteWebElement.execute(RemoteWebElement.java:285)
	at org.openqa.selenium.remote.RemoteWebElement.click(RemoteWebElement.java:84)
	at org.openqa.selenium.support.events.EventFiringWebDriver$EventFiringWebElement.lambda$new$0(EventFiringWebDriver.java:404)
	at com.sun.proxy.$Proxy9.click(Unknown Source)
	at org.openqa.selenium.support.events.EventFiringWebDriver$EventFiringWebElement.click(EventFiringWebDriver.java:417)
	at com.kms.katalon.core.webui.keyword.builtin.ClickKeyword$_click_closure1.doCall(ClickKeyword.groovy:69)
	at com.kms.katalon.core.webui.keyword.builtin.ClickKeyword$_click_closure1.call(ClickKeyword.groovy)
	at com.kms.katalon.core.webui.keyword.internal.WebUIKeywordMain.runKeyword(WebUIKeywordMain.groovy:20)
	... 19 more


2020-09-28 16:30:45 - [TEST_STEP][PASSED] - openBrowser(""): Browser is opened with url: ''

2020-09-28 16:30:45 - [MESSAGE][WARNING] - A browser is already opened. Closing browser and opening a new one

2020-09-28 16:30:45 - [MESSAGE][INFO] - Starting 'Chrome' driver

2020-09-28 16:30:45 - [MESSAGE][INFO] - Action delay is set to 0 milliseconds

2020-09-28 16:30:47 - [MESSAGE][PASSED] - Browser is opened with url: ''

2020-09-28 16:30:47 - [TEST_STEP][PASSED] - navigateToUrl("https://grid.nga.mil/testgrid/"): Navigate to 'https://grid.nga.mil/testgrid/' successfully

2020-09-28 16:30:48 - [MESSAGE][PASSED] - Navigate to 'https://grid.nga.mil/testgrid/' successfully

2020-09-28 16:30:48 - [TEST_STEP][FAILED] - click(findTestObject("Page_Home  GRiD/a_CAC  GEOAxIS Login")): Unable to click on object 'Object Repository/Page_Home  GRiD/a_CAC  GEOAxIS Login' (Root cause: com.kms.katalon.core.exception.StepFailedException: Unable to click on object 'Object Repository/Page_Home  GRiD/a_CAC  GEOAxIS Login'
	at com.kms.katalon.core.webui.keyword.internal.WebUIKeywordMain.stepFailed(WebUIKeywordMain.groovy:64)
	at com.kms.katalon.core.webui.keyword.internal.WebUIKeywordMain.runKeyword(WebUIKeywordMain.groovy:26)
	at com.kms.katalon.core.webui.keyword.builtin.ClickKeyword.click(ClickKeyword.groovy:76)
	at com.kms.katalon.core.webui.keyword.builtin.ClickKeyword.execute(ClickKeyword.groovy:43)
	at com.kms.katalon.core.keyword.internal.KeywordExecutor.executeKeywordForPlatform(KeywordExecutor.groovy:73)
	at com.kms.katalon.core.webui.keyword.WebUiBuiltInKeywords.click(WebUiBuiltInKeywords.groovy:616)
	at com.kms.katalon.core.webui.keyword.WebUiBuiltInKeywords$click$1.call(Unknown Source)
	at FG3D Test - Stragetic.run(FG3D Test - Stragetic:24)
	at com.kms.katalon.core.main.ScriptEngine.run(ScriptEngine.java:194)
	at com.kms.katalon.core.main.ScriptEngine.runScriptAsRawText(ScriptEngine.java:119)
	at com.kms.katalon.core.main.TestCaseExecutor.runScript(TestCaseExecutor.java:339)
	at com.kms.katalon.core.main.TestCaseExecutor.doExecute(TestCaseExecutor.java:330)
	at com.kms.katalon.core.main.TestCaseExecutor.processExecutionPhase(TestCaseExecutor.java:309)
	at com.kms.katalon.core.main.TestCaseExecutor.accessMainPhase(TestCaseExecutor.java:301)
	at com.kms.katalon.core.main.TestCaseExecutor.execute(TestCaseExecutor.java:235)
	at com.kms.katalon.core.main.TestSuiteExecutor.accessTestCaseMainPhase(TestSuiteExecutor.java:191)
	at com.kms.katalon.core.main.TestSuiteExecutor.accessTestSuiteMainPhase(TestSuiteExecutor.java:141)
	at com.kms.katalon.core.main.TestSuiteExecutor.execute(TestSuiteExecutor.java:90)
	at com.kms.katalon.core.main.TestCaseMain.startTestSuite(TestCaseMain.java:157)
	at com.kms.katalon.core.main.TestCaseMain$startTestSuite$0.call(Unknown Source)
	at TempTestSuite1601324593621.run(TempTestSuite1601324593621.groovy:39)
Caused by: org.openqa.selenium.TimeoutException: timeout: Timed out receiving message from renderer: 300.000
  (Session info: chrome=85.0.4183.121)
Build info: version: '3.141.59', revision: 'e82be7d358', time: '2018-11-14T08:25:53'
System info: host: 'c02yj0qyjgh7.lan', ip: 'fe80:0:0:0:8e5:6086:d883:e3f8%en0', os.name: 'Mac OS X', os.arch: 'x86_64', os.version: '10.15.6', java.version: '1.8.0_181'
Driver info: com.kms.katalon.selenium.driver.CChromeDriver
Capabilities {acceptInsecureCerts: false, browserName: chrome, browserVersion: 85.0.4183.121, chrome: {chromedriverVersion: 85.0.4183.87 (cd6713ebf92fa..., userDataDir: /var/folders/mk/mm0g76rn3_g...}, goog:chromeOptions: {debuggerAddress: localhost:51281}, javascriptEnabled: true, networkConnectionEnabled: false, pageLoadStrategy: normal, platform: MAC, platformName: MAC, proxy: Proxy(), setWindowRect: true, strictFileInteractability: false, timeouts: {implicit: 0, pageLoad: 300000, script: 30000}, unhandledPromptBehavior: dismiss and notify, webauthn:virtualAuthenticators: true}
Session ID: 1b6b4506190972bc3e835a7d7c285fc1
	at org.openqa.selenium.remote.http.W3CHttpResponseCodec.createException(W3CHttpResponseCodec.java:187)
	at org.openqa.selenium.remote.http.W3CHttpResponseCodec.decode(W3CHttpResponseCodec.java:122)
	at org.openqa.selenium.remote.http.W3CHttpResponseCodec.decode(W3CHttpResponseCodec.java:49)
	at org.openqa.selenium.remote.HttpCommandExecutor.execute(HttpCommandExecutor.java:158)
	at org.openqa.selenium.remote.service.DriverCommandExecutor.execute(DriverCommandExecutor.java:83)
	at org.openqa.selenium.remote.RemoteWebDriver.execute(RemoteWebDriver.java:552)
	at com.kms.katalon.selenium.driver.CChromeDriver.execute(CChromeDriver.java:19)
	at org.openqa.selenium.remote.RemoteWebElement.execute(RemoteWebElement.java:285)
	at org.openqa.selenium.remote.RemoteWebElement.click(RemoteWebElement.java:84)
	at org.openqa.selenium.support.events.EventFiringWebDriver$EventFiringWebElement.lambda$new$0(EventFiringWebDriver.java:404)
	at com.sun.proxy.$Proxy9.click(Unknown Source)
	at org.openqa.selenium.support.events.EventFiringWebDriver$EventFiringWebElement.click(EventFiringWebDriver.java:417)
	at com.kms.katalon.core.webui.keyword.builtin.ClickKeyword$_click_closure1.doCall(ClickKeyword.groovy:69)
	at com.kms.katalon.core.webui.keyword.builtin.ClickKeyword$_click_closure1.call(ClickKeyword.groovy)
	at com.kms.katalon.core.webui.keyword.internal.WebUIKeywordMain.runKeyword(WebUIKeywordMain.groovy:20)
	at com.kms.katalon.core.webui.keyword.builtin.ClickKeyword.click(ClickKeyword.groovy:76)
	at com.kms.katalon.core.webui.keyword.builtin.ClickKeyword.execute(ClickKeyword.groovy:43)
	at com.kms.katalon.core.keyword.internal.KeywordExecutor.executeKeywordForPlatform(KeywordExecutor.groovy:73)
	at com.kms.katalon.core.webui.keyword.WebUiBuiltInKeywords.click(WebUiBuiltInKeywords.groovy:616)
	at com.kms.katalon.core.webui.keyword.WebUiBuiltInKeywords$click$1.call(Unknown Source)
	at Script1599149155505.run(Script1599149155505.groovy:24)
	... 13 more
)

2020-09-28 16:35:50 - [MESSAGE][FAILED] - Unable to click on object 'Object Repository/Page_Home  GRiD/a_CAC  GEOAxIS Login' (Root cause: com.kms.katalon.core.exception.StepFailedException: Unable to click on object 'Object Repository/Page_Home  GRiD/a_CAC  GEOAxIS Login'
	at com.kms.katalon.core.webui.keyword.internal.WebUIKeywordMain.stepFailed(WebUIKeywordMain.groovy:64)
	at com.kms.katalon.core.webui.keyword.internal.WebUIKeywordMain.runKeyword(WebUIKeywordMain.groovy:26)
	at com.kms.katalon.core.webui.keyword.builtin.ClickKeyword.click(ClickKeyword.groovy:76)
	at com.kms.katalon.core.webui.keyword.builtin.ClickKeyword.execute(ClickKeyword.groovy:43)
	at com.kms.katalon.core.keyword.internal.KeywordExecutor.executeKeywordForPlatform(KeywordExecutor.groovy:73)
	at com.kms.katalon.core.webui.keyword.WebUiBuiltInKeywords.click(WebUiBuiltInKeywords.groovy:616)
	at com.kms.katalon.core.webui.keyword.WebUiBuiltInKeywords$click$1.call(Unknown Source)
	at FG3D Test - Stragetic.run(FG3D Test - Stragetic:24)
	at com.kms.katalon.core.main.ScriptEngine.run(ScriptEngine.java:194)
	at com.kms.katalon.core.main.ScriptEngine.runScriptAsRawText(ScriptEngine.java:119)
	at com.kms.katalon.core.main.TestCaseExecutor.runScript(TestCaseExecutor.java:339)
	at com.kms.katalon.core.main.TestCaseExecutor.doExecute(TestCaseExecutor.java:330)
	at com.kms.katalon.core.main.TestCaseExecutor.processExecutionPhase(TestCaseExecutor.java:309)
	at com.kms.katalon.core.main.TestCaseExecutor.accessMainPhase(TestCaseExecutor.java:301)
	at com.kms.katalon.core.main.TestCaseExecutor.execute(TestCaseExecutor.java:235)
	at com.kms.katalon.core.main.TestSuiteExecutor.accessTestCaseMainPhase(TestSuiteExecutor.java:191)
	at com.kms.katalon.core.main.TestSuiteExecutor.accessTestSuiteMainPhase(TestSuiteExecutor.java:141)
	at com.kms.katalon.core.main.TestSuiteExecutor.execute(TestSuiteExecutor.java:90)
	at com.kms.katalon.core.main.TestCaseMain.startTestSuite(TestCaseMain.java:157)
	at com.kms.katalon.core.main.TestCaseMain$startTestSuite$0.call(Unknown Source)
	at TempTestSuite1601324593621.run(TempTestSuite1601324593621.groovy:39)
Caused by: org.openqa.selenium.TimeoutException: timeout: Timed out receiving message from renderer: 300.000
  (Session info: chrome=85.0.4183.121)
Build info: version: '3.141.59', revision: 'e82be7d358', time: '2018-11-14T08:25:53'
System info: host: 'c02yj0qyjgh7.lan', ip: 'fe80:0:0:0:8e5:6086:d883:e3f8%en0', os.name: 'Mac OS X', os.arch: 'x86_64', os.version: '10.15.6', java.version: '1.8.0_181'
Driver info: com.kms.katalon.selenium.driver.CChromeDriver
Capabilities {acceptInsecureCerts: false, browserName: chrome, browserVersion: 85.0.4183.121, chrome: {chromedriverVersion: 85.0.4183.87 (cd6713ebf92fa..., userDataDir: /var/folders/mk/mm0g76rn3_g...}, goog:chromeOptions: {debuggerAddress: localhost:51281}, javascriptEnabled: true, networkConnectionEnabled: false, pageLoadStrategy: normal, platform: MAC, platformName: MAC, proxy: Proxy(), setWindowRect: true, strictFileInteractability: false, timeouts: {implicit: 0, pageLoad: 300000, script: 30000}, unhandledPromptBehavior: dismiss and notify, webauthn:virtualAuthenticators: true}
Session ID: 1b6b4506190972bc3e835a7d7c285fc1
	at org.openqa.selenium.remote.http.W3CHttpResponseCodec.createException(W3CHttpResponseCodec.java:187)
	at org.openqa.selenium.remote.http.W3CHttpResponseCodec.decode(W3CHttpResponseCodec.java:122)
	at org.openqa.selenium.remote.http.W3CHttpResponseCodec.decode(W3CHttpResponseCodec.java:49)
	at org.openqa.selenium.remote.HttpCommandExecutor.execute(HttpCommandExecutor.java:158)
	at org.openqa.selenium.remote.service.DriverCommandExecutor.execute(DriverCommandExecutor.java:83)
	at org.openqa.selenium.remote.RemoteWebDriver.execute(RemoteWebDriver.java:552)
	at com.kms.katalon.selenium.driver.CChromeDriver.execute(CChromeDriver.java:19)
	at org.openqa.selenium.remote.RemoteWebElement.execute(RemoteWebElement.java:285)
	at org.openqa.selenium.remote.RemoteWebElement.click(RemoteWebElement.java:84)
	at org.openqa.selenium.support.events.EventFiringWebDriver$EventFiringWebElement.lambda$new$0(EventFiringWebDriver.java:404)
	at com.sun.proxy.$Proxy9.click(Unknown Source)
	at org.openqa.selenium.support.events.EventFiringWebDriver$EventFiringWebElement.click(EventFiringWebDriver.java:417)
	at com.kms.katalon.core.webui.keyword.builtin.ClickKeyword$_click_closure1.doCall(ClickKeyword.groovy:69)
	at com.kms.katalon.core.webui.keyword.builtin.ClickKeyword$_click_closure1.call(ClickKeyword.groovy)
	at com.kms.katalon.core.webui.keyword.internal.WebUIKeywordMain.runKeyword(WebUIKeywordMain.groovy:20)
	at com.kms.katalon.core.webui.keyword.builtin.ClickKeyword.click(ClickKeyword.groovy:76)
	at com.kms.katalon.core.webui.keyword.builtin.ClickKeyword.execute(ClickKeyword.groovy:43)
	at com.kms.katalon.core.keyword.internal.KeywordExecutor.executeKeywordForPlatform(KeywordExecutor.groovy:73)
	at com.kms.katalon.core.webui.keyword.WebUiBuiltInKeywords.click(WebUiBuiltInKeywords.groovy:616)
	at com.kms.katalon.core.webui.keyword.WebUiBuiltInKeywords$click$1.call(Unknown Source)
	at Script1599149155505.run(Script1599149155505.groovy:24)
	... 13 more
)
[[ATTACHMENT|/Users/bhavikpatel/Downloads/Projects/CRREL/GRiD/Automation Testing/Automation Testing Project/KatalonTesting/Reports/20200928_162313/GRiD FG3D/20200928_162313/1601325349199.png]]]]></system-out>
         <system-err><![CDATA[2020-09-28 16:30:45 - [TEST_CASE][FAILED] - Test Cases/FG3D/FG3D Test - Stragetic: Test Cases/FG3D/FG3D Test - Stragetic FAILED.
Reason:
com.kms.katalon.core.exception.StepFailedException: Unable to click on object 'Object Repository/Page_Home  GRiD/a_CAC  GEOAxIS Login'
	at com.kms.katalon.core.webui.keyword.internal.WebUIKeywordMain.stepFailed(WebUIKeywordMain.groovy:64)
	at com.kms.katalon.core.webui.keyword.internal.WebUIKeywordMain.runKeyword(WebUIKeywordMain.groovy:26)
	at com.kms.katalon.core.webui.keyword.builtin.ClickKeyword.click(ClickKeyword.groovy:76)
	at com.kms.katalon.core.webui.keyword.builtin.ClickKeyword.execute(ClickKeyword.groovy:43)
	at com.kms.katalon.core.keyword.internal.KeywordExecutor.executeKeywordForPlatform(KeywordExecutor.groovy:73)
	at com.kms.katalon.core.webui.keyword.WebUiBuiltInKeywords.click(WebUiBuiltInKeywords.groovy:616)
	at com.kms.katalon.core.webui.keyword.WebUiBuiltInKeywords$click$1.call(Unknown Source)
	at FG3D Test - Stragetic.run(FG3D Test - Stragetic:24)
	at com.kms.katalon.core.main.ScriptEngine.run(ScriptEngine.java:194)
	at com.kms.katalon.core.main.ScriptEngine.runScriptAsRawText(ScriptEngine.java:119)
	at com.kms.katalon.core.main.TestCaseExecutor.runScript(TestCaseExecutor.java:339)
	at com.kms.katalon.core.main.TestCaseExecutor.doExecute(TestCaseExecutor.java:330)
	at com.kms.katalon.core.main.TestCaseExecutor.processExecutionPhase(TestCaseExecutor.java:309)
	at com.kms.katalon.core.main.TestCaseExecutor.accessMainPhase(TestCaseExecutor.java:301)
	at com.kms.katalon.core.main.TestCaseExecutor.execute(TestCaseExecutor.java:235)
	at com.kms.katalon.core.main.TestSuiteExecutor.accessTestCaseMainPhase(TestSuiteExecutor.java:191)
	at com.kms.katalon.core.main.TestSuiteExecutor.accessTestSuiteMainPhase(TestSuiteExecutor.java:141)
	at com.kms.katalon.core.main.TestSuiteExecutor.execute(TestSuiteExecutor.java:90)
	at com.kms.katalon.core.main.TestCaseMain.startTestSuite(TestCaseMain.java:157)
	at com.kms.katalon.core.main.TestCaseMain$startTestSuite$0.call(Unknown Source)
	at TempTestSuite1601324593621.run(TempTestSuite1601324593621.groovy:39)
Caused by: org.openqa.selenium.TimeoutException: timeout: Timed out receiving message from renderer: 300.000
  (Session info: chrome=85.0.4183.121)
Build info: version: '3.141.59', revision: 'e82be7d358', time: '2018-11-14T08:25:53'
System info: host: 'c02yj0qyjgh7.lan', ip: 'fe80:0:0:0:8e5:6086:d883:e3f8%en0', os.name: 'Mac OS X', os.arch: 'x86_64', os.version: '10.15.6', java.version: '1.8.0_181'
Driver info: com.kms.katalon.selenium.driver.CChromeDriver
Capabilities {acceptInsecureCerts: false, browserName: chrome, browserVersion: 85.0.4183.121, chrome: {chromedriverVersion: 85.0.4183.87 (cd6713ebf92fa..., userDataDir: /var/folders/mk/mm0g76rn3_g...}, goog:chromeOptions: {debuggerAddress: localhost:51281}, javascriptEnabled: true, networkConnectionEnabled: false, pageLoadStrategy: normal, platform: MAC, platformName: MAC, proxy: Proxy(), setWindowRect: true, strictFileInteractability: false, timeouts: {implicit: 0, pageLoad: 300000, script: 30000}, unhandledPromptBehavior: dismiss and notify, webauthn:virtualAuthenticators: true}
Session ID: 1b6b4506190972bc3e835a7d7c285fc1
	at org.openqa.selenium.remote.http.W3CHttpResponseCodec.createException(W3CHttpResponseCodec.java:187)
	at org.openqa.selenium.remote.http.W3CHttpResponseCodec.decode(W3CHttpResponseCodec.java:122)
	at org.openqa.selenium.remote.http.W3CHttpResponseCodec.decode(W3CHttpResponseCodec.java:49)
	at org.openqa.selenium.remote.HttpCommandExecutor.execute(HttpCommandExecutor.java:158)
	at org.openqa.selenium.remote.service.DriverCommandExecutor.execute(DriverCommandExecutor.java:83)
	at org.openqa.selenium.remote.RemoteWebDriver.execute(RemoteWebDriver.java:552)
	at com.kms.katalon.selenium.driver.CChromeDriver.execute(CChromeDriver.java:19)
	at org.openqa.selenium.remote.RemoteWebElement.execute(RemoteWebElement.java:285)
	at org.openqa.selenium.remote.RemoteWebElement.click(RemoteWebElement.java:84)
	at org.openqa.selenium.support.events.EventFiringWebDriver$EventFiringWebElement.lambda$new$0(EventFiringWebDriver.java:404)
	at com.sun.proxy.$Proxy9.click(Unknown Source)
	at org.openqa.selenium.support.events.EventFiringWebDriver$EventFiringWebElement.click(EventFiringWebDriver.java:417)
	at com.kms.katalon.core.webui.keyword.builtin.ClickKeyword$_click_closure1.doCall(ClickKeyword.groovy:69)
	at com.kms.katalon.core.webui.keyword.builtin.ClickKeyword$_click_closure1.call(ClickKeyword.groovy)
	at com.kms.katalon.core.webui.keyword.internal.WebUIKeywordMain.runKeyword(WebUIKeywordMain.groovy:20)
	... 19 more]]></system-err>
      </testcase>
      <testcase name="Test Cases/FG3D/FG3D Test - Stragetic" time="365.136" classname="Test Cases/FG3D/FG3D Test - Stragetic" status="FAILED">
         <failure type="FAILED" message="Test Cases/FG3D/FG3D Test - Stragetic FAILED.
Reason:
com.kms.katalon.core.exception.StepFailedException: Unable to click on object 'Object Repository/Page_Home  GRiD/a_CAC  GEOAxIS Login'
	at com.kms.katalon.core.webui.keyword.internal.WebUIKeywordMain.stepFailed(WebUIKeywordMain.groovy:64)
	at com.kms.katalon.core.webui.keyword.internal.WebUIKeywordMain.runKeyword(WebUIKeywordMain.groovy:26)
	at com.kms.katalon.core.webui.keyword.builtin.ClickKeyword.click(ClickKeyword.groovy:76)
	at com.kms.katalon.core.webui.keyword.builtin.ClickKeyword.execute(ClickKeyword.groovy:43)
	at com.kms.katalon.core.keyword.internal.KeywordExecutor.executeKeywordForPlatform(KeywordExecutor.groovy:73)
	at com.kms.katalon.core.webui.keyword.WebUiBuiltInKeywords.click(WebUiBuiltInKeywords.groovy:616)
	at com.kms.katalon.core.webui.keyword.WebUiBuiltInKeywords$click$1.call(Unknown Source)
	at FG3D Test - Stragetic.run(FG3D Test - Stragetic:24)
	at com.kms.katalon.core.main.ScriptEngine.run(ScriptEngine.java:194)
	at com.kms.katalon.core.main.ScriptEngine.runScriptAsRawText(ScriptEngine.java:119)
	at com.kms.katalon.core.main.TestCaseExecutor.runScript(TestCaseExecutor.java:339)
	at com.kms.katalon.core.main.TestCaseExecutor.doExecute(TestCaseExecutor.java:330)
	at com.kms.katalon.core.main.TestCaseExecutor.processExecutionPhase(TestCaseExecutor.java:309)
	at com.kms.katalon.core.main.TestCaseExecutor.accessMainPhase(TestCaseExecutor.java:301)
	at com.kms.katalon.core.main.TestCaseExecutor.execute(TestCaseExecutor.java:235)
	at com.kms.katalon.core.main.TestSuiteExecutor.accessTestCaseMainPhase(TestSuiteExecutor.java:191)
	at com.kms.katalon.core.main.TestSuiteExecutor.accessTestSuiteMainPhase(TestSuiteExecutor.java:141)
	at com.kms.katalon.core.main.TestSuiteExecutor.execute(TestSuiteExecutor.java:90)
	at com.kms.katalon.core.main.TestCaseMain.startTestSuite(TestCaseMain.java:157)
	at com.kms.katalon.core.main.TestCaseMain$startTestSuite$0.call(Unknown Source)
	at TempTestSuite1601324593621.run(TempTestSuite1601324593621.groovy:39)
Caused by: org.openqa.selenium.TimeoutException: timeout: Timed out receiving message from renderer: 300.000
  (Session info: chrome=85.0.4183.121)
Build info: version: '3.141.59', revision: 'e82be7d358', time: '2018-11-14T08:25:53'
System info: host: 'c02yj0qyjgh7.lan', ip: 'fe80:0:0:0:8e5:6086:d883:e3f8%en0', os.name: 'Mac OS X', os.arch: 'x86_64', os.version: '10.15.6', java.version: '1.8.0_181'
Driver info: com.kms.katalon.selenium.driver.CChromeDriver
Capabilities {acceptInsecureCerts: false, browserName: chrome, browserVersion: 85.0.4183.121, chrome: {chromedriverVersion: 85.0.4183.87 (cd6713ebf92fa..., userDataDir: /var/folders/mk/mm0g76rn3_g...}, goog:chromeOptions: {debuggerAddress: localhost:51457}, javascriptEnabled: true, networkConnectionEnabled: false, pageLoadStrategy: normal, platform: MAC, platformName: MAC, proxy: Proxy(), setWindowRect: true, strictFileInteractability: false, timeouts: {implicit: 0, pageLoad: 300000, script: 30000}, unhandledPromptBehavior: dismiss and notify, webauthn:virtualAuthenticators: true}
Session ID: ba7beb31fb6e8683a5d11eccddfcf5a9
	at org.openqa.selenium.remote.http.W3CHttpResponseCodec.createException(W3CHttpResponseCodec.java:187)
	at org.openqa.selenium.remote.http.W3CHttpResponseCodec.decode(W3CHttpResponseCodec.java:122)
	at org.openqa.selenium.remote.http.W3CHttpResponseCodec.decode(W3CHttpResponseCodec.java:49)
	at org.openqa.selenium.remote.HttpCommandExecutor.execute(HttpCommandExecutor.java:158)
	at org.openqa.selenium.remote.service.DriverCommandExecutor.execute(DriverCommandExecutor.java:83)
	at org.openqa.selenium.remote.RemoteWebDriver.execute(RemoteWebDriver.java:552)
	at com.kms.katalon.selenium.driver.CChromeDriver.execute(CChromeDriver.java:19)
	at org.openqa.selenium.remote.RemoteWebElement.execute(RemoteWebElement.java:285)
	at org.openqa.selenium.remote.RemoteWebElement.click(RemoteWebElement.java:84)
	at org.openqa.selenium.support.events.EventFiringWebDriver$EventFiringWebElement.lambda$new$0(EventFiringWebDriver.java:404)
	at com.sun.proxy.$Proxy9.click(Unknown Source)
	at org.openqa.selenium.support.events.EventFiringWebDriver$EventFiringWebElement.click(EventFiringWebDriver.java:417)
	at com.kms.katalon.core.webui.keyword.builtin.ClickKeyword$_click_closure1.doCall(ClickKeyword.groovy:69)
	at com.kms.katalon.core.webui.keyword.builtin.ClickKeyword$_click_closure1.call(ClickKeyword.groovy)
	at com.kms.katalon.core.webui.keyword.internal.WebUIKeywordMain.runKeyword(WebUIKeywordMain.groovy:20)
	... 19 more
"/>
         <system-out><![CDATA[2020-09-28 16:35:50 - [TEST_CASE][FAILED] - Test Cases/FG3D/FG3D Test - Stragetic: Test Cases/FG3D/FG3D Test - Stragetic FAILED.
Reason:
com.kms.katalon.core.exception.StepFailedException: Unable to click on object 'Object Repository/Page_Home  GRiD/a_CAC  GEOAxIS Login'
	at com.kms.katalon.core.webui.keyword.internal.WebUIKeywordMain.stepFailed(WebUIKeywordMain.groovy:64)
	at com.kms.katalon.core.webui.keyword.internal.WebUIKeywordMain.runKeyword(WebUIKeywordMain.groovy:26)
	at com.kms.katalon.core.webui.keyword.builtin.ClickKeyword.click(ClickKeyword.groovy:76)
	at com.kms.katalon.core.webui.keyword.builtin.ClickKeyword.execute(ClickKeyword.groovy:43)
	at com.kms.katalon.core.keyword.internal.KeywordExecutor.executeKeywordForPlatform(KeywordExecutor.groovy:73)
	at com.kms.katalon.core.webui.keyword.WebUiBuiltInKeywords.click(WebUiBuiltInKeywords.groovy:616)
	at com.kms.katalon.core.webui.keyword.WebUiBuiltInKeywords$click$1.call(Unknown Source)
	at FG3D Test - Stragetic.run(FG3D Test - Stragetic:24)
	at com.kms.katalon.core.main.ScriptEngine.run(ScriptEngine.java:194)
	at com.kms.katalon.core.main.ScriptEngine.runScriptAsRawText(ScriptEngine.java:119)
	at com.kms.katalon.core.main.TestCaseExecutor.runScript(TestCaseExecutor.java:339)
	at com.kms.katalon.core.main.TestCaseExecutor.doExecute(TestCaseExecutor.java:330)
	at com.kms.katalon.core.main.TestCaseExecutor.processExecutionPhase(TestCaseExecutor.java:309)
	at com.kms.katalon.core.main.TestCaseExecutor.accessMainPhase(TestCaseExecutor.java:301)
	at com.kms.katalon.core.main.TestCaseExecutor.execute(TestCaseExecutor.java:235)
	at com.kms.katalon.core.main.TestSuiteExecutor.accessTestCaseMainPhase(TestSuiteExecutor.java:191)
	at com.kms.katalon.core.main.TestSuiteExecutor.accessTestSuiteMainPhase(TestSuiteExecutor.java:141)
	at com.kms.katalon.core.main.TestSuiteExecutor.execute(TestSuiteExecutor.java:90)
	at com.kms.katalon.core.main.TestCaseMain.startTestSuite(TestCaseMain.java:157)
	at com.kms.katalon.core.main.TestCaseMain$startTestSuite$0.call(Unknown Source)
	at TempTestSuite1601324593621.run(TempTestSuite1601324593621.groovy:39)
Caused by: org.openqa.selenium.TimeoutException: timeout: Timed out receiving message from renderer: 300.000
  (Session info: chrome=85.0.4183.121)
Build info: version: '3.141.59', revision: 'e82be7d358', time: '2018-11-14T08:25:53'
System info: host: 'c02yj0qyjgh7.lan', ip: 'fe80:0:0:0:8e5:6086:d883:e3f8%en0', os.name: 'Mac OS X', os.arch: 'x86_64', os.version: '10.15.6', java.version: '1.8.0_181'
Driver info: com.kms.katalon.selenium.driver.CChromeDriver
Capabilities {acceptInsecureCerts: false, browserName: chrome, browserVersion: 85.0.4183.121, chrome: {chromedriverVersion: 85.0.4183.87 (cd6713ebf92fa..., userDataDir: /var/folders/mk/mm0g76rn3_g...}, goog:chromeOptions: {debuggerAddress: localhost:51457}, javascriptEnabled: true, networkConnectionEnabled: false, pageLoadStrategy: normal, platform: MAC, platformName: MAC, proxy: Proxy(), setWindowRect: true, strictFileInteractability: false, timeouts: {implicit: 0, pageLoad: 300000, script: 30000}, unhandledPromptBehavior: dismiss and notify, webauthn:virtualAuthenticators: true}
Session ID: ba7beb31fb6e8683a5d11eccddfcf5a9
	at org.openqa.selenium.remote.http.W3CHttpResponseCodec.createException(W3CHttpResponseCodec.java:187)
	at org.openqa.selenium.remote.http.W3CHttpResponseCodec.decode(W3CHttpResponseCodec.java:122)
	at org.openqa.selenium.remote.http.W3CHttpResponseCodec.decode(W3CHttpResponseCodec.java:49)
	at org.openqa.selenium.remote.HttpCommandExecutor.execute(HttpCommandExecutor.java:158)
	at org.openqa.selenium.remote.service.DriverCommandExecutor.execute(DriverCommandExecutor.java:83)
	at org.openqa.selenium.remote.RemoteWebDriver.execute(RemoteWebDriver.java:552)
	at com.kms.katalon.selenium.driver.CChromeDriver.execute(CChromeDriver.java:19)
	at org.openqa.selenium.remote.RemoteWebElement.execute(RemoteWebElement.java:285)
	at org.openqa.selenium.remote.RemoteWebElement.click(RemoteWebElement.java:84)
	at org.openqa.selenium.support.events.EventFiringWebDriver$EventFiringWebElement.lambda$new$0(EventFiringWebDriver.java:404)
	at com.sun.proxy.$Proxy9.click(Unknown Source)
	at org.openqa.selenium.support.events.EventFiringWebDriver$EventFiringWebElement.click(EventFiringWebDriver.java:417)
	at com.kms.katalon.core.webui.keyword.builtin.ClickKeyword$_click_closure1.doCall(ClickKeyword.groovy:69)
	at com.kms.katalon.core.webui.keyword.builtin.ClickKeyword$_click_closure1.call(ClickKeyword.groovy)
	at com.kms.katalon.core.webui.keyword.internal.WebUIKeywordMain.runKeyword(WebUIKeywordMain.groovy:20)
	... 19 more


2020-09-28 16:35:50 - [TEST_STEP][PASSED] - openBrowser(""): Browser is opened with url: ''

2020-09-28 16:35:50 - [MESSAGE][WARNING] - A browser is already opened. Closing browser and opening a new one

2020-09-28 16:35:50 - [MESSAGE][INFO] - Starting 'Chrome' driver

2020-09-28 16:35:50 - [MESSAGE][INFO] - Action delay is set to 0 milliseconds

2020-09-28 16:35:51 - [MESSAGE][PASSED] - Browser is opened with url: ''

2020-09-28 16:35:51 - [TEST_STEP][PASSED] - navigateToUrl("https://grid.nga.mil/testgrid/"): Navigate to 'https://grid.nga.mil/testgrid/' successfully

2020-09-28 16:35:54 - [MESSAGE][PASSED] - Navigate to 'https://grid.nga.mil/testgrid/' successfully

2020-09-28 16:35:54 - [TEST_STEP][FAILED] - click(findTestObject("Page_Home  GRiD/a_CAC  GEOAxIS Login")): Unable to click on object 'Object Repository/Page_Home  GRiD/a_CAC  GEOAxIS Login' (Root cause: com.kms.katalon.core.exception.StepFailedException: Unable to click on object 'Object Repository/Page_Home  GRiD/a_CAC  GEOAxIS Login'
	at com.kms.katalon.core.webui.keyword.internal.WebUIKeywordMain.stepFailed(WebUIKeywordMain.groovy:64)
	at com.kms.katalon.core.webui.keyword.internal.WebUIKeywordMain.runKeyword(WebUIKeywordMain.groovy:26)
	at com.kms.katalon.core.webui.keyword.builtin.ClickKeyword.click(ClickKeyword.groovy:76)
	at com.kms.katalon.core.webui.keyword.builtin.ClickKeyword.execute(ClickKeyword.groovy:43)
	at com.kms.katalon.core.keyword.internal.KeywordExecutor.executeKeywordForPlatform(KeywordExecutor.groovy:73)
	at com.kms.katalon.core.webui.keyword.WebUiBuiltInKeywords.click(WebUiBuiltInKeywords.groovy:616)
	at com.kms.katalon.core.webui.keyword.WebUiBuiltInKeywords$click$1.call(Unknown Source)
	at FG3D Test - Stragetic.run(FG3D Test - Stragetic:24)
	at com.kms.katalon.core.main.ScriptEngine.run(ScriptEngine.java:194)
	at com.kms.katalon.core.main.ScriptEngine.runScriptAsRawText(ScriptEngine.java:119)
	at com.kms.katalon.core.main.TestCaseExecutor.runScript(TestCaseExecutor.java:339)
	at com.kms.katalon.core.main.TestCaseExecutor.doExecute(TestCaseExecutor.java:330)
	at com.kms.katalon.core.main.TestCaseExecutor.processExecutionPhase(TestCaseExecutor.java:309)
	at com.kms.katalon.core.main.TestCaseExecutor.accessMainPhase(TestCaseExecutor.java:301)
	at com.kms.katalon.core.main.TestCaseExecutor.execute(TestCaseExecutor.java:235)
	at com.kms.katalon.core.main.TestSuiteExecutor.accessTestCaseMainPhase(TestSuiteExecutor.java:191)
	at com.kms.katalon.core.main.TestSuiteExecutor.accessTestSuiteMainPhase(TestSuiteExecutor.java:141)
	at com.kms.katalon.core.main.TestSuiteExecutor.execute(TestSuiteExecutor.java:90)
	at com.kms.katalon.core.main.TestCaseMain.startTestSuite(TestCaseMain.java:157)
	at com.kms.katalon.core.main.TestCaseMain$startTestSuite$0.call(Unknown Source)
	at TempTestSuite1601324593621.run(TempTestSuite1601324593621.groovy:39)
Caused by: org.openqa.selenium.TimeoutException: timeout: Timed out receiving message from renderer: 300.000
  (Session info: chrome=85.0.4183.121)
Build info: version: '3.141.59', revision: 'e82be7d358', time: '2018-11-14T08:25:53'
System info: host: 'c02yj0qyjgh7.lan', ip: 'fe80:0:0:0:8e5:6086:d883:e3f8%en0', os.name: 'Mac OS X', os.arch: 'x86_64', os.version: '10.15.6', java.version: '1.8.0_181'
Driver info: com.kms.katalon.selenium.driver.CChromeDriver
Capabilities {acceptInsecureCerts: false, browserName: chrome, browserVersion: 85.0.4183.121, chrome: {chromedriverVersion: 85.0.4183.87 (cd6713ebf92fa..., userDataDir: /var/folders/mk/mm0g76rn3_g...}, goog:chromeOptions: {debuggerAddress: localhost:51457}, javascriptEnabled: true, networkConnectionEnabled: false, pageLoadStrategy: normal, platform: MAC, platformName: MAC, proxy: Proxy(), setWindowRect: true, strictFileInteractability: false, timeouts: {implicit: 0, pageLoad: 300000, script: 30000}, unhandledPromptBehavior: dismiss and notify, webauthn:virtualAuthenticators: true}
Session ID: ba7beb31fb6e8683a5d11eccddfcf5a9
	at org.openqa.selenium.remote.http.W3CHttpResponseCodec.createException(W3CHttpResponseCodec.java:187)
	at org.openqa.selenium.remote.http.W3CHttpResponseCodec.decode(W3CHttpResponseCodec.java:122)
	at org.openqa.selenium.remote.http.W3CHttpResponseCodec.decode(W3CHttpResponseCodec.java:49)
	at org.openqa.selenium.remote.HttpCommandExecutor.execute(HttpCommandExecutor.java:158)
	at org.openqa.selenium.remote.service.DriverCommandExecutor.execute(DriverCommandExecutor.java:83)
	at org.openqa.selenium.remote.RemoteWebDriver.execute(RemoteWebDriver.java:552)
	at com.kms.katalon.selenium.driver.CChromeDriver.execute(CChromeDriver.java:19)
	at org.openqa.selenium.remote.RemoteWebElement.execute(RemoteWebElement.java:285)
	at org.openqa.selenium.remote.RemoteWebElement.click(RemoteWebElement.java:84)
	at org.openqa.selenium.support.events.EventFiringWebDriver$EventFiringWebElement.lambda$new$0(EventFiringWebDriver.java:404)
	at com.sun.proxy.$Proxy9.click(Unknown Source)
	at org.openqa.selenium.support.events.EventFiringWebDriver$EventFiringWebElement.click(EventFiringWebDriver.java:417)
	at com.kms.katalon.core.webui.keyword.builtin.ClickKeyword$_click_closure1.doCall(ClickKeyword.groovy:69)
	at com.kms.katalon.core.webui.keyword.builtin.ClickKeyword$_click_closure1.call(ClickKeyword.groovy)
	at com.kms.katalon.core.webui.keyword.internal.WebUIKeywordMain.runKeyword(WebUIKeywordMain.groovy:20)
	at com.kms.katalon.core.webui.keyword.builtin.ClickKeyword.click(ClickKeyword.groovy:76)
	at com.kms.katalon.core.webui.keyword.builtin.ClickKeyword.execute(ClickKeyword.groovy:43)
	at com.kms.katalon.core.keyword.internal.KeywordExecutor.executeKeywordForPlatform(KeywordExecutor.groovy:73)
	at com.kms.katalon.core.webui.keyword.WebUiBuiltInKeywords.click(WebUiBuiltInKeywords.groovy:616)
	at com.kms.katalon.core.webui.keyword.WebUiBuiltInKeywords$click$1.call(Unknown Source)
	at Script1599149155505.run(Script1599149155505.groovy:24)
	... 13 more
)

2020-09-28 16:41:55 - [MESSAGE][WARNING] - Cannot take screenshot

2020-09-28 16:41:55 - [MESSAGE][FAILED] - Unable to click on object 'Object Repository/Page_Home  GRiD/a_CAC  GEOAxIS Login' (Root cause: com.kms.katalon.core.exception.StepFailedException: Unable to click on object 'Object Repository/Page_Home  GRiD/a_CAC  GEOAxIS Login'
	at com.kms.katalon.core.webui.keyword.internal.WebUIKeywordMain.stepFailed(WebUIKeywordMain.groovy:64)
	at com.kms.katalon.core.webui.keyword.internal.WebUIKeywordMain.runKeyword(WebUIKeywordMain.groovy:26)
	at com.kms.katalon.core.webui.keyword.builtin.ClickKeyword.click(ClickKeyword.groovy:76)
	at com.kms.katalon.core.webui.keyword.builtin.ClickKeyword.execute(ClickKeyword.groovy:43)
	at com.kms.katalon.core.keyword.internal.KeywordExecutor.executeKeywordForPlatform(KeywordExecutor.groovy:73)
	at com.kms.katalon.core.webui.keyword.WebUiBuiltInKeywords.click(WebUiBuiltInKeywords.groovy:616)
	at com.kms.katalon.core.webui.keyword.WebUiBuiltInKeywords$click$1.call(Unknown Source)
	at FG3D Test - Stragetic.run(FG3D Test - Stragetic:24)
	at com.kms.katalon.core.main.ScriptEngine.run(ScriptEngine.java:194)
	at com.kms.katalon.core.main.ScriptEngine.runScriptAsRawText(ScriptEngine.java:119)
	at com.kms.katalon.core.main.TestCaseExecutor.runScript(TestCaseExecutor.java:339)
	at com.kms.katalon.core.main.TestCaseExecutor.doExecute(TestCaseExecutor.java:330)
	at com.kms.katalon.core.main.TestCaseExecutor.processExecutionPhase(TestCaseExecutor.java:309)
	at com.kms.katalon.core.main.TestCaseExecutor.accessMainPhase(TestCaseExecutor.java:301)
	at com.kms.katalon.core.main.TestCaseExecutor.execute(TestCaseExecutor.java:235)
	at com.kms.katalon.core.main.TestSuiteExecutor.accessTestCaseMainPhase(TestSuiteExecutor.java:191)
	at com.kms.katalon.core.main.TestSuiteExecutor.accessTestSuiteMainPhase(TestSuiteExecutor.java:141)
	at com.kms.katalon.core.main.TestSuiteExecutor.execute(TestSuiteExecutor.java:90)
	at com.kms.katalon.core.main.TestCaseMain.startTestSuite(TestCaseMain.java:157)
	at com.kms.katalon.core.main.TestCaseMain$startTestSuite$0.call(Unknown Source)
	at TempTestSuite1601324593621.run(TempTestSuite1601324593621.groovy:39)
Caused by: org.openqa.selenium.TimeoutException: timeout: Timed out receiving message from renderer: 300.000
  (Session info: chrome=85.0.4183.121)
Build info: version: '3.141.59', revision: 'e82be7d358', time: '2018-11-14T08:25:53'
System info: host: 'c02yj0qyjgh7.lan', ip: 'fe80:0:0:0:8e5:6086:d883:e3f8%en0', os.name: 'Mac OS X', os.arch: 'x86_64', os.version: '10.15.6', java.version: '1.8.0_181'
Driver info: com.kms.katalon.selenium.driver.CChromeDriver
Capabilities {acceptInsecureCerts: false, browserName: chrome, browserVersion: 85.0.4183.121, chrome: {chromedriverVersion: 85.0.4183.87 (cd6713ebf92fa..., userDataDir: /var/folders/mk/mm0g76rn3_g...}, goog:chromeOptions: {debuggerAddress: localhost:51457}, javascriptEnabled: true, networkConnectionEnabled: false, pageLoadStrategy: normal, platform: MAC, platformName: MAC, proxy: Proxy(), setWindowRect: true, strictFileInteractability: false, timeouts: {implicit: 0, pageLoad: 300000, script: 30000}, unhandledPromptBehavior: dismiss and notify, webauthn:virtualAuthenticators: true}
Session ID: ba7beb31fb6e8683a5d11eccddfcf5a9
	at org.openqa.selenium.remote.http.W3CHttpResponseCodec.createException(W3CHttpResponseCodec.java:187)
	at org.openqa.selenium.remote.http.W3CHttpResponseCodec.decode(W3CHttpResponseCodec.java:122)
	at org.openqa.selenium.remote.http.W3CHttpResponseCodec.decode(W3CHttpResponseCodec.java:49)
	at org.openqa.selenium.remote.HttpCommandExecutor.execute(HttpCommandExecutor.java:158)
	at org.openqa.selenium.remote.service.DriverCommandExecutor.execute(DriverCommandExecutor.java:83)
	at org.openqa.selenium.remote.RemoteWebDriver.execute(RemoteWebDriver.java:552)
	at com.kms.katalon.selenium.driver.CChromeDriver.execute(CChromeDriver.java:19)
	at org.openqa.selenium.remote.RemoteWebElement.execute(RemoteWebElement.java:285)
	at org.openqa.selenium.remote.RemoteWebElement.click(RemoteWebElement.java:84)
	at org.openqa.selenium.support.events.EventFiringWebDriver$EventFiringWebElement.lambda$new$0(EventFiringWebDriver.java:404)
	at com.sun.proxy.$Proxy9.click(Unknown Source)
	at org.openqa.selenium.support.events.EventFiringWebDriver$EventFiringWebElement.click(EventFiringWebDriver.java:417)
	at com.kms.katalon.core.webui.keyword.builtin.ClickKeyword$_click_closure1.doCall(ClickKeyword.groovy:69)
	at com.kms.katalon.core.webui.keyword.builtin.ClickKeyword$_click_closure1.call(ClickKeyword.groovy)
	at com.kms.katalon.core.webui.keyword.internal.WebUIKeywordMain.runKeyword(WebUIKeywordMain.groovy:20)
	at com.kms.katalon.core.webui.keyword.builtin.ClickKeyword.click(ClickKeyword.groovy:76)
	at com.kms.katalon.core.webui.keyword.builtin.ClickKeyword.execute(ClickKeyword.groovy:43)
	at com.kms.katalon.core.keyword.internal.KeywordExecutor.executeKeywordForPlatform(KeywordExecutor.groovy:73)
	at com.kms.katalon.core.webui.keyword.WebUiBuiltInKeywords.click(WebUiBuiltInKeywords.groovy:616)
	at com.kms.katalon.core.webui.keyword.WebUiBuiltInKeywords$click$1.call(Unknown Source)
	at Script1599149155505.run(Script1599149155505.groovy:24)
	... 13 more
)]]></system-out>
         <system-err><![CDATA[2020-09-28 16:35:50 - [TEST_CASE][FAILED] - Test Cases/FG3D/FG3D Test - Stragetic: Test Cases/FG3D/FG3D Test - Stragetic FAILED.
Reason:
com.kms.katalon.core.exception.StepFailedException: Unable to click on object 'Object Repository/Page_Home  GRiD/a_CAC  GEOAxIS Login'
	at com.kms.katalon.core.webui.keyword.internal.WebUIKeywordMain.stepFailed(WebUIKeywordMain.groovy:64)
	at com.kms.katalon.core.webui.keyword.internal.WebUIKeywordMain.runKeyword(WebUIKeywordMain.groovy:26)
	at com.kms.katalon.core.webui.keyword.builtin.ClickKeyword.click(ClickKeyword.groovy:76)
	at com.kms.katalon.core.webui.keyword.builtin.ClickKeyword.execute(ClickKeyword.groovy:43)
	at com.kms.katalon.core.keyword.internal.KeywordExecutor.executeKeywordForPlatform(KeywordExecutor.groovy:73)
	at com.kms.katalon.core.webui.keyword.WebUiBuiltInKeywords.click(WebUiBuiltInKeywords.groovy:616)
	at com.kms.katalon.core.webui.keyword.WebUiBuiltInKeywords$click$1.call(Unknown Source)
	at FG3D Test - Stragetic.run(FG3D Test - Stragetic:24)
	at com.kms.katalon.core.main.ScriptEngine.run(ScriptEngine.java:194)
	at com.kms.katalon.core.main.ScriptEngine.runScriptAsRawText(ScriptEngine.java:119)
	at com.kms.katalon.core.main.TestCaseExecutor.runScript(TestCaseExecutor.java:339)
	at com.kms.katalon.core.main.TestCaseExecutor.doExecute(TestCaseExecutor.java:330)
	at com.kms.katalon.core.main.TestCaseExecutor.processExecutionPhase(TestCaseExecutor.java:309)
	at com.kms.katalon.core.main.TestCaseExecutor.accessMainPhase(TestCaseExecutor.java:301)
	at com.kms.katalon.core.main.TestCaseExecutor.execute(TestCaseExecutor.java:235)
	at com.kms.katalon.core.main.TestSuiteExecutor.accessTestCaseMainPhase(TestSuiteExecutor.java:191)
	at com.kms.katalon.core.main.TestSuiteExecutor.accessTestSuiteMainPhase(TestSuiteExecutor.java:141)
	at com.kms.katalon.core.main.TestSuiteExecutor.execute(TestSuiteExecutor.java:90)
	at com.kms.katalon.core.main.TestCaseMain.startTestSuite(TestCaseMain.java:157)
	at com.kms.katalon.core.main.TestCaseMain$startTestSuite$0.call(Unknown Source)
	at TempTestSuite1601324593621.run(TempTestSuite1601324593621.groovy:39)
Caused by: org.openqa.selenium.TimeoutException: timeout: Timed out receiving message from renderer: 300.000
  (Session info: chrome=85.0.4183.121)
Build info: version: '3.141.59', revision: 'e82be7d358', time: '2018-11-14T08:25:53'
System info: host: 'c02yj0qyjgh7.lan', ip: 'fe80:0:0:0:8e5:6086:d883:e3f8%en0', os.name: 'Mac OS X', os.arch: 'x86_64', os.version: '10.15.6', java.version: '1.8.0_181'
Driver info: com.kms.katalon.selenium.driver.CChromeDriver
Capabilities {acceptInsecureCerts: false, browserName: chrome, browserVersion: 85.0.4183.121, chrome: {chromedriverVersion: 85.0.4183.87 (cd6713ebf92fa..., userDataDir: /var/folders/mk/mm0g76rn3_g...}, goog:chromeOptions: {debuggerAddress: localhost:51457}, javascriptEnabled: true, networkConnectionEnabled: false, pageLoadStrategy: normal, platform: MAC, platformName: MAC, proxy: Proxy(), setWindowRect: true, strictFileInteractability: false, timeouts: {implicit: 0, pageLoad: 300000, script: 30000}, unhandledPromptBehavior: dismiss and notify, webauthn:virtualAuthenticators: true}
Session ID: ba7beb31fb6e8683a5d11eccddfcf5a9
	at org.openqa.selenium.remote.http.W3CHttpResponseCodec.createException(W3CHttpResponseCodec.java:187)
	at org.openqa.selenium.remote.http.W3CHttpResponseCodec.decode(W3CHttpResponseCodec.java:122)
	at org.openqa.selenium.remote.http.W3CHttpResponseCodec.decode(W3CHttpResponseCodec.java:49)
	at org.openqa.selenium.remote.HttpCommandExecutor.execute(HttpCommandExecutor.java:158)
	at org.openqa.selenium.remote.service.DriverCommandExecutor.execute(DriverCommandExecutor.java:83)
	at org.openqa.selenium.remote.RemoteWebDriver.execute(RemoteWebDriver.java:552)
	at com.kms.katalon.selenium.driver.CChromeDriver.execute(CChromeDriver.java:19)
	at org.openqa.selenium.remote.RemoteWebElement.execute(RemoteWebElement.java:285)
	at org.openqa.selenium.remote.RemoteWebElement.click(RemoteWebElement.java:84)
	at org.openqa.selenium.support.events.EventFiringWebDriver$EventFiringWebElement.lambda$new$0(EventFiringWebDriver.java:404)
	at com.sun.proxy.$Proxy9.click(Unknown Source)
	at org.openqa.selenium.support.events.EventFiringWebDriver$EventFiringWebElement.click(EventFiringWebDriver.java:417)
	at com.kms.katalon.core.webui.keyword.builtin.ClickKeyword$_click_closure1.doCall(ClickKeyword.groovy:69)
	at com.kms.katalon.core.webui.keyword.builtin.ClickKeyword$_click_closure1.call(ClickKeyword.groovy)
	at com.kms.katalon.core.webui.keyword.internal.WebUIKeywordMain.runKeyword(WebUIKeywordMain.groovy:20)
	... 19 more]]></system-err>
      </testcase>
      <testcase name="Test Cases/FG3D/FG3D Test - Stragetic" time="305.244" classname="Test Cases/FG3D/FG3D Test - Stragetic" status="FAILED">
         <failure type="FAILED" message="Test Cases/FG3D/FG3D Test - Stragetic FAILED.
Reason:
com.kms.katalon.core.exception.StepFailedException: Unable to click on object 'Object Repository/Page_Home  GRiD/a_CAC  GEOAxIS Login'
	at com.kms.katalon.core.webui.keyword.internal.WebUIKeywordMain.stepFailed(WebUIKeywordMain.groovy:64)
	at com.kms.katalon.core.webui.keyword.internal.WebUIKeywordMain.runKeyword(WebUIKeywordMain.groovy:26)
	at com.kms.katalon.core.webui.keyword.builtin.ClickKeyword.click(ClickKeyword.groovy:76)
	at com.kms.katalon.core.webui.keyword.builtin.ClickKeyword.execute(ClickKeyword.groovy:43)
	at com.kms.katalon.core.keyword.internal.KeywordExecutor.executeKeywordForPlatform(KeywordExecutor.groovy:73)
	at com.kms.katalon.core.webui.keyword.WebUiBuiltInKeywords.click(WebUiBuiltInKeywords.groovy:616)
	at com.kms.katalon.core.webui.keyword.WebUiBuiltInKeywords$click$1.call(Unknown Source)
	at FG3D Test - Stragetic.run(FG3D Test - Stragetic:24)
	at com.kms.katalon.core.main.ScriptEngine.run(ScriptEngine.java:194)
	at com.kms.katalon.core.main.ScriptEngine.runScriptAsRawText(ScriptEngine.java:119)
	at com.kms.katalon.core.main.TestCaseExecutor.runScript(TestCaseExecutor.java:339)
	at com.kms.katalon.core.main.TestCaseExecutor.doExecute(TestCaseExecutor.java:330)
	at com.kms.katalon.core.main.TestCaseExecutor.processExecutionPhase(TestCaseExecutor.java:309)
	at com.kms.katalon.core.main.TestCaseExecutor.accessMainPhase(TestCaseExecutor.java:301)
	at com.kms.katalon.core.main.TestCaseExecutor.execute(TestCaseExecutor.java:235)
	at com.kms.katalon.core.main.TestSuiteExecutor.accessTestCaseMainPhase(TestSuiteExecutor.java:191)
	at com.kms.katalon.core.main.TestSuiteExecutor.accessTestSuiteMainPhase(TestSuiteExecutor.java:141)
	at com.kms.katalon.core.main.TestSuiteExecutor.execute(TestSuiteExecutor.java:90)
	at com.kms.katalon.core.main.TestCaseMain.startTestSuite(TestCaseMain.java:157)
	at com.kms.katalon.core.main.TestCaseMain$startTestSuite$0.call(Unknown Source)
	at TempTestSuite1601324593621.run(TempTestSuite1601324593621.groovy:39)
Caused by: org.openqa.selenium.TimeoutException: timeout: Timed out receiving message from renderer: 300.000
  (Session info: chrome=85.0.4183.121)
Build info: version: '3.141.59', revision: 'e82be7d358', time: '2018-11-14T08:25:53'
System info: host: 'c02yj0qyjgh7.lan', ip: 'fe80:0:0:0:8e5:6086:d883:e3f8%en0', os.name: 'Mac OS X', os.arch: 'x86_64', os.version: '10.15.6', java.version: '1.8.0_181'
Driver info: com.kms.katalon.selenium.driver.CChromeDriver
Capabilities {acceptInsecureCerts: false, browserName: chrome, browserVersion: 85.0.4183.121, chrome: {chromedriverVersion: 85.0.4183.87 (cd6713ebf92fa..., userDataDir: /var/folders/mk/mm0g76rn3_g...}, goog:chromeOptions: {debuggerAddress: localhost:51620}, javascriptEnabled: true, networkConnectionEnabled: false, pageLoadStrategy: normal, platform: MAC, platformName: MAC, proxy: Proxy(), setWindowRect: true, strictFileInteractability: false, timeouts: {implicit: 0, pageLoad: 300000, script: 30000}, unhandledPromptBehavior: dismiss and notify, webauthn:virtualAuthenticators: true}
Session ID: f3c78cb480b111339bd6eb1a827ce427
	at org.openqa.selenium.remote.http.W3CHttpResponseCodec.createException(W3CHttpResponseCodec.java:187)
	at org.openqa.selenium.remote.http.W3CHttpResponseCodec.decode(W3CHttpResponseCodec.java:122)
	at org.openqa.selenium.remote.http.W3CHttpResponseCodec.decode(W3CHttpResponseCodec.java:49)
	at org.openqa.selenium.remote.HttpCommandExecutor.execute(HttpCommandExecutor.java:158)
	at org.openqa.selenium.remote.service.DriverCommandExecutor.execute(DriverCommandExecutor.java:83)
	at org.openqa.selenium.remote.RemoteWebDriver.execute(RemoteWebDriver.java:552)
	at com.kms.katalon.selenium.driver.CChromeDriver.execute(CChromeDriver.java:19)
	at org.openqa.selenium.remote.RemoteWebElement.execute(RemoteWebElement.java:285)
	at org.openqa.selenium.remote.RemoteWebElement.click(RemoteWebElement.java:84)
	at org.openqa.selenium.support.events.EventFiringWebDriver$EventFiringWebElement.lambda$new$0(EventFiringWebDriver.java:404)
	at com.sun.proxy.$Proxy9.click(Unknown Source)
	at org.openqa.selenium.support.events.EventFiringWebDriver$EventFiringWebElement.click(EventFiringWebDriver.java:417)
	at com.kms.katalon.core.webui.keyword.builtin.ClickKeyword$_click_closure1.doCall(ClickKeyword.groovy:69)
	at com.kms.katalon.core.webui.keyword.builtin.ClickKeyword$_click_closure1.call(ClickKeyword.groovy)
	at com.kms.katalon.core.webui.keyword.internal.WebUIKeywordMain.runKeyword(WebUIKeywordMain.groovy:20)
	... 19 more
"/>
         <system-out><![CDATA[2020-09-28 16:41:55 - [TEST_CASE][FAILED] - Test Cases/FG3D/FG3D Test - Stragetic: Test Cases/FG3D/FG3D Test - Stragetic FAILED.
Reason:
com.kms.katalon.core.exception.StepFailedException: Unable to click on object 'Object Repository/Page_Home  GRiD/a_CAC  GEOAxIS Login'
	at com.kms.katalon.core.webui.keyword.internal.WebUIKeywordMain.stepFailed(WebUIKeywordMain.groovy:64)
	at com.kms.katalon.core.webui.keyword.internal.WebUIKeywordMain.runKeyword(WebUIKeywordMain.groovy:26)
	at com.kms.katalon.core.webui.keyword.builtin.ClickKeyword.click(ClickKeyword.groovy:76)
	at com.kms.katalon.core.webui.keyword.builtin.ClickKeyword.execute(ClickKeyword.groovy:43)
	at com.kms.katalon.core.keyword.internal.KeywordExecutor.executeKeywordForPlatform(KeywordExecutor.groovy:73)
	at com.kms.katalon.core.webui.keyword.WebUiBuiltInKeywords.click(WebUiBuiltInKeywords.groovy:616)
	at com.kms.katalon.core.webui.keyword.WebUiBuiltInKeywords$click$1.call(Unknown Source)
	at FG3D Test - Stragetic.run(FG3D Test - Stragetic:24)
	at com.kms.katalon.core.main.ScriptEngine.run(ScriptEngine.java:194)
	at com.kms.katalon.core.main.ScriptEngine.runScriptAsRawText(ScriptEngine.java:119)
	at com.kms.katalon.core.main.TestCaseExecutor.runScript(TestCaseExecutor.java:339)
	at com.kms.katalon.core.main.TestCaseExecutor.doExecute(TestCaseExecutor.java:330)
	at com.kms.katalon.core.main.TestCaseExecutor.processExecutionPhase(TestCaseExecutor.java:309)
	at com.kms.katalon.core.main.TestCaseExecutor.accessMainPhase(TestCaseExecutor.java:301)
	at com.kms.katalon.core.main.TestCaseExecutor.execute(TestCaseExecutor.java:235)
	at com.kms.katalon.core.main.TestSuiteExecutor.accessTestCaseMainPhase(TestSuiteExecutor.java:191)
	at com.kms.katalon.core.main.TestSuiteExecutor.accessTestSuiteMainPhase(TestSuiteExecutor.java:141)
	at com.kms.katalon.core.main.TestSuiteExecutor.execute(TestSuiteExecutor.java:90)
	at com.kms.katalon.core.main.TestCaseMain.startTestSuite(TestCaseMain.java:157)
	at com.kms.katalon.core.main.TestCaseMain$startTestSuite$0.call(Unknown Source)
	at TempTestSuite1601324593621.run(TempTestSuite1601324593621.groovy:39)
Caused by: org.openqa.selenium.TimeoutException: timeout: Timed out receiving message from renderer: 300.000
  (Session info: chrome=85.0.4183.121)
Build info: version: '3.141.59', revision: 'e82be7d358', time: '2018-11-14T08:25:53'
System info: host: 'c02yj0qyjgh7.lan', ip: 'fe80:0:0:0:8e5:6086:d883:e3f8%en0', os.name: 'Mac OS X', os.arch: 'x86_64', os.version: '10.15.6', java.version: '1.8.0_181'
Driver info: com.kms.katalon.selenium.driver.CChromeDriver
Capabilities {acceptInsecureCerts: false, browserName: chrome, browserVersion: 85.0.4183.121, chrome: {chromedriverVersion: 85.0.4183.87 (cd6713ebf92fa..., userDataDir: /var/folders/mk/mm0g76rn3_g...}, goog:chromeOptions: {debuggerAddress: localhost:51620}, javascriptEnabled: true, networkConnectionEnabled: false, pageLoadStrategy: normal, platform: MAC, platformName: MAC, proxy: Proxy(), setWindowRect: true, strictFileInteractability: false, timeouts: {implicit: 0, pageLoad: 300000, script: 30000}, unhandledPromptBehavior: dismiss and notify, webauthn:virtualAuthenticators: true}
Session ID: f3c78cb480b111339bd6eb1a827ce427
	at org.openqa.selenium.remote.http.W3CHttpResponseCodec.createException(W3CHttpResponseCodec.java:187)
	at org.openqa.selenium.remote.http.W3CHttpResponseCodec.decode(W3CHttpResponseCodec.java:122)
	at org.openqa.selenium.remote.http.W3CHttpResponseCodec.decode(W3CHttpResponseCodec.java:49)
	at org.openqa.selenium.remote.HttpCommandExecutor.execute(HttpCommandExecutor.java:158)
	at org.openqa.selenium.remote.service.DriverCommandExecutor.execute(DriverCommandExecutor.java:83)
	at org.openqa.selenium.remote.RemoteWebDriver.execute(RemoteWebDriver.java:552)
	at com.kms.katalon.selenium.driver.CChromeDriver.execute(CChromeDriver.java:19)
	at org.openqa.selenium.remote.RemoteWebElement.execute(RemoteWebElement.java:285)
	at org.openqa.selenium.remote.RemoteWebElement.click(RemoteWebElement.java:84)
	at org.openqa.selenium.support.events.EventFiringWebDriver$EventFiringWebElement.lambda$new$0(EventFiringWebDriver.java:404)
	at com.sun.proxy.$Proxy9.click(Unknown Source)
	at org.openqa.selenium.support.events.EventFiringWebDriver$EventFiringWebElement.click(EventFiringWebDriver.java:417)
	at com.kms.katalon.core.webui.keyword.builtin.ClickKeyword$_click_closure1.doCall(ClickKeyword.groovy:69)
	at com.kms.katalon.core.webui.keyword.builtin.ClickKeyword$_click_closure1.call(ClickKeyword.groovy)
	at com.kms.katalon.core.webui.keyword.internal.WebUIKeywordMain.runKeyword(WebUIKeywordMain.groovy:20)
	... 19 more


2020-09-28 16:41:55 - [TEST_STEP][PASSED] - openBrowser(""): Browser is opened with url: ''

2020-09-28 16:41:55 - [MESSAGE][WARNING] - A browser is already opened. Closing browser and opening a new one

2020-09-28 16:41:55 - [MESSAGE][INFO] - Starting 'Chrome' driver

2020-09-28 16:41:55 - [MESSAGE][INFO] - Action delay is set to 0 milliseconds

2020-09-28 16:41:56 - [MESSAGE][PASSED] - Browser is opened with url: ''

2020-09-28 16:41:56 - [TEST_STEP][PASSED] - navigateToUrl("https://grid.nga.mil/testgrid/"): Navigate to 'https://grid.nga.mil/testgrid/' successfully

2020-09-28 16:41:59 - [MESSAGE][PASSED] - Navigate to 'https://grid.nga.mil/testgrid/' successfully

2020-09-28 16:41:59 - [TEST_STEP][FAILED] - click(findTestObject("Page_Home  GRiD/a_CAC  GEOAxIS Login")): Unable to click on object 'Object Repository/Page_Home  GRiD/a_CAC  GEOAxIS Login' (Root cause: com.kms.katalon.core.exception.StepFailedException: Unable to click on object 'Object Repository/Page_Home  GRiD/a_CAC  GEOAxIS Login'
	at com.kms.katalon.core.webui.keyword.internal.WebUIKeywordMain.stepFailed(WebUIKeywordMain.groovy:64)
	at com.kms.katalon.core.webui.keyword.internal.WebUIKeywordMain.runKeyword(WebUIKeywordMain.groovy:26)
	at com.kms.katalon.core.webui.keyword.builtin.ClickKeyword.click(ClickKeyword.groovy:76)
	at com.kms.katalon.core.webui.keyword.builtin.ClickKeyword.execute(ClickKeyword.groovy:43)
	at com.kms.katalon.core.keyword.internal.KeywordExecutor.executeKeywordForPlatform(KeywordExecutor.groovy:73)
	at com.kms.katalon.core.webui.keyword.WebUiBuiltInKeywords.click(WebUiBuiltInKeywords.groovy:616)
	at com.kms.katalon.core.webui.keyword.WebUiBuiltInKeywords$click$1.call(Unknown Source)
	at FG3D Test - Stragetic.run(FG3D Test - Stragetic:24)
	at com.kms.katalon.core.main.ScriptEngine.run(ScriptEngine.java:194)
	at com.kms.katalon.core.main.ScriptEngine.runScriptAsRawText(ScriptEngine.java:119)
	at com.kms.katalon.core.main.TestCaseExecutor.runScript(TestCaseExecutor.java:339)
	at com.kms.katalon.core.main.TestCaseExecutor.doExecute(TestCaseExecutor.java:330)
	at com.kms.katalon.core.main.TestCaseExecutor.processExecutionPhase(TestCaseExecutor.java:309)
	at com.kms.katalon.core.main.TestCaseExecutor.accessMainPhase(TestCaseExecutor.java:301)
	at com.kms.katalon.core.main.TestCaseExecutor.execute(TestCaseExecutor.java:235)
	at com.kms.katalon.core.main.TestSuiteExecutor.accessTestCaseMainPhase(TestSuiteExecutor.java:191)
	at com.kms.katalon.core.main.TestSuiteExecutor.accessTestSuiteMainPhase(TestSuiteExecutor.java:141)
	at com.kms.katalon.core.main.TestSuiteExecutor.execute(TestSuiteExecutor.java:90)
	at com.kms.katalon.core.main.TestCaseMain.startTestSuite(TestCaseMain.java:157)
	at com.kms.katalon.core.main.TestCaseMain$startTestSuite$0.call(Unknown Source)
	at TempTestSuite1601324593621.run(TempTestSuite1601324593621.groovy:39)
Caused by: org.openqa.selenium.TimeoutException: timeout: Timed out receiving message from renderer: 300.000
  (Session info: chrome=85.0.4183.121)
Build info: version: '3.141.59', revision: 'e82be7d358', time: '2018-11-14T08:25:53'
System info: host: 'c02yj0qyjgh7.lan', ip: 'fe80:0:0:0:8e5:6086:d883:e3f8%en0', os.name: 'Mac OS X', os.arch: 'x86_64', os.version: '10.15.6', java.version: '1.8.0_181'
Driver info: com.kms.katalon.selenium.driver.CChromeDriver
Capabilities {acceptInsecureCerts: false, browserName: chrome, browserVersion: 85.0.4183.121, chrome: {chromedriverVersion: 85.0.4183.87 (cd6713ebf92fa..., userDataDir: /var/folders/mk/mm0g76rn3_g...}, goog:chromeOptions: {debuggerAddress: localhost:51620}, javascriptEnabled: true, networkConnectionEnabled: false, pageLoadStrategy: normal, platform: MAC, platformName: MAC, proxy: Proxy(), setWindowRect: true, strictFileInteractability: false, timeouts: {implicit: 0, pageLoad: 300000, script: 30000}, unhandledPromptBehavior: dismiss and notify, webauthn:virtualAuthenticators: true}
Session ID: f3c78cb480b111339bd6eb1a827ce427
	at org.openqa.selenium.remote.http.W3CHttpResponseCodec.createException(W3CHttpResponseCodec.java:187)
	at org.openqa.selenium.remote.http.W3CHttpResponseCodec.decode(W3CHttpResponseCodec.java:122)
	at org.openqa.selenium.remote.http.W3CHttpResponseCodec.decode(W3CHttpResponseCodec.java:49)
	at org.openqa.selenium.remote.HttpCommandExecutor.execute(HttpCommandExecutor.java:158)
	at org.openqa.selenium.remote.service.DriverCommandExecutor.execute(DriverCommandExecutor.java:83)
	at org.openqa.selenium.remote.RemoteWebDriver.execute(RemoteWebDriver.java:552)
	at com.kms.katalon.selenium.driver.CChromeDriver.execute(CChromeDriver.java:19)
	at org.openqa.selenium.remote.RemoteWebElement.execute(RemoteWebElement.java:285)
	at org.openqa.selenium.remote.RemoteWebElement.click(RemoteWebElement.java:84)
	at org.openqa.selenium.support.events.EventFiringWebDriver$EventFiringWebElement.lambda$new$0(EventFiringWebDriver.java:404)
	at com.sun.proxy.$Proxy9.click(Unknown Source)
	at org.openqa.selenium.support.events.EventFiringWebDriver$EventFiringWebElement.click(EventFiringWebDriver.java:417)
	at com.kms.katalon.core.webui.keyword.builtin.ClickKeyword$_click_closure1.doCall(ClickKeyword.groovy:69)
	at com.kms.katalon.core.webui.keyword.builtin.ClickKeyword$_click_closure1.call(ClickKeyword.groovy)
	at com.kms.katalon.core.webui.keyword.internal.WebUIKeywordMain.runKeyword(WebUIKeywordMain.groovy:20)
	at com.kms.katalon.core.webui.keyword.builtin.ClickKeyword.click(ClickKeyword.groovy:76)
	at com.kms.katalon.core.webui.keyword.builtin.ClickKeyword.execute(ClickKeyword.groovy:43)
	at com.kms.katalon.core.keyword.internal.KeywordExecutor.executeKeywordForPlatform(KeywordExecutor.groovy:73)
	at com.kms.katalon.core.webui.keyword.WebUiBuiltInKeywords.click(WebUiBuiltInKeywords.groovy:616)
	at com.kms.katalon.core.webui.keyword.WebUiBuiltInKeywords$click$1.call(Unknown Source)
	at Script1599149155505.run(Script1599149155505.groovy:24)
	... 13 more
)

2020-09-28 16:47:00 - [MESSAGE][FAILED] - Unable to click on object 'Object Repository/Page_Home  GRiD/a_CAC  GEOAxIS Login' (Root cause: com.kms.katalon.core.exception.StepFailedException: Unable to click on object 'Object Repository/Page_Home  GRiD/a_CAC  GEOAxIS Login'
	at com.kms.katalon.core.webui.keyword.internal.WebUIKeywordMain.stepFailed(WebUIKeywordMain.groovy:64)
	at com.kms.katalon.core.webui.keyword.internal.WebUIKeywordMain.runKeyword(WebUIKeywordMain.groovy:26)
	at com.kms.katalon.core.webui.keyword.builtin.ClickKeyword.click(ClickKeyword.groovy:76)
	at com.kms.katalon.core.webui.keyword.builtin.ClickKeyword.execute(ClickKeyword.groovy:43)
	at com.kms.katalon.core.keyword.internal.KeywordExecutor.executeKeywordForPlatform(KeywordExecutor.groovy:73)
	at com.kms.katalon.core.webui.keyword.WebUiBuiltInKeywords.click(WebUiBuiltInKeywords.groovy:616)
	at com.kms.katalon.core.webui.keyword.WebUiBuiltInKeywords$click$1.call(Unknown Source)
	at FG3D Test - Stragetic.run(FG3D Test - Stragetic:24)
	at com.kms.katalon.core.main.ScriptEngine.run(ScriptEngine.java:194)
	at com.kms.katalon.core.main.ScriptEngine.runScriptAsRawText(ScriptEngine.java:119)
	at com.kms.katalon.core.main.TestCaseExecutor.runScript(TestCaseExecutor.java:339)
	at com.kms.katalon.core.main.TestCaseExecutor.doExecute(TestCaseExecutor.java:330)
	at com.kms.katalon.core.main.TestCaseExecutor.processExecutionPhase(TestCaseExecutor.java:309)
	at com.kms.katalon.core.main.TestCaseExecutor.accessMainPhase(TestCaseExecutor.java:301)
	at com.kms.katalon.core.main.TestCaseExecutor.execute(TestCaseExecutor.java:235)
	at com.kms.katalon.core.main.TestSuiteExecutor.accessTestCaseMainPhase(TestSuiteExecutor.java:191)
	at com.kms.katalon.core.main.TestSuiteExecutor.accessTestSuiteMainPhase(TestSuiteExecutor.java:141)
	at com.kms.katalon.core.main.TestSuiteExecutor.execute(TestSuiteExecutor.java:90)
	at com.kms.katalon.core.main.TestCaseMain.startTestSuite(TestCaseMain.java:157)
	at com.kms.katalon.core.main.TestCaseMain$startTestSuite$0.call(Unknown Source)
	at TempTestSuite1601324593621.run(TempTestSuite1601324593621.groovy:39)
Caused by: org.openqa.selenium.TimeoutException: timeout: Timed out receiving message from renderer: 300.000
  (Session info: chrome=85.0.4183.121)
Build info: version: '3.141.59', revision: 'e82be7d358', time: '2018-11-14T08:25:53'
System info: host: 'c02yj0qyjgh7.lan', ip: 'fe80:0:0:0:8e5:6086:d883:e3f8%en0', os.name: 'Mac OS X', os.arch: 'x86_64', os.version: '10.15.6', java.version: '1.8.0_181'
Driver info: com.kms.katalon.selenium.driver.CChromeDriver
Capabilities {acceptInsecureCerts: false, browserName: chrome, browserVersion: 85.0.4183.121, chrome: {chromedriverVersion: 85.0.4183.87 (cd6713ebf92fa..., userDataDir: /var/folders/mk/mm0g76rn3_g...}, goog:chromeOptions: {debuggerAddress: localhost:51620}, javascriptEnabled: true, networkConnectionEnabled: false, pageLoadStrategy: normal, platform: MAC, platformName: MAC, proxy: Proxy(), setWindowRect: true, strictFileInteractability: false, timeouts: {implicit: 0, pageLoad: 300000, script: 30000}, unhandledPromptBehavior: dismiss and notify, webauthn:virtualAuthenticators: true}
Session ID: f3c78cb480b111339bd6eb1a827ce427
	at org.openqa.selenium.remote.http.W3CHttpResponseCodec.createException(W3CHttpResponseCodec.java:187)
	at org.openqa.selenium.remote.http.W3CHttpResponseCodec.decode(W3CHttpResponseCodec.java:122)
	at org.openqa.selenium.remote.http.W3CHttpResponseCodec.decode(W3CHttpResponseCodec.java:49)
	at org.openqa.selenium.remote.HttpCommandExecutor.execute(HttpCommandExecutor.java:158)
	at org.openqa.selenium.remote.service.DriverCommandExecutor.execute(DriverCommandExecutor.java:83)
	at org.openqa.selenium.remote.RemoteWebDriver.execute(RemoteWebDriver.java:552)
	at com.kms.katalon.selenium.driver.CChromeDriver.execute(CChromeDriver.java:19)
	at org.openqa.selenium.remote.RemoteWebElement.execute(RemoteWebElement.java:285)
	at org.openqa.selenium.remote.RemoteWebElement.click(RemoteWebElement.java:84)
	at org.openqa.selenium.support.events.EventFiringWebDriver$EventFiringWebElement.lambda$new$0(EventFiringWebDriver.java:404)
	at com.sun.proxy.$Proxy9.click(Unknown Source)
	at org.openqa.selenium.support.events.EventFiringWebDriver$EventFiringWebElement.click(EventFiringWebDriver.java:417)
	at com.kms.katalon.core.webui.keyword.builtin.ClickKeyword$_click_closure1.doCall(ClickKeyword.groovy:69)
	at com.kms.katalon.core.webui.keyword.builtin.ClickKeyword$_click_closure1.call(ClickKeyword.groovy)
	at com.kms.katalon.core.webui.keyword.internal.WebUIKeywordMain.runKeyword(WebUIKeywordMain.groovy:20)
	at com.kms.katalon.core.webui.keyword.builtin.ClickKeyword.click(ClickKeyword.groovy:76)
	at com.kms.katalon.core.webui.keyword.builtin.ClickKeyword.execute(ClickKeyword.groovy:43)
	at com.kms.katalon.core.keyword.internal.KeywordExecutor.executeKeywordForPlatform(KeywordExecutor.groovy:73)
	at com.kms.katalon.core.webui.keyword.WebUiBuiltInKeywords.click(WebUiBuiltInKeywords.groovy:616)
	at com.kms.katalon.core.webui.keyword.WebUiBuiltInKeywords$click$1.call(Unknown Source)
	at Script1599149155505.run(Script1599149155505.groovy:24)
	... 13 more
)
[[ATTACHMENT|/Users/bhavikpatel/Downloads/Projects/CRREL/GRiD/Automation Testing/Automation Testing Project/KatalonTesting/Reports/20200928_162313/GRiD FG3D/20200928_162313/1601326019649.png]]]]></system-out>
         <system-err><![CDATA[2020-09-28 16:41:55 - [TEST_CASE][FAILED] - Test Cases/FG3D/FG3D Test - Stragetic: Test Cases/FG3D/FG3D Test - Stragetic FAILED.
Reason:
com.kms.katalon.core.exception.StepFailedException: Unable to click on object 'Object Repository/Page_Home  GRiD/a_CAC  GEOAxIS Login'
	at com.kms.katalon.core.webui.keyword.internal.WebUIKeywordMain.stepFailed(WebUIKeywordMain.groovy:64)
	at com.kms.katalon.core.webui.keyword.internal.WebUIKeywordMain.runKeyword(WebUIKeywordMain.groovy:26)
	at com.kms.katalon.core.webui.keyword.builtin.ClickKeyword.click(ClickKeyword.groovy:76)
	at com.kms.katalon.core.webui.keyword.builtin.ClickKeyword.execute(ClickKeyword.groovy:43)
	at com.kms.katalon.core.keyword.internal.KeywordExecutor.executeKeywordForPlatform(KeywordExecutor.groovy:73)
	at com.kms.katalon.core.webui.keyword.WebUiBuiltInKeywords.click(WebUiBuiltInKeywords.groovy:616)
	at com.kms.katalon.core.webui.keyword.WebUiBuiltInKeywords$click$1.call(Unknown Source)
	at FG3D Test - Stragetic.run(FG3D Test - Stragetic:24)
	at com.kms.katalon.core.main.ScriptEngine.run(ScriptEngine.java:194)
	at com.kms.katalon.core.main.ScriptEngine.runScriptAsRawText(ScriptEngine.java:119)
	at com.kms.katalon.core.main.TestCaseExecutor.runScript(TestCaseExecutor.java:339)
	at com.kms.katalon.core.main.TestCaseExecutor.doExecute(TestCaseExecutor.java:330)
	at com.kms.katalon.core.main.TestCaseExecutor.processExecutionPhase(TestCaseExecutor.java:309)
	at com.kms.katalon.core.main.TestCaseExecutor.accessMainPhase(TestCaseExecutor.java:301)
	at com.kms.katalon.core.main.TestCaseExecutor.execute(TestCaseExecutor.java:235)
	at com.kms.katalon.core.main.TestSuiteExecutor.accessTestCaseMainPhase(TestSuiteExecutor.java:191)
	at com.kms.katalon.core.main.TestSuiteExecutor.accessTestSuiteMainPhase(TestSuiteExecutor.java:141)
	at com.kms.katalon.core.main.TestSuiteExecutor.execute(TestSuiteExecutor.java:90)
	at com.kms.katalon.core.main.TestCaseMain.startTestSuite(TestCaseMain.java:157)
	at com.kms.katalon.core.main.TestCaseMain$startTestSuite$0.call(Unknown Source)
	at TempTestSuite1601324593621.run(TempTestSuite1601324593621.groovy:39)
Caused by: org.openqa.selenium.TimeoutException: timeout: Timed out receiving message from renderer: 300.000
  (Session info: chrome=85.0.4183.121)
Build info: version: '3.141.59', revision: 'e82be7d358', time: '2018-11-14T08:25:53'
System info: host: 'c02yj0qyjgh7.lan', ip: 'fe80:0:0:0:8e5:6086:d883:e3f8%en0', os.name: 'Mac OS X', os.arch: 'x86_64', os.version: '10.15.6', java.version: '1.8.0_181'
Driver info: com.kms.katalon.selenium.driver.CChromeDriver
Capabilities {acceptInsecureCerts: false, browserName: chrome, browserVersion: 85.0.4183.121, chrome: {chromedriverVersion: 85.0.4183.87 (cd6713ebf92fa..., userDataDir: /var/folders/mk/mm0g76rn3_g...}, goog:chromeOptions: {debuggerAddress: localhost:51620}, javascriptEnabled: true, networkConnectionEnabled: false, pageLoadStrategy: normal, platform: MAC, platformName: MAC, proxy: Proxy(), setWindowRect: true, strictFileInteractability: false, timeouts: {implicit: 0, pageLoad: 300000, script: 30000}, unhandledPromptBehavior: dismiss and notify, webauthn:virtualAuthenticators: true}
Session ID: f3c78cb480b111339bd6eb1a827ce427
	at org.openqa.selenium.remote.http.W3CHttpResponseCodec.createException(W3CHttpResponseCodec.java:187)
	at org.openqa.selenium.remote.http.W3CHttpResponseCodec.decode(W3CHttpResponseCodec.java:122)
	at org.openqa.selenium.remote.http.W3CHttpResponseCodec.decode(W3CHttpResponseCodec.java:49)
	at org.openqa.selenium.remote.HttpCommandExecutor.execute(HttpCommandExecutor.java:158)
	at org.openqa.selenium.remote.service.DriverCommandExecutor.execute(DriverCommandExecutor.java:83)
	at org.openqa.selenium.remote.RemoteWebDriver.execute(RemoteWebDriver.java:552)
	at com.kms.katalon.selenium.driver.CChromeDriver.execute(CChromeDriver.java:19)
	at org.openqa.selenium.remote.RemoteWebElement.execute(RemoteWebElement.java:285)
	at org.openqa.selenium.remote.RemoteWebElement.click(RemoteWebElement.java:84)
	at org.openqa.selenium.support.events.EventFiringWebDriver$EventFiringWebElement.lambda$new$0(EventFiringWebDriver.java:404)
	at com.sun.proxy.$Proxy9.click(Unknown Source)
	at org.openqa.selenium.support.events.EventFiringWebDriver$EventFiringWebElement.click(EventFiringWebDriver.java:417)
	at com.kms.katalon.core.webui.keyword.builtin.ClickKeyword$_click_closure1.doCall(ClickKeyword.groovy:69)
	at com.kms.katalon.core.webui.keyword.builtin.ClickKeyword$_click_closure1.call(ClickKeyword.groovy)
	at com.kms.katalon.core.webui.keyword.internal.WebUIKeywordMain.runKeyword(WebUIKeywordMain.groovy:20)
	... 19 more]]></system-err>
      </testcase>
      <testcase name="Test Cases/FG3D/FG3D Test - Stragetic" time="305.774" classname="Test Cases/FG3D/FG3D Test - Stragetic" status="FAILED">
         <failure type="FAILED" message="Test Cases/FG3D/FG3D Test - Stragetic FAILED.
Reason:
com.kms.katalon.core.exception.StepFailedException: Unable to click on object 'Object Repository/Page_Home  GRiD/a_CAC  GEOAxIS Login'
	at com.kms.katalon.core.webui.keyword.internal.WebUIKeywordMain.stepFailed(WebUIKeywordMain.groovy:64)
	at com.kms.katalon.core.webui.keyword.internal.WebUIKeywordMain.runKeyword(WebUIKeywordMain.groovy:26)
	at com.kms.katalon.core.webui.keyword.builtin.ClickKeyword.click(ClickKeyword.groovy:76)
	at com.kms.katalon.core.webui.keyword.builtin.ClickKeyword.execute(ClickKeyword.groovy:43)
	at com.kms.katalon.core.keyword.internal.KeywordExecutor.executeKeywordForPlatform(KeywordExecutor.groovy:73)
	at com.kms.katalon.core.webui.keyword.WebUiBuiltInKeywords.click(WebUiBuiltInKeywords.groovy:616)
	at com.kms.katalon.core.webui.keyword.WebUiBuiltInKeywords$click$1.call(Unknown Source)
	at FG3D Test - Stragetic.run(FG3D Test - Stragetic:24)
	at com.kms.katalon.core.main.ScriptEngine.run(ScriptEngine.java:194)
	at com.kms.katalon.core.main.ScriptEngine.runScriptAsRawText(ScriptEngine.java:119)
	at com.kms.katalon.core.main.TestCaseExecutor.runScript(TestCaseExecutor.java:339)
	at com.kms.katalon.core.main.TestCaseExecutor.doExecute(TestCaseExecutor.java:330)
	at com.kms.katalon.core.main.TestCaseExecutor.processExecutionPhase(TestCaseExecutor.java:309)
	at com.kms.katalon.core.main.TestCaseExecutor.accessMainPhase(TestCaseExecutor.java:301)
	at com.kms.katalon.core.main.TestCaseExecutor.execute(TestCaseExecutor.java:235)
	at com.kms.katalon.core.main.TestSuiteExecutor.accessTestCaseMainPhase(TestSuiteExecutor.java:191)
	at com.kms.katalon.core.main.TestSuiteExecutor.accessTestSuiteMainPhase(TestSuiteExecutor.java:141)
	at com.kms.katalon.core.main.TestSuiteExecutor.execute(TestSuiteExecutor.java:90)
	at com.kms.katalon.core.main.TestCaseMain.startTestSuite(TestCaseMain.java:157)
	at com.kms.katalon.core.main.TestCaseMain$startTestSuite$0.call(Unknown Source)
	at TempTestSuite1601324593621.run(TempTestSuite1601324593621.groovy:39)
Caused by: org.openqa.selenium.TimeoutException: timeout: Timed out receiving message from renderer: 300.000
  (Session info: chrome=85.0.4183.121)
Build info: version: '3.141.59', revision: 'e82be7d358', time: '2018-11-14T08:25:53'
System info: host: 'c02yj0qyjgh7.lan', ip: 'fe80:0:0:0:8e5:6086:d883:e3f8%en0', os.name: 'Mac OS X', os.arch: 'x86_64', os.version: '10.15.6', java.version: '1.8.0_181'
Driver info: com.kms.katalon.selenium.driver.CChromeDriver
Capabilities {acceptInsecureCerts: false, browserName: chrome, browserVersion: 85.0.4183.121, chrome: {chromedriverVersion: 85.0.4183.87 (cd6713ebf92fa..., userDataDir: /var/folders/mk/mm0g76rn3_g...}, goog:chromeOptions: {debuggerAddress: localhost:51773}, javascriptEnabled: true, networkConnectionEnabled: false, pageLoadStrategy: normal, platform: MAC, platformName: MAC, proxy: Proxy(), setWindowRect: true, strictFileInteractability: false, timeouts: {implicit: 0, pageLoad: 300000, script: 30000}, unhandledPromptBehavior: dismiss and notify, webauthn:virtualAuthenticators: true}
Session ID: 688d4c2294fb3ed54c85511af441c6ae
	at org.openqa.selenium.remote.http.W3CHttpResponseCodec.createException(W3CHttpResponseCodec.java:187)
	at org.openqa.selenium.remote.http.W3CHttpResponseCodec.decode(W3CHttpResponseCodec.java:122)
	at org.openqa.selenium.remote.http.W3CHttpResponseCodec.decode(W3CHttpResponseCodec.java:49)
	at org.openqa.selenium.remote.HttpCommandExecutor.execute(HttpCommandExecutor.java:158)
	at org.openqa.selenium.remote.service.DriverCommandExecutor.execute(DriverCommandExecutor.java:83)
	at org.openqa.selenium.remote.RemoteWebDriver.execute(RemoteWebDriver.java:552)
	at com.kms.katalon.selenium.driver.CChromeDriver.execute(CChromeDriver.java:19)
	at org.openqa.selenium.remote.RemoteWebElement.execute(RemoteWebElement.java:285)
	at org.openqa.selenium.remote.RemoteWebElement.click(RemoteWebElement.java:84)
	at org.openqa.selenium.support.events.EventFiringWebDriver$EventFiringWebElement.lambda$new$0(EventFiringWebDriver.java:404)
	at com.sun.proxy.$Proxy9.click(Unknown Source)
	at org.openqa.selenium.support.events.EventFiringWebDriver$EventFiringWebElement.click(EventFiringWebDriver.java:417)
	at com.kms.katalon.core.webui.keyword.builtin.ClickKeyword$_click_closure1.doCall(ClickKeyword.groovy:69)
	at com.kms.katalon.core.webui.keyword.builtin.ClickKeyword$_click_closure1.call(ClickKeyword.groovy)
	at com.kms.katalon.core.webui.keyword.internal.WebUIKeywordMain.runKeyword(WebUIKeywordMain.groovy:20)
	... 19 more
"/>
         <system-out><![CDATA[2020-09-28 16:47:00 - [TEST_CASE][FAILED] - Test Cases/FG3D/FG3D Test - Stragetic: Test Cases/FG3D/FG3D Test - Stragetic FAILED.
Reason:
com.kms.katalon.core.exception.StepFailedException: Unable to click on object 'Object Repository/Page_Home  GRiD/a_CAC  GEOAxIS Login'
	at com.kms.katalon.core.webui.keyword.internal.WebUIKeywordMain.stepFailed(WebUIKeywordMain.groovy:64)
	at com.kms.katalon.core.webui.keyword.internal.WebUIKeywordMain.runKeyword(WebUIKeywordMain.groovy:26)
	at com.kms.katalon.core.webui.keyword.builtin.ClickKeyword.click(ClickKeyword.groovy:76)
	at com.kms.katalon.core.webui.keyword.builtin.ClickKeyword.execute(ClickKeyword.groovy:43)
	at com.kms.katalon.core.keyword.internal.KeywordExecutor.executeKeywordForPlatform(KeywordExecutor.groovy:73)
	at com.kms.katalon.core.webui.keyword.WebUiBuiltInKeywords.click(WebUiBuiltInKeywords.groovy:616)
	at com.kms.katalon.core.webui.keyword.WebUiBuiltInKeywords$click$1.call(Unknown Source)
	at FG3D Test - Stragetic.run(FG3D Test - Stragetic:24)
	at com.kms.katalon.core.main.ScriptEngine.run(ScriptEngine.java:194)
	at com.kms.katalon.core.main.ScriptEngine.runScriptAsRawText(ScriptEngine.java:119)
	at com.kms.katalon.core.main.TestCaseExecutor.runScript(TestCaseExecutor.java:339)
	at com.kms.katalon.core.main.TestCaseExecutor.doExecute(TestCaseExecutor.java:330)
	at com.kms.katalon.core.main.TestCaseExecutor.processExecutionPhase(TestCaseExecutor.java:309)
	at com.kms.katalon.core.main.TestCaseExecutor.accessMainPhase(TestCaseExecutor.java:301)
	at com.kms.katalon.core.main.TestCaseExecutor.execute(TestCaseExecutor.java:235)
	at com.kms.katalon.core.main.TestSuiteExecutor.accessTestCaseMainPhase(TestSuiteExecutor.java:191)
	at com.kms.katalon.core.main.TestSuiteExecutor.accessTestSuiteMainPhase(TestSuiteExecutor.java:141)
	at com.kms.katalon.core.main.TestSuiteExecutor.execute(TestSuiteExecutor.java:90)
	at com.kms.katalon.core.main.TestCaseMain.startTestSuite(TestCaseMain.java:157)
	at com.kms.katalon.core.main.TestCaseMain$startTestSuite$0.call(Unknown Source)
	at TempTestSuite1601324593621.run(TempTestSuite1601324593621.groovy:39)
Caused by: org.openqa.selenium.TimeoutException: timeout: Timed out receiving message from renderer: 300.000
  (Session info: chrome=85.0.4183.121)
Build info: version: '3.141.59', revision: 'e82be7d358', time: '2018-11-14T08:25:53'
System info: host: 'c02yj0qyjgh7.lan', ip: 'fe80:0:0:0:8e5:6086:d883:e3f8%en0', os.name: 'Mac OS X', os.arch: 'x86_64', os.version: '10.15.6', java.version: '1.8.0_181'
Driver info: com.kms.katalon.selenium.driver.CChromeDriver
Capabilities {acceptInsecureCerts: false, browserName: chrome, browserVersion: 85.0.4183.121, chrome: {chromedriverVersion: 85.0.4183.87 (cd6713ebf92fa..., userDataDir: /var/folders/mk/mm0g76rn3_g...}, goog:chromeOptions: {debuggerAddress: localhost:51773}, javascriptEnabled: true, networkConnectionEnabled: false, pageLoadStrategy: normal, platform: MAC, platformName: MAC, proxy: Proxy(), setWindowRect: true, strictFileInteractability: false, timeouts: {implicit: 0, pageLoad: 300000, script: 30000}, unhandledPromptBehavior: dismiss and notify, webauthn:virtualAuthenticators: true}
Session ID: 688d4c2294fb3ed54c85511af441c6ae
	at org.openqa.selenium.remote.http.W3CHttpResponseCodec.createException(W3CHttpResponseCodec.java:187)
	at org.openqa.selenium.remote.http.W3CHttpResponseCodec.decode(W3CHttpResponseCodec.java:122)
	at org.openqa.selenium.remote.http.W3CHttpResponseCodec.decode(W3CHttpResponseCodec.java:49)
	at org.openqa.selenium.remote.HttpCommandExecutor.execute(HttpCommandExecutor.java:158)
	at org.openqa.selenium.remote.service.DriverCommandExecutor.execute(DriverCommandExecutor.java:83)
	at org.openqa.selenium.remote.RemoteWebDriver.execute(RemoteWebDriver.java:552)
	at com.kms.katalon.selenium.driver.CChromeDriver.execute(CChromeDriver.java:19)
	at org.openqa.selenium.remote.RemoteWebElement.execute(RemoteWebElement.java:285)
	at org.openqa.selenium.remote.RemoteWebElement.click(RemoteWebElement.java:84)
	at org.openqa.selenium.support.events.EventFiringWebDriver$EventFiringWebElement.lambda$new$0(EventFiringWebDriver.java:404)
	at com.sun.proxy.$Proxy9.click(Unknown Source)
	at org.openqa.selenium.support.events.EventFiringWebDriver$EventFiringWebElement.click(EventFiringWebDriver.java:417)
	at com.kms.katalon.core.webui.keyword.builtin.ClickKeyword$_click_closure1.doCall(ClickKeyword.groovy:69)
	at com.kms.katalon.core.webui.keyword.builtin.ClickKeyword$_click_closure1.call(ClickKeyword.groovy)
	at com.kms.katalon.core.webui.keyword.internal.WebUIKeywordMain.runKeyword(WebUIKeywordMain.groovy:20)
	... 19 more


2020-09-28 16:47:00 - [TEST_STEP][PASSED] - openBrowser(""): Browser is opened with url: ''

2020-09-28 16:47:00 - [MESSAGE][WARNING] - A browser is already opened. Closing browser and opening a new one

2020-09-28 16:47:00 - [MESSAGE][INFO] - Starting 'Chrome' driver

2020-09-28 16:47:00 - [MESSAGE][INFO] - Action delay is set to 0 milliseconds

2020-09-28 16:47:01 - [MESSAGE][PASSED] - Browser is opened with url: ''

2020-09-28 16:47:01 - [TEST_STEP][PASSED] - navigateToUrl("https://grid.nga.mil/testgrid/"): Navigate to 'https://grid.nga.mil/testgrid/' successfully

2020-09-28 16:47:04 - [MESSAGE][PASSED] - Navigate to 'https://grid.nga.mil/testgrid/' successfully

2020-09-28 16:47:04 - [TEST_STEP][FAILED] - click(findTestObject("Page_Home  GRiD/a_CAC  GEOAxIS Login")): Unable to click on object 'Object Repository/Page_Home  GRiD/a_CAC  GEOAxIS Login' (Root cause: com.kms.katalon.core.exception.StepFailedException: Unable to click on object 'Object Repository/Page_Home  GRiD/a_CAC  GEOAxIS Login'
	at com.kms.katalon.core.webui.keyword.internal.WebUIKeywordMain.stepFailed(WebUIKeywordMain.groovy:64)
	at com.kms.katalon.core.webui.keyword.internal.WebUIKeywordMain.runKeyword(WebUIKeywordMain.groovy:26)
	at com.kms.katalon.core.webui.keyword.builtin.ClickKeyword.click(ClickKeyword.groovy:76)
	at com.kms.katalon.core.webui.keyword.builtin.ClickKeyword.execute(ClickKeyword.groovy:43)
	at com.kms.katalon.core.keyword.internal.KeywordExecutor.executeKeywordForPlatform(KeywordExecutor.groovy:73)
	at com.kms.katalon.core.webui.keyword.WebUiBuiltInKeywords.click(WebUiBuiltInKeywords.groovy:616)
	at com.kms.katalon.core.webui.keyword.WebUiBuiltInKeywords$click$1.call(Unknown Source)
	at FG3D Test - Stragetic.run(FG3D Test - Stragetic:24)
	at com.kms.katalon.core.main.ScriptEngine.run(ScriptEngine.java:194)
	at com.kms.katalon.core.main.ScriptEngine.runScriptAsRawText(ScriptEngine.java:119)
	at com.kms.katalon.core.main.TestCaseExecutor.runScript(TestCaseExecutor.java:339)
	at com.kms.katalon.core.main.TestCaseExecutor.doExecute(TestCaseExecutor.java:330)
	at com.kms.katalon.core.main.TestCaseExecutor.processExecutionPhase(TestCaseExecutor.java:309)
	at com.kms.katalon.core.main.TestCaseExecutor.accessMainPhase(TestCaseExecutor.java:301)
	at com.kms.katalon.core.main.TestCaseExecutor.execute(TestCaseExecutor.java:235)
	at com.kms.katalon.core.main.TestSuiteExecutor.accessTestCaseMainPhase(TestSuiteExecutor.java:191)
	at com.kms.katalon.core.main.TestSuiteExecutor.accessTestSuiteMainPhase(TestSuiteExecutor.java:141)
	at com.kms.katalon.core.main.TestSuiteExecutor.execute(TestSuiteExecutor.java:90)
	at com.kms.katalon.core.main.TestCaseMain.startTestSuite(TestCaseMain.java:157)
	at com.kms.katalon.core.main.TestCaseMain$startTestSuite$0.call(Unknown Source)
	at TempTestSuite1601324593621.run(TempTestSuite1601324593621.groovy:39)
Caused by: org.openqa.selenium.TimeoutException: timeout: Timed out receiving message from renderer: 300.000
  (Session info: chrome=85.0.4183.121)
Build info: version: '3.141.59', revision: 'e82be7d358', time: '2018-11-14T08:25:53'
System info: host: 'c02yj0qyjgh7.lan', ip: 'fe80:0:0:0:8e5:6086:d883:e3f8%en0', os.name: 'Mac OS X', os.arch: 'x86_64', os.version: '10.15.6', java.version: '1.8.0_181'
Driver info: com.kms.katalon.selenium.driver.CChromeDriver
Capabilities {acceptInsecureCerts: false, browserName: chrome, browserVersion: 85.0.4183.121, chrome: {chromedriverVersion: 85.0.4183.87 (cd6713ebf92fa..., userDataDir: /var/folders/mk/mm0g76rn3_g...}, goog:chromeOptions: {debuggerAddress: localhost:51773}, javascriptEnabled: true, networkConnectionEnabled: false, pageLoadStrategy: normal, platform: MAC, platformName: MAC, proxy: Proxy(), setWindowRect: true, strictFileInteractability: false, timeouts: {implicit: 0, pageLoad: 300000, script: 30000}, unhandledPromptBehavior: dismiss and notify, webauthn:virtualAuthenticators: true}
Session ID: 688d4c2294fb3ed54c85511af441c6ae
	at org.openqa.selenium.remote.http.W3CHttpResponseCodec.createException(W3CHttpResponseCodec.java:187)
	at org.openqa.selenium.remote.http.W3CHttpResponseCodec.decode(W3CHttpResponseCodec.java:122)
	at org.openqa.selenium.remote.http.W3CHttpResponseCodec.decode(W3CHttpResponseCodec.java:49)
	at org.openqa.selenium.remote.HttpCommandExecutor.execute(HttpCommandExecutor.java:158)
	at org.openqa.selenium.remote.service.DriverCommandExecutor.execute(DriverCommandExecutor.java:83)
	at org.openqa.selenium.remote.RemoteWebDriver.execute(RemoteWebDriver.java:552)
	at com.kms.katalon.selenium.driver.CChromeDriver.execute(CChromeDriver.java:19)
	at org.openqa.selenium.remote.RemoteWebElement.execute(RemoteWebElement.java:285)
	at org.openqa.selenium.remote.RemoteWebElement.click(RemoteWebElement.java:84)
	at org.openqa.selenium.support.events.EventFiringWebDriver$EventFiringWebElement.lambda$new$0(EventFiringWebDriver.java:404)
	at com.sun.proxy.$Proxy9.click(Unknown Source)
	at org.openqa.selenium.support.events.EventFiringWebDriver$EventFiringWebElement.click(EventFiringWebDriver.java:417)
	at com.kms.katalon.core.webui.keyword.builtin.ClickKeyword$_click_closure1.doCall(ClickKeyword.groovy:69)
	at com.kms.katalon.core.webui.keyword.builtin.ClickKeyword$_click_closure1.call(ClickKeyword.groovy)
	at com.kms.katalon.core.webui.keyword.internal.WebUIKeywordMain.runKeyword(WebUIKeywordMain.groovy:20)
	at com.kms.katalon.core.webui.keyword.builtin.ClickKeyword.click(ClickKeyword.groovy:76)
	at com.kms.katalon.core.webui.keyword.builtin.ClickKeyword.execute(ClickKeyword.groovy:43)
	at com.kms.katalon.core.keyword.internal.KeywordExecutor.executeKeywordForPlatform(KeywordExecutor.groovy:73)
	at com.kms.katalon.core.webui.keyword.WebUiBuiltInKeywords.click(WebUiBuiltInKeywords.groovy:616)
	at com.kms.katalon.core.webui.keyword.WebUiBuiltInKeywords$click$1.call(Unknown Source)
	at Script1599149155505.run(Script1599149155505.groovy:24)
	... 13 more
)

2020-09-28 16:52:06 - [MESSAGE][FAILED] - Unable to click on object 'Object Repository/Page_Home  GRiD/a_CAC  GEOAxIS Login' (Root cause: com.kms.katalon.core.exception.StepFailedException: Unable to click on object 'Object Repository/Page_Home  GRiD/a_CAC  GEOAxIS Login'
	at com.kms.katalon.core.webui.keyword.internal.WebUIKeywordMain.stepFailed(WebUIKeywordMain.groovy:64)
	at com.kms.katalon.core.webui.keyword.internal.WebUIKeywordMain.runKeyword(WebUIKeywordMain.groovy:26)
	at com.kms.katalon.core.webui.keyword.builtin.ClickKeyword.click(ClickKeyword.groovy:76)
	at com.kms.katalon.core.webui.keyword.builtin.ClickKeyword.execute(ClickKeyword.groovy:43)
	at com.kms.katalon.core.keyword.internal.KeywordExecutor.executeKeywordForPlatform(KeywordExecutor.groovy:73)
	at com.kms.katalon.core.webui.keyword.WebUiBuiltInKeywords.click(WebUiBuiltInKeywords.groovy:616)
	at com.kms.katalon.core.webui.keyword.WebUiBuiltInKeywords$click$1.call(Unknown Source)
	at FG3D Test - Stragetic.run(FG3D Test - Stragetic:24)
	at com.kms.katalon.core.main.ScriptEngine.run(ScriptEngine.java:194)
	at com.kms.katalon.core.main.ScriptEngine.runScriptAsRawText(ScriptEngine.java:119)
	at com.kms.katalon.core.main.TestCaseExecutor.runScript(TestCaseExecutor.java:339)
	at com.kms.katalon.core.main.TestCaseExecutor.doExecute(TestCaseExecutor.java:330)
	at com.kms.katalon.core.main.TestCaseExecutor.processExecutionPhase(TestCaseExecutor.java:309)
	at com.kms.katalon.core.main.TestCaseExecutor.accessMainPhase(TestCaseExecutor.java:301)
	at com.kms.katalon.core.main.TestCaseExecutor.execute(TestCaseExecutor.java:235)
	at com.kms.katalon.core.main.TestSuiteExecutor.accessTestCaseMainPhase(TestSuiteExecutor.java:191)
	at com.kms.katalon.core.main.TestSuiteExecutor.accessTestSuiteMainPhase(TestSuiteExecutor.java:141)
	at com.kms.katalon.core.main.TestSuiteExecutor.execute(TestSuiteExecutor.java:90)
	at com.kms.katalon.core.main.TestCaseMain.startTestSuite(TestCaseMain.java:157)
	at com.kms.katalon.core.main.TestCaseMain$startTestSuite$0.call(Unknown Source)
	at TempTestSuite1601324593621.run(TempTestSuite1601324593621.groovy:39)
Caused by: org.openqa.selenium.TimeoutException: timeout: Timed out receiving message from renderer: 300.000
  (Session info: chrome=85.0.4183.121)
Build info: version: '3.141.59', revision: 'e82be7d358', time: '2018-11-14T08:25:53'
System info: host: 'c02yj0qyjgh7.lan', ip: 'fe80:0:0:0:8e5:6086:d883:e3f8%en0', os.name: 'Mac OS X', os.arch: 'x86_64', os.version: '10.15.6', java.version: '1.8.0_181'
Driver info: com.kms.katalon.selenium.driver.CChromeDriver
Capabilities {acceptInsecureCerts: false, browserName: chrome, browserVersion: 85.0.4183.121, chrome: {chromedriverVersion: 85.0.4183.87 (cd6713ebf92fa..., userDataDir: /var/folders/mk/mm0g76rn3_g...}, goog:chromeOptions: {debuggerAddress: localhost:51773}, javascriptEnabled: true, networkConnectionEnabled: false, pageLoadStrategy: normal, platform: MAC, platformName: MAC, proxy: Proxy(), setWindowRect: true, strictFileInteractability: false, timeouts: {implicit: 0, pageLoad: 300000, script: 30000}, unhandledPromptBehavior: dismiss and notify, webauthn:virtualAuthenticators: true}
Session ID: 688d4c2294fb3ed54c85511af441c6ae
	at org.openqa.selenium.remote.http.W3CHttpResponseCodec.createException(W3CHttpResponseCodec.java:187)
	at org.openqa.selenium.remote.http.W3CHttpResponseCodec.decode(W3CHttpResponseCodec.java:122)
	at org.openqa.selenium.remote.http.W3CHttpResponseCodec.decode(W3CHttpResponseCodec.java:49)
	at org.openqa.selenium.remote.HttpCommandExecutor.execute(HttpCommandExecutor.java:158)
	at org.openqa.selenium.remote.service.DriverCommandExecutor.execute(DriverCommandExecutor.java:83)
	at org.openqa.selenium.remote.RemoteWebDriver.execute(RemoteWebDriver.java:552)
	at com.kms.katalon.selenium.driver.CChromeDriver.execute(CChromeDriver.java:19)
	at org.openqa.selenium.remote.RemoteWebElement.execute(RemoteWebElement.java:285)
	at org.openqa.selenium.remote.RemoteWebElement.click(RemoteWebElement.java:84)
	at org.openqa.selenium.support.events.EventFiringWebDriver$EventFiringWebElement.lambda$new$0(EventFiringWebDriver.java:404)
	at com.sun.proxy.$Proxy9.click(Unknown Source)
	at org.openqa.selenium.support.events.EventFiringWebDriver$EventFiringWebElement.click(EventFiringWebDriver.java:417)
	at com.kms.katalon.core.webui.keyword.builtin.ClickKeyword$_click_closure1.doCall(ClickKeyword.groovy:69)
	at com.kms.katalon.core.webui.keyword.builtin.ClickKeyword$_click_closure1.call(ClickKeyword.groovy)
	at com.kms.katalon.core.webui.keyword.internal.WebUIKeywordMain.runKeyword(WebUIKeywordMain.groovy:20)
	at com.kms.katalon.core.webui.keyword.builtin.ClickKeyword.click(ClickKeyword.groovy:76)
	at com.kms.katalon.core.webui.keyword.builtin.ClickKeyword.execute(ClickKeyword.groovy:43)
	at com.kms.katalon.core.keyword.internal.KeywordExecutor.executeKeywordForPlatform(KeywordExecutor.groovy:73)
	at com.kms.katalon.core.webui.keyword.WebUiBuiltInKeywords.click(WebUiBuiltInKeywords.groovy:616)
	at com.kms.katalon.core.webui.keyword.WebUiBuiltInKeywords$click$1.call(Unknown Source)
	at Script1599149155505.run(Script1599149155505.groovy:24)
	... 13 more
)
[[ATTACHMENT|/Users/bhavikpatel/Downloads/Projects/CRREL/GRiD/Automation Testing/Automation Testing Project/KatalonTesting/Reports/20200928_162313/GRiD FG3D/20200928_162313/1601326325410.png]]]]></system-out>
         <system-err><![CDATA[2020-09-28 16:47:00 - [TEST_CASE][FAILED] - Test Cases/FG3D/FG3D Test - Stragetic: Test Cases/FG3D/FG3D Test - Stragetic FAILED.
Reason:
com.kms.katalon.core.exception.StepFailedException: Unable to click on object 'Object Repository/Page_Home  GRiD/a_CAC  GEOAxIS Login'
	at com.kms.katalon.core.webui.keyword.internal.WebUIKeywordMain.stepFailed(WebUIKeywordMain.groovy:64)
	at com.kms.katalon.core.webui.keyword.internal.WebUIKeywordMain.runKeyword(WebUIKeywordMain.groovy:26)
	at com.kms.katalon.core.webui.keyword.builtin.ClickKeyword.click(ClickKeyword.groovy:76)
	at com.kms.katalon.core.webui.keyword.builtin.ClickKeyword.execute(ClickKeyword.groovy:43)
	at com.kms.katalon.core.keyword.internal.KeywordExecutor.executeKeywordForPlatform(KeywordExecutor.groovy:73)
	at com.kms.katalon.core.webui.keyword.WebUiBuiltInKeywords.click(WebUiBuiltInKeywords.groovy:616)
	at com.kms.katalon.core.webui.keyword.WebUiBuiltInKeywords$click$1.call(Unknown Source)
	at FG3D Test - Stragetic.run(FG3D Test - Stragetic:24)
	at com.kms.katalon.core.main.ScriptEngine.run(ScriptEngine.java:194)
	at com.kms.katalon.core.main.ScriptEngine.runScriptAsRawText(ScriptEngine.java:119)
	at com.kms.katalon.core.main.TestCaseExecutor.runScript(TestCaseExecutor.java:339)
	at com.kms.katalon.core.main.TestCaseExecutor.doExecute(TestCaseExecutor.java:330)
	at com.kms.katalon.core.main.TestCaseExecutor.processExecutionPhase(TestCaseExecutor.java:309)
	at com.kms.katalon.core.main.TestCaseExecutor.accessMainPhase(TestCaseExecutor.java:301)
	at com.kms.katalon.core.main.TestCaseExecutor.execute(TestCaseExecutor.java:235)
	at com.kms.katalon.core.main.TestSuiteExecutor.accessTestCaseMainPhase(TestSuiteExecutor.java:191)
	at com.kms.katalon.core.main.TestSuiteExecutor.accessTestSuiteMainPhase(TestSuiteExecutor.java:141)
	at com.kms.katalon.core.main.TestSuiteExecutor.execute(TestSuiteExecutor.java:90)
	at com.kms.katalon.core.main.TestCaseMain.startTestSuite(TestCaseMain.java:157)
	at com.kms.katalon.core.main.TestCaseMain$startTestSuite$0.call(Unknown Source)
	at TempTestSuite1601324593621.run(TempTestSuite1601324593621.groovy:39)
Caused by: org.openqa.selenium.TimeoutException: timeout: Timed out receiving message from renderer: 300.000
  (Session info: chrome=85.0.4183.121)
Build info: version: '3.141.59', revision: 'e82be7d358', time: '2018-11-14T08:25:53'
System info: host: 'c02yj0qyjgh7.lan', ip: 'fe80:0:0:0:8e5:6086:d883:e3f8%en0', os.name: 'Mac OS X', os.arch: 'x86_64', os.version: '10.15.6', java.version: '1.8.0_181'
Driver info: com.kms.katalon.selenium.driver.CChromeDriver
Capabilities {acceptInsecureCerts: false, browserName: chrome, browserVersion: 85.0.4183.121, chrome: {chromedriverVersion: 85.0.4183.87 (cd6713ebf92fa..., userDataDir: /var/folders/mk/mm0g76rn3_g...}, goog:chromeOptions: {debuggerAddress: localhost:51773}, javascriptEnabled: true, networkConnectionEnabled: false, pageLoadStrategy: normal, platform: MAC, platformName: MAC, proxy: Proxy(), setWindowRect: true, strictFileInteractability: false, timeouts: {implicit: 0, pageLoad: 300000, script: 30000}, unhandledPromptBehavior: dismiss and notify, webauthn:virtualAuthenticators: true}
Session ID: 688d4c2294fb3ed54c85511af441c6ae
	at org.openqa.selenium.remote.http.W3CHttpResponseCodec.createException(W3CHttpResponseCodec.java:187)
	at org.openqa.selenium.remote.http.W3CHttpResponseCodec.decode(W3CHttpResponseCodec.java:122)
	at org.openqa.selenium.remote.http.W3CHttpResponseCodec.decode(W3CHttpResponseCodec.java:49)
	at org.openqa.selenium.remote.HttpCommandExecutor.execute(HttpCommandExecutor.java:158)
	at org.openqa.selenium.remote.service.DriverCommandExecutor.execute(DriverCommandExecutor.java:83)
	at org.openqa.selenium.remote.RemoteWebDriver.execute(RemoteWebDriver.java:552)
	at com.kms.katalon.selenium.driver.CChromeDriver.execute(CChromeDriver.java:19)
	at org.openqa.selenium.remote.RemoteWebElement.execute(RemoteWebElement.java:285)
	at org.openqa.selenium.remote.RemoteWebElement.click(RemoteWebElement.java:84)
	at org.openqa.selenium.support.events.EventFiringWebDriver$EventFiringWebElement.lambda$new$0(EventFiringWebDriver.java:404)
	at com.sun.proxy.$Proxy9.click(Unknown Source)
	at org.openqa.selenium.support.events.EventFiringWebDriver$EventFiringWebElement.click(EventFiringWebDriver.java:417)
	at com.kms.katalon.core.webui.keyword.builtin.ClickKeyword$_click_closure1.doCall(ClickKeyword.groovy:69)
	at com.kms.katalon.core.webui.keyword.builtin.ClickKeyword$_click_closure1.call(ClickKeyword.groovy)
	at com.kms.katalon.core.webui.keyword.internal.WebUIKeywordMain.runKeyword(WebUIKeywordMain.groovy:20)
	... 19 more]]></system-err>
      </testcase>
      <testcase name="Test Cases/FG3D/FG3D Test - Stragetic" time="305.552" classname="Test Cases/FG3D/FG3D Test - Stragetic" status="FAILED">
         <failure type="FAILED" message="Test Cases/FG3D/FG3D Test - Stragetic FAILED.
Reason:
com.kms.katalon.core.exception.StepFailedException: Unable to click on object 'Object Repository/Page_Home  GRiD/a_CAC  GEOAxIS Login'
	at com.kms.katalon.core.webui.keyword.internal.WebUIKeywordMain.stepFailed(WebUIKeywordMain.groovy:64)
	at com.kms.katalon.core.webui.keyword.internal.WebUIKeywordMain.runKeyword(WebUIKeywordMain.groovy:26)
	at com.kms.katalon.core.webui.keyword.builtin.ClickKeyword.click(ClickKeyword.groovy:76)
	at com.kms.katalon.core.webui.keyword.builtin.ClickKeyword.execute(ClickKeyword.groovy:43)
	at com.kms.katalon.core.keyword.internal.KeywordExecutor.executeKeywordForPlatform(KeywordExecutor.groovy:73)
	at com.kms.katalon.core.webui.keyword.WebUiBuiltInKeywords.click(WebUiBuiltInKeywords.groovy:616)
	at com.kms.katalon.core.webui.keyword.WebUiBuiltInKeywords$click$1.call(Unknown Source)
	at FG3D Test - Stragetic.run(FG3D Test - Stragetic:24)
	at com.kms.katalon.core.main.ScriptEngine.run(ScriptEngine.java:194)
	at com.kms.katalon.core.main.ScriptEngine.runScriptAsRawText(ScriptEngine.java:119)
	at com.kms.katalon.core.main.TestCaseExecutor.runScript(TestCaseExecutor.java:339)
	at com.kms.katalon.core.main.TestCaseExecutor.doExecute(TestCaseExecutor.java:330)
	at com.kms.katalon.core.main.TestCaseExecutor.processExecutionPhase(TestCaseExecutor.java:309)
	at com.kms.katalon.core.main.TestCaseExecutor.accessMainPhase(TestCaseExecutor.java:301)
	at com.kms.katalon.core.main.TestCaseExecutor.execute(TestCaseExecutor.java:235)
	at com.kms.katalon.core.main.TestSuiteExecutor.accessTestCaseMainPhase(TestSuiteExecutor.java:191)
	at com.kms.katalon.core.main.TestSuiteExecutor.accessTestSuiteMainPhase(TestSuiteExecutor.java:141)
	at com.kms.katalon.core.main.TestSuiteExecutor.execute(TestSuiteExecutor.java:90)
	at com.kms.katalon.core.main.TestCaseMain.startTestSuite(TestCaseMain.java:157)
	at com.kms.katalon.core.main.TestCaseMain$startTestSuite$0.call(Unknown Source)
	at TempTestSuite1601324593621.run(TempTestSuite1601324593621.groovy:39)
Caused by: org.openqa.selenium.TimeoutException: timeout: Timed out receiving message from renderer: 300.000
  (Session info: chrome=85.0.4183.121)
Build info: version: '3.141.59', revision: 'e82be7d358', time: '2018-11-14T08:25:53'
System info: host: 'c02yj0qyjgh7.lan', ip: 'fe80:0:0:0:8e5:6086:d883:e3f8%en0', os.name: 'Mac OS X', os.arch: 'x86_64', os.version: '10.15.6', java.version: '1.8.0_181'
Driver info: com.kms.katalon.selenium.driver.CChromeDriver
Capabilities {acceptInsecureCerts: false, browserName: chrome, browserVersion: 85.0.4183.121, chrome: {chromedriverVersion: 85.0.4183.87 (cd6713ebf92fa..., userDataDir: /var/folders/mk/mm0g76rn3_g...}, goog:chromeOptions: {debuggerAddress: localhost:51938}, javascriptEnabled: true, networkConnectionEnabled: false, pageLoadStrategy: normal, platform: MAC, platformName: MAC, proxy: Proxy(), setWindowRect: true, strictFileInteractability: false, timeouts: {implicit: 0, pageLoad: 300000, script: 30000}, unhandledPromptBehavior: dismiss and notify, webauthn:virtualAuthenticators: true}
Session ID: 520ed9baecc5ed05fb5f40f0e4325941
	at org.openqa.selenium.remote.http.W3CHttpResponseCodec.createException(W3CHttpResponseCodec.java:187)
	at org.openqa.selenium.remote.http.W3CHttpResponseCodec.decode(W3CHttpResponseCodec.java:122)
	at org.openqa.selenium.remote.http.W3CHttpResponseCodec.decode(W3CHttpResponseCodec.java:49)
	at org.openqa.selenium.remote.HttpCommandExecutor.execute(HttpCommandExecutor.java:158)
	at org.openqa.selenium.remote.service.DriverCommandExecutor.execute(DriverCommandExecutor.java:83)
	at org.openqa.selenium.remote.RemoteWebDriver.execute(RemoteWebDriver.java:552)
	at com.kms.katalon.selenium.driver.CChromeDriver.execute(CChromeDriver.java:19)
	at org.openqa.selenium.remote.RemoteWebElement.execute(RemoteWebElement.java:285)
	at org.openqa.selenium.remote.RemoteWebElement.click(RemoteWebElement.java:84)
	at org.openqa.selenium.support.events.EventFiringWebDriver$EventFiringWebElement.lambda$new$0(EventFiringWebDriver.java:404)
	at com.sun.proxy.$Proxy9.click(Unknown Source)
	at org.openqa.selenium.support.events.EventFiringWebDriver$EventFiringWebElement.click(EventFiringWebDriver.java:417)
	at com.kms.katalon.core.webui.keyword.builtin.ClickKeyword$_click_closure1.doCall(ClickKeyword.groovy:69)
	at com.kms.katalon.core.webui.keyword.builtin.ClickKeyword$_click_closure1.call(ClickKeyword.groovy)
	at com.kms.katalon.core.webui.keyword.internal.WebUIKeywordMain.runKeyword(WebUIKeywordMain.groovy:20)
	... 19 more
"/>
         <system-out><![CDATA[2020-09-28 16:52:06 - [TEST_CASE][FAILED] - Test Cases/FG3D/FG3D Test - Stragetic: Test Cases/FG3D/FG3D Test - Stragetic FAILED.
Reason:
com.kms.katalon.core.exception.StepFailedException: Unable to click on object 'Object Repository/Page_Home  GRiD/a_CAC  GEOAxIS Login'
	at com.kms.katalon.core.webui.keyword.internal.WebUIKeywordMain.stepFailed(WebUIKeywordMain.groovy:64)
	at com.kms.katalon.core.webui.keyword.internal.WebUIKeywordMain.runKeyword(WebUIKeywordMain.groovy:26)
	at com.kms.katalon.core.webui.keyword.builtin.ClickKeyword.click(ClickKeyword.groovy:76)
	at com.kms.katalon.core.webui.keyword.builtin.ClickKeyword.execute(ClickKeyword.groovy:43)
	at com.kms.katalon.core.keyword.internal.KeywordExecutor.executeKeywordForPlatform(KeywordExecutor.groovy:73)
	at com.kms.katalon.core.webui.keyword.WebUiBuiltInKeywords.click(WebUiBuiltInKeywords.groovy:616)
	at com.kms.katalon.core.webui.keyword.WebUiBuiltInKeywords$click$1.call(Unknown Source)
	at FG3D Test - Stragetic.run(FG3D Test - Stragetic:24)
	at com.kms.katalon.core.main.ScriptEngine.run(ScriptEngine.java:194)
	at com.kms.katalon.core.main.ScriptEngine.runScriptAsRawText(ScriptEngine.java:119)
	at com.kms.katalon.core.main.TestCaseExecutor.runScript(TestCaseExecutor.java:339)
	at com.kms.katalon.core.main.TestCaseExecutor.doExecute(TestCaseExecutor.java:330)
	at com.kms.katalon.core.main.TestCaseExecutor.processExecutionPhase(TestCaseExecutor.java:309)
	at com.kms.katalon.core.main.TestCaseExecutor.accessMainPhase(TestCaseExecutor.java:301)
	at com.kms.katalon.core.main.TestCaseExecutor.execute(TestCaseExecutor.java:235)
	at com.kms.katalon.core.main.TestSuiteExecutor.accessTestCaseMainPhase(TestSuiteExecutor.java:191)
	at com.kms.katalon.core.main.TestSuiteExecutor.accessTestSuiteMainPhase(TestSuiteExecutor.java:141)
	at com.kms.katalon.core.main.TestSuiteExecutor.execute(TestSuiteExecutor.java:90)
	at com.kms.katalon.core.main.TestCaseMain.startTestSuite(TestCaseMain.java:157)
	at com.kms.katalon.core.main.TestCaseMain$startTestSuite$0.call(Unknown Source)
	at TempTestSuite1601324593621.run(TempTestSuite1601324593621.groovy:39)
Caused by: org.openqa.selenium.TimeoutException: timeout: Timed out receiving message from renderer: 300.000
  (Session info: chrome=85.0.4183.121)
Build info: version: '3.141.59', revision: 'e82be7d358', time: '2018-11-14T08:25:53'
System info: host: 'c02yj0qyjgh7.lan', ip: 'fe80:0:0:0:8e5:6086:d883:e3f8%en0', os.name: 'Mac OS X', os.arch: 'x86_64', os.version: '10.15.6', java.version: '1.8.0_181'
Driver info: com.kms.katalon.selenium.driver.CChromeDriver
Capabilities {acceptInsecureCerts: false, browserName: chrome, browserVersion: 85.0.4183.121, chrome: {chromedriverVersion: 85.0.4183.87 (cd6713ebf92fa..., userDataDir: /var/folders/mk/mm0g76rn3_g...}, goog:chromeOptions: {debuggerAddress: localhost:51938}, javascriptEnabled: true, networkConnectionEnabled: false, pageLoadStrategy: normal, platform: MAC, platformName: MAC, proxy: Proxy(), setWindowRect: true, strictFileInteractability: false, timeouts: {implicit: 0, pageLoad: 300000, script: 30000}, unhandledPromptBehavior: dismiss and notify, webauthn:virtualAuthenticators: true}
Session ID: 520ed9baecc5ed05fb5f40f0e4325941
	at org.openqa.selenium.remote.http.W3CHttpResponseCodec.createException(W3CHttpResponseCodec.java:187)
	at org.openqa.selenium.remote.http.W3CHttpResponseCodec.decode(W3CHttpResponseCodec.java:122)
	at org.openqa.selenium.remote.http.W3CHttpResponseCodec.decode(W3CHttpResponseCodec.java:49)
	at org.openqa.selenium.remote.HttpCommandExecutor.execute(HttpCommandExecutor.java:158)
	at org.openqa.selenium.remote.service.DriverCommandExecutor.execute(DriverCommandExecutor.java:83)
	at org.openqa.selenium.remote.RemoteWebDriver.execute(RemoteWebDriver.java:552)
	at com.kms.katalon.selenium.driver.CChromeDriver.execute(CChromeDriver.java:19)
	at org.openqa.selenium.remote.RemoteWebElement.execute(RemoteWebElement.java:285)
	at org.openqa.selenium.remote.RemoteWebElement.click(RemoteWebElement.java:84)
	at org.openqa.selenium.support.events.EventFiringWebDriver$EventFiringWebElement.lambda$new$0(EventFiringWebDriver.java:404)
	at com.sun.proxy.$Proxy9.click(Unknown Source)
	at org.openqa.selenium.support.events.EventFiringWebDriver$EventFiringWebElement.click(EventFiringWebDriver.java:417)
	at com.kms.katalon.core.webui.keyword.builtin.ClickKeyword$_click_closure1.doCall(ClickKeyword.groovy:69)
	at com.kms.katalon.core.webui.keyword.builtin.ClickKeyword$_click_closure1.call(ClickKeyword.groovy)
	at com.kms.katalon.core.webui.keyword.internal.WebUIKeywordMain.runKeyword(WebUIKeywordMain.groovy:20)
	... 19 more


2020-09-28 16:52:06 - [TEST_STEP][PASSED] - openBrowser(""): Browser is opened with url: ''

2020-09-28 16:52:06 - [MESSAGE][WARNING] - A browser is already opened. Closing browser and opening a new one

2020-09-28 16:52:06 - [MESSAGE][INFO] - Starting 'Chrome' driver

2020-09-28 16:52:06 - [MESSAGE][INFO] - Action delay is set to 0 milliseconds

2020-09-28 16:52:07 - [MESSAGE][PASSED] - Browser is opened with url: ''

2020-09-28 16:52:07 - [TEST_STEP][PASSED] - navigateToUrl("https://grid.nga.mil/testgrid/"): Navigate to 'https://grid.nga.mil/testgrid/' successfully

2020-09-28 16:52:10 - [MESSAGE][PASSED] - Navigate to 'https://grid.nga.mil/testgrid/' successfully

2020-09-28 16:52:10 - [TEST_STEP][FAILED] - click(findTestObject("Page_Home  GRiD/a_CAC  GEOAxIS Login")): Unable to click on object 'Object Repository/Page_Home  GRiD/a_CAC  GEOAxIS Login' (Root cause: com.kms.katalon.core.exception.StepFailedException: Unable to click on object 'Object Repository/Page_Home  GRiD/a_CAC  GEOAxIS Login'
	at com.kms.katalon.core.webui.keyword.internal.WebUIKeywordMain.stepFailed(WebUIKeywordMain.groovy:64)
	at com.kms.katalon.core.webui.keyword.internal.WebUIKeywordMain.runKeyword(WebUIKeywordMain.groovy:26)
	at com.kms.katalon.core.webui.keyword.builtin.ClickKeyword.click(ClickKeyword.groovy:76)
	at com.kms.katalon.core.webui.keyword.builtin.ClickKeyword.execute(ClickKeyword.groovy:43)
	at com.kms.katalon.core.keyword.internal.KeywordExecutor.executeKeywordForPlatform(KeywordExecutor.groovy:73)
	at com.kms.katalon.core.webui.keyword.WebUiBuiltInKeywords.click(WebUiBuiltInKeywords.groovy:616)
	at com.kms.katalon.core.webui.keyword.WebUiBuiltInKeywords$click$1.call(Unknown Source)
	at FG3D Test - Stragetic.run(FG3D Test - Stragetic:24)
	at com.kms.katalon.core.main.ScriptEngine.run(ScriptEngine.java:194)
	at com.kms.katalon.core.main.ScriptEngine.runScriptAsRawText(ScriptEngine.java:119)
	at com.kms.katalon.core.main.TestCaseExecutor.runScript(TestCaseExecutor.java:339)
	at com.kms.katalon.core.main.TestCaseExecutor.doExecute(TestCaseExecutor.java:330)
	at com.kms.katalon.core.main.TestCaseExecutor.processExecutionPhase(TestCaseExecutor.java:309)
	at com.kms.katalon.core.main.TestCaseExecutor.accessMainPhase(TestCaseExecutor.java:301)
	at com.kms.katalon.core.main.TestCaseExecutor.execute(TestCaseExecutor.java:235)
	at com.kms.katalon.core.main.TestSuiteExecutor.accessTestCaseMainPhase(TestSuiteExecutor.java:191)
	at com.kms.katalon.core.main.TestSuiteExecutor.accessTestSuiteMainPhase(TestSuiteExecutor.java:141)
	at com.kms.katalon.core.main.TestSuiteExecutor.execute(TestSuiteExecutor.java:90)
	at com.kms.katalon.core.main.TestCaseMain.startTestSuite(TestCaseMain.java:157)
	at com.kms.katalon.core.main.TestCaseMain$startTestSuite$0.call(Unknown Source)
	at TempTestSuite1601324593621.run(TempTestSuite1601324593621.groovy:39)
Caused by: org.openqa.selenium.TimeoutException: timeout: Timed out receiving message from renderer: 300.000
  (Session info: chrome=85.0.4183.121)
Build info: version: '3.141.59', revision: 'e82be7d358', time: '2018-11-14T08:25:53'
System info: host: 'c02yj0qyjgh7.lan', ip: 'fe80:0:0:0:8e5:6086:d883:e3f8%en0', os.name: 'Mac OS X', os.arch: 'x86_64', os.version: '10.15.6', java.version: '1.8.0_181'
Driver info: com.kms.katalon.selenium.driver.CChromeDriver
Capabilities {acceptInsecureCerts: false, browserName: chrome, browserVersion: 85.0.4183.121, chrome: {chromedriverVersion: 85.0.4183.87 (cd6713ebf92fa..., userDataDir: /var/folders/mk/mm0g76rn3_g...}, goog:chromeOptions: {debuggerAddress: localhost:51938}, javascriptEnabled: true, networkConnectionEnabled: false, pageLoadStrategy: normal, platform: MAC, platformName: MAC, proxy: Proxy(), setWindowRect: true, strictFileInteractability: false, timeouts: {implicit: 0, pageLoad: 300000, script: 30000}, unhandledPromptBehavior: dismiss and notify, webauthn:virtualAuthenticators: true}
Session ID: 520ed9baecc5ed05fb5f40f0e4325941
	at org.openqa.selenium.remote.http.W3CHttpResponseCodec.createException(W3CHttpResponseCodec.java:187)
	at org.openqa.selenium.remote.http.W3CHttpResponseCodec.decode(W3CHttpResponseCodec.java:122)
	at org.openqa.selenium.remote.http.W3CHttpResponseCodec.decode(W3CHttpResponseCodec.java:49)
	at org.openqa.selenium.remote.HttpCommandExecutor.execute(HttpCommandExecutor.java:158)
	at org.openqa.selenium.remote.service.DriverCommandExecutor.execute(DriverCommandExecutor.java:83)
	at org.openqa.selenium.remote.RemoteWebDriver.execute(RemoteWebDriver.java:552)
	at com.kms.katalon.selenium.driver.CChromeDriver.execute(CChromeDriver.java:19)
	at org.openqa.selenium.remote.RemoteWebElement.execute(RemoteWebElement.java:285)
	at org.openqa.selenium.remote.RemoteWebElement.click(RemoteWebElement.java:84)
	at org.openqa.selenium.support.events.EventFiringWebDriver$EventFiringWebElement.lambda$new$0(EventFiringWebDriver.java:404)
	at com.sun.proxy.$Proxy9.click(Unknown Source)
	at org.openqa.selenium.support.events.EventFiringWebDriver$EventFiringWebElement.click(EventFiringWebDriver.java:417)
	at com.kms.katalon.core.webui.keyword.builtin.ClickKeyword$_click_closure1.doCall(ClickKeyword.groovy:69)
	at com.kms.katalon.core.webui.keyword.builtin.ClickKeyword$_click_closure1.call(ClickKeyword.groovy)
	at com.kms.katalon.core.webui.keyword.internal.WebUIKeywordMain.runKeyword(WebUIKeywordMain.groovy:20)
	at com.kms.katalon.core.webui.keyword.builtin.ClickKeyword.click(ClickKeyword.groovy:76)
	at com.kms.katalon.core.webui.keyword.builtin.ClickKeyword.execute(ClickKeyword.groovy:43)
	at com.kms.katalon.core.keyword.internal.KeywordExecutor.executeKeywordForPlatform(KeywordExecutor.groovy:73)
	at com.kms.katalon.core.webui.keyword.WebUiBuiltInKeywords.click(WebUiBuiltInKeywords.groovy:616)
	at com.kms.katalon.core.webui.keyword.WebUiBuiltInKeywords$click$1.call(Unknown Source)
	at Script1599149155505.run(Script1599149155505.groovy:24)
	... 13 more
)

2020-09-28 16:57:11 - [MESSAGE][FAILED] - Unable to click on object 'Object Repository/Page_Home  GRiD/a_CAC  GEOAxIS Login' (Root cause: com.kms.katalon.core.exception.StepFailedException: Unable to click on object 'Object Repository/Page_Home  GRiD/a_CAC  GEOAxIS Login'
	at com.kms.katalon.core.webui.keyword.internal.WebUIKeywordMain.stepFailed(WebUIKeywordMain.groovy:64)
	at com.kms.katalon.core.webui.keyword.internal.WebUIKeywordMain.runKeyword(WebUIKeywordMain.groovy:26)
	at com.kms.katalon.core.webui.keyword.builtin.ClickKeyword.click(ClickKeyword.groovy:76)
	at com.kms.katalon.core.webui.keyword.builtin.ClickKeyword.execute(ClickKeyword.groovy:43)
	at com.kms.katalon.core.keyword.internal.KeywordExecutor.executeKeywordForPlatform(KeywordExecutor.groovy:73)
	at com.kms.katalon.core.webui.keyword.WebUiBuiltInKeywords.click(WebUiBuiltInKeywords.groovy:616)
	at com.kms.katalon.core.webui.keyword.WebUiBuiltInKeywords$click$1.call(Unknown Source)
	at FG3D Test - Stragetic.run(FG3D Test - Stragetic:24)
	at com.kms.katalon.core.main.ScriptEngine.run(ScriptEngine.java:194)
	at com.kms.katalon.core.main.ScriptEngine.runScriptAsRawText(ScriptEngine.java:119)
	at com.kms.katalon.core.main.TestCaseExecutor.runScript(TestCaseExecutor.java:339)
	at com.kms.katalon.core.main.TestCaseExecutor.doExecute(TestCaseExecutor.java:330)
	at com.kms.katalon.core.main.TestCaseExecutor.processExecutionPhase(TestCaseExecutor.java:309)
	at com.kms.katalon.core.main.TestCaseExecutor.accessMainPhase(TestCaseExecutor.java:301)
	at com.kms.katalon.core.main.TestCaseExecutor.execute(TestCaseExecutor.java:235)
	at com.kms.katalon.core.main.TestSuiteExecutor.accessTestCaseMainPhase(TestSuiteExecutor.java:191)
	at com.kms.katalon.core.main.TestSuiteExecutor.accessTestSuiteMainPhase(TestSuiteExecutor.java:141)
	at com.kms.katalon.core.main.TestSuiteExecutor.execute(TestSuiteExecutor.java:90)
	at com.kms.katalon.core.main.TestCaseMain.startTestSuite(TestCaseMain.java:157)
	at com.kms.katalon.core.main.TestCaseMain$startTestSuite$0.call(Unknown Source)
	at TempTestSuite1601324593621.run(TempTestSuite1601324593621.groovy:39)
Caused by: org.openqa.selenium.TimeoutException: timeout: Timed out receiving message from renderer: 300.000
  (Session info: chrome=85.0.4183.121)
Build info: version: '3.141.59', revision: 'e82be7d358', time: '2018-11-14T08:25:53'
System info: host: 'c02yj0qyjgh7.lan', ip: 'fe80:0:0:0:8e5:6086:d883:e3f8%en0', os.name: 'Mac OS X', os.arch: 'x86_64', os.version: '10.15.6', java.version: '1.8.0_181'
Driver info: com.kms.katalon.selenium.driver.CChromeDriver
Capabilities {acceptInsecureCerts: false, browserName: chrome, browserVersion: 85.0.4183.121, chrome: {chromedriverVersion: 85.0.4183.87 (cd6713ebf92fa..., userDataDir: /var/folders/mk/mm0g76rn3_g...}, goog:chromeOptions: {debuggerAddress: localhost:51938}, javascriptEnabled: true, networkConnectionEnabled: false, pageLoadStrategy: normal, platform: MAC, platformName: MAC, proxy: Proxy(), setWindowRect: true, strictFileInteractability: false, timeouts: {implicit: 0, pageLoad: 300000, script: 30000}, unhandledPromptBehavior: dismiss and notify, webauthn:virtualAuthenticators: true}
Session ID: 520ed9baecc5ed05fb5f40f0e4325941
	at org.openqa.selenium.remote.http.W3CHttpResponseCodec.createException(W3CHttpResponseCodec.java:187)
	at org.openqa.selenium.remote.http.W3CHttpResponseCodec.decode(W3CHttpResponseCodec.java:122)
	at org.openqa.selenium.remote.http.W3CHttpResponseCodec.decode(W3CHttpResponseCodec.java:49)
	at org.openqa.selenium.remote.HttpCommandExecutor.execute(HttpCommandExecutor.java:158)
	at org.openqa.selenium.remote.service.DriverCommandExecutor.execute(DriverCommandExecutor.java:83)
	at org.openqa.selenium.remote.RemoteWebDriver.execute(RemoteWebDriver.java:552)
	at com.kms.katalon.selenium.driver.CChromeDriver.execute(CChromeDriver.java:19)
	at org.openqa.selenium.remote.RemoteWebElement.execute(RemoteWebElement.java:285)
	at org.openqa.selenium.remote.RemoteWebElement.click(RemoteWebElement.java:84)
	at org.openqa.selenium.support.events.EventFiringWebDriver$EventFiringWebElement.lambda$new$0(EventFiringWebDriver.java:404)
	at com.sun.proxy.$Proxy9.click(Unknown Source)
	at org.openqa.selenium.support.events.EventFiringWebDriver$EventFiringWebElement.click(EventFiringWebDriver.java:417)
	at com.kms.katalon.core.webui.keyword.builtin.ClickKeyword$_click_closure1.doCall(ClickKeyword.groovy:69)
	at com.kms.katalon.core.webui.keyword.builtin.ClickKeyword$_click_closure1.call(ClickKeyword.groovy)
	at com.kms.katalon.core.webui.keyword.internal.WebUIKeywordMain.runKeyword(WebUIKeywordMain.groovy:20)
	at com.kms.katalon.core.webui.keyword.builtin.ClickKeyword.click(ClickKeyword.groovy:76)
	at com.kms.katalon.core.webui.keyword.builtin.ClickKeyword.execute(ClickKeyword.groovy:43)
	at com.kms.katalon.core.keyword.internal.KeywordExecutor.executeKeywordForPlatform(KeywordExecutor.groovy:73)
	at com.kms.katalon.core.webui.keyword.WebUiBuiltInKeywords.click(WebUiBuiltInKeywords.groovy:616)
	at com.kms.katalon.core.webui.keyword.WebUiBuiltInKeywords$click$1.call(Unknown Source)
	at Script1599149155505.run(Script1599149155505.groovy:24)
	... 13 more
)
[[ATTACHMENT|/Users/bhavikpatel/Downloads/Projects/CRREL/GRiD/Automation Testing/Automation Testing Project/KatalonTesting/Reports/20200928_162313/GRiD FG3D/20200928_162313/1601326630981.png]]]]></system-out>
         <system-err><![CDATA[2020-09-28 16:52:06 - [TEST_CASE][FAILED] - Test Cases/FG3D/FG3D Test - Stragetic: Test Cases/FG3D/FG3D Test - Stragetic FAILED.
Reason:
com.kms.katalon.core.exception.StepFailedException: Unable to click on object 'Object Repository/Page_Home  GRiD/a_CAC  GEOAxIS Login'
	at com.kms.katalon.core.webui.keyword.internal.WebUIKeywordMain.stepFailed(WebUIKeywordMain.groovy:64)
	at com.kms.katalon.core.webui.keyword.internal.WebUIKeywordMain.runKeyword(WebUIKeywordMain.groovy:26)
	at com.kms.katalon.core.webui.keyword.builtin.ClickKeyword.click(ClickKeyword.groovy:76)
	at com.kms.katalon.core.webui.keyword.builtin.ClickKeyword.execute(ClickKeyword.groovy:43)
	at com.kms.katalon.core.keyword.internal.KeywordExecutor.executeKeywordForPlatform(KeywordExecutor.groovy:73)
	at com.kms.katalon.core.webui.keyword.WebUiBuiltInKeywords.click(WebUiBuiltInKeywords.groovy:616)
	at com.kms.katalon.core.webui.keyword.WebUiBuiltInKeywords$click$1.call(Unknown Source)
	at FG3D Test - Stragetic.run(FG3D Test - Stragetic:24)
	at com.kms.katalon.core.main.ScriptEngine.run(ScriptEngine.java:194)
	at com.kms.katalon.core.main.ScriptEngine.runScriptAsRawText(ScriptEngine.java:119)
	at com.kms.katalon.core.main.TestCaseExecutor.runScript(TestCaseExecutor.java:339)
	at com.kms.katalon.core.main.TestCaseExecutor.doExecute(TestCaseExecutor.java:330)
	at com.kms.katalon.core.main.TestCaseExecutor.processExecutionPhase(TestCaseExecutor.java:309)
	at com.kms.katalon.core.main.TestCaseExecutor.accessMainPhase(TestCaseExecutor.java:301)
	at com.kms.katalon.core.main.TestCaseExecutor.execute(TestCaseExecutor.java:235)
	at com.kms.katalon.core.main.TestSuiteExecutor.accessTestCaseMainPhase(TestSuiteExecutor.java:191)
	at com.kms.katalon.core.main.TestSuiteExecutor.accessTestSuiteMainPhase(TestSuiteExecutor.java:141)
	at com.kms.katalon.core.main.TestSuiteExecutor.execute(TestSuiteExecutor.java:90)
	at com.kms.katalon.core.main.TestCaseMain.startTestSuite(TestCaseMain.java:157)
	at com.kms.katalon.core.main.TestCaseMain$startTestSuite$0.call(Unknown Source)
	at TempTestSuite1601324593621.run(TempTestSuite1601324593621.groovy:39)
Caused by: org.openqa.selenium.TimeoutException: timeout: Timed out receiving message from renderer: 300.000
  (Session info: chrome=85.0.4183.121)
Build info: version: '3.141.59', revision: 'e82be7d358', time: '2018-11-14T08:25:53'
System info: host: 'c02yj0qyjgh7.lan', ip: 'fe80:0:0:0:8e5:6086:d883:e3f8%en0', os.name: 'Mac OS X', os.arch: 'x86_64', os.version: '10.15.6', java.version: '1.8.0_181'
Driver info: com.kms.katalon.selenium.driver.CChromeDriver
Capabilities {acceptInsecureCerts: false, browserName: chrome, browserVersion: 85.0.4183.121, chrome: {chromedriverVersion: 85.0.4183.87 (cd6713ebf92fa..., userDataDir: /var/folders/mk/mm0g76rn3_g...}, goog:chromeOptions: {debuggerAddress: localhost:51938}, javascriptEnabled: true, networkConnectionEnabled: false, pageLoadStrategy: normal, platform: MAC, platformName: MAC, proxy: Proxy(), setWindowRect: true, strictFileInteractability: false, timeouts: {implicit: 0, pageLoad: 300000, script: 30000}, unhandledPromptBehavior: dismiss and notify, webauthn:virtualAuthenticators: true}
Session ID: 520ed9baecc5ed05fb5f40f0e4325941
	at org.openqa.selenium.remote.http.W3CHttpResponseCodec.createException(W3CHttpResponseCodec.java:187)
	at org.openqa.selenium.remote.http.W3CHttpResponseCodec.decode(W3CHttpResponseCodec.java:122)
	at org.openqa.selenium.remote.http.W3CHttpResponseCodec.decode(W3CHttpResponseCodec.java:49)
	at org.openqa.selenium.remote.HttpCommandExecutor.execute(HttpCommandExecutor.java:158)
	at org.openqa.selenium.remote.service.DriverCommandExecutor.execute(DriverCommandExecutor.java:83)
	at org.openqa.selenium.remote.RemoteWebDriver.execute(RemoteWebDriver.java:552)
	at com.kms.katalon.selenium.driver.CChromeDriver.execute(CChromeDriver.java:19)
	at org.openqa.selenium.remote.RemoteWebElement.execute(RemoteWebElement.java:285)
	at org.openqa.selenium.remote.RemoteWebElement.click(RemoteWebElement.java:84)
	at org.openqa.selenium.support.events.EventFiringWebDriver$EventFiringWebElement.lambda$new$0(EventFiringWebDriver.java:404)
	at com.sun.proxy.$Proxy9.click(Unknown Source)
	at org.openqa.selenium.support.events.EventFiringWebDriver$EventFiringWebElement.click(EventFiringWebDriver.java:417)
	at com.kms.katalon.core.webui.keyword.builtin.ClickKeyword$_click_closure1.doCall(ClickKeyword.groovy:69)
	at com.kms.katalon.core.webui.keyword.builtin.ClickKeyword$_click_closure1.call(ClickKeyword.groovy)
	at com.kms.katalon.core.webui.keyword.internal.WebUIKeywordMain.runKeyword(WebUIKeywordMain.groovy:20)
	... 19 more]]></system-err>
      </testcase>
      <testcase name="Test Cases/FG3D/FG3D Test - Stragetic" time="304.078" classname="Test Cases/FG3D/FG3D Test - Stragetic" status="FAILED">
         <failure type="FAILED" message="Test Cases/FG3D/FG3D Test - Stragetic FAILED.
Reason:
com.kms.katalon.core.exception.StepFailedException: Unable to click on object 'Object Repository/Page_Home  GRiD/a_CAC  GEOAxIS Login'
	at com.kms.katalon.core.webui.keyword.internal.WebUIKeywordMain.stepFailed(WebUIKeywordMain.groovy:64)
	at com.kms.katalon.core.webui.keyword.internal.WebUIKeywordMain.runKeyword(WebUIKeywordMain.groovy:26)
	at com.kms.katalon.core.webui.keyword.builtin.ClickKeyword.click(ClickKeyword.groovy:76)
	at com.kms.katalon.core.webui.keyword.builtin.ClickKeyword.execute(ClickKeyword.groovy:43)
	at com.kms.katalon.core.keyword.internal.KeywordExecutor.executeKeywordForPlatform(KeywordExecutor.groovy:73)
	at com.kms.katalon.core.webui.keyword.WebUiBuiltInKeywords.click(WebUiBuiltInKeywords.groovy:616)
	at com.kms.katalon.core.webui.keyword.WebUiBuiltInKeywords$click$1.call(Unknown Source)
	at FG3D Test - Stragetic.run(FG3D Test - Stragetic:24)
	at com.kms.katalon.core.main.ScriptEngine.run(ScriptEngine.java:194)
	at com.kms.katalon.core.main.ScriptEngine.runScriptAsRawText(ScriptEngine.java:119)
	at com.kms.katalon.core.main.TestCaseExecutor.runScript(TestCaseExecutor.java:339)
	at com.kms.katalon.core.main.TestCaseExecutor.doExecute(TestCaseExecutor.java:330)
	at com.kms.katalon.core.main.TestCaseExecutor.processExecutionPhase(TestCaseExecutor.java:309)
	at com.kms.katalon.core.main.TestCaseExecutor.accessMainPhase(TestCaseExecutor.java:301)
	at com.kms.katalon.core.main.TestCaseExecutor.execute(TestCaseExecutor.java:235)
	at com.kms.katalon.core.main.TestSuiteExecutor.accessTestCaseMainPhase(TestSuiteExecutor.java:191)
	at com.kms.katalon.core.main.TestSuiteExecutor.accessTestSuiteMainPhase(TestSuiteExecutor.java:141)
	at com.kms.katalon.core.main.TestSuiteExecutor.execute(TestSuiteExecutor.java:90)
	at com.kms.katalon.core.main.TestCaseMain.startTestSuite(TestCaseMain.java:157)
	at com.kms.katalon.core.main.TestCaseMain$startTestSuite$0.call(Unknown Source)
	at TempTestSuite1601324593621.run(TempTestSuite1601324593621.groovy:39)
Caused by: org.openqa.selenium.TimeoutException: timeout: Timed out receiving message from renderer: 300.000
  (Session info: chrome=85.0.4183.121)
Build info: version: '3.141.59', revision: 'e82be7d358', time: '2018-11-14T08:25:53'
System info: host: 'c02yj0qyjgh7.lan', ip: 'fe80:0:0:0:8e5:6086:d883:e3f8%en0', os.name: 'Mac OS X', os.arch: 'x86_64', os.version: '10.15.6', java.version: '1.8.0_181'
Driver info: com.kms.katalon.selenium.driver.CChromeDriver
Capabilities {acceptInsecureCerts: false, browserName: chrome, browserVersion: 85.0.4183.121, chrome: {chromedriverVersion: 85.0.4183.87 (cd6713ebf92fa..., userDataDir: /var/folders/mk/mm0g76rn3_g...}, goog:chromeOptions: {debuggerAddress: localhost:52104}, javascriptEnabled: true, networkConnectionEnabled: false, pageLoadStrategy: normal, platform: MAC, platformName: MAC, proxy: Proxy(), setWindowRect: true, strictFileInteractability: false, timeouts: {implicit: 0, pageLoad: 300000, script: 30000}, unhandledPromptBehavior: dismiss and notify, webauthn:virtualAuthenticators: true}
Session ID: 219895ba94bd2358a6e1895a85931a3a
	at org.openqa.selenium.remote.http.W3CHttpResponseCodec.createException(W3CHttpResponseCodec.java:187)
	at org.openqa.selenium.remote.http.W3CHttpResponseCodec.decode(W3CHttpResponseCodec.java:122)
	at org.openqa.selenium.remote.http.W3CHttpResponseCodec.decode(W3CHttpResponseCodec.java:49)
	at org.openqa.selenium.remote.HttpCommandExecutor.execute(HttpCommandExecutor.java:158)
	at org.openqa.selenium.remote.service.DriverCommandExecutor.execute(DriverCommandExecutor.java:83)
	at org.openqa.selenium.remote.RemoteWebDriver.execute(RemoteWebDriver.java:552)
	at com.kms.katalon.selenium.driver.CChromeDriver.execute(CChromeDriver.java:19)
	at org.openqa.selenium.remote.RemoteWebElement.execute(RemoteWebElement.java:285)
	at org.openqa.selenium.remote.RemoteWebElement.click(RemoteWebElement.java:84)
	at org.openqa.selenium.support.events.EventFiringWebDriver$EventFiringWebElement.lambda$new$0(EventFiringWebDriver.java:404)
	at com.sun.proxy.$Proxy9.click(Unknown Source)
	at org.openqa.selenium.support.events.EventFiringWebDriver$EventFiringWebElement.click(EventFiringWebDriver.java:417)
	at com.kms.katalon.core.webui.keyword.builtin.ClickKeyword$_click_closure1.doCall(ClickKeyword.groovy:69)
	at com.kms.katalon.core.webui.keyword.builtin.ClickKeyword$_click_closure1.call(ClickKeyword.groovy)
	at com.kms.katalon.core.webui.keyword.internal.WebUIKeywordMain.runKeyword(WebUIKeywordMain.groovy:20)
	... 19 more
"/>
         <system-out><![CDATA[2020-09-28 16:57:11 - [TEST_CASE][FAILED] - Test Cases/FG3D/FG3D Test - Stragetic: Test Cases/FG3D/FG3D Test - Stragetic FAILED.
Reason:
com.kms.katalon.core.exception.StepFailedException: Unable to click on object 'Object Repository/Page_Home  GRiD/a_CAC  GEOAxIS Login'
	at com.kms.katalon.core.webui.keyword.internal.WebUIKeywordMain.stepFailed(WebUIKeywordMain.groovy:64)
	at com.kms.katalon.core.webui.keyword.internal.WebUIKeywordMain.runKeyword(WebUIKeywordMain.groovy:26)
	at com.kms.katalon.core.webui.keyword.builtin.ClickKeyword.click(ClickKeyword.groovy:76)
	at com.kms.katalon.core.webui.keyword.builtin.ClickKeyword.execute(ClickKeyword.groovy:43)
	at com.kms.katalon.core.keyword.internal.KeywordExecutor.executeKeywordForPlatform(KeywordExecutor.groovy:73)
	at com.kms.katalon.core.webui.keyword.WebUiBuiltInKeywords.click(WebUiBuiltInKeywords.groovy:616)
	at com.kms.katalon.core.webui.keyword.WebUiBuiltInKeywords$click$1.call(Unknown Source)
	at FG3D Test - Stragetic.run(FG3D Test - Stragetic:24)
	at com.kms.katalon.core.main.ScriptEngine.run(ScriptEngine.java:194)
	at com.kms.katalon.core.main.ScriptEngine.runScriptAsRawText(ScriptEngine.java:119)
	at com.kms.katalon.core.main.TestCaseExecutor.runScript(TestCaseExecutor.java:339)
	at com.kms.katalon.core.main.TestCaseExecutor.doExecute(TestCaseExecutor.java:330)
	at com.kms.katalon.core.main.TestCaseExecutor.processExecutionPhase(TestCaseExecutor.java:309)
	at com.kms.katalon.core.main.TestCaseExecutor.accessMainPhase(TestCaseExecutor.java:301)
	at com.kms.katalon.core.main.TestCaseExecutor.execute(TestCaseExecutor.java:235)
	at com.kms.katalon.core.main.TestSuiteExecutor.accessTestCaseMainPhase(TestSuiteExecutor.java:191)
	at com.kms.katalon.core.main.TestSuiteExecutor.accessTestSuiteMainPhase(TestSuiteExecutor.java:141)
	at com.kms.katalon.core.main.TestSuiteExecutor.execute(TestSuiteExecutor.java:90)
	at com.kms.katalon.core.main.TestCaseMain.startTestSuite(TestCaseMain.java:157)
	at com.kms.katalon.core.main.TestCaseMain$startTestSuite$0.call(Unknown Source)
	at TempTestSuite1601324593621.run(TempTestSuite1601324593621.groovy:39)
Caused by: org.openqa.selenium.TimeoutException: timeout: Timed out receiving message from renderer: 300.000
  (Session info: chrome=85.0.4183.121)
Build info: version: '3.141.59', revision: 'e82be7d358', time: '2018-11-14T08:25:53'
System info: host: 'c02yj0qyjgh7.lan', ip: 'fe80:0:0:0:8e5:6086:d883:e3f8%en0', os.name: 'Mac OS X', os.arch: 'x86_64', os.version: '10.15.6', java.version: '1.8.0_181'
Driver info: com.kms.katalon.selenium.driver.CChromeDriver
Capabilities {acceptInsecureCerts: false, browserName: chrome, browserVersion: 85.0.4183.121, chrome: {chromedriverVersion: 85.0.4183.87 (cd6713ebf92fa..., userDataDir: /var/folders/mk/mm0g76rn3_g...}, goog:chromeOptions: {debuggerAddress: localhost:52104}, javascriptEnabled: true, networkConnectionEnabled: false, pageLoadStrategy: normal, platform: MAC, platformName: MAC, proxy: Proxy(), setWindowRect: true, strictFileInteractability: false, timeouts: {implicit: 0, pageLoad: 300000, script: 30000}, unhandledPromptBehavior: dismiss and notify, webauthn:virtualAuthenticators: true}
Session ID: 219895ba94bd2358a6e1895a85931a3a
	at org.openqa.selenium.remote.http.W3CHttpResponseCodec.createException(W3CHttpResponseCodec.java:187)
	at org.openqa.selenium.remote.http.W3CHttpResponseCodec.decode(W3CHttpResponseCodec.java:122)
	at org.openqa.selenium.remote.http.W3CHttpResponseCodec.decode(W3CHttpResponseCodec.java:49)
	at org.openqa.selenium.remote.HttpCommandExecutor.execute(HttpCommandExecutor.java:158)
	at org.openqa.selenium.remote.service.DriverCommandExecutor.execute(DriverCommandExecutor.java:83)
	at org.openqa.selenium.remote.RemoteWebDriver.execute(RemoteWebDriver.java:552)
	at com.kms.katalon.selenium.driver.CChromeDriver.execute(CChromeDriver.java:19)
	at org.openqa.selenium.remote.RemoteWebElement.execute(RemoteWebElement.java:285)
	at org.openqa.selenium.remote.RemoteWebElement.click(RemoteWebElement.java:84)
	at org.openqa.selenium.support.events.EventFiringWebDriver$EventFiringWebElement.lambda$new$0(EventFiringWebDriver.java:404)
	at com.sun.proxy.$Proxy9.click(Unknown Source)
	at org.openqa.selenium.support.events.EventFiringWebDriver$EventFiringWebElement.click(EventFiringWebDriver.java:417)
	at com.kms.katalon.core.webui.keyword.builtin.ClickKeyword$_click_closure1.doCall(ClickKeyword.groovy:69)
	at com.kms.katalon.core.webui.keyword.builtin.ClickKeyword$_click_closure1.call(ClickKeyword.groovy)
	at com.kms.katalon.core.webui.keyword.internal.WebUIKeywordMain.runKeyword(WebUIKeywordMain.groovy:20)
	... 19 more


2020-09-28 16:57:11 - [TEST_STEP][PASSED] - openBrowser(""): Browser is opened with url: ''

2020-09-28 16:57:11 - [MESSAGE][WARNING] - A browser is already opened. Closing browser and opening a new one

2020-09-28 16:57:12 - [MESSAGE][INFO] - Starting 'Chrome' driver

2020-09-28 16:57:12 - [MESSAGE][INFO] - Action delay is set to 0 milliseconds

2020-09-28 16:57:13 - [MESSAGE][PASSED] - Browser is opened with url: ''

2020-09-28 16:57:13 - [TEST_STEP][PASSED] - navigateToUrl("https://grid.nga.mil/testgrid/"): Navigate to 'https://grid.nga.mil/testgrid/' successfully

2020-09-28 16:57:14 - [MESSAGE][PASSED] - Navigate to 'https://grid.nga.mil/testgrid/' successfully

2020-09-28 16:57:14 - [TEST_STEP][FAILED] - click(findTestObject("Page_Home  GRiD/a_CAC  GEOAxIS Login")): Unable to click on object 'Object Repository/Page_Home  GRiD/a_CAC  GEOAxIS Login' (Root cause: com.kms.katalon.core.exception.StepFailedException: Unable to click on object 'Object Repository/Page_Home  GRiD/a_CAC  GEOAxIS Login'
	at com.kms.katalon.core.webui.keyword.internal.WebUIKeywordMain.stepFailed(WebUIKeywordMain.groovy:64)
	at com.kms.katalon.core.webui.keyword.internal.WebUIKeywordMain.runKeyword(WebUIKeywordMain.groovy:26)
	at com.kms.katalon.core.webui.keyword.builtin.ClickKeyword.click(ClickKeyword.groovy:76)
	at com.kms.katalon.core.webui.keyword.builtin.ClickKeyword.execute(ClickKeyword.groovy:43)
	at com.kms.katalon.core.keyword.internal.KeywordExecutor.executeKeywordForPlatform(KeywordExecutor.groovy:73)
	at com.kms.katalon.core.webui.keyword.WebUiBuiltInKeywords.click(WebUiBuiltInKeywords.groovy:616)
	at com.kms.katalon.core.webui.keyword.WebUiBuiltInKeywords$click$1.call(Unknown Source)
	at FG3D Test - Stragetic.run(FG3D Test - Stragetic:24)
	at com.kms.katalon.core.main.ScriptEngine.run(ScriptEngine.java:194)
	at com.kms.katalon.core.main.ScriptEngine.runScriptAsRawText(ScriptEngine.java:119)
	at com.kms.katalon.core.main.TestCaseExecutor.runScript(TestCaseExecutor.java:339)
	at com.kms.katalon.core.main.TestCaseExecutor.doExecute(TestCaseExecutor.java:330)
	at com.kms.katalon.core.main.TestCaseExecutor.processExecutionPhase(TestCaseExecutor.java:309)
	at com.kms.katalon.core.main.TestCaseExecutor.accessMainPhase(TestCaseExecutor.java:301)
	at com.kms.katalon.core.main.TestCaseExecutor.execute(TestCaseExecutor.java:235)
	at com.kms.katalon.core.main.TestSuiteExecutor.accessTestCaseMainPhase(TestSuiteExecutor.java:191)
	at com.kms.katalon.core.main.TestSuiteExecutor.accessTestSuiteMainPhase(TestSuiteExecutor.java:141)
	at com.kms.katalon.core.main.TestSuiteExecutor.execute(TestSuiteExecutor.java:90)
	at com.kms.katalon.core.main.TestCaseMain.startTestSuite(TestCaseMain.java:157)
	at com.kms.katalon.core.main.TestCaseMain$startTestSuite$0.call(Unknown Source)
	at TempTestSuite1601324593621.run(TempTestSuite1601324593621.groovy:39)
Caused by: org.openqa.selenium.TimeoutException: timeout: Timed out receiving message from renderer: 300.000
  (Session info: chrome=85.0.4183.121)
Build info: version: '3.141.59', revision: 'e82be7d358', time: '2018-11-14T08:25:53'
System info: host: 'c02yj0qyjgh7.lan', ip: 'fe80:0:0:0:8e5:6086:d883:e3f8%en0', os.name: 'Mac OS X', os.arch: 'x86_64', os.version: '10.15.6', java.version: '1.8.0_181'
Driver info: com.kms.katalon.selenium.driver.CChromeDriver
Capabilities {acceptInsecureCerts: false, browserName: chrome, browserVersion: 85.0.4183.121, chrome: {chromedriverVersion: 85.0.4183.87 (cd6713ebf92fa..., userDataDir: /var/folders/mk/mm0g76rn3_g...}, goog:chromeOptions: {debuggerAddress: localhost:52104}, javascriptEnabled: true, networkConnectionEnabled: false, pageLoadStrategy: normal, platform: MAC, platformName: MAC, proxy: Proxy(), setWindowRect: true, strictFileInteractability: false, timeouts: {implicit: 0, pageLoad: 300000, script: 30000}, unhandledPromptBehavior: dismiss and notify, webauthn:virtualAuthenticators: true}
Session ID: 219895ba94bd2358a6e1895a85931a3a
	at org.openqa.selenium.remote.http.W3CHttpResponseCodec.createException(W3CHttpResponseCodec.java:187)
	at org.openqa.selenium.remote.http.W3CHttpResponseCodec.decode(W3CHttpResponseCodec.java:122)
	at org.openqa.selenium.remote.http.W3CHttpResponseCodec.decode(W3CHttpResponseCodec.java:49)
	at org.openqa.selenium.remote.HttpCommandExecutor.execute(HttpCommandExecutor.java:158)
	at org.openqa.selenium.remote.service.DriverCommandExecutor.execute(DriverCommandExecutor.java:83)
	at org.openqa.selenium.remote.RemoteWebDriver.execute(RemoteWebDriver.java:552)
	at com.kms.katalon.selenium.driver.CChromeDriver.execute(CChromeDriver.java:19)
	at org.openqa.selenium.remote.RemoteWebElement.execute(RemoteWebElement.java:285)
	at org.openqa.selenium.remote.RemoteWebElement.click(RemoteWebElement.java:84)
	at org.openqa.selenium.support.events.EventFiringWebDriver$EventFiringWebElement.lambda$new$0(EventFiringWebDriver.java:404)
	at com.sun.proxy.$Proxy9.click(Unknown Source)
	at org.openqa.selenium.support.events.EventFiringWebDriver$EventFiringWebElement.click(EventFiringWebDriver.java:417)
	at com.kms.katalon.core.webui.keyword.builtin.ClickKeyword$_click_closure1.doCall(ClickKeyword.groovy:69)
	at com.kms.katalon.core.webui.keyword.builtin.ClickKeyword$_click_closure1.call(ClickKeyword.groovy)
	at com.kms.katalon.core.webui.keyword.internal.WebUIKeywordMain.runKeyword(WebUIKeywordMain.groovy:20)
	at com.kms.katalon.core.webui.keyword.builtin.ClickKeyword.click(ClickKeyword.groovy:76)
	at com.kms.katalon.core.webui.keyword.builtin.ClickKeyword.execute(ClickKeyword.groovy:43)
	at com.kms.katalon.core.keyword.internal.KeywordExecutor.executeKeywordForPlatform(KeywordExecutor.groovy:73)
	at com.kms.katalon.core.webui.keyword.WebUiBuiltInKeywords.click(WebUiBuiltInKeywords.groovy:616)
	at com.kms.katalon.core.webui.keyword.WebUiBuiltInKeywords$click$1.call(Unknown Source)
	at Script1599149155505.run(Script1599149155505.groovy:24)
	... 13 more
)

2020-09-28 17:02:15 - [MESSAGE][FAILED] - Unable to click on object 'Object Repository/Page_Home  GRiD/a_CAC  GEOAxIS Login' (Root cause: com.kms.katalon.core.exception.StepFailedException: Unable to click on object 'Object Repository/Page_Home  GRiD/a_CAC  GEOAxIS Login'
	at com.kms.katalon.core.webui.keyword.internal.WebUIKeywordMain.stepFailed(WebUIKeywordMain.groovy:64)
	at com.kms.katalon.core.webui.keyword.internal.WebUIKeywordMain.runKeyword(WebUIKeywordMain.groovy:26)
	at com.kms.katalon.core.webui.keyword.builtin.ClickKeyword.click(ClickKeyword.groovy:76)
	at com.kms.katalon.core.webui.keyword.builtin.ClickKeyword.execute(ClickKeyword.groovy:43)
	at com.kms.katalon.core.keyword.internal.KeywordExecutor.executeKeywordForPlatform(KeywordExecutor.groovy:73)
	at com.kms.katalon.core.webui.keyword.WebUiBuiltInKeywords.click(WebUiBuiltInKeywords.groovy:616)
	at com.kms.katalon.core.webui.keyword.WebUiBuiltInKeywords$click$1.call(Unknown Source)
	at FG3D Test - Stragetic.run(FG3D Test - Stragetic:24)
	at com.kms.katalon.core.main.ScriptEngine.run(ScriptEngine.java:194)
	at com.kms.katalon.core.main.ScriptEngine.runScriptAsRawText(ScriptEngine.java:119)
	at com.kms.katalon.core.main.TestCaseExecutor.runScript(TestCaseExecutor.java:339)
	at com.kms.katalon.core.main.TestCaseExecutor.doExecute(TestCaseExecutor.java:330)
	at com.kms.katalon.core.main.TestCaseExecutor.processExecutionPhase(TestCaseExecutor.java:309)
	at com.kms.katalon.core.main.TestCaseExecutor.accessMainPhase(TestCaseExecutor.java:301)
	at com.kms.katalon.core.main.TestCaseExecutor.execute(TestCaseExecutor.java:235)
	at com.kms.katalon.core.main.TestSuiteExecutor.accessTestCaseMainPhase(TestSuiteExecutor.java:191)
	at com.kms.katalon.core.main.TestSuiteExecutor.accessTestSuiteMainPhase(TestSuiteExecutor.java:141)
	at com.kms.katalon.core.main.TestSuiteExecutor.execute(TestSuiteExecutor.java:90)
	at com.kms.katalon.core.main.TestCaseMain.startTestSuite(TestCaseMain.java:157)
	at com.kms.katalon.core.main.TestCaseMain$startTestSuite$0.call(Unknown Source)
	at TempTestSuite1601324593621.run(TempTestSuite1601324593621.groovy:39)
Caused by: org.openqa.selenium.TimeoutException: timeout: Timed out receiving message from renderer: 300.000
  (Session info: chrome=85.0.4183.121)
Build info: version: '3.141.59', revision: 'e82be7d358', time: '2018-11-14T08:25:53'
System info: host: 'c02yj0qyjgh7.lan', ip: 'fe80:0:0:0:8e5:6086:d883:e3f8%en0', os.name: 'Mac OS X', os.arch: 'x86_64', os.version: '10.15.6', java.version: '1.8.0_181'
Driver info: com.kms.katalon.selenium.driver.CChromeDriver
Capabilities {acceptInsecureCerts: false, browserName: chrome, browserVersion: 85.0.4183.121, chrome: {chromedriverVersion: 85.0.4183.87 (cd6713ebf92fa..., userDataDir: /var/folders/mk/mm0g76rn3_g...}, goog:chromeOptions: {debuggerAddress: localhost:52104}, javascriptEnabled: true, networkConnectionEnabled: false, pageLoadStrategy: normal, platform: MAC, platformName: MAC, proxy: Proxy(), setWindowRect: true, strictFileInteractability: false, timeouts: {implicit: 0, pageLoad: 300000, script: 30000}, unhandledPromptBehavior: dismiss and notify, webauthn:virtualAuthenticators: true}
Session ID: 219895ba94bd2358a6e1895a85931a3a
	at org.openqa.selenium.remote.http.W3CHttpResponseCodec.createException(W3CHttpResponseCodec.java:187)
	at org.openqa.selenium.remote.http.W3CHttpResponseCodec.decode(W3CHttpResponseCodec.java:122)
	at org.openqa.selenium.remote.http.W3CHttpResponseCodec.decode(W3CHttpResponseCodec.java:49)
	at org.openqa.selenium.remote.HttpCommandExecutor.execute(HttpCommandExecutor.java:158)
	at org.openqa.selenium.remote.service.DriverCommandExecutor.execute(DriverCommandExecutor.java:83)
	at org.openqa.selenium.remote.RemoteWebDriver.execute(RemoteWebDriver.java:552)
	at com.kms.katalon.selenium.driver.CChromeDriver.execute(CChromeDriver.java:19)
	at org.openqa.selenium.remote.RemoteWebElement.execute(RemoteWebElement.java:285)
	at org.openqa.selenium.remote.RemoteWebElement.click(RemoteWebElement.java:84)
	at org.openqa.selenium.support.events.EventFiringWebDriver$EventFiringWebElement.lambda$new$0(EventFiringWebDriver.java:404)
	at com.sun.proxy.$Proxy9.click(Unknown Source)
	at org.openqa.selenium.support.events.EventFiringWebDriver$EventFiringWebElement.click(EventFiringWebDriver.java:417)
	at com.kms.katalon.core.webui.keyword.builtin.ClickKeyword$_click_closure1.doCall(ClickKeyword.groovy:69)
	at com.kms.katalon.core.webui.keyword.builtin.ClickKeyword$_click_closure1.call(ClickKeyword.groovy)
	at com.kms.katalon.core.webui.keyword.internal.WebUIKeywordMain.runKeyword(WebUIKeywordMain.groovy:20)
	at com.kms.katalon.core.webui.keyword.builtin.ClickKeyword.click(ClickKeyword.groovy:76)
	at com.kms.katalon.core.webui.keyword.builtin.ClickKeyword.execute(ClickKeyword.groovy:43)
	at com.kms.katalon.core.keyword.internal.KeywordExecutor.executeKeywordForPlatform(KeywordExecutor.groovy:73)
	at com.kms.katalon.core.webui.keyword.WebUiBuiltInKeywords.click(WebUiBuiltInKeywords.groovy:616)
	at com.kms.katalon.core.webui.keyword.WebUiBuiltInKeywords$click$1.call(Unknown Source)
	at Script1599149155505.run(Script1599149155505.groovy:24)
	... 13 more
)
[[ATTACHMENT|/Users/bhavikpatel/Downloads/Projects/CRREL/GRiD/Automation Testing/Automation Testing Project/KatalonTesting/Reports/20200928_162313/GRiD FG3D/20200928_162313/1601326935120.png]]]]></system-out>
         <system-err><![CDATA[2020-09-28 16:57:11 - [TEST_CASE][FAILED] - Test Cases/FG3D/FG3D Test - Stragetic: Test Cases/FG3D/FG3D Test - Stragetic FAILED.
Reason:
com.kms.katalon.core.exception.StepFailedException: Unable to click on object 'Object Repository/Page_Home  GRiD/a_CAC  GEOAxIS Login'
	at com.kms.katalon.core.webui.keyword.internal.WebUIKeywordMain.stepFailed(WebUIKeywordMain.groovy:64)
	at com.kms.katalon.core.webui.keyword.internal.WebUIKeywordMain.runKeyword(WebUIKeywordMain.groovy:26)
	at com.kms.katalon.core.webui.keyword.builtin.ClickKeyword.click(ClickKeyword.groovy:76)
	at com.kms.katalon.core.webui.keyword.builtin.ClickKeyword.execute(ClickKeyword.groovy:43)
	at com.kms.katalon.core.keyword.internal.KeywordExecutor.executeKeywordForPlatform(KeywordExecutor.groovy:73)
	at com.kms.katalon.core.webui.keyword.WebUiBuiltInKeywords.click(WebUiBuiltInKeywords.groovy:616)
	at com.kms.katalon.core.webui.keyword.WebUiBuiltInKeywords$click$1.call(Unknown Source)
	at FG3D Test - Stragetic.run(FG3D Test - Stragetic:24)
	at com.kms.katalon.core.main.ScriptEngine.run(ScriptEngine.java:194)
	at com.kms.katalon.core.main.ScriptEngine.runScriptAsRawText(ScriptEngine.java:119)
	at com.kms.katalon.core.main.TestCaseExecutor.runScript(TestCaseExecutor.java:339)
	at com.kms.katalon.core.main.TestCaseExecutor.doExecute(TestCaseExecutor.java:330)
	at com.kms.katalon.core.main.TestCaseExecutor.processExecutionPhase(TestCaseExecutor.java:309)
	at com.kms.katalon.core.main.TestCaseExecutor.accessMainPhase(TestCaseExecutor.java:301)
	at com.kms.katalon.core.main.TestCaseExecutor.execute(TestCaseExecutor.java:235)
	at com.kms.katalon.core.main.TestSuiteExecutor.accessTestCaseMainPhase(TestSuiteExecutor.java:191)
	at com.kms.katalon.core.main.TestSuiteExecutor.accessTestSuiteMainPhase(TestSuiteExecutor.java:141)
	at com.kms.katalon.core.main.TestSuiteExecutor.execute(TestSuiteExecutor.java:90)
	at com.kms.katalon.core.main.TestCaseMain.startTestSuite(TestCaseMain.java:157)
	at com.kms.katalon.core.main.TestCaseMain$startTestSuite$0.call(Unknown Source)
	at TempTestSuite1601324593621.run(TempTestSuite1601324593621.groovy:39)
Caused by: org.openqa.selenium.TimeoutException: timeout: Timed out receiving message from renderer: 300.000
  (Session info: chrome=85.0.4183.121)
Build info: version: '3.141.59', revision: 'e82be7d358', time: '2018-11-14T08:25:53'
System info: host: 'c02yj0qyjgh7.lan', ip: 'fe80:0:0:0:8e5:6086:d883:e3f8%en0', os.name: 'Mac OS X', os.arch: 'x86_64', os.version: '10.15.6', java.version: '1.8.0_181'
Driver info: com.kms.katalon.selenium.driver.CChromeDriver
Capabilities {acceptInsecureCerts: false, browserName: chrome, browserVersion: 85.0.4183.121, chrome: {chromedriverVersion: 85.0.4183.87 (cd6713ebf92fa..., userDataDir: /var/folders/mk/mm0g76rn3_g...}, goog:chromeOptions: {debuggerAddress: localhost:52104}, javascriptEnabled: true, networkConnectionEnabled: false, pageLoadStrategy: normal, platform: MAC, platformName: MAC, proxy: Proxy(), setWindowRect: true, strictFileInteractability: false, timeouts: {implicit: 0, pageLoad: 300000, script: 30000}, unhandledPromptBehavior: dismiss and notify, webauthn:virtualAuthenticators: true}
Session ID: 219895ba94bd2358a6e1895a85931a3a
	at org.openqa.selenium.remote.http.W3CHttpResponseCodec.createException(W3CHttpResponseCodec.java:187)
	at org.openqa.selenium.remote.http.W3CHttpResponseCodec.decode(W3CHttpResponseCodec.java:122)
	at org.openqa.selenium.remote.http.W3CHttpResponseCodec.decode(W3CHttpResponseCodec.java:49)
	at org.openqa.selenium.remote.HttpCommandExecutor.execute(HttpCommandExecutor.java:158)
	at org.openqa.selenium.remote.service.DriverCommandExecutor.execute(DriverCommandExecutor.java:83)
	at org.openqa.selenium.remote.RemoteWebDriver.execute(RemoteWebDriver.java:552)
	at com.kms.katalon.selenium.driver.CChromeDriver.execute(CChromeDriver.java:19)
	at org.openqa.selenium.remote.RemoteWebElement.execute(RemoteWebElement.java:285)
	at org.openqa.selenium.remote.RemoteWebElement.click(RemoteWebElement.java:84)
	at org.openqa.selenium.support.events.EventFiringWebDriver$EventFiringWebElement.lambda$new$0(EventFiringWebDriver.java:404)
	at com.sun.proxy.$Proxy9.click(Unknown Source)
	at org.openqa.selenium.support.events.EventFiringWebDriver$EventFiringWebElement.click(EventFiringWebDriver.java:417)
	at com.kms.katalon.core.webui.keyword.builtin.ClickKeyword$_click_closure1.doCall(ClickKeyword.groovy:69)
	at com.kms.katalon.core.webui.keyword.builtin.ClickKeyword$_click_closure1.call(ClickKeyword.groovy)
	at com.kms.katalon.core.webui.keyword.internal.WebUIKeywordMain.runKeyword(WebUIKeywordMain.groovy:20)
	... 19 more]]></system-err>
      </testcase>
      <testcase name="Test Cases/FG3D/FG3D Test - Stragetic" time="305.387" classname="Test Cases/FG3D/FG3D Test - Stragetic" status="FAILED">
         <failure type="FAILED" message="Test Cases/FG3D/FG3D Test - Stragetic FAILED.
Reason:
com.kms.katalon.core.exception.StepFailedException: Unable to click on object 'Object Repository/Page_Home  GRiD/a_CAC  GEOAxIS Login'
	at com.kms.katalon.core.webui.keyword.internal.WebUIKeywordMain.stepFailed(WebUIKeywordMain.groovy:64)
	at com.kms.katalon.core.webui.keyword.internal.WebUIKeywordMain.runKeyword(WebUIKeywordMain.groovy:26)
	at com.kms.katalon.core.webui.keyword.builtin.ClickKeyword.click(ClickKeyword.groovy:76)
	at com.kms.katalon.core.webui.keyword.builtin.ClickKeyword.execute(ClickKeyword.groovy:43)
	at com.kms.katalon.core.keyword.internal.KeywordExecutor.executeKeywordForPlatform(KeywordExecutor.groovy:73)
	at com.kms.katalon.core.webui.keyword.WebUiBuiltInKeywords.click(WebUiBuiltInKeywords.groovy:616)
	at com.kms.katalon.core.webui.keyword.WebUiBuiltInKeywords$click$1.call(Unknown Source)
	at FG3D Test - Stragetic.run(FG3D Test - Stragetic:24)
	at com.kms.katalon.core.main.ScriptEngine.run(ScriptEngine.java:194)
	at com.kms.katalon.core.main.ScriptEngine.runScriptAsRawText(ScriptEngine.java:119)
	at com.kms.katalon.core.main.TestCaseExecutor.runScript(TestCaseExecutor.java:339)
	at com.kms.katalon.core.main.TestCaseExecutor.doExecute(TestCaseExecutor.java:330)
	at com.kms.katalon.core.main.TestCaseExecutor.processExecutionPhase(TestCaseExecutor.java:309)
	at com.kms.katalon.core.main.TestCaseExecutor.accessMainPhase(TestCaseExecutor.java:301)
	at com.kms.katalon.core.main.TestCaseExecutor.execute(TestCaseExecutor.java:235)
	at com.kms.katalon.core.main.TestSuiteExecutor.accessTestCaseMainPhase(TestSuiteExecutor.java:191)
	at com.kms.katalon.core.main.TestSuiteExecutor.accessTestSuiteMainPhase(TestSuiteExecutor.java:141)
	at com.kms.katalon.core.main.TestSuiteExecutor.execute(TestSuiteExecutor.java:90)
	at com.kms.katalon.core.main.TestCaseMain.startTestSuite(TestCaseMain.java:157)
	at com.kms.katalon.core.main.TestCaseMain$startTestSuite$0.call(Unknown Source)
	at TempTestSuite1601324593621.run(TempTestSuite1601324593621.groovy:39)
Caused by: org.openqa.selenium.TimeoutException: timeout: Timed out receiving message from renderer: 300.000
  (Session info: chrome=85.0.4183.121)
Build info: version: '3.141.59', revision: 'e82be7d358', time: '2018-11-14T08:25:53'
System info: host: 'c02yj0qyjgh7.lan', ip: 'fe80:0:0:0:8e5:6086:d883:e3f8%en0', os.name: 'Mac OS X', os.arch: 'x86_64', os.version: '10.15.6', java.version: '1.8.0_181'
Driver info: com.kms.katalon.selenium.driver.CChromeDriver
Capabilities {acceptInsecureCerts: false, browserName: chrome, browserVersion: 85.0.4183.121, chrome: {chromedriverVersion: 85.0.4183.87 (cd6713ebf92fa..., userDataDir: /var/folders/mk/mm0g76rn3_g...}, goog:chromeOptions: {debuggerAddress: localhost:52289}, javascriptEnabled: true, networkConnectionEnabled: false, pageLoadStrategy: normal, platform: MAC, platformName: MAC, proxy: Proxy(), setWindowRect: true, strictFileInteractability: false, timeouts: {implicit: 0, pageLoad: 300000, script: 30000}, unhandledPromptBehavior: dismiss and notify, webauthn:virtualAuthenticators: true}
Session ID: 7d9435f11c7fc97b6e469749752ef189
	at org.openqa.selenium.remote.http.W3CHttpResponseCodec.createException(W3CHttpResponseCodec.java:187)
	at org.openqa.selenium.remote.http.W3CHttpResponseCodec.decode(W3CHttpResponseCodec.java:122)
	at org.openqa.selenium.remote.http.W3CHttpResponseCodec.decode(W3CHttpResponseCodec.java:49)
	at org.openqa.selenium.remote.HttpCommandExecutor.execute(HttpCommandExecutor.java:158)
	at org.openqa.selenium.remote.service.DriverCommandExecutor.execute(DriverCommandExecutor.java:83)
	at org.openqa.selenium.remote.RemoteWebDriver.execute(RemoteWebDriver.java:552)
	at com.kms.katalon.selenium.driver.CChromeDriver.execute(CChromeDriver.java:19)
	at org.openqa.selenium.remote.RemoteWebElement.execute(RemoteWebElement.java:285)
	at org.openqa.selenium.remote.RemoteWebElement.click(RemoteWebElement.java:84)
	at org.openqa.selenium.support.events.EventFiringWebDriver$EventFiringWebElement.lambda$new$0(EventFiringWebDriver.java:404)
	at com.sun.proxy.$Proxy9.click(Unknown Source)
	at org.openqa.selenium.support.events.EventFiringWebDriver$EventFiringWebElement.click(EventFiringWebDriver.java:417)
	at com.kms.katalon.core.webui.keyword.builtin.ClickKeyword$_click_closure1.doCall(ClickKeyword.groovy:69)
	at com.kms.katalon.core.webui.keyword.builtin.ClickKeyword$_click_closure1.call(ClickKeyword.groovy)
	at com.kms.katalon.core.webui.keyword.internal.WebUIKeywordMain.runKeyword(WebUIKeywordMain.groovy:20)
	... 19 more
"/>
         <system-out><![CDATA[2020-09-28 17:02:15 - [TEST_CASE][FAILED] - Test Cases/FG3D/FG3D Test - Stragetic: Test Cases/FG3D/FG3D Test - Stragetic FAILED.
Reason:
com.kms.katalon.core.exception.StepFailedException: Unable to click on object 'Object Repository/Page_Home  GRiD/a_CAC  GEOAxIS Login'
	at com.kms.katalon.core.webui.keyword.internal.WebUIKeywordMain.stepFailed(WebUIKeywordMain.groovy:64)
	at com.kms.katalon.core.webui.keyword.internal.WebUIKeywordMain.runKeyword(WebUIKeywordMain.groovy:26)
	at com.kms.katalon.core.webui.keyword.builtin.ClickKeyword.click(ClickKeyword.groovy:76)
	at com.kms.katalon.core.webui.keyword.builtin.ClickKeyword.execute(ClickKeyword.groovy:43)
	at com.kms.katalon.core.keyword.internal.KeywordExecutor.executeKeywordForPlatform(KeywordExecutor.groovy:73)
	at com.kms.katalon.core.webui.keyword.WebUiBuiltInKeywords.click(WebUiBuiltInKeywords.groovy:616)
	at com.kms.katalon.core.webui.keyword.WebUiBuiltInKeywords$click$1.call(Unknown Source)
	at FG3D Test - Stragetic.run(FG3D Test - Stragetic:24)
	at com.kms.katalon.core.main.ScriptEngine.run(ScriptEngine.java:194)
	at com.kms.katalon.core.main.ScriptEngine.runScriptAsRawText(ScriptEngine.java:119)
	at com.kms.katalon.core.main.TestCaseExecutor.runScript(TestCaseExecutor.java:339)
	at com.kms.katalon.core.main.TestCaseExecutor.doExecute(TestCaseExecutor.java:330)
	at com.kms.katalon.core.main.TestCaseExecutor.processExecutionPhase(TestCaseExecutor.java:309)
	at com.kms.katalon.core.main.TestCaseExecutor.accessMainPhase(TestCaseExecutor.java:301)
	at com.kms.katalon.core.main.TestCaseExecutor.execute(TestCaseExecutor.java:235)
	at com.kms.katalon.core.main.TestSuiteExecutor.accessTestCaseMainPhase(TestSuiteExecutor.java:191)
	at com.kms.katalon.core.main.TestSuiteExecutor.accessTestSuiteMainPhase(TestSuiteExecutor.java:141)
	at com.kms.katalon.core.main.TestSuiteExecutor.execute(TestSuiteExecutor.java:90)
	at com.kms.katalon.core.main.TestCaseMain.startTestSuite(TestCaseMain.java:157)
	at com.kms.katalon.core.main.TestCaseMain$startTestSuite$0.call(Unknown Source)
	at TempTestSuite1601324593621.run(TempTestSuite1601324593621.groovy:39)
Caused by: org.openqa.selenium.TimeoutException: timeout: Timed out receiving message from renderer: 300.000
  (Session info: chrome=85.0.4183.121)
Build info: version: '3.141.59', revision: 'e82be7d358', time: '2018-11-14T08:25:53'
System info: host: 'c02yj0qyjgh7.lan', ip: 'fe80:0:0:0:8e5:6086:d883:e3f8%en0', os.name: 'Mac OS X', os.arch: 'x86_64', os.version: '10.15.6', java.version: '1.8.0_181'
Driver info: com.kms.katalon.selenium.driver.CChromeDriver
Capabilities {acceptInsecureCerts: false, browserName: chrome, browserVersion: 85.0.4183.121, chrome: {chromedriverVersion: 85.0.4183.87 (cd6713ebf92fa..., userDataDir: /var/folders/mk/mm0g76rn3_g...}, goog:chromeOptions: {debuggerAddress: localhost:52289}, javascriptEnabled: true, networkConnectionEnabled: false, pageLoadStrategy: normal, platform: MAC, platformName: MAC, proxy: Proxy(), setWindowRect: true, strictFileInteractability: false, timeouts: {implicit: 0, pageLoad: 300000, script: 30000}, unhandledPromptBehavior: dismiss and notify, webauthn:virtualAuthenticators: true}
Session ID: 7d9435f11c7fc97b6e469749752ef189
	at org.openqa.selenium.remote.http.W3CHttpResponseCodec.createException(W3CHttpResponseCodec.java:187)
	at org.openqa.selenium.remote.http.W3CHttpResponseCodec.decode(W3CHttpResponseCodec.java:122)
	at org.openqa.selenium.remote.http.W3CHttpResponseCodec.decode(W3CHttpResponseCodec.java:49)
	at org.openqa.selenium.remote.HttpCommandExecutor.execute(HttpCommandExecutor.java:158)
	at org.openqa.selenium.remote.service.DriverCommandExecutor.execute(DriverCommandExecutor.java:83)
	at org.openqa.selenium.remote.RemoteWebDriver.execute(RemoteWebDriver.java:552)
	at com.kms.katalon.selenium.driver.CChromeDriver.execute(CChromeDriver.java:19)
	at org.openqa.selenium.remote.RemoteWebElement.execute(RemoteWebElement.java:285)
	at org.openqa.selenium.remote.RemoteWebElement.click(RemoteWebElement.java:84)
	at org.openqa.selenium.support.events.EventFiringWebDriver$EventFiringWebElement.lambda$new$0(EventFiringWebDriver.java:404)
	at com.sun.proxy.$Proxy9.click(Unknown Source)
	at org.openqa.selenium.support.events.EventFiringWebDriver$EventFiringWebElement.click(EventFiringWebDriver.java:417)
	at com.kms.katalon.core.webui.keyword.builtin.ClickKeyword$_click_closure1.doCall(ClickKeyword.groovy:69)
	at com.kms.katalon.core.webui.keyword.builtin.ClickKeyword$_click_closure1.call(ClickKeyword.groovy)
	at com.kms.katalon.core.webui.keyword.internal.WebUIKeywordMain.runKeyword(WebUIKeywordMain.groovy:20)
	... 19 more


2020-09-28 17:02:16 - [TEST_STEP][PASSED] - openBrowser(""): Browser is opened with url: ''

2020-09-28 17:02:16 - [MESSAGE][WARNING] - A browser is already opened. Closing browser and opening a new one

2020-09-28 17:02:16 - [MESSAGE][INFO] - Starting 'Chrome' driver

2020-09-28 17:02:16 - [MESSAGE][INFO] - Action delay is set to 0 milliseconds

2020-09-28 17:02:17 - [MESSAGE][PASSED] - Browser is opened with url: ''

2020-09-28 17:02:17 - [TEST_STEP][PASSED] - navigateToUrl("https://grid.nga.mil/testgrid/"): Navigate to 'https://grid.nga.mil/testgrid/' successfully

2020-09-28 17:02:20 - [MESSAGE][PASSED] - Navigate to 'https://grid.nga.mil/testgrid/' successfully

2020-09-28 17:02:20 - [TEST_STEP][FAILED] - click(findTestObject("Page_Home  GRiD/a_CAC  GEOAxIS Login")): Unable to click on object 'Object Repository/Page_Home  GRiD/a_CAC  GEOAxIS Login' (Root cause: com.kms.katalon.core.exception.StepFailedException: Unable to click on object 'Object Repository/Page_Home  GRiD/a_CAC  GEOAxIS Login'
	at com.kms.katalon.core.webui.keyword.internal.WebUIKeywordMain.stepFailed(WebUIKeywordMain.groovy:64)
	at com.kms.katalon.core.webui.keyword.internal.WebUIKeywordMain.runKeyword(WebUIKeywordMain.groovy:26)
	at com.kms.katalon.core.webui.keyword.builtin.ClickKeyword.click(ClickKeyword.groovy:76)
	at com.kms.katalon.core.webui.keyword.builtin.ClickKeyword.execute(ClickKeyword.groovy:43)
	at com.kms.katalon.core.keyword.internal.KeywordExecutor.executeKeywordForPlatform(KeywordExecutor.groovy:73)
	at com.kms.katalon.core.webui.keyword.WebUiBuiltInKeywords.click(WebUiBuiltInKeywords.groovy:616)
	at com.kms.katalon.core.webui.keyword.WebUiBuiltInKeywords$click$1.call(Unknown Source)
	at FG3D Test - Stragetic.run(FG3D Test - Stragetic:24)
	at com.kms.katalon.core.main.ScriptEngine.run(ScriptEngine.java:194)
	at com.kms.katalon.core.main.ScriptEngine.runScriptAsRawText(ScriptEngine.java:119)
	at com.kms.katalon.core.main.TestCaseExecutor.runScript(TestCaseExecutor.java:339)
	at com.kms.katalon.core.main.TestCaseExecutor.doExecute(TestCaseExecutor.java:330)
	at com.kms.katalon.core.main.TestCaseExecutor.processExecutionPhase(TestCaseExecutor.java:309)
	at com.kms.katalon.core.main.TestCaseExecutor.accessMainPhase(TestCaseExecutor.java:301)
	at com.kms.katalon.core.main.TestCaseExecutor.execute(TestCaseExecutor.java:235)
	at com.kms.katalon.core.main.TestSuiteExecutor.accessTestCaseMainPhase(TestSuiteExecutor.java:191)
	at com.kms.katalon.core.main.TestSuiteExecutor.accessTestSuiteMainPhase(TestSuiteExecutor.java:141)
	at com.kms.katalon.core.main.TestSuiteExecutor.execute(TestSuiteExecutor.java:90)
	at com.kms.katalon.core.main.TestCaseMain.startTestSuite(TestCaseMain.java:157)
	at com.kms.katalon.core.main.TestCaseMain$startTestSuite$0.call(Unknown Source)
	at TempTestSuite1601324593621.run(TempTestSuite1601324593621.groovy:39)
Caused by: org.openqa.selenium.TimeoutException: timeout: Timed out receiving message from renderer: 300.000
  (Session info: chrome=85.0.4183.121)
Build info: version: '3.141.59', revision: 'e82be7d358', time: '2018-11-14T08:25:53'
System info: host: 'c02yj0qyjgh7.lan', ip: 'fe80:0:0:0:8e5:6086:d883:e3f8%en0', os.name: 'Mac OS X', os.arch: 'x86_64', os.version: '10.15.6', java.version: '1.8.0_181'
Driver info: com.kms.katalon.selenium.driver.CChromeDriver
Capabilities {acceptInsecureCerts: false, browserName: chrome, browserVersion: 85.0.4183.121, chrome: {chromedriverVersion: 85.0.4183.87 (cd6713ebf92fa..., userDataDir: /var/folders/mk/mm0g76rn3_g...}, goog:chromeOptions: {debuggerAddress: localhost:52289}, javascriptEnabled: true, networkConnectionEnabled: false, pageLoadStrategy: normal, platform: MAC, platformName: MAC, proxy: Proxy(), setWindowRect: true, strictFileInteractability: false, timeouts: {implicit: 0, pageLoad: 300000, script: 30000}, unhandledPromptBehavior: dismiss and notify, webauthn:virtualAuthenticators: true}
Session ID: 7d9435f11c7fc97b6e469749752ef189
	at org.openqa.selenium.remote.http.W3CHttpResponseCodec.createException(W3CHttpResponseCodec.java:187)
	at org.openqa.selenium.remote.http.W3CHttpResponseCodec.decode(W3CHttpResponseCodec.java:122)
	at org.openqa.selenium.remote.http.W3CHttpResponseCodec.decode(W3CHttpResponseCodec.java:49)
	at org.openqa.selenium.remote.HttpCommandExecutor.execute(HttpCommandExecutor.java:158)
	at org.openqa.selenium.remote.service.DriverCommandExecutor.execute(DriverCommandExecutor.java:83)
	at org.openqa.selenium.remote.RemoteWebDriver.execute(RemoteWebDriver.java:552)
	at com.kms.katalon.selenium.driver.CChromeDriver.execute(CChromeDriver.java:19)
	at org.openqa.selenium.remote.RemoteWebElement.execute(RemoteWebElement.java:285)
	at org.openqa.selenium.remote.RemoteWebElement.click(RemoteWebElement.java:84)
	at org.openqa.selenium.support.events.EventFiringWebDriver$EventFiringWebElement.lambda$new$0(EventFiringWebDriver.java:404)
	at com.sun.proxy.$Proxy9.click(Unknown Source)
	at org.openqa.selenium.support.events.EventFiringWebDriver$EventFiringWebElement.click(EventFiringWebDriver.java:417)
	at com.kms.katalon.core.webui.keyword.builtin.ClickKeyword$_click_closure1.doCall(ClickKeyword.groovy:69)
	at com.kms.katalon.core.webui.keyword.builtin.ClickKeyword$_click_closure1.call(ClickKeyword.groovy)
	at com.kms.katalon.core.webui.keyword.internal.WebUIKeywordMain.runKeyword(WebUIKeywordMain.groovy:20)
	at com.kms.katalon.core.webui.keyword.builtin.ClickKeyword.click(ClickKeyword.groovy:76)
	at com.kms.katalon.core.webui.keyword.builtin.ClickKeyword.execute(ClickKeyword.groovy:43)
	at com.kms.katalon.core.keyword.internal.KeywordExecutor.executeKeywordForPlatform(KeywordExecutor.groovy:73)
	at com.kms.katalon.core.webui.keyword.WebUiBuiltInKeywords.click(WebUiBuiltInKeywords.groovy:616)
	at com.kms.katalon.core.webui.keyword.WebUiBuiltInKeywords$click$1.call(Unknown Source)
	at Script1599149155505.run(Script1599149155505.groovy:24)
	... 13 more
)

2020-09-28 17:07:21 - [MESSAGE][FAILED] - Unable to click on object 'Object Repository/Page_Home  GRiD/a_CAC  GEOAxIS Login' (Root cause: com.kms.katalon.core.exception.StepFailedException: Unable to click on object 'Object Repository/Page_Home  GRiD/a_CAC  GEOAxIS Login'
	at com.kms.katalon.core.webui.keyword.internal.WebUIKeywordMain.stepFailed(WebUIKeywordMain.groovy:64)
	at com.kms.katalon.core.webui.keyword.internal.WebUIKeywordMain.runKeyword(WebUIKeywordMain.groovy:26)
	at com.kms.katalon.core.webui.keyword.builtin.ClickKeyword.click(ClickKeyword.groovy:76)
	at com.kms.katalon.core.webui.keyword.builtin.ClickKeyword.execute(ClickKeyword.groovy:43)
	at com.kms.katalon.core.keyword.internal.KeywordExecutor.executeKeywordForPlatform(KeywordExecutor.groovy:73)
	at com.kms.katalon.core.webui.keyword.WebUiBuiltInKeywords.click(WebUiBuiltInKeywords.groovy:616)
	at com.kms.katalon.core.webui.keyword.WebUiBuiltInKeywords$click$1.call(Unknown Source)
	at FG3D Test - Stragetic.run(FG3D Test - Stragetic:24)
	at com.kms.katalon.core.main.ScriptEngine.run(ScriptEngine.java:194)
	at com.kms.katalon.core.main.ScriptEngine.runScriptAsRawText(ScriptEngine.java:119)
	at com.kms.katalon.core.main.TestCaseExecutor.runScript(TestCaseExecutor.java:339)
	at com.kms.katalon.core.main.TestCaseExecutor.doExecute(TestCaseExecutor.java:330)
	at com.kms.katalon.core.main.TestCaseExecutor.processExecutionPhase(TestCaseExecutor.java:309)
	at com.kms.katalon.core.main.TestCaseExecutor.accessMainPhase(TestCaseExecutor.java:301)
	at com.kms.katalon.core.main.TestCaseExecutor.execute(TestCaseExecutor.java:235)
	at com.kms.katalon.core.main.TestSuiteExecutor.accessTestCaseMainPhase(TestSuiteExecutor.java:191)
	at com.kms.katalon.core.main.TestSuiteExecutor.accessTestSuiteMainPhase(TestSuiteExecutor.java:141)
	at com.kms.katalon.core.main.TestSuiteExecutor.execute(TestSuiteExecutor.java:90)
	at com.kms.katalon.core.main.TestCaseMain.startTestSuite(TestCaseMain.java:157)
	at com.kms.katalon.core.main.TestCaseMain$startTestSuite$0.call(Unknown Source)
	at TempTestSuite1601324593621.run(TempTestSuite1601324593621.groovy:39)
Caused by: org.openqa.selenium.TimeoutException: timeout: Timed out receiving message from renderer: 300.000
  (Session info: chrome=85.0.4183.121)
Build info: version: '3.141.59', revision: 'e82be7d358', time: '2018-11-14T08:25:53'
System info: host: 'c02yj0qyjgh7.lan', ip: 'fe80:0:0:0:8e5:6086:d883:e3f8%en0', os.name: 'Mac OS X', os.arch: 'x86_64', os.version: '10.15.6', java.version: '1.8.0_181'
Driver info: com.kms.katalon.selenium.driver.CChromeDriver
Capabilities {acceptInsecureCerts: false, browserName: chrome, browserVersion: 85.0.4183.121, chrome: {chromedriverVersion: 85.0.4183.87 (cd6713ebf92fa..., userDataDir: /var/folders/mk/mm0g76rn3_g...}, goog:chromeOptions: {debuggerAddress: localhost:52289}, javascriptEnabled: true, networkConnectionEnabled: false, pageLoadStrategy: normal, platform: MAC, platformName: MAC, proxy: Proxy(), setWindowRect: true, strictFileInteractability: false, timeouts: {implicit: 0, pageLoad: 300000, script: 30000}, unhandledPromptBehavior: dismiss and notify, webauthn:virtualAuthenticators: true}
Session ID: 7d9435f11c7fc97b6e469749752ef189
	at org.openqa.selenium.remote.http.W3CHttpResponseCodec.createException(W3CHttpResponseCodec.java:187)
	at org.openqa.selenium.remote.http.W3CHttpResponseCodec.decode(W3CHttpResponseCodec.java:122)
	at org.openqa.selenium.remote.http.W3CHttpResponseCodec.decode(W3CHttpResponseCodec.java:49)
	at org.openqa.selenium.remote.HttpCommandExecutor.execute(HttpCommandExecutor.java:158)
	at org.openqa.selenium.remote.service.DriverCommandExecutor.execute(DriverCommandExecutor.java:83)
	at org.openqa.selenium.remote.RemoteWebDriver.execute(RemoteWebDriver.java:552)
	at com.kms.katalon.selenium.driver.CChromeDriver.execute(CChromeDriver.java:19)
	at org.openqa.selenium.remote.RemoteWebElement.execute(RemoteWebElement.java:285)
	at org.openqa.selenium.remote.RemoteWebElement.click(RemoteWebElement.java:84)
	at org.openqa.selenium.support.events.EventFiringWebDriver$EventFiringWebElement.lambda$new$0(EventFiringWebDriver.java:404)
	at com.sun.proxy.$Proxy9.click(Unknown Source)
	at org.openqa.selenium.support.events.EventFiringWebDriver$EventFiringWebElement.click(EventFiringWebDriver.java:417)
	at com.kms.katalon.core.webui.keyword.builtin.ClickKeyword$_click_closure1.doCall(ClickKeyword.groovy:69)
	at com.kms.katalon.core.webui.keyword.builtin.ClickKeyword$_click_closure1.call(ClickKeyword.groovy)
	at com.kms.katalon.core.webui.keyword.internal.WebUIKeywordMain.runKeyword(WebUIKeywordMain.groovy:20)
	at com.kms.katalon.core.webui.keyword.builtin.ClickKeyword.click(ClickKeyword.groovy:76)
	at com.kms.katalon.core.webui.keyword.builtin.ClickKeyword.execute(ClickKeyword.groovy:43)
	at com.kms.katalon.core.keyword.internal.KeywordExecutor.executeKeywordForPlatform(KeywordExecutor.groovy:73)
	at com.kms.katalon.core.webui.keyword.WebUiBuiltInKeywords.click(WebUiBuiltInKeywords.groovy:616)
	at com.kms.katalon.core.webui.keyword.WebUiBuiltInKeywords$click$1.call(Unknown Source)
	at Script1599149155505.run(Script1599149155505.groovy:24)
	... 13 more
)
[[ATTACHMENT|/Users/bhavikpatel/Downloads/Projects/CRREL/GRiD/Automation Testing/Automation Testing Project/KatalonTesting/Reports/20200928_162313/GRiD FG3D/20200928_162313/1601327240493.png]]]]></system-out>
         <system-err><![CDATA[2020-09-28 17:02:15 - [TEST_CASE][FAILED] - Test Cases/FG3D/FG3D Test - Stragetic: Test Cases/FG3D/FG3D Test - Stragetic FAILED.
Reason:
com.kms.katalon.core.exception.StepFailedException: Unable to click on object 'Object Repository/Page_Home  GRiD/a_CAC  GEOAxIS Login'
	at com.kms.katalon.core.webui.keyword.internal.WebUIKeywordMain.stepFailed(WebUIKeywordMain.groovy:64)
	at com.kms.katalon.core.webui.keyword.internal.WebUIKeywordMain.runKeyword(WebUIKeywordMain.groovy:26)
	at com.kms.katalon.core.webui.keyword.builtin.ClickKeyword.click(ClickKeyword.groovy:76)
	at com.kms.katalon.core.webui.keyword.builtin.ClickKeyword.execute(ClickKeyword.groovy:43)
	at com.kms.katalon.core.keyword.internal.KeywordExecutor.executeKeywordForPlatform(KeywordExecutor.groovy:73)
	at com.kms.katalon.core.webui.keyword.WebUiBuiltInKeywords.click(WebUiBuiltInKeywords.groovy:616)
	at com.kms.katalon.core.webui.keyword.WebUiBuiltInKeywords$click$1.call(Unknown Source)
	at FG3D Test - Stragetic.run(FG3D Test - Stragetic:24)
	at com.kms.katalon.core.main.ScriptEngine.run(ScriptEngine.java:194)
	at com.kms.katalon.core.main.ScriptEngine.runScriptAsRawText(ScriptEngine.java:119)
	at com.kms.katalon.core.main.TestCaseExecutor.runScript(TestCaseExecutor.java:339)
	at com.kms.katalon.core.main.TestCaseExecutor.doExecute(TestCaseExecutor.java:330)
	at com.kms.katalon.core.main.TestCaseExecutor.processExecutionPhase(TestCaseExecutor.java:309)
	at com.kms.katalon.core.main.TestCaseExecutor.accessMainPhase(TestCaseExecutor.java:301)
	at com.kms.katalon.core.main.TestCaseExecutor.execute(TestCaseExecutor.java:235)
	at com.kms.katalon.core.main.TestSuiteExecutor.accessTestCaseMainPhase(TestSuiteExecutor.java:191)
	at com.kms.katalon.core.main.TestSuiteExecutor.accessTestSuiteMainPhase(TestSuiteExecutor.java:141)
	at com.kms.katalon.core.main.TestSuiteExecutor.execute(TestSuiteExecutor.java:90)
	at com.kms.katalon.core.main.TestCaseMain.startTestSuite(TestCaseMain.java:157)
	at com.kms.katalon.core.main.TestCaseMain$startTestSuite$0.call(Unknown Source)
	at TempTestSuite1601324593621.run(TempTestSuite1601324593621.groovy:39)
Caused by: org.openqa.selenium.TimeoutException: timeout: Timed out receiving message from renderer: 300.000
  (Session info: chrome=85.0.4183.121)
Build info: version: '3.141.59', revision: 'e82be7d358', time: '2018-11-14T08:25:53'
System info: host: 'c02yj0qyjgh7.lan', ip: 'fe80:0:0:0:8e5:6086:d883:e3f8%en0', os.name: 'Mac OS X', os.arch: 'x86_64', os.version: '10.15.6', java.version: '1.8.0_181'
Driver info: com.kms.katalon.selenium.driver.CChromeDriver
Capabilities {acceptInsecureCerts: false, browserName: chrome, browserVersion: 85.0.4183.121, chrome: {chromedriverVersion: 85.0.4183.87 (cd6713ebf92fa..., userDataDir: /var/folders/mk/mm0g76rn3_g...}, goog:chromeOptions: {debuggerAddress: localhost:52289}, javascriptEnabled: true, networkConnectionEnabled: false, pageLoadStrategy: normal, platform: MAC, platformName: MAC, proxy: Proxy(), setWindowRect: true, strictFileInteractability: false, timeouts: {implicit: 0, pageLoad: 300000, script: 30000}, unhandledPromptBehavior: dismiss and notify, webauthn:virtualAuthenticators: true}
Session ID: 7d9435f11c7fc97b6e469749752ef189
	at org.openqa.selenium.remote.http.W3CHttpResponseCodec.createException(W3CHttpResponseCodec.java:187)
	at org.openqa.selenium.remote.http.W3CHttpResponseCodec.decode(W3CHttpResponseCodec.java:122)
	at org.openqa.selenium.remote.http.W3CHttpResponseCodec.decode(W3CHttpResponseCodec.java:49)
	at org.openqa.selenium.remote.HttpCommandExecutor.execute(HttpCommandExecutor.java:158)
	at org.openqa.selenium.remote.service.DriverCommandExecutor.execute(DriverCommandExecutor.java:83)
	at org.openqa.selenium.remote.RemoteWebDriver.execute(RemoteWebDriver.java:552)
	at com.kms.katalon.selenium.driver.CChromeDriver.execute(CChromeDriver.java:19)
	at org.openqa.selenium.remote.RemoteWebElement.execute(RemoteWebElement.java:285)
	at org.openqa.selenium.remote.RemoteWebElement.click(RemoteWebElement.java:84)
	at org.openqa.selenium.support.events.EventFiringWebDriver$EventFiringWebElement.lambda$new$0(EventFiringWebDriver.java:404)
	at com.sun.proxy.$Proxy9.click(Unknown Source)
	at org.openqa.selenium.support.events.EventFiringWebDriver$EventFiringWebElement.click(EventFiringWebDriver.java:417)
	at com.kms.katalon.core.webui.keyword.builtin.ClickKeyword$_click_closure1.doCall(ClickKeyword.groovy:69)
	at com.kms.katalon.core.webui.keyword.builtin.ClickKeyword$_click_closure1.call(ClickKeyword.groovy)
	at com.kms.katalon.core.webui.keyword.internal.WebUIKeywordMain.runKeyword(WebUIKeywordMain.groovy:20)
	... 19 more]]></system-err>
      </testcase>
      <testcase name="Test Cases/FG3D/FG3D Test - Stragetic" time="306.135" classname="Test Cases/FG3D/FG3D Test - Stragetic" status="FAILED">
         <failure type="FAILED" message="Test Cases/FG3D/FG3D Test - Stragetic FAILED.
Reason:
com.kms.katalon.core.exception.StepFailedException: Unable to click on object 'Object Repository/Page_Home  GRiD/a_CAC  GEOAxIS Login'
	at com.kms.katalon.core.webui.keyword.internal.WebUIKeywordMain.stepFailed(WebUIKeywordMain.groovy:64)
	at com.kms.katalon.core.webui.keyword.internal.WebUIKeywordMain.runKeyword(WebUIKeywordMain.groovy:26)
	at com.kms.katalon.core.webui.keyword.builtin.ClickKeyword.click(ClickKeyword.groovy:76)
	at com.kms.katalon.core.webui.keyword.builtin.ClickKeyword.execute(ClickKeyword.groovy:43)
	at com.kms.katalon.core.keyword.internal.KeywordExecutor.executeKeywordForPlatform(KeywordExecutor.groovy:73)
	at com.kms.katalon.core.webui.keyword.WebUiBuiltInKeywords.click(WebUiBuiltInKeywords.groovy:616)
	at com.kms.katalon.core.webui.keyword.WebUiBuiltInKeywords$click$1.call(Unknown Source)
	at FG3D Test - Stragetic.run(FG3D Test - Stragetic:24)
	at com.kms.katalon.core.main.ScriptEngine.run(ScriptEngine.java:194)
	at com.kms.katalon.core.main.ScriptEngine.runScriptAsRawText(ScriptEngine.java:119)
	at com.kms.katalon.core.main.TestCaseExecutor.runScript(TestCaseExecutor.java:339)
	at com.kms.katalon.core.main.TestCaseExecutor.doExecute(TestCaseExecutor.java:330)
	at com.kms.katalon.core.main.TestCaseExecutor.processExecutionPhase(TestCaseExecutor.java:309)
	at com.kms.katalon.core.main.TestCaseExecutor.accessMainPhase(TestCaseExecutor.java:301)
	at com.kms.katalon.core.main.TestCaseExecutor.execute(TestCaseExecutor.java:235)
	at com.kms.katalon.core.main.TestSuiteExecutor.accessTestCaseMainPhase(TestSuiteExecutor.java:191)
	at com.kms.katalon.core.main.TestSuiteExecutor.accessTestSuiteMainPhase(TestSuiteExecutor.java:141)
	at com.kms.katalon.core.main.TestSuiteExecutor.execute(TestSuiteExecutor.java:90)
	at com.kms.katalon.core.main.TestCaseMain.startTestSuite(TestCaseMain.java:157)
	at com.kms.katalon.core.main.TestCaseMain$startTestSuite$0.call(Unknown Source)
	at TempTestSuite1601324593621.run(TempTestSuite1601324593621.groovy:39)
Caused by: org.openqa.selenium.TimeoutException: timeout: Timed out receiving message from renderer: 300.000
  (Session info: chrome=85.0.4183.121)
Build info: version: '3.141.59', revision: 'e82be7d358', time: '2018-11-14T08:25:53'
System info: host: 'c02yj0qyjgh7.lan', ip: 'fe80:0:0:0:8e5:6086:d883:e3f8%en0', os.name: 'Mac OS X', os.arch: 'x86_64', os.version: '10.15.6', java.version: '1.8.0_181'
Driver info: com.kms.katalon.selenium.driver.CChromeDriver
Capabilities {acceptInsecureCerts: false, browserName: chrome, browserVersion: 85.0.4183.121, chrome: {chromedriverVersion: 85.0.4183.87 (cd6713ebf92fa..., userDataDir: /var/folders/mk/mm0g76rn3_g...}, goog:chromeOptions: {debuggerAddress: localhost:52469}, javascriptEnabled: true, networkConnectionEnabled: false, pageLoadStrategy: normal, platform: MAC, platformName: MAC, proxy: Proxy(), setWindowRect: true, strictFileInteractability: false, timeouts: {implicit: 0, pageLoad: 300000, script: 30000}, unhandledPromptBehavior: dismiss and notify, webauthn:virtualAuthenticators: true}
Session ID: 795f021e872051ee757759b6f31ea997
	at org.openqa.selenium.remote.http.W3CHttpResponseCodec.createException(W3CHttpResponseCodec.java:187)
	at org.openqa.selenium.remote.http.W3CHttpResponseCodec.decode(W3CHttpResponseCodec.java:122)
	at org.openqa.selenium.remote.http.W3CHttpResponseCodec.decode(W3CHttpResponseCodec.java:49)
	at org.openqa.selenium.remote.HttpCommandExecutor.execute(HttpCommandExecutor.java:158)
	at org.openqa.selenium.remote.service.DriverCommandExecutor.execute(DriverCommandExecutor.java:83)
	at org.openqa.selenium.remote.RemoteWebDriver.execute(RemoteWebDriver.java:552)
	at com.kms.katalon.selenium.driver.CChromeDriver.execute(CChromeDriver.java:19)
	at org.openqa.selenium.remote.RemoteWebElement.execute(RemoteWebElement.java:285)
	at org.openqa.selenium.remote.RemoteWebElement.click(RemoteWebElement.java:84)
	at org.openqa.selenium.support.events.EventFiringWebDriver$EventFiringWebElement.lambda$new$0(EventFiringWebDriver.java:404)
	at com.sun.proxy.$Proxy9.click(Unknown Source)
	at org.openqa.selenium.support.events.EventFiringWebDriver$EventFiringWebElement.click(EventFiringWebDriver.java:417)
	at com.kms.katalon.core.webui.keyword.builtin.ClickKeyword$_click_closure1.doCall(ClickKeyword.groovy:69)
	at com.kms.katalon.core.webui.keyword.builtin.ClickKeyword$_click_closure1.call(ClickKeyword.groovy)
	at com.kms.katalon.core.webui.keyword.internal.WebUIKeywordMain.runKeyword(WebUIKeywordMain.groovy:20)
	... 19 more
"/>
         <system-out><![CDATA[2020-09-28 17:07:21 - [TEST_CASE][FAILED] - Test Cases/FG3D/FG3D Test - Stragetic: Test Cases/FG3D/FG3D Test - Stragetic FAILED.
Reason:
com.kms.katalon.core.exception.StepFailedException: Unable to click on object 'Object Repository/Page_Home  GRiD/a_CAC  GEOAxIS Login'
	at com.kms.katalon.core.webui.keyword.internal.WebUIKeywordMain.stepFailed(WebUIKeywordMain.groovy:64)
	at com.kms.katalon.core.webui.keyword.internal.WebUIKeywordMain.runKeyword(WebUIKeywordMain.groovy:26)
	at com.kms.katalon.core.webui.keyword.builtin.ClickKeyword.click(ClickKeyword.groovy:76)
	at com.kms.katalon.core.webui.keyword.builtin.ClickKeyword.execute(ClickKeyword.groovy:43)
	at com.kms.katalon.core.keyword.internal.KeywordExecutor.executeKeywordForPlatform(KeywordExecutor.groovy:73)
	at com.kms.katalon.core.webui.keyword.WebUiBuiltInKeywords.click(WebUiBuiltInKeywords.groovy:616)
	at com.kms.katalon.core.webui.keyword.WebUiBuiltInKeywords$click$1.call(Unknown Source)
	at FG3D Test - Stragetic.run(FG3D Test - Stragetic:24)
	at com.kms.katalon.core.main.ScriptEngine.run(ScriptEngine.java:194)
	at com.kms.katalon.core.main.ScriptEngine.runScriptAsRawText(ScriptEngine.java:119)
	at com.kms.katalon.core.main.TestCaseExecutor.runScript(TestCaseExecutor.java:339)
	at com.kms.katalon.core.main.TestCaseExecutor.doExecute(TestCaseExecutor.java:330)
	at com.kms.katalon.core.main.TestCaseExecutor.processExecutionPhase(TestCaseExecutor.java:309)
	at com.kms.katalon.core.main.TestCaseExecutor.accessMainPhase(TestCaseExecutor.java:301)
	at com.kms.katalon.core.main.TestCaseExecutor.execute(TestCaseExecutor.java:235)
	at com.kms.katalon.core.main.TestSuiteExecutor.accessTestCaseMainPhase(TestSuiteExecutor.java:191)
	at com.kms.katalon.core.main.TestSuiteExecutor.accessTestSuiteMainPhase(TestSuiteExecutor.java:141)
	at com.kms.katalon.core.main.TestSuiteExecutor.execute(TestSuiteExecutor.java:90)
	at com.kms.katalon.core.main.TestCaseMain.startTestSuite(TestCaseMain.java:157)
	at com.kms.katalon.core.main.TestCaseMain$startTestSuite$0.call(Unknown Source)
	at TempTestSuite1601324593621.run(TempTestSuite1601324593621.groovy:39)
Caused by: org.openqa.selenium.TimeoutException: timeout: Timed out receiving message from renderer: 300.000
  (Session info: chrome=85.0.4183.121)
Build info: version: '3.141.59', revision: 'e82be7d358', time: '2018-11-14T08:25:53'
System info: host: 'c02yj0qyjgh7.lan', ip: 'fe80:0:0:0:8e5:6086:d883:e3f8%en0', os.name: 'Mac OS X', os.arch: 'x86_64', os.version: '10.15.6', java.version: '1.8.0_181'
Driver info: com.kms.katalon.selenium.driver.CChromeDriver
Capabilities {acceptInsecureCerts: false, browserName: chrome, browserVersion: 85.0.4183.121, chrome: {chromedriverVersion: 85.0.4183.87 (cd6713ebf92fa..., userDataDir: /var/folders/mk/mm0g76rn3_g...}, goog:chromeOptions: {debuggerAddress: localhost:52469}, javascriptEnabled: true, networkConnectionEnabled: false, pageLoadStrategy: normal, platform: MAC, platformName: MAC, proxy: Proxy(), setWindowRect: true, strictFileInteractability: false, timeouts: {implicit: 0, pageLoad: 300000, script: 30000}, unhandledPromptBehavior: dismiss and notify, webauthn:virtualAuthenticators: true}
Session ID: 795f021e872051ee757759b6f31ea997
	at org.openqa.selenium.remote.http.W3CHttpResponseCodec.createException(W3CHttpResponseCodec.java:187)
	at org.openqa.selenium.remote.http.W3CHttpResponseCodec.decode(W3CHttpResponseCodec.java:122)
	at org.openqa.selenium.remote.http.W3CHttpResponseCodec.decode(W3CHttpResponseCodec.java:49)
	at org.openqa.selenium.remote.HttpCommandExecutor.execute(HttpCommandExecutor.java:158)
	at org.openqa.selenium.remote.service.DriverCommandExecutor.execute(DriverCommandExecutor.java:83)
	at org.openqa.selenium.remote.RemoteWebDriver.execute(RemoteWebDriver.java:552)
	at com.kms.katalon.selenium.driver.CChromeDriver.execute(CChromeDriver.java:19)
	at org.openqa.selenium.remote.RemoteWebElement.execute(RemoteWebElement.java:285)
	at org.openqa.selenium.remote.RemoteWebElement.click(RemoteWebElement.java:84)
	at org.openqa.selenium.support.events.EventFiringWebDriver$EventFiringWebElement.lambda$new$0(EventFiringWebDriver.java:404)
	at com.sun.proxy.$Proxy9.click(Unknown Source)
	at org.openqa.selenium.support.events.EventFiringWebDriver$EventFiringWebElement.click(EventFiringWebDriver.java:417)
	at com.kms.katalon.core.webui.keyword.builtin.ClickKeyword$_click_closure1.doCall(ClickKeyword.groovy:69)
	at com.kms.katalon.core.webui.keyword.builtin.ClickKeyword$_click_closure1.call(ClickKeyword.groovy)
	at com.kms.katalon.core.webui.keyword.internal.WebUIKeywordMain.runKeyword(WebUIKeywordMain.groovy:20)
	... 19 more


2020-09-28 17:07:21 - [TEST_STEP][PASSED] - openBrowser(""): Browser is opened with url: ''

2020-09-28 17:07:21 - [MESSAGE][WARNING] - A browser is already opened. Closing browser and opening a new one

2020-09-28 17:07:21 - [MESSAGE][INFO] - Starting 'Chrome' driver

2020-09-28 17:07:21 - [MESSAGE][INFO] - Action delay is set to 0 milliseconds

2020-09-28 17:07:22 - [MESSAGE][PASSED] - Browser is opened with url: ''

2020-09-28 17:07:22 - [TEST_STEP][PASSED] - navigateToUrl("https://grid.nga.mil/testgrid/"): Navigate to 'https://grid.nga.mil/testgrid/' successfully

2020-09-28 17:07:26 - [MESSAGE][PASSED] - Navigate to 'https://grid.nga.mil/testgrid/' successfully

2020-09-28 17:07:26 - [TEST_STEP][FAILED] - click(findTestObject("Page_Home  GRiD/a_CAC  GEOAxIS Login")): Unable to click on object 'Object Repository/Page_Home  GRiD/a_CAC  GEOAxIS Login' (Root cause: com.kms.katalon.core.exception.StepFailedException: Unable to click on object 'Object Repository/Page_Home  GRiD/a_CAC  GEOAxIS Login'
	at com.kms.katalon.core.webui.keyword.internal.WebUIKeywordMain.stepFailed(WebUIKeywordMain.groovy:64)
	at com.kms.katalon.core.webui.keyword.internal.WebUIKeywordMain.runKeyword(WebUIKeywordMain.groovy:26)
	at com.kms.katalon.core.webui.keyword.builtin.ClickKeyword.click(ClickKeyword.groovy:76)
	at com.kms.katalon.core.webui.keyword.builtin.ClickKeyword.execute(ClickKeyword.groovy:43)
	at com.kms.katalon.core.keyword.internal.KeywordExecutor.executeKeywordForPlatform(KeywordExecutor.groovy:73)
	at com.kms.katalon.core.webui.keyword.WebUiBuiltInKeywords.click(WebUiBuiltInKeywords.groovy:616)
	at com.kms.katalon.core.webui.keyword.WebUiBuiltInKeywords$click$1.call(Unknown Source)
	at FG3D Test - Stragetic.run(FG3D Test - Stragetic:24)
	at com.kms.katalon.core.main.ScriptEngine.run(ScriptEngine.java:194)
	at com.kms.katalon.core.main.ScriptEngine.runScriptAsRawText(ScriptEngine.java:119)
	at com.kms.katalon.core.main.TestCaseExecutor.runScript(TestCaseExecutor.java:339)
	at com.kms.katalon.core.main.TestCaseExecutor.doExecute(TestCaseExecutor.java:330)
	at com.kms.katalon.core.main.TestCaseExecutor.processExecutionPhase(TestCaseExecutor.java:309)
	at com.kms.katalon.core.main.TestCaseExecutor.accessMainPhase(TestCaseExecutor.java:301)
	at com.kms.katalon.core.main.TestCaseExecutor.execute(TestCaseExecutor.java:235)
	at com.kms.katalon.core.main.TestSuiteExecutor.accessTestCaseMainPhase(TestSuiteExecutor.java:191)
	at com.kms.katalon.core.main.TestSuiteExecutor.accessTestSuiteMainPhase(TestSuiteExecutor.java:141)
	at com.kms.katalon.core.main.TestSuiteExecutor.execute(TestSuiteExecutor.java:90)
	at com.kms.katalon.core.main.TestCaseMain.startTestSuite(TestCaseMain.java:157)
	at com.kms.katalon.core.main.TestCaseMain$startTestSuite$0.call(Unknown Source)
	at TempTestSuite1601324593621.run(TempTestSuite1601324593621.groovy:39)
Caused by: org.openqa.selenium.TimeoutException: timeout: Timed out receiving message from renderer: 300.000
  (Session info: chrome=85.0.4183.121)
Build info: version: '3.141.59', revision: 'e82be7d358', time: '2018-11-14T08:25:53'
System info: host: 'c02yj0qyjgh7.lan', ip: 'fe80:0:0:0:8e5:6086:d883:e3f8%en0', os.name: 'Mac OS X', os.arch: 'x86_64', os.version: '10.15.6', java.version: '1.8.0_181'
Driver info: com.kms.katalon.selenium.driver.CChromeDriver
Capabilities {acceptInsecureCerts: false, browserName: chrome, browserVersion: 85.0.4183.121, chrome: {chromedriverVersion: 85.0.4183.87 (cd6713ebf92fa..., userDataDir: /var/folders/mk/mm0g76rn3_g...}, goog:chromeOptions: {debuggerAddress: localhost:52469}, javascriptEnabled: true, networkConnectionEnabled: false, pageLoadStrategy: normal, platform: MAC, platformName: MAC, proxy: Proxy(), setWindowRect: true, strictFileInteractability: false, timeouts: {implicit: 0, pageLoad: 300000, script: 30000}, unhandledPromptBehavior: dismiss and notify, webauthn:virtualAuthenticators: true}
Session ID: 795f021e872051ee757759b6f31ea997
	at org.openqa.selenium.remote.http.W3CHttpResponseCodec.createException(W3CHttpResponseCodec.java:187)
	at org.openqa.selenium.remote.http.W3CHttpResponseCodec.decode(W3CHttpResponseCodec.java:122)
	at org.openqa.selenium.remote.http.W3CHttpResponseCodec.decode(W3CHttpResponseCodec.java:49)
	at org.openqa.selenium.remote.HttpCommandExecutor.execute(HttpCommandExecutor.java:158)
	at org.openqa.selenium.remote.service.DriverCommandExecutor.execute(DriverCommandExecutor.java:83)
	at org.openqa.selenium.remote.RemoteWebDriver.execute(RemoteWebDriver.java:552)
	at com.kms.katalon.selenium.driver.CChromeDriver.execute(CChromeDriver.java:19)
	at org.openqa.selenium.remote.RemoteWebElement.execute(RemoteWebElement.java:285)
	at org.openqa.selenium.remote.RemoteWebElement.click(RemoteWebElement.java:84)
	at org.openqa.selenium.support.events.EventFiringWebDriver$EventFiringWebElement.lambda$new$0(EventFiringWebDriver.java:404)
	at com.sun.proxy.$Proxy9.click(Unknown Source)
	at org.openqa.selenium.support.events.EventFiringWebDriver$EventFiringWebElement.click(EventFiringWebDriver.java:417)
	at com.kms.katalon.core.webui.keyword.builtin.ClickKeyword$_click_closure1.doCall(ClickKeyword.groovy:69)
	at com.kms.katalon.core.webui.keyword.builtin.ClickKeyword$_click_closure1.call(ClickKeyword.groovy)
	at com.kms.katalon.core.webui.keyword.internal.WebUIKeywordMain.runKeyword(WebUIKeywordMain.groovy:20)
	at com.kms.katalon.core.webui.keyword.builtin.ClickKeyword.click(ClickKeyword.groovy:76)
	at com.kms.katalon.core.webui.keyword.builtin.ClickKeyword.execute(ClickKeyword.groovy:43)
	at com.kms.katalon.core.keyword.internal.KeywordExecutor.executeKeywordForPlatform(KeywordExecutor.groovy:73)
	at com.kms.katalon.core.webui.keyword.WebUiBuiltInKeywords.click(WebUiBuiltInKeywords.groovy:616)
	at com.kms.katalon.core.webui.keyword.WebUiBuiltInKeywords$click$1.call(Unknown Source)
	at Script1599149155505.run(Script1599149155505.groovy:24)
	... 13 more
)

2020-09-28 17:12:27 - [MESSAGE][FAILED] - Unable to click on object 'Object Repository/Page_Home  GRiD/a_CAC  GEOAxIS Login' (Root cause: com.kms.katalon.core.exception.StepFailedException: Unable to click on object 'Object Repository/Page_Home  GRiD/a_CAC  GEOAxIS Login'
	at com.kms.katalon.core.webui.keyword.internal.WebUIKeywordMain.stepFailed(WebUIKeywordMain.groovy:64)
	at com.kms.katalon.core.webui.keyword.internal.WebUIKeywordMain.runKeyword(WebUIKeywordMain.groovy:26)
	at com.kms.katalon.core.webui.keyword.builtin.ClickKeyword.click(ClickKeyword.groovy:76)
	at com.kms.katalon.core.webui.keyword.builtin.ClickKeyword.execute(ClickKeyword.groovy:43)
	at com.kms.katalon.core.keyword.internal.KeywordExecutor.executeKeywordForPlatform(KeywordExecutor.groovy:73)
	at com.kms.katalon.core.webui.keyword.WebUiBuiltInKeywords.click(WebUiBuiltInKeywords.groovy:616)
	at com.kms.katalon.core.webui.keyword.WebUiBuiltInKeywords$click$1.call(Unknown Source)
	at FG3D Test - Stragetic.run(FG3D Test - Stragetic:24)
	at com.kms.katalon.core.main.ScriptEngine.run(ScriptEngine.java:194)
	at com.kms.katalon.core.main.ScriptEngine.runScriptAsRawText(ScriptEngine.java:119)
	at com.kms.katalon.core.main.TestCaseExecutor.runScript(TestCaseExecutor.java:339)
	at com.kms.katalon.core.main.TestCaseExecutor.doExecute(TestCaseExecutor.java:330)
	at com.kms.katalon.core.main.TestCaseExecutor.processExecutionPhase(TestCaseExecutor.java:309)
	at com.kms.katalon.core.main.TestCaseExecutor.accessMainPhase(TestCaseExecutor.java:301)
	at com.kms.katalon.core.main.TestCaseExecutor.execute(TestCaseExecutor.java:235)
	at com.kms.katalon.core.main.TestSuiteExecutor.accessTestCaseMainPhase(TestSuiteExecutor.java:191)
	at com.kms.katalon.core.main.TestSuiteExecutor.accessTestSuiteMainPhase(TestSuiteExecutor.java:141)
	at com.kms.katalon.core.main.TestSuiteExecutor.execute(TestSuiteExecutor.java:90)
	at com.kms.katalon.core.main.TestCaseMain.startTestSuite(TestCaseMain.java:157)
	at com.kms.katalon.core.main.TestCaseMain$startTestSuite$0.call(Unknown Source)
	at TempTestSuite1601324593621.run(TempTestSuite1601324593621.groovy:39)
Caused by: org.openqa.selenium.TimeoutException: timeout: Timed out receiving message from renderer: 300.000
  (Session info: chrome=85.0.4183.121)
Build info: version: '3.141.59', revision: 'e82be7d358', time: '2018-11-14T08:25:53'
System info: host: 'c02yj0qyjgh7.lan', ip: 'fe80:0:0:0:8e5:6086:d883:e3f8%en0', os.name: 'Mac OS X', os.arch: 'x86_64', os.version: '10.15.6', java.version: '1.8.0_181'
Driver info: com.kms.katalon.selenium.driver.CChromeDriver
Capabilities {acceptInsecureCerts: false, browserName: chrome, browserVersion: 85.0.4183.121, chrome: {chromedriverVersion: 85.0.4183.87 (cd6713ebf92fa..., userDataDir: /var/folders/mk/mm0g76rn3_g...}, goog:chromeOptions: {debuggerAddress: localhost:52469}, javascriptEnabled: true, networkConnectionEnabled: false, pageLoadStrategy: normal, platform: MAC, platformName: MAC, proxy: Proxy(), setWindowRect: true, strictFileInteractability: false, timeouts: {implicit: 0, pageLoad: 300000, script: 30000}, unhandledPromptBehavior: dismiss and notify, webauthn:virtualAuthenticators: true}
Session ID: 795f021e872051ee757759b6f31ea997
	at org.openqa.selenium.remote.http.W3CHttpResponseCodec.createException(W3CHttpResponseCodec.java:187)
	at org.openqa.selenium.remote.http.W3CHttpResponseCodec.decode(W3CHttpResponseCodec.java:122)
	at org.openqa.selenium.remote.http.W3CHttpResponseCodec.decode(W3CHttpResponseCodec.java:49)
	at org.openqa.selenium.remote.HttpCommandExecutor.execute(HttpCommandExecutor.java:158)
	at org.openqa.selenium.remote.service.DriverCommandExecutor.execute(DriverCommandExecutor.java:83)
	at org.openqa.selenium.remote.RemoteWebDriver.execute(RemoteWebDriver.java:552)
	at com.kms.katalon.selenium.driver.CChromeDriver.execute(CChromeDriver.java:19)
	at org.openqa.selenium.remote.RemoteWebElement.execute(RemoteWebElement.java:285)
	at org.openqa.selenium.remote.RemoteWebElement.click(RemoteWebElement.java:84)
	at org.openqa.selenium.support.events.EventFiringWebDriver$EventFiringWebElement.lambda$new$0(EventFiringWebDriver.java:404)
	at com.sun.proxy.$Proxy9.click(Unknown Source)
	at org.openqa.selenium.support.events.EventFiringWebDriver$EventFiringWebElement.click(EventFiringWebDriver.java:417)
	at com.kms.katalon.core.webui.keyword.builtin.ClickKeyword$_click_closure1.doCall(ClickKeyword.groovy:69)
	at com.kms.katalon.core.webui.keyword.builtin.ClickKeyword$_click_closure1.call(ClickKeyword.groovy)
	at com.kms.katalon.core.webui.keyword.internal.WebUIKeywordMain.runKeyword(WebUIKeywordMain.groovy:20)
	at com.kms.katalon.core.webui.keyword.builtin.ClickKeyword.click(ClickKeyword.groovy:76)
	at com.kms.katalon.core.webui.keyword.builtin.ClickKeyword.execute(ClickKeyword.groovy:43)
	at com.kms.katalon.core.keyword.internal.KeywordExecutor.executeKeywordForPlatform(KeywordExecutor.groovy:73)
	at com.kms.katalon.core.webui.keyword.WebUiBuiltInKeywords.click(WebUiBuiltInKeywords.groovy:616)
	at com.kms.katalon.core.webui.keyword.WebUiBuiltInKeywords$click$1.call(Unknown Source)
	at Script1599149155505.run(Script1599149155505.groovy:24)
	... 13 more
)
[[ATTACHMENT|/Users/bhavikpatel/Downloads/Projects/CRREL/GRiD/Automation Testing/Automation Testing Project/KatalonTesting/Reports/20200928_162313/GRiD FG3D/20200928_162313/1601327546628.png]]]]></system-out>
         <system-err><![CDATA[2020-09-28 17:07:21 - [TEST_CASE][FAILED] - Test Cases/FG3D/FG3D Test - Stragetic: Test Cases/FG3D/FG3D Test - Stragetic FAILED.
Reason:
com.kms.katalon.core.exception.StepFailedException: Unable to click on object 'Object Repository/Page_Home  GRiD/a_CAC  GEOAxIS Login'
	at com.kms.katalon.core.webui.keyword.internal.WebUIKeywordMain.stepFailed(WebUIKeywordMain.groovy:64)
	at com.kms.katalon.core.webui.keyword.internal.WebUIKeywordMain.runKeyword(WebUIKeywordMain.groovy:26)
	at com.kms.katalon.core.webui.keyword.builtin.ClickKeyword.click(ClickKeyword.groovy:76)
	at com.kms.katalon.core.webui.keyword.builtin.ClickKeyword.execute(ClickKeyword.groovy:43)
	at com.kms.katalon.core.keyword.internal.KeywordExecutor.executeKeywordForPlatform(KeywordExecutor.groovy:73)
	at com.kms.katalon.core.webui.keyword.WebUiBuiltInKeywords.click(WebUiBuiltInKeywords.groovy:616)
	at com.kms.katalon.core.webui.keyword.WebUiBuiltInKeywords$click$1.call(Unknown Source)
	at FG3D Test - Stragetic.run(FG3D Test - Stragetic:24)
	at com.kms.katalon.core.main.ScriptEngine.run(ScriptEngine.java:194)
	at com.kms.katalon.core.main.ScriptEngine.runScriptAsRawText(ScriptEngine.java:119)
	at com.kms.katalon.core.main.TestCaseExecutor.runScript(TestCaseExecutor.java:339)
	at com.kms.katalon.core.main.TestCaseExecutor.doExecute(TestCaseExecutor.java:330)
	at com.kms.katalon.core.main.TestCaseExecutor.processExecutionPhase(TestCaseExecutor.java:309)
	at com.kms.katalon.core.main.TestCaseExecutor.accessMainPhase(TestCaseExecutor.java:301)
	at com.kms.katalon.core.main.TestCaseExecutor.execute(TestCaseExecutor.java:235)
	at com.kms.katalon.core.main.TestSuiteExecutor.accessTestCaseMainPhase(TestSuiteExecutor.java:191)
	at com.kms.katalon.core.main.TestSuiteExecutor.accessTestSuiteMainPhase(TestSuiteExecutor.java:141)
	at com.kms.katalon.core.main.TestSuiteExecutor.execute(TestSuiteExecutor.java:90)
	at com.kms.katalon.core.main.TestCaseMain.startTestSuite(TestCaseMain.java:157)
	at com.kms.katalon.core.main.TestCaseMain$startTestSuite$0.call(Unknown Source)
	at TempTestSuite1601324593621.run(TempTestSuite1601324593621.groovy:39)
Caused by: org.openqa.selenium.TimeoutException: timeout: Timed out receiving message from renderer: 300.000
  (Session info: chrome=85.0.4183.121)
Build info: version: '3.141.59', revision: 'e82be7d358', time: '2018-11-14T08:25:53'
System info: host: 'c02yj0qyjgh7.lan', ip: 'fe80:0:0:0:8e5:6086:d883:e3f8%en0', os.name: 'Mac OS X', os.arch: 'x86_64', os.version: '10.15.6', java.version: '1.8.0_181'
Driver info: com.kms.katalon.selenium.driver.CChromeDriver
Capabilities {acceptInsecureCerts: false, browserName: chrome, browserVersion: 85.0.4183.121, chrome: {chromedriverVersion: 85.0.4183.87 (cd6713ebf92fa..., userDataDir: /var/folders/mk/mm0g76rn3_g...}, goog:chromeOptions: {debuggerAddress: localhost:52469}, javascriptEnabled: true, networkConnectionEnabled: false, pageLoadStrategy: normal, platform: MAC, platformName: MAC, proxy: Proxy(), setWindowRect: true, strictFileInteractability: false, timeouts: {implicit: 0, pageLoad: 300000, script: 30000}, unhandledPromptBehavior: dismiss and notify, webauthn:virtualAuthenticators: true}
Session ID: 795f021e872051ee757759b6f31ea997
	at org.openqa.selenium.remote.http.W3CHttpResponseCodec.createException(W3CHttpResponseCodec.java:187)
	at org.openqa.selenium.remote.http.W3CHttpResponseCodec.decode(W3CHttpResponseCodec.java:122)
	at org.openqa.selenium.remote.http.W3CHttpResponseCodec.decode(W3CHttpResponseCodec.java:49)
	at org.openqa.selenium.remote.HttpCommandExecutor.execute(HttpCommandExecutor.java:158)
	at org.openqa.selenium.remote.service.DriverCommandExecutor.execute(DriverCommandExecutor.java:83)
	at org.openqa.selenium.remote.RemoteWebDriver.execute(RemoteWebDriver.java:552)
	at com.kms.katalon.selenium.driver.CChromeDriver.execute(CChromeDriver.java:19)
	at org.openqa.selenium.remote.RemoteWebElement.execute(RemoteWebElement.java:285)
	at org.openqa.selenium.remote.RemoteWebElement.click(RemoteWebElement.java:84)
	at org.openqa.selenium.support.events.EventFiringWebDriver$EventFiringWebElement.lambda$new$0(EventFiringWebDriver.java:404)
	at com.sun.proxy.$Proxy9.click(Unknown Source)
	at org.openqa.selenium.support.events.EventFiringWebDriver$EventFiringWebElement.click(EventFiringWebDriver.java:417)
	at com.kms.katalon.core.webui.keyword.builtin.ClickKeyword$_click_closure1.doCall(ClickKeyword.groovy:69)
	at com.kms.katalon.core.webui.keyword.builtin.ClickKeyword$_click_closure1.call(ClickKeyword.groovy)
	at com.kms.katalon.core.webui.keyword.internal.WebUIKeywordMain.runKeyword(WebUIKeywordMain.groovy:20)
	... 19 more]]></system-err>
      </testcase>
      <testcase name="Test Cases/FG3D/FG3D Test - Stragetic" time="307.995" classname="Test Cases/FG3D/FG3D Test - Stragetic" status="FAILED">
         <failure type="FAILED" message="Test Cases/FG3D/FG3D Test - Stragetic FAILED.
Reason:
com.kms.katalon.core.exception.StepFailedException: Unable to click on object 'Object Repository/Page_Home  GRiD/a_CAC  GEOAxIS Login'
	at com.kms.katalon.core.webui.keyword.internal.WebUIKeywordMain.stepFailed(WebUIKeywordMain.groovy:64)
	at com.kms.katalon.core.webui.keyword.internal.WebUIKeywordMain.runKeyword(WebUIKeywordMain.groovy:26)
	at com.kms.katalon.core.webui.keyword.builtin.ClickKeyword.click(ClickKeyword.groovy:76)
	at com.kms.katalon.core.webui.keyword.builtin.ClickKeyword.execute(ClickKeyword.groovy:43)
	at com.kms.katalon.core.keyword.internal.KeywordExecutor.executeKeywordForPlatform(KeywordExecutor.groovy:73)
	at com.kms.katalon.core.webui.keyword.WebUiBuiltInKeywords.click(WebUiBuiltInKeywords.groovy:616)
	at com.kms.katalon.core.webui.keyword.WebUiBuiltInKeywords$click$1.call(Unknown Source)
	at FG3D Test - Stragetic.run(FG3D Test - Stragetic:24)
	at com.kms.katalon.core.main.ScriptEngine.run(ScriptEngine.java:194)
	at com.kms.katalon.core.main.ScriptEngine.runScriptAsRawText(ScriptEngine.java:119)
	at com.kms.katalon.core.main.TestCaseExecutor.runScript(TestCaseExecutor.java:339)
	at com.kms.katalon.core.main.TestCaseExecutor.doExecute(TestCaseExecutor.java:330)
	at com.kms.katalon.core.main.TestCaseExecutor.processExecutionPhase(TestCaseExecutor.java:309)
	at com.kms.katalon.core.main.TestCaseExecutor.accessMainPhase(TestCaseExecutor.java:301)
	at com.kms.katalon.core.main.TestCaseExecutor.execute(TestCaseExecutor.java:235)
	at com.kms.katalon.core.main.TestSuiteExecutor.accessTestCaseMainPhase(TestSuiteExecutor.java:191)
	at com.kms.katalon.core.main.TestSuiteExecutor.accessTestSuiteMainPhase(TestSuiteExecutor.java:141)
	at com.kms.katalon.core.main.TestSuiteExecutor.execute(TestSuiteExecutor.java:90)
	at com.kms.katalon.core.main.TestCaseMain.startTestSuite(TestCaseMain.java:157)
	at com.kms.katalon.core.main.TestCaseMain$startTestSuite$0.call(Unknown Source)
	at TempTestSuite1601324593621.run(TempTestSuite1601324593621.groovy:39)
Caused by: org.openqa.selenium.TimeoutException: timeout: Timed out receiving message from renderer: 300.000
  (Session info: chrome=85.0.4183.121)
Build info: version: '3.141.59', revision: 'e82be7d358', time: '2018-11-14T08:25:53'
System info: host: 'c02yj0qyjgh7.lan', ip: 'fe80:0:0:0:8e5:6086:d883:e3f8%en0', os.name: 'Mac OS X', os.arch: 'x86_64', os.version: '10.15.6', java.version: '1.8.0_181'
Driver info: com.kms.katalon.selenium.driver.CChromeDriver
Capabilities {acceptInsecureCerts: false, browserName: chrome, browserVersion: 85.0.4183.121, chrome: {chromedriverVersion: 85.0.4183.87 (cd6713ebf92fa..., userDataDir: /var/folders/mk/mm0g76rn3_g...}, goog:chromeOptions: {debuggerAddress: localhost:52629}, javascriptEnabled: true, networkConnectionEnabled: false, pageLoadStrategy: normal, platform: MAC, platformName: MAC, proxy: Proxy(), setWindowRect: true, strictFileInteractability: false, timeouts: {implicit: 0, pageLoad: 300000, script: 30000}, unhandledPromptBehavior: dismiss and notify, webauthn:virtualAuthenticators: true}
Session ID: cfb6e734f4b5580f98d65473b074ff29
	at org.openqa.selenium.remote.http.W3CHttpResponseCodec.createException(W3CHttpResponseCodec.java:187)
	at org.openqa.selenium.remote.http.W3CHttpResponseCodec.decode(W3CHttpResponseCodec.java:122)
	at org.openqa.selenium.remote.http.W3CHttpResponseCodec.decode(W3CHttpResponseCodec.java:49)
	at org.openqa.selenium.remote.HttpCommandExecutor.execute(HttpCommandExecutor.java:158)
	at org.openqa.selenium.remote.service.DriverCommandExecutor.execute(DriverCommandExecutor.java:83)
	at org.openqa.selenium.remote.RemoteWebDriver.execute(RemoteWebDriver.java:552)
	at com.kms.katalon.selenium.driver.CChromeDriver.execute(CChromeDriver.java:19)
	at org.openqa.selenium.remote.RemoteWebElement.execute(RemoteWebElement.java:285)
	at org.openqa.selenium.remote.RemoteWebElement.click(RemoteWebElement.java:84)
	at org.openqa.selenium.support.events.EventFiringWebDriver$EventFiringWebElement.lambda$new$0(EventFiringWebDriver.java:404)
	at com.sun.proxy.$Proxy9.click(Unknown Source)
	at org.openqa.selenium.support.events.EventFiringWebDriver$EventFiringWebElement.click(EventFiringWebDriver.java:417)
	at com.kms.katalon.core.webui.keyword.builtin.ClickKeyword$_click_closure1.doCall(ClickKeyword.groovy:69)
	at com.kms.katalon.core.webui.keyword.builtin.ClickKeyword$_click_closure1.call(ClickKeyword.groovy)
	at com.kms.katalon.core.webui.keyword.internal.WebUIKeywordMain.runKeyword(WebUIKeywordMain.groovy:20)
	... 19 more
"/>
         <system-out><![CDATA[2020-09-28 17:12:27 - [TEST_CASE][FAILED] - Test Cases/FG3D/FG3D Test - Stragetic: Test Cases/FG3D/FG3D Test - Stragetic FAILED.
Reason:
com.kms.katalon.core.exception.StepFailedException: Unable to click on object 'Object Repository/Page_Home  GRiD/a_CAC  GEOAxIS Login'
	at com.kms.katalon.core.webui.keyword.internal.WebUIKeywordMain.stepFailed(WebUIKeywordMain.groovy:64)
	at com.kms.katalon.core.webui.keyword.internal.WebUIKeywordMain.runKeyword(WebUIKeywordMain.groovy:26)
	at com.kms.katalon.core.webui.keyword.builtin.ClickKeyword.click(ClickKeyword.groovy:76)
	at com.kms.katalon.core.webui.keyword.builtin.ClickKeyword.execute(ClickKeyword.groovy:43)
	at com.kms.katalon.core.keyword.internal.KeywordExecutor.executeKeywordForPlatform(KeywordExecutor.groovy:73)
	at com.kms.katalon.core.webui.keyword.WebUiBuiltInKeywords.click(WebUiBuiltInKeywords.groovy:616)
	at com.kms.katalon.core.webui.keyword.WebUiBuiltInKeywords$click$1.call(Unknown Source)
	at FG3D Test - Stragetic.run(FG3D Test - Stragetic:24)
	at com.kms.katalon.core.main.ScriptEngine.run(ScriptEngine.java:194)
	at com.kms.katalon.core.main.ScriptEngine.runScriptAsRawText(ScriptEngine.java:119)
	at com.kms.katalon.core.main.TestCaseExecutor.runScript(TestCaseExecutor.java:339)
	at com.kms.katalon.core.main.TestCaseExecutor.doExecute(TestCaseExecutor.java:330)
	at com.kms.katalon.core.main.TestCaseExecutor.processExecutionPhase(TestCaseExecutor.java:309)
	at com.kms.katalon.core.main.TestCaseExecutor.accessMainPhase(TestCaseExecutor.java:301)
	at com.kms.katalon.core.main.TestCaseExecutor.execute(TestCaseExecutor.java:235)
	at com.kms.katalon.core.main.TestSuiteExecutor.accessTestCaseMainPhase(TestSuiteExecutor.java:191)
	at com.kms.katalon.core.main.TestSuiteExecutor.accessTestSuiteMainPhase(TestSuiteExecutor.java:141)
	at com.kms.katalon.core.main.TestSuiteExecutor.execute(TestSuiteExecutor.java:90)
	at com.kms.katalon.core.main.TestCaseMain.startTestSuite(TestCaseMain.java:157)
	at com.kms.katalon.core.main.TestCaseMain$startTestSuite$0.call(Unknown Source)
	at TempTestSuite1601324593621.run(TempTestSuite1601324593621.groovy:39)
Caused by: org.openqa.selenium.TimeoutException: timeout: Timed out receiving message from renderer: 300.000
  (Session info: chrome=85.0.4183.121)
Build info: version: '3.141.59', revision: 'e82be7d358', time: '2018-11-14T08:25:53'
System info: host: 'c02yj0qyjgh7.lan', ip: 'fe80:0:0:0:8e5:6086:d883:e3f8%en0', os.name: 'Mac OS X', os.arch: 'x86_64', os.version: '10.15.6', java.version: '1.8.0_181'
Driver info: com.kms.katalon.selenium.driver.CChromeDriver
Capabilities {acceptInsecureCerts: false, browserName: chrome, browserVersion: 85.0.4183.121, chrome: {chromedriverVersion: 85.0.4183.87 (cd6713ebf92fa..., userDataDir: /var/folders/mk/mm0g76rn3_g...}, goog:chromeOptions: {debuggerAddress: localhost:52629}, javascriptEnabled: true, networkConnectionEnabled: false, pageLoadStrategy: normal, platform: MAC, platformName: MAC, proxy: Proxy(), setWindowRect: true, strictFileInteractability: false, timeouts: {implicit: 0, pageLoad: 300000, script: 30000}, unhandledPromptBehavior: dismiss and notify, webauthn:virtualAuthenticators: true}
Session ID: cfb6e734f4b5580f98d65473b074ff29
	at org.openqa.selenium.remote.http.W3CHttpResponseCodec.createException(W3CHttpResponseCodec.java:187)
	at org.openqa.selenium.remote.http.W3CHttpResponseCodec.decode(W3CHttpResponseCodec.java:122)
	at org.openqa.selenium.remote.http.W3CHttpResponseCodec.decode(W3CHttpResponseCodec.java:49)
	at org.openqa.selenium.remote.HttpCommandExecutor.execute(HttpCommandExecutor.java:158)
	at org.openqa.selenium.remote.service.DriverCommandExecutor.execute(DriverCommandExecutor.java:83)
	at org.openqa.selenium.remote.RemoteWebDriver.execute(RemoteWebDriver.java:552)
	at com.kms.katalon.selenium.driver.CChromeDriver.execute(CChromeDriver.java:19)
	at org.openqa.selenium.remote.RemoteWebElement.execute(RemoteWebElement.java:285)
	at org.openqa.selenium.remote.RemoteWebElement.click(RemoteWebElement.java:84)
	at org.openqa.selenium.support.events.EventFiringWebDriver$EventFiringWebElement.lambda$new$0(EventFiringWebDriver.java:404)
	at com.sun.proxy.$Proxy9.click(Unknown Source)
	at org.openqa.selenium.support.events.EventFiringWebDriver$EventFiringWebElement.click(EventFiringWebDriver.java:417)
	at com.kms.katalon.core.webui.keyword.builtin.ClickKeyword$_click_closure1.doCall(ClickKeyword.groovy:69)
	at com.kms.katalon.core.webui.keyword.builtin.ClickKeyword$_click_closure1.call(ClickKeyword.groovy)
	at com.kms.katalon.core.webui.keyword.internal.WebUIKeywordMain.runKeyword(WebUIKeywordMain.groovy:20)
	... 19 more


2020-09-28 17:12:27 - [TEST_STEP][PASSED] - openBrowser(""): Browser is opened with url: ''

2020-09-28 17:12:27 - [MESSAGE][WARNING] - A browser is already opened. Closing browser and opening a new one

2020-09-28 17:12:27 - [MESSAGE][INFO] - Starting 'Chrome' driver

2020-09-28 17:12:27 - [MESSAGE][INFO] - Action delay is set to 0 milliseconds

2020-09-28 17:12:28 - [MESSAGE][PASSED] - Browser is opened with url: ''

2020-09-28 17:12:28 - [TEST_STEP][PASSED] - navigateToUrl("https://grid.nga.mil/testgrid/"): Navigate to 'https://grid.nga.mil/testgrid/' successfully

2020-09-28 17:12:34 - [MESSAGE][PASSED] - Navigate to 'https://grid.nga.mil/testgrid/' successfully

2020-09-28 17:12:34 - [TEST_STEP][FAILED] - click(findTestObject("Page_Home  GRiD/a_CAC  GEOAxIS Login")): Unable to click on object 'Object Repository/Page_Home  GRiD/a_CAC  GEOAxIS Login' (Root cause: com.kms.katalon.core.exception.StepFailedException: Unable to click on object 'Object Repository/Page_Home  GRiD/a_CAC  GEOAxIS Login'
	at com.kms.katalon.core.webui.keyword.internal.WebUIKeywordMain.stepFailed(WebUIKeywordMain.groovy:64)
	at com.kms.katalon.core.webui.keyword.internal.WebUIKeywordMain.runKeyword(WebUIKeywordMain.groovy:26)
	at com.kms.katalon.core.webui.keyword.builtin.ClickKeyword.click(ClickKeyword.groovy:76)
	at com.kms.katalon.core.webui.keyword.builtin.ClickKeyword.execute(ClickKeyword.groovy:43)
	at com.kms.katalon.core.keyword.internal.KeywordExecutor.executeKeywordForPlatform(KeywordExecutor.groovy:73)
	at com.kms.katalon.core.webui.keyword.WebUiBuiltInKeywords.click(WebUiBuiltInKeywords.groovy:616)
	at com.kms.katalon.core.webui.keyword.WebUiBuiltInKeywords$click$1.call(Unknown Source)
	at FG3D Test - Stragetic.run(FG3D Test - Stragetic:24)
	at com.kms.katalon.core.main.ScriptEngine.run(ScriptEngine.java:194)
	at com.kms.katalon.core.main.ScriptEngine.runScriptAsRawText(ScriptEngine.java:119)
	at com.kms.katalon.core.main.TestCaseExecutor.runScript(TestCaseExecutor.java:339)
	at com.kms.katalon.core.main.TestCaseExecutor.doExecute(TestCaseExecutor.java:330)
	at com.kms.katalon.core.main.TestCaseExecutor.processExecutionPhase(TestCaseExecutor.java:309)
	at com.kms.katalon.core.main.TestCaseExecutor.accessMainPhase(TestCaseExecutor.java:301)
	at com.kms.katalon.core.main.TestCaseExecutor.execute(TestCaseExecutor.java:235)
	at com.kms.katalon.core.main.TestSuiteExecutor.accessTestCaseMainPhase(TestSuiteExecutor.java:191)
	at com.kms.katalon.core.main.TestSuiteExecutor.accessTestSuiteMainPhase(TestSuiteExecutor.java:141)
	at com.kms.katalon.core.main.TestSuiteExecutor.execute(TestSuiteExecutor.java:90)
	at com.kms.katalon.core.main.TestCaseMain.startTestSuite(TestCaseMain.java:157)
	at com.kms.katalon.core.main.TestCaseMain$startTestSuite$0.call(Unknown Source)
	at TempTestSuite1601324593621.run(TempTestSuite1601324593621.groovy:39)
Caused by: org.openqa.selenium.TimeoutException: timeout: Timed out receiving message from renderer: 300.000
  (Session info: chrome=85.0.4183.121)
Build info: version: '3.141.59', revision: 'e82be7d358', time: '2018-11-14T08:25:53'
System info: host: 'c02yj0qyjgh7.lan', ip: 'fe80:0:0:0:8e5:6086:d883:e3f8%en0', os.name: 'Mac OS X', os.arch: 'x86_64', os.version: '10.15.6', java.version: '1.8.0_181'
Driver info: com.kms.katalon.selenium.driver.CChromeDriver
Capabilities {acceptInsecureCerts: false, browserName: chrome, browserVersion: 85.0.4183.121, chrome: {chromedriverVersion: 85.0.4183.87 (cd6713ebf92fa..., userDataDir: /var/folders/mk/mm0g76rn3_g...}, goog:chromeOptions: {debuggerAddress: localhost:52629}, javascriptEnabled: true, networkConnectionEnabled: false, pageLoadStrategy: normal, platform: MAC, platformName: MAC, proxy: Proxy(), setWindowRect: true, strictFileInteractability: false, timeouts: {implicit: 0, pageLoad: 300000, script: 30000}, unhandledPromptBehavior: dismiss and notify, webauthn:virtualAuthenticators: true}
Session ID: cfb6e734f4b5580f98d65473b074ff29
	at org.openqa.selenium.remote.http.W3CHttpResponseCodec.createException(W3CHttpResponseCodec.java:187)
	at org.openqa.selenium.remote.http.W3CHttpResponseCodec.decode(W3CHttpResponseCodec.java:122)
	at org.openqa.selenium.remote.http.W3CHttpResponseCodec.decode(W3CHttpResponseCodec.java:49)
	at org.openqa.selenium.remote.HttpCommandExecutor.execute(HttpCommandExecutor.java:158)
	at org.openqa.selenium.remote.service.DriverCommandExecutor.execute(DriverCommandExecutor.java:83)
	at org.openqa.selenium.remote.RemoteWebDriver.execute(RemoteWebDriver.java:552)
	at com.kms.katalon.selenium.driver.CChromeDriver.execute(CChromeDriver.java:19)
	at org.openqa.selenium.remote.RemoteWebElement.execute(RemoteWebElement.java:285)
	at org.openqa.selenium.remote.RemoteWebElement.click(RemoteWebElement.java:84)
	at org.openqa.selenium.support.events.EventFiringWebDriver$EventFiringWebElement.lambda$new$0(EventFiringWebDriver.java:404)
	at com.sun.proxy.$Proxy9.click(Unknown Source)
	at org.openqa.selenium.support.events.EventFiringWebDriver$EventFiringWebElement.click(EventFiringWebDriver.java:417)
	at com.kms.katalon.core.webui.keyword.builtin.ClickKeyword$_click_closure1.doCall(ClickKeyword.groovy:69)
	at com.kms.katalon.core.webui.keyword.builtin.ClickKeyword$_click_closure1.call(ClickKeyword.groovy)
	at com.kms.katalon.core.webui.keyword.internal.WebUIKeywordMain.runKeyword(WebUIKeywordMain.groovy:20)
	at com.kms.katalon.core.webui.keyword.builtin.ClickKeyword.click(ClickKeyword.groovy:76)
	at com.kms.katalon.core.webui.keyword.builtin.ClickKeyword.execute(ClickKeyword.groovy:43)
	at com.kms.katalon.core.keyword.internal.KeywordExecutor.executeKeywordForPlatform(KeywordExecutor.groovy:73)
	at com.kms.katalon.core.webui.keyword.WebUiBuiltInKeywords.click(WebUiBuiltInKeywords.groovy:616)
	at com.kms.katalon.core.webui.keyword.WebUiBuiltInKeywords$click$1.call(Unknown Source)
	at Script1599149155505.run(Script1599149155505.groovy:24)
	... 13 more
)

2020-09-28 17:17:35 - [MESSAGE][FAILED] - Unable to click on object 'Object Repository/Page_Home  GRiD/a_CAC  GEOAxIS Login' (Root cause: com.kms.katalon.core.exception.StepFailedException: Unable to click on object 'Object Repository/Page_Home  GRiD/a_CAC  GEOAxIS Login'
	at com.kms.katalon.core.webui.keyword.internal.WebUIKeywordMain.stepFailed(WebUIKeywordMain.groovy:64)
	at com.kms.katalon.core.webui.keyword.internal.WebUIKeywordMain.runKeyword(WebUIKeywordMain.groovy:26)
	at com.kms.katalon.core.webui.keyword.builtin.ClickKeyword.click(ClickKeyword.groovy:76)
	at com.kms.katalon.core.webui.keyword.builtin.ClickKeyword.execute(ClickKeyword.groovy:43)
	at com.kms.katalon.core.keyword.internal.KeywordExecutor.executeKeywordForPlatform(KeywordExecutor.groovy:73)
	at com.kms.katalon.core.webui.keyword.WebUiBuiltInKeywords.click(WebUiBuiltInKeywords.groovy:616)
	at com.kms.katalon.core.webui.keyword.WebUiBuiltInKeywords$click$1.call(Unknown Source)
	at FG3D Test - Stragetic.run(FG3D Test - Stragetic:24)
	at com.kms.katalon.core.main.ScriptEngine.run(ScriptEngine.java:194)
	at com.kms.katalon.core.main.ScriptEngine.runScriptAsRawText(ScriptEngine.java:119)
	at com.kms.katalon.core.main.TestCaseExecutor.runScript(TestCaseExecutor.java:339)
	at com.kms.katalon.core.main.TestCaseExecutor.doExecute(TestCaseExecutor.java:330)
	at com.kms.katalon.core.main.TestCaseExecutor.processExecutionPhase(TestCaseExecutor.java:309)
	at com.kms.katalon.core.main.TestCaseExecutor.accessMainPhase(TestCaseExecutor.java:301)
	at com.kms.katalon.core.main.TestCaseExecutor.execute(TestCaseExecutor.java:235)
	at com.kms.katalon.core.main.TestSuiteExecutor.accessTestCaseMainPhase(TestSuiteExecutor.java:191)
	at com.kms.katalon.core.main.TestSuiteExecutor.accessTestSuiteMainPhase(TestSuiteExecutor.java:141)
	at com.kms.katalon.core.main.TestSuiteExecutor.execute(TestSuiteExecutor.java:90)
	at com.kms.katalon.core.main.TestCaseMain.startTestSuite(TestCaseMain.java:157)
	at com.kms.katalon.core.main.TestCaseMain$startTestSuite$0.call(Unknown Source)
	at TempTestSuite1601324593621.run(TempTestSuite1601324593621.groovy:39)
Caused by: org.openqa.selenium.TimeoutException: timeout: Timed out receiving message from renderer: 300.000
  (Session info: chrome=85.0.4183.121)
Build info: version: '3.141.59', revision: 'e82be7d358', time: '2018-11-14T08:25:53'
System info: host: 'c02yj0qyjgh7.lan', ip: 'fe80:0:0:0:8e5:6086:d883:e3f8%en0', os.name: 'Mac OS X', os.arch: 'x86_64', os.version: '10.15.6', java.version: '1.8.0_181'
Driver info: com.kms.katalon.selenium.driver.CChromeDriver
Capabilities {acceptInsecureCerts: false, browserName: chrome, browserVersion: 85.0.4183.121, chrome: {chromedriverVersion: 85.0.4183.87 (cd6713ebf92fa..., userDataDir: /var/folders/mk/mm0g76rn3_g...}, goog:chromeOptions: {debuggerAddress: localhost:52629}, javascriptEnabled: true, networkConnectionEnabled: false, pageLoadStrategy: normal, platform: MAC, platformName: MAC, proxy: Proxy(), setWindowRect: true, strictFileInteractability: false, timeouts: {implicit: 0, pageLoad: 300000, script: 30000}, unhandledPromptBehavior: dismiss and notify, webauthn:virtualAuthenticators: true}
Session ID: cfb6e734f4b5580f98d65473b074ff29
	at org.openqa.selenium.remote.http.W3CHttpResponseCodec.createException(W3CHttpResponseCodec.java:187)
	at org.openqa.selenium.remote.http.W3CHttpResponseCodec.decode(W3CHttpResponseCodec.java:122)
	at org.openqa.selenium.remote.http.W3CHttpResponseCodec.decode(W3CHttpResponseCodec.java:49)
	at org.openqa.selenium.remote.HttpCommandExecutor.execute(HttpCommandExecutor.java:158)
	at org.openqa.selenium.remote.service.DriverCommandExecutor.execute(DriverCommandExecutor.java:83)
	at org.openqa.selenium.remote.RemoteWebDriver.execute(RemoteWebDriver.java:552)
	at com.kms.katalon.selenium.driver.CChromeDriver.execute(CChromeDriver.java:19)
	at org.openqa.selenium.remote.RemoteWebElement.execute(RemoteWebElement.java:285)
	at org.openqa.selenium.remote.RemoteWebElement.click(RemoteWebElement.java:84)
	at org.openqa.selenium.support.events.EventFiringWebDriver$EventFiringWebElement.lambda$new$0(EventFiringWebDriver.java:404)
	at com.sun.proxy.$Proxy9.click(Unknown Source)
	at org.openqa.selenium.support.events.EventFiringWebDriver$EventFiringWebElement.click(EventFiringWebDriver.java:417)
	at com.kms.katalon.core.webui.keyword.builtin.ClickKeyword$_click_closure1.doCall(ClickKeyword.groovy:69)
	at com.kms.katalon.core.webui.keyword.builtin.ClickKeyword$_click_closure1.call(ClickKeyword.groovy)
	at com.kms.katalon.core.webui.keyword.internal.WebUIKeywordMain.runKeyword(WebUIKeywordMain.groovy:20)
	at com.kms.katalon.core.webui.keyword.builtin.ClickKeyword.click(ClickKeyword.groovy:76)
	at com.kms.katalon.core.webui.keyword.builtin.ClickKeyword.execute(ClickKeyword.groovy:43)
	at com.kms.katalon.core.keyword.internal.KeywordExecutor.executeKeywordForPlatform(KeywordExecutor.groovy:73)
	at com.kms.katalon.core.webui.keyword.WebUiBuiltInKeywords.click(WebUiBuiltInKeywords.groovy:616)
	at com.kms.katalon.core.webui.keyword.WebUiBuiltInKeywords$click$1.call(Unknown Source)
	at Script1599149155505.run(Script1599149155505.groovy:24)
	... 13 more
)
[[ATTACHMENT|/Users/bhavikpatel/Downloads/Projects/CRREL/GRiD/Automation Testing/Automation Testing Project/KatalonTesting/Reports/20200928_162313/GRiD FG3D/20200928_162313/1601327854682.png]]]]></system-out>
         <system-err><![CDATA[2020-09-28 17:12:27 - [TEST_CASE][FAILED] - Test Cases/FG3D/FG3D Test - Stragetic: Test Cases/FG3D/FG3D Test - Stragetic FAILED.
Reason:
com.kms.katalon.core.exception.StepFailedException: Unable to click on object 'Object Repository/Page_Home  GRiD/a_CAC  GEOAxIS Login'
	at com.kms.katalon.core.webui.keyword.internal.WebUIKeywordMain.stepFailed(WebUIKeywordMain.groovy:64)
	at com.kms.katalon.core.webui.keyword.internal.WebUIKeywordMain.runKeyword(WebUIKeywordMain.groovy:26)
	at com.kms.katalon.core.webui.keyword.builtin.ClickKeyword.click(ClickKeyword.groovy:76)
	at com.kms.katalon.core.webui.keyword.builtin.ClickKeyword.execute(ClickKeyword.groovy:43)
	at com.kms.katalon.core.keyword.internal.KeywordExecutor.executeKeywordForPlatform(KeywordExecutor.groovy:73)
	at com.kms.katalon.core.webui.keyword.WebUiBuiltInKeywords.click(WebUiBuiltInKeywords.groovy:616)
	at com.kms.katalon.core.webui.keyword.WebUiBuiltInKeywords$click$1.call(Unknown Source)
	at FG3D Test - Stragetic.run(FG3D Test - Stragetic:24)
	at com.kms.katalon.core.main.ScriptEngine.run(ScriptEngine.java:194)
	at com.kms.katalon.core.main.ScriptEngine.runScriptAsRawText(ScriptEngine.java:119)
	at com.kms.katalon.core.main.TestCaseExecutor.runScript(TestCaseExecutor.java:339)
	at com.kms.katalon.core.main.TestCaseExecutor.doExecute(TestCaseExecutor.java:330)
	at com.kms.katalon.core.main.TestCaseExecutor.processExecutionPhase(TestCaseExecutor.java:309)
	at com.kms.katalon.core.main.TestCaseExecutor.accessMainPhase(TestCaseExecutor.java:301)
	at com.kms.katalon.core.main.TestCaseExecutor.execute(TestCaseExecutor.java:235)
	at com.kms.katalon.core.main.TestSuiteExecutor.accessTestCaseMainPhase(TestSuiteExecutor.java:191)
	at com.kms.katalon.core.main.TestSuiteExecutor.accessTestSuiteMainPhase(TestSuiteExecutor.java:141)
	at com.kms.katalon.core.main.TestSuiteExecutor.execute(TestSuiteExecutor.java:90)
	at com.kms.katalon.core.main.TestCaseMain.startTestSuite(TestCaseMain.java:157)
	at com.kms.katalon.core.main.TestCaseMain$startTestSuite$0.call(Unknown Source)
	at TempTestSuite1601324593621.run(TempTestSuite1601324593621.groovy:39)
Caused by: org.openqa.selenium.TimeoutException: timeout: Timed out receiving message from renderer: 300.000
  (Session info: chrome=85.0.4183.121)
Build info: version: '3.141.59', revision: 'e82be7d358', time: '2018-11-14T08:25:53'
System info: host: 'c02yj0qyjgh7.lan', ip: 'fe80:0:0:0:8e5:6086:d883:e3f8%en0', os.name: 'Mac OS X', os.arch: 'x86_64', os.version: '10.15.6', java.version: '1.8.0_181'
Driver info: com.kms.katalon.selenium.driver.CChromeDriver
Capabilities {acceptInsecureCerts: false, browserName: chrome, browserVersion: 85.0.4183.121, chrome: {chromedriverVersion: 85.0.4183.87 (cd6713ebf92fa..., userDataDir: /var/folders/mk/mm0g76rn3_g...}, goog:chromeOptions: {debuggerAddress: localhost:52629}, javascriptEnabled: true, networkConnectionEnabled: false, pageLoadStrategy: normal, platform: MAC, platformName: MAC, proxy: Proxy(), setWindowRect: true, strictFileInteractability: false, timeouts: {implicit: 0, pageLoad: 300000, script: 30000}, unhandledPromptBehavior: dismiss and notify, webauthn:virtualAuthenticators: true}
Session ID: cfb6e734f4b5580f98d65473b074ff29
	at org.openqa.selenium.remote.http.W3CHttpResponseCodec.createException(W3CHttpResponseCodec.java:187)
	at org.openqa.selenium.remote.http.W3CHttpResponseCodec.decode(W3CHttpResponseCodec.java:122)
	at org.openqa.selenium.remote.http.W3CHttpResponseCodec.decode(W3CHttpResponseCodec.java:49)
	at org.openqa.selenium.remote.HttpCommandExecutor.execute(HttpCommandExecutor.java:158)
	at org.openqa.selenium.remote.service.DriverCommandExecutor.execute(DriverCommandExecutor.java:83)
	at org.openqa.selenium.remote.RemoteWebDriver.execute(RemoteWebDriver.java:552)
	at com.kms.katalon.selenium.driver.CChromeDriver.execute(CChromeDriver.java:19)
	at org.openqa.selenium.remote.RemoteWebElement.execute(RemoteWebElement.java:285)
	at org.openqa.selenium.remote.RemoteWebElement.click(RemoteWebElement.java:84)
	at org.openqa.selenium.support.events.EventFiringWebDriver$EventFiringWebElement.lambda$new$0(EventFiringWebDriver.java:404)
	at com.sun.proxy.$Proxy9.click(Unknown Source)
	at org.openqa.selenium.support.events.EventFiringWebDriver$EventFiringWebElement.click(EventFiringWebDriver.java:417)
	at com.kms.katalon.core.webui.keyword.builtin.ClickKeyword$_click_closure1.doCall(ClickKeyword.groovy:69)
	at com.kms.katalon.core.webui.keyword.builtin.ClickKeyword$_click_closure1.call(ClickKeyword.groovy)
	at com.kms.katalon.core.webui.keyword.internal.WebUIKeywordMain.runKeyword(WebUIKeywordMain.groovy:20)
	... 19 more]]></system-err>
      </testcase>
      <testcase name="Test Cases/FG3D/FG3D Test - Stragetic" time="304.478" classname="Test Cases/FG3D/FG3D Test - Stragetic" status="FAILED">
         <failure type="FAILED" message="Test Cases/FG3D/FG3D Test - Stragetic FAILED.
Reason:
com.kms.katalon.core.exception.StepFailedException: Unable to click on object 'Object Repository/Page_Home  GRiD/a_CAC  GEOAxIS Login'
	at com.kms.katalon.core.webui.keyword.internal.WebUIKeywordMain.stepFailed(WebUIKeywordMain.groovy:64)
	at com.kms.katalon.core.webui.keyword.internal.WebUIKeywordMain.runKeyword(WebUIKeywordMain.groovy:26)
	at com.kms.katalon.core.webui.keyword.builtin.ClickKeyword.click(ClickKeyword.groovy:76)
	at com.kms.katalon.core.webui.keyword.builtin.ClickKeyword.execute(ClickKeyword.groovy:43)
	at com.kms.katalon.core.keyword.internal.KeywordExecutor.executeKeywordForPlatform(KeywordExecutor.groovy:73)
	at com.kms.katalon.core.webui.keyword.WebUiBuiltInKeywords.click(WebUiBuiltInKeywords.groovy:616)
	at com.kms.katalon.core.webui.keyword.WebUiBuiltInKeywords$click$1.call(Unknown Source)
	at FG3D Test - Stragetic.run(FG3D Test - Stragetic:24)
	at com.kms.katalon.core.main.ScriptEngine.run(ScriptEngine.java:194)
	at com.kms.katalon.core.main.ScriptEngine.runScriptAsRawText(ScriptEngine.java:119)
	at com.kms.katalon.core.main.TestCaseExecutor.runScript(TestCaseExecutor.java:339)
	at com.kms.katalon.core.main.TestCaseExecutor.doExecute(TestCaseExecutor.java:330)
	at com.kms.katalon.core.main.TestCaseExecutor.processExecutionPhase(TestCaseExecutor.java:309)
	at com.kms.katalon.core.main.TestCaseExecutor.accessMainPhase(TestCaseExecutor.java:301)
	at com.kms.katalon.core.main.TestCaseExecutor.execute(TestCaseExecutor.java:235)
	at com.kms.katalon.core.main.TestSuiteExecutor.accessTestCaseMainPhase(TestSuiteExecutor.java:191)
	at com.kms.katalon.core.main.TestSuiteExecutor.accessTestSuiteMainPhase(TestSuiteExecutor.java:141)
	at com.kms.katalon.core.main.TestSuiteExecutor.execute(TestSuiteExecutor.java:90)
	at com.kms.katalon.core.main.TestCaseMain.startTestSuite(TestCaseMain.java:157)
	at com.kms.katalon.core.main.TestCaseMain$startTestSuite$0.call(Unknown Source)
	at TempTestSuite1601324593621.run(TempTestSuite1601324593621.groovy:39)
Caused by: org.openqa.selenium.TimeoutException: timeout: Timed out receiving message from renderer: 300.000
  (Session info: chrome=85.0.4183.121)
Build info: version: '3.141.59', revision: 'e82be7d358', time: '2018-11-14T08:25:53'
System info: host: 'c02yj0qyjgh7.lan', ip: 'fe80:0:0:0:8e5:6086:d883:e3f8%en0', os.name: 'Mac OS X', os.arch: 'x86_64', os.version: '10.15.6', java.version: '1.8.0_181'
Driver info: com.kms.katalon.selenium.driver.CChromeDriver
Capabilities {acceptInsecureCerts: false, browserName: chrome, browserVersion: 85.0.4183.121, chrome: {chromedriverVersion: 85.0.4183.87 (cd6713ebf92fa..., userDataDir: /var/folders/mk/mm0g76rn3_g...}, goog:chromeOptions: {debuggerAddress: localhost:52781}, javascriptEnabled: true, networkConnectionEnabled: false, pageLoadStrategy: normal, platform: MAC, platformName: MAC, proxy: Proxy(), setWindowRect: true, strictFileInteractability: false, timeouts: {implicit: 0, pageLoad: 300000, script: 30000}, unhandledPromptBehavior: dismiss and notify, webauthn:virtualAuthenticators: true}
Session ID: 30d5f6a9267acd174d029d1880fd1e8d
	at org.openqa.selenium.remote.http.W3CHttpResponseCodec.createException(W3CHttpResponseCodec.java:187)
	at org.openqa.selenium.remote.http.W3CHttpResponseCodec.decode(W3CHttpResponseCodec.java:122)
	at org.openqa.selenium.remote.http.W3CHttpResponseCodec.decode(W3CHttpResponseCodec.java:49)
	at org.openqa.selenium.remote.HttpCommandExecutor.execute(HttpCommandExecutor.java:158)
	at org.openqa.selenium.remote.service.DriverCommandExecutor.execute(DriverCommandExecutor.java:83)
	at org.openqa.selenium.remote.RemoteWebDriver.execute(RemoteWebDriver.java:552)
	at com.kms.katalon.selenium.driver.CChromeDriver.execute(CChromeDriver.java:19)
	at org.openqa.selenium.remote.RemoteWebElement.execute(RemoteWebElement.java:285)
	at org.openqa.selenium.remote.RemoteWebElement.click(RemoteWebElement.java:84)
	at org.openqa.selenium.support.events.EventFiringWebDriver$EventFiringWebElement.lambda$new$0(EventFiringWebDriver.java:404)
	at com.sun.proxy.$Proxy9.click(Unknown Source)
	at org.openqa.selenium.support.events.EventFiringWebDriver$EventFiringWebElement.click(EventFiringWebDriver.java:417)
	at com.kms.katalon.core.webui.keyword.builtin.ClickKeyword$_click_closure1.doCall(ClickKeyword.groovy:69)
	at com.kms.katalon.core.webui.keyword.builtin.ClickKeyword$_click_closure1.call(ClickKeyword.groovy)
	at com.kms.katalon.core.webui.keyword.internal.WebUIKeywordMain.runKeyword(WebUIKeywordMain.groovy:20)
	... 19 more
"/>
         <system-out><![CDATA[2020-09-28 17:17:35 - [TEST_CASE][FAILED] - Test Cases/FG3D/FG3D Test - Stragetic: Test Cases/FG3D/FG3D Test - Stragetic FAILED.
Reason:
com.kms.katalon.core.exception.StepFailedException: Unable to click on object 'Object Repository/Page_Home  GRiD/a_CAC  GEOAxIS Login'
	at com.kms.katalon.core.webui.keyword.internal.WebUIKeywordMain.stepFailed(WebUIKeywordMain.groovy:64)
	at com.kms.katalon.core.webui.keyword.internal.WebUIKeywordMain.runKeyword(WebUIKeywordMain.groovy:26)
	at com.kms.katalon.core.webui.keyword.builtin.ClickKeyword.click(ClickKeyword.groovy:76)
	at com.kms.katalon.core.webui.keyword.builtin.ClickKeyword.execute(ClickKeyword.groovy:43)
	at com.kms.katalon.core.keyword.internal.KeywordExecutor.executeKeywordForPlatform(KeywordExecutor.groovy:73)
	at com.kms.katalon.core.webui.keyword.WebUiBuiltInKeywords.click(WebUiBuiltInKeywords.groovy:616)
	at com.kms.katalon.core.webui.keyword.WebUiBuiltInKeywords$click$1.call(Unknown Source)
	at FG3D Test - Stragetic.run(FG3D Test - Stragetic:24)
	at com.kms.katalon.core.main.ScriptEngine.run(ScriptEngine.java:194)
	at com.kms.katalon.core.main.ScriptEngine.runScriptAsRawText(ScriptEngine.java:119)
	at com.kms.katalon.core.main.TestCaseExecutor.runScript(TestCaseExecutor.java:339)
	at com.kms.katalon.core.main.TestCaseExecutor.doExecute(TestCaseExecutor.java:330)
	at com.kms.katalon.core.main.TestCaseExecutor.processExecutionPhase(TestCaseExecutor.java:309)
	at com.kms.katalon.core.main.TestCaseExecutor.accessMainPhase(TestCaseExecutor.java:301)
	at com.kms.katalon.core.main.TestCaseExecutor.execute(TestCaseExecutor.java:235)
	at com.kms.katalon.core.main.TestSuiteExecutor.accessTestCaseMainPhase(TestSuiteExecutor.java:191)
	at com.kms.katalon.core.main.TestSuiteExecutor.accessTestSuiteMainPhase(TestSuiteExecutor.java:141)
	at com.kms.katalon.core.main.TestSuiteExecutor.execute(TestSuiteExecutor.java:90)
	at com.kms.katalon.core.main.TestCaseMain.startTestSuite(TestCaseMain.java:157)
	at com.kms.katalon.core.main.TestCaseMain$startTestSuite$0.call(Unknown Source)
	at TempTestSuite1601324593621.run(TempTestSuite1601324593621.groovy:39)
Caused by: org.openqa.selenium.TimeoutException: timeout: Timed out receiving message from renderer: 300.000
  (Session info: chrome=85.0.4183.121)
Build info: version: '3.141.59', revision: 'e82be7d358', time: '2018-11-14T08:25:53'
System info: host: 'c02yj0qyjgh7.lan', ip: 'fe80:0:0:0:8e5:6086:d883:e3f8%en0', os.name: 'Mac OS X', os.arch: 'x86_64', os.version: '10.15.6', java.version: '1.8.0_181'
Driver info: com.kms.katalon.selenium.driver.CChromeDriver
Capabilities {acceptInsecureCerts: false, browserName: chrome, browserVersion: 85.0.4183.121, chrome: {chromedriverVersion: 85.0.4183.87 (cd6713ebf92fa..., userDataDir: /var/folders/mk/mm0g76rn3_g...}, goog:chromeOptions: {debuggerAddress: localhost:52781}, javascriptEnabled: true, networkConnectionEnabled: false, pageLoadStrategy: normal, platform: MAC, platformName: MAC, proxy: Proxy(), setWindowRect: true, strictFileInteractability: false, timeouts: {implicit: 0, pageLoad: 300000, script: 30000}, unhandledPromptBehavior: dismiss and notify, webauthn:virtualAuthenticators: true}
Session ID: 30d5f6a9267acd174d029d1880fd1e8d
	at org.openqa.selenium.remote.http.W3CHttpResponseCodec.createException(W3CHttpResponseCodec.java:187)
	at org.openqa.selenium.remote.http.W3CHttpResponseCodec.decode(W3CHttpResponseCodec.java:122)
	at org.openqa.selenium.remote.http.W3CHttpResponseCodec.decode(W3CHttpResponseCodec.java:49)
	at org.openqa.selenium.remote.HttpCommandExecutor.execute(HttpCommandExecutor.java:158)
	at org.openqa.selenium.remote.service.DriverCommandExecutor.execute(DriverCommandExecutor.java:83)
	at org.openqa.selenium.remote.RemoteWebDriver.execute(RemoteWebDriver.java:552)
	at com.kms.katalon.selenium.driver.CChromeDriver.execute(CChromeDriver.java:19)
	at org.openqa.selenium.remote.RemoteWebElement.execute(RemoteWebElement.java:285)
	at org.openqa.selenium.remote.RemoteWebElement.click(RemoteWebElement.java:84)
	at org.openqa.selenium.support.events.EventFiringWebDriver$EventFiringWebElement.lambda$new$0(EventFiringWebDriver.java:404)
	at com.sun.proxy.$Proxy9.click(Unknown Source)
	at org.openqa.selenium.support.events.EventFiringWebDriver$EventFiringWebElement.click(EventFiringWebDriver.java:417)
	at com.kms.katalon.core.webui.keyword.builtin.ClickKeyword$_click_closure1.doCall(ClickKeyword.groovy:69)
	at com.kms.katalon.core.webui.keyword.builtin.ClickKeyword$_click_closure1.call(ClickKeyword.groovy)
	at com.kms.katalon.core.webui.keyword.internal.WebUIKeywordMain.runKeyword(WebUIKeywordMain.groovy:20)
	... 19 more


2020-09-28 17:17:35 - [TEST_STEP][PASSED] - openBrowser(""): Browser is opened with url: ''

2020-09-28 17:17:35 - [MESSAGE][WARNING] - A browser is already opened. Closing browser and opening a new one

2020-09-28 17:17:35 - [MESSAGE][INFO] - Starting 'Chrome' driver

2020-09-28 17:17:35 - [MESSAGE][INFO] - Action delay is set to 0 milliseconds

2020-09-28 17:17:36 - [MESSAGE][PASSED] - Browser is opened with url: ''

2020-09-28 17:17:36 - [TEST_STEP][PASSED] - navigateToUrl("https://grid.nga.mil/testgrid/"): Navigate to 'https://grid.nga.mil/testgrid/' successfully

2020-09-28 17:17:38 - [MESSAGE][PASSED] - Navigate to 'https://grid.nga.mil/testgrid/' successfully

2020-09-28 17:17:38 - [TEST_STEP][FAILED] - click(findTestObject("Page_Home  GRiD/a_CAC  GEOAxIS Login")): Unable to click on object 'Object Repository/Page_Home  GRiD/a_CAC  GEOAxIS Login' (Root cause: com.kms.katalon.core.exception.StepFailedException: Unable to click on object 'Object Repository/Page_Home  GRiD/a_CAC  GEOAxIS Login'
	at com.kms.katalon.core.webui.keyword.internal.WebUIKeywordMain.stepFailed(WebUIKeywordMain.groovy:64)
	at com.kms.katalon.core.webui.keyword.internal.WebUIKeywordMain.runKeyword(WebUIKeywordMain.groovy:26)
	at com.kms.katalon.core.webui.keyword.builtin.ClickKeyword.click(ClickKeyword.groovy:76)
	at com.kms.katalon.core.webui.keyword.builtin.ClickKeyword.execute(ClickKeyword.groovy:43)
	at com.kms.katalon.core.keyword.internal.KeywordExecutor.executeKeywordForPlatform(KeywordExecutor.groovy:73)
	at com.kms.katalon.core.webui.keyword.WebUiBuiltInKeywords.click(WebUiBuiltInKeywords.groovy:616)
	at com.kms.katalon.core.webui.keyword.WebUiBuiltInKeywords$click$1.call(Unknown Source)
	at FG3D Test - Stragetic.run(FG3D Test - Stragetic:24)
	at com.kms.katalon.core.main.ScriptEngine.run(ScriptEngine.java:194)
	at com.kms.katalon.core.main.ScriptEngine.runScriptAsRawText(ScriptEngine.java:119)
	at com.kms.katalon.core.main.TestCaseExecutor.runScript(TestCaseExecutor.java:339)
	at com.kms.katalon.core.main.TestCaseExecutor.doExecute(TestCaseExecutor.java:330)
	at com.kms.katalon.core.main.TestCaseExecutor.processExecutionPhase(TestCaseExecutor.java:309)
	at com.kms.katalon.core.main.TestCaseExecutor.accessMainPhase(TestCaseExecutor.java:301)
	at com.kms.katalon.core.main.TestCaseExecutor.execute(TestCaseExecutor.java:235)
	at com.kms.katalon.core.main.TestSuiteExecutor.accessTestCaseMainPhase(TestSuiteExecutor.java:191)
	at com.kms.katalon.core.main.TestSuiteExecutor.accessTestSuiteMainPhase(TestSuiteExecutor.java:141)
	at com.kms.katalon.core.main.TestSuiteExecutor.execute(TestSuiteExecutor.java:90)
	at com.kms.katalon.core.main.TestCaseMain.startTestSuite(TestCaseMain.java:157)
	at com.kms.katalon.core.main.TestCaseMain$startTestSuite$0.call(Unknown Source)
	at TempTestSuite1601324593621.run(TempTestSuite1601324593621.groovy:39)
Caused by: org.openqa.selenium.TimeoutException: timeout: Timed out receiving message from renderer: 300.000
  (Session info: chrome=85.0.4183.121)
Build info: version: '3.141.59', revision: 'e82be7d358', time: '2018-11-14T08:25:53'
System info: host: 'c02yj0qyjgh7.lan', ip: 'fe80:0:0:0:8e5:6086:d883:e3f8%en0', os.name: 'Mac OS X', os.arch: 'x86_64', os.version: '10.15.6', java.version: '1.8.0_181'
Driver info: com.kms.katalon.selenium.driver.CChromeDriver
Capabilities {acceptInsecureCerts: false, browserName: chrome, browserVersion: 85.0.4183.121, chrome: {chromedriverVersion: 85.0.4183.87 (cd6713ebf92fa..., userDataDir: /var/folders/mk/mm0g76rn3_g...}, goog:chromeOptions: {debuggerAddress: localhost:52781}, javascriptEnabled: true, networkConnectionEnabled: false, pageLoadStrategy: normal, platform: MAC, platformName: MAC, proxy: Proxy(), setWindowRect: true, strictFileInteractability: false, timeouts: {implicit: 0, pageLoad: 300000, script: 30000}, unhandledPromptBehavior: dismiss and notify, webauthn:virtualAuthenticators: true}
Session ID: 30d5f6a9267acd174d029d1880fd1e8d
	at org.openqa.selenium.remote.http.W3CHttpResponseCodec.createException(W3CHttpResponseCodec.java:187)
	at org.openqa.selenium.remote.http.W3CHttpResponseCodec.decode(W3CHttpResponseCodec.java:122)
	at org.openqa.selenium.remote.http.W3CHttpResponseCodec.decode(W3CHttpResponseCodec.java:49)
	at org.openqa.selenium.remote.HttpCommandExecutor.execute(HttpCommandExecutor.java:158)
	at org.openqa.selenium.remote.service.DriverCommandExecutor.execute(DriverCommandExecutor.java:83)
	at org.openqa.selenium.remote.RemoteWebDriver.execute(RemoteWebDriver.java:552)
	at com.kms.katalon.selenium.driver.CChromeDriver.execute(CChromeDriver.java:19)
	at org.openqa.selenium.remote.RemoteWebElement.execute(RemoteWebElement.java:285)
	at org.openqa.selenium.remote.RemoteWebElement.click(RemoteWebElement.java:84)
	at org.openqa.selenium.support.events.EventFiringWebDriver$EventFiringWebElement.lambda$new$0(EventFiringWebDriver.java:404)
	at com.sun.proxy.$Proxy9.click(Unknown Source)
	at org.openqa.selenium.support.events.EventFiringWebDriver$EventFiringWebElement.click(EventFiringWebDriver.java:417)
	at com.kms.katalon.core.webui.keyword.builtin.ClickKeyword$_click_closure1.doCall(ClickKeyword.groovy:69)
	at com.kms.katalon.core.webui.keyword.builtin.ClickKeyword$_click_closure1.call(ClickKeyword.groovy)
	at com.kms.katalon.core.webui.keyword.internal.WebUIKeywordMain.runKeyword(WebUIKeywordMain.groovy:20)
	at com.kms.katalon.core.webui.keyword.builtin.ClickKeyword.click(ClickKeyword.groovy:76)
	at com.kms.katalon.core.webui.keyword.builtin.ClickKeyword.execute(ClickKeyword.groovy:43)
	at com.kms.katalon.core.keyword.internal.KeywordExecutor.executeKeywordForPlatform(KeywordExecutor.groovy:73)
	at com.kms.katalon.core.webui.keyword.WebUiBuiltInKeywords.click(WebUiBuiltInKeywords.groovy:616)
	at com.kms.katalon.core.webui.keyword.WebUiBuiltInKeywords$click$1.call(Unknown Source)
	at Script1599149155505.run(Script1599149155505.groovy:24)
	... 13 more
)

2020-09-28 17:22:40 - [MESSAGE][FAILED] - Unable to click on object 'Object Repository/Page_Home  GRiD/a_CAC  GEOAxIS Login' (Root cause: com.kms.katalon.core.exception.StepFailedException: Unable to click on object 'Object Repository/Page_Home  GRiD/a_CAC  GEOAxIS Login'
	at com.kms.katalon.core.webui.keyword.internal.WebUIKeywordMain.stepFailed(WebUIKeywordMain.groovy:64)
	at com.kms.katalon.core.webui.keyword.internal.WebUIKeywordMain.runKeyword(WebUIKeywordMain.groovy:26)
	at com.kms.katalon.core.webui.keyword.builtin.ClickKeyword.click(ClickKeyword.groovy:76)
	at com.kms.katalon.core.webui.keyword.builtin.ClickKeyword.execute(ClickKeyword.groovy:43)
	at com.kms.katalon.core.keyword.internal.KeywordExecutor.executeKeywordForPlatform(KeywordExecutor.groovy:73)
	at com.kms.katalon.core.webui.keyword.WebUiBuiltInKeywords.click(WebUiBuiltInKeywords.groovy:616)
	at com.kms.katalon.core.webui.keyword.WebUiBuiltInKeywords$click$1.call(Unknown Source)
	at FG3D Test - Stragetic.run(FG3D Test - Stragetic:24)
	at com.kms.katalon.core.main.ScriptEngine.run(ScriptEngine.java:194)
	at com.kms.katalon.core.main.ScriptEngine.runScriptAsRawText(ScriptEngine.java:119)
	at com.kms.katalon.core.main.TestCaseExecutor.runScript(TestCaseExecutor.java:339)
	at com.kms.katalon.core.main.TestCaseExecutor.doExecute(TestCaseExecutor.java:330)
	at com.kms.katalon.core.main.TestCaseExecutor.processExecutionPhase(TestCaseExecutor.java:309)
	at com.kms.katalon.core.main.TestCaseExecutor.accessMainPhase(TestCaseExecutor.java:301)
	at com.kms.katalon.core.main.TestCaseExecutor.execute(TestCaseExecutor.java:235)
	at com.kms.katalon.core.main.TestSuiteExecutor.accessTestCaseMainPhase(TestSuiteExecutor.java:191)
	at com.kms.katalon.core.main.TestSuiteExecutor.accessTestSuiteMainPhase(TestSuiteExecutor.java:141)
	at com.kms.katalon.core.main.TestSuiteExecutor.execute(TestSuiteExecutor.java:90)
	at com.kms.katalon.core.main.TestCaseMain.startTestSuite(TestCaseMain.java:157)
	at com.kms.katalon.core.main.TestCaseMain$startTestSuite$0.call(Unknown Source)
	at TempTestSuite1601324593621.run(TempTestSuite1601324593621.groovy:39)
Caused by: org.openqa.selenium.TimeoutException: timeout: Timed out receiving message from renderer: 300.000
  (Session info: chrome=85.0.4183.121)
Build info: version: '3.141.59', revision: 'e82be7d358', time: '2018-11-14T08:25:53'
System info: host: 'c02yj0qyjgh7.lan', ip: 'fe80:0:0:0:8e5:6086:d883:e3f8%en0', os.name: 'Mac OS X', os.arch: 'x86_64', os.version: '10.15.6', java.version: '1.8.0_181'
Driver info: com.kms.katalon.selenium.driver.CChromeDriver
Capabilities {acceptInsecureCerts: false, browserName: chrome, browserVersion: 85.0.4183.121, chrome: {chromedriverVersion: 85.0.4183.87 (cd6713ebf92fa..., userDataDir: /var/folders/mk/mm0g76rn3_g...}, goog:chromeOptions: {debuggerAddress: localhost:52781}, javascriptEnabled: true, networkConnectionEnabled: false, pageLoadStrategy: normal, platform: MAC, platformName: MAC, proxy: Proxy(), setWindowRect: true, strictFileInteractability: false, timeouts: {implicit: 0, pageLoad: 300000, script: 30000}, unhandledPromptBehavior: dismiss and notify, webauthn:virtualAuthenticators: true}
Session ID: 30d5f6a9267acd174d029d1880fd1e8d
	at org.openqa.selenium.remote.http.W3CHttpResponseCodec.createException(W3CHttpResponseCodec.java:187)
	at org.openqa.selenium.remote.http.W3CHttpResponseCodec.decode(W3CHttpResponseCodec.java:122)
	at org.openqa.selenium.remote.http.W3CHttpResponseCodec.decode(W3CHttpResponseCodec.java:49)
	at org.openqa.selenium.remote.HttpCommandExecutor.execute(HttpCommandExecutor.java:158)
	at org.openqa.selenium.remote.service.DriverCommandExecutor.execute(DriverCommandExecutor.java:83)
	at org.openqa.selenium.remote.RemoteWebDriver.execute(RemoteWebDriver.java:552)
	at com.kms.katalon.selenium.driver.CChromeDriver.execute(CChromeDriver.java:19)
	at org.openqa.selenium.remote.RemoteWebElement.execute(RemoteWebElement.java:285)
	at org.openqa.selenium.remote.RemoteWebElement.click(RemoteWebElement.java:84)
	at org.openqa.selenium.support.events.EventFiringWebDriver$EventFiringWebElement.lambda$new$0(EventFiringWebDriver.java:404)
	at com.sun.proxy.$Proxy9.click(Unknown Source)
	at org.openqa.selenium.support.events.EventFiringWebDriver$EventFiringWebElement.click(EventFiringWebDriver.java:417)
	at com.kms.katalon.core.webui.keyword.builtin.ClickKeyword$_click_closure1.doCall(ClickKeyword.groovy:69)
	at com.kms.katalon.core.webui.keyword.builtin.ClickKeyword$_click_closure1.call(ClickKeyword.groovy)
	at com.kms.katalon.core.webui.keyword.internal.WebUIKeywordMain.runKeyword(WebUIKeywordMain.groovy:20)
	at com.kms.katalon.core.webui.keyword.builtin.ClickKeyword.click(ClickKeyword.groovy:76)
	at com.kms.katalon.core.webui.keyword.builtin.ClickKeyword.execute(ClickKeyword.groovy:43)
	at com.kms.katalon.core.keyword.internal.KeywordExecutor.executeKeywordForPlatform(KeywordExecutor.groovy:73)
	at com.kms.katalon.core.webui.keyword.WebUiBuiltInKeywords.click(WebUiBuiltInKeywords.groovy:616)
	at com.kms.katalon.core.webui.keyword.WebUiBuiltInKeywords$click$1.call(Unknown Source)
	at Script1599149155505.run(Script1599149155505.groovy:24)
	... 13 more
)
[[ATTACHMENT|/Users/bhavikpatel/Downloads/Projects/CRREL/GRiD/Automation Testing/Automation Testing Project/KatalonTesting/Reports/20200928_162313/GRiD FG3D/20200928_162313/1601328159158.png]]]]></system-out>
         <system-err><![CDATA[2020-09-28 17:17:35 - [TEST_CASE][FAILED] - Test Cases/FG3D/FG3D Test - Stragetic: Test Cases/FG3D/FG3D Test - Stragetic FAILED.
Reason:
com.kms.katalon.core.exception.StepFailedException: Unable to click on object 'Object Repository/Page_Home  GRiD/a_CAC  GEOAxIS Login'
	at com.kms.katalon.core.webui.keyword.internal.WebUIKeywordMain.stepFailed(WebUIKeywordMain.groovy:64)
	at com.kms.katalon.core.webui.keyword.internal.WebUIKeywordMain.runKeyword(WebUIKeywordMain.groovy:26)
	at com.kms.katalon.core.webui.keyword.builtin.ClickKeyword.click(ClickKeyword.groovy:76)
	at com.kms.katalon.core.webui.keyword.builtin.ClickKeyword.execute(ClickKeyword.groovy:43)
	at com.kms.katalon.core.keyword.internal.KeywordExecutor.executeKeywordForPlatform(KeywordExecutor.groovy:73)
	at com.kms.katalon.core.webui.keyword.WebUiBuiltInKeywords.click(WebUiBuiltInKeywords.groovy:616)
	at com.kms.katalon.core.webui.keyword.WebUiBuiltInKeywords$click$1.call(Unknown Source)
	at FG3D Test - Stragetic.run(FG3D Test - Stragetic:24)
	at com.kms.katalon.core.main.ScriptEngine.run(ScriptEngine.java:194)
	at com.kms.katalon.core.main.ScriptEngine.runScriptAsRawText(ScriptEngine.java:119)
	at com.kms.katalon.core.main.TestCaseExecutor.runScript(TestCaseExecutor.java:339)
	at com.kms.katalon.core.main.TestCaseExecutor.doExecute(TestCaseExecutor.java:330)
	at com.kms.katalon.core.main.TestCaseExecutor.processExecutionPhase(TestCaseExecutor.java:309)
	at com.kms.katalon.core.main.TestCaseExecutor.accessMainPhase(TestCaseExecutor.java:301)
	at com.kms.katalon.core.main.TestCaseExecutor.execute(TestCaseExecutor.java:235)
	at com.kms.katalon.core.main.TestSuiteExecutor.accessTestCaseMainPhase(TestSuiteExecutor.java:191)
	at com.kms.katalon.core.main.TestSuiteExecutor.accessTestSuiteMainPhase(TestSuiteExecutor.java:141)
	at com.kms.katalon.core.main.TestSuiteExecutor.execute(TestSuiteExecutor.java:90)
	at com.kms.katalon.core.main.TestCaseMain.startTestSuite(TestCaseMain.java:157)
	at com.kms.katalon.core.main.TestCaseMain$startTestSuite$0.call(Unknown Source)
	at TempTestSuite1601324593621.run(TempTestSuite1601324593621.groovy:39)
Caused by: org.openqa.selenium.TimeoutException: timeout: Timed out receiving message from renderer: 300.000
  (Session info: chrome=85.0.4183.121)
Build info: version: '3.141.59', revision: 'e82be7d358', time: '2018-11-14T08:25:53'
System info: host: 'c02yj0qyjgh7.lan', ip: 'fe80:0:0:0:8e5:6086:d883:e3f8%en0', os.name: 'Mac OS X', os.arch: 'x86_64', os.version: '10.15.6', java.version: '1.8.0_181'
Driver info: com.kms.katalon.selenium.driver.CChromeDriver
Capabilities {acceptInsecureCerts: false, browserName: chrome, browserVersion: 85.0.4183.121, chrome: {chromedriverVersion: 85.0.4183.87 (cd6713ebf92fa..., userDataDir: /var/folders/mk/mm0g76rn3_g...}, goog:chromeOptions: {debuggerAddress: localhost:52781}, javascriptEnabled: true, networkConnectionEnabled: false, pageLoadStrategy: normal, platform: MAC, platformName: MAC, proxy: Proxy(), setWindowRect: true, strictFileInteractability: false, timeouts: {implicit: 0, pageLoad: 300000, script: 30000}, unhandledPromptBehavior: dismiss and notify, webauthn:virtualAuthenticators: true}
Session ID: 30d5f6a9267acd174d029d1880fd1e8d
	at org.openqa.selenium.remote.http.W3CHttpResponseCodec.createException(W3CHttpResponseCodec.java:187)
	at org.openqa.selenium.remote.http.W3CHttpResponseCodec.decode(W3CHttpResponseCodec.java:122)
	at org.openqa.selenium.remote.http.W3CHttpResponseCodec.decode(W3CHttpResponseCodec.java:49)
	at org.openqa.selenium.remote.HttpCommandExecutor.execute(HttpCommandExecutor.java:158)
	at org.openqa.selenium.remote.service.DriverCommandExecutor.execute(DriverCommandExecutor.java:83)
	at org.openqa.selenium.remote.RemoteWebDriver.execute(RemoteWebDriver.java:552)
	at com.kms.katalon.selenium.driver.CChromeDriver.execute(CChromeDriver.java:19)
	at org.openqa.selenium.remote.RemoteWebElement.execute(RemoteWebElement.java:285)
	at org.openqa.selenium.remote.RemoteWebElement.click(RemoteWebElement.java:84)
	at org.openqa.selenium.support.events.EventFiringWebDriver$EventFiringWebElement.lambda$new$0(EventFiringWebDriver.java:404)
	at com.sun.proxy.$Proxy9.click(Unknown Source)
	at org.openqa.selenium.support.events.EventFiringWebDriver$EventFiringWebElement.click(EventFiringWebDriver.java:417)
	at com.kms.katalon.core.webui.keyword.builtin.ClickKeyword$_click_closure1.doCall(ClickKeyword.groovy:69)
	at com.kms.katalon.core.webui.keyword.builtin.ClickKeyword$_click_closure1.call(ClickKeyword.groovy)
	at com.kms.katalon.core.webui.keyword.internal.WebUIKeywordMain.runKeyword(WebUIKeywordMain.groovy:20)
	... 19 more]]></system-err>
      </testcase>
      <testcase name="Test Cases/FG3D/FG3D Test - Stragetic" time="305.613" classname="Test Cases/FG3D/FG3D Test - Stragetic" status="FAILED">
         <failure type="FAILED" message="Test Cases/FG3D/FG3D Test - Stragetic FAILED.
Reason:
com.kms.katalon.core.exception.StepFailedException: Unable to click on object 'Object Repository/Page_Home  GRiD/a_CAC  GEOAxIS Login'
	at com.kms.katalon.core.webui.keyword.internal.WebUIKeywordMain.stepFailed(WebUIKeywordMain.groovy:64)
	at com.kms.katalon.core.webui.keyword.internal.WebUIKeywordMain.runKeyword(WebUIKeywordMain.groovy:26)
	at com.kms.katalon.core.webui.keyword.builtin.ClickKeyword.click(ClickKeyword.groovy:76)
	at com.kms.katalon.core.webui.keyword.builtin.ClickKeyword.execute(ClickKeyword.groovy:43)
	at com.kms.katalon.core.keyword.internal.KeywordExecutor.executeKeywordForPlatform(KeywordExecutor.groovy:73)
	at com.kms.katalon.core.webui.keyword.WebUiBuiltInKeywords.click(WebUiBuiltInKeywords.groovy:616)
	at com.kms.katalon.core.webui.keyword.WebUiBuiltInKeywords$click$1.call(Unknown Source)
	at FG3D Test - Stragetic.run(FG3D Test - Stragetic:24)
	at com.kms.katalon.core.main.ScriptEngine.run(ScriptEngine.java:194)
	at com.kms.katalon.core.main.ScriptEngine.runScriptAsRawText(ScriptEngine.java:119)
	at com.kms.katalon.core.main.TestCaseExecutor.runScript(TestCaseExecutor.java:339)
	at com.kms.katalon.core.main.TestCaseExecutor.doExecute(TestCaseExecutor.java:330)
	at com.kms.katalon.core.main.TestCaseExecutor.processExecutionPhase(TestCaseExecutor.java:309)
	at com.kms.katalon.core.main.TestCaseExecutor.accessMainPhase(TestCaseExecutor.java:301)
	at com.kms.katalon.core.main.TestCaseExecutor.execute(TestCaseExecutor.java:235)
	at com.kms.katalon.core.main.TestSuiteExecutor.accessTestCaseMainPhase(TestSuiteExecutor.java:191)
	at com.kms.katalon.core.main.TestSuiteExecutor.accessTestSuiteMainPhase(TestSuiteExecutor.java:141)
	at com.kms.katalon.core.main.TestSuiteExecutor.execute(TestSuiteExecutor.java:90)
	at com.kms.katalon.core.main.TestCaseMain.startTestSuite(TestCaseMain.java:157)
	at com.kms.katalon.core.main.TestCaseMain$startTestSuite$0.call(Unknown Source)
	at TempTestSuite1601324593621.run(TempTestSuite1601324593621.groovy:39)
Caused by: org.openqa.selenium.TimeoutException: timeout: Timed out receiving message from renderer: 300.000
  (Session info: chrome=85.0.4183.121)
Build info: version: '3.141.59', revision: 'e82be7d358', time: '2018-11-14T08:25:53'
System info: host: 'c02yj0qyjgh7.lan', ip: 'fe80:0:0:0:8e5:6086:d883:e3f8%en0', os.name: 'Mac OS X', os.arch: 'x86_64', os.version: '10.15.6', java.version: '1.8.0_181'
Driver info: com.kms.katalon.selenium.driver.CChromeDriver
Capabilities {acceptInsecureCerts: false, browserName: chrome, browserVersion: 85.0.4183.121, chrome: {chromedriverVersion: 85.0.4183.87 (cd6713ebf92fa..., userDataDir: /var/folders/mk/mm0g76rn3_g...}, goog:chromeOptions: {debuggerAddress: localhost:52936}, javascriptEnabled: true, networkConnectionEnabled: false, pageLoadStrategy: normal, platform: MAC, platformName: MAC, proxy: Proxy(), setWindowRect: true, strictFileInteractability: false, timeouts: {implicit: 0, pageLoad: 300000, script: 30000}, unhandledPromptBehavior: dismiss and notify, webauthn:virtualAuthenticators: true}
Session ID: eec1992d66a6197c9b1eac94d69130ff
	at org.openqa.selenium.remote.http.W3CHttpResponseCodec.createException(W3CHttpResponseCodec.java:187)
	at org.openqa.selenium.remote.http.W3CHttpResponseCodec.decode(W3CHttpResponseCodec.java:122)
	at org.openqa.selenium.remote.http.W3CHttpResponseCodec.decode(W3CHttpResponseCodec.java:49)
	at org.openqa.selenium.remote.HttpCommandExecutor.execute(HttpCommandExecutor.java:158)
	at org.openqa.selenium.remote.service.DriverCommandExecutor.execute(DriverCommandExecutor.java:83)
	at org.openqa.selenium.remote.RemoteWebDriver.execute(RemoteWebDriver.java:552)
	at com.kms.katalon.selenium.driver.CChromeDriver.execute(CChromeDriver.java:19)
	at org.openqa.selenium.remote.RemoteWebElement.execute(RemoteWebElement.java:285)
	at org.openqa.selenium.remote.RemoteWebElement.click(RemoteWebElement.java:84)
	at org.openqa.selenium.support.events.EventFiringWebDriver$EventFiringWebElement.lambda$new$0(EventFiringWebDriver.java:404)
	at com.sun.proxy.$Proxy9.click(Unknown Source)
	at org.openqa.selenium.support.events.EventFiringWebDriver$EventFiringWebElement.click(EventFiringWebDriver.java:417)
	at com.kms.katalon.core.webui.keyword.builtin.ClickKeyword$_click_closure1.doCall(ClickKeyword.groovy:69)
	at com.kms.katalon.core.webui.keyword.builtin.ClickKeyword$_click_closure1.call(ClickKeyword.groovy)
	at com.kms.katalon.core.webui.keyword.internal.WebUIKeywordMain.runKeyword(WebUIKeywordMain.groovy:20)
	... 19 more
"/>
         <system-out><![CDATA[2020-09-28 17:22:40 - [TEST_CASE][FAILED] - Test Cases/FG3D/FG3D Test - Stragetic: Test Cases/FG3D/FG3D Test - Stragetic FAILED.
Reason:
com.kms.katalon.core.exception.StepFailedException: Unable to click on object 'Object Repository/Page_Home  GRiD/a_CAC  GEOAxIS Login'
	at com.kms.katalon.core.webui.keyword.internal.WebUIKeywordMain.stepFailed(WebUIKeywordMain.groovy:64)
	at com.kms.katalon.core.webui.keyword.internal.WebUIKeywordMain.runKeyword(WebUIKeywordMain.groovy:26)
	at com.kms.katalon.core.webui.keyword.builtin.ClickKeyword.click(ClickKeyword.groovy:76)
	at com.kms.katalon.core.webui.keyword.builtin.ClickKeyword.execute(ClickKeyword.groovy:43)
	at com.kms.katalon.core.keyword.internal.KeywordExecutor.executeKeywordForPlatform(KeywordExecutor.groovy:73)
	at com.kms.katalon.core.webui.keyword.WebUiBuiltInKeywords.click(WebUiBuiltInKeywords.groovy:616)
	at com.kms.katalon.core.webui.keyword.WebUiBuiltInKeywords$click$1.call(Unknown Source)
	at FG3D Test - Stragetic.run(FG3D Test - Stragetic:24)
	at com.kms.katalon.core.main.ScriptEngine.run(ScriptEngine.java:194)
	at com.kms.katalon.core.main.ScriptEngine.runScriptAsRawText(ScriptEngine.java:119)
	at com.kms.katalon.core.main.TestCaseExecutor.runScript(TestCaseExecutor.java:339)
	at com.kms.katalon.core.main.TestCaseExecutor.doExecute(TestCaseExecutor.java:330)
	at com.kms.katalon.core.main.TestCaseExecutor.processExecutionPhase(TestCaseExecutor.java:309)
	at com.kms.katalon.core.main.TestCaseExecutor.accessMainPhase(TestCaseExecutor.java:301)
	at com.kms.katalon.core.main.TestCaseExecutor.execute(TestCaseExecutor.java:235)
	at com.kms.katalon.core.main.TestSuiteExecutor.accessTestCaseMainPhase(TestSuiteExecutor.java:191)
	at com.kms.katalon.core.main.TestSuiteExecutor.accessTestSuiteMainPhase(TestSuiteExecutor.java:141)
	at com.kms.katalon.core.main.TestSuiteExecutor.execute(TestSuiteExecutor.java:90)
	at com.kms.katalon.core.main.TestCaseMain.startTestSuite(TestCaseMain.java:157)
	at com.kms.katalon.core.main.TestCaseMain$startTestSuite$0.call(Unknown Source)
	at TempTestSuite1601324593621.run(TempTestSuite1601324593621.groovy:39)
Caused by: org.openqa.selenium.TimeoutException: timeout: Timed out receiving message from renderer: 300.000
  (Session info: chrome=85.0.4183.121)
Build info: version: '3.141.59', revision: 'e82be7d358', time: '2018-11-14T08:25:53'
System info: host: 'c02yj0qyjgh7.lan', ip: 'fe80:0:0:0:8e5:6086:d883:e3f8%en0', os.name: 'Mac OS X', os.arch: 'x86_64', os.version: '10.15.6', java.version: '1.8.0_181'
Driver info: com.kms.katalon.selenium.driver.CChromeDriver
Capabilities {acceptInsecureCerts: false, browserName: chrome, browserVersion: 85.0.4183.121, chrome: {chromedriverVersion: 85.0.4183.87 (cd6713ebf92fa..., userDataDir: /var/folders/mk/mm0g76rn3_g...}, goog:chromeOptions: {debuggerAddress: localhost:52936}, javascriptEnabled: true, networkConnectionEnabled: false, pageLoadStrategy: normal, platform: MAC, platformName: MAC, proxy: Proxy(), setWindowRect: true, strictFileInteractability: false, timeouts: {implicit: 0, pageLoad: 300000, script: 30000}, unhandledPromptBehavior: dismiss and notify, webauthn:virtualAuthenticators: true}
Session ID: eec1992d66a6197c9b1eac94d69130ff
	at org.openqa.selenium.remote.http.W3CHttpResponseCodec.createException(W3CHttpResponseCodec.java:187)
	at org.openqa.selenium.remote.http.W3CHttpResponseCodec.decode(W3CHttpResponseCodec.java:122)
	at org.openqa.selenium.remote.http.W3CHttpResponseCodec.decode(W3CHttpResponseCodec.java:49)
	at org.openqa.selenium.remote.HttpCommandExecutor.execute(HttpCommandExecutor.java:158)
	at org.openqa.selenium.remote.service.DriverCommandExecutor.execute(DriverCommandExecutor.java:83)
	at org.openqa.selenium.remote.RemoteWebDriver.execute(RemoteWebDriver.java:552)
	at com.kms.katalon.selenium.driver.CChromeDriver.execute(CChromeDriver.java:19)
	at org.openqa.selenium.remote.RemoteWebElement.execute(RemoteWebElement.java:285)
	at org.openqa.selenium.remote.RemoteWebElement.click(RemoteWebElement.java:84)
	at org.openqa.selenium.support.events.EventFiringWebDriver$EventFiringWebElement.lambda$new$0(EventFiringWebDriver.java:404)
	at com.sun.proxy.$Proxy9.click(Unknown Source)
	at org.openqa.selenium.support.events.EventFiringWebDriver$EventFiringWebElement.click(EventFiringWebDriver.java:417)
	at com.kms.katalon.core.webui.keyword.builtin.ClickKeyword$_click_closure1.doCall(ClickKeyword.groovy:69)
	at com.kms.katalon.core.webui.keyword.builtin.ClickKeyword$_click_closure1.call(ClickKeyword.groovy)
	at com.kms.katalon.core.webui.keyword.internal.WebUIKeywordMain.runKeyword(WebUIKeywordMain.groovy:20)
	... 19 more


2020-09-28 17:22:40 - [TEST_STEP][PASSED] - openBrowser(""): Browser is opened with url: ''

2020-09-28 17:22:40 - [MESSAGE][WARNING] - A browser is already opened. Closing browser and opening a new one

2020-09-28 17:22:40 - [MESSAGE][INFO] - Starting 'Chrome' driver

2020-09-28 17:22:40 - [MESSAGE][INFO] - Action delay is set to 0 milliseconds

2020-09-28 17:22:41 - [MESSAGE][PASSED] - Browser is opened with url: ''

2020-09-28 17:22:41 - [TEST_STEP][PASSED] - navigateToUrl("https://grid.nga.mil/testgrid/"): Navigate to 'https://grid.nga.mil/testgrid/' successfully

2020-09-28 17:22:44 - [MESSAGE][PASSED] - Navigate to 'https://grid.nga.mil/testgrid/' successfully

2020-09-28 17:22:44 - [TEST_STEP][FAILED] - click(findTestObject("Page_Home  GRiD/a_CAC  GEOAxIS Login")): Unable to click on object 'Object Repository/Page_Home  GRiD/a_CAC  GEOAxIS Login' (Root cause: com.kms.katalon.core.exception.StepFailedException: Unable to click on object 'Object Repository/Page_Home  GRiD/a_CAC  GEOAxIS Login'
	at com.kms.katalon.core.webui.keyword.internal.WebUIKeywordMain.stepFailed(WebUIKeywordMain.groovy:64)
	at com.kms.katalon.core.webui.keyword.internal.WebUIKeywordMain.runKeyword(WebUIKeywordMain.groovy:26)
	at com.kms.katalon.core.webui.keyword.builtin.ClickKeyword.click(ClickKeyword.groovy:76)
	at com.kms.katalon.core.webui.keyword.builtin.ClickKeyword.execute(ClickKeyword.groovy:43)
	at com.kms.katalon.core.keyword.internal.KeywordExecutor.executeKeywordForPlatform(KeywordExecutor.groovy:73)
	at com.kms.katalon.core.webui.keyword.WebUiBuiltInKeywords.click(WebUiBuiltInKeywords.groovy:616)
	at com.kms.katalon.core.webui.keyword.WebUiBuiltInKeywords$click$1.call(Unknown Source)
	at FG3D Test - Stragetic.run(FG3D Test - Stragetic:24)
	at com.kms.katalon.core.main.ScriptEngine.run(ScriptEngine.java:194)
	at com.kms.katalon.core.main.ScriptEngine.runScriptAsRawText(ScriptEngine.java:119)
	at com.kms.katalon.core.main.TestCaseExecutor.runScript(TestCaseExecutor.java:339)
	at com.kms.katalon.core.main.TestCaseExecutor.doExecute(TestCaseExecutor.java:330)
	at com.kms.katalon.core.main.TestCaseExecutor.processExecutionPhase(TestCaseExecutor.java:309)
	at com.kms.katalon.core.main.TestCaseExecutor.accessMainPhase(TestCaseExecutor.java:301)
	at com.kms.katalon.core.main.TestCaseExecutor.execute(TestCaseExecutor.java:235)
	at com.kms.katalon.core.main.TestSuiteExecutor.accessTestCaseMainPhase(TestSuiteExecutor.java:191)
	at com.kms.katalon.core.main.TestSuiteExecutor.accessTestSuiteMainPhase(TestSuiteExecutor.java:141)
	at com.kms.katalon.core.main.TestSuiteExecutor.execute(TestSuiteExecutor.java:90)
	at com.kms.katalon.core.main.TestCaseMain.startTestSuite(TestCaseMain.java:157)
	at com.kms.katalon.core.main.TestCaseMain$startTestSuite$0.call(Unknown Source)
	at TempTestSuite1601324593621.run(TempTestSuite1601324593621.groovy:39)
Caused by: org.openqa.selenium.TimeoutException: timeout: Timed out receiving message from renderer: 300.000
  (Session info: chrome=85.0.4183.121)
Build info: version: '3.141.59', revision: 'e82be7d358', time: '2018-11-14T08:25:53'
System info: host: 'c02yj0qyjgh7.lan', ip: 'fe80:0:0:0:8e5:6086:d883:e3f8%en0', os.name: 'Mac OS X', os.arch: 'x86_64', os.version: '10.15.6', java.version: '1.8.0_181'
Driver info: com.kms.katalon.selenium.driver.CChromeDriver
Capabilities {acceptInsecureCerts: false, browserName: chrome, browserVersion: 85.0.4183.121, chrome: {chromedriverVersion: 85.0.4183.87 (cd6713ebf92fa..., userDataDir: /var/folders/mk/mm0g76rn3_g...}, goog:chromeOptions: {debuggerAddress: localhost:52936}, javascriptEnabled: true, networkConnectionEnabled: false, pageLoadStrategy: normal, platform: MAC, platformName: MAC, proxy: Proxy(), setWindowRect: true, strictFileInteractability: false, timeouts: {implicit: 0, pageLoad: 300000, script: 30000}, unhandledPromptBehavior: dismiss and notify, webauthn:virtualAuthenticators: true}
Session ID: eec1992d66a6197c9b1eac94d69130ff
	at org.openqa.selenium.remote.http.W3CHttpResponseCodec.createException(W3CHttpResponseCodec.java:187)
	at org.openqa.selenium.remote.http.W3CHttpResponseCodec.decode(W3CHttpResponseCodec.java:122)
	at org.openqa.selenium.remote.http.W3CHttpResponseCodec.decode(W3CHttpResponseCodec.java:49)
	at org.openqa.selenium.remote.HttpCommandExecutor.execute(HttpCommandExecutor.java:158)
	at org.openqa.selenium.remote.service.DriverCommandExecutor.execute(DriverCommandExecutor.java:83)
	at org.openqa.selenium.remote.RemoteWebDriver.execute(RemoteWebDriver.java:552)
	at com.kms.katalon.selenium.driver.CChromeDriver.execute(CChromeDriver.java:19)
	at org.openqa.selenium.remote.RemoteWebElement.execute(RemoteWebElement.java:285)
	at org.openqa.selenium.remote.RemoteWebElement.click(RemoteWebElement.java:84)
	at org.openqa.selenium.support.events.EventFiringWebDriver$EventFiringWebElement.lambda$new$0(EventFiringWebDriver.java:404)
	at com.sun.proxy.$Proxy9.click(Unknown Source)
	at org.openqa.selenium.support.events.EventFiringWebDriver$EventFiringWebElement.click(EventFiringWebDriver.java:417)
	at com.kms.katalon.core.webui.keyword.builtin.ClickKeyword$_click_closure1.doCall(ClickKeyword.groovy:69)
	at com.kms.katalon.core.webui.keyword.builtin.ClickKeyword$_click_closure1.call(ClickKeyword.groovy)
	at com.kms.katalon.core.webui.keyword.internal.WebUIKeywordMain.runKeyword(WebUIKeywordMain.groovy:20)
	at com.kms.katalon.core.webui.keyword.builtin.ClickKeyword.click(ClickKeyword.groovy:76)
	at com.kms.katalon.core.webui.keyword.builtin.ClickKeyword.execute(ClickKeyword.groovy:43)
	at com.kms.katalon.core.keyword.internal.KeywordExecutor.executeKeywordForPlatform(KeywordExecutor.groovy:73)
	at com.kms.katalon.core.webui.keyword.WebUiBuiltInKeywords.click(WebUiBuiltInKeywords.groovy:616)
	at com.kms.katalon.core.webui.keyword.WebUiBuiltInKeywords$click$1.call(Unknown Source)
	at Script1599149155505.run(Script1599149155505.groovy:24)
	... 13 more
)

2020-09-28 17:27:45 - [MESSAGE][FAILED] - Unable to click on object 'Object Repository/Page_Home  GRiD/a_CAC  GEOAxIS Login' (Root cause: com.kms.katalon.core.exception.StepFailedException: Unable to click on object 'Object Repository/Page_Home  GRiD/a_CAC  GEOAxIS Login'
	at com.kms.katalon.core.webui.keyword.internal.WebUIKeywordMain.stepFailed(WebUIKeywordMain.groovy:64)
	at com.kms.katalon.core.webui.keyword.internal.WebUIKeywordMain.runKeyword(WebUIKeywordMain.groovy:26)
	at com.kms.katalon.core.webui.keyword.builtin.ClickKeyword.click(ClickKeyword.groovy:76)
	at com.kms.katalon.core.webui.keyword.builtin.ClickKeyword.execute(ClickKeyword.groovy:43)
	at com.kms.katalon.core.keyword.internal.KeywordExecutor.executeKeywordForPlatform(KeywordExecutor.groovy:73)
	at com.kms.katalon.core.webui.keyword.WebUiBuiltInKeywords.click(WebUiBuiltInKeywords.groovy:616)
	at com.kms.katalon.core.webui.keyword.WebUiBuiltInKeywords$click$1.call(Unknown Source)
	at FG3D Test - Stragetic.run(FG3D Test - Stragetic:24)
	at com.kms.katalon.core.main.ScriptEngine.run(ScriptEngine.java:194)
	at com.kms.katalon.core.main.ScriptEngine.runScriptAsRawText(ScriptEngine.java:119)
	at com.kms.katalon.core.main.TestCaseExecutor.runScript(TestCaseExecutor.java:339)
	at com.kms.katalon.core.main.TestCaseExecutor.doExecute(TestCaseExecutor.java:330)
	at com.kms.katalon.core.main.TestCaseExecutor.processExecutionPhase(TestCaseExecutor.java:309)
	at com.kms.katalon.core.main.TestCaseExecutor.accessMainPhase(TestCaseExecutor.java:301)
	at com.kms.katalon.core.main.TestCaseExecutor.execute(TestCaseExecutor.java:235)
	at com.kms.katalon.core.main.TestSuiteExecutor.accessTestCaseMainPhase(TestSuiteExecutor.java:191)
	at com.kms.katalon.core.main.TestSuiteExecutor.accessTestSuiteMainPhase(TestSuiteExecutor.java:141)
	at com.kms.katalon.core.main.TestSuiteExecutor.execute(TestSuiteExecutor.java:90)
	at com.kms.katalon.core.main.TestCaseMain.startTestSuite(TestCaseMain.java:157)
	at com.kms.katalon.core.main.TestCaseMain$startTestSuite$0.call(Unknown Source)
	at TempTestSuite1601324593621.run(TempTestSuite1601324593621.groovy:39)
Caused by: org.openqa.selenium.TimeoutException: timeout: Timed out receiving message from renderer: 300.000
  (Session info: chrome=85.0.4183.121)
Build info: version: '3.141.59', revision: 'e82be7d358', time: '2018-11-14T08:25:53'
System info: host: 'c02yj0qyjgh7.lan', ip: 'fe80:0:0:0:8e5:6086:d883:e3f8%en0', os.name: 'Mac OS X', os.arch: 'x86_64', os.version: '10.15.6', java.version: '1.8.0_181'
Driver info: com.kms.katalon.selenium.driver.CChromeDriver
Capabilities {acceptInsecureCerts: false, browserName: chrome, browserVersion: 85.0.4183.121, chrome: {chromedriverVersion: 85.0.4183.87 (cd6713ebf92fa..., userDataDir: /var/folders/mk/mm0g76rn3_g...}, goog:chromeOptions: {debuggerAddress: localhost:52936}, javascriptEnabled: true, networkConnectionEnabled: false, pageLoadStrategy: normal, platform: MAC, platformName: MAC, proxy: Proxy(), setWindowRect: true, strictFileInteractability: false, timeouts: {implicit: 0, pageLoad: 300000, script: 30000}, unhandledPromptBehavior: dismiss and notify, webauthn:virtualAuthenticators: true}
Session ID: eec1992d66a6197c9b1eac94d69130ff
	at org.openqa.selenium.remote.http.W3CHttpResponseCodec.createException(W3CHttpResponseCodec.java:187)
	at org.openqa.selenium.remote.http.W3CHttpResponseCodec.decode(W3CHttpResponseCodec.java:122)
	at org.openqa.selenium.remote.http.W3CHttpResponseCodec.decode(W3CHttpResponseCodec.java:49)
	at org.openqa.selenium.remote.HttpCommandExecutor.execute(HttpCommandExecutor.java:158)
	at org.openqa.selenium.remote.service.DriverCommandExecutor.execute(DriverCommandExecutor.java:83)
	at org.openqa.selenium.remote.RemoteWebDriver.execute(RemoteWebDriver.java:552)
	at com.kms.katalon.selenium.driver.CChromeDriver.execute(CChromeDriver.java:19)
	at org.openqa.selenium.remote.RemoteWebElement.execute(RemoteWebElement.java:285)
	at org.openqa.selenium.remote.RemoteWebElement.click(RemoteWebElement.java:84)
	at org.openqa.selenium.support.events.EventFiringWebDriver$EventFiringWebElement.lambda$new$0(EventFiringWebDriver.java:404)
	at com.sun.proxy.$Proxy9.click(Unknown Source)
	at org.openqa.selenium.support.events.EventFiringWebDriver$EventFiringWebElement.click(EventFiringWebDriver.java:417)
	at com.kms.katalon.core.webui.keyword.builtin.ClickKeyword$_click_closure1.doCall(ClickKeyword.groovy:69)
	at com.kms.katalon.core.webui.keyword.builtin.ClickKeyword$_click_closure1.call(ClickKeyword.groovy)
	at com.kms.katalon.core.webui.keyword.internal.WebUIKeywordMain.runKeyword(WebUIKeywordMain.groovy:20)
	at com.kms.katalon.core.webui.keyword.builtin.ClickKeyword.click(ClickKeyword.groovy:76)
	at com.kms.katalon.core.webui.keyword.builtin.ClickKeyword.execute(ClickKeyword.groovy:43)
	at com.kms.katalon.core.keyword.internal.KeywordExecutor.executeKeywordForPlatform(KeywordExecutor.groovy:73)
	at com.kms.katalon.core.webui.keyword.WebUiBuiltInKeywords.click(WebUiBuiltInKeywords.groovy:616)
	at com.kms.katalon.core.webui.keyword.WebUiBuiltInKeywords$click$1.call(Unknown Source)
	at Script1599149155505.run(Script1599149155505.groovy:24)
	... 13 more
)
[[ATTACHMENT|/Users/bhavikpatel/Downloads/Projects/CRREL/GRiD/Automation Testing/Automation Testing Project/KatalonTesting/Reports/20200928_162313/GRiD FG3D/20200928_162313/1601328464787.png]]]]></system-out>
         <system-err><![CDATA[2020-09-28 17:22:40 - [TEST_CASE][FAILED] - Test Cases/FG3D/FG3D Test - Stragetic: Test Cases/FG3D/FG3D Test - Stragetic FAILED.
Reason:
com.kms.katalon.core.exception.StepFailedException: Unable to click on object 'Object Repository/Page_Home  GRiD/a_CAC  GEOAxIS Login'
	at com.kms.katalon.core.webui.keyword.internal.WebUIKeywordMain.stepFailed(WebUIKeywordMain.groovy:64)
	at com.kms.katalon.core.webui.keyword.internal.WebUIKeywordMain.runKeyword(WebUIKeywordMain.groovy:26)
	at com.kms.katalon.core.webui.keyword.builtin.ClickKeyword.click(ClickKeyword.groovy:76)
	at com.kms.katalon.core.webui.keyword.builtin.ClickKeyword.execute(ClickKeyword.groovy:43)
	at com.kms.katalon.core.keyword.internal.KeywordExecutor.executeKeywordForPlatform(KeywordExecutor.groovy:73)
	at com.kms.katalon.core.webui.keyword.WebUiBuiltInKeywords.click(WebUiBuiltInKeywords.groovy:616)
	at com.kms.katalon.core.webui.keyword.WebUiBuiltInKeywords$click$1.call(Unknown Source)
	at FG3D Test - Stragetic.run(FG3D Test - Stragetic:24)
	at com.kms.katalon.core.main.ScriptEngine.run(ScriptEngine.java:194)
	at com.kms.katalon.core.main.ScriptEngine.runScriptAsRawText(ScriptEngine.java:119)
	at com.kms.katalon.core.main.TestCaseExecutor.runScript(TestCaseExecutor.java:339)
	at com.kms.katalon.core.main.TestCaseExecutor.doExecute(TestCaseExecutor.java:330)
	at com.kms.katalon.core.main.TestCaseExecutor.processExecutionPhase(TestCaseExecutor.java:309)
	at com.kms.katalon.core.main.TestCaseExecutor.accessMainPhase(TestCaseExecutor.java:301)
	at com.kms.katalon.core.main.TestCaseExecutor.execute(TestCaseExecutor.java:235)
	at com.kms.katalon.core.main.TestSuiteExecutor.accessTestCaseMainPhase(TestSuiteExecutor.java:191)
	at com.kms.katalon.core.main.TestSuiteExecutor.accessTestSuiteMainPhase(TestSuiteExecutor.java:141)
	at com.kms.katalon.core.main.TestSuiteExecutor.execute(TestSuiteExecutor.java:90)
	at com.kms.katalon.core.main.TestCaseMain.startTestSuite(TestCaseMain.java:157)
	at com.kms.katalon.core.main.TestCaseMain$startTestSuite$0.call(Unknown Source)
	at TempTestSuite1601324593621.run(TempTestSuite1601324593621.groovy:39)
Caused by: org.openqa.selenium.TimeoutException: timeout: Timed out receiving message from renderer: 300.000
  (Session info: chrome=85.0.4183.121)
Build info: version: '3.141.59', revision: 'e82be7d358', time: '2018-11-14T08:25:53'
System info: host: 'c02yj0qyjgh7.lan', ip: 'fe80:0:0:0:8e5:6086:d883:e3f8%en0', os.name: 'Mac OS X', os.arch: 'x86_64', os.version: '10.15.6', java.version: '1.8.0_181'
Driver info: com.kms.katalon.selenium.driver.CChromeDriver
Capabilities {acceptInsecureCerts: false, browserName: chrome, browserVersion: 85.0.4183.121, chrome: {chromedriverVersion: 85.0.4183.87 (cd6713ebf92fa..., userDataDir: /var/folders/mk/mm0g76rn3_g...}, goog:chromeOptions: {debuggerAddress: localhost:52936}, javascriptEnabled: true, networkConnectionEnabled: false, pageLoadStrategy: normal, platform: MAC, platformName: MAC, proxy: Proxy(), setWindowRect: true, strictFileInteractability: false, timeouts: {implicit: 0, pageLoad: 300000, script: 30000}, unhandledPromptBehavior: dismiss and notify, webauthn:virtualAuthenticators: true}
Session ID: eec1992d66a6197c9b1eac94d69130ff
	at org.openqa.selenium.remote.http.W3CHttpResponseCodec.createException(W3CHttpResponseCodec.java:187)
	at org.openqa.selenium.remote.http.W3CHttpResponseCodec.decode(W3CHttpResponseCodec.java:122)
	at org.openqa.selenium.remote.http.W3CHttpResponseCodec.decode(W3CHttpResponseCodec.java:49)
	at org.openqa.selenium.remote.HttpCommandExecutor.execute(HttpCommandExecutor.java:158)
	at org.openqa.selenium.remote.service.DriverCommandExecutor.execute(DriverCommandExecutor.java:83)
	at org.openqa.selenium.remote.RemoteWebDriver.execute(RemoteWebDriver.java:552)
	at com.kms.katalon.selenium.driver.CChromeDriver.execute(CChromeDriver.java:19)
	at org.openqa.selenium.remote.RemoteWebElement.execute(RemoteWebElement.java:285)
	at org.openqa.selenium.remote.RemoteWebElement.click(RemoteWebElement.java:84)
	at org.openqa.selenium.support.events.EventFiringWebDriver$EventFiringWebElement.lambda$new$0(EventFiringWebDriver.java:404)
	at com.sun.proxy.$Proxy9.click(Unknown Source)
	at org.openqa.selenium.support.events.EventFiringWebDriver$EventFiringWebElement.click(EventFiringWebDriver.java:417)
	at com.kms.katalon.core.webui.keyword.builtin.ClickKeyword$_click_closure1.doCall(ClickKeyword.groovy:69)
	at com.kms.katalon.core.webui.keyword.builtin.ClickKeyword$_click_closure1.call(ClickKeyword.groovy)
	at com.kms.katalon.core.webui.keyword.internal.WebUIKeywordMain.runKeyword(WebUIKeywordMain.groovy:20)
	... 19 more]]></system-err>
      </testcase>
      <testcase name="Test Cases/FG3D/FG3D Test - Stragetic" time="306.341" classname="Test Cases/FG3D/FG3D Test - Stragetic" status="FAILED">
         <failure type="FAILED" message="Test Cases/FG3D/FG3D Test - Stragetic FAILED.
Reason:
com.kms.katalon.core.exception.StepFailedException: Unable to click on object 'Object Repository/Page_Home  GRiD/a_CAC  GEOAxIS Login'
	at com.kms.katalon.core.webui.keyword.internal.WebUIKeywordMain.stepFailed(WebUIKeywordMain.groovy:64)
	at com.kms.katalon.core.webui.keyword.internal.WebUIKeywordMain.runKeyword(WebUIKeywordMain.groovy:26)
	at com.kms.katalon.core.webui.keyword.builtin.ClickKeyword.click(ClickKeyword.groovy:76)
	at com.kms.katalon.core.webui.keyword.builtin.ClickKeyword.execute(ClickKeyword.groovy:43)
	at com.kms.katalon.core.keyword.internal.KeywordExecutor.executeKeywordForPlatform(KeywordExecutor.groovy:73)
	at com.kms.katalon.core.webui.keyword.WebUiBuiltInKeywords.click(WebUiBuiltInKeywords.groovy:616)
	at com.kms.katalon.core.webui.keyword.WebUiBuiltInKeywords$click$1.call(Unknown Source)
	at FG3D Test - Stragetic.run(FG3D Test - Stragetic:24)
	at com.kms.katalon.core.main.ScriptEngine.run(ScriptEngine.java:194)
	at com.kms.katalon.core.main.ScriptEngine.runScriptAsRawText(ScriptEngine.java:119)
	at com.kms.katalon.core.main.TestCaseExecutor.runScript(TestCaseExecutor.java:339)
	at com.kms.katalon.core.main.TestCaseExecutor.doExecute(TestCaseExecutor.java:330)
	at com.kms.katalon.core.main.TestCaseExecutor.processExecutionPhase(TestCaseExecutor.java:309)
	at com.kms.katalon.core.main.TestCaseExecutor.accessMainPhase(TestCaseExecutor.java:301)
	at com.kms.katalon.core.main.TestCaseExecutor.execute(TestCaseExecutor.java:235)
	at com.kms.katalon.core.main.TestSuiteExecutor.accessTestCaseMainPhase(TestSuiteExecutor.java:191)
	at com.kms.katalon.core.main.TestSuiteExecutor.accessTestSuiteMainPhase(TestSuiteExecutor.java:141)
	at com.kms.katalon.core.main.TestSuiteExecutor.execute(TestSuiteExecutor.java:90)
	at com.kms.katalon.core.main.TestCaseMain.startTestSuite(TestCaseMain.java:157)
	at com.kms.katalon.core.main.TestCaseMain$startTestSuite$0.call(Unknown Source)
	at TempTestSuite1601324593621.run(TempTestSuite1601324593621.groovy:39)
Caused by: org.openqa.selenium.TimeoutException: timeout: Timed out receiving message from renderer: 300.000
  (Session info: chrome=85.0.4183.121)
Build info: version: '3.141.59', revision: 'e82be7d358', time: '2018-11-14T08:25:53'
System info: host: 'c02yj0qyjgh7.lan', ip: 'fe80:0:0:0:8e5:6086:d883:e3f8%en0', os.name: 'Mac OS X', os.arch: 'x86_64', os.version: '10.15.6', java.version: '1.8.0_181'
Driver info: com.kms.katalon.selenium.driver.CChromeDriver
Capabilities {acceptInsecureCerts: false, browserName: chrome, browserVersion: 85.0.4183.121, chrome: {chromedriverVersion: 85.0.4183.87 (cd6713ebf92fa..., userDataDir: /var/folders/mk/mm0g76rn3_g...}, goog:chromeOptions: {debuggerAddress: localhost:53114}, javascriptEnabled: true, networkConnectionEnabled: false, pageLoadStrategy: normal, platform: MAC, platformName: MAC, proxy: Proxy(), setWindowRect: true, strictFileInteractability: false, timeouts: {implicit: 0, pageLoad: 300000, script: 30000}, unhandledPromptBehavior: dismiss and notify, webauthn:virtualAuthenticators: true}
Session ID: 3dbc0a9f270401ef04742734e1a5c347
	at org.openqa.selenium.remote.http.W3CHttpResponseCodec.createException(W3CHttpResponseCodec.java:187)
	at org.openqa.selenium.remote.http.W3CHttpResponseCodec.decode(W3CHttpResponseCodec.java:122)
	at org.openqa.selenium.remote.http.W3CHttpResponseCodec.decode(W3CHttpResponseCodec.java:49)
	at org.openqa.selenium.remote.HttpCommandExecutor.execute(HttpCommandExecutor.java:158)
	at org.openqa.selenium.remote.service.DriverCommandExecutor.execute(DriverCommandExecutor.java:83)
	at org.openqa.selenium.remote.RemoteWebDriver.execute(RemoteWebDriver.java:552)
	at com.kms.katalon.selenium.driver.CChromeDriver.execute(CChromeDriver.java:19)
	at org.openqa.selenium.remote.RemoteWebElement.execute(RemoteWebElement.java:285)
	at org.openqa.selenium.remote.RemoteWebElement.click(RemoteWebElement.java:84)
	at org.openqa.selenium.support.events.EventFiringWebDriver$EventFiringWebElement.lambda$new$0(EventFiringWebDriver.java:404)
	at com.sun.proxy.$Proxy9.click(Unknown Source)
	at org.openqa.selenium.support.events.EventFiringWebDriver$EventFiringWebElement.click(EventFiringWebDriver.java:417)
	at com.kms.katalon.core.webui.keyword.builtin.ClickKeyword$_click_closure1.doCall(ClickKeyword.groovy:69)
	at com.kms.katalon.core.webui.keyword.builtin.ClickKeyword$_click_closure1.call(ClickKeyword.groovy)
	at com.kms.katalon.core.webui.keyword.internal.WebUIKeywordMain.runKeyword(WebUIKeywordMain.groovy:20)
	... 19 more
"/>
         <system-out><![CDATA[2020-09-28 17:27:45 - [TEST_CASE][FAILED] - Test Cases/FG3D/FG3D Test - Stragetic: Test Cases/FG3D/FG3D Test - Stragetic FAILED.
Reason:
com.kms.katalon.core.exception.StepFailedException: Unable to click on object 'Object Repository/Page_Home  GRiD/a_CAC  GEOAxIS Login'
	at com.kms.katalon.core.webui.keyword.internal.WebUIKeywordMain.stepFailed(WebUIKeywordMain.groovy:64)
	at com.kms.katalon.core.webui.keyword.internal.WebUIKeywordMain.runKeyword(WebUIKeywordMain.groovy:26)
	at com.kms.katalon.core.webui.keyword.builtin.ClickKeyword.click(ClickKeyword.groovy:76)
	at com.kms.katalon.core.webui.keyword.builtin.ClickKeyword.execute(ClickKeyword.groovy:43)
	at com.kms.katalon.core.keyword.internal.KeywordExecutor.executeKeywordForPlatform(KeywordExecutor.groovy:73)
	at com.kms.katalon.core.webui.keyword.WebUiBuiltInKeywords.click(WebUiBuiltInKeywords.groovy:616)
	at com.kms.katalon.core.webui.keyword.WebUiBuiltInKeywords$click$1.call(Unknown Source)
	at FG3D Test - Stragetic.run(FG3D Test - Stragetic:24)
	at com.kms.katalon.core.main.ScriptEngine.run(ScriptEngine.java:194)
	at com.kms.katalon.core.main.ScriptEngine.runScriptAsRawText(ScriptEngine.java:119)
	at com.kms.katalon.core.main.TestCaseExecutor.runScript(TestCaseExecutor.java:339)
	at com.kms.katalon.core.main.TestCaseExecutor.doExecute(TestCaseExecutor.java:330)
	at com.kms.katalon.core.main.TestCaseExecutor.processExecutionPhase(TestCaseExecutor.java:309)
	at com.kms.katalon.core.main.TestCaseExecutor.accessMainPhase(TestCaseExecutor.java:301)
	at com.kms.katalon.core.main.TestCaseExecutor.execute(TestCaseExecutor.java:235)
	at com.kms.katalon.core.main.TestSuiteExecutor.accessTestCaseMainPhase(TestSuiteExecutor.java:191)
	at com.kms.katalon.core.main.TestSuiteExecutor.accessTestSuiteMainPhase(TestSuiteExecutor.java:141)
	at com.kms.katalon.core.main.TestSuiteExecutor.execute(TestSuiteExecutor.java:90)
	at com.kms.katalon.core.main.TestCaseMain.startTestSuite(TestCaseMain.java:157)
	at com.kms.katalon.core.main.TestCaseMain$startTestSuite$0.call(Unknown Source)
	at TempTestSuite1601324593621.run(TempTestSuite1601324593621.groovy:39)
Caused by: org.openqa.selenium.TimeoutException: timeout: Timed out receiving message from renderer: 300.000
  (Session info: chrome=85.0.4183.121)
Build info: version: '3.141.59', revision: 'e82be7d358', time: '2018-11-14T08:25:53'
System info: host: 'c02yj0qyjgh7.lan', ip: 'fe80:0:0:0:8e5:6086:d883:e3f8%en0', os.name: 'Mac OS X', os.arch: 'x86_64', os.version: '10.15.6', java.version: '1.8.0_181'
Driver info: com.kms.katalon.selenium.driver.CChromeDriver
Capabilities {acceptInsecureCerts: false, browserName: chrome, browserVersion: 85.0.4183.121, chrome: {chromedriverVersion: 85.0.4183.87 (cd6713ebf92fa..., userDataDir: /var/folders/mk/mm0g76rn3_g...}, goog:chromeOptions: {debuggerAddress: localhost:53114}, javascriptEnabled: true, networkConnectionEnabled: false, pageLoadStrategy: normal, platform: MAC, platformName: MAC, proxy: Proxy(), setWindowRect: true, strictFileInteractability: false, timeouts: {implicit: 0, pageLoad: 300000, script: 30000}, unhandledPromptBehavior: dismiss and notify, webauthn:virtualAuthenticators: true}
Session ID: 3dbc0a9f270401ef04742734e1a5c347
	at org.openqa.selenium.remote.http.W3CHttpResponseCodec.createException(W3CHttpResponseCodec.java:187)
	at org.openqa.selenium.remote.http.W3CHttpResponseCodec.decode(W3CHttpResponseCodec.java:122)
	at org.openqa.selenium.remote.http.W3CHttpResponseCodec.decode(W3CHttpResponseCodec.java:49)
	at org.openqa.selenium.remote.HttpCommandExecutor.execute(HttpCommandExecutor.java:158)
	at org.openqa.selenium.remote.service.DriverCommandExecutor.execute(DriverCommandExecutor.java:83)
	at org.openqa.selenium.remote.RemoteWebDriver.execute(RemoteWebDriver.java:552)
	at com.kms.katalon.selenium.driver.CChromeDriver.execute(CChromeDriver.java:19)
	at org.openqa.selenium.remote.RemoteWebElement.execute(RemoteWebElement.java:285)
	at org.openqa.selenium.remote.RemoteWebElement.click(RemoteWebElement.java:84)
	at org.openqa.selenium.support.events.EventFiringWebDriver$EventFiringWebElement.lambda$new$0(EventFiringWebDriver.java:404)
	at com.sun.proxy.$Proxy9.click(Unknown Source)
	at org.openqa.selenium.support.events.EventFiringWebDriver$EventFiringWebElement.click(EventFiringWebDriver.java:417)
	at com.kms.katalon.core.webui.keyword.builtin.ClickKeyword$_click_closure1.doCall(ClickKeyword.groovy:69)
	at com.kms.katalon.core.webui.keyword.builtin.ClickKeyword$_click_closure1.call(ClickKeyword.groovy)
	at com.kms.katalon.core.webui.keyword.internal.WebUIKeywordMain.runKeyword(WebUIKeywordMain.groovy:20)
	... 19 more


2020-09-28 17:27:45 - [TEST_STEP][PASSED] - openBrowser(""): Browser is opened with url: ''

2020-09-28 17:27:45 - [MESSAGE][WARNING] - A browser is already opened. Closing browser and opening a new one

2020-09-28 17:27:45 - [MESSAGE][INFO] - Starting 'Chrome' driver

2020-09-28 17:27:45 - [MESSAGE][INFO] - Action delay is set to 0 milliseconds

2020-09-28 17:27:47 - [MESSAGE][PASSED] - Browser is opened with url: ''

2020-09-28 17:27:47 - [TEST_STEP][PASSED] - navigateToUrl("https://grid.nga.mil/testgrid/"): Navigate to 'https://grid.nga.mil/testgrid/' successfully

2020-09-28 17:27:50 - [MESSAGE][PASSED] - Navigate to 'https://grid.nga.mil/testgrid/' successfully

2020-09-28 17:27:50 - [TEST_STEP][FAILED] - click(findTestObject("Page_Home  GRiD/a_CAC  GEOAxIS Login")): Unable to click on object 'Object Repository/Page_Home  GRiD/a_CAC  GEOAxIS Login' (Root cause: com.kms.katalon.core.exception.StepFailedException: Unable to click on object 'Object Repository/Page_Home  GRiD/a_CAC  GEOAxIS Login'
	at com.kms.katalon.core.webui.keyword.internal.WebUIKeywordMain.stepFailed(WebUIKeywordMain.groovy:64)
	at com.kms.katalon.core.webui.keyword.internal.WebUIKeywordMain.runKeyword(WebUIKeywordMain.groovy:26)
	at com.kms.katalon.core.webui.keyword.builtin.ClickKeyword.click(ClickKeyword.groovy:76)
	at com.kms.katalon.core.webui.keyword.builtin.ClickKeyword.execute(ClickKeyword.groovy:43)
	at com.kms.katalon.core.keyword.internal.KeywordExecutor.executeKeywordForPlatform(KeywordExecutor.groovy:73)
	at com.kms.katalon.core.webui.keyword.WebUiBuiltInKeywords.click(WebUiBuiltInKeywords.groovy:616)
	at com.kms.katalon.core.webui.keyword.WebUiBuiltInKeywords$click$1.call(Unknown Source)
	at FG3D Test - Stragetic.run(FG3D Test - Stragetic:24)
	at com.kms.katalon.core.main.ScriptEngine.run(ScriptEngine.java:194)
	at com.kms.katalon.core.main.ScriptEngine.runScriptAsRawText(ScriptEngine.java:119)
	at com.kms.katalon.core.main.TestCaseExecutor.runScript(TestCaseExecutor.java:339)
	at com.kms.katalon.core.main.TestCaseExecutor.doExecute(TestCaseExecutor.java:330)
	at com.kms.katalon.core.main.TestCaseExecutor.processExecutionPhase(TestCaseExecutor.java:309)
	at com.kms.katalon.core.main.TestCaseExecutor.accessMainPhase(TestCaseExecutor.java:301)
	at com.kms.katalon.core.main.TestCaseExecutor.execute(TestCaseExecutor.java:235)
	at com.kms.katalon.core.main.TestSuiteExecutor.accessTestCaseMainPhase(TestSuiteExecutor.java:191)
	at com.kms.katalon.core.main.TestSuiteExecutor.accessTestSuiteMainPhase(TestSuiteExecutor.java:141)
	at com.kms.katalon.core.main.TestSuiteExecutor.execute(TestSuiteExecutor.java:90)
	at com.kms.katalon.core.main.TestCaseMain.startTestSuite(TestCaseMain.java:157)
	at com.kms.katalon.core.main.TestCaseMain$startTestSuite$0.call(Unknown Source)
	at TempTestSuite1601324593621.run(TempTestSuite1601324593621.groovy:39)
Caused by: org.openqa.selenium.TimeoutException: timeout: Timed out receiving message from renderer: 300.000
  (Session info: chrome=85.0.4183.121)
Build info: version: '3.141.59', revision: 'e82be7d358', time: '2018-11-14T08:25:53'
System info: host: 'c02yj0qyjgh7.lan', ip: 'fe80:0:0:0:8e5:6086:d883:e3f8%en0', os.name: 'Mac OS X', os.arch: 'x86_64', os.version: '10.15.6', java.version: '1.8.0_181'
Driver info: com.kms.katalon.selenium.driver.CChromeDriver
Capabilities {acceptInsecureCerts: false, browserName: chrome, browserVersion: 85.0.4183.121, chrome: {chromedriverVersion: 85.0.4183.87 (cd6713ebf92fa..., userDataDir: /var/folders/mk/mm0g76rn3_g...}, goog:chromeOptions: {debuggerAddress: localhost:53114}, javascriptEnabled: true, networkConnectionEnabled: false, pageLoadStrategy: normal, platform: MAC, platformName: MAC, proxy: Proxy(), setWindowRect: true, strictFileInteractability: false, timeouts: {implicit: 0, pageLoad: 300000, script: 30000}, unhandledPromptBehavior: dismiss and notify, webauthn:virtualAuthenticators: true}
Session ID: 3dbc0a9f270401ef04742734e1a5c347
	at org.openqa.selenium.remote.http.W3CHttpResponseCodec.createException(W3CHttpResponseCodec.java:187)
	at org.openqa.selenium.remote.http.W3CHttpResponseCodec.decode(W3CHttpResponseCodec.java:122)
	at org.openqa.selenium.remote.http.W3CHttpResponseCodec.decode(W3CHttpResponseCodec.java:49)
	at org.openqa.selenium.remote.HttpCommandExecutor.execute(HttpCommandExecutor.java:158)
	at org.openqa.selenium.remote.service.DriverCommandExecutor.execute(DriverCommandExecutor.java:83)
	at org.openqa.selenium.remote.RemoteWebDriver.execute(RemoteWebDriver.java:552)
	at com.kms.katalon.selenium.driver.CChromeDriver.execute(CChromeDriver.java:19)
	at org.openqa.selenium.remote.RemoteWebElement.execute(RemoteWebElement.java:285)
	at org.openqa.selenium.remote.RemoteWebElement.click(RemoteWebElement.java:84)
	at org.openqa.selenium.support.events.EventFiringWebDriver$EventFiringWebElement.lambda$new$0(EventFiringWebDriver.java:404)
	at com.sun.proxy.$Proxy9.click(Unknown Source)
	at org.openqa.selenium.support.events.EventFiringWebDriver$EventFiringWebElement.click(EventFiringWebDriver.java:417)
	at com.kms.katalon.core.webui.keyword.builtin.ClickKeyword$_click_closure1.doCall(ClickKeyword.groovy:69)
	at com.kms.katalon.core.webui.keyword.builtin.ClickKeyword$_click_closure1.call(ClickKeyword.groovy)
	at com.kms.katalon.core.webui.keyword.internal.WebUIKeywordMain.runKeyword(WebUIKeywordMain.groovy:20)
	at com.kms.katalon.core.webui.keyword.builtin.ClickKeyword.click(ClickKeyword.groovy:76)
	at com.kms.katalon.core.webui.keyword.builtin.ClickKeyword.execute(ClickKeyword.groovy:43)
	at com.kms.katalon.core.keyword.internal.KeywordExecutor.executeKeywordForPlatform(KeywordExecutor.groovy:73)
	at com.kms.katalon.core.webui.keyword.WebUiBuiltInKeywords.click(WebUiBuiltInKeywords.groovy:616)
	at com.kms.katalon.core.webui.keyword.WebUiBuiltInKeywords$click$1.call(Unknown Source)
	at Script1599149155505.run(Script1599149155505.groovy:24)
	... 13 more
)

2020-09-28 17:32:52 - [MESSAGE][FAILED] - Unable to click on object 'Object Repository/Page_Home  GRiD/a_CAC  GEOAxIS Login' (Root cause: com.kms.katalon.core.exception.StepFailedException: Unable to click on object 'Object Repository/Page_Home  GRiD/a_CAC  GEOAxIS Login'
	at com.kms.katalon.core.webui.keyword.internal.WebUIKeywordMain.stepFailed(WebUIKeywordMain.groovy:64)
	at com.kms.katalon.core.webui.keyword.internal.WebUIKeywordMain.runKeyword(WebUIKeywordMain.groovy:26)
	at com.kms.katalon.core.webui.keyword.builtin.ClickKeyword.click(ClickKeyword.groovy:76)
	at com.kms.katalon.core.webui.keyword.builtin.ClickKeyword.execute(ClickKeyword.groovy:43)
	at com.kms.katalon.core.keyword.internal.KeywordExecutor.executeKeywordForPlatform(KeywordExecutor.groovy:73)
	at com.kms.katalon.core.webui.keyword.WebUiBuiltInKeywords.click(WebUiBuiltInKeywords.groovy:616)
	at com.kms.katalon.core.webui.keyword.WebUiBuiltInKeywords$click$1.call(Unknown Source)
	at FG3D Test - Stragetic.run(FG3D Test - Stragetic:24)
	at com.kms.katalon.core.main.ScriptEngine.run(ScriptEngine.java:194)
	at com.kms.katalon.core.main.ScriptEngine.runScriptAsRawText(ScriptEngine.java:119)
	at com.kms.katalon.core.main.TestCaseExecutor.runScript(TestCaseExecutor.java:339)
	at com.kms.katalon.core.main.TestCaseExecutor.doExecute(TestCaseExecutor.java:330)
	at com.kms.katalon.core.main.TestCaseExecutor.processExecutionPhase(TestCaseExecutor.java:309)
	at com.kms.katalon.core.main.TestCaseExecutor.accessMainPhase(TestCaseExecutor.java:301)
	at com.kms.katalon.core.main.TestCaseExecutor.execute(TestCaseExecutor.java:235)
	at com.kms.katalon.core.main.TestSuiteExecutor.accessTestCaseMainPhase(TestSuiteExecutor.java:191)
	at com.kms.katalon.core.main.TestSuiteExecutor.accessTestSuiteMainPhase(TestSuiteExecutor.java:141)
	at com.kms.katalon.core.main.TestSuiteExecutor.execute(TestSuiteExecutor.java:90)
	at com.kms.katalon.core.main.TestCaseMain.startTestSuite(TestCaseMain.java:157)
	at com.kms.katalon.core.main.TestCaseMain$startTestSuite$0.call(Unknown Source)
	at TempTestSuite1601324593621.run(TempTestSuite1601324593621.groovy:39)
Caused by: org.openqa.selenium.TimeoutException: timeout: Timed out receiving message from renderer: 300.000
  (Session info: chrome=85.0.4183.121)
Build info: version: '3.141.59', revision: 'e82be7d358', time: '2018-11-14T08:25:53'
System info: host: 'c02yj0qyjgh7.lan', ip: 'fe80:0:0:0:8e5:6086:d883:e3f8%en0', os.name: 'Mac OS X', os.arch: 'x86_64', os.version: '10.15.6', java.version: '1.8.0_181'
Driver info: com.kms.katalon.selenium.driver.CChromeDriver
Capabilities {acceptInsecureCerts: false, browserName: chrome, browserVersion: 85.0.4183.121, chrome: {chromedriverVersion: 85.0.4183.87 (cd6713ebf92fa..., userDataDir: /var/folders/mk/mm0g76rn3_g...}, goog:chromeOptions: {debuggerAddress: localhost:53114}, javascriptEnabled: true, networkConnectionEnabled: false, pageLoadStrategy: normal, platform: MAC, platformName: MAC, proxy: Proxy(), setWindowRect: true, strictFileInteractability: false, timeouts: {implicit: 0, pageLoad: 300000, script: 30000}, unhandledPromptBehavior: dismiss and notify, webauthn:virtualAuthenticators: true}
Session ID: 3dbc0a9f270401ef04742734e1a5c347
	at org.openqa.selenium.remote.http.W3CHttpResponseCodec.createException(W3CHttpResponseCodec.java:187)
	at org.openqa.selenium.remote.http.W3CHttpResponseCodec.decode(W3CHttpResponseCodec.java:122)
	at org.openqa.selenium.remote.http.W3CHttpResponseCodec.decode(W3CHttpResponseCodec.java:49)
	at org.openqa.selenium.remote.HttpCommandExecutor.execute(HttpCommandExecutor.java:158)
	at org.openqa.selenium.remote.service.DriverCommandExecutor.execute(DriverCommandExecutor.java:83)
	at org.openqa.selenium.remote.RemoteWebDriver.execute(RemoteWebDriver.java:552)
	at com.kms.katalon.selenium.driver.CChromeDriver.execute(CChromeDriver.java:19)
	at org.openqa.selenium.remote.RemoteWebElement.execute(RemoteWebElement.java:285)
	at org.openqa.selenium.remote.RemoteWebElement.click(RemoteWebElement.java:84)
	at org.openqa.selenium.support.events.EventFiringWebDriver$EventFiringWebElement.lambda$new$0(EventFiringWebDriver.java:404)
	at com.sun.proxy.$Proxy9.click(Unknown Source)
	at org.openqa.selenium.support.events.EventFiringWebDriver$EventFiringWebElement.click(EventFiringWebDriver.java:417)
	at com.kms.katalon.core.webui.keyword.builtin.ClickKeyword$_click_closure1.doCall(ClickKeyword.groovy:69)
	at com.kms.katalon.core.webui.keyword.builtin.ClickKeyword$_click_closure1.call(ClickKeyword.groovy)
	at com.kms.katalon.core.webui.keyword.internal.WebUIKeywordMain.runKeyword(WebUIKeywordMain.groovy:20)
	at com.kms.katalon.core.webui.keyword.builtin.ClickKeyword.click(ClickKeyword.groovy:76)
	at com.kms.katalon.core.webui.keyword.builtin.ClickKeyword.execute(ClickKeyword.groovy:43)
	at com.kms.katalon.core.keyword.internal.KeywordExecutor.executeKeywordForPlatform(KeywordExecutor.groovy:73)
	at com.kms.katalon.core.webui.keyword.WebUiBuiltInKeywords.click(WebUiBuiltInKeywords.groovy:616)
	at com.kms.katalon.core.webui.keyword.WebUiBuiltInKeywords$click$1.call(Unknown Source)
	at Script1599149155505.run(Script1599149155505.groovy:24)
	... 13 more
)
[[ATTACHMENT|/Users/bhavikpatel/Downloads/Projects/CRREL/GRiD/Automation Testing/Automation Testing Project/KatalonTesting/Reports/20200928_162313/GRiD FG3D/20200928_162313/1601328771157.png]]]]></system-out>
         <system-err><![CDATA[2020-09-28 17:27:45 - [TEST_CASE][FAILED] - Test Cases/FG3D/FG3D Test - Stragetic: Test Cases/FG3D/FG3D Test - Stragetic FAILED.
Reason:
com.kms.katalon.core.exception.StepFailedException: Unable to click on object 'Object Repository/Page_Home  GRiD/a_CAC  GEOAxIS Login'
	at com.kms.katalon.core.webui.keyword.internal.WebUIKeywordMain.stepFailed(WebUIKeywordMain.groovy:64)
	at com.kms.katalon.core.webui.keyword.internal.WebUIKeywordMain.runKeyword(WebUIKeywordMain.groovy:26)
	at com.kms.katalon.core.webui.keyword.builtin.ClickKeyword.click(ClickKeyword.groovy:76)
	at com.kms.katalon.core.webui.keyword.builtin.ClickKeyword.execute(ClickKeyword.groovy:43)
	at com.kms.katalon.core.keyword.internal.KeywordExecutor.executeKeywordForPlatform(KeywordExecutor.groovy:73)
	at com.kms.katalon.core.webui.keyword.WebUiBuiltInKeywords.click(WebUiBuiltInKeywords.groovy:616)
	at com.kms.katalon.core.webui.keyword.WebUiBuiltInKeywords$click$1.call(Unknown Source)
	at FG3D Test - Stragetic.run(FG3D Test - Stragetic:24)
	at com.kms.katalon.core.main.ScriptEngine.run(ScriptEngine.java:194)
	at com.kms.katalon.core.main.ScriptEngine.runScriptAsRawText(ScriptEngine.java:119)
	at com.kms.katalon.core.main.TestCaseExecutor.runScript(TestCaseExecutor.java:339)
	at com.kms.katalon.core.main.TestCaseExecutor.doExecute(TestCaseExecutor.java:330)
	at com.kms.katalon.core.main.TestCaseExecutor.processExecutionPhase(TestCaseExecutor.java:309)
	at com.kms.katalon.core.main.TestCaseExecutor.accessMainPhase(TestCaseExecutor.java:301)
	at com.kms.katalon.core.main.TestCaseExecutor.execute(TestCaseExecutor.java:235)
	at com.kms.katalon.core.main.TestSuiteExecutor.accessTestCaseMainPhase(TestSuiteExecutor.java:191)
	at com.kms.katalon.core.main.TestSuiteExecutor.accessTestSuiteMainPhase(TestSuiteExecutor.java:141)
	at com.kms.katalon.core.main.TestSuiteExecutor.execute(TestSuiteExecutor.java:90)
	at com.kms.katalon.core.main.TestCaseMain.startTestSuite(TestCaseMain.java:157)
	at com.kms.katalon.core.main.TestCaseMain$startTestSuite$0.call(Unknown Source)
	at TempTestSuite1601324593621.run(TempTestSuite1601324593621.groovy:39)
Caused by: org.openqa.selenium.TimeoutException: timeout: Timed out receiving message from renderer: 300.000
  (Session info: chrome=85.0.4183.121)
Build info: version: '3.141.59', revision: 'e82be7d358', time: '2018-11-14T08:25:53'
System info: host: 'c02yj0qyjgh7.lan', ip: 'fe80:0:0:0:8e5:6086:d883:e3f8%en0', os.name: 'Mac OS X', os.arch: 'x86_64', os.version: '10.15.6', java.version: '1.8.0_181'
Driver info: com.kms.katalon.selenium.driver.CChromeDriver
Capabilities {acceptInsecureCerts: false, browserName: chrome, browserVersion: 85.0.4183.121, chrome: {chromedriverVersion: 85.0.4183.87 (cd6713ebf92fa..., userDataDir: /var/folders/mk/mm0g76rn3_g...}, goog:chromeOptions: {debuggerAddress: localhost:53114}, javascriptEnabled: true, networkConnectionEnabled: false, pageLoadStrategy: normal, platform: MAC, platformName: MAC, proxy: Proxy(), setWindowRect: true, strictFileInteractability: false, timeouts: {implicit: 0, pageLoad: 300000, script: 30000}, unhandledPromptBehavior: dismiss and notify, webauthn:virtualAuthenticators: true}
Session ID: 3dbc0a9f270401ef04742734e1a5c347
	at org.openqa.selenium.remote.http.W3CHttpResponseCodec.createException(W3CHttpResponseCodec.java:187)
	at org.openqa.selenium.remote.http.W3CHttpResponseCodec.decode(W3CHttpResponseCodec.java:122)
	at org.openqa.selenium.remote.http.W3CHttpResponseCodec.decode(W3CHttpResponseCodec.java:49)
	at org.openqa.selenium.remote.HttpCommandExecutor.execute(HttpCommandExecutor.java:158)
	at org.openqa.selenium.remote.service.DriverCommandExecutor.execute(DriverCommandExecutor.java:83)
	at org.openqa.selenium.remote.RemoteWebDriver.execute(RemoteWebDriver.java:552)
	at com.kms.katalon.selenium.driver.CChromeDriver.execute(CChromeDriver.java:19)
	at org.openqa.selenium.remote.RemoteWebElement.execute(RemoteWebElement.java:285)
	at org.openqa.selenium.remote.RemoteWebElement.click(RemoteWebElement.java:84)
	at org.openqa.selenium.support.events.EventFiringWebDriver$EventFiringWebElement.lambda$new$0(EventFiringWebDriver.java:404)
	at com.sun.proxy.$Proxy9.click(Unknown Source)
	at org.openqa.selenium.support.events.EventFiringWebDriver$EventFiringWebElement.click(EventFiringWebDriver.java:417)
	at com.kms.katalon.core.webui.keyword.builtin.ClickKeyword$_click_closure1.doCall(ClickKeyword.groovy:69)
	at com.kms.katalon.core.webui.keyword.builtin.ClickKeyword$_click_closure1.call(ClickKeyword.groovy)
	at com.kms.katalon.core.webui.keyword.internal.WebUIKeywordMain.runKeyword(WebUIKeywordMain.groovy:20)
	... 19 more]]></system-err>
      </testcase>
      <testcase name="Test Cases/FG3D/FG3D Test - Stragetic" time="307.083" classname="Test Cases/FG3D/FG3D Test - Stragetic" status="FAILED">
         <failure type="FAILED" message="Test Cases/FG3D/FG3D Test - Stragetic FAILED.
Reason:
com.kms.katalon.core.exception.StepFailedException: Unable to click on object 'Object Repository/Page_Home  GRiD/a_CAC  GEOAxIS Login'
	at com.kms.katalon.core.webui.keyword.internal.WebUIKeywordMain.stepFailed(WebUIKeywordMain.groovy:64)
	at com.kms.katalon.core.webui.keyword.internal.WebUIKeywordMain.runKeyword(WebUIKeywordMain.groovy:26)
	at com.kms.katalon.core.webui.keyword.builtin.ClickKeyword.click(ClickKeyword.groovy:76)
	at com.kms.katalon.core.webui.keyword.builtin.ClickKeyword.execute(ClickKeyword.groovy:43)
	at com.kms.katalon.core.keyword.internal.KeywordExecutor.executeKeywordForPlatform(KeywordExecutor.groovy:73)
	at com.kms.katalon.core.webui.keyword.WebUiBuiltInKeywords.click(WebUiBuiltInKeywords.groovy:616)
	at com.kms.katalon.core.webui.keyword.WebUiBuiltInKeywords$click$1.call(Unknown Source)
	at FG3D Test - Stragetic.run(FG3D Test - Stragetic:24)
	at com.kms.katalon.core.main.ScriptEngine.run(ScriptEngine.java:194)
	at com.kms.katalon.core.main.ScriptEngine.runScriptAsRawText(ScriptEngine.java:119)
	at com.kms.katalon.core.main.TestCaseExecutor.runScript(TestCaseExecutor.java:339)
	at com.kms.katalon.core.main.TestCaseExecutor.doExecute(TestCaseExecutor.java:330)
	at com.kms.katalon.core.main.TestCaseExecutor.processExecutionPhase(TestCaseExecutor.java:309)
	at com.kms.katalon.core.main.TestCaseExecutor.accessMainPhase(TestCaseExecutor.java:301)
	at com.kms.katalon.core.main.TestCaseExecutor.execute(TestCaseExecutor.java:235)
	at com.kms.katalon.core.main.TestSuiteExecutor.accessTestCaseMainPhase(TestSuiteExecutor.java:191)
	at com.kms.katalon.core.main.TestSuiteExecutor.accessTestSuiteMainPhase(TestSuiteExecutor.java:141)
	at com.kms.katalon.core.main.TestSuiteExecutor.execute(TestSuiteExecutor.java:90)
	at com.kms.katalon.core.main.TestCaseMain.startTestSuite(TestCaseMain.java:157)
	at com.kms.katalon.core.main.TestCaseMain$startTestSuite$0.call(Unknown Source)
	at TempTestSuite1601324593621.run(TempTestSuite1601324593621.groovy:39)
Caused by: org.openqa.selenium.TimeoutException: timeout: Timed out receiving message from renderer: 300.000
  (Session info: chrome=85.0.4183.121)
Build info: version: '3.141.59', revision: 'e82be7d358', time: '2018-11-14T08:25:53'
System info: host: 'c02yj0qyjgh7.lan', ip: 'fe80:0:0:0:8e5:6086:d883:e3f8%en0', os.name: 'Mac OS X', os.arch: 'x86_64', os.version: '10.15.6', java.version: '1.8.0_181'
Driver info: com.kms.katalon.selenium.driver.CChromeDriver
Capabilities {acceptInsecureCerts: false, browserName: chrome, browserVersion: 85.0.4183.121, chrome: {chromedriverVersion: 85.0.4183.87 (cd6713ebf92fa..., userDataDir: /var/folders/mk/mm0g76rn3_g...}, goog:chromeOptions: {debuggerAddress: localhost:53261}, javascriptEnabled: true, networkConnectionEnabled: false, pageLoadStrategy: normal, platform: MAC, platformName: MAC, proxy: Proxy(), setWindowRect: true, strictFileInteractability: false, timeouts: {implicit: 0, pageLoad: 300000, script: 30000}, unhandledPromptBehavior: dismiss and notify, webauthn:virtualAuthenticators: true}
Session ID: 265b334ece2d6ee8b3abc44974899bf3
	at org.openqa.selenium.remote.http.W3CHttpResponseCodec.createException(W3CHttpResponseCodec.java:187)
	at org.openqa.selenium.remote.http.W3CHttpResponseCodec.decode(W3CHttpResponseCodec.java:122)
	at org.openqa.selenium.remote.http.W3CHttpResponseCodec.decode(W3CHttpResponseCodec.java:49)
	at org.openqa.selenium.remote.HttpCommandExecutor.execute(HttpCommandExecutor.java:158)
	at org.openqa.selenium.remote.service.DriverCommandExecutor.execute(DriverCommandExecutor.java:83)
	at org.openqa.selenium.remote.RemoteWebDriver.execute(RemoteWebDriver.java:552)
	at com.kms.katalon.selenium.driver.CChromeDriver.execute(CChromeDriver.java:19)
	at org.openqa.selenium.remote.RemoteWebElement.execute(RemoteWebElement.java:285)
	at org.openqa.selenium.remote.RemoteWebElement.click(RemoteWebElement.java:84)
	at org.openqa.selenium.support.events.EventFiringWebDriver$EventFiringWebElement.lambda$new$0(EventFiringWebDriver.java:404)
	at com.sun.proxy.$Proxy9.click(Unknown Source)
	at org.openqa.selenium.support.events.EventFiringWebDriver$EventFiringWebElement.click(EventFiringWebDriver.java:417)
	at com.kms.katalon.core.webui.keyword.builtin.ClickKeyword$_click_closure1.doCall(ClickKeyword.groovy:69)
	at com.kms.katalon.core.webui.keyword.builtin.ClickKeyword$_click_closure1.call(ClickKeyword.groovy)
	at com.kms.katalon.core.webui.keyword.internal.WebUIKeywordMain.runKeyword(WebUIKeywordMain.groovy:20)
	... 19 more
"/>
         <system-out><![CDATA[2020-09-28 17:32:52 - [TEST_CASE][FAILED] - Test Cases/FG3D/FG3D Test - Stragetic: Test Cases/FG3D/FG3D Test - Stragetic FAILED.
Reason:
com.kms.katalon.core.exception.StepFailedException: Unable to click on object 'Object Repository/Page_Home  GRiD/a_CAC  GEOAxIS Login'
	at com.kms.katalon.core.webui.keyword.internal.WebUIKeywordMain.stepFailed(WebUIKeywordMain.groovy:64)
	at com.kms.katalon.core.webui.keyword.internal.WebUIKeywordMain.runKeyword(WebUIKeywordMain.groovy:26)
	at com.kms.katalon.core.webui.keyword.builtin.ClickKeyword.click(ClickKeyword.groovy:76)
	at com.kms.katalon.core.webui.keyword.builtin.ClickKeyword.execute(ClickKeyword.groovy:43)
	at com.kms.katalon.core.keyword.internal.KeywordExecutor.executeKeywordForPlatform(KeywordExecutor.groovy:73)
	at com.kms.katalon.core.webui.keyword.WebUiBuiltInKeywords.click(WebUiBuiltInKeywords.groovy:616)
	at com.kms.katalon.core.webui.keyword.WebUiBuiltInKeywords$click$1.call(Unknown Source)
	at FG3D Test - Stragetic.run(FG3D Test - Stragetic:24)
	at com.kms.katalon.core.main.ScriptEngine.run(ScriptEngine.java:194)
	at com.kms.katalon.core.main.ScriptEngine.runScriptAsRawText(ScriptEngine.java:119)
	at com.kms.katalon.core.main.TestCaseExecutor.runScript(TestCaseExecutor.java:339)
	at com.kms.katalon.core.main.TestCaseExecutor.doExecute(TestCaseExecutor.java:330)
	at com.kms.katalon.core.main.TestCaseExecutor.processExecutionPhase(TestCaseExecutor.java:309)
	at com.kms.katalon.core.main.TestCaseExecutor.accessMainPhase(TestCaseExecutor.java:301)
	at com.kms.katalon.core.main.TestCaseExecutor.execute(TestCaseExecutor.java:235)
	at com.kms.katalon.core.main.TestSuiteExecutor.accessTestCaseMainPhase(TestSuiteExecutor.java:191)
	at com.kms.katalon.core.main.TestSuiteExecutor.accessTestSuiteMainPhase(TestSuiteExecutor.java:141)
	at com.kms.katalon.core.main.TestSuiteExecutor.execute(TestSuiteExecutor.java:90)
	at com.kms.katalon.core.main.TestCaseMain.startTestSuite(TestCaseMain.java:157)
	at com.kms.katalon.core.main.TestCaseMain$startTestSuite$0.call(Unknown Source)
	at TempTestSuite1601324593621.run(TempTestSuite1601324593621.groovy:39)
Caused by: org.openqa.selenium.TimeoutException: timeout: Timed out receiving message from renderer: 300.000
  (Session info: chrome=85.0.4183.121)
Build info: version: '3.141.59', revision: 'e82be7d358', time: '2018-11-14T08:25:53'
System info: host: 'c02yj0qyjgh7.lan', ip: 'fe80:0:0:0:8e5:6086:d883:e3f8%en0', os.name: 'Mac OS X', os.arch: 'x86_64', os.version: '10.15.6', java.version: '1.8.0_181'
Driver info: com.kms.katalon.selenium.driver.CChromeDriver
Capabilities {acceptInsecureCerts: false, browserName: chrome, browserVersion: 85.0.4183.121, chrome: {chromedriverVersion: 85.0.4183.87 (cd6713ebf92fa..., userDataDir: /var/folders/mk/mm0g76rn3_g...}, goog:chromeOptions: {debuggerAddress: localhost:53261}, javascriptEnabled: true, networkConnectionEnabled: false, pageLoadStrategy: normal, platform: MAC, platformName: MAC, proxy: Proxy(), setWindowRect: true, strictFileInteractability: false, timeouts: {implicit: 0, pageLoad: 300000, script: 30000}, unhandledPromptBehavior: dismiss and notify, webauthn:virtualAuthenticators: true}
Session ID: 265b334ece2d6ee8b3abc44974899bf3
	at org.openqa.selenium.remote.http.W3CHttpResponseCodec.createException(W3CHttpResponseCodec.java:187)
	at org.openqa.selenium.remote.http.W3CHttpResponseCodec.decode(W3CHttpResponseCodec.java:122)
	at org.openqa.selenium.remote.http.W3CHttpResponseCodec.decode(W3CHttpResponseCodec.java:49)
	at org.openqa.selenium.remote.HttpCommandExecutor.execute(HttpCommandExecutor.java:158)
	at org.openqa.selenium.remote.service.DriverCommandExecutor.execute(DriverCommandExecutor.java:83)
	at org.openqa.selenium.remote.RemoteWebDriver.execute(RemoteWebDriver.java:552)
	at com.kms.katalon.selenium.driver.CChromeDriver.execute(CChromeDriver.java:19)
	at org.openqa.selenium.remote.RemoteWebElement.execute(RemoteWebElement.java:285)
	at org.openqa.selenium.remote.RemoteWebElement.click(RemoteWebElement.java:84)
	at org.openqa.selenium.support.events.EventFiringWebDriver$EventFiringWebElement.lambda$new$0(EventFiringWebDriver.java:404)
	at com.sun.proxy.$Proxy9.click(Unknown Source)
	at org.openqa.selenium.support.events.EventFiringWebDriver$EventFiringWebElement.click(EventFiringWebDriver.java:417)
	at com.kms.katalon.core.webui.keyword.builtin.ClickKeyword$_click_closure1.doCall(ClickKeyword.groovy:69)
	at com.kms.katalon.core.webui.keyword.builtin.ClickKeyword$_click_closure1.call(ClickKeyword.groovy)
	at com.kms.katalon.core.webui.keyword.internal.WebUIKeywordMain.runKeyword(WebUIKeywordMain.groovy:20)
	... 19 more


2020-09-28 17:32:52 - [TEST_STEP][PASSED] - openBrowser(""): Browser is opened with url: ''

2020-09-28 17:32:52 - [MESSAGE][WARNING] - A browser is already opened. Closing browser and opening a new one

2020-09-28 17:32:52 - [MESSAGE][INFO] - Starting 'Chrome' driver

2020-09-28 17:32:52 - [MESSAGE][INFO] - Action delay is set to 0 milliseconds

2020-09-28 17:32:53 - [MESSAGE][PASSED] - Browser is opened with url: ''

2020-09-28 17:32:53 - [TEST_STEP][PASSED] - navigateToUrl("https://grid.nga.mil/testgrid/"): Navigate to 'https://grid.nga.mil/testgrid/' successfully

2020-09-28 17:32:57 - [MESSAGE][PASSED] - Navigate to 'https://grid.nga.mil/testgrid/' successfully

2020-09-28 17:32:57 - [TEST_STEP][FAILED] - click(findTestObject("Page_Home  GRiD/a_CAC  GEOAxIS Login")): Unable to click on object 'Object Repository/Page_Home  GRiD/a_CAC  GEOAxIS Login' (Root cause: com.kms.katalon.core.exception.StepFailedException: Unable to click on object 'Object Repository/Page_Home  GRiD/a_CAC  GEOAxIS Login'
	at com.kms.katalon.core.webui.keyword.internal.WebUIKeywordMain.stepFailed(WebUIKeywordMain.groovy:64)
	at com.kms.katalon.core.webui.keyword.internal.WebUIKeywordMain.runKeyword(WebUIKeywordMain.groovy:26)
	at com.kms.katalon.core.webui.keyword.builtin.ClickKeyword.click(ClickKeyword.groovy:76)
	at com.kms.katalon.core.webui.keyword.builtin.ClickKeyword.execute(ClickKeyword.groovy:43)
	at com.kms.katalon.core.keyword.internal.KeywordExecutor.executeKeywordForPlatform(KeywordExecutor.groovy:73)
	at com.kms.katalon.core.webui.keyword.WebUiBuiltInKeywords.click(WebUiBuiltInKeywords.groovy:616)
	at com.kms.katalon.core.webui.keyword.WebUiBuiltInKeywords$click$1.call(Unknown Source)
	at FG3D Test - Stragetic.run(FG3D Test - Stragetic:24)
	at com.kms.katalon.core.main.ScriptEngine.run(ScriptEngine.java:194)
	at com.kms.katalon.core.main.ScriptEngine.runScriptAsRawText(ScriptEngine.java:119)
	at com.kms.katalon.core.main.TestCaseExecutor.runScript(TestCaseExecutor.java:339)
	at com.kms.katalon.core.main.TestCaseExecutor.doExecute(TestCaseExecutor.java:330)
	at com.kms.katalon.core.main.TestCaseExecutor.processExecutionPhase(TestCaseExecutor.java:309)
	at com.kms.katalon.core.main.TestCaseExecutor.accessMainPhase(TestCaseExecutor.java:301)
	at com.kms.katalon.core.main.TestCaseExecutor.execute(TestCaseExecutor.java:235)
	at com.kms.katalon.core.main.TestSuiteExecutor.accessTestCaseMainPhase(TestSuiteExecutor.java:191)
	at com.kms.katalon.core.main.TestSuiteExecutor.accessTestSuiteMainPhase(TestSuiteExecutor.java:141)
	at com.kms.katalon.core.main.TestSuiteExecutor.execute(TestSuiteExecutor.java:90)
	at com.kms.katalon.core.main.TestCaseMain.startTestSuite(TestCaseMain.java:157)
	at com.kms.katalon.core.main.TestCaseMain$startTestSuite$0.call(Unknown Source)
	at TempTestSuite1601324593621.run(TempTestSuite1601324593621.groovy:39)
Caused by: org.openqa.selenium.TimeoutException: timeout: Timed out receiving message from renderer: 300.000
  (Session info: chrome=85.0.4183.121)
Build info: version: '3.141.59', revision: 'e82be7d358', time: '2018-11-14T08:25:53'
System info: host: 'c02yj0qyjgh7.lan', ip: 'fe80:0:0:0:8e5:6086:d883:e3f8%en0', os.name: 'Mac OS X', os.arch: 'x86_64', os.version: '10.15.6', java.version: '1.8.0_181'
Driver info: com.kms.katalon.selenium.driver.CChromeDriver
Capabilities {acceptInsecureCerts: false, browserName: chrome, browserVersion: 85.0.4183.121, chrome: {chromedriverVersion: 85.0.4183.87 (cd6713ebf92fa..., userDataDir: /var/folders/mk/mm0g76rn3_g...}, goog:chromeOptions: {debuggerAddress: localhost:53261}, javascriptEnabled: true, networkConnectionEnabled: false, pageLoadStrategy: normal, platform: MAC, platformName: MAC, proxy: Proxy(), setWindowRect: true, strictFileInteractability: false, timeouts: {implicit: 0, pageLoad: 300000, script: 30000}, unhandledPromptBehavior: dismiss and notify, webauthn:virtualAuthenticators: true}
Session ID: 265b334ece2d6ee8b3abc44974899bf3
	at org.openqa.selenium.remote.http.W3CHttpResponseCodec.createException(W3CHttpResponseCodec.java:187)
	at org.openqa.selenium.remote.http.W3CHttpResponseCodec.decode(W3CHttpResponseCodec.java:122)
	at org.openqa.selenium.remote.http.W3CHttpResponseCodec.decode(W3CHttpResponseCodec.java:49)
	at org.openqa.selenium.remote.HttpCommandExecutor.execute(HttpCommandExecutor.java:158)
	at org.openqa.selenium.remote.service.DriverCommandExecutor.execute(DriverCommandExecutor.java:83)
	at org.openqa.selenium.remote.RemoteWebDriver.execute(RemoteWebDriver.java:552)
	at com.kms.katalon.selenium.driver.CChromeDriver.execute(CChromeDriver.java:19)
	at org.openqa.selenium.remote.RemoteWebElement.execute(RemoteWebElement.java:285)
	at org.openqa.selenium.remote.RemoteWebElement.click(RemoteWebElement.java:84)
	at org.openqa.selenium.support.events.EventFiringWebDriver$EventFiringWebElement.lambda$new$0(EventFiringWebDriver.java:404)
	at com.sun.proxy.$Proxy9.click(Unknown Source)
	at org.openqa.selenium.support.events.EventFiringWebDriver$EventFiringWebElement.click(EventFiringWebDriver.java:417)
	at com.kms.katalon.core.webui.keyword.builtin.ClickKeyword$_click_closure1.doCall(ClickKeyword.groovy:69)
	at com.kms.katalon.core.webui.keyword.builtin.ClickKeyword$_click_closure1.call(ClickKeyword.groovy)
	at com.kms.katalon.core.webui.keyword.internal.WebUIKeywordMain.runKeyword(WebUIKeywordMain.groovy:20)
	at com.kms.katalon.core.webui.keyword.builtin.ClickKeyword.click(ClickKeyword.groovy:76)
	at com.kms.katalon.core.webui.keyword.builtin.ClickKeyword.execute(ClickKeyword.groovy:43)
	at com.kms.katalon.core.keyword.internal.KeywordExecutor.executeKeywordForPlatform(KeywordExecutor.groovy:73)
	at com.kms.katalon.core.webui.keyword.WebUiBuiltInKeywords.click(WebUiBuiltInKeywords.groovy:616)
	at com.kms.katalon.core.webui.keyword.WebUiBuiltInKeywords$click$1.call(Unknown Source)
	at Script1599149155505.run(Script1599149155505.groovy:24)
	... 13 more
)

2020-09-28 17:37:59 - [MESSAGE][FAILED] - Unable to click on object 'Object Repository/Page_Home  GRiD/a_CAC  GEOAxIS Login' (Root cause: com.kms.katalon.core.exception.StepFailedException: Unable to click on object 'Object Repository/Page_Home  GRiD/a_CAC  GEOAxIS Login'
	at com.kms.katalon.core.webui.keyword.internal.WebUIKeywordMain.stepFailed(WebUIKeywordMain.groovy:64)
	at com.kms.katalon.core.webui.keyword.internal.WebUIKeywordMain.runKeyword(WebUIKeywordMain.groovy:26)
	at com.kms.katalon.core.webui.keyword.builtin.ClickKeyword.click(ClickKeyword.groovy:76)
	at com.kms.katalon.core.webui.keyword.builtin.ClickKeyword.execute(ClickKeyword.groovy:43)
	at com.kms.katalon.core.keyword.internal.KeywordExecutor.executeKeywordForPlatform(KeywordExecutor.groovy:73)
	at com.kms.katalon.core.webui.keyword.WebUiBuiltInKeywords.click(WebUiBuiltInKeywords.groovy:616)
	at com.kms.katalon.core.webui.keyword.WebUiBuiltInKeywords$click$1.call(Unknown Source)
	at FG3D Test - Stragetic.run(FG3D Test - Stragetic:24)
	at com.kms.katalon.core.main.ScriptEngine.run(ScriptEngine.java:194)
	at com.kms.katalon.core.main.ScriptEngine.runScriptAsRawText(ScriptEngine.java:119)
	at com.kms.katalon.core.main.TestCaseExecutor.runScript(TestCaseExecutor.java:339)
	at com.kms.katalon.core.main.TestCaseExecutor.doExecute(TestCaseExecutor.java:330)
	at com.kms.katalon.core.main.TestCaseExecutor.processExecutionPhase(TestCaseExecutor.java:309)
	at com.kms.katalon.core.main.TestCaseExecutor.accessMainPhase(TestCaseExecutor.java:301)
	at com.kms.katalon.core.main.TestCaseExecutor.execute(TestCaseExecutor.java:235)
	at com.kms.katalon.core.main.TestSuiteExecutor.accessTestCaseMainPhase(TestSuiteExecutor.java:191)
	at com.kms.katalon.core.main.TestSuiteExecutor.accessTestSuiteMainPhase(TestSuiteExecutor.java:141)
	at com.kms.katalon.core.main.TestSuiteExecutor.execute(TestSuiteExecutor.java:90)
	at com.kms.katalon.core.main.TestCaseMain.startTestSuite(TestCaseMain.java:157)
	at com.kms.katalon.core.main.TestCaseMain$startTestSuite$0.call(Unknown Source)
	at TempTestSuite1601324593621.run(TempTestSuite1601324593621.groovy:39)
Caused by: org.openqa.selenium.TimeoutException: timeout: Timed out receiving message from renderer: 300.000
  (Session info: chrome=85.0.4183.121)
Build info: version: '3.141.59', revision: 'e82be7d358', time: '2018-11-14T08:25:53'
System info: host: 'c02yj0qyjgh7.lan', ip: 'fe80:0:0:0:8e5:6086:d883:e3f8%en0', os.name: 'Mac OS X', os.arch: 'x86_64', os.version: '10.15.6', java.version: '1.8.0_181'
Driver info: com.kms.katalon.selenium.driver.CChromeDriver
Capabilities {acceptInsecureCerts: false, browserName: chrome, browserVersion: 85.0.4183.121, chrome: {chromedriverVersion: 85.0.4183.87 (cd6713ebf92fa..., userDataDir: /var/folders/mk/mm0g76rn3_g...}, goog:chromeOptions: {debuggerAddress: localhost:53261}, javascriptEnabled: true, networkConnectionEnabled: false, pageLoadStrategy: normal, platform: MAC, platformName: MAC, proxy: Proxy(), setWindowRect: true, strictFileInteractability: false, timeouts: {implicit: 0, pageLoad: 300000, script: 30000}, unhandledPromptBehavior: dismiss and notify, webauthn:virtualAuthenticators: true}
Session ID: 265b334ece2d6ee8b3abc44974899bf3
	at org.openqa.selenium.remote.http.W3CHttpResponseCodec.createException(W3CHttpResponseCodec.java:187)
	at org.openqa.selenium.remote.http.W3CHttpResponseCodec.decode(W3CHttpResponseCodec.java:122)
	at org.openqa.selenium.remote.http.W3CHttpResponseCodec.decode(W3CHttpResponseCodec.java:49)
	at org.openqa.selenium.remote.HttpCommandExecutor.execute(HttpCommandExecutor.java:158)
	at org.openqa.selenium.remote.service.DriverCommandExecutor.execute(DriverCommandExecutor.java:83)
	at org.openqa.selenium.remote.RemoteWebDriver.execute(RemoteWebDriver.java:552)
	at com.kms.katalon.selenium.driver.CChromeDriver.execute(CChromeDriver.java:19)
	at org.openqa.selenium.remote.RemoteWebElement.execute(RemoteWebElement.java:285)
	at org.openqa.selenium.remote.RemoteWebElement.click(RemoteWebElement.java:84)
	at org.openqa.selenium.support.events.EventFiringWebDriver$EventFiringWebElement.lambda$new$0(EventFiringWebDriver.java:404)
	at com.sun.proxy.$Proxy9.click(Unknown Source)
	at org.openqa.selenium.support.events.EventFiringWebDriver$EventFiringWebElement.click(EventFiringWebDriver.java:417)
	at com.kms.katalon.core.webui.keyword.builtin.ClickKeyword$_click_closure1.doCall(ClickKeyword.groovy:69)
	at com.kms.katalon.core.webui.keyword.builtin.ClickKeyword$_click_closure1.call(ClickKeyword.groovy)
	at com.kms.katalon.core.webui.keyword.internal.WebUIKeywordMain.runKeyword(WebUIKeywordMain.groovy:20)
	at com.kms.katalon.core.webui.keyword.builtin.ClickKeyword.click(ClickKeyword.groovy:76)
	at com.kms.katalon.core.webui.keyword.builtin.ClickKeyword.execute(ClickKeyword.groovy:43)
	at com.kms.katalon.core.keyword.internal.KeywordExecutor.executeKeywordForPlatform(KeywordExecutor.groovy:73)
	at com.kms.katalon.core.webui.keyword.WebUiBuiltInKeywords.click(WebUiBuiltInKeywords.groovy:616)
	at com.kms.katalon.core.webui.keyword.WebUiBuiltInKeywords$click$1.call(Unknown Source)
	at Script1599149155505.run(Script1599149155505.groovy:24)
	... 13 more
)
[[ATTACHMENT|/Users/bhavikpatel/Downloads/Projects/CRREL/GRiD/Automation Testing/Automation Testing Project/KatalonTesting/Reports/20200928_162313/GRiD FG3D/20200928_162313/1601329078248.png]]]]></system-out>
         <system-err><![CDATA[2020-09-28 17:32:52 - [TEST_CASE][FAILED] - Test Cases/FG3D/FG3D Test - Stragetic: Test Cases/FG3D/FG3D Test - Stragetic FAILED.
Reason:
com.kms.katalon.core.exception.StepFailedException: Unable to click on object 'Object Repository/Page_Home  GRiD/a_CAC  GEOAxIS Login'
	at com.kms.katalon.core.webui.keyword.internal.WebUIKeywordMain.stepFailed(WebUIKeywordMain.groovy:64)
	at com.kms.katalon.core.webui.keyword.internal.WebUIKeywordMain.runKeyword(WebUIKeywordMain.groovy:26)
	at com.kms.katalon.core.webui.keyword.builtin.ClickKeyword.click(ClickKeyword.groovy:76)
	at com.kms.katalon.core.webui.keyword.builtin.ClickKeyword.execute(ClickKeyword.groovy:43)
	at com.kms.katalon.core.keyword.internal.KeywordExecutor.executeKeywordForPlatform(KeywordExecutor.groovy:73)
	at com.kms.katalon.core.webui.keyword.WebUiBuiltInKeywords.click(WebUiBuiltInKeywords.groovy:616)
	at com.kms.katalon.core.webui.keyword.WebUiBuiltInKeywords$click$1.call(Unknown Source)
	at FG3D Test - Stragetic.run(FG3D Test - Stragetic:24)
	at com.kms.katalon.core.main.ScriptEngine.run(ScriptEngine.java:194)
	at com.kms.katalon.core.main.ScriptEngine.runScriptAsRawText(ScriptEngine.java:119)
	at com.kms.katalon.core.main.TestCaseExecutor.runScript(TestCaseExecutor.java:339)
	at com.kms.katalon.core.main.TestCaseExecutor.doExecute(TestCaseExecutor.java:330)
	at com.kms.katalon.core.main.TestCaseExecutor.processExecutionPhase(TestCaseExecutor.java:309)
	at com.kms.katalon.core.main.TestCaseExecutor.accessMainPhase(TestCaseExecutor.java:301)
	at com.kms.katalon.core.main.TestCaseExecutor.execute(TestCaseExecutor.java:235)
	at com.kms.katalon.core.main.TestSuiteExecutor.accessTestCaseMainPhase(TestSuiteExecutor.java:191)
	at com.kms.katalon.core.main.TestSuiteExecutor.accessTestSuiteMainPhase(TestSuiteExecutor.java:141)
	at com.kms.katalon.core.main.TestSuiteExecutor.execute(TestSuiteExecutor.java:90)
	at com.kms.katalon.core.main.TestCaseMain.startTestSuite(TestCaseMain.java:157)
	at com.kms.katalon.core.main.TestCaseMain$startTestSuite$0.call(Unknown Source)
	at TempTestSuite1601324593621.run(TempTestSuite1601324593621.groovy:39)
Caused by: org.openqa.selenium.TimeoutException: timeout: Timed out receiving message from renderer: 300.000
  (Session info: chrome=85.0.4183.121)
Build info: version: '3.141.59', revision: 'e82be7d358', time: '2018-11-14T08:25:53'
System info: host: 'c02yj0qyjgh7.lan', ip: 'fe80:0:0:0:8e5:6086:d883:e3f8%en0', os.name: 'Mac OS X', os.arch: 'x86_64', os.version: '10.15.6', java.version: '1.8.0_181'
Driver info: com.kms.katalon.selenium.driver.CChromeDriver
Capabilities {acceptInsecureCerts: false, browserName: chrome, browserVersion: 85.0.4183.121, chrome: {chromedriverVersion: 85.0.4183.87 (cd6713ebf92fa..., userDataDir: /var/folders/mk/mm0g76rn3_g...}, goog:chromeOptions: {debuggerAddress: localhost:53261}, javascriptEnabled: true, networkConnectionEnabled: false, pageLoadStrategy: normal, platform: MAC, platformName: MAC, proxy: Proxy(), setWindowRect: true, strictFileInteractability: false, timeouts: {implicit: 0, pageLoad: 300000, script: 30000}, unhandledPromptBehavior: dismiss and notify, webauthn:virtualAuthenticators: true}
Session ID: 265b334ece2d6ee8b3abc44974899bf3
	at org.openqa.selenium.remote.http.W3CHttpResponseCodec.createException(W3CHttpResponseCodec.java:187)
	at org.openqa.selenium.remote.http.W3CHttpResponseCodec.decode(W3CHttpResponseCodec.java:122)
	at org.openqa.selenium.remote.http.W3CHttpResponseCodec.decode(W3CHttpResponseCodec.java:49)
	at org.openqa.selenium.remote.HttpCommandExecutor.execute(HttpCommandExecutor.java:158)
	at org.openqa.selenium.remote.service.DriverCommandExecutor.execute(DriverCommandExecutor.java:83)
	at org.openqa.selenium.remote.RemoteWebDriver.execute(RemoteWebDriver.java:552)
	at com.kms.katalon.selenium.driver.CChromeDriver.execute(CChromeDriver.java:19)
	at org.openqa.selenium.remote.RemoteWebElement.execute(RemoteWebElement.java:285)
	at org.openqa.selenium.remote.RemoteWebElement.click(RemoteWebElement.java:84)
	at org.openqa.selenium.support.events.EventFiringWebDriver$EventFiringWebElement.lambda$new$0(EventFiringWebDriver.java:404)
	at com.sun.proxy.$Proxy9.click(Unknown Source)
	at org.openqa.selenium.support.events.EventFiringWebDriver$EventFiringWebElement.click(EventFiringWebDriver.java:417)
	at com.kms.katalon.core.webui.keyword.builtin.ClickKeyword$_click_closure1.doCall(ClickKeyword.groovy:69)
	at com.kms.katalon.core.webui.keyword.builtin.ClickKeyword$_click_closure1.call(ClickKeyword.groovy)
	at com.kms.katalon.core.webui.keyword.internal.WebUIKeywordMain.runKeyword(WebUIKeywordMain.groovy:20)
	... 19 more]]></system-err>
      </testcase>
      <testcase name="Test Cases/FG3D/FG3D Test - Stragetic" time="304.36" classname="Test Cases/FG3D/FG3D Test - Stragetic" status="FAILED">
         <failure type="FAILED" message="Test Cases/FG3D/FG3D Test - Stragetic FAILED.
Reason:
com.kms.katalon.core.exception.StepFailedException: Unable to click on object 'Object Repository/Page_Home  GRiD/a_CAC  GEOAxIS Login'
	at com.kms.katalon.core.webui.keyword.internal.WebUIKeywordMain.stepFailed(WebUIKeywordMain.groovy:64)
	at com.kms.katalon.core.webui.keyword.internal.WebUIKeywordMain.runKeyword(WebUIKeywordMain.groovy:26)
	at com.kms.katalon.core.webui.keyword.builtin.ClickKeyword.click(ClickKeyword.groovy:76)
	at com.kms.katalon.core.webui.keyword.builtin.ClickKeyword.execute(ClickKeyword.groovy:43)
	at com.kms.katalon.core.keyword.internal.KeywordExecutor.executeKeywordForPlatform(KeywordExecutor.groovy:73)
	at com.kms.katalon.core.webui.keyword.WebUiBuiltInKeywords.click(WebUiBuiltInKeywords.groovy:616)
	at com.kms.katalon.core.webui.keyword.WebUiBuiltInKeywords$click$1.call(Unknown Source)
	at FG3D Test - Stragetic.run(FG3D Test - Stragetic:24)
	at com.kms.katalon.core.main.ScriptEngine.run(ScriptEngine.java:194)
	at com.kms.katalon.core.main.ScriptEngine.runScriptAsRawText(ScriptEngine.java:119)
	at com.kms.katalon.core.main.TestCaseExecutor.runScript(TestCaseExecutor.java:339)
	at com.kms.katalon.core.main.TestCaseExecutor.doExecute(TestCaseExecutor.java:330)
	at com.kms.katalon.core.main.TestCaseExecutor.processExecutionPhase(TestCaseExecutor.java:309)
	at com.kms.katalon.core.main.TestCaseExecutor.accessMainPhase(TestCaseExecutor.java:301)
	at com.kms.katalon.core.main.TestCaseExecutor.execute(TestCaseExecutor.java:235)
	at com.kms.katalon.core.main.TestSuiteExecutor.accessTestCaseMainPhase(TestSuiteExecutor.java:191)
	at com.kms.katalon.core.main.TestSuiteExecutor.accessTestSuiteMainPhase(TestSuiteExecutor.java:141)
	at com.kms.katalon.core.main.TestSuiteExecutor.execute(TestSuiteExecutor.java:90)
	at com.kms.katalon.core.main.TestCaseMain.startTestSuite(TestCaseMain.java:157)
	at com.kms.katalon.core.main.TestCaseMain$startTestSuite$0.call(Unknown Source)
	at TempTestSuite1601324593621.run(TempTestSuite1601324593621.groovy:39)
Caused by: org.openqa.selenium.TimeoutException: timeout: Timed out receiving message from renderer: 300.000
  (Session info: chrome=85.0.4183.121)
Build info: version: '3.141.59', revision: 'e82be7d358', time: '2018-11-14T08:25:53'
System info: host: 'c02yj0qyjgh7.lan', ip: 'fe80:0:0:0:8e5:6086:d883:e3f8%en0', os.name: 'Mac OS X', os.arch: 'x86_64', os.version: '10.15.6', java.version: '1.8.0_181'
Driver info: com.kms.katalon.selenium.driver.CChromeDriver
Capabilities {acceptInsecureCerts: false, browserName: chrome, browserVersion: 85.0.4183.121, chrome: {chromedriverVersion: 85.0.4183.87 (cd6713ebf92fa..., userDataDir: /var/folders/mk/mm0g76rn3_g...}, goog:chromeOptions: {debuggerAddress: localhost:53418}, javascriptEnabled: true, networkConnectionEnabled: false, pageLoadStrategy: normal, platform: MAC, platformName: MAC, proxy: Proxy(), setWindowRect: true, strictFileInteractability: false, timeouts: {implicit: 0, pageLoad: 300000, script: 30000}, unhandledPromptBehavior: dismiss and notify, webauthn:virtualAuthenticators: true}
Session ID: 437462da55488fdb3ed7a88dc22f8783
	at org.openqa.selenium.remote.http.W3CHttpResponseCodec.createException(W3CHttpResponseCodec.java:187)
	at org.openqa.selenium.remote.http.W3CHttpResponseCodec.decode(W3CHttpResponseCodec.java:122)
	at org.openqa.selenium.remote.http.W3CHttpResponseCodec.decode(W3CHttpResponseCodec.java:49)
	at org.openqa.selenium.remote.HttpCommandExecutor.execute(HttpCommandExecutor.java:158)
	at org.openqa.selenium.remote.service.DriverCommandExecutor.execute(DriverCommandExecutor.java:83)
	at org.openqa.selenium.remote.RemoteWebDriver.execute(RemoteWebDriver.java:552)
	at com.kms.katalon.selenium.driver.CChromeDriver.execute(CChromeDriver.java:19)
	at org.openqa.selenium.remote.RemoteWebElement.execute(RemoteWebElement.java:285)
	at org.openqa.selenium.remote.RemoteWebElement.click(RemoteWebElement.java:84)
	at org.openqa.selenium.support.events.EventFiringWebDriver$EventFiringWebElement.lambda$new$0(EventFiringWebDriver.java:404)
	at com.sun.proxy.$Proxy9.click(Unknown Source)
	at org.openqa.selenium.support.events.EventFiringWebDriver$EventFiringWebElement.click(EventFiringWebDriver.java:417)
	at com.kms.katalon.core.webui.keyword.builtin.ClickKeyword$_click_closure1.doCall(ClickKeyword.groovy:69)
	at com.kms.katalon.core.webui.keyword.builtin.ClickKeyword$_click_closure1.call(ClickKeyword.groovy)
	at com.kms.katalon.core.webui.keyword.internal.WebUIKeywordMain.runKeyword(WebUIKeywordMain.groovy:20)
	... 19 more
"/>
         <system-out><![CDATA[2020-09-28 17:37:59 - [TEST_CASE][FAILED] - Test Cases/FG3D/FG3D Test - Stragetic: Test Cases/FG3D/FG3D Test - Stragetic FAILED.
Reason:
com.kms.katalon.core.exception.StepFailedException: Unable to click on object 'Object Repository/Page_Home  GRiD/a_CAC  GEOAxIS Login'
	at com.kms.katalon.core.webui.keyword.internal.WebUIKeywordMain.stepFailed(WebUIKeywordMain.groovy:64)
	at com.kms.katalon.core.webui.keyword.internal.WebUIKeywordMain.runKeyword(WebUIKeywordMain.groovy:26)
	at com.kms.katalon.core.webui.keyword.builtin.ClickKeyword.click(ClickKeyword.groovy:76)
	at com.kms.katalon.core.webui.keyword.builtin.ClickKeyword.execute(ClickKeyword.groovy:43)
	at com.kms.katalon.core.keyword.internal.KeywordExecutor.executeKeywordForPlatform(KeywordExecutor.groovy:73)
	at com.kms.katalon.core.webui.keyword.WebUiBuiltInKeywords.click(WebUiBuiltInKeywords.groovy:616)
	at com.kms.katalon.core.webui.keyword.WebUiBuiltInKeywords$click$1.call(Unknown Source)
	at FG3D Test - Stragetic.run(FG3D Test - Stragetic:24)
	at com.kms.katalon.core.main.ScriptEngine.run(ScriptEngine.java:194)
	at com.kms.katalon.core.main.ScriptEngine.runScriptAsRawText(ScriptEngine.java:119)
	at com.kms.katalon.core.main.TestCaseExecutor.runScript(TestCaseExecutor.java:339)
	at com.kms.katalon.core.main.TestCaseExecutor.doExecute(TestCaseExecutor.java:330)
	at com.kms.katalon.core.main.TestCaseExecutor.processExecutionPhase(TestCaseExecutor.java:309)
	at com.kms.katalon.core.main.TestCaseExecutor.accessMainPhase(TestCaseExecutor.java:301)
	at com.kms.katalon.core.main.TestCaseExecutor.execute(TestCaseExecutor.java:235)
	at com.kms.katalon.core.main.TestSuiteExecutor.accessTestCaseMainPhase(TestSuiteExecutor.java:191)
	at com.kms.katalon.core.main.TestSuiteExecutor.accessTestSuiteMainPhase(TestSuiteExecutor.java:141)
	at com.kms.katalon.core.main.TestSuiteExecutor.execute(TestSuiteExecutor.java:90)
	at com.kms.katalon.core.main.TestCaseMain.startTestSuite(TestCaseMain.java:157)
	at com.kms.katalon.core.main.TestCaseMain$startTestSuite$0.call(Unknown Source)
	at TempTestSuite1601324593621.run(TempTestSuite1601324593621.groovy:39)
Caused by: org.openqa.selenium.TimeoutException: timeout: Timed out receiving message from renderer: 300.000
  (Session info: chrome=85.0.4183.121)
Build info: version: '3.141.59', revision: 'e82be7d358', time: '2018-11-14T08:25:53'
System info: host: 'c02yj0qyjgh7.lan', ip: 'fe80:0:0:0:8e5:6086:d883:e3f8%en0', os.name: 'Mac OS X', os.arch: 'x86_64', os.version: '10.15.6', java.version: '1.8.0_181'
Driver info: com.kms.katalon.selenium.driver.CChromeDriver
Capabilities {acceptInsecureCerts: false, browserName: chrome, browserVersion: 85.0.4183.121, chrome: {chromedriverVersion: 85.0.4183.87 (cd6713ebf92fa..., userDataDir: /var/folders/mk/mm0g76rn3_g...}, goog:chromeOptions: {debuggerAddress: localhost:53418}, javascriptEnabled: true, networkConnectionEnabled: false, pageLoadStrategy: normal, platform: MAC, platformName: MAC, proxy: Proxy(), setWindowRect: true, strictFileInteractability: false, timeouts: {implicit: 0, pageLoad: 300000, script: 30000}, unhandledPromptBehavior: dismiss and notify, webauthn:virtualAuthenticators: true}
Session ID: 437462da55488fdb3ed7a88dc22f8783
	at org.openqa.selenium.remote.http.W3CHttpResponseCodec.createException(W3CHttpResponseCodec.java:187)
	at org.openqa.selenium.remote.http.W3CHttpResponseCodec.decode(W3CHttpResponseCodec.java:122)
	at org.openqa.selenium.remote.http.W3CHttpResponseCodec.decode(W3CHttpResponseCodec.java:49)
	at org.openqa.selenium.remote.HttpCommandExecutor.execute(HttpCommandExecutor.java:158)
	at org.openqa.selenium.remote.service.DriverCommandExecutor.execute(DriverCommandExecutor.java:83)
	at org.openqa.selenium.remote.RemoteWebDriver.execute(RemoteWebDriver.java:552)
	at com.kms.katalon.selenium.driver.CChromeDriver.execute(CChromeDriver.java:19)
	at org.openqa.selenium.remote.RemoteWebElement.execute(RemoteWebElement.java:285)
	at org.openqa.selenium.remote.RemoteWebElement.click(RemoteWebElement.java:84)
	at org.openqa.selenium.support.events.EventFiringWebDriver$EventFiringWebElement.lambda$new$0(EventFiringWebDriver.java:404)
	at com.sun.proxy.$Proxy9.click(Unknown Source)
	at org.openqa.selenium.support.events.EventFiringWebDriver$EventFiringWebElement.click(EventFiringWebDriver.java:417)
	at com.kms.katalon.core.webui.keyword.builtin.ClickKeyword$_click_closure1.doCall(ClickKeyword.groovy:69)
	at com.kms.katalon.core.webui.keyword.builtin.ClickKeyword$_click_closure1.call(ClickKeyword.groovy)
	at com.kms.katalon.core.webui.keyword.internal.WebUIKeywordMain.runKeyword(WebUIKeywordMain.groovy:20)
	... 19 more


2020-09-28 17:37:59 - [TEST_STEP][PASSED] - openBrowser(""): Browser is opened with url: ''

2020-09-28 17:37:59 - [MESSAGE][WARNING] - A browser is already opened. Closing browser and opening a new one

2020-09-28 17:37:59 - [MESSAGE][INFO] - Starting 'Chrome' driver

2020-09-28 17:37:59 - [MESSAGE][INFO] - Action delay is set to 0 milliseconds

2020-09-28 17:38:00 - [MESSAGE][PASSED] - Browser is opened with url: ''

2020-09-28 17:38:00 - [TEST_STEP][PASSED] - navigateToUrl("https://grid.nga.mil/testgrid/"): Navigate to 'https://grid.nga.mil/testgrid/' successfully

2020-09-28 17:38:02 - [MESSAGE][PASSED] - Navigate to 'https://grid.nga.mil/testgrid/' successfully

2020-09-28 17:38:02 - [TEST_STEP][FAILED] - click(findTestObject("Page_Home  GRiD/a_CAC  GEOAxIS Login")): Unable to click on object 'Object Repository/Page_Home  GRiD/a_CAC  GEOAxIS Login' (Root cause: com.kms.katalon.core.exception.StepFailedException: Unable to click on object 'Object Repository/Page_Home  GRiD/a_CAC  GEOAxIS Login'
	at com.kms.katalon.core.webui.keyword.internal.WebUIKeywordMain.stepFailed(WebUIKeywordMain.groovy:64)
	at com.kms.katalon.core.webui.keyword.internal.WebUIKeywordMain.runKeyword(WebUIKeywordMain.groovy:26)
	at com.kms.katalon.core.webui.keyword.builtin.ClickKeyword.click(ClickKeyword.groovy:76)
	at com.kms.katalon.core.webui.keyword.builtin.ClickKeyword.execute(ClickKeyword.groovy:43)
	at com.kms.katalon.core.keyword.internal.KeywordExecutor.executeKeywordForPlatform(KeywordExecutor.groovy:73)
	at com.kms.katalon.core.webui.keyword.WebUiBuiltInKeywords.click(WebUiBuiltInKeywords.groovy:616)
	at com.kms.katalon.core.webui.keyword.WebUiBuiltInKeywords$click$1.call(Unknown Source)
	at FG3D Test - Stragetic.run(FG3D Test - Stragetic:24)
	at com.kms.katalon.core.main.ScriptEngine.run(ScriptEngine.java:194)
	at com.kms.katalon.core.main.ScriptEngine.runScriptAsRawText(ScriptEngine.java:119)
	at com.kms.katalon.core.main.TestCaseExecutor.runScript(TestCaseExecutor.java:339)
	at com.kms.katalon.core.main.TestCaseExecutor.doExecute(TestCaseExecutor.java:330)
	at com.kms.katalon.core.main.TestCaseExecutor.processExecutionPhase(TestCaseExecutor.java:309)
	at com.kms.katalon.core.main.TestCaseExecutor.accessMainPhase(TestCaseExecutor.java:301)
	at com.kms.katalon.core.main.TestCaseExecutor.execute(TestCaseExecutor.java:235)
	at com.kms.katalon.core.main.TestSuiteExecutor.accessTestCaseMainPhase(TestSuiteExecutor.java:191)
	at com.kms.katalon.core.main.TestSuiteExecutor.accessTestSuiteMainPhase(TestSuiteExecutor.java:141)
	at com.kms.katalon.core.main.TestSuiteExecutor.execute(TestSuiteExecutor.java:90)
	at com.kms.katalon.core.main.TestCaseMain.startTestSuite(TestCaseMain.java:157)
	at com.kms.katalon.core.main.TestCaseMain$startTestSuite$0.call(Unknown Source)
	at TempTestSuite1601324593621.run(TempTestSuite1601324593621.groovy:39)
Caused by: org.openqa.selenium.TimeoutException: timeout: Timed out receiving message from renderer: 300.000
  (Session info: chrome=85.0.4183.121)
Build info: version: '3.141.59', revision: 'e82be7d358', time: '2018-11-14T08:25:53'
System info: host: 'c02yj0qyjgh7.lan', ip: 'fe80:0:0:0:8e5:6086:d883:e3f8%en0', os.name: 'Mac OS X', os.arch: 'x86_64', os.version: '10.15.6', java.version: '1.8.0_181'
Driver info: com.kms.katalon.selenium.driver.CChromeDriver
Capabilities {acceptInsecureCerts: false, browserName: chrome, browserVersion: 85.0.4183.121, chrome: {chromedriverVersion: 85.0.4183.87 (cd6713ebf92fa..., userDataDir: /var/folders/mk/mm0g76rn3_g...}, goog:chromeOptions: {debuggerAddress: localhost:53418}, javascriptEnabled: true, networkConnectionEnabled: false, pageLoadStrategy: normal, platform: MAC, platformName: MAC, proxy: Proxy(), setWindowRect: true, strictFileInteractability: false, timeouts: {implicit: 0, pageLoad: 300000, script: 30000}, unhandledPromptBehavior: dismiss and notify, webauthn:virtualAuthenticators: true}
Session ID: 437462da55488fdb3ed7a88dc22f8783
	at org.openqa.selenium.remote.http.W3CHttpResponseCodec.createException(W3CHttpResponseCodec.java:187)
	at org.openqa.selenium.remote.http.W3CHttpResponseCodec.decode(W3CHttpResponseCodec.java:122)
	at org.openqa.selenium.remote.http.W3CHttpResponseCodec.decode(W3CHttpResponseCodec.java:49)
	at org.openqa.selenium.remote.HttpCommandExecutor.execute(HttpCommandExecutor.java:158)
	at org.openqa.selenium.remote.service.DriverCommandExecutor.execute(DriverCommandExecutor.java:83)
	at org.openqa.selenium.remote.RemoteWebDriver.execute(RemoteWebDriver.java:552)
	at com.kms.katalon.selenium.driver.CChromeDriver.execute(CChromeDriver.java:19)
	at org.openqa.selenium.remote.RemoteWebElement.execute(RemoteWebElement.java:285)
	at org.openqa.selenium.remote.RemoteWebElement.click(RemoteWebElement.java:84)
	at org.openqa.selenium.support.events.EventFiringWebDriver$EventFiringWebElement.lambda$new$0(EventFiringWebDriver.java:404)
	at com.sun.proxy.$Proxy9.click(Unknown Source)
	at org.openqa.selenium.support.events.EventFiringWebDriver$EventFiringWebElement.click(EventFiringWebDriver.java:417)
	at com.kms.katalon.core.webui.keyword.builtin.ClickKeyword$_click_closure1.doCall(ClickKeyword.groovy:69)
	at com.kms.katalon.core.webui.keyword.builtin.ClickKeyword$_click_closure1.call(ClickKeyword.groovy)
	at com.kms.katalon.core.webui.keyword.internal.WebUIKeywordMain.runKeyword(WebUIKeywordMain.groovy:20)
	at com.kms.katalon.core.webui.keyword.builtin.ClickKeyword.click(ClickKeyword.groovy:76)
	at com.kms.katalon.core.webui.keyword.builtin.ClickKeyword.execute(ClickKeyword.groovy:43)
	at com.kms.katalon.core.keyword.internal.KeywordExecutor.executeKeywordForPlatform(KeywordExecutor.groovy:73)
	at com.kms.katalon.core.webui.keyword.WebUiBuiltInKeywords.click(WebUiBuiltInKeywords.groovy:616)
	at com.kms.katalon.core.webui.keyword.WebUiBuiltInKeywords$click$1.call(Unknown Source)
	at Script1599149155505.run(Script1599149155505.groovy:24)
	... 13 more
)

2020-09-28 17:43:03 - [MESSAGE][FAILED] - Unable to click on object 'Object Repository/Page_Home  GRiD/a_CAC  GEOAxIS Login' (Root cause: com.kms.katalon.core.exception.StepFailedException: Unable to click on object 'Object Repository/Page_Home  GRiD/a_CAC  GEOAxIS Login'
	at com.kms.katalon.core.webui.keyword.internal.WebUIKeywordMain.stepFailed(WebUIKeywordMain.groovy:64)
	at com.kms.katalon.core.webui.keyword.internal.WebUIKeywordMain.runKeyword(WebUIKeywordMain.groovy:26)
	at com.kms.katalon.core.webui.keyword.builtin.ClickKeyword.click(ClickKeyword.groovy:76)
	at com.kms.katalon.core.webui.keyword.builtin.ClickKeyword.execute(ClickKeyword.groovy:43)
	at com.kms.katalon.core.keyword.internal.KeywordExecutor.executeKeywordForPlatform(KeywordExecutor.groovy:73)
	at com.kms.katalon.core.webui.keyword.WebUiBuiltInKeywords.click(WebUiBuiltInKeywords.groovy:616)
	at com.kms.katalon.core.webui.keyword.WebUiBuiltInKeywords$click$1.call(Unknown Source)
	at FG3D Test - Stragetic.run(FG3D Test - Stragetic:24)
	at com.kms.katalon.core.main.ScriptEngine.run(ScriptEngine.java:194)
	at com.kms.katalon.core.main.ScriptEngine.runScriptAsRawText(ScriptEngine.java:119)
	at com.kms.katalon.core.main.TestCaseExecutor.runScript(TestCaseExecutor.java:339)
	at com.kms.katalon.core.main.TestCaseExecutor.doExecute(TestCaseExecutor.java:330)
	at com.kms.katalon.core.main.TestCaseExecutor.processExecutionPhase(TestCaseExecutor.java:309)
	at com.kms.katalon.core.main.TestCaseExecutor.accessMainPhase(TestCaseExecutor.java:301)
	at com.kms.katalon.core.main.TestCaseExecutor.execute(TestCaseExecutor.java:235)
	at com.kms.katalon.core.main.TestSuiteExecutor.accessTestCaseMainPhase(TestSuiteExecutor.java:191)
	at com.kms.katalon.core.main.TestSuiteExecutor.accessTestSuiteMainPhase(TestSuiteExecutor.java:141)
	at com.kms.katalon.core.main.TestSuiteExecutor.execute(TestSuiteExecutor.java:90)
	at com.kms.katalon.core.main.TestCaseMain.startTestSuite(TestCaseMain.java:157)
	at com.kms.katalon.core.main.TestCaseMain$startTestSuite$0.call(Unknown Source)
	at TempTestSuite1601324593621.run(TempTestSuite1601324593621.groovy:39)
Caused by: org.openqa.selenium.TimeoutException: timeout: Timed out receiving message from renderer: 300.000
  (Session info: chrome=85.0.4183.121)
Build info: version: '3.141.59', revision: 'e82be7d358', time: '2018-11-14T08:25:53'
System info: host: 'c02yj0qyjgh7.lan', ip: 'fe80:0:0:0:8e5:6086:d883:e3f8%en0', os.name: 'Mac OS X', os.arch: 'x86_64', os.version: '10.15.6', java.version: '1.8.0_181'
Driver info: com.kms.katalon.selenium.driver.CChromeDriver
Capabilities {acceptInsecureCerts: false, browserName: chrome, browserVersion: 85.0.4183.121, chrome: {chromedriverVersion: 85.0.4183.87 (cd6713ebf92fa..., userDataDir: /var/folders/mk/mm0g76rn3_g...}, goog:chromeOptions: {debuggerAddress: localhost:53418}, javascriptEnabled: true, networkConnectionEnabled: false, pageLoadStrategy: normal, platform: MAC, platformName: MAC, proxy: Proxy(), setWindowRect: true, strictFileInteractability: false, timeouts: {implicit: 0, pageLoad: 300000, script: 30000}, unhandledPromptBehavior: dismiss and notify, webauthn:virtualAuthenticators: true}
Session ID: 437462da55488fdb3ed7a88dc22f8783
	at org.openqa.selenium.remote.http.W3CHttpResponseCodec.createException(W3CHttpResponseCodec.java:187)
	at org.openqa.selenium.remote.http.W3CHttpResponseCodec.decode(W3CHttpResponseCodec.java:122)
	at org.openqa.selenium.remote.http.W3CHttpResponseCodec.decode(W3CHttpResponseCodec.java:49)
	at org.openqa.selenium.remote.HttpCommandExecutor.execute(HttpCommandExecutor.java:158)
	at org.openqa.selenium.remote.service.DriverCommandExecutor.execute(DriverCommandExecutor.java:83)
	at org.openqa.selenium.remote.RemoteWebDriver.execute(RemoteWebDriver.java:552)
	at com.kms.katalon.selenium.driver.CChromeDriver.execute(CChromeDriver.java:19)
	at org.openqa.selenium.remote.RemoteWebElement.execute(RemoteWebElement.java:285)
	at org.openqa.selenium.remote.RemoteWebElement.click(RemoteWebElement.java:84)
	at org.openqa.selenium.support.events.EventFiringWebDriver$EventFiringWebElement.lambda$new$0(EventFiringWebDriver.java:404)
	at com.sun.proxy.$Proxy9.click(Unknown Source)
	at org.openqa.selenium.support.events.EventFiringWebDriver$EventFiringWebElement.click(EventFiringWebDriver.java:417)
	at com.kms.katalon.core.webui.keyword.builtin.ClickKeyword$_click_closure1.doCall(ClickKeyword.groovy:69)
	at com.kms.katalon.core.webui.keyword.builtin.ClickKeyword$_click_closure1.call(ClickKeyword.groovy)
	at com.kms.katalon.core.webui.keyword.internal.WebUIKeywordMain.runKeyword(WebUIKeywordMain.groovy:20)
	at com.kms.katalon.core.webui.keyword.builtin.ClickKeyword.click(ClickKeyword.groovy:76)
	at com.kms.katalon.core.webui.keyword.builtin.ClickKeyword.execute(ClickKeyword.groovy:43)
	at com.kms.katalon.core.keyword.internal.KeywordExecutor.executeKeywordForPlatform(KeywordExecutor.groovy:73)
	at com.kms.katalon.core.webui.keyword.WebUiBuiltInKeywords.click(WebUiBuiltInKeywords.groovy:616)
	at com.kms.katalon.core.webui.keyword.WebUiBuiltInKeywords$click$1.call(Unknown Source)
	at Script1599149155505.run(Script1599149155505.groovy:24)
	... 13 more
)
[[ATTACHMENT|/Users/bhavikpatel/Downloads/Projects/CRREL/GRiD/Automation Testing/Automation Testing Project/KatalonTesting/Reports/20200928_162313/GRiD FG3D/20200928_162313/1601329382617.png]]]]></system-out>
         <system-err><![CDATA[2020-09-28 17:37:59 - [TEST_CASE][FAILED] - Test Cases/FG3D/FG3D Test - Stragetic: Test Cases/FG3D/FG3D Test - Stragetic FAILED.
Reason:
com.kms.katalon.core.exception.StepFailedException: Unable to click on object 'Object Repository/Page_Home  GRiD/a_CAC  GEOAxIS Login'
	at com.kms.katalon.core.webui.keyword.internal.WebUIKeywordMain.stepFailed(WebUIKeywordMain.groovy:64)
	at com.kms.katalon.core.webui.keyword.internal.WebUIKeywordMain.runKeyword(WebUIKeywordMain.groovy:26)
	at com.kms.katalon.core.webui.keyword.builtin.ClickKeyword.click(ClickKeyword.groovy:76)
	at com.kms.katalon.core.webui.keyword.builtin.ClickKeyword.execute(ClickKeyword.groovy:43)
	at com.kms.katalon.core.keyword.internal.KeywordExecutor.executeKeywordForPlatform(KeywordExecutor.groovy:73)
	at com.kms.katalon.core.webui.keyword.WebUiBuiltInKeywords.click(WebUiBuiltInKeywords.groovy:616)
	at com.kms.katalon.core.webui.keyword.WebUiBuiltInKeywords$click$1.call(Unknown Source)
	at FG3D Test - Stragetic.run(FG3D Test - Stragetic:24)
	at com.kms.katalon.core.main.ScriptEngine.run(ScriptEngine.java:194)
	at com.kms.katalon.core.main.ScriptEngine.runScriptAsRawText(ScriptEngine.java:119)
	at com.kms.katalon.core.main.TestCaseExecutor.runScript(TestCaseExecutor.java:339)
	at com.kms.katalon.core.main.TestCaseExecutor.doExecute(TestCaseExecutor.java:330)
	at com.kms.katalon.core.main.TestCaseExecutor.processExecutionPhase(TestCaseExecutor.java:309)
	at com.kms.katalon.core.main.TestCaseExecutor.accessMainPhase(TestCaseExecutor.java:301)
	at com.kms.katalon.core.main.TestCaseExecutor.execute(TestCaseExecutor.java:235)
	at com.kms.katalon.core.main.TestSuiteExecutor.accessTestCaseMainPhase(TestSuiteExecutor.java:191)
	at com.kms.katalon.core.main.TestSuiteExecutor.accessTestSuiteMainPhase(TestSuiteExecutor.java:141)
	at com.kms.katalon.core.main.TestSuiteExecutor.execute(TestSuiteExecutor.java:90)
	at com.kms.katalon.core.main.TestCaseMain.startTestSuite(TestCaseMain.java:157)
	at com.kms.katalon.core.main.TestCaseMain$startTestSuite$0.call(Unknown Source)
	at TempTestSuite1601324593621.run(TempTestSuite1601324593621.groovy:39)
Caused by: org.openqa.selenium.TimeoutException: timeout: Timed out receiving message from renderer: 300.000
  (Session info: chrome=85.0.4183.121)
Build info: version: '3.141.59', revision: 'e82be7d358', time: '2018-11-14T08:25:53'
System info: host: 'c02yj0qyjgh7.lan', ip: 'fe80:0:0:0:8e5:6086:d883:e3f8%en0', os.name: 'Mac OS X', os.arch: 'x86_64', os.version: '10.15.6', java.version: '1.8.0_181'
Driver info: com.kms.katalon.selenium.driver.CChromeDriver
Capabilities {acceptInsecureCerts: false, browserName: chrome, browserVersion: 85.0.4183.121, chrome: {chromedriverVersion: 85.0.4183.87 (cd6713ebf92fa..., userDataDir: /var/folders/mk/mm0g76rn3_g...}, goog:chromeOptions: {debuggerAddress: localhost:53418}, javascriptEnabled: true, networkConnectionEnabled: false, pageLoadStrategy: normal, platform: MAC, platformName: MAC, proxy: Proxy(), setWindowRect: true, strictFileInteractability: false, timeouts: {implicit: 0, pageLoad: 300000, script: 30000}, unhandledPromptBehavior: dismiss and notify, webauthn:virtualAuthenticators: true}
Session ID: 437462da55488fdb3ed7a88dc22f8783
	at org.openqa.selenium.remote.http.W3CHttpResponseCodec.createException(W3CHttpResponseCodec.java:187)
	at org.openqa.selenium.remote.http.W3CHttpResponseCodec.decode(W3CHttpResponseCodec.java:122)
	at org.openqa.selenium.remote.http.W3CHttpResponseCodec.decode(W3CHttpResponseCodec.java:49)
	at org.openqa.selenium.remote.HttpCommandExecutor.execute(HttpCommandExecutor.java:158)
	at org.openqa.selenium.remote.service.DriverCommandExecutor.execute(DriverCommandExecutor.java:83)
	at org.openqa.selenium.remote.RemoteWebDriver.execute(RemoteWebDriver.java:552)
	at com.kms.katalon.selenium.driver.CChromeDriver.execute(CChromeDriver.java:19)
	at org.openqa.selenium.remote.RemoteWebElement.execute(RemoteWebElement.java:285)
	at org.openqa.selenium.remote.RemoteWebElement.click(RemoteWebElement.java:84)
	at org.openqa.selenium.support.events.EventFiringWebDriver$EventFiringWebElement.lambda$new$0(EventFiringWebDriver.java:404)
	at com.sun.proxy.$Proxy9.click(Unknown Source)
	at org.openqa.selenium.support.events.EventFiringWebDriver$EventFiringWebElement.click(EventFiringWebDriver.java:417)
	at com.kms.katalon.core.webui.keyword.builtin.ClickKeyword$_click_closure1.doCall(ClickKeyword.groovy:69)
	at com.kms.katalon.core.webui.keyword.builtin.ClickKeyword$_click_closure1.call(ClickKeyword.groovy)
	at com.kms.katalon.core.webui.keyword.internal.WebUIKeywordMain.runKeyword(WebUIKeywordMain.groovy:20)
	... 19 more]]></system-err>
      </testcase>
      <testcase name="Test Cases/FG3D/FG3D Test - Stragetic" time="306.13" classname="Test Cases/FG3D/FG3D Test - Stragetic" status="FAILED">
         <failure type="FAILED" message="Test Cases/FG3D/FG3D Test - Stragetic FAILED.
Reason:
com.kms.katalon.core.exception.StepFailedException: Unable to click on object 'Object Repository/Page_Home  GRiD/a_CAC  GEOAxIS Login'
	at com.kms.katalon.core.webui.keyword.internal.WebUIKeywordMain.stepFailed(WebUIKeywordMain.groovy:64)
	at com.kms.katalon.core.webui.keyword.internal.WebUIKeywordMain.runKeyword(WebUIKeywordMain.groovy:26)
	at com.kms.katalon.core.webui.keyword.builtin.ClickKeyword.click(ClickKeyword.groovy:76)
	at com.kms.katalon.core.webui.keyword.builtin.ClickKeyword.execute(ClickKeyword.groovy:43)
	at com.kms.katalon.core.keyword.internal.KeywordExecutor.executeKeywordForPlatform(KeywordExecutor.groovy:73)
	at com.kms.katalon.core.webui.keyword.WebUiBuiltInKeywords.click(WebUiBuiltInKeywords.groovy:616)
	at com.kms.katalon.core.webui.keyword.WebUiBuiltInKeywords$click$1.call(Unknown Source)
	at FG3D Test - Stragetic.run(FG3D Test - Stragetic:24)
	at com.kms.katalon.core.main.ScriptEngine.run(ScriptEngine.java:194)
	at com.kms.katalon.core.main.ScriptEngine.runScriptAsRawText(ScriptEngine.java:119)
	at com.kms.katalon.core.main.TestCaseExecutor.runScript(TestCaseExecutor.java:339)
	at com.kms.katalon.core.main.TestCaseExecutor.doExecute(TestCaseExecutor.java:330)
	at com.kms.katalon.core.main.TestCaseExecutor.processExecutionPhase(TestCaseExecutor.java:309)
	at com.kms.katalon.core.main.TestCaseExecutor.accessMainPhase(TestCaseExecutor.java:301)
	at com.kms.katalon.core.main.TestCaseExecutor.execute(TestCaseExecutor.java:235)
	at com.kms.katalon.core.main.TestSuiteExecutor.accessTestCaseMainPhase(TestSuiteExecutor.java:191)
	at com.kms.katalon.core.main.TestSuiteExecutor.accessTestSuiteMainPhase(TestSuiteExecutor.java:141)
	at com.kms.katalon.core.main.TestSuiteExecutor.execute(TestSuiteExecutor.java:90)
	at com.kms.katalon.core.main.TestCaseMain.startTestSuite(TestCaseMain.java:157)
	at com.kms.katalon.core.main.TestCaseMain$startTestSuite$0.call(Unknown Source)
	at TempTestSuite1601324593621.run(TempTestSuite1601324593621.groovy:39)
Caused by: org.openqa.selenium.TimeoutException: timeout: Timed out receiving message from renderer: 300.000
  (Session info: chrome=85.0.4183.121)
Build info: version: '3.141.59', revision: 'e82be7d358', time: '2018-11-14T08:25:53'
System info: host: 'c02yj0qyjgh7.lan', ip: 'fe80:0:0:0:8e5:6086:d883:e3f8%en0', os.name: 'Mac OS X', os.arch: 'x86_64', os.version: '10.15.6', java.version: '1.8.0_181'
Driver info: com.kms.katalon.selenium.driver.CChromeDriver
Capabilities {acceptInsecureCerts: false, browserName: chrome, browserVersion: 85.0.4183.121, chrome: {chromedriverVersion: 85.0.4183.87 (cd6713ebf92fa..., userDataDir: /var/folders/mk/mm0g76rn3_g...}, goog:chromeOptions: {debuggerAddress: localhost:53569}, javascriptEnabled: true, networkConnectionEnabled: false, pageLoadStrategy: normal, platform: MAC, platformName: MAC, proxy: Proxy(), setWindowRect: true, strictFileInteractability: false, timeouts: {implicit: 0, pageLoad: 300000, script: 30000}, unhandledPromptBehavior: dismiss and notify, webauthn:virtualAuthenticators: true}
Session ID: bd4e5ec301dbdad4c30d4aae7668b423
	at org.openqa.selenium.remote.http.W3CHttpResponseCodec.createException(W3CHttpResponseCodec.java:187)
	at org.openqa.selenium.remote.http.W3CHttpResponseCodec.decode(W3CHttpResponseCodec.java:122)
	at org.openqa.selenium.remote.http.W3CHttpResponseCodec.decode(W3CHttpResponseCodec.java:49)
	at org.openqa.selenium.remote.HttpCommandExecutor.execute(HttpCommandExecutor.java:158)
	at org.openqa.selenium.remote.service.DriverCommandExecutor.execute(DriverCommandExecutor.java:83)
	at org.openqa.selenium.remote.RemoteWebDriver.execute(RemoteWebDriver.java:552)
	at com.kms.katalon.selenium.driver.CChromeDriver.execute(CChromeDriver.java:19)
	at org.openqa.selenium.remote.RemoteWebElement.execute(RemoteWebElement.java:285)
	at org.openqa.selenium.remote.RemoteWebElement.click(RemoteWebElement.java:84)
	at org.openqa.selenium.support.events.EventFiringWebDriver$EventFiringWebElement.lambda$new$0(EventFiringWebDriver.java:404)
	at com.sun.proxy.$Proxy9.click(Unknown Source)
	at org.openqa.selenium.support.events.EventFiringWebDriver$EventFiringWebElement.click(EventFiringWebDriver.java:417)
	at com.kms.katalon.core.webui.keyword.builtin.ClickKeyword$_click_closure1.doCall(ClickKeyword.groovy:69)
	at com.kms.katalon.core.webui.keyword.builtin.ClickKeyword$_click_closure1.call(ClickKeyword.groovy)
	at com.kms.katalon.core.webui.keyword.internal.WebUIKeywordMain.runKeyword(WebUIKeywordMain.groovy:20)
	... 19 more
"/>
         <system-out><![CDATA[2020-09-28 17:43:03 - [TEST_CASE][FAILED] - Test Cases/FG3D/FG3D Test - Stragetic: Test Cases/FG3D/FG3D Test - Stragetic FAILED.
Reason:
com.kms.katalon.core.exception.StepFailedException: Unable to click on object 'Object Repository/Page_Home  GRiD/a_CAC  GEOAxIS Login'
	at com.kms.katalon.core.webui.keyword.internal.WebUIKeywordMain.stepFailed(WebUIKeywordMain.groovy:64)
	at com.kms.katalon.core.webui.keyword.internal.WebUIKeywordMain.runKeyword(WebUIKeywordMain.groovy:26)
	at com.kms.katalon.core.webui.keyword.builtin.ClickKeyword.click(ClickKeyword.groovy:76)
	at com.kms.katalon.core.webui.keyword.builtin.ClickKeyword.execute(ClickKeyword.groovy:43)
	at com.kms.katalon.core.keyword.internal.KeywordExecutor.executeKeywordForPlatform(KeywordExecutor.groovy:73)
	at com.kms.katalon.core.webui.keyword.WebUiBuiltInKeywords.click(WebUiBuiltInKeywords.groovy:616)
	at com.kms.katalon.core.webui.keyword.WebUiBuiltInKeywords$click$1.call(Unknown Source)
	at FG3D Test - Stragetic.run(FG3D Test - Stragetic:24)
	at com.kms.katalon.core.main.ScriptEngine.run(ScriptEngine.java:194)
	at com.kms.katalon.core.main.ScriptEngine.runScriptAsRawText(ScriptEngine.java:119)
	at com.kms.katalon.core.main.TestCaseExecutor.runScript(TestCaseExecutor.java:339)
	at com.kms.katalon.core.main.TestCaseExecutor.doExecute(TestCaseExecutor.java:330)
	at com.kms.katalon.core.main.TestCaseExecutor.processExecutionPhase(TestCaseExecutor.java:309)
	at com.kms.katalon.core.main.TestCaseExecutor.accessMainPhase(TestCaseExecutor.java:301)
	at com.kms.katalon.core.main.TestCaseExecutor.execute(TestCaseExecutor.java:235)
	at com.kms.katalon.core.main.TestSuiteExecutor.accessTestCaseMainPhase(TestSuiteExecutor.java:191)
	at com.kms.katalon.core.main.TestSuiteExecutor.accessTestSuiteMainPhase(TestSuiteExecutor.java:141)
	at com.kms.katalon.core.main.TestSuiteExecutor.execute(TestSuiteExecutor.java:90)
	at com.kms.katalon.core.main.TestCaseMain.startTestSuite(TestCaseMain.java:157)
	at com.kms.katalon.core.main.TestCaseMain$startTestSuite$0.call(Unknown Source)
	at TempTestSuite1601324593621.run(TempTestSuite1601324593621.groovy:39)
Caused by: org.openqa.selenium.TimeoutException: timeout: Timed out receiving message from renderer: 300.000
  (Session info: chrome=85.0.4183.121)
Build info: version: '3.141.59', revision: 'e82be7d358', time: '2018-11-14T08:25:53'
System info: host: 'c02yj0qyjgh7.lan', ip: 'fe80:0:0:0:8e5:6086:d883:e3f8%en0', os.name: 'Mac OS X', os.arch: 'x86_64', os.version: '10.15.6', java.version: '1.8.0_181'
Driver info: com.kms.katalon.selenium.driver.CChromeDriver
Capabilities {acceptInsecureCerts: false, browserName: chrome, browserVersion: 85.0.4183.121, chrome: {chromedriverVersion: 85.0.4183.87 (cd6713ebf92fa..., userDataDir: /var/folders/mk/mm0g76rn3_g...}, goog:chromeOptions: {debuggerAddress: localhost:53569}, javascriptEnabled: true, networkConnectionEnabled: false, pageLoadStrategy: normal, platform: MAC, platformName: MAC, proxy: Proxy(), setWindowRect: true, strictFileInteractability: false, timeouts: {implicit: 0, pageLoad: 300000, script: 30000}, unhandledPromptBehavior: dismiss and notify, webauthn:virtualAuthenticators: true}
Session ID: bd4e5ec301dbdad4c30d4aae7668b423
	at org.openqa.selenium.remote.http.W3CHttpResponseCodec.createException(W3CHttpResponseCodec.java:187)
	at org.openqa.selenium.remote.http.W3CHttpResponseCodec.decode(W3CHttpResponseCodec.java:122)
	at org.openqa.selenium.remote.http.W3CHttpResponseCodec.decode(W3CHttpResponseCodec.java:49)
	at org.openqa.selenium.remote.HttpCommandExecutor.execute(HttpCommandExecutor.java:158)
	at org.openqa.selenium.remote.service.DriverCommandExecutor.execute(DriverCommandExecutor.java:83)
	at org.openqa.selenium.remote.RemoteWebDriver.execute(RemoteWebDriver.java:552)
	at com.kms.katalon.selenium.driver.CChromeDriver.execute(CChromeDriver.java:19)
	at org.openqa.selenium.remote.RemoteWebElement.execute(RemoteWebElement.java:285)
	at org.openqa.selenium.remote.RemoteWebElement.click(RemoteWebElement.java:84)
	at org.openqa.selenium.support.events.EventFiringWebDriver$EventFiringWebElement.lambda$new$0(EventFiringWebDriver.java:404)
	at com.sun.proxy.$Proxy9.click(Unknown Source)
	at org.openqa.selenium.support.events.EventFiringWebDriver$EventFiringWebElement.click(EventFiringWebDriver.java:417)
	at com.kms.katalon.core.webui.keyword.builtin.ClickKeyword$_click_closure1.doCall(ClickKeyword.groovy:69)
	at com.kms.katalon.core.webui.keyword.builtin.ClickKeyword$_click_closure1.call(ClickKeyword.groovy)
	at com.kms.katalon.core.webui.keyword.internal.WebUIKeywordMain.runKeyword(WebUIKeywordMain.groovy:20)
	... 19 more


2020-09-28 17:43:03 - [TEST_STEP][PASSED] - openBrowser(""): Browser is opened with url: ''

2020-09-28 17:43:03 - [MESSAGE][WARNING] - A browser is already opened. Closing browser and opening a new one

2020-09-28 17:43:03 - [MESSAGE][INFO] - Starting 'Chrome' driver

2020-09-28 17:43:03 - [MESSAGE][INFO] - Action delay is set to 0 milliseconds

2020-09-28 17:43:04 - [MESSAGE][PASSED] - Browser is opened with url: ''

2020-09-28 17:43:04 - [TEST_STEP][PASSED] - navigateToUrl("https://grid.nga.mil/testgrid/"): Navigate to 'https://grid.nga.mil/testgrid/' successfully

2020-09-28 17:43:08 - [MESSAGE][PASSED] - Navigate to 'https://grid.nga.mil/testgrid/' successfully

2020-09-28 17:43:08 - [TEST_STEP][FAILED] - click(findTestObject("Page_Home  GRiD/a_CAC  GEOAxIS Login")): Unable to click on object 'Object Repository/Page_Home  GRiD/a_CAC  GEOAxIS Login' (Root cause: com.kms.katalon.core.exception.StepFailedException: Unable to click on object 'Object Repository/Page_Home  GRiD/a_CAC  GEOAxIS Login'
	at com.kms.katalon.core.webui.keyword.internal.WebUIKeywordMain.stepFailed(WebUIKeywordMain.groovy:64)
	at com.kms.katalon.core.webui.keyword.internal.WebUIKeywordMain.runKeyword(WebUIKeywordMain.groovy:26)
	at com.kms.katalon.core.webui.keyword.builtin.ClickKeyword.click(ClickKeyword.groovy:76)
	at com.kms.katalon.core.webui.keyword.builtin.ClickKeyword.execute(ClickKeyword.groovy:43)
	at com.kms.katalon.core.keyword.internal.KeywordExecutor.executeKeywordForPlatform(KeywordExecutor.groovy:73)
	at com.kms.katalon.core.webui.keyword.WebUiBuiltInKeywords.click(WebUiBuiltInKeywords.groovy:616)
	at com.kms.katalon.core.webui.keyword.WebUiBuiltInKeywords$click$1.call(Unknown Source)
	at FG3D Test - Stragetic.run(FG3D Test - Stragetic:24)
	at com.kms.katalon.core.main.ScriptEngine.run(ScriptEngine.java:194)
	at com.kms.katalon.core.main.ScriptEngine.runScriptAsRawText(ScriptEngine.java:119)
	at com.kms.katalon.core.main.TestCaseExecutor.runScript(TestCaseExecutor.java:339)
	at com.kms.katalon.core.main.TestCaseExecutor.doExecute(TestCaseExecutor.java:330)
	at com.kms.katalon.core.main.TestCaseExecutor.processExecutionPhase(TestCaseExecutor.java:309)
	at com.kms.katalon.core.main.TestCaseExecutor.accessMainPhase(TestCaseExecutor.java:301)
	at com.kms.katalon.core.main.TestCaseExecutor.execute(TestCaseExecutor.java:235)
	at com.kms.katalon.core.main.TestSuiteExecutor.accessTestCaseMainPhase(TestSuiteExecutor.java:191)
	at com.kms.katalon.core.main.TestSuiteExecutor.accessTestSuiteMainPhase(TestSuiteExecutor.java:141)
	at com.kms.katalon.core.main.TestSuiteExecutor.execute(TestSuiteExecutor.java:90)
	at com.kms.katalon.core.main.TestCaseMain.startTestSuite(TestCaseMain.java:157)
	at com.kms.katalon.core.main.TestCaseMain$startTestSuite$0.call(Unknown Source)
	at TempTestSuite1601324593621.run(TempTestSuite1601324593621.groovy:39)
Caused by: org.openqa.selenium.TimeoutException: timeout: Timed out receiving message from renderer: 300.000
  (Session info: chrome=85.0.4183.121)
Build info: version: '3.141.59', revision: 'e82be7d358', time: '2018-11-14T08:25:53'
System info: host: 'c02yj0qyjgh7.lan', ip: 'fe80:0:0:0:8e5:6086:d883:e3f8%en0', os.name: 'Mac OS X', os.arch: 'x86_64', os.version: '10.15.6', java.version: '1.8.0_181'
Driver info: com.kms.katalon.selenium.driver.CChromeDriver
Capabilities {acceptInsecureCerts: false, browserName: chrome, browserVersion: 85.0.4183.121, chrome: {chromedriverVersion: 85.0.4183.87 (cd6713ebf92fa..., userDataDir: /var/folders/mk/mm0g76rn3_g...}, goog:chromeOptions: {debuggerAddress: localhost:53569}, javascriptEnabled: true, networkConnectionEnabled: false, pageLoadStrategy: normal, platform: MAC, platformName: MAC, proxy: Proxy(), setWindowRect: true, strictFileInteractability: false, timeouts: {implicit: 0, pageLoad: 300000, script: 30000}, unhandledPromptBehavior: dismiss and notify, webauthn:virtualAuthenticators: true}
Session ID: bd4e5ec301dbdad4c30d4aae7668b423
	at org.openqa.selenium.remote.http.W3CHttpResponseCodec.createException(W3CHttpResponseCodec.java:187)
	at org.openqa.selenium.remote.http.W3CHttpResponseCodec.decode(W3CHttpResponseCodec.java:122)
	at org.openqa.selenium.remote.http.W3CHttpResponseCodec.decode(W3CHttpResponseCodec.java:49)
	at org.openqa.selenium.remote.HttpCommandExecutor.execute(HttpCommandExecutor.java:158)
	at org.openqa.selenium.remote.service.DriverCommandExecutor.execute(DriverCommandExecutor.java:83)
	at org.openqa.selenium.remote.RemoteWebDriver.execute(RemoteWebDriver.java:552)
	at com.kms.katalon.selenium.driver.CChromeDriver.execute(CChromeDriver.java:19)
	at org.openqa.selenium.remote.RemoteWebElement.execute(RemoteWebElement.java:285)
	at org.openqa.selenium.remote.RemoteWebElement.click(RemoteWebElement.java:84)
	at org.openqa.selenium.support.events.EventFiringWebDriver$EventFiringWebElement.lambda$new$0(EventFiringWebDriver.java:404)
	at com.sun.proxy.$Proxy9.click(Unknown Source)
	at org.openqa.selenium.support.events.EventFiringWebDriver$EventFiringWebElement.click(EventFiringWebDriver.java:417)
	at com.kms.katalon.core.webui.keyword.builtin.ClickKeyword$_click_closure1.doCall(ClickKeyword.groovy:69)
	at com.kms.katalon.core.webui.keyword.builtin.ClickKeyword$_click_closure1.call(ClickKeyword.groovy)
	at com.kms.katalon.core.webui.keyword.internal.WebUIKeywordMain.runKeyword(WebUIKeywordMain.groovy:20)
	at com.kms.katalon.core.webui.keyword.builtin.ClickKeyword.click(ClickKeyword.groovy:76)
	at com.kms.katalon.core.webui.keyword.builtin.ClickKeyword.execute(ClickKeyword.groovy:43)
	at com.kms.katalon.core.keyword.internal.KeywordExecutor.executeKeywordForPlatform(KeywordExecutor.groovy:73)
	at com.kms.katalon.core.webui.keyword.WebUiBuiltInKeywords.click(WebUiBuiltInKeywords.groovy:616)
	at com.kms.katalon.core.webui.keyword.WebUiBuiltInKeywords$click$1.call(Unknown Source)
	at Script1599149155505.run(Script1599149155505.groovy:24)
	... 13 more
)

2020-09-28 17:48:09 - [MESSAGE][FAILED] - Unable to click on object 'Object Repository/Page_Home  GRiD/a_CAC  GEOAxIS Login' (Root cause: com.kms.katalon.core.exception.StepFailedException: Unable to click on object 'Object Repository/Page_Home  GRiD/a_CAC  GEOAxIS Login'
	at com.kms.katalon.core.webui.keyword.internal.WebUIKeywordMain.stepFailed(WebUIKeywordMain.groovy:64)
	at com.kms.katalon.core.webui.keyword.internal.WebUIKeywordMain.runKeyword(WebUIKeywordMain.groovy:26)
	at com.kms.katalon.core.webui.keyword.builtin.ClickKeyword.click(ClickKeyword.groovy:76)
	at com.kms.katalon.core.webui.keyword.builtin.ClickKeyword.execute(ClickKeyword.groovy:43)
	at com.kms.katalon.core.keyword.internal.KeywordExecutor.executeKeywordForPlatform(KeywordExecutor.groovy:73)
	at com.kms.katalon.core.webui.keyword.WebUiBuiltInKeywords.click(WebUiBuiltInKeywords.groovy:616)
	at com.kms.katalon.core.webui.keyword.WebUiBuiltInKeywords$click$1.call(Unknown Source)
	at FG3D Test - Stragetic.run(FG3D Test - Stragetic:24)
	at com.kms.katalon.core.main.ScriptEngine.run(ScriptEngine.java:194)
	at com.kms.katalon.core.main.ScriptEngine.runScriptAsRawText(ScriptEngine.java:119)
	at com.kms.katalon.core.main.TestCaseExecutor.runScript(TestCaseExecutor.java:339)
	at com.kms.katalon.core.main.TestCaseExecutor.doExecute(TestCaseExecutor.java:330)
	at com.kms.katalon.core.main.TestCaseExecutor.processExecutionPhase(TestCaseExecutor.java:309)
	at com.kms.katalon.core.main.TestCaseExecutor.accessMainPhase(TestCaseExecutor.java:301)
	at com.kms.katalon.core.main.TestCaseExecutor.execute(TestCaseExecutor.java:235)
	at com.kms.katalon.core.main.TestSuiteExecutor.accessTestCaseMainPhase(TestSuiteExecutor.java:191)
	at com.kms.katalon.core.main.TestSuiteExecutor.accessTestSuiteMainPhase(TestSuiteExecutor.java:141)
	at com.kms.katalon.core.main.TestSuiteExecutor.execute(TestSuiteExecutor.java:90)
	at com.kms.katalon.core.main.TestCaseMain.startTestSuite(TestCaseMain.java:157)
	at com.kms.katalon.core.main.TestCaseMain$startTestSuite$0.call(Unknown Source)
	at TempTestSuite1601324593621.run(TempTestSuite1601324593621.groovy:39)
Caused by: org.openqa.selenium.TimeoutException: timeout: Timed out receiving message from renderer: 300.000
  (Session info: chrome=85.0.4183.121)
Build info: version: '3.141.59', revision: 'e82be7d358', time: '2018-11-14T08:25:53'
System info: host: 'c02yj0qyjgh7.lan', ip: 'fe80:0:0:0:8e5:6086:d883:e3f8%en0', os.name: 'Mac OS X', os.arch: 'x86_64', os.version: '10.15.6', java.version: '1.8.0_181'
Driver info: com.kms.katalon.selenium.driver.CChromeDriver
Capabilities {acceptInsecureCerts: false, browserName: chrome, browserVersion: 85.0.4183.121, chrome: {chromedriverVersion: 85.0.4183.87 (cd6713ebf92fa..., userDataDir: /var/folders/mk/mm0g76rn3_g...}, goog:chromeOptions: {debuggerAddress: localhost:53569}, javascriptEnabled: true, networkConnectionEnabled: false, pageLoadStrategy: normal, platform: MAC, platformName: MAC, proxy: Proxy(), setWindowRect: true, strictFileInteractability: false, timeouts: {implicit: 0, pageLoad: 300000, script: 30000}, unhandledPromptBehavior: dismiss and notify, webauthn:virtualAuthenticators: true}
Session ID: bd4e5ec301dbdad4c30d4aae7668b423
	at org.openqa.selenium.remote.http.W3CHttpResponseCodec.createException(W3CHttpResponseCodec.java:187)
	at org.openqa.selenium.remote.http.W3CHttpResponseCodec.decode(W3CHttpResponseCodec.java:122)
	at org.openqa.selenium.remote.http.W3CHttpResponseCodec.decode(W3CHttpResponseCodec.java:49)
	at org.openqa.selenium.remote.HttpCommandExecutor.execute(HttpCommandExecutor.java:158)
	at org.openqa.selenium.remote.service.DriverCommandExecutor.execute(DriverCommandExecutor.java:83)
	at org.openqa.selenium.remote.RemoteWebDriver.execute(RemoteWebDriver.java:552)
	at com.kms.katalon.selenium.driver.CChromeDriver.execute(CChromeDriver.java:19)
	at org.openqa.selenium.remote.RemoteWebElement.execute(RemoteWebElement.java:285)
	at org.openqa.selenium.remote.RemoteWebElement.click(RemoteWebElement.java:84)
	at org.openqa.selenium.support.events.EventFiringWebDriver$EventFiringWebElement.lambda$new$0(EventFiringWebDriver.java:404)
	at com.sun.proxy.$Proxy9.click(Unknown Source)
	at org.openqa.selenium.support.events.EventFiringWebDriver$EventFiringWebElement.click(EventFiringWebDriver.java:417)
	at com.kms.katalon.core.webui.keyword.builtin.ClickKeyword$_click_closure1.doCall(ClickKeyword.groovy:69)
	at com.kms.katalon.core.webui.keyword.builtin.ClickKeyword$_click_closure1.call(ClickKeyword.groovy)
	at com.kms.katalon.core.webui.keyword.internal.WebUIKeywordMain.runKeyword(WebUIKeywordMain.groovy:20)
	at com.kms.katalon.core.webui.keyword.builtin.ClickKeyword.click(ClickKeyword.groovy:76)
	at com.kms.katalon.core.webui.keyword.builtin.ClickKeyword.execute(ClickKeyword.groovy:43)
	at com.kms.katalon.core.keyword.internal.KeywordExecutor.executeKeywordForPlatform(KeywordExecutor.groovy:73)
	at com.kms.katalon.core.webui.keyword.WebUiBuiltInKeywords.click(WebUiBuiltInKeywords.groovy:616)
	at com.kms.katalon.core.webui.keyword.WebUiBuiltInKeywords$click$1.call(Unknown Source)
	at Script1599149155505.run(Script1599149155505.groovy:24)
	... 13 more
)
[[ATTACHMENT|/Users/bhavikpatel/Downloads/Projects/CRREL/GRiD/Automation Testing/Automation Testing Project/KatalonTesting/Reports/20200928_162313/GRiD FG3D/20200928_162313/1601329688757.png]]]]></system-out>
         <system-err><![CDATA[2020-09-28 17:43:03 - [TEST_CASE][FAILED] - Test Cases/FG3D/FG3D Test - Stragetic: Test Cases/FG3D/FG3D Test - Stragetic FAILED.
Reason:
com.kms.katalon.core.exception.StepFailedException: Unable to click on object 'Object Repository/Page_Home  GRiD/a_CAC  GEOAxIS Login'
	at com.kms.katalon.core.webui.keyword.internal.WebUIKeywordMain.stepFailed(WebUIKeywordMain.groovy:64)
	at com.kms.katalon.core.webui.keyword.internal.WebUIKeywordMain.runKeyword(WebUIKeywordMain.groovy:26)
	at com.kms.katalon.core.webui.keyword.builtin.ClickKeyword.click(ClickKeyword.groovy:76)
	at com.kms.katalon.core.webui.keyword.builtin.ClickKeyword.execute(ClickKeyword.groovy:43)
	at com.kms.katalon.core.keyword.internal.KeywordExecutor.executeKeywordForPlatform(KeywordExecutor.groovy:73)
	at com.kms.katalon.core.webui.keyword.WebUiBuiltInKeywords.click(WebUiBuiltInKeywords.groovy:616)
	at com.kms.katalon.core.webui.keyword.WebUiBuiltInKeywords$click$1.call(Unknown Source)
	at FG3D Test - Stragetic.run(FG3D Test - Stragetic:24)
	at com.kms.katalon.core.main.ScriptEngine.run(ScriptEngine.java:194)
	at com.kms.katalon.core.main.ScriptEngine.runScriptAsRawText(ScriptEngine.java:119)
	at com.kms.katalon.core.main.TestCaseExecutor.runScript(TestCaseExecutor.java:339)
	at com.kms.katalon.core.main.TestCaseExecutor.doExecute(TestCaseExecutor.java:330)
	at com.kms.katalon.core.main.TestCaseExecutor.processExecutionPhase(TestCaseExecutor.java:309)
	at com.kms.katalon.core.main.TestCaseExecutor.accessMainPhase(TestCaseExecutor.java:301)
	at com.kms.katalon.core.main.TestCaseExecutor.execute(TestCaseExecutor.java:235)
	at com.kms.katalon.core.main.TestSuiteExecutor.accessTestCaseMainPhase(TestSuiteExecutor.java:191)
	at com.kms.katalon.core.main.TestSuiteExecutor.accessTestSuiteMainPhase(TestSuiteExecutor.java:141)
	at com.kms.katalon.core.main.TestSuiteExecutor.execute(TestSuiteExecutor.java:90)
	at com.kms.katalon.core.main.TestCaseMain.startTestSuite(TestCaseMain.java:157)
	at com.kms.katalon.core.main.TestCaseMain$startTestSuite$0.call(Unknown Source)
	at TempTestSuite1601324593621.run(TempTestSuite1601324593621.groovy:39)
Caused by: org.openqa.selenium.TimeoutException: timeout: Timed out receiving message from renderer: 300.000
  (Session info: chrome=85.0.4183.121)
Build info: version: '3.141.59', revision: 'e82be7d358', time: '2018-11-14T08:25:53'
System info: host: 'c02yj0qyjgh7.lan', ip: 'fe80:0:0:0:8e5:6086:d883:e3f8%en0', os.name: 'Mac OS X', os.arch: 'x86_64', os.version: '10.15.6', java.version: '1.8.0_181'
Driver info: com.kms.katalon.selenium.driver.CChromeDriver
Capabilities {acceptInsecureCerts: false, browserName: chrome, browserVersion: 85.0.4183.121, chrome: {chromedriverVersion: 85.0.4183.87 (cd6713ebf92fa..., userDataDir: /var/folders/mk/mm0g76rn3_g...}, goog:chromeOptions: {debuggerAddress: localhost:53569}, javascriptEnabled: true, networkConnectionEnabled: false, pageLoadStrategy: normal, platform: MAC, platformName: MAC, proxy: Proxy(), setWindowRect: true, strictFileInteractability: false, timeouts: {implicit: 0, pageLoad: 300000, script: 30000}, unhandledPromptBehavior: dismiss and notify, webauthn:virtualAuthenticators: true}
Session ID: bd4e5ec301dbdad4c30d4aae7668b423
	at org.openqa.selenium.remote.http.W3CHttpResponseCodec.createException(W3CHttpResponseCodec.java:187)
	at org.openqa.selenium.remote.http.W3CHttpResponseCodec.decode(W3CHttpResponseCodec.java:122)
	at org.openqa.selenium.remote.http.W3CHttpResponseCodec.decode(W3CHttpResponseCodec.java:49)
	at org.openqa.selenium.remote.HttpCommandExecutor.execute(HttpCommandExecutor.java:158)
	at org.openqa.selenium.remote.service.DriverCommandExecutor.execute(DriverCommandExecutor.java:83)
	at org.openqa.selenium.remote.RemoteWebDriver.execute(RemoteWebDriver.java:552)
	at com.kms.katalon.selenium.driver.CChromeDriver.execute(CChromeDriver.java:19)
	at org.openqa.selenium.remote.RemoteWebElement.execute(RemoteWebElement.java:285)
	at org.openqa.selenium.remote.RemoteWebElement.click(RemoteWebElement.java:84)
	at org.openqa.selenium.support.events.EventFiringWebDriver$EventFiringWebElement.lambda$new$0(EventFiringWebDriver.java:404)
	at com.sun.proxy.$Proxy9.click(Unknown Source)
	at org.openqa.selenium.support.events.EventFiringWebDriver$EventFiringWebElement.click(EventFiringWebDriver.java:417)
	at com.kms.katalon.core.webui.keyword.builtin.ClickKeyword$_click_closure1.doCall(ClickKeyword.groovy:69)
	at com.kms.katalon.core.webui.keyword.builtin.ClickKeyword$_click_closure1.call(ClickKeyword.groovy)
	at com.kms.katalon.core.webui.keyword.internal.WebUIKeywordMain.runKeyword(WebUIKeywordMain.groovy:20)
	... 19 more]]></system-err>
      </testcase>
      <testcase name="Test Cases/FG3D/FG3D Test - Stragetic" time="305.369" classname="Test Cases/FG3D/FG3D Test - Stragetic" status="FAILED">
         <failure type="FAILED" message="Test Cases/FG3D/FG3D Test - Stragetic FAILED.
Reason:
com.kms.katalon.core.exception.StepFailedException: Unable to click on object 'Object Repository/Page_Home  GRiD/a_CAC  GEOAxIS Login'
	at com.kms.katalon.core.webui.keyword.internal.WebUIKeywordMain.stepFailed(WebUIKeywordMain.groovy:64)
	at com.kms.katalon.core.webui.keyword.internal.WebUIKeywordMain.runKeyword(WebUIKeywordMain.groovy:26)
	at com.kms.katalon.core.webui.keyword.builtin.ClickKeyword.click(ClickKeyword.groovy:76)
	at com.kms.katalon.core.webui.keyword.builtin.ClickKeyword.execute(ClickKeyword.groovy:43)
	at com.kms.katalon.core.keyword.internal.KeywordExecutor.executeKeywordForPlatform(KeywordExecutor.groovy:73)
	at com.kms.katalon.core.webui.keyword.WebUiBuiltInKeywords.click(WebUiBuiltInKeywords.groovy:616)
	at com.kms.katalon.core.webui.keyword.WebUiBuiltInKeywords$click$1.call(Unknown Source)
	at FG3D Test - Stragetic.run(FG3D Test - Stragetic:24)
	at com.kms.katalon.core.main.ScriptEngine.run(ScriptEngine.java:194)
	at com.kms.katalon.core.main.ScriptEngine.runScriptAsRawText(ScriptEngine.java:119)
	at com.kms.katalon.core.main.TestCaseExecutor.runScript(TestCaseExecutor.java:339)
	at com.kms.katalon.core.main.TestCaseExecutor.doExecute(TestCaseExecutor.java:330)
	at com.kms.katalon.core.main.TestCaseExecutor.processExecutionPhase(TestCaseExecutor.java:309)
	at com.kms.katalon.core.main.TestCaseExecutor.accessMainPhase(TestCaseExecutor.java:301)
	at com.kms.katalon.core.main.TestCaseExecutor.execute(TestCaseExecutor.java:235)
	at com.kms.katalon.core.main.TestSuiteExecutor.accessTestCaseMainPhase(TestSuiteExecutor.java:191)
	at com.kms.katalon.core.main.TestSuiteExecutor.accessTestSuiteMainPhase(TestSuiteExecutor.java:141)
	at com.kms.katalon.core.main.TestSuiteExecutor.execute(TestSuiteExecutor.java:90)
	at com.kms.katalon.core.main.TestCaseMain.startTestSuite(TestCaseMain.java:157)
	at com.kms.katalon.core.main.TestCaseMain$startTestSuite$0.call(Unknown Source)
	at TempTestSuite1601324593621.run(TempTestSuite1601324593621.groovy:39)
Caused by: org.openqa.selenium.TimeoutException: timeout: Timed out receiving message from renderer: 300.000
  (Session info: chrome=85.0.4183.121)
Build info: version: '3.141.59', revision: 'e82be7d358', time: '2018-11-14T08:25:53'
System info: host: 'c02yj0qyjgh7.lan', ip: 'fe80:0:0:0:8e5:6086:d883:e3f8%en0', os.name: 'Mac OS X', os.arch: 'x86_64', os.version: '10.15.6', java.version: '1.8.0_181'
Driver info: com.kms.katalon.selenium.driver.CChromeDriver
Capabilities {acceptInsecureCerts: false, browserName: chrome, browserVersion: 85.0.4183.121, chrome: {chromedriverVersion: 85.0.4183.87 (cd6713ebf92fa..., userDataDir: /var/folders/mk/mm0g76rn3_g...}, goog:chromeOptions: {debuggerAddress: localhost:53724}, javascriptEnabled: true, networkConnectionEnabled: false, pageLoadStrategy: normal, platform: MAC, platformName: MAC, proxy: Proxy(), setWindowRect: true, strictFileInteractability: false, timeouts: {implicit: 0, pageLoad: 300000, script: 30000}, unhandledPromptBehavior: dismiss and notify, webauthn:virtualAuthenticators: true}
Session ID: d9bf91751c92d815b6c1cb54d3074f81
	at org.openqa.selenium.remote.http.W3CHttpResponseCodec.createException(W3CHttpResponseCodec.java:187)
	at org.openqa.selenium.remote.http.W3CHttpResponseCodec.decode(W3CHttpResponseCodec.java:122)
	at org.openqa.selenium.remote.http.W3CHttpResponseCodec.decode(W3CHttpResponseCodec.java:49)
	at org.openqa.selenium.remote.HttpCommandExecutor.execute(HttpCommandExecutor.java:158)
	at org.openqa.selenium.remote.service.DriverCommandExecutor.execute(DriverCommandExecutor.java:83)
	at org.openqa.selenium.remote.RemoteWebDriver.execute(RemoteWebDriver.java:552)
	at com.kms.katalon.selenium.driver.CChromeDriver.execute(CChromeDriver.java:19)
	at org.openqa.selenium.remote.RemoteWebElement.execute(RemoteWebElement.java:285)
	at org.openqa.selenium.remote.RemoteWebElement.click(RemoteWebElement.java:84)
	at org.openqa.selenium.support.events.EventFiringWebDriver$EventFiringWebElement.lambda$new$0(EventFiringWebDriver.java:404)
	at com.sun.proxy.$Proxy9.click(Unknown Source)
	at org.openqa.selenium.support.events.EventFiringWebDriver$EventFiringWebElement.click(EventFiringWebDriver.java:417)
	at com.kms.katalon.core.webui.keyword.builtin.ClickKeyword$_click_closure1.doCall(ClickKeyword.groovy:69)
	at com.kms.katalon.core.webui.keyword.builtin.ClickKeyword$_click_closure1.call(ClickKeyword.groovy)
	at com.kms.katalon.core.webui.keyword.internal.WebUIKeywordMain.runKeyword(WebUIKeywordMain.groovy:20)
	... 19 more
"/>
         <system-out><![CDATA[2020-09-28 17:48:09 - [TEST_CASE][FAILED] - Test Cases/FG3D/FG3D Test - Stragetic: Test Cases/FG3D/FG3D Test - Stragetic FAILED.
Reason:
com.kms.katalon.core.exception.StepFailedException: Unable to click on object 'Object Repository/Page_Home  GRiD/a_CAC  GEOAxIS Login'
	at com.kms.katalon.core.webui.keyword.internal.WebUIKeywordMain.stepFailed(WebUIKeywordMain.groovy:64)
	at com.kms.katalon.core.webui.keyword.internal.WebUIKeywordMain.runKeyword(WebUIKeywordMain.groovy:26)
	at com.kms.katalon.core.webui.keyword.builtin.ClickKeyword.click(ClickKeyword.groovy:76)
	at com.kms.katalon.core.webui.keyword.builtin.ClickKeyword.execute(ClickKeyword.groovy:43)
	at com.kms.katalon.core.keyword.internal.KeywordExecutor.executeKeywordForPlatform(KeywordExecutor.groovy:73)
	at com.kms.katalon.core.webui.keyword.WebUiBuiltInKeywords.click(WebUiBuiltInKeywords.groovy:616)
	at com.kms.katalon.core.webui.keyword.WebUiBuiltInKeywords$click$1.call(Unknown Source)
	at FG3D Test - Stragetic.run(FG3D Test - Stragetic:24)
	at com.kms.katalon.core.main.ScriptEngine.run(ScriptEngine.java:194)
	at com.kms.katalon.core.main.ScriptEngine.runScriptAsRawText(ScriptEngine.java:119)
	at com.kms.katalon.core.main.TestCaseExecutor.runScript(TestCaseExecutor.java:339)
	at com.kms.katalon.core.main.TestCaseExecutor.doExecute(TestCaseExecutor.java:330)
	at com.kms.katalon.core.main.TestCaseExecutor.processExecutionPhase(TestCaseExecutor.java:309)
	at com.kms.katalon.core.main.TestCaseExecutor.accessMainPhase(TestCaseExecutor.java:301)
	at com.kms.katalon.core.main.TestCaseExecutor.execute(TestCaseExecutor.java:235)
	at com.kms.katalon.core.main.TestSuiteExecutor.accessTestCaseMainPhase(TestSuiteExecutor.java:191)
	at com.kms.katalon.core.main.TestSuiteExecutor.accessTestSuiteMainPhase(TestSuiteExecutor.java:141)
	at com.kms.katalon.core.main.TestSuiteExecutor.execute(TestSuiteExecutor.java:90)
	at com.kms.katalon.core.main.TestCaseMain.startTestSuite(TestCaseMain.java:157)
	at com.kms.katalon.core.main.TestCaseMain$startTestSuite$0.call(Unknown Source)
	at TempTestSuite1601324593621.run(TempTestSuite1601324593621.groovy:39)
Caused by: org.openqa.selenium.TimeoutException: timeout: Timed out receiving message from renderer: 300.000
  (Session info: chrome=85.0.4183.121)
Build info: version: '3.141.59', revision: 'e82be7d358', time: '2018-11-14T08:25:53'
System info: host: 'c02yj0qyjgh7.lan', ip: 'fe80:0:0:0:8e5:6086:d883:e3f8%en0', os.name: 'Mac OS X', os.arch: 'x86_64', os.version: '10.15.6', java.version: '1.8.0_181'
Driver info: com.kms.katalon.selenium.driver.CChromeDriver
Capabilities {acceptInsecureCerts: false, browserName: chrome, browserVersion: 85.0.4183.121, chrome: {chromedriverVersion: 85.0.4183.87 (cd6713ebf92fa..., userDataDir: /var/folders/mk/mm0g76rn3_g...}, goog:chromeOptions: {debuggerAddress: localhost:53724}, javascriptEnabled: true, networkConnectionEnabled: false, pageLoadStrategy: normal, platform: MAC, platformName: MAC, proxy: Proxy(), setWindowRect: true, strictFileInteractability: false, timeouts: {implicit: 0, pageLoad: 300000, script: 30000}, unhandledPromptBehavior: dismiss and notify, webauthn:virtualAuthenticators: true}
Session ID: d9bf91751c92d815b6c1cb54d3074f81
	at org.openqa.selenium.remote.http.W3CHttpResponseCodec.createException(W3CHttpResponseCodec.java:187)
	at org.openqa.selenium.remote.http.W3CHttpResponseCodec.decode(W3CHttpResponseCodec.java:122)
	at org.openqa.selenium.remote.http.W3CHttpResponseCodec.decode(W3CHttpResponseCodec.java:49)
	at org.openqa.selenium.remote.HttpCommandExecutor.execute(HttpCommandExecutor.java:158)
	at org.openqa.selenium.remote.service.DriverCommandExecutor.execute(DriverCommandExecutor.java:83)
	at org.openqa.selenium.remote.RemoteWebDriver.execute(RemoteWebDriver.java:552)
	at com.kms.katalon.selenium.driver.CChromeDriver.execute(CChromeDriver.java:19)
	at org.openqa.selenium.remote.RemoteWebElement.execute(RemoteWebElement.java:285)
	at org.openqa.selenium.remote.RemoteWebElement.click(RemoteWebElement.java:84)
	at org.openqa.selenium.support.events.EventFiringWebDriver$EventFiringWebElement.lambda$new$0(EventFiringWebDriver.java:404)
	at com.sun.proxy.$Proxy9.click(Unknown Source)
	at org.openqa.selenium.support.events.EventFiringWebDriver$EventFiringWebElement.click(EventFiringWebDriver.java:417)
	at com.kms.katalon.core.webui.keyword.builtin.ClickKeyword$_click_closure1.doCall(ClickKeyword.groovy:69)
	at com.kms.katalon.core.webui.keyword.builtin.ClickKeyword$_click_closure1.call(ClickKeyword.groovy)
	at com.kms.katalon.core.webui.keyword.internal.WebUIKeywordMain.runKeyword(WebUIKeywordMain.groovy:20)
	... 19 more


2020-09-28 17:48:09 - [TEST_STEP][PASSED] - openBrowser(""): Browser is opened with url: ''

2020-09-28 17:48:09 - [MESSAGE][WARNING] - A browser is already opened. Closing browser and opening a new one

2020-09-28 17:48:09 - [MESSAGE][INFO] - Starting 'Chrome' driver

2020-09-28 17:48:09 - [MESSAGE][INFO] - Action delay is set to 0 milliseconds

2020-09-28 17:48:11 - [MESSAGE][PASSED] - Browser is opened with url: ''

2020-09-28 17:48:11 - [TEST_STEP][PASSED] - navigateToUrl("https://grid.nga.mil/testgrid/"): Navigate to 'https://grid.nga.mil/testgrid/' successfully

2020-09-28 17:48:13 - [MESSAGE][PASSED] - Navigate to 'https://grid.nga.mil/testgrid/' successfully

2020-09-28 17:48:13 - [TEST_STEP][FAILED] - click(findTestObject("Page_Home  GRiD/a_CAC  GEOAxIS Login")): Unable to click on object 'Object Repository/Page_Home  GRiD/a_CAC  GEOAxIS Login' (Root cause: com.kms.katalon.core.exception.StepFailedException: Unable to click on object 'Object Repository/Page_Home  GRiD/a_CAC  GEOAxIS Login'
	at com.kms.katalon.core.webui.keyword.internal.WebUIKeywordMain.stepFailed(WebUIKeywordMain.groovy:64)
	at com.kms.katalon.core.webui.keyword.internal.WebUIKeywordMain.runKeyword(WebUIKeywordMain.groovy:26)
	at com.kms.katalon.core.webui.keyword.builtin.ClickKeyword.click(ClickKeyword.groovy:76)
	at com.kms.katalon.core.webui.keyword.builtin.ClickKeyword.execute(ClickKeyword.groovy:43)
	at com.kms.katalon.core.keyword.internal.KeywordExecutor.executeKeywordForPlatform(KeywordExecutor.groovy:73)
	at com.kms.katalon.core.webui.keyword.WebUiBuiltInKeywords.click(WebUiBuiltInKeywords.groovy:616)
	at com.kms.katalon.core.webui.keyword.WebUiBuiltInKeywords$click$1.call(Unknown Source)
	at FG3D Test - Stragetic.run(FG3D Test - Stragetic:24)
	at com.kms.katalon.core.main.ScriptEngine.run(ScriptEngine.java:194)
	at com.kms.katalon.core.main.ScriptEngine.runScriptAsRawText(ScriptEngine.java:119)
	at com.kms.katalon.core.main.TestCaseExecutor.runScript(TestCaseExecutor.java:339)
	at com.kms.katalon.core.main.TestCaseExecutor.doExecute(TestCaseExecutor.java:330)
	at com.kms.katalon.core.main.TestCaseExecutor.processExecutionPhase(TestCaseExecutor.java:309)
	at com.kms.katalon.core.main.TestCaseExecutor.accessMainPhase(TestCaseExecutor.java:301)
	at com.kms.katalon.core.main.TestCaseExecutor.execute(TestCaseExecutor.java:235)
	at com.kms.katalon.core.main.TestSuiteExecutor.accessTestCaseMainPhase(TestSuiteExecutor.java:191)
	at com.kms.katalon.core.main.TestSuiteExecutor.accessTestSuiteMainPhase(TestSuiteExecutor.java:141)
	at com.kms.katalon.core.main.TestSuiteExecutor.execute(TestSuiteExecutor.java:90)
	at com.kms.katalon.core.main.TestCaseMain.startTestSuite(TestCaseMain.java:157)
	at com.kms.katalon.core.main.TestCaseMain$startTestSuite$0.call(Unknown Source)
	at TempTestSuite1601324593621.run(TempTestSuite1601324593621.groovy:39)
Caused by: org.openqa.selenium.TimeoutException: timeout: Timed out receiving message from renderer: 300.000
  (Session info: chrome=85.0.4183.121)
Build info: version: '3.141.59', revision: 'e82be7d358', time: '2018-11-14T08:25:53'
System info: host: 'c02yj0qyjgh7.lan', ip: 'fe80:0:0:0:8e5:6086:d883:e3f8%en0', os.name: 'Mac OS X', os.arch: 'x86_64', os.version: '10.15.6', java.version: '1.8.0_181'
Driver info: com.kms.katalon.selenium.driver.CChromeDriver
Capabilities {acceptInsecureCerts: false, browserName: chrome, browserVersion: 85.0.4183.121, chrome: {chromedriverVersion: 85.0.4183.87 (cd6713ebf92fa..., userDataDir: /var/folders/mk/mm0g76rn3_g...}, goog:chromeOptions: {debuggerAddress: localhost:53724}, javascriptEnabled: true, networkConnectionEnabled: false, pageLoadStrategy: normal, platform: MAC, platformName: MAC, proxy: Proxy(), setWindowRect: true, strictFileInteractability: false, timeouts: {implicit: 0, pageLoad: 300000, script: 30000}, unhandledPromptBehavior: dismiss and notify, webauthn:virtualAuthenticators: true}
Session ID: d9bf91751c92d815b6c1cb54d3074f81
	at org.openqa.selenium.remote.http.W3CHttpResponseCodec.createException(W3CHttpResponseCodec.java:187)
	at org.openqa.selenium.remote.http.W3CHttpResponseCodec.decode(W3CHttpResponseCodec.java:122)
	at org.openqa.selenium.remote.http.W3CHttpResponseCodec.decode(W3CHttpResponseCodec.java:49)
	at org.openqa.selenium.remote.HttpCommandExecutor.execute(HttpCommandExecutor.java:158)
	at org.openqa.selenium.remote.service.DriverCommandExecutor.execute(DriverCommandExecutor.java:83)
	at org.openqa.selenium.remote.RemoteWebDriver.execute(RemoteWebDriver.java:552)
	at com.kms.katalon.selenium.driver.CChromeDriver.execute(CChromeDriver.java:19)
	at org.openqa.selenium.remote.RemoteWebElement.execute(RemoteWebElement.java:285)
	at org.openqa.selenium.remote.RemoteWebElement.click(RemoteWebElement.java:84)
	at org.openqa.selenium.support.events.EventFiringWebDriver$EventFiringWebElement.lambda$new$0(EventFiringWebDriver.java:404)
	at com.sun.proxy.$Proxy9.click(Unknown Source)
	at org.openqa.selenium.support.events.EventFiringWebDriver$EventFiringWebElement.click(EventFiringWebDriver.java:417)
	at com.kms.katalon.core.webui.keyword.builtin.ClickKeyword$_click_closure1.doCall(ClickKeyword.groovy:69)
	at com.kms.katalon.core.webui.keyword.builtin.ClickKeyword$_click_closure1.call(ClickKeyword.groovy)
	at com.kms.katalon.core.webui.keyword.internal.WebUIKeywordMain.runKeyword(WebUIKeywordMain.groovy:20)
	at com.kms.katalon.core.webui.keyword.builtin.ClickKeyword.click(ClickKeyword.groovy:76)
	at com.kms.katalon.core.webui.keyword.builtin.ClickKeyword.execute(ClickKeyword.groovy:43)
	at com.kms.katalon.core.keyword.internal.KeywordExecutor.executeKeywordForPlatform(KeywordExecutor.groovy:73)
	at com.kms.katalon.core.webui.keyword.WebUiBuiltInKeywords.click(WebUiBuiltInKeywords.groovy:616)
	at com.kms.katalon.core.webui.keyword.WebUiBuiltInKeywords$click$1.call(Unknown Source)
	at Script1599149155505.run(Script1599149155505.groovy:24)
	... 13 more
)

2020-09-28 17:53:15 - [MESSAGE][FAILED] - Unable to click on object 'Object Repository/Page_Home  GRiD/a_CAC  GEOAxIS Login' (Root cause: com.kms.katalon.core.exception.StepFailedException: Unable to click on object 'Object Repository/Page_Home  GRiD/a_CAC  GEOAxIS Login'
	at com.kms.katalon.core.webui.keyword.internal.WebUIKeywordMain.stepFailed(WebUIKeywordMain.groovy:64)
	at com.kms.katalon.core.webui.keyword.internal.WebUIKeywordMain.runKeyword(WebUIKeywordMain.groovy:26)
	at com.kms.katalon.core.webui.keyword.builtin.ClickKeyword.click(ClickKeyword.groovy:76)
	at com.kms.katalon.core.webui.keyword.builtin.ClickKeyword.execute(ClickKeyword.groovy:43)
	at com.kms.katalon.core.keyword.internal.KeywordExecutor.executeKeywordForPlatform(KeywordExecutor.groovy:73)
	at com.kms.katalon.core.webui.keyword.WebUiBuiltInKeywords.click(WebUiBuiltInKeywords.groovy:616)
	at com.kms.katalon.core.webui.keyword.WebUiBuiltInKeywords$click$1.call(Unknown Source)
	at FG3D Test - Stragetic.run(FG3D Test - Stragetic:24)
	at com.kms.katalon.core.main.ScriptEngine.run(ScriptEngine.java:194)
	at com.kms.katalon.core.main.ScriptEngine.runScriptAsRawText(ScriptEngine.java:119)
	at com.kms.katalon.core.main.TestCaseExecutor.runScript(TestCaseExecutor.java:339)
	at com.kms.katalon.core.main.TestCaseExecutor.doExecute(TestCaseExecutor.java:330)
	at com.kms.katalon.core.main.TestCaseExecutor.processExecutionPhase(TestCaseExecutor.java:309)
	at com.kms.katalon.core.main.TestCaseExecutor.accessMainPhase(TestCaseExecutor.java:301)
	at com.kms.katalon.core.main.TestCaseExecutor.execute(TestCaseExecutor.java:235)
	at com.kms.katalon.core.main.TestSuiteExecutor.accessTestCaseMainPhase(TestSuiteExecutor.java:191)
	at com.kms.katalon.core.main.TestSuiteExecutor.accessTestSuiteMainPhase(TestSuiteExecutor.java:141)
	at com.kms.katalon.core.main.TestSuiteExecutor.execute(TestSuiteExecutor.java:90)
	at com.kms.katalon.core.main.TestCaseMain.startTestSuite(TestCaseMain.java:157)
	at com.kms.katalon.core.main.TestCaseMain$startTestSuite$0.call(Unknown Source)
	at TempTestSuite1601324593621.run(TempTestSuite1601324593621.groovy:39)
Caused by: org.openqa.selenium.TimeoutException: timeout: Timed out receiving message from renderer: 300.000
  (Session info: chrome=85.0.4183.121)
Build info: version: '3.141.59', revision: 'e82be7d358', time: '2018-11-14T08:25:53'
System info: host: 'c02yj0qyjgh7.lan', ip: 'fe80:0:0:0:8e5:6086:d883:e3f8%en0', os.name: 'Mac OS X', os.arch: 'x86_64', os.version: '10.15.6', java.version: '1.8.0_181'
Driver info: com.kms.katalon.selenium.driver.CChromeDriver
Capabilities {acceptInsecureCerts: false, browserName: chrome, browserVersion: 85.0.4183.121, chrome: {chromedriverVersion: 85.0.4183.87 (cd6713ebf92fa..., userDataDir: /var/folders/mk/mm0g76rn3_g...}, goog:chromeOptions: {debuggerAddress: localhost:53724}, javascriptEnabled: true, networkConnectionEnabled: false, pageLoadStrategy: normal, platform: MAC, platformName: MAC, proxy: Proxy(), setWindowRect: true, strictFileInteractability: false, timeouts: {implicit: 0, pageLoad: 300000, script: 30000}, unhandledPromptBehavior: dismiss and notify, webauthn:virtualAuthenticators: true}
Session ID: d9bf91751c92d815b6c1cb54d3074f81
	at org.openqa.selenium.remote.http.W3CHttpResponseCodec.createException(W3CHttpResponseCodec.java:187)
	at org.openqa.selenium.remote.http.W3CHttpResponseCodec.decode(W3CHttpResponseCodec.java:122)
	at org.openqa.selenium.remote.http.W3CHttpResponseCodec.decode(W3CHttpResponseCodec.java:49)
	at org.openqa.selenium.remote.HttpCommandExecutor.execute(HttpCommandExecutor.java:158)
	at org.openqa.selenium.remote.service.DriverCommandExecutor.execute(DriverCommandExecutor.java:83)
	at org.openqa.selenium.remote.RemoteWebDriver.execute(RemoteWebDriver.java:552)
	at com.kms.katalon.selenium.driver.CChromeDriver.execute(CChromeDriver.java:19)
	at org.openqa.selenium.remote.RemoteWebElement.execute(RemoteWebElement.java:285)
	at org.openqa.selenium.remote.RemoteWebElement.click(RemoteWebElement.java:84)
	at org.openqa.selenium.support.events.EventFiringWebDriver$EventFiringWebElement.lambda$new$0(EventFiringWebDriver.java:404)
	at com.sun.proxy.$Proxy9.click(Unknown Source)
	at org.openqa.selenium.support.events.EventFiringWebDriver$EventFiringWebElement.click(EventFiringWebDriver.java:417)
	at com.kms.katalon.core.webui.keyword.builtin.ClickKeyword$_click_closure1.doCall(ClickKeyword.groovy:69)
	at com.kms.katalon.core.webui.keyword.builtin.ClickKeyword$_click_closure1.call(ClickKeyword.groovy)
	at com.kms.katalon.core.webui.keyword.internal.WebUIKeywordMain.runKeyword(WebUIKeywordMain.groovy:20)
	at com.kms.katalon.core.webui.keyword.builtin.ClickKeyword.click(ClickKeyword.groovy:76)
	at com.kms.katalon.core.webui.keyword.builtin.ClickKeyword.execute(ClickKeyword.groovy:43)
	at com.kms.katalon.core.keyword.internal.KeywordExecutor.executeKeywordForPlatform(KeywordExecutor.groovy:73)
	at com.kms.katalon.core.webui.keyword.WebUiBuiltInKeywords.click(WebUiBuiltInKeywords.groovy:616)
	at com.kms.katalon.core.webui.keyword.WebUiBuiltInKeywords$click$1.call(Unknown Source)
	at Script1599149155505.run(Script1599149155505.groovy:24)
	... 13 more
)
[[ATTACHMENT|/Users/bhavikpatel/Downloads/Projects/CRREL/GRiD/Automation Testing/Automation Testing Project/KatalonTesting/Reports/20200928_162313/GRiD FG3D/20200928_162313/1601329994144.png]]]]></system-out>
         <system-err><![CDATA[2020-09-28 17:48:09 - [TEST_CASE][FAILED] - Test Cases/FG3D/FG3D Test - Stragetic: Test Cases/FG3D/FG3D Test - Stragetic FAILED.
Reason:
com.kms.katalon.core.exception.StepFailedException: Unable to click on object 'Object Repository/Page_Home  GRiD/a_CAC  GEOAxIS Login'
	at com.kms.katalon.core.webui.keyword.internal.WebUIKeywordMain.stepFailed(WebUIKeywordMain.groovy:64)
	at com.kms.katalon.core.webui.keyword.internal.WebUIKeywordMain.runKeyword(WebUIKeywordMain.groovy:26)
	at com.kms.katalon.core.webui.keyword.builtin.ClickKeyword.click(ClickKeyword.groovy:76)
	at com.kms.katalon.core.webui.keyword.builtin.ClickKeyword.execute(ClickKeyword.groovy:43)
	at com.kms.katalon.core.keyword.internal.KeywordExecutor.executeKeywordForPlatform(KeywordExecutor.groovy:73)
	at com.kms.katalon.core.webui.keyword.WebUiBuiltInKeywords.click(WebUiBuiltInKeywords.groovy:616)
	at com.kms.katalon.core.webui.keyword.WebUiBuiltInKeywords$click$1.call(Unknown Source)
	at FG3D Test - Stragetic.run(FG3D Test - Stragetic:24)
	at com.kms.katalon.core.main.ScriptEngine.run(ScriptEngine.java:194)
	at com.kms.katalon.core.main.ScriptEngine.runScriptAsRawText(ScriptEngine.java:119)
	at com.kms.katalon.core.main.TestCaseExecutor.runScript(TestCaseExecutor.java:339)
	at com.kms.katalon.core.main.TestCaseExecutor.doExecute(TestCaseExecutor.java:330)
	at com.kms.katalon.core.main.TestCaseExecutor.processExecutionPhase(TestCaseExecutor.java:309)
	at com.kms.katalon.core.main.TestCaseExecutor.accessMainPhase(TestCaseExecutor.java:301)
	at com.kms.katalon.core.main.TestCaseExecutor.execute(TestCaseExecutor.java:235)
	at com.kms.katalon.core.main.TestSuiteExecutor.accessTestCaseMainPhase(TestSuiteExecutor.java:191)
	at com.kms.katalon.core.main.TestSuiteExecutor.accessTestSuiteMainPhase(TestSuiteExecutor.java:141)
	at com.kms.katalon.core.main.TestSuiteExecutor.execute(TestSuiteExecutor.java:90)
	at com.kms.katalon.core.main.TestCaseMain.startTestSuite(TestCaseMain.java:157)
	at com.kms.katalon.core.main.TestCaseMain$startTestSuite$0.call(Unknown Source)
	at TempTestSuite1601324593621.run(TempTestSuite1601324593621.groovy:39)
Caused by: org.openqa.selenium.TimeoutException: timeout: Timed out receiving message from renderer: 300.000
  (Session info: chrome=85.0.4183.121)
Build info: version: '3.141.59', revision: 'e82be7d358', time: '2018-11-14T08:25:53'
System info: host: 'c02yj0qyjgh7.lan', ip: 'fe80:0:0:0:8e5:6086:d883:e3f8%en0', os.name: 'Mac OS X', os.arch: 'x86_64', os.version: '10.15.6', java.version: '1.8.0_181'
Driver info: com.kms.katalon.selenium.driver.CChromeDriver
Capabilities {acceptInsecureCerts: false, browserName: chrome, browserVersion: 85.0.4183.121, chrome: {chromedriverVersion: 85.0.4183.87 (cd6713ebf92fa..., userDataDir: /var/folders/mk/mm0g76rn3_g...}, goog:chromeOptions: {debuggerAddress: localhost:53724}, javascriptEnabled: true, networkConnectionEnabled: false, pageLoadStrategy: normal, platform: MAC, platformName: MAC, proxy: Proxy(), setWindowRect: true, strictFileInteractability: false, timeouts: {implicit: 0, pageLoad: 300000, script: 30000}, unhandledPromptBehavior: dismiss and notify, webauthn:virtualAuthenticators: true}
Session ID: d9bf91751c92d815b6c1cb54d3074f81
	at org.openqa.selenium.remote.http.W3CHttpResponseCodec.createException(W3CHttpResponseCodec.java:187)
	at org.openqa.selenium.remote.http.W3CHttpResponseCodec.decode(W3CHttpResponseCodec.java:122)
	at org.openqa.selenium.remote.http.W3CHttpResponseCodec.decode(W3CHttpResponseCodec.java:49)
	at org.openqa.selenium.remote.HttpCommandExecutor.execute(HttpCommandExecutor.java:158)
	at org.openqa.selenium.remote.service.DriverCommandExecutor.execute(DriverCommandExecutor.java:83)
	at org.openqa.selenium.remote.RemoteWebDriver.execute(RemoteWebDriver.java:552)
	at com.kms.katalon.selenium.driver.CChromeDriver.execute(CChromeDriver.java:19)
	at org.openqa.selenium.remote.RemoteWebElement.execute(RemoteWebElement.java:285)
	at org.openqa.selenium.remote.RemoteWebElement.click(RemoteWebElement.java:84)
	at org.openqa.selenium.support.events.EventFiringWebDriver$EventFiringWebElement.lambda$new$0(EventFiringWebDriver.java:404)
	at com.sun.proxy.$Proxy9.click(Unknown Source)
	at org.openqa.selenium.support.events.EventFiringWebDriver$EventFiringWebElement.click(EventFiringWebDriver.java:417)
	at com.kms.katalon.core.webui.keyword.builtin.ClickKeyword$_click_closure1.doCall(ClickKeyword.groovy:69)
	at com.kms.katalon.core.webui.keyword.builtin.ClickKeyword$_click_closure1.call(ClickKeyword.groovy)
	at com.kms.katalon.core.webui.keyword.internal.WebUIKeywordMain.runKeyword(WebUIKeywordMain.groovy:20)
	... 19 more]]></system-err>
      </testcase>
      <testcase name="Test Cases/FG3D/FG3D Test - Stragetic" time="305.052" classname="Test Cases/FG3D/FG3D Test - Stragetic" status="FAILED">
         <failure type="FAILED" message="Test Cases/FG3D/FG3D Test - Stragetic FAILED.
Reason:
com.kms.katalon.core.exception.StepFailedException: Unable to click on object 'Object Repository/Page_Home  GRiD/a_CAC  GEOAxIS Login'
	at com.kms.katalon.core.webui.keyword.internal.WebUIKeywordMain.stepFailed(WebUIKeywordMain.groovy:64)
	at com.kms.katalon.core.webui.keyword.internal.WebUIKeywordMain.runKeyword(WebUIKeywordMain.groovy:26)
	at com.kms.katalon.core.webui.keyword.builtin.ClickKeyword.click(ClickKeyword.groovy:76)
	at com.kms.katalon.core.webui.keyword.builtin.ClickKeyword.execute(ClickKeyword.groovy:43)
	at com.kms.katalon.core.keyword.internal.KeywordExecutor.executeKeywordForPlatform(KeywordExecutor.groovy:73)
	at com.kms.katalon.core.webui.keyword.WebUiBuiltInKeywords.click(WebUiBuiltInKeywords.groovy:616)
	at com.kms.katalon.core.webui.keyword.WebUiBuiltInKeywords$click$1.call(Unknown Source)
	at FG3D Test - Stragetic.run(FG3D Test - Stragetic:24)
	at com.kms.katalon.core.main.ScriptEngine.run(ScriptEngine.java:194)
	at com.kms.katalon.core.main.ScriptEngine.runScriptAsRawText(ScriptEngine.java:119)
	at com.kms.katalon.core.main.TestCaseExecutor.runScript(TestCaseExecutor.java:339)
	at com.kms.katalon.core.main.TestCaseExecutor.doExecute(TestCaseExecutor.java:330)
	at com.kms.katalon.core.main.TestCaseExecutor.processExecutionPhase(TestCaseExecutor.java:309)
	at com.kms.katalon.core.main.TestCaseExecutor.accessMainPhase(TestCaseExecutor.java:301)
	at com.kms.katalon.core.main.TestCaseExecutor.execute(TestCaseExecutor.java:235)
	at com.kms.katalon.core.main.TestSuiteExecutor.accessTestCaseMainPhase(TestSuiteExecutor.java:191)
	at com.kms.katalon.core.main.TestSuiteExecutor.accessTestSuiteMainPhase(TestSuiteExecutor.java:141)
	at com.kms.katalon.core.main.TestSuiteExecutor.execute(TestSuiteExecutor.java:90)
	at com.kms.katalon.core.main.TestCaseMain.startTestSuite(TestCaseMain.java:157)
	at com.kms.katalon.core.main.TestCaseMain$startTestSuite$0.call(Unknown Source)
	at TempTestSuite1601324593621.run(TempTestSuite1601324593621.groovy:39)
Caused by: org.openqa.selenium.TimeoutException: timeout: Timed out receiving message from renderer: 300.000
  (Session info: chrome=85.0.4183.121)
Build info: version: '3.141.59', revision: 'e82be7d358', time: '2018-11-14T08:25:53'
System info: host: 'c02yj0qyjgh7.lan', ip: 'fe80:0:0:0:8e5:6086:d883:e3f8%en0', os.name: 'Mac OS X', os.arch: 'x86_64', os.version: '10.15.6', java.version: '1.8.0_181'
Driver info: com.kms.katalon.selenium.driver.CChromeDriver
Capabilities {acceptInsecureCerts: false, browserName: chrome, browserVersion: 85.0.4183.121, chrome: {chromedriverVersion: 85.0.4183.87 (cd6713ebf92fa..., userDataDir: /var/folders/mk/mm0g76rn3_g...}, goog:chromeOptions: {debuggerAddress: localhost:53875}, javascriptEnabled: true, networkConnectionEnabled: false, pageLoadStrategy: normal, platform: MAC, platformName: MAC, proxy: Proxy(), setWindowRect: true, strictFileInteractability: false, timeouts: {implicit: 0, pageLoad: 300000, script: 30000}, unhandledPromptBehavior: dismiss and notify, webauthn:virtualAuthenticators: true}
Session ID: bdd8def254c7faa0c41a05e3eaccdcaa
	at org.openqa.selenium.remote.http.W3CHttpResponseCodec.createException(W3CHttpResponseCodec.java:187)
	at org.openqa.selenium.remote.http.W3CHttpResponseCodec.decode(W3CHttpResponseCodec.java:122)
	at org.openqa.selenium.remote.http.W3CHttpResponseCodec.decode(W3CHttpResponseCodec.java:49)
	at org.openqa.selenium.remote.HttpCommandExecutor.execute(HttpCommandExecutor.java:158)
	at org.openqa.selenium.remote.service.DriverCommandExecutor.execute(DriverCommandExecutor.java:83)
	at org.openqa.selenium.remote.RemoteWebDriver.execute(RemoteWebDriver.java:552)
	at com.kms.katalon.selenium.driver.CChromeDriver.execute(CChromeDriver.java:19)
	at org.openqa.selenium.remote.RemoteWebElement.execute(RemoteWebElement.java:285)
	at org.openqa.selenium.remote.RemoteWebElement.click(RemoteWebElement.java:84)
	at org.openqa.selenium.support.events.EventFiringWebDriver$EventFiringWebElement.lambda$new$0(EventFiringWebDriver.java:404)
	at com.sun.proxy.$Proxy9.click(Unknown Source)
	at org.openqa.selenium.support.events.EventFiringWebDriver$EventFiringWebElement.click(EventFiringWebDriver.java:417)
	at com.kms.katalon.core.webui.keyword.builtin.ClickKeyword$_click_closure1.doCall(ClickKeyword.groovy:69)
	at com.kms.katalon.core.webui.keyword.builtin.ClickKeyword$_click_closure1.call(ClickKeyword.groovy)
	at com.kms.katalon.core.webui.keyword.internal.WebUIKeywordMain.runKeyword(WebUIKeywordMain.groovy:20)
	... 19 more
"/>
         <system-out><![CDATA[2020-09-28 17:53:15 - [TEST_CASE][FAILED] - Test Cases/FG3D/FG3D Test - Stragetic: Test Cases/FG3D/FG3D Test - Stragetic FAILED.
Reason:
com.kms.katalon.core.exception.StepFailedException: Unable to click on object 'Object Repository/Page_Home  GRiD/a_CAC  GEOAxIS Login'
	at com.kms.katalon.core.webui.keyword.internal.WebUIKeywordMain.stepFailed(WebUIKeywordMain.groovy:64)
	at com.kms.katalon.core.webui.keyword.internal.WebUIKeywordMain.runKeyword(WebUIKeywordMain.groovy:26)
	at com.kms.katalon.core.webui.keyword.builtin.ClickKeyword.click(ClickKeyword.groovy:76)
	at com.kms.katalon.core.webui.keyword.builtin.ClickKeyword.execute(ClickKeyword.groovy:43)
	at com.kms.katalon.core.keyword.internal.KeywordExecutor.executeKeywordForPlatform(KeywordExecutor.groovy:73)
	at com.kms.katalon.core.webui.keyword.WebUiBuiltInKeywords.click(WebUiBuiltInKeywords.groovy:616)
	at com.kms.katalon.core.webui.keyword.WebUiBuiltInKeywords$click$1.call(Unknown Source)
	at FG3D Test - Stragetic.run(FG3D Test - Stragetic:24)
	at com.kms.katalon.core.main.ScriptEngine.run(ScriptEngine.java:194)
	at com.kms.katalon.core.main.ScriptEngine.runScriptAsRawText(ScriptEngine.java:119)
	at com.kms.katalon.core.main.TestCaseExecutor.runScript(TestCaseExecutor.java:339)
	at com.kms.katalon.core.main.TestCaseExecutor.doExecute(TestCaseExecutor.java:330)
	at com.kms.katalon.core.main.TestCaseExecutor.processExecutionPhase(TestCaseExecutor.java:309)
	at com.kms.katalon.core.main.TestCaseExecutor.accessMainPhase(TestCaseExecutor.java:301)
	at com.kms.katalon.core.main.TestCaseExecutor.execute(TestCaseExecutor.java:235)
	at com.kms.katalon.core.main.TestSuiteExecutor.accessTestCaseMainPhase(TestSuiteExecutor.java:191)
	at com.kms.katalon.core.main.TestSuiteExecutor.accessTestSuiteMainPhase(TestSuiteExecutor.java:141)
	at com.kms.katalon.core.main.TestSuiteExecutor.execute(TestSuiteExecutor.java:90)
	at com.kms.katalon.core.main.TestCaseMain.startTestSuite(TestCaseMain.java:157)
	at com.kms.katalon.core.main.TestCaseMain$startTestSuite$0.call(Unknown Source)
	at TempTestSuite1601324593621.run(TempTestSuite1601324593621.groovy:39)
Caused by: org.openqa.selenium.TimeoutException: timeout: Timed out receiving message from renderer: 300.000
  (Session info: chrome=85.0.4183.121)
Build info: version: '3.141.59', revision: 'e82be7d358', time: '2018-11-14T08:25:53'
System info: host: 'c02yj0qyjgh7.lan', ip: 'fe80:0:0:0:8e5:6086:d883:e3f8%en0', os.name: 'Mac OS X', os.arch: 'x86_64', os.version: '10.15.6', java.version: '1.8.0_181'
Driver info: com.kms.katalon.selenium.driver.CChromeDriver
Capabilities {acceptInsecureCerts: false, browserName: chrome, browserVersion: 85.0.4183.121, chrome: {chromedriverVersion: 85.0.4183.87 (cd6713ebf92fa..., userDataDir: /var/folders/mk/mm0g76rn3_g...}, goog:chromeOptions: {debuggerAddress: localhost:53875}, javascriptEnabled: true, networkConnectionEnabled: false, pageLoadStrategy: normal, platform: MAC, platformName: MAC, proxy: Proxy(), setWindowRect: true, strictFileInteractability: false, timeouts: {implicit: 0, pageLoad: 300000, script: 30000}, unhandledPromptBehavior: dismiss and notify, webauthn:virtualAuthenticators: true}
Session ID: bdd8def254c7faa0c41a05e3eaccdcaa
	at org.openqa.selenium.remote.http.W3CHttpResponseCodec.createException(W3CHttpResponseCodec.java:187)
	at org.openqa.selenium.remote.http.W3CHttpResponseCodec.decode(W3CHttpResponseCodec.java:122)
	at org.openqa.selenium.remote.http.W3CHttpResponseCodec.decode(W3CHttpResponseCodec.java:49)
	at org.openqa.selenium.remote.HttpCommandExecutor.execute(HttpCommandExecutor.java:158)
	at org.openqa.selenium.remote.service.DriverCommandExecutor.execute(DriverCommandExecutor.java:83)
	at org.openqa.selenium.remote.RemoteWebDriver.execute(RemoteWebDriver.java:552)
	at com.kms.katalon.selenium.driver.CChromeDriver.execute(CChromeDriver.java:19)
	at org.openqa.selenium.remote.RemoteWebElement.execute(RemoteWebElement.java:285)
	at org.openqa.selenium.remote.RemoteWebElement.click(RemoteWebElement.java:84)
	at org.openqa.selenium.support.events.EventFiringWebDriver$EventFiringWebElement.lambda$new$0(EventFiringWebDriver.java:404)
	at com.sun.proxy.$Proxy9.click(Unknown Source)
	at org.openqa.selenium.support.events.EventFiringWebDriver$EventFiringWebElement.click(EventFiringWebDriver.java:417)
	at com.kms.katalon.core.webui.keyword.builtin.ClickKeyword$_click_closure1.doCall(ClickKeyword.groovy:69)
	at com.kms.katalon.core.webui.keyword.builtin.ClickKeyword$_click_closure1.call(ClickKeyword.groovy)
	at com.kms.katalon.core.webui.keyword.internal.WebUIKeywordMain.runKeyword(WebUIKeywordMain.groovy:20)
	... 19 more


2020-09-28 17:53:15 - [TEST_STEP][PASSED] - openBrowser(""): Browser is opened with url: ''

2020-09-28 17:53:15 - [MESSAGE][WARNING] - A browser is already opened. Closing browser and opening a new one

2020-09-28 17:53:15 - [MESSAGE][INFO] - Starting 'Chrome' driver

2020-09-28 17:53:15 - [MESSAGE][INFO] - Action delay is set to 0 milliseconds

2020-09-28 17:53:16 - [MESSAGE][PASSED] - Browser is opened with url: ''

2020-09-28 17:53:16 - [TEST_STEP][PASSED] - navigateToUrl("https://grid.nga.mil/testgrid/"): Navigate to 'https://grid.nga.mil/testgrid/' successfully

2020-09-28 17:53:18 - [MESSAGE][PASSED] - Navigate to 'https://grid.nga.mil/testgrid/' successfully

2020-09-28 17:53:18 - [TEST_STEP][FAILED] - click(findTestObject("Page_Home  GRiD/a_CAC  GEOAxIS Login")): Unable to click on object 'Object Repository/Page_Home  GRiD/a_CAC  GEOAxIS Login' (Root cause: com.kms.katalon.core.exception.StepFailedException: Unable to click on object 'Object Repository/Page_Home  GRiD/a_CAC  GEOAxIS Login'
	at com.kms.katalon.core.webui.keyword.internal.WebUIKeywordMain.stepFailed(WebUIKeywordMain.groovy:64)
	at com.kms.katalon.core.webui.keyword.internal.WebUIKeywordMain.runKeyword(WebUIKeywordMain.groovy:26)
	at com.kms.katalon.core.webui.keyword.builtin.ClickKeyword.click(ClickKeyword.groovy:76)
	at com.kms.katalon.core.webui.keyword.builtin.ClickKeyword.execute(ClickKeyword.groovy:43)
	at com.kms.katalon.core.keyword.internal.KeywordExecutor.executeKeywordForPlatform(KeywordExecutor.groovy:73)
	at com.kms.katalon.core.webui.keyword.WebUiBuiltInKeywords.click(WebUiBuiltInKeywords.groovy:616)
	at com.kms.katalon.core.webui.keyword.WebUiBuiltInKeywords$click$1.call(Unknown Source)
	at FG3D Test - Stragetic.run(FG3D Test - Stragetic:24)
	at com.kms.katalon.core.main.ScriptEngine.run(ScriptEngine.java:194)
	at com.kms.katalon.core.main.ScriptEngine.runScriptAsRawText(ScriptEngine.java:119)
	at com.kms.katalon.core.main.TestCaseExecutor.runScript(TestCaseExecutor.java:339)
	at com.kms.katalon.core.main.TestCaseExecutor.doExecute(TestCaseExecutor.java:330)
	at com.kms.katalon.core.main.TestCaseExecutor.processExecutionPhase(TestCaseExecutor.java:309)
	at com.kms.katalon.core.main.TestCaseExecutor.accessMainPhase(TestCaseExecutor.java:301)
	at com.kms.katalon.core.main.TestCaseExecutor.execute(TestCaseExecutor.java:235)
	at com.kms.katalon.core.main.TestSuiteExecutor.accessTestCaseMainPhase(TestSuiteExecutor.java:191)
	at com.kms.katalon.core.main.TestSuiteExecutor.accessTestSuiteMainPhase(TestSuiteExecutor.java:141)
	at com.kms.katalon.core.main.TestSuiteExecutor.execute(TestSuiteExecutor.java:90)
	at com.kms.katalon.core.main.TestCaseMain.startTestSuite(TestCaseMain.java:157)
	at com.kms.katalon.core.main.TestCaseMain$startTestSuite$0.call(Unknown Source)
	at TempTestSuite1601324593621.run(TempTestSuite1601324593621.groovy:39)
Caused by: org.openqa.selenium.TimeoutException: timeout: Timed out receiving message from renderer: 300.000
  (Session info: chrome=85.0.4183.121)
Build info: version: '3.141.59', revision: 'e82be7d358', time: '2018-11-14T08:25:53'
System info: host: 'c02yj0qyjgh7.lan', ip: 'fe80:0:0:0:8e5:6086:d883:e3f8%en0', os.name: 'Mac OS X', os.arch: 'x86_64', os.version: '10.15.6', java.version: '1.8.0_181'
Driver info: com.kms.katalon.selenium.driver.CChromeDriver
Capabilities {acceptInsecureCerts: false, browserName: chrome, browserVersion: 85.0.4183.121, chrome: {chromedriverVersion: 85.0.4183.87 (cd6713ebf92fa..., userDataDir: /var/folders/mk/mm0g76rn3_g...}, goog:chromeOptions: {debuggerAddress: localhost:53875}, javascriptEnabled: true, networkConnectionEnabled: false, pageLoadStrategy: normal, platform: MAC, platformName: MAC, proxy: Proxy(), setWindowRect: true, strictFileInteractability: false, timeouts: {implicit: 0, pageLoad: 300000, script: 30000}, unhandledPromptBehavior: dismiss and notify, webauthn:virtualAuthenticators: true}
Session ID: bdd8def254c7faa0c41a05e3eaccdcaa
	at org.openqa.selenium.remote.http.W3CHttpResponseCodec.createException(W3CHttpResponseCodec.java:187)
	at org.openqa.selenium.remote.http.W3CHttpResponseCodec.decode(W3CHttpResponseCodec.java:122)
	at org.openqa.selenium.remote.http.W3CHttpResponseCodec.decode(W3CHttpResponseCodec.java:49)
	at org.openqa.selenium.remote.HttpCommandExecutor.execute(HttpCommandExecutor.java:158)
	at org.openqa.selenium.remote.service.DriverCommandExecutor.execute(DriverCommandExecutor.java:83)
	at org.openqa.selenium.remote.RemoteWebDriver.execute(RemoteWebDriver.java:552)
	at com.kms.katalon.selenium.driver.CChromeDriver.execute(CChromeDriver.java:19)
	at org.openqa.selenium.remote.RemoteWebElement.execute(RemoteWebElement.java:285)
	at org.openqa.selenium.remote.RemoteWebElement.click(RemoteWebElement.java:84)
	at org.openqa.selenium.support.events.EventFiringWebDriver$EventFiringWebElement.lambda$new$0(EventFiringWebDriver.java:404)
	at com.sun.proxy.$Proxy9.click(Unknown Source)
	at org.openqa.selenium.support.events.EventFiringWebDriver$EventFiringWebElement.click(EventFiringWebDriver.java:417)
	at com.kms.katalon.core.webui.keyword.builtin.ClickKeyword$_click_closure1.doCall(ClickKeyword.groovy:69)
	at com.kms.katalon.core.webui.keyword.builtin.ClickKeyword$_click_closure1.call(ClickKeyword.groovy)
	at com.kms.katalon.core.webui.keyword.internal.WebUIKeywordMain.runKeyword(WebUIKeywordMain.groovy:20)
	at com.kms.katalon.core.webui.keyword.builtin.ClickKeyword.click(ClickKeyword.groovy:76)
	at com.kms.katalon.core.webui.keyword.builtin.ClickKeyword.execute(ClickKeyword.groovy:43)
	at com.kms.katalon.core.keyword.internal.KeywordExecutor.executeKeywordForPlatform(KeywordExecutor.groovy:73)
	at com.kms.katalon.core.webui.keyword.WebUiBuiltInKeywords.click(WebUiBuiltInKeywords.groovy:616)
	at com.kms.katalon.core.webui.keyword.WebUiBuiltInKeywords$click$1.call(Unknown Source)
	at Script1599149155505.run(Script1599149155505.groovy:24)
	... 13 more
)

2020-09-28 17:58:20 - [MESSAGE][FAILED] - Unable to click on object 'Object Repository/Page_Home  GRiD/a_CAC  GEOAxIS Login' (Root cause: com.kms.katalon.core.exception.StepFailedException: Unable to click on object 'Object Repository/Page_Home  GRiD/a_CAC  GEOAxIS Login'
	at com.kms.katalon.core.webui.keyword.internal.WebUIKeywordMain.stepFailed(WebUIKeywordMain.groovy:64)
	at com.kms.katalon.core.webui.keyword.internal.WebUIKeywordMain.runKeyword(WebUIKeywordMain.groovy:26)
	at com.kms.katalon.core.webui.keyword.builtin.ClickKeyword.click(ClickKeyword.groovy:76)
	at com.kms.katalon.core.webui.keyword.builtin.ClickKeyword.execute(ClickKeyword.groovy:43)
	at com.kms.katalon.core.keyword.internal.KeywordExecutor.executeKeywordForPlatform(KeywordExecutor.groovy:73)
	at com.kms.katalon.core.webui.keyword.WebUiBuiltInKeywords.click(WebUiBuiltInKeywords.groovy:616)
	at com.kms.katalon.core.webui.keyword.WebUiBuiltInKeywords$click$1.call(Unknown Source)
	at FG3D Test - Stragetic.run(FG3D Test - Stragetic:24)
	at com.kms.katalon.core.main.ScriptEngine.run(ScriptEngine.java:194)
	at com.kms.katalon.core.main.ScriptEngine.runScriptAsRawText(ScriptEngine.java:119)
	at com.kms.katalon.core.main.TestCaseExecutor.runScript(TestCaseExecutor.java:339)
	at com.kms.katalon.core.main.TestCaseExecutor.doExecute(TestCaseExecutor.java:330)
	at com.kms.katalon.core.main.TestCaseExecutor.processExecutionPhase(TestCaseExecutor.java:309)
	at com.kms.katalon.core.main.TestCaseExecutor.accessMainPhase(TestCaseExecutor.java:301)
	at com.kms.katalon.core.main.TestCaseExecutor.execute(TestCaseExecutor.java:235)
	at com.kms.katalon.core.main.TestSuiteExecutor.accessTestCaseMainPhase(TestSuiteExecutor.java:191)
	at com.kms.katalon.core.main.TestSuiteExecutor.accessTestSuiteMainPhase(TestSuiteExecutor.java:141)
	at com.kms.katalon.core.main.TestSuiteExecutor.execute(TestSuiteExecutor.java:90)
	at com.kms.katalon.core.main.TestCaseMain.startTestSuite(TestCaseMain.java:157)
	at com.kms.katalon.core.main.TestCaseMain$startTestSuite$0.call(Unknown Source)
	at TempTestSuite1601324593621.run(TempTestSuite1601324593621.groovy:39)
Caused by: org.openqa.selenium.TimeoutException: timeout: Timed out receiving message from renderer: 300.000
  (Session info: chrome=85.0.4183.121)
Build info: version: '3.141.59', revision: 'e82be7d358', time: '2018-11-14T08:25:53'
System info: host: 'c02yj0qyjgh7.lan', ip: 'fe80:0:0:0:8e5:6086:d883:e3f8%en0', os.name: 'Mac OS X', os.arch: 'x86_64', os.version: '10.15.6', java.version: '1.8.0_181'
Driver info: com.kms.katalon.selenium.driver.CChromeDriver
Capabilities {acceptInsecureCerts: false, browserName: chrome, browserVersion: 85.0.4183.121, chrome: {chromedriverVersion: 85.0.4183.87 (cd6713ebf92fa..., userDataDir: /var/folders/mk/mm0g76rn3_g...}, goog:chromeOptions: {debuggerAddress: localhost:53875}, javascriptEnabled: true, networkConnectionEnabled: false, pageLoadStrategy: normal, platform: MAC, platformName: MAC, proxy: Proxy(), setWindowRect: true, strictFileInteractability: false, timeouts: {implicit: 0, pageLoad: 300000, script: 30000}, unhandledPromptBehavior: dismiss and notify, webauthn:virtualAuthenticators: true}
Session ID: bdd8def254c7faa0c41a05e3eaccdcaa
	at org.openqa.selenium.remote.http.W3CHttpResponseCodec.createException(W3CHttpResponseCodec.java:187)
	at org.openqa.selenium.remote.http.W3CHttpResponseCodec.decode(W3CHttpResponseCodec.java:122)
	at org.openqa.selenium.remote.http.W3CHttpResponseCodec.decode(W3CHttpResponseCodec.java:49)
	at org.openqa.selenium.remote.HttpCommandExecutor.execute(HttpCommandExecutor.java:158)
	at org.openqa.selenium.remote.service.DriverCommandExecutor.execute(DriverCommandExecutor.java:83)
	at org.openqa.selenium.remote.RemoteWebDriver.execute(RemoteWebDriver.java:552)
	at com.kms.katalon.selenium.driver.CChromeDriver.execute(CChromeDriver.java:19)
	at org.openqa.selenium.remote.RemoteWebElement.execute(RemoteWebElement.java:285)
	at org.openqa.selenium.remote.RemoteWebElement.click(RemoteWebElement.java:84)
	at org.openqa.selenium.support.events.EventFiringWebDriver$EventFiringWebElement.lambda$new$0(EventFiringWebDriver.java:404)
	at com.sun.proxy.$Proxy9.click(Unknown Source)
	at org.openqa.selenium.support.events.EventFiringWebDriver$EventFiringWebElement.click(EventFiringWebDriver.java:417)
	at com.kms.katalon.core.webui.keyword.builtin.ClickKeyword$_click_closure1.doCall(ClickKeyword.groovy:69)
	at com.kms.katalon.core.webui.keyword.builtin.ClickKeyword$_click_closure1.call(ClickKeyword.groovy)
	at com.kms.katalon.core.webui.keyword.internal.WebUIKeywordMain.runKeyword(WebUIKeywordMain.groovy:20)
	at com.kms.katalon.core.webui.keyword.builtin.ClickKeyword.click(ClickKeyword.groovy:76)
	at com.kms.katalon.core.webui.keyword.builtin.ClickKeyword.execute(ClickKeyword.groovy:43)
	at com.kms.katalon.core.keyword.internal.KeywordExecutor.executeKeywordForPlatform(KeywordExecutor.groovy:73)
	at com.kms.katalon.core.webui.keyword.WebUiBuiltInKeywords.click(WebUiBuiltInKeywords.groovy:616)
	at com.kms.katalon.core.webui.keyword.WebUiBuiltInKeywords$click$1.call(Unknown Source)
	at Script1599149155505.run(Script1599149155505.groovy:24)
	... 13 more
)
[[ATTACHMENT|/Users/bhavikpatel/Downloads/Projects/CRREL/GRiD/Automation Testing/Automation Testing Project/KatalonTesting/Reports/20200928_162313/GRiD FG3D/20200928_162313/1601330299226.png]]]]></system-out>
         <system-err><![CDATA[2020-09-28 17:53:15 - [TEST_CASE][FAILED] - Test Cases/FG3D/FG3D Test - Stragetic: Test Cases/FG3D/FG3D Test - Stragetic FAILED.
Reason:
com.kms.katalon.core.exception.StepFailedException: Unable to click on object 'Object Repository/Page_Home  GRiD/a_CAC  GEOAxIS Login'
	at com.kms.katalon.core.webui.keyword.internal.WebUIKeywordMain.stepFailed(WebUIKeywordMain.groovy:64)
	at com.kms.katalon.core.webui.keyword.internal.WebUIKeywordMain.runKeyword(WebUIKeywordMain.groovy:26)
	at com.kms.katalon.core.webui.keyword.builtin.ClickKeyword.click(ClickKeyword.groovy:76)
	at com.kms.katalon.core.webui.keyword.builtin.ClickKeyword.execute(ClickKeyword.groovy:43)
	at com.kms.katalon.core.keyword.internal.KeywordExecutor.executeKeywordForPlatform(KeywordExecutor.groovy:73)
	at com.kms.katalon.core.webui.keyword.WebUiBuiltInKeywords.click(WebUiBuiltInKeywords.groovy:616)
	at com.kms.katalon.core.webui.keyword.WebUiBuiltInKeywords$click$1.call(Unknown Source)
	at FG3D Test - Stragetic.run(FG3D Test - Stragetic:24)
	at com.kms.katalon.core.main.ScriptEngine.run(ScriptEngine.java:194)
	at com.kms.katalon.core.main.ScriptEngine.runScriptAsRawText(ScriptEngine.java:119)
	at com.kms.katalon.core.main.TestCaseExecutor.runScript(TestCaseExecutor.java:339)
	at com.kms.katalon.core.main.TestCaseExecutor.doExecute(TestCaseExecutor.java:330)
	at com.kms.katalon.core.main.TestCaseExecutor.processExecutionPhase(TestCaseExecutor.java:309)
	at com.kms.katalon.core.main.TestCaseExecutor.accessMainPhase(TestCaseExecutor.java:301)
	at com.kms.katalon.core.main.TestCaseExecutor.execute(TestCaseExecutor.java:235)
	at com.kms.katalon.core.main.TestSuiteExecutor.accessTestCaseMainPhase(TestSuiteExecutor.java:191)
	at com.kms.katalon.core.main.TestSuiteExecutor.accessTestSuiteMainPhase(TestSuiteExecutor.java:141)
	at com.kms.katalon.core.main.TestSuiteExecutor.execute(TestSuiteExecutor.java:90)
	at com.kms.katalon.core.main.TestCaseMain.startTestSuite(TestCaseMain.java:157)
	at com.kms.katalon.core.main.TestCaseMain$startTestSuite$0.call(Unknown Source)
	at TempTestSuite1601324593621.run(TempTestSuite1601324593621.groovy:39)
Caused by: org.openqa.selenium.TimeoutException: timeout: Timed out receiving message from renderer: 300.000
  (Session info: chrome=85.0.4183.121)
Build info: version: '3.141.59', revision: 'e82be7d358', time: '2018-11-14T08:25:53'
System info: host: 'c02yj0qyjgh7.lan', ip: 'fe80:0:0:0:8e5:6086:d883:e3f8%en0', os.name: 'Mac OS X', os.arch: 'x86_64', os.version: '10.15.6', java.version: '1.8.0_181'
Driver info: com.kms.katalon.selenium.driver.CChromeDriver
Capabilities {acceptInsecureCerts: false, browserName: chrome, browserVersion: 85.0.4183.121, chrome: {chromedriverVersion: 85.0.4183.87 (cd6713ebf92fa..., userDataDir: /var/folders/mk/mm0g76rn3_g...}, goog:chromeOptions: {debuggerAddress: localhost:53875}, javascriptEnabled: true, networkConnectionEnabled: false, pageLoadStrategy: normal, platform: MAC, platformName: MAC, proxy: Proxy(), setWindowRect: true, strictFileInteractability: false, timeouts: {implicit: 0, pageLoad: 300000, script: 30000}, unhandledPromptBehavior: dismiss and notify, webauthn:virtualAuthenticators: true}
Session ID: bdd8def254c7faa0c41a05e3eaccdcaa
	at org.openqa.selenium.remote.http.W3CHttpResponseCodec.createException(W3CHttpResponseCodec.java:187)
	at org.openqa.selenium.remote.http.W3CHttpResponseCodec.decode(W3CHttpResponseCodec.java:122)
	at org.openqa.selenium.remote.http.W3CHttpResponseCodec.decode(W3CHttpResponseCodec.java:49)
	at org.openqa.selenium.remote.HttpCommandExecutor.execute(HttpCommandExecutor.java:158)
	at org.openqa.selenium.remote.service.DriverCommandExecutor.execute(DriverCommandExecutor.java:83)
	at org.openqa.selenium.remote.RemoteWebDriver.execute(RemoteWebDriver.java:552)
	at com.kms.katalon.selenium.driver.CChromeDriver.execute(CChromeDriver.java:19)
	at org.openqa.selenium.remote.RemoteWebElement.execute(RemoteWebElement.java:285)
	at org.openqa.selenium.remote.RemoteWebElement.click(RemoteWebElement.java:84)
	at org.openqa.selenium.support.events.EventFiringWebDriver$EventFiringWebElement.lambda$new$0(EventFiringWebDriver.java:404)
	at com.sun.proxy.$Proxy9.click(Unknown Source)
	at org.openqa.selenium.support.events.EventFiringWebDriver$EventFiringWebElement.click(EventFiringWebDriver.java:417)
	at com.kms.katalon.core.webui.keyword.builtin.ClickKeyword$_click_closure1.doCall(ClickKeyword.groovy:69)
	at com.kms.katalon.core.webui.keyword.builtin.ClickKeyword$_click_closure1.call(ClickKeyword.groovy)
	at com.kms.katalon.core.webui.keyword.internal.WebUIKeywordMain.runKeyword(WebUIKeywordMain.groovy:20)
	... 19 more]]></system-err>
      </testcase>
      <testcase name="Test Cases/FG3D/FG3D Test - Stragetic" time="307.584" classname="Test Cases/FG3D/FG3D Test - Stragetic" status="FAILED">
         <failure type="FAILED" message="Test Cases/FG3D/FG3D Test - Stragetic FAILED.
Reason:
com.kms.katalon.core.exception.StepFailedException: Unable to click on object 'Object Repository/Page_Home  GRiD/a_CAC  GEOAxIS Login'
	at com.kms.katalon.core.webui.keyword.internal.WebUIKeywordMain.stepFailed(WebUIKeywordMain.groovy:64)
	at com.kms.katalon.core.webui.keyword.internal.WebUIKeywordMain.runKeyword(WebUIKeywordMain.groovy:26)
	at com.kms.katalon.core.webui.keyword.builtin.ClickKeyword.click(ClickKeyword.groovy:76)
	at com.kms.katalon.core.webui.keyword.builtin.ClickKeyword.execute(ClickKeyword.groovy:43)
	at com.kms.katalon.core.keyword.internal.KeywordExecutor.executeKeywordForPlatform(KeywordExecutor.groovy:73)
	at com.kms.katalon.core.webui.keyword.WebUiBuiltInKeywords.click(WebUiBuiltInKeywords.groovy:616)
	at com.kms.katalon.core.webui.keyword.WebUiBuiltInKeywords$click$1.call(Unknown Source)
	at FG3D Test - Stragetic.run(FG3D Test - Stragetic:24)
	at com.kms.katalon.core.main.ScriptEngine.run(ScriptEngine.java:194)
	at com.kms.katalon.core.main.ScriptEngine.runScriptAsRawText(ScriptEngine.java:119)
	at com.kms.katalon.core.main.TestCaseExecutor.runScript(TestCaseExecutor.java:339)
	at com.kms.katalon.core.main.TestCaseExecutor.doExecute(TestCaseExecutor.java:330)
	at com.kms.katalon.core.main.TestCaseExecutor.processExecutionPhase(TestCaseExecutor.java:309)
	at com.kms.katalon.core.main.TestCaseExecutor.accessMainPhase(TestCaseExecutor.java:301)
	at com.kms.katalon.core.main.TestCaseExecutor.execute(TestCaseExecutor.java:235)
	at com.kms.katalon.core.main.TestSuiteExecutor.accessTestCaseMainPhase(TestSuiteExecutor.java:191)
	at com.kms.katalon.core.main.TestSuiteExecutor.accessTestSuiteMainPhase(TestSuiteExecutor.java:141)
	at com.kms.katalon.core.main.TestSuiteExecutor.execute(TestSuiteExecutor.java:90)
	at com.kms.katalon.core.main.TestCaseMain.startTestSuite(TestCaseMain.java:157)
	at com.kms.katalon.core.main.TestCaseMain$startTestSuite$0.call(Unknown Source)
	at TempTestSuite1601324593621.run(TempTestSuite1601324593621.groovy:39)
Caused by: org.openqa.selenium.TimeoutException: timeout: Timed out receiving message from renderer: 300.000
  (Session info: chrome=85.0.4183.121)
Build info: version: '3.141.59', revision: 'e82be7d358', time: '2018-11-14T08:25:53'
System info: host: 'c02yj0qyjgh7.lan', ip: 'fe80:0:0:0:8e5:6086:d883:e3f8%en0', os.name: 'Mac OS X', os.arch: 'x86_64', os.version: '10.15.6', java.version: '1.8.0_181'
Driver info: com.kms.katalon.selenium.driver.CChromeDriver
Capabilities {acceptInsecureCerts: false, browserName: chrome, browserVersion: 85.0.4183.121, chrome: {chromedriverVersion: 85.0.4183.87 (cd6713ebf92fa..., userDataDir: /var/folders/mk/mm0g76rn3_g...}, goog:chromeOptions: {debuggerAddress: localhost:54114}, javascriptEnabled: true, networkConnectionEnabled: false, pageLoadStrategy: normal, platform: MAC, platformName: MAC, proxy: Proxy(), setWindowRect: true, strictFileInteractability: false, timeouts: {implicit: 0, pageLoad: 300000, script: 30000}, unhandledPromptBehavior: dismiss and notify, webauthn:virtualAuthenticators: true}
Session ID: 107734735f8ef62d5fd1b695f0f8df26
	at org.openqa.selenium.remote.http.W3CHttpResponseCodec.createException(W3CHttpResponseCodec.java:187)
	at org.openqa.selenium.remote.http.W3CHttpResponseCodec.decode(W3CHttpResponseCodec.java:122)
	at org.openqa.selenium.remote.http.W3CHttpResponseCodec.decode(W3CHttpResponseCodec.java:49)
	at org.openqa.selenium.remote.HttpCommandExecutor.execute(HttpCommandExecutor.java:158)
	at org.openqa.selenium.remote.service.DriverCommandExecutor.execute(DriverCommandExecutor.java:83)
	at org.openqa.selenium.remote.RemoteWebDriver.execute(RemoteWebDriver.java:552)
	at com.kms.katalon.selenium.driver.CChromeDriver.execute(CChromeDriver.java:19)
	at org.openqa.selenium.remote.RemoteWebElement.execute(RemoteWebElement.java:285)
	at org.openqa.selenium.remote.RemoteWebElement.click(RemoteWebElement.java:84)
	at org.openqa.selenium.support.events.EventFiringWebDriver$EventFiringWebElement.lambda$new$0(EventFiringWebDriver.java:404)
	at com.sun.proxy.$Proxy9.click(Unknown Source)
	at org.openqa.selenium.support.events.EventFiringWebDriver$EventFiringWebElement.click(EventFiringWebDriver.java:417)
	at com.kms.katalon.core.webui.keyword.builtin.ClickKeyword$_click_closure1.doCall(ClickKeyword.groovy:69)
	at com.kms.katalon.core.webui.keyword.builtin.ClickKeyword$_click_closure1.call(ClickKeyword.groovy)
	at com.kms.katalon.core.webui.keyword.internal.WebUIKeywordMain.runKeyword(WebUIKeywordMain.groovy:20)
	... 19 more
"/>
         <system-out><![CDATA[2020-09-28 17:58:20 - [TEST_CASE][FAILED] - Test Cases/FG3D/FG3D Test - Stragetic: Test Cases/FG3D/FG3D Test - Stragetic FAILED.
Reason:
com.kms.katalon.core.exception.StepFailedException: Unable to click on object 'Object Repository/Page_Home  GRiD/a_CAC  GEOAxIS Login'
	at com.kms.katalon.core.webui.keyword.internal.WebUIKeywordMain.stepFailed(WebUIKeywordMain.groovy:64)
	at com.kms.katalon.core.webui.keyword.internal.WebUIKeywordMain.runKeyword(WebUIKeywordMain.groovy:26)
	at com.kms.katalon.core.webui.keyword.builtin.ClickKeyword.click(ClickKeyword.groovy:76)
	at com.kms.katalon.core.webui.keyword.builtin.ClickKeyword.execute(ClickKeyword.groovy:43)
	at com.kms.katalon.core.keyword.internal.KeywordExecutor.executeKeywordForPlatform(KeywordExecutor.groovy:73)
	at com.kms.katalon.core.webui.keyword.WebUiBuiltInKeywords.click(WebUiBuiltInKeywords.groovy:616)
	at com.kms.katalon.core.webui.keyword.WebUiBuiltInKeywords$click$1.call(Unknown Source)
	at FG3D Test - Stragetic.run(FG3D Test - Stragetic:24)
	at com.kms.katalon.core.main.ScriptEngine.run(ScriptEngine.java:194)
	at com.kms.katalon.core.main.ScriptEngine.runScriptAsRawText(ScriptEngine.java:119)
	at com.kms.katalon.core.main.TestCaseExecutor.runScript(TestCaseExecutor.java:339)
	at com.kms.katalon.core.main.TestCaseExecutor.doExecute(TestCaseExecutor.java:330)
	at com.kms.katalon.core.main.TestCaseExecutor.processExecutionPhase(TestCaseExecutor.java:309)
	at com.kms.katalon.core.main.TestCaseExecutor.accessMainPhase(TestCaseExecutor.java:301)
	at com.kms.katalon.core.main.TestCaseExecutor.execute(TestCaseExecutor.java:235)
	at com.kms.katalon.core.main.TestSuiteExecutor.accessTestCaseMainPhase(TestSuiteExecutor.java:191)
	at com.kms.katalon.core.main.TestSuiteExecutor.accessTestSuiteMainPhase(TestSuiteExecutor.java:141)
	at com.kms.katalon.core.main.TestSuiteExecutor.execute(TestSuiteExecutor.java:90)
	at com.kms.katalon.core.main.TestCaseMain.startTestSuite(TestCaseMain.java:157)
	at com.kms.katalon.core.main.TestCaseMain$startTestSuite$0.call(Unknown Source)
	at TempTestSuite1601324593621.run(TempTestSuite1601324593621.groovy:39)
Caused by: org.openqa.selenium.TimeoutException: timeout: Timed out receiving message from renderer: 300.000
  (Session info: chrome=85.0.4183.121)
Build info: version: '3.141.59', revision: 'e82be7d358', time: '2018-11-14T08:25:53'
System info: host: 'c02yj0qyjgh7.lan', ip: 'fe80:0:0:0:8e5:6086:d883:e3f8%en0', os.name: 'Mac OS X', os.arch: 'x86_64', os.version: '10.15.6', java.version: '1.8.0_181'
Driver info: com.kms.katalon.selenium.driver.CChromeDriver
Capabilities {acceptInsecureCerts: false, browserName: chrome, browserVersion: 85.0.4183.121, chrome: {chromedriverVersion: 85.0.4183.87 (cd6713ebf92fa..., userDataDir: /var/folders/mk/mm0g76rn3_g...}, goog:chromeOptions: {debuggerAddress: localhost:54114}, javascriptEnabled: true, networkConnectionEnabled: false, pageLoadStrategy: normal, platform: MAC, platformName: MAC, proxy: Proxy(), setWindowRect: true, strictFileInteractability: false, timeouts: {implicit: 0, pageLoad: 300000, script: 30000}, unhandledPromptBehavior: dismiss and notify, webauthn:virtualAuthenticators: true}
Session ID: 107734735f8ef62d5fd1b695f0f8df26
	at org.openqa.selenium.remote.http.W3CHttpResponseCodec.createException(W3CHttpResponseCodec.java:187)
	at org.openqa.selenium.remote.http.W3CHttpResponseCodec.decode(W3CHttpResponseCodec.java:122)
	at org.openqa.selenium.remote.http.W3CHttpResponseCodec.decode(W3CHttpResponseCodec.java:49)
	at org.openqa.selenium.remote.HttpCommandExecutor.execute(HttpCommandExecutor.java:158)
	at org.openqa.selenium.remote.service.DriverCommandExecutor.execute(DriverCommandExecutor.java:83)
	at org.openqa.selenium.remote.RemoteWebDriver.execute(RemoteWebDriver.java:552)
	at com.kms.katalon.selenium.driver.CChromeDriver.execute(CChromeDriver.java:19)
	at org.openqa.selenium.remote.RemoteWebElement.execute(RemoteWebElement.java:285)
	at org.openqa.selenium.remote.RemoteWebElement.click(RemoteWebElement.java:84)
	at org.openqa.selenium.support.events.EventFiringWebDriver$EventFiringWebElement.lambda$new$0(EventFiringWebDriver.java:404)
	at com.sun.proxy.$Proxy9.click(Unknown Source)
	at org.openqa.selenium.support.events.EventFiringWebDriver$EventFiringWebElement.click(EventFiringWebDriver.java:417)
	at com.kms.katalon.core.webui.keyword.builtin.ClickKeyword$_click_closure1.doCall(ClickKeyword.groovy:69)
	at com.kms.katalon.core.webui.keyword.builtin.ClickKeyword$_click_closure1.call(ClickKeyword.groovy)
	at com.kms.katalon.core.webui.keyword.internal.WebUIKeywordMain.runKeyword(WebUIKeywordMain.groovy:20)
	... 19 more


2020-09-28 17:58:20 - [TEST_STEP][PASSED] - openBrowser(""): Browser is opened with url: ''

2020-09-28 17:58:20 - [MESSAGE][WARNING] - A browser is already opened. Closing browser and opening a new one

2020-09-28 17:58:20 - [MESSAGE][INFO] - Starting 'Chrome' driver

2020-09-28 17:58:20 - [MESSAGE][INFO] - Action delay is set to 0 milliseconds

2020-09-28 17:58:21 - [MESSAGE][PASSED] - Browser is opened with url: ''

2020-09-28 17:58:21 - [TEST_STEP][PASSED] - navigateToUrl("https://grid.nga.mil/testgrid/"): Navigate to 'https://grid.nga.mil/testgrid/' successfully

2020-09-28 17:58:26 - [MESSAGE][PASSED] - Navigate to 'https://grid.nga.mil/testgrid/' successfully

2020-09-28 17:58:26 - [TEST_STEP][FAILED] - click(findTestObject("Page_Home  GRiD/a_CAC  GEOAxIS Login")): Unable to click on object 'Object Repository/Page_Home  GRiD/a_CAC  GEOAxIS Login' (Root cause: com.kms.katalon.core.exception.StepFailedException: Unable to click on object 'Object Repository/Page_Home  GRiD/a_CAC  GEOAxIS Login'
	at com.kms.katalon.core.webui.keyword.internal.WebUIKeywordMain.stepFailed(WebUIKeywordMain.groovy:64)
	at com.kms.katalon.core.webui.keyword.internal.WebUIKeywordMain.runKeyword(WebUIKeywordMain.groovy:26)
	at com.kms.katalon.core.webui.keyword.builtin.ClickKeyword.click(ClickKeyword.groovy:76)
	at com.kms.katalon.core.webui.keyword.builtin.ClickKeyword.execute(ClickKeyword.groovy:43)
	at com.kms.katalon.core.keyword.internal.KeywordExecutor.executeKeywordForPlatform(KeywordExecutor.groovy:73)
	at com.kms.katalon.core.webui.keyword.WebUiBuiltInKeywords.click(WebUiBuiltInKeywords.groovy:616)
	at com.kms.katalon.core.webui.keyword.WebUiBuiltInKeywords$click$1.call(Unknown Source)
	at FG3D Test - Stragetic.run(FG3D Test - Stragetic:24)
	at com.kms.katalon.core.main.ScriptEngine.run(ScriptEngine.java:194)
	at com.kms.katalon.core.main.ScriptEngine.runScriptAsRawText(ScriptEngine.java:119)
	at com.kms.katalon.core.main.TestCaseExecutor.runScript(TestCaseExecutor.java:339)
	at com.kms.katalon.core.main.TestCaseExecutor.doExecute(TestCaseExecutor.java:330)
	at com.kms.katalon.core.main.TestCaseExecutor.processExecutionPhase(TestCaseExecutor.java:309)
	at com.kms.katalon.core.main.TestCaseExecutor.accessMainPhase(TestCaseExecutor.java:301)
	at com.kms.katalon.core.main.TestCaseExecutor.execute(TestCaseExecutor.java:235)
	at com.kms.katalon.core.main.TestSuiteExecutor.accessTestCaseMainPhase(TestSuiteExecutor.java:191)
	at com.kms.katalon.core.main.TestSuiteExecutor.accessTestSuiteMainPhase(TestSuiteExecutor.java:141)
	at com.kms.katalon.core.main.TestSuiteExecutor.execute(TestSuiteExecutor.java:90)
	at com.kms.katalon.core.main.TestCaseMain.startTestSuite(TestCaseMain.java:157)
	at com.kms.katalon.core.main.TestCaseMain$startTestSuite$0.call(Unknown Source)
	at TempTestSuite1601324593621.run(TempTestSuite1601324593621.groovy:39)
Caused by: org.openqa.selenium.TimeoutException: timeout: Timed out receiving message from renderer: 300.000
  (Session info: chrome=85.0.4183.121)
Build info: version: '3.141.59', revision: 'e82be7d358', time: '2018-11-14T08:25:53'
System info: host: 'c02yj0qyjgh7.lan', ip: 'fe80:0:0:0:8e5:6086:d883:e3f8%en0', os.name: 'Mac OS X', os.arch: 'x86_64', os.version: '10.15.6', java.version: '1.8.0_181'
Driver info: com.kms.katalon.selenium.driver.CChromeDriver
Capabilities {acceptInsecureCerts: false, browserName: chrome, browserVersion: 85.0.4183.121, chrome: {chromedriverVersion: 85.0.4183.87 (cd6713ebf92fa..., userDataDir: /var/folders/mk/mm0g76rn3_g...}, goog:chromeOptions: {debuggerAddress: localhost:54114}, javascriptEnabled: true, networkConnectionEnabled: false, pageLoadStrategy: normal, platform: MAC, platformName: MAC, proxy: Proxy(), setWindowRect: true, strictFileInteractability: false, timeouts: {implicit: 0, pageLoad: 300000, script: 30000}, unhandledPromptBehavior: dismiss and notify, webauthn:virtualAuthenticators: true}
Session ID: 107734735f8ef62d5fd1b695f0f8df26
	at org.openqa.selenium.remote.http.W3CHttpResponseCodec.createException(W3CHttpResponseCodec.java:187)
	at org.openqa.selenium.remote.http.W3CHttpResponseCodec.decode(W3CHttpResponseCodec.java:122)
	at org.openqa.selenium.remote.http.W3CHttpResponseCodec.decode(W3CHttpResponseCodec.java:49)
	at org.openqa.selenium.remote.HttpCommandExecutor.execute(HttpCommandExecutor.java:158)
	at org.openqa.selenium.remote.service.DriverCommandExecutor.execute(DriverCommandExecutor.java:83)
	at org.openqa.selenium.remote.RemoteWebDriver.execute(RemoteWebDriver.java:552)
	at com.kms.katalon.selenium.driver.CChromeDriver.execute(CChromeDriver.java:19)
	at org.openqa.selenium.remote.RemoteWebElement.execute(RemoteWebElement.java:285)
	at org.openqa.selenium.remote.RemoteWebElement.click(RemoteWebElement.java:84)
	at org.openqa.selenium.support.events.EventFiringWebDriver$EventFiringWebElement.lambda$new$0(EventFiringWebDriver.java:404)
	at com.sun.proxy.$Proxy9.click(Unknown Source)
	at org.openqa.selenium.support.events.EventFiringWebDriver$EventFiringWebElement.click(EventFiringWebDriver.java:417)
	at com.kms.katalon.core.webui.keyword.builtin.ClickKeyword$_click_closure1.doCall(ClickKeyword.groovy:69)
	at com.kms.katalon.core.webui.keyword.builtin.ClickKeyword$_click_closure1.call(ClickKeyword.groovy)
	at com.kms.katalon.core.webui.keyword.internal.WebUIKeywordMain.runKeyword(WebUIKeywordMain.groovy:20)
	at com.kms.katalon.core.webui.keyword.builtin.ClickKeyword.click(ClickKeyword.groovy:76)
	at com.kms.katalon.core.webui.keyword.builtin.ClickKeyword.execute(ClickKeyword.groovy:43)
	at com.kms.katalon.core.keyword.internal.KeywordExecutor.executeKeywordForPlatform(KeywordExecutor.groovy:73)
	at com.kms.katalon.core.webui.keyword.WebUiBuiltInKeywords.click(WebUiBuiltInKeywords.groovy:616)
	at com.kms.katalon.core.webui.keyword.WebUiBuiltInKeywords$click$1.call(Unknown Source)
	at Script1599149155505.run(Script1599149155505.groovy:24)
	... 13 more
)

2020-09-28 18:03:27 - [MESSAGE][FAILED] - Unable to click on object 'Object Repository/Page_Home  GRiD/a_CAC  GEOAxIS Login' (Root cause: com.kms.katalon.core.exception.StepFailedException: Unable to click on object 'Object Repository/Page_Home  GRiD/a_CAC  GEOAxIS Login'
	at com.kms.katalon.core.webui.keyword.internal.WebUIKeywordMain.stepFailed(WebUIKeywordMain.groovy:64)
	at com.kms.katalon.core.webui.keyword.internal.WebUIKeywordMain.runKeyword(WebUIKeywordMain.groovy:26)
	at com.kms.katalon.core.webui.keyword.builtin.ClickKeyword.click(ClickKeyword.groovy:76)
	at com.kms.katalon.core.webui.keyword.builtin.ClickKeyword.execute(ClickKeyword.groovy:43)
	at com.kms.katalon.core.keyword.internal.KeywordExecutor.executeKeywordForPlatform(KeywordExecutor.groovy:73)
	at com.kms.katalon.core.webui.keyword.WebUiBuiltInKeywords.click(WebUiBuiltInKeywords.groovy:616)
	at com.kms.katalon.core.webui.keyword.WebUiBuiltInKeywords$click$1.call(Unknown Source)
	at FG3D Test - Stragetic.run(FG3D Test - Stragetic:24)
	at com.kms.katalon.core.main.ScriptEngine.run(ScriptEngine.java:194)
	at com.kms.katalon.core.main.ScriptEngine.runScriptAsRawText(ScriptEngine.java:119)
	at com.kms.katalon.core.main.TestCaseExecutor.runScript(TestCaseExecutor.java:339)
	at com.kms.katalon.core.main.TestCaseExecutor.doExecute(TestCaseExecutor.java:330)
	at com.kms.katalon.core.main.TestCaseExecutor.processExecutionPhase(TestCaseExecutor.java:309)
	at com.kms.katalon.core.main.TestCaseExecutor.accessMainPhase(TestCaseExecutor.java:301)
	at com.kms.katalon.core.main.TestCaseExecutor.execute(TestCaseExecutor.java:235)
	at com.kms.katalon.core.main.TestSuiteExecutor.accessTestCaseMainPhase(TestSuiteExecutor.java:191)
	at com.kms.katalon.core.main.TestSuiteExecutor.accessTestSuiteMainPhase(TestSuiteExecutor.java:141)
	at com.kms.katalon.core.main.TestSuiteExecutor.execute(TestSuiteExecutor.java:90)
	at com.kms.katalon.core.main.TestCaseMain.startTestSuite(TestCaseMain.java:157)
	at com.kms.katalon.core.main.TestCaseMain$startTestSuite$0.call(Unknown Source)
	at TempTestSuite1601324593621.run(TempTestSuite1601324593621.groovy:39)
Caused by: org.openqa.selenium.TimeoutException: timeout: Timed out receiving message from renderer: 300.000
  (Session info: chrome=85.0.4183.121)
Build info: version: '3.141.59', revision: 'e82be7d358', time: '2018-11-14T08:25:53'
System info: host: 'c02yj0qyjgh7.lan', ip: 'fe80:0:0:0:8e5:6086:d883:e3f8%en0', os.name: 'Mac OS X', os.arch: 'x86_64', os.version: '10.15.6', java.version: '1.8.0_181'
Driver info: com.kms.katalon.selenium.driver.CChromeDriver
Capabilities {acceptInsecureCerts: false, browserName: chrome, browserVersion: 85.0.4183.121, chrome: {chromedriverVersion: 85.0.4183.87 (cd6713ebf92fa..., userDataDir: /var/folders/mk/mm0g76rn3_g...}, goog:chromeOptions: {debuggerAddress: localhost:54114}, javascriptEnabled: true, networkConnectionEnabled: false, pageLoadStrategy: normal, platform: MAC, platformName: MAC, proxy: Proxy(), setWindowRect: true, strictFileInteractability: false, timeouts: {implicit: 0, pageLoad: 300000, script: 30000}, unhandledPromptBehavior: dismiss and notify, webauthn:virtualAuthenticators: true}
Session ID: 107734735f8ef62d5fd1b695f0f8df26
	at org.openqa.selenium.remote.http.W3CHttpResponseCodec.createException(W3CHttpResponseCodec.java:187)
	at org.openqa.selenium.remote.http.W3CHttpResponseCodec.decode(W3CHttpResponseCodec.java:122)
	at org.openqa.selenium.remote.http.W3CHttpResponseCodec.decode(W3CHttpResponseCodec.java:49)
	at org.openqa.selenium.remote.HttpCommandExecutor.execute(HttpCommandExecutor.java:158)
	at org.openqa.selenium.remote.service.DriverCommandExecutor.execute(DriverCommandExecutor.java:83)
	at org.openqa.selenium.remote.RemoteWebDriver.execute(RemoteWebDriver.java:552)
	at com.kms.katalon.selenium.driver.CChromeDriver.execute(CChromeDriver.java:19)
	at org.openqa.selenium.remote.RemoteWebElement.execute(RemoteWebElement.java:285)
	at org.openqa.selenium.remote.RemoteWebElement.click(RemoteWebElement.java:84)
	at org.openqa.selenium.support.events.EventFiringWebDriver$EventFiringWebElement.lambda$new$0(EventFiringWebDriver.java:404)
	at com.sun.proxy.$Proxy9.click(Unknown Source)
	at org.openqa.selenium.support.events.EventFiringWebDriver$EventFiringWebElement.click(EventFiringWebDriver.java:417)
	at com.kms.katalon.core.webui.keyword.builtin.ClickKeyword$_click_closure1.doCall(ClickKeyword.groovy:69)
	at com.kms.katalon.core.webui.keyword.builtin.ClickKeyword$_click_closure1.call(ClickKeyword.groovy)
	at com.kms.katalon.core.webui.keyword.internal.WebUIKeywordMain.runKeyword(WebUIKeywordMain.groovy:20)
	at com.kms.katalon.core.webui.keyword.builtin.ClickKeyword.click(ClickKeyword.groovy:76)
	at com.kms.katalon.core.webui.keyword.builtin.ClickKeyword.execute(ClickKeyword.groovy:43)
	at com.kms.katalon.core.keyword.internal.KeywordExecutor.executeKeywordForPlatform(KeywordExecutor.groovy:73)
	at com.kms.katalon.core.webui.keyword.WebUiBuiltInKeywords.click(WebUiBuiltInKeywords.groovy:616)
	at com.kms.katalon.core.webui.keyword.WebUiBuiltInKeywords$click$1.call(Unknown Source)
	at Script1599149155505.run(Script1599149155505.groovy:24)
	... 13 more
)
[[ATTACHMENT|/Users/bhavikpatel/Downloads/Projects/CRREL/GRiD/Automation Testing/Automation Testing Project/KatalonTesting/Reports/20200928_162313/GRiD FG3D/20200928_162313/1601330606822.png]]]]></system-out>
         <system-err><![CDATA[2020-09-28 17:58:20 - [TEST_CASE][FAILED] - Test Cases/FG3D/FG3D Test - Stragetic: Test Cases/FG3D/FG3D Test - Stragetic FAILED.
Reason:
com.kms.katalon.core.exception.StepFailedException: Unable to click on object 'Object Repository/Page_Home  GRiD/a_CAC  GEOAxIS Login'
	at com.kms.katalon.core.webui.keyword.internal.WebUIKeywordMain.stepFailed(WebUIKeywordMain.groovy:64)
	at com.kms.katalon.core.webui.keyword.internal.WebUIKeywordMain.runKeyword(WebUIKeywordMain.groovy:26)
	at com.kms.katalon.core.webui.keyword.builtin.ClickKeyword.click(ClickKeyword.groovy:76)
	at com.kms.katalon.core.webui.keyword.builtin.ClickKeyword.execute(ClickKeyword.groovy:43)
	at com.kms.katalon.core.keyword.internal.KeywordExecutor.executeKeywordForPlatform(KeywordExecutor.groovy:73)
	at com.kms.katalon.core.webui.keyword.WebUiBuiltInKeywords.click(WebUiBuiltInKeywords.groovy:616)
	at com.kms.katalon.core.webui.keyword.WebUiBuiltInKeywords$click$1.call(Unknown Source)
	at FG3D Test - Stragetic.run(FG3D Test - Stragetic:24)
	at com.kms.katalon.core.main.ScriptEngine.run(ScriptEngine.java:194)
	at com.kms.katalon.core.main.ScriptEngine.runScriptAsRawText(ScriptEngine.java:119)
	at com.kms.katalon.core.main.TestCaseExecutor.runScript(TestCaseExecutor.java:339)
	at com.kms.katalon.core.main.TestCaseExecutor.doExecute(TestCaseExecutor.java:330)
	at com.kms.katalon.core.main.TestCaseExecutor.processExecutionPhase(TestCaseExecutor.java:309)
	at com.kms.katalon.core.main.TestCaseExecutor.accessMainPhase(TestCaseExecutor.java:301)
	at com.kms.katalon.core.main.TestCaseExecutor.execute(TestCaseExecutor.java:235)
	at com.kms.katalon.core.main.TestSuiteExecutor.accessTestCaseMainPhase(TestSuiteExecutor.java:191)
	at com.kms.katalon.core.main.TestSuiteExecutor.accessTestSuiteMainPhase(TestSuiteExecutor.java:141)
	at com.kms.katalon.core.main.TestSuiteExecutor.execute(TestSuiteExecutor.java:90)
	at com.kms.katalon.core.main.TestCaseMain.startTestSuite(TestCaseMain.java:157)
	at com.kms.katalon.core.main.TestCaseMain$startTestSuite$0.call(Unknown Source)
	at TempTestSuite1601324593621.run(TempTestSuite1601324593621.groovy:39)
Caused by: org.openqa.selenium.TimeoutException: timeout: Timed out receiving message from renderer: 300.000
  (Session info: chrome=85.0.4183.121)
Build info: version: '3.141.59', revision: 'e82be7d358', time: '2018-11-14T08:25:53'
System info: host: 'c02yj0qyjgh7.lan', ip: 'fe80:0:0:0:8e5:6086:d883:e3f8%en0', os.name: 'Mac OS X', os.arch: 'x86_64', os.version: '10.15.6', java.version: '1.8.0_181'
Driver info: com.kms.katalon.selenium.driver.CChromeDriver
Capabilities {acceptInsecureCerts: false, browserName: chrome, browserVersion: 85.0.4183.121, chrome: {chromedriverVersion: 85.0.4183.87 (cd6713ebf92fa..., userDataDir: /var/folders/mk/mm0g76rn3_g...}, goog:chromeOptions: {debuggerAddress: localhost:54114}, javascriptEnabled: true, networkConnectionEnabled: false, pageLoadStrategy: normal, platform: MAC, platformName: MAC, proxy: Proxy(), setWindowRect: true, strictFileInteractability: false, timeouts: {implicit: 0, pageLoad: 300000, script: 30000}, unhandledPromptBehavior: dismiss and notify, webauthn:virtualAuthenticators: true}
Session ID: 107734735f8ef62d5fd1b695f0f8df26
	at org.openqa.selenium.remote.http.W3CHttpResponseCodec.createException(W3CHttpResponseCodec.java:187)
	at org.openqa.selenium.remote.http.W3CHttpResponseCodec.decode(W3CHttpResponseCodec.java:122)
	at org.openqa.selenium.remote.http.W3CHttpResponseCodec.decode(W3CHttpResponseCodec.java:49)
	at org.openqa.selenium.remote.HttpCommandExecutor.execute(HttpCommandExecutor.java:158)
	at org.openqa.selenium.remote.service.DriverCommandExecutor.execute(DriverCommandExecutor.java:83)
	at org.openqa.selenium.remote.RemoteWebDriver.execute(RemoteWebDriver.java:552)
	at com.kms.katalon.selenium.driver.CChromeDriver.execute(CChromeDriver.java:19)
	at org.openqa.selenium.remote.RemoteWebElement.execute(RemoteWebElement.java:285)
	at org.openqa.selenium.remote.RemoteWebElement.click(RemoteWebElement.java:84)
	at org.openqa.selenium.support.events.EventFiringWebDriver$EventFiringWebElement.lambda$new$0(EventFiringWebDriver.java:404)
	at com.sun.proxy.$Proxy9.click(Unknown Source)
	at org.openqa.selenium.support.events.EventFiringWebDriver$EventFiringWebElement.click(EventFiringWebDriver.java:417)
	at com.kms.katalon.core.webui.keyword.builtin.ClickKeyword$_click_closure1.doCall(ClickKeyword.groovy:69)
	at com.kms.katalon.core.webui.keyword.builtin.ClickKeyword$_click_closure1.call(ClickKeyword.groovy)
	at com.kms.katalon.core.webui.keyword.internal.WebUIKeywordMain.runKeyword(WebUIKeywordMain.groovy:20)
	... 19 more]]></system-err>
      </testcase>
      <testcase name="Test Cases/FG3D/FG3D Test - Stragetic" time="305.981" classname="Test Cases/FG3D/FG3D Test - Stragetic" status="FAILED">
         <failure type="FAILED" message="Test Cases/FG3D/FG3D Test - Stragetic FAILED.
Reason:
com.kms.katalon.core.exception.StepFailedException: Unable to click on object 'Object Repository/Page_Home  GRiD/a_CAC  GEOAxIS Login'
	at com.kms.katalon.core.webui.keyword.internal.WebUIKeywordMain.stepFailed(WebUIKeywordMain.groovy:64)
	at com.kms.katalon.core.webui.keyword.internal.WebUIKeywordMain.runKeyword(WebUIKeywordMain.groovy:26)
	at com.kms.katalon.core.webui.keyword.builtin.ClickKeyword.click(ClickKeyword.groovy:76)
	at com.kms.katalon.core.webui.keyword.builtin.ClickKeyword.execute(ClickKeyword.groovy:43)
	at com.kms.katalon.core.keyword.internal.KeywordExecutor.executeKeywordForPlatform(KeywordExecutor.groovy:73)
	at com.kms.katalon.core.webui.keyword.WebUiBuiltInKeywords.click(WebUiBuiltInKeywords.groovy:616)
	at com.kms.katalon.core.webui.keyword.WebUiBuiltInKeywords$click$1.call(Unknown Source)
	at FG3D Test - Stragetic.run(FG3D Test - Stragetic:24)
	at com.kms.katalon.core.main.ScriptEngine.run(ScriptEngine.java:194)
	at com.kms.katalon.core.main.ScriptEngine.runScriptAsRawText(ScriptEngine.java:119)
	at com.kms.katalon.core.main.TestCaseExecutor.runScript(TestCaseExecutor.java:339)
	at com.kms.katalon.core.main.TestCaseExecutor.doExecute(TestCaseExecutor.java:330)
	at com.kms.katalon.core.main.TestCaseExecutor.processExecutionPhase(TestCaseExecutor.java:309)
	at com.kms.katalon.core.main.TestCaseExecutor.accessMainPhase(TestCaseExecutor.java:301)
	at com.kms.katalon.core.main.TestCaseExecutor.execute(TestCaseExecutor.java:235)
	at com.kms.katalon.core.main.TestSuiteExecutor.accessTestCaseMainPhase(TestSuiteExecutor.java:191)
	at com.kms.katalon.core.main.TestSuiteExecutor.accessTestSuiteMainPhase(TestSuiteExecutor.java:141)
	at com.kms.katalon.core.main.TestSuiteExecutor.execute(TestSuiteExecutor.java:90)
	at com.kms.katalon.core.main.TestCaseMain.startTestSuite(TestCaseMain.java:157)
	at com.kms.katalon.core.main.TestCaseMain$startTestSuite$0.call(Unknown Source)
	at TempTestSuite1601324593621.run(TempTestSuite1601324593621.groovy:39)
Caused by: org.openqa.selenium.TimeoutException: timeout: Timed out receiving message from renderer: 300.000
  (Session info: chrome=85.0.4183.121)
Build info: version: '3.141.59', revision: 'e82be7d358', time: '2018-11-14T08:25:53'
System info: host: 'c02yj0qyjgh7.lan', ip: 'fe80:0:0:0:8e5:6086:d883:e3f8%en0', os.name: 'Mac OS X', os.arch: 'x86_64', os.version: '10.15.6', java.version: '1.8.0_181'
Driver info: com.kms.katalon.selenium.driver.CChromeDriver
Capabilities {acceptInsecureCerts: false, browserName: chrome, browserVersion: 85.0.4183.121, chrome: {chromedriverVersion: 85.0.4183.87 (cd6713ebf92fa..., userDataDir: /var/folders/mk/mm0g76rn3_g...}, goog:chromeOptions: {debuggerAddress: localhost:54269}, javascriptEnabled: true, networkConnectionEnabled: false, pageLoadStrategy: normal, platform: MAC, platformName: MAC, proxy: Proxy(), setWindowRect: true, strictFileInteractability: false, timeouts: {implicit: 0, pageLoad: 300000, script: 30000}, unhandledPromptBehavior: dismiss and notify, webauthn:virtualAuthenticators: true}
Session ID: 8c3108c388c31f5bcafc2ebf8b562d04
	at org.openqa.selenium.remote.http.W3CHttpResponseCodec.createException(W3CHttpResponseCodec.java:187)
	at org.openqa.selenium.remote.http.W3CHttpResponseCodec.decode(W3CHttpResponseCodec.java:122)
	at org.openqa.selenium.remote.http.W3CHttpResponseCodec.decode(W3CHttpResponseCodec.java:49)
	at org.openqa.selenium.remote.HttpCommandExecutor.execute(HttpCommandExecutor.java:158)
	at org.openqa.selenium.remote.service.DriverCommandExecutor.execute(DriverCommandExecutor.java:83)
	at org.openqa.selenium.remote.RemoteWebDriver.execute(RemoteWebDriver.java:552)
	at com.kms.katalon.selenium.driver.CChromeDriver.execute(CChromeDriver.java:19)
	at org.openqa.selenium.remote.RemoteWebElement.execute(RemoteWebElement.java:285)
	at org.openqa.selenium.remote.RemoteWebElement.click(RemoteWebElement.java:84)
	at org.openqa.selenium.support.events.EventFiringWebDriver$EventFiringWebElement.lambda$new$0(EventFiringWebDriver.java:404)
	at com.sun.proxy.$Proxy9.click(Unknown Source)
	at org.openqa.selenium.support.events.EventFiringWebDriver$EventFiringWebElement.click(EventFiringWebDriver.java:417)
	at com.kms.katalon.core.webui.keyword.builtin.ClickKeyword$_click_closure1.doCall(ClickKeyword.groovy:69)
	at com.kms.katalon.core.webui.keyword.builtin.ClickKeyword$_click_closure1.call(ClickKeyword.groovy)
	at com.kms.katalon.core.webui.keyword.internal.WebUIKeywordMain.runKeyword(WebUIKeywordMain.groovy:20)
	... 19 more
"/>
         <system-out><![CDATA[2020-09-28 18:03:27 - [TEST_CASE][FAILED] - Test Cases/FG3D/FG3D Test - Stragetic: Test Cases/FG3D/FG3D Test - Stragetic FAILED.
Reason:
com.kms.katalon.core.exception.StepFailedException: Unable to click on object 'Object Repository/Page_Home  GRiD/a_CAC  GEOAxIS Login'
	at com.kms.katalon.core.webui.keyword.internal.WebUIKeywordMain.stepFailed(WebUIKeywordMain.groovy:64)
	at com.kms.katalon.core.webui.keyword.internal.WebUIKeywordMain.runKeyword(WebUIKeywordMain.groovy:26)
	at com.kms.katalon.core.webui.keyword.builtin.ClickKeyword.click(ClickKeyword.groovy:76)
	at com.kms.katalon.core.webui.keyword.builtin.ClickKeyword.execute(ClickKeyword.groovy:43)
	at com.kms.katalon.core.keyword.internal.KeywordExecutor.executeKeywordForPlatform(KeywordExecutor.groovy:73)
	at com.kms.katalon.core.webui.keyword.WebUiBuiltInKeywords.click(WebUiBuiltInKeywords.groovy:616)
	at com.kms.katalon.core.webui.keyword.WebUiBuiltInKeywords$click$1.call(Unknown Source)
	at FG3D Test - Stragetic.run(FG3D Test - Stragetic:24)
	at com.kms.katalon.core.main.ScriptEngine.run(ScriptEngine.java:194)
	at com.kms.katalon.core.main.ScriptEngine.runScriptAsRawText(ScriptEngine.java:119)
	at com.kms.katalon.core.main.TestCaseExecutor.runScript(TestCaseExecutor.java:339)
	at com.kms.katalon.core.main.TestCaseExecutor.doExecute(TestCaseExecutor.java:330)
	at com.kms.katalon.core.main.TestCaseExecutor.processExecutionPhase(TestCaseExecutor.java:309)
	at com.kms.katalon.core.main.TestCaseExecutor.accessMainPhase(TestCaseExecutor.java:301)
	at com.kms.katalon.core.main.TestCaseExecutor.execute(TestCaseExecutor.java:235)
	at com.kms.katalon.core.main.TestSuiteExecutor.accessTestCaseMainPhase(TestSuiteExecutor.java:191)
	at com.kms.katalon.core.main.TestSuiteExecutor.accessTestSuiteMainPhase(TestSuiteExecutor.java:141)
	at com.kms.katalon.core.main.TestSuiteExecutor.execute(TestSuiteExecutor.java:90)
	at com.kms.katalon.core.main.TestCaseMain.startTestSuite(TestCaseMain.java:157)
	at com.kms.katalon.core.main.TestCaseMain$startTestSuite$0.call(Unknown Source)
	at TempTestSuite1601324593621.run(TempTestSuite1601324593621.groovy:39)
Caused by: org.openqa.selenium.TimeoutException: timeout: Timed out receiving message from renderer: 300.000
  (Session info: chrome=85.0.4183.121)
Build info: version: '3.141.59', revision: 'e82be7d358', time: '2018-11-14T08:25:53'
System info: host: 'c02yj0qyjgh7.lan', ip: 'fe80:0:0:0:8e5:6086:d883:e3f8%en0', os.name: 'Mac OS X', os.arch: 'x86_64', os.version: '10.15.6', java.version: '1.8.0_181'
Driver info: com.kms.katalon.selenium.driver.CChromeDriver
Capabilities {acceptInsecureCerts: false, browserName: chrome, browserVersion: 85.0.4183.121, chrome: {chromedriverVersion: 85.0.4183.87 (cd6713ebf92fa..., userDataDir: /var/folders/mk/mm0g76rn3_g...}, goog:chromeOptions: {debuggerAddress: localhost:54269}, javascriptEnabled: true, networkConnectionEnabled: false, pageLoadStrategy: normal, platform: MAC, platformName: MAC, proxy: Proxy(), setWindowRect: true, strictFileInteractability: false, timeouts: {implicit: 0, pageLoad: 300000, script: 30000}, unhandledPromptBehavior: dismiss and notify, webauthn:virtualAuthenticators: true}
Session ID: 8c3108c388c31f5bcafc2ebf8b562d04
	at org.openqa.selenium.remote.http.W3CHttpResponseCodec.createException(W3CHttpResponseCodec.java:187)
	at org.openqa.selenium.remote.http.W3CHttpResponseCodec.decode(W3CHttpResponseCodec.java:122)
	at org.openqa.selenium.remote.http.W3CHttpResponseCodec.decode(W3CHttpResponseCodec.java:49)
	at org.openqa.selenium.remote.HttpCommandExecutor.execute(HttpCommandExecutor.java:158)
	at org.openqa.selenium.remote.service.DriverCommandExecutor.execute(DriverCommandExecutor.java:83)
	at org.openqa.selenium.remote.RemoteWebDriver.execute(RemoteWebDriver.java:552)
	at com.kms.katalon.selenium.driver.CChromeDriver.execute(CChromeDriver.java:19)
	at org.openqa.selenium.remote.RemoteWebElement.execute(RemoteWebElement.java:285)
	at org.openqa.selenium.remote.RemoteWebElement.click(RemoteWebElement.java:84)
	at org.openqa.selenium.support.events.EventFiringWebDriver$EventFiringWebElement.lambda$new$0(EventFiringWebDriver.java:404)
	at com.sun.proxy.$Proxy9.click(Unknown Source)
	at org.openqa.selenium.support.events.EventFiringWebDriver$EventFiringWebElement.click(EventFiringWebDriver.java:417)
	at com.kms.katalon.core.webui.keyword.builtin.ClickKeyword$_click_closure1.doCall(ClickKeyword.groovy:69)
	at com.kms.katalon.core.webui.keyword.builtin.ClickKeyword$_click_closure1.call(ClickKeyword.groovy)
	at com.kms.katalon.core.webui.keyword.internal.WebUIKeywordMain.runKeyword(WebUIKeywordMain.groovy:20)
	... 19 more


2020-09-28 18:03:27 - [TEST_STEP][PASSED] - openBrowser(""): Browser is opened with url: ''

2020-09-28 18:03:27 - [MESSAGE][WARNING] - A browser is already opened. Closing browser and opening a new one

2020-09-28 18:03:27 - [MESSAGE][INFO] - Starting 'Chrome' driver

2020-09-28 18:03:27 - [MESSAGE][INFO] - Action delay is set to 0 milliseconds

2020-09-28 18:03:28 - [MESSAGE][PASSED] - Browser is opened with url: ''

2020-09-28 18:03:28 - [TEST_STEP][PASSED] - navigateToUrl("https://grid.nga.mil/testgrid/"): Navigate to 'https://grid.nga.mil/testgrid/' successfully

2020-09-28 18:03:32 - [MESSAGE][PASSED] - Navigate to 'https://grid.nga.mil/testgrid/' successfully

2020-09-28 18:03:32 - [TEST_STEP][FAILED] - click(findTestObject("Page_Home  GRiD/a_CAC  GEOAxIS Login")): Unable to click on object 'Object Repository/Page_Home  GRiD/a_CAC  GEOAxIS Login' (Root cause: com.kms.katalon.core.exception.StepFailedException: Unable to click on object 'Object Repository/Page_Home  GRiD/a_CAC  GEOAxIS Login'
	at com.kms.katalon.core.webui.keyword.internal.WebUIKeywordMain.stepFailed(WebUIKeywordMain.groovy:64)
	at com.kms.katalon.core.webui.keyword.internal.WebUIKeywordMain.runKeyword(WebUIKeywordMain.groovy:26)
	at com.kms.katalon.core.webui.keyword.builtin.ClickKeyword.click(ClickKeyword.groovy:76)
	at com.kms.katalon.core.webui.keyword.builtin.ClickKeyword.execute(ClickKeyword.groovy:43)
	at com.kms.katalon.core.keyword.internal.KeywordExecutor.executeKeywordForPlatform(KeywordExecutor.groovy:73)
	at com.kms.katalon.core.webui.keyword.WebUiBuiltInKeywords.click(WebUiBuiltInKeywords.groovy:616)
	at com.kms.katalon.core.webui.keyword.WebUiBuiltInKeywords$click$1.call(Unknown Source)
	at FG3D Test - Stragetic.run(FG3D Test - Stragetic:24)
	at com.kms.katalon.core.main.ScriptEngine.run(ScriptEngine.java:194)
	at com.kms.katalon.core.main.ScriptEngine.runScriptAsRawText(ScriptEngine.java:119)
	at com.kms.katalon.core.main.TestCaseExecutor.runScript(TestCaseExecutor.java:339)
	at com.kms.katalon.core.main.TestCaseExecutor.doExecute(TestCaseExecutor.java:330)
	at com.kms.katalon.core.main.TestCaseExecutor.processExecutionPhase(TestCaseExecutor.java:309)
	at com.kms.katalon.core.main.TestCaseExecutor.accessMainPhase(TestCaseExecutor.java:301)
	at com.kms.katalon.core.main.TestCaseExecutor.execute(TestCaseExecutor.java:235)
	at com.kms.katalon.core.main.TestSuiteExecutor.accessTestCaseMainPhase(TestSuiteExecutor.java:191)
	at com.kms.katalon.core.main.TestSuiteExecutor.accessTestSuiteMainPhase(TestSuiteExecutor.java:141)
	at com.kms.katalon.core.main.TestSuiteExecutor.execute(TestSuiteExecutor.java:90)
	at com.kms.katalon.core.main.TestCaseMain.startTestSuite(TestCaseMain.java:157)
	at com.kms.katalon.core.main.TestCaseMain$startTestSuite$0.call(Unknown Source)
	at TempTestSuite1601324593621.run(TempTestSuite1601324593621.groovy:39)
Caused by: org.openqa.selenium.TimeoutException: timeout: Timed out receiving message from renderer: 300.000
  (Session info: chrome=85.0.4183.121)
Build info: version: '3.141.59', revision: 'e82be7d358', time: '2018-11-14T08:25:53'
System info: host: 'c02yj0qyjgh7.lan', ip: 'fe80:0:0:0:8e5:6086:d883:e3f8%en0', os.name: 'Mac OS X', os.arch: 'x86_64', os.version: '10.15.6', java.version: '1.8.0_181'
Driver info: com.kms.katalon.selenium.driver.CChromeDriver
Capabilities {acceptInsecureCerts: false, browserName: chrome, browserVersion: 85.0.4183.121, chrome: {chromedriverVersion: 85.0.4183.87 (cd6713ebf92fa..., userDataDir: /var/folders/mk/mm0g76rn3_g...}, goog:chromeOptions: {debuggerAddress: localhost:54269}, javascriptEnabled: true, networkConnectionEnabled: false, pageLoadStrategy: normal, platform: MAC, platformName: MAC, proxy: Proxy(), setWindowRect: true, strictFileInteractability: false, timeouts: {implicit: 0, pageLoad: 300000, script: 30000}, unhandledPromptBehavior: dismiss and notify, webauthn:virtualAuthenticators: true}
Session ID: 8c3108c388c31f5bcafc2ebf8b562d04
	at org.openqa.selenium.remote.http.W3CHttpResponseCodec.createException(W3CHttpResponseCodec.java:187)
	at org.openqa.selenium.remote.http.W3CHttpResponseCodec.decode(W3CHttpResponseCodec.java:122)
	at org.openqa.selenium.remote.http.W3CHttpResponseCodec.decode(W3CHttpResponseCodec.java:49)
	at org.openqa.selenium.remote.HttpCommandExecutor.execute(HttpCommandExecutor.java:158)
	at org.openqa.selenium.remote.service.DriverCommandExecutor.execute(DriverCommandExecutor.java:83)
	at org.openqa.selenium.remote.RemoteWebDriver.execute(RemoteWebDriver.java:552)
	at com.kms.katalon.selenium.driver.CChromeDriver.execute(CChromeDriver.java:19)
	at org.openqa.selenium.remote.RemoteWebElement.execute(RemoteWebElement.java:285)
	at org.openqa.selenium.remote.RemoteWebElement.click(RemoteWebElement.java:84)
	at org.openqa.selenium.support.events.EventFiringWebDriver$EventFiringWebElement.lambda$new$0(EventFiringWebDriver.java:404)
	at com.sun.proxy.$Proxy9.click(Unknown Source)
	at org.openqa.selenium.support.events.EventFiringWebDriver$EventFiringWebElement.click(EventFiringWebDriver.java:417)
	at com.kms.katalon.core.webui.keyword.builtin.ClickKeyword$_click_closure1.doCall(ClickKeyword.groovy:69)
	at com.kms.katalon.core.webui.keyword.builtin.ClickKeyword$_click_closure1.call(ClickKeyword.groovy)
	at com.kms.katalon.core.webui.keyword.internal.WebUIKeywordMain.runKeyword(WebUIKeywordMain.groovy:20)
	at com.kms.katalon.core.webui.keyword.builtin.ClickKeyword.click(ClickKeyword.groovy:76)
	at com.kms.katalon.core.webui.keyword.builtin.ClickKeyword.execute(ClickKeyword.groovy:43)
	at com.kms.katalon.core.keyword.internal.KeywordExecutor.executeKeywordForPlatform(KeywordExecutor.groovy:73)
	at com.kms.katalon.core.webui.keyword.WebUiBuiltInKeywords.click(WebUiBuiltInKeywords.groovy:616)
	at com.kms.katalon.core.webui.keyword.WebUiBuiltInKeywords$click$1.call(Unknown Source)
	at Script1599149155505.run(Script1599149155505.groovy:24)
	... 13 more
)

2020-09-28 18:08:33 - [MESSAGE][FAILED] - Unable to click on object 'Object Repository/Page_Home  GRiD/a_CAC  GEOAxIS Login' (Root cause: com.kms.katalon.core.exception.StepFailedException: Unable to click on object 'Object Repository/Page_Home  GRiD/a_CAC  GEOAxIS Login'
	at com.kms.katalon.core.webui.keyword.internal.WebUIKeywordMain.stepFailed(WebUIKeywordMain.groovy:64)
	at com.kms.katalon.core.webui.keyword.internal.WebUIKeywordMain.runKeyword(WebUIKeywordMain.groovy:26)
	at com.kms.katalon.core.webui.keyword.builtin.ClickKeyword.click(ClickKeyword.groovy:76)
	at com.kms.katalon.core.webui.keyword.builtin.ClickKeyword.execute(ClickKeyword.groovy:43)
	at com.kms.katalon.core.keyword.internal.KeywordExecutor.executeKeywordForPlatform(KeywordExecutor.groovy:73)
	at com.kms.katalon.core.webui.keyword.WebUiBuiltInKeywords.click(WebUiBuiltInKeywords.groovy:616)
	at com.kms.katalon.core.webui.keyword.WebUiBuiltInKeywords$click$1.call(Unknown Source)
	at FG3D Test - Stragetic.run(FG3D Test - Stragetic:24)
	at com.kms.katalon.core.main.ScriptEngine.run(ScriptEngine.java:194)
	at com.kms.katalon.core.main.ScriptEngine.runScriptAsRawText(ScriptEngine.java:119)
	at com.kms.katalon.core.main.TestCaseExecutor.runScript(TestCaseExecutor.java:339)
	at com.kms.katalon.core.main.TestCaseExecutor.doExecute(TestCaseExecutor.java:330)
	at com.kms.katalon.core.main.TestCaseExecutor.processExecutionPhase(TestCaseExecutor.java:309)
	at com.kms.katalon.core.main.TestCaseExecutor.accessMainPhase(TestCaseExecutor.java:301)
	at com.kms.katalon.core.main.TestCaseExecutor.execute(TestCaseExecutor.java:235)
	at com.kms.katalon.core.main.TestSuiteExecutor.accessTestCaseMainPhase(TestSuiteExecutor.java:191)
	at com.kms.katalon.core.main.TestSuiteExecutor.accessTestSuiteMainPhase(TestSuiteExecutor.java:141)
	at com.kms.katalon.core.main.TestSuiteExecutor.execute(TestSuiteExecutor.java:90)
	at com.kms.katalon.core.main.TestCaseMain.startTestSuite(TestCaseMain.java:157)
	at com.kms.katalon.core.main.TestCaseMain$startTestSuite$0.call(Unknown Source)
	at TempTestSuite1601324593621.run(TempTestSuite1601324593621.groovy:39)
Caused by: org.openqa.selenium.TimeoutException: timeout: Timed out receiving message from renderer: 300.000
  (Session info: chrome=85.0.4183.121)
Build info: version: '3.141.59', revision: 'e82be7d358', time: '2018-11-14T08:25:53'
System info: host: 'c02yj0qyjgh7.lan', ip: 'fe80:0:0:0:8e5:6086:d883:e3f8%en0', os.name: 'Mac OS X', os.arch: 'x86_64', os.version: '10.15.6', java.version: '1.8.0_181'
Driver info: com.kms.katalon.selenium.driver.CChromeDriver
Capabilities {acceptInsecureCerts: false, browserName: chrome, browserVersion: 85.0.4183.121, chrome: {chromedriverVersion: 85.0.4183.87 (cd6713ebf92fa..., userDataDir: /var/folders/mk/mm0g76rn3_g...}, goog:chromeOptions: {debuggerAddress: localhost:54269}, javascriptEnabled: true, networkConnectionEnabled: false, pageLoadStrategy: normal, platform: MAC, platformName: MAC, proxy: Proxy(), setWindowRect: true, strictFileInteractability: false, timeouts: {implicit: 0, pageLoad: 300000, script: 30000}, unhandledPromptBehavior: dismiss and notify, webauthn:virtualAuthenticators: true}
Session ID: 8c3108c388c31f5bcafc2ebf8b562d04
	at org.openqa.selenium.remote.http.W3CHttpResponseCodec.createException(W3CHttpResponseCodec.java:187)
	at org.openqa.selenium.remote.http.W3CHttpResponseCodec.decode(W3CHttpResponseCodec.java:122)
	at org.openqa.selenium.remote.http.W3CHttpResponseCodec.decode(W3CHttpResponseCodec.java:49)
	at org.openqa.selenium.remote.HttpCommandExecutor.execute(HttpCommandExecutor.java:158)
	at org.openqa.selenium.remote.service.DriverCommandExecutor.execute(DriverCommandExecutor.java:83)
	at org.openqa.selenium.remote.RemoteWebDriver.execute(RemoteWebDriver.java:552)
	at com.kms.katalon.selenium.driver.CChromeDriver.execute(CChromeDriver.java:19)
	at org.openqa.selenium.remote.RemoteWebElement.execute(RemoteWebElement.java:285)
	at org.openqa.selenium.remote.RemoteWebElement.click(RemoteWebElement.java:84)
	at org.openqa.selenium.support.events.EventFiringWebDriver$EventFiringWebElement.lambda$new$0(EventFiringWebDriver.java:404)
	at com.sun.proxy.$Proxy9.click(Unknown Source)
	at org.openqa.selenium.support.events.EventFiringWebDriver$EventFiringWebElement.click(EventFiringWebDriver.java:417)
	at com.kms.katalon.core.webui.keyword.builtin.ClickKeyword$_click_closure1.doCall(ClickKeyword.groovy:69)
	at com.kms.katalon.core.webui.keyword.builtin.ClickKeyword$_click_closure1.call(ClickKeyword.groovy)
	at com.kms.katalon.core.webui.keyword.internal.WebUIKeywordMain.runKeyword(WebUIKeywordMain.groovy:20)
	at com.kms.katalon.core.webui.keyword.builtin.ClickKeyword.click(ClickKeyword.groovy:76)
	at com.kms.katalon.core.webui.keyword.builtin.ClickKeyword.execute(ClickKeyword.groovy:43)
	at com.kms.katalon.core.keyword.internal.KeywordExecutor.executeKeywordForPlatform(KeywordExecutor.groovy:73)
	at com.kms.katalon.core.webui.keyword.WebUiBuiltInKeywords.click(WebUiBuiltInKeywords.groovy:616)
	at com.kms.katalon.core.webui.keyword.WebUiBuiltInKeywords$click$1.call(Unknown Source)
	at Script1599149155505.run(Script1599149155505.groovy:24)
	... 13 more
)
[[ATTACHMENT|/Users/bhavikpatel/Downloads/Projects/CRREL/GRiD/Automation Testing/Automation Testing Project/KatalonTesting/Reports/20200928_162313/GRiD FG3D/20200928_162313/1601330912811.png]]]]></system-out>
         <system-err><![CDATA[2020-09-28 18:03:27 - [TEST_CASE][FAILED] - Test Cases/FG3D/FG3D Test - Stragetic: Test Cases/FG3D/FG3D Test - Stragetic FAILED.
Reason:
com.kms.katalon.core.exception.StepFailedException: Unable to click on object 'Object Repository/Page_Home  GRiD/a_CAC  GEOAxIS Login'
	at com.kms.katalon.core.webui.keyword.internal.WebUIKeywordMain.stepFailed(WebUIKeywordMain.groovy:64)
	at com.kms.katalon.core.webui.keyword.internal.WebUIKeywordMain.runKeyword(WebUIKeywordMain.groovy:26)
	at com.kms.katalon.core.webui.keyword.builtin.ClickKeyword.click(ClickKeyword.groovy:76)
	at com.kms.katalon.core.webui.keyword.builtin.ClickKeyword.execute(ClickKeyword.groovy:43)
	at com.kms.katalon.core.keyword.internal.KeywordExecutor.executeKeywordForPlatform(KeywordExecutor.groovy:73)
	at com.kms.katalon.core.webui.keyword.WebUiBuiltInKeywords.click(WebUiBuiltInKeywords.groovy:616)
	at com.kms.katalon.core.webui.keyword.WebUiBuiltInKeywords$click$1.call(Unknown Source)
	at FG3D Test - Stragetic.run(FG3D Test - Stragetic:24)
	at com.kms.katalon.core.main.ScriptEngine.run(ScriptEngine.java:194)
	at com.kms.katalon.core.main.ScriptEngine.runScriptAsRawText(ScriptEngine.java:119)
	at com.kms.katalon.core.main.TestCaseExecutor.runScript(TestCaseExecutor.java:339)
	at com.kms.katalon.core.main.TestCaseExecutor.doExecute(TestCaseExecutor.java:330)
	at com.kms.katalon.core.main.TestCaseExecutor.processExecutionPhase(TestCaseExecutor.java:309)
	at com.kms.katalon.core.main.TestCaseExecutor.accessMainPhase(TestCaseExecutor.java:301)
	at com.kms.katalon.core.main.TestCaseExecutor.execute(TestCaseExecutor.java:235)
	at com.kms.katalon.core.main.TestSuiteExecutor.accessTestCaseMainPhase(TestSuiteExecutor.java:191)
	at com.kms.katalon.core.main.TestSuiteExecutor.accessTestSuiteMainPhase(TestSuiteExecutor.java:141)
	at com.kms.katalon.core.main.TestSuiteExecutor.execute(TestSuiteExecutor.java:90)
	at com.kms.katalon.core.main.TestCaseMain.startTestSuite(TestCaseMain.java:157)
	at com.kms.katalon.core.main.TestCaseMain$startTestSuite$0.call(Unknown Source)
	at TempTestSuite1601324593621.run(TempTestSuite1601324593621.groovy:39)
Caused by: org.openqa.selenium.TimeoutException: timeout: Timed out receiving message from renderer: 300.000
  (Session info: chrome=85.0.4183.121)
Build info: version: '3.141.59', revision: 'e82be7d358', time: '2018-11-14T08:25:53'
System info: host: 'c02yj0qyjgh7.lan', ip: 'fe80:0:0:0:8e5:6086:d883:e3f8%en0', os.name: 'Mac OS X', os.arch: 'x86_64', os.version: '10.15.6', java.version: '1.8.0_181'
Driver info: com.kms.katalon.selenium.driver.CChromeDriver
Capabilities {acceptInsecureCerts: false, browserName: chrome, browserVersion: 85.0.4183.121, chrome: {chromedriverVersion: 85.0.4183.87 (cd6713ebf92fa..., userDataDir: /var/folders/mk/mm0g76rn3_g...}, goog:chromeOptions: {debuggerAddress: localhost:54269}, javascriptEnabled: true, networkConnectionEnabled: false, pageLoadStrategy: normal, platform: MAC, platformName: MAC, proxy: Proxy(), setWindowRect: true, strictFileInteractability: false, timeouts: {implicit: 0, pageLoad: 300000, script: 30000}, unhandledPromptBehavior: dismiss and notify, webauthn:virtualAuthenticators: true}
Session ID: 8c3108c388c31f5bcafc2ebf8b562d04
	at org.openqa.selenium.remote.http.W3CHttpResponseCodec.createException(W3CHttpResponseCodec.java:187)
	at org.openqa.selenium.remote.http.W3CHttpResponseCodec.decode(W3CHttpResponseCodec.java:122)
	at org.openqa.selenium.remote.http.W3CHttpResponseCodec.decode(W3CHttpResponseCodec.java:49)
	at org.openqa.selenium.remote.HttpCommandExecutor.execute(HttpCommandExecutor.java:158)
	at org.openqa.selenium.remote.service.DriverCommandExecutor.execute(DriverCommandExecutor.java:83)
	at org.openqa.selenium.remote.RemoteWebDriver.execute(RemoteWebDriver.java:552)
	at com.kms.katalon.selenium.driver.CChromeDriver.execute(CChromeDriver.java:19)
	at org.openqa.selenium.remote.RemoteWebElement.execute(RemoteWebElement.java:285)
	at org.openqa.selenium.remote.RemoteWebElement.click(RemoteWebElement.java:84)
	at org.openqa.selenium.support.events.EventFiringWebDriver$EventFiringWebElement.lambda$new$0(EventFiringWebDriver.java:404)
	at com.sun.proxy.$Proxy9.click(Unknown Source)
	at org.openqa.selenium.support.events.EventFiringWebDriver$EventFiringWebElement.click(EventFiringWebDriver.java:417)
	at com.kms.katalon.core.webui.keyword.builtin.ClickKeyword$_click_closure1.doCall(ClickKeyword.groovy:69)
	at com.kms.katalon.core.webui.keyword.builtin.ClickKeyword$_click_closure1.call(ClickKeyword.groovy)
	at com.kms.katalon.core.webui.keyword.internal.WebUIKeywordMain.runKeyword(WebUIKeywordMain.groovy:20)
	... 19 more]]></system-err>
      </testcase>
      <testcase name="Test Cases/FG3D/FG3D Test - Stragetic" time="305.735" classname="Test Cases/FG3D/FG3D Test - Stragetic" status="FAILED">
         <failure type="FAILED" message="Test Cases/FG3D/FG3D Test - Stragetic FAILED.
Reason:
com.kms.katalon.core.exception.StepFailedException: Unable to click on object 'Object Repository/Page_Home  GRiD/a_CAC  GEOAxIS Login'
	at com.kms.katalon.core.webui.keyword.internal.WebUIKeywordMain.stepFailed(WebUIKeywordMain.groovy:64)
	at com.kms.katalon.core.webui.keyword.internal.WebUIKeywordMain.runKeyword(WebUIKeywordMain.groovy:26)
	at com.kms.katalon.core.webui.keyword.builtin.ClickKeyword.click(ClickKeyword.groovy:76)
	at com.kms.katalon.core.webui.keyword.builtin.ClickKeyword.execute(ClickKeyword.groovy:43)
	at com.kms.katalon.core.keyword.internal.KeywordExecutor.executeKeywordForPlatform(KeywordExecutor.groovy:73)
	at com.kms.katalon.core.webui.keyword.WebUiBuiltInKeywords.click(WebUiBuiltInKeywords.groovy:616)
	at com.kms.katalon.core.webui.keyword.WebUiBuiltInKeywords$click$1.call(Unknown Source)
	at FG3D Test - Stragetic.run(FG3D Test - Stragetic:24)
	at com.kms.katalon.core.main.ScriptEngine.run(ScriptEngine.java:194)
	at com.kms.katalon.core.main.ScriptEngine.runScriptAsRawText(ScriptEngine.java:119)
	at com.kms.katalon.core.main.TestCaseExecutor.runScript(TestCaseExecutor.java:339)
	at com.kms.katalon.core.main.TestCaseExecutor.doExecute(TestCaseExecutor.java:330)
	at com.kms.katalon.core.main.TestCaseExecutor.processExecutionPhase(TestCaseExecutor.java:309)
	at com.kms.katalon.core.main.TestCaseExecutor.accessMainPhase(TestCaseExecutor.java:301)
	at com.kms.katalon.core.main.TestCaseExecutor.execute(TestCaseExecutor.java:235)
	at com.kms.katalon.core.main.TestSuiteExecutor.accessTestCaseMainPhase(TestSuiteExecutor.java:191)
	at com.kms.katalon.core.main.TestSuiteExecutor.accessTestSuiteMainPhase(TestSuiteExecutor.java:141)
	at com.kms.katalon.core.main.TestSuiteExecutor.execute(TestSuiteExecutor.java:90)
	at com.kms.katalon.core.main.TestCaseMain.startTestSuite(TestCaseMain.java:157)
	at com.kms.katalon.core.main.TestCaseMain$startTestSuite$0.call(Unknown Source)
	at TempTestSuite1601324593621.run(TempTestSuite1601324593621.groovy:39)
Caused by: org.openqa.selenium.TimeoutException: timeout: Timed out receiving message from renderer: 300.000
  (Session info: chrome=85.0.4183.121)
Build info: version: '3.141.59', revision: 'e82be7d358', time: '2018-11-14T08:25:53'
System info: host: 'c02yj0qyjgh7.lan', ip: 'fe80:0:0:0:8e5:6086:d883:e3f8%en0', os.name: 'Mac OS X', os.arch: 'x86_64', os.version: '10.15.6', java.version: '1.8.0_181'
Driver info: com.kms.katalon.selenium.driver.CChromeDriver
Capabilities {acceptInsecureCerts: false, browserName: chrome, browserVersion: 85.0.4183.121, chrome: {chromedriverVersion: 85.0.4183.87 (cd6713ebf92fa..., userDataDir: /var/folders/mk/mm0g76rn3_g...}, goog:chromeOptions: {debuggerAddress: localhost:54420}, javascriptEnabled: true, networkConnectionEnabled: false, pageLoadStrategy: normal, platform: MAC, platformName: MAC, proxy: Proxy(), setWindowRect: true, strictFileInteractability: false, timeouts: {implicit: 0, pageLoad: 300000, script: 30000}, unhandledPromptBehavior: dismiss and notify, webauthn:virtualAuthenticators: true}
Session ID: 87fd6b43d337aa9cf0165b6726102c45
	at org.openqa.selenium.remote.http.W3CHttpResponseCodec.createException(W3CHttpResponseCodec.java:187)
	at org.openqa.selenium.remote.http.W3CHttpResponseCodec.decode(W3CHttpResponseCodec.java:122)
	at org.openqa.selenium.remote.http.W3CHttpResponseCodec.decode(W3CHttpResponseCodec.java:49)
	at org.openqa.selenium.remote.HttpCommandExecutor.execute(HttpCommandExecutor.java:158)
	at org.openqa.selenium.remote.service.DriverCommandExecutor.execute(DriverCommandExecutor.java:83)
	at org.openqa.selenium.remote.RemoteWebDriver.execute(RemoteWebDriver.java:552)
	at com.kms.katalon.selenium.driver.CChromeDriver.execute(CChromeDriver.java:19)
	at org.openqa.selenium.remote.RemoteWebElement.execute(RemoteWebElement.java:285)
	at org.openqa.selenium.remote.RemoteWebElement.click(RemoteWebElement.java:84)
	at org.openqa.selenium.support.events.EventFiringWebDriver$EventFiringWebElement.lambda$new$0(EventFiringWebDriver.java:404)
	at com.sun.proxy.$Proxy9.click(Unknown Source)
	at org.openqa.selenium.support.events.EventFiringWebDriver$EventFiringWebElement.click(EventFiringWebDriver.java:417)
	at com.kms.katalon.core.webui.keyword.builtin.ClickKeyword$_click_closure1.doCall(ClickKeyword.groovy:69)
	at com.kms.katalon.core.webui.keyword.builtin.ClickKeyword$_click_closure1.call(ClickKeyword.groovy)
	at com.kms.katalon.core.webui.keyword.internal.WebUIKeywordMain.runKeyword(WebUIKeywordMain.groovy:20)
	... 19 more
"/>
         <system-out><![CDATA[2020-09-28 18:08:33 - [TEST_CASE][FAILED] - Test Cases/FG3D/FG3D Test - Stragetic: Test Cases/FG3D/FG3D Test - Stragetic FAILED.
Reason:
com.kms.katalon.core.exception.StepFailedException: Unable to click on object 'Object Repository/Page_Home  GRiD/a_CAC  GEOAxIS Login'
	at com.kms.katalon.core.webui.keyword.internal.WebUIKeywordMain.stepFailed(WebUIKeywordMain.groovy:64)
	at com.kms.katalon.core.webui.keyword.internal.WebUIKeywordMain.runKeyword(WebUIKeywordMain.groovy:26)
	at com.kms.katalon.core.webui.keyword.builtin.ClickKeyword.click(ClickKeyword.groovy:76)
	at com.kms.katalon.core.webui.keyword.builtin.ClickKeyword.execute(ClickKeyword.groovy:43)
	at com.kms.katalon.core.keyword.internal.KeywordExecutor.executeKeywordForPlatform(KeywordExecutor.groovy:73)
	at com.kms.katalon.core.webui.keyword.WebUiBuiltInKeywords.click(WebUiBuiltInKeywords.groovy:616)
	at com.kms.katalon.core.webui.keyword.WebUiBuiltInKeywords$click$1.call(Unknown Source)
	at FG3D Test - Stragetic.run(FG3D Test - Stragetic:24)
	at com.kms.katalon.core.main.ScriptEngine.run(ScriptEngine.java:194)
	at com.kms.katalon.core.main.ScriptEngine.runScriptAsRawText(ScriptEngine.java:119)
	at com.kms.katalon.core.main.TestCaseExecutor.runScript(TestCaseExecutor.java:339)
	at com.kms.katalon.core.main.TestCaseExecutor.doExecute(TestCaseExecutor.java:330)
	at com.kms.katalon.core.main.TestCaseExecutor.processExecutionPhase(TestCaseExecutor.java:309)
	at com.kms.katalon.core.main.TestCaseExecutor.accessMainPhase(TestCaseExecutor.java:301)
	at com.kms.katalon.core.main.TestCaseExecutor.execute(TestCaseExecutor.java:235)
	at com.kms.katalon.core.main.TestSuiteExecutor.accessTestCaseMainPhase(TestSuiteExecutor.java:191)
	at com.kms.katalon.core.main.TestSuiteExecutor.accessTestSuiteMainPhase(TestSuiteExecutor.java:141)
	at com.kms.katalon.core.main.TestSuiteExecutor.execute(TestSuiteExecutor.java:90)
	at com.kms.katalon.core.main.TestCaseMain.startTestSuite(TestCaseMain.java:157)
	at com.kms.katalon.core.main.TestCaseMain$startTestSuite$0.call(Unknown Source)
	at TempTestSuite1601324593621.run(TempTestSuite1601324593621.groovy:39)
Caused by: org.openqa.selenium.TimeoutException: timeout: Timed out receiving message from renderer: 300.000
  (Session info: chrome=85.0.4183.121)
Build info: version: '3.141.59', revision: 'e82be7d358', time: '2018-11-14T08:25:53'
System info: host: 'c02yj0qyjgh7.lan', ip: 'fe80:0:0:0:8e5:6086:d883:e3f8%en0', os.name: 'Mac OS X', os.arch: 'x86_64', os.version: '10.15.6', java.version: '1.8.0_181'
Driver info: com.kms.katalon.selenium.driver.CChromeDriver
Capabilities {acceptInsecureCerts: false, browserName: chrome, browserVersion: 85.0.4183.121, chrome: {chromedriverVersion: 85.0.4183.87 (cd6713ebf92fa..., userDataDir: /var/folders/mk/mm0g76rn3_g...}, goog:chromeOptions: {debuggerAddress: localhost:54420}, javascriptEnabled: true, networkConnectionEnabled: false, pageLoadStrategy: normal, platform: MAC, platformName: MAC, proxy: Proxy(), setWindowRect: true, strictFileInteractability: false, timeouts: {implicit: 0, pageLoad: 300000, script: 30000}, unhandledPromptBehavior: dismiss and notify, webauthn:virtualAuthenticators: true}
Session ID: 87fd6b43d337aa9cf0165b6726102c45
	at org.openqa.selenium.remote.http.W3CHttpResponseCodec.createException(W3CHttpResponseCodec.java:187)
	at org.openqa.selenium.remote.http.W3CHttpResponseCodec.decode(W3CHttpResponseCodec.java:122)
	at org.openqa.selenium.remote.http.W3CHttpResponseCodec.decode(W3CHttpResponseCodec.java:49)
	at org.openqa.selenium.remote.HttpCommandExecutor.execute(HttpCommandExecutor.java:158)
	at org.openqa.selenium.remote.service.DriverCommandExecutor.execute(DriverCommandExecutor.java:83)
	at org.openqa.selenium.remote.RemoteWebDriver.execute(RemoteWebDriver.java:552)
	at com.kms.katalon.selenium.driver.CChromeDriver.execute(CChromeDriver.java:19)
	at org.openqa.selenium.remote.RemoteWebElement.execute(RemoteWebElement.java:285)
	at org.openqa.selenium.remote.RemoteWebElement.click(RemoteWebElement.java:84)
	at org.openqa.selenium.support.events.EventFiringWebDriver$EventFiringWebElement.lambda$new$0(EventFiringWebDriver.java:404)
	at com.sun.proxy.$Proxy9.click(Unknown Source)
	at org.openqa.selenium.support.events.EventFiringWebDriver$EventFiringWebElement.click(EventFiringWebDriver.java:417)
	at com.kms.katalon.core.webui.keyword.builtin.ClickKeyword$_click_closure1.doCall(ClickKeyword.groovy:69)
	at com.kms.katalon.core.webui.keyword.builtin.ClickKeyword$_click_closure1.call(ClickKeyword.groovy)
	at com.kms.katalon.core.webui.keyword.internal.WebUIKeywordMain.runKeyword(WebUIKeywordMain.groovy:20)
	... 19 more


2020-09-28 18:08:33 - [TEST_STEP][PASSED] - openBrowser(""): Browser is opened with url: ''

2020-09-28 18:08:33 - [MESSAGE][WARNING] - A browser is already opened. Closing browser and opening a new one

2020-09-28 18:08:33 - [MESSAGE][INFO] - Starting 'Chrome' driver

2020-09-28 18:08:33 - [MESSAGE][INFO] - Action delay is set to 0 milliseconds

2020-09-28 18:08:35 - [MESSAGE][PASSED] - Browser is opened with url: ''

2020-09-28 18:08:35 - [TEST_STEP][PASSED] - navigateToUrl("https://grid.nga.mil/testgrid/"): Navigate to 'https://grid.nga.mil/testgrid/' successfully

2020-09-28 18:08:38 - [MESSAGE][PASSED] - Navigate to 'https://grid.nga.mil/testgrid/' successfully

2020-09-28 18:08:38 - [TEST_STEP][FAILED] - click(findTestObject("Page_Home  GRiD/a_CAC  GEOAxIS Login")): Unable to click on object 'Object Repository/Page_Home  GRiD/a_CAC  GEOAxIS Login' (Root cause: com.kms.katalon.core.exception.StepFailedException: Unable to click on object 'Object Repository/Page_Home  GRiD/a_CAC  GEOAxIS Login'
	at com.kms.katalon.core.webui.keyword.internal.WebUIKeywordMain.stepFailed(WebUIKeywordMain.groovy:64)
	at com.kms.katalon.core.webui.keyword.internal.WebUIKeywordMain.runKeyword(WebUIKeywordMain.groovy:26)
	at com.kms.katalon.core.webui.keyword.builtin.ClickKeyword.click(ClickKeyword.groovy:76)
	at com.kms.katalon.core.webui.keyword.builtin.ClickKeyword.execute(ClickKeyword.groovy:43)
	at com.kms.katalon.core.keyword.internal.KeywordExecutor.executeKeywordForPlatform(KeywordExecutor.groovy:73)
	at com.kms.katalon.core.webui.keyword.WebUiBuiltInKeywords.click(WebUiBuiltInKeywords.groovy:616)
	at com.kms.katalon.core.webui.keyword.WebUiBuiltInKeywords$click$1.call(Unknown Source)
	at FG3D Test - Stragetic.run(FG3D Test - Stragetic:24)
	at com.kms.katalon.core.main.ScriptEngine.run(ScriptEngine.java:194)
	at com.kms.katalon.core.main.ScriptEngine.runScriptAsRawText(ScriptEngine.java:119)
	at com.kms.katalon.core.main.TestCaseExecutor.runScript(TestCaseExecutor.java:339)
	at com.kms.katalon.core.main.TestCaseExecutor.doExecute(TestCaseExecutor.java:330)
	at com.kms.katalon.core.main.TestCaseExecutor.processExecutionPhase(TestCaseExecutor.java:309)
	at com.kms.katalon.core.main.TestCaseExecutor.accessMainPhase(TestCaseExecutor.java:301)
	at com.kms.katalon.core.main.TestCaseExecutor.execute(TestCaseExecutor.java:235)
	at com.kms.katalon.core.main.TestSuiteExecutor.accessTestCaseMainPhase(TestSuiteExecutor.java:191)
	at com.kms.katalon.core.main.TestSuiteExecutor.accessTestSuiteMainPhase(TestSuiteExecutor.java:141)
	at com.kms.katalon.core.main.TestSuiteExecutor.execute(TestSuiteExecutor.java:90)
	at com.kms.katalon.core.main.TestCaseMain.startTestSuite(TestCaseMain.java:157)
	at com.kms.katalon.core.main.TestCaseMain$startTestSuite$0.call(Unknown Source)
	at TempTestSuite1601324593621.run(TempTestSuite1601324593621.groovy:39)
Caused by: org.openqa.selenium.TimeoutException: timeout: Timed out receiving message from renderer: 300.000
  (Session info: chrome=85.0.4183.121)
Build info: version: '3.141.59', revision: 'e82be7d358', time: '2018-11-14T08:25:53'
System info: host: 'c02yj0qyjgh7.lan', ip: 'fe80:0:0:0:8e5:6086:d883:e3f8%en0', os.name: 'Mac OS X', os.arch: 'x86_64', os.version: '10.15.6', java.version: '1.8.0_181'
Driver info: com.kms.katalon.selenium.driver.CChromeDriver
Capabilities {acceptInsecureCerts: false, browserName: chrome, browserVersion: 85.0.4183.121, chrome: {chromedriverVersion: 85.0.4183.87 (cd6713ebf92fa..., userDataDir: /var/folders/mk/mm0g76rn3_g...}, goog:chromeOptions: {debuggerAddress: localhost:54420}, javascriptEnabled: true, networkConnectionEnabled: false, pageLoadStrategy: normal, platform: MAC, platformName: MAC, proxy: Proxy(), setWindowRect: true, strictFileInteractability: false, timeouts: {implicit: 0, pageLoad: 300000, script: 30000}, unhandledPromptBehavior: dismiss and notify, webauthn:virtualAuthenticators: true}
Session ID: 87fd6b43d337aa9cf0165b6726102c45
	at org.openqa.selenium.remote.http.W3CHttpResponseCodec.createException(W3CHttpResponseCodec.java:187)
	at org.openqa.selenium.remote.http.W3CHttpResponseCodec.decode(W3CHttpResponseCodec.java:122)
	at org.openqa.selenium.remote.http.W3CHttpResponseCodec.decode(W3CHttpResponseCodec.java:49)
	at org.openqa.selenium.remote.HttpCommandExecutor.execute(HttpCommandExecutor.java:158)
	at org.openqa.selenium.remote.service.DriverCommandExecutor.execute(DriverCommandExecutor.java:83)
	at org.openqa.selenium.remote.RemoteWebDriver.execute(RemoteWebDriver.java:552)
	at com.kms.katalon.selenium.driver.CChromeDriver.execute(CChromeDriver.java:19)
	at org.openqa.selenium.remote.RemoteWebElement.execute(RemoteWebElement.java:285)
	at org.openqa.selenium.remote.RemoteWebElement.click(RemoteWebElement.java:84)
	at org.openqa.selenium.support.events.EventFiringWebDriver$EventFiringWebElement.lambda$new$0(EventFiringWebDriver.java:404)
	at com.sun.proxy.$Proxy9.click(Unknown Source)
	at org.openqa.selenium.support.events.EventFiringWebDriver$EventFiringWebElement.click(EventFiringWebDriver.java:417)
	at com.kms.katalon.core.webui.keyword.builtin.ClickKeyword$_click_closure1.doCall(ClickKeyword.groovy:69)
	at com.kms.katalon.core.webui.keyword.builtin.ClickKeyword$_click_closure1.call(ClickKeyword.groovy)
	at com.kms.katalon.core.webui.keyword.internal.WebUIKeywordMain.runKeyword(WebUIKeywordMain.groovy:20)
	at com.kms.katalon.core.webui.keyword.builtin.ClickKeyword.click(ClickKeyword.groovy:76)
	at com.kms.katalon.core.webui.keyword.builtin.ClickKeyword.execute(ClickKeyword.groovy:43)
	at com.kms.katalon.core.keyword.internal.KeywordExecutor.executeKeywordForPlatform(KeywordExecutor.groovy:73)
	at com.kms.katalon.core.webui.keyword.WebUiBuiltInKeywords.click(WebUiBuiltInKeywords.groovy:616)
	at com.kms.katalon.core.webui.keyword.WebUiBuiltInKeywords$click$1.call(Unknown Source)
	at Script1599149155505.run(Script1599149155505.groovy:24)
	... 13 more
)

2020-09-28 18:13:39 - [MESSAGE][FAILED] - Unable to click on object 'Object Repository/Page_Home  GRiD/a_CAC  GEOAxIS Login' (Root cause: com.kms.katalon.core.exception.StepFailedException: Unable to click on object 'Object Repository/Page_Home  GRiD/a_CAC  GEOAxIS Login'
	at com.kms.katalon.core.webui.keyword.internal.WebUIKeywordMain.stepFailed(WebUIKeywordMain.groovy:64)
	at com.kms.katalon.core.webui.keyword.internal.WebUIKeywordMain.runKeyword(WebUIKeywordMain.groovy:26)
	at com.kms.katalon.core.webui.keyword.builtin.ClickKeyword.click(ClickKeyword.groovy:76)
	at com.kms.katalon.core.webui.keyword.builtin.ClickKeyword.execute(ClickKeyword.groovy:43)
	at com.kms.katalon.core.keyword.internal.KeywordExecutor.executeKeywordForPlatform(KeywordExecutor.groovy:73)
	at com.kms.katalon.core.webui.keyword.WebUiBuiltInKeywords.click(WebUiBuiltInKeywords.groovy:616)
	at com.kms.katalon.core.webui.keyword.WebUiBuiltInKeywords$click$1.call(Unknown Source)
	at FG3D Test - Stragetic.run(FG3D Test - Stragetic:24)
	at com.kms.katalon.core.main.ScriptEngine.run(ScriptEngine.java:194)
	at com.kms.katalon.core.main.ScriptEngine.runScriptAsRawText(ScriptEngine.java:119)
	at com.kms.katalon.core.main.TestCaseExecutor.runScript(TestCaseExecutor.java:339)
	at com.kms.katalon.core.main.TestCaseExecutor.doExecute(TestCaseExecutor.java:330)
	at com.kms.katalon.core.main.TestCaseExecutor.processExecutionPhase(TestCaseExecutor.java:309)
	at com.kms.katalon.core.main.TestCaseExecutor.accessMainPhase(TestCaseExecutor.java:301)
	at com.kms.katalon.core.main.TestCaseExecutor.execute(TestCaseExecutor.java:235)
	at com.kms.katalon.core.main.TestSuiteExecutor.accessTestCaseMainPhase(TestSuiteExecutor.java:191)
	at com.kms.katalon.core.main.TestSuiteExecutor.accessTestSuiteMainPhase(TestSuiteExecutor.java:141)
	at com.kms.katalon.core.main.TestSuiteExecutor.execute(TestSuiteExecutor.java:90)
	at com.kms.katalon.core.main.TestCaseMain.startTestSuite(TestCaseMain.java:157)
	at com.kms.katalon.core.main.TestCaseMain$startTestSuite$0.call(Unknown Source)
	at TempTestSuite1601324593621.run(TempTestSuite1601324593621.groovy:39)
Caused by: org.openqa.selenium.TimeoutException: timeout: Timed out receiving message from renderer: 300.000
  (Session info: chrome=85.0.4183.121)
Build info: version: '3.141.59', revision: 'e82be7d358', time: '2018-11-14T08:25:53'
System info: host: 'c02yj0qyjgh7.lan', ip: 'fe80:0:0:0:8e5:6086:d883:e3f8%en0', os.name: 'Mac OS X', os.arch: 'x86_64', os.version: '10.15.6', java.version: '1.8.0_181'
Driver info: com.kms.katalon.selenium.driver.CChromeDriver
Capabilities {acceptInsecureCerts: false, browserName: chrome, browserVersion: 85.0.4183.121, chrome: {chromedriverVersion: 85.0.4183.87 (cd6713ebf92fa..., userDataDir: /var/folders/mk/mm0g76rn3_g...}, goog:chromeOptions: {debuggerAddress: localhost:54420}, javascriptEnabled: true, networkConnectionEnabled: false, pageLoadStrategy: normal, platform: MAC, platformName: MAC, proxy: Proxy(), setWindowRect: true, strictFileInteractability: false, timeouts: {implicit: 0, pageLoad: 300000, script: 30000}, unhandledPromptBehavior: dismiss and notify, webauthn:virtualAuthenticators: true}
Session ID: 87fd6b43d337aa9cf0165b6726102c45
	at org.openqa.selenium.remote.http.W3CHttpResponseCodec.createException(W3CHttpResponseCodec.java:187)
	at org.openqa.selenium.remote.http.W3CHttpResponseCodec.decode(W3CHttpResponseCodec.java:122)
	at org.openqa.selenium.remote.http.W3CHttpResponseCodec.decode(W3CHttpResponseCodec.java:49)
	at org.openqa.selenium.remote.HttpCommandExecutor.execute(HttpCommandExecutor.java:158)
	at org.openqa.selenium.remote.service.DriverCommandExecutor.execute(DriverCommandExecutor.java:83)
	at org.openqa.selenium.remote.RemoteWebDriver.execute(RemoteWebDriver.java:552)
	at com.kms.katalon.selenium.driver.CChromeDriver.execute(CChromeDriver.java:19)
	at org.openqa.selenium.remote.RemoteWebElement.execute(RemoteWebElement.java:285)
	at org.openqa.selenium.remote.RemoteWebElement.click(RemoteWebElement.java:84)
	at org.openqa.selenium.support.events.EventFiringWebDriver$EventFiringWebElement.lambda$new$0(EventFiringWebDriver.java:404)
	at com.sun.proxy.$Proxy9.click(Unknown Source)
	at org.openqa.selenium.support.events.EventFiringWebDriver$EventFiringWebElement.click(EventFiringWebDriver.java:417)
	at com.kms.katalon.core.webui.keyword.builtin.ClickKeyword$_click_closure1.doCall(ClickKeyword.groovy:69)
	at com.kms.katalon.core.webui.keyword.builtin.ClickKeyword$_click_closure1.call(ClickKeyword.groovy)
	at com.kms.katalon.core.webui.keyword.internal.WebUIKeywordMain.runKeyword(WebUIKeywordMain.groovy:20)
	at com.kms.katalon.core.webui.keyword.builtin.ClickKeyword.click(ClickKeyword.groovy:76)
	at com.kms.katalon.core.webui.keyword.builtin.ClickKeyword.execute(ClickKeyword.groovy:43)
	at com.kms.katalon.core.keyword.internal.KeywordExecutor.executeKeywordForPlatform(KeywordExecutor.groovy:73)
	at com.kms.katalon.core.webui.keyword.WebUiBuiltInKeywords.click(WebUiBuiltInKeywords.groovy:616)
	at com.kms.katalon.core.webui.keyword.WebUiBuiltInKeywords$click$1.call(Unknown Source)
	at Script1599149155505.run(Script1599149155505.groovy:24)
	... 13 more
)
[[ATTACHMENT|/Users/bhavikpatel/Downloads/Projects/CRREL/GRiD/Automation Testing/Automation Testing Project/KatalonTesting/Reports/20200928_162313/GRiD FG3D/20200928_162313/1601331218570.png]]]]></system-out>
         <system-err><![CDATA[2020-09-28 18:08:33 - [TEST_CASE][FAILED] - Test Cases/FG3D/FG3D Test - Stragetic: Test Cases/FG3D/FG3D Test - Stragetic FAILED.
Reason:
com.kms.katalon.core.exception.StepFailedException: Unable to click on object 'Object Repository/Page_Home  GRiD/a_CAC  GEOAxIS Login'
	at com.kms.katalon.core.webui.keyword.internal.WebUIKeywordMain.stepFailed(WebUIKeywordMain.groovy:64)
	at com.kms.katalon.core.webui.keyword.internal.WebUIKeywordMain.runKeyword(WebUIKeywordMain.groovy:26)
	at com.kms.katalon.core.webui.keyword.builtin.ClickKeyword.click(ClickKeyword.groovy:76)
	at com.kms.katalon.core.webui.keyword.builtin.ClickKeyword.execute(ClickKeyword.groovy:43)
	at com.kms.katalon.core.keyword.internal.KeywordExecutor.executeKeywordForPlatform(KeywordExecutor.groovy:73)
	at com.kms.katalon.core.webui.keyword.WebUiBuiltInKeywords.click(WebUiBuiltInKeywords.groovy:616)
	at com.kms.katalon.core.webui.keyword.WebUiBuiltInKeywords$click$1.call(Unknown Source)
	at FG3D Test - Stragetic.run(FG3D Test - Stragetic:24)
	at com.kms.katalon.core.main.ScriptEngine.run(ScriptEngine.java:194)
	at com.kms.katalon.core.main.ScriptEngine.runScriptAsRawText(ScriptEngine.java:119)
	at com.kms.katalon.core.main.TestCaseExecutor.runScript(TestCaseExecutor.java:339)
	at com.kms.katalon.core.main.TestCaseExecutor.doExecute(TestCaseExecutor.java:330)
	at com.kms.katalon.core.main.TestCaseExecutor.processExecutionPhase(TestCaseExecutor.java:309)
	at com.kms.katalon.core.main.TestCaseExecutor.accessMainPhase(TestCaseExecutor.java:301)
	at com.kms.katalon.core.main.TestCaseExecutor.execute(TestCaseExecutor.java:235)
	at com.kms.katalon.core.main.TestSuiteExecutor.accessTestCaseMainPhase(TestSuiteExecutor.java:191)
	at com.kms.katalon.core.main.TestSuiteExecutor.accessTestSuiteMainPhase(TestSuiteExecutor.java:141)
	at com.kms.katalon.core.main.TestSuiteExecutor.execute(TestSuiteExecutor.java:90)
	at com.kms.katalon.core.main.TestCaseMain.startTestSuite(TestCaseMain.java:157)
	at com.kms.katalon.core.main.TestCaseMain$startTestSuite$0.call(Unknown Source)
	at TempTestSuite1601324593621.run(TempTestSuite1601324593621.groovy:39)
Caused by: org.openqa.selenium.TimeoutException: timeout: Timed out receiving message from renderer: 300.000
  (Session info: chrome=85.0.4183.121)
Build info: version: '3.141.59', revision: 'e82be7d358', time: '2018-11-14T08:25:53'
System info: host: 'c02yj0qyjgh7.lan', ip: 'fe80:0:0:0:8e5:6086:d883:e3f8%en0', os.name: 'Mac OS X', os.arch: 'x86_64', os.version: '10.15.6', java.version: '1.8.0_181'
Driver info: com.kms.katalon.selenium.driver.CChromeDriver
Capabilities {acceptInsecureCerts: false, browserName: chrome, browserVersion: 85.0.4183.121, chrome: {chromedriverVersion: 85.0.4183.87 (cd6713ebf92fa..., userDataDir: /var/folders/mk/mm0g76rn3_g...}, goog:chromeOptions: {debuggerAddress: localhost:54420}, javascriptEnabled: true, networkConnectionEnabled: false, pageLoadStrategy: normal, platform: MAC, platformName: MAC, proxy: Proxy(), setWindowRect: true, strictFileInteractability: false, timeouts: {implicit: 0, pageLoad: 300000, script: 30000}, unhandledPromptBehavior: dismiss and notify, webauthn:virtualAuthenticators: true}
Session ID: 87fd6b43d337aa9cf0165b6726102c45
	at org.openqa.selenium.remote.http.W3CHttpResponseCodec.createException(W3CHttpResponseCodec.java:187)
	at org.openqa.selenium.remote.http.W3CHttpResponseCodec.decode(W3CHttpResponseCodec.java:122)
	at org.openqa.selenium.remote.http.W3CHttpResponseCodec.decode(W3CHttpResponseCodec.java:49)
	at org.openqa.selenium.remote.HttpCommandExecutor.execute(HttpCommandExecutor.java:158)
	at org.openqa.selenium.remote.service.DriverCommandExecutor.execute(DriverCommandExecutor.java:83)
	at org.openqa.selenium.remote.RemoteWebDriver.execute(RemoteWebDriver.java:552)
	at com.kms.katalon.selenium.driver.CChromeDriver.execute(CChromeDriver.java:19)
	at org.openqa.selenium.remote.RemoteWebElement.execute(RemoteWebElement.java:285)
	at org.openqa.selenium.remote.RemoteWebElement.click(RemoteWebElement.java:84)
	at org.openqa.selenium.support.events.EventFiringWebDriver$EventFiringWebElement.lambda$new$0(EventFiringWebDriver.java:404)
	at com.sun.proxy.$Proxy9.click(Unknown Source)
	at org.openqa.selenium.support.events.EventFiringWebDriver$EventFiringWebElement.click(EventFiringWebDriver.java:417)
	at com.kms.katalon.core.webui.keyword.builtin.ClickKeyword$_click_closure1.doCall(ClickKeyword.groovy:69)
	at com.kms.katalon.core.webui.keyword.builtin.ClickKeyword$_click_closure1.call(ClickKeyword.groovy)
	at com.kms.katalon.core.webui.keyword.internal.WebUIKeywordMain.runKeyword(WebUIKeywordMain.groovy:20)
	... 19 more]]></system-err>
      </testcase>
      <testcase name="Test Cases/FG3D/FG3D Test - Stragetic" time="304.993" classname="Test Cases/FG3D/FG3D Test - Stragetic" status="FAILED">
         <failure type="FAILED" message="Test Cases/FG3D/FG3D Test - Stragetic FAILED.
Reason:
com.kms.katalon.core.exception.StepFailedException: Unable to click on object 'Object Repository/Page_Home  GRiD/a_CAC  GEOAxIS Login'
	at com.kms.katalon.core.webui.keyword.internal.WebUIKeywordMain.stepFailed(WebUIKeywordMain.groovy:64)
	at com.kms.katalon.core.webui.keyword.internal.WebUIKeywordMain.runKeyword(WebUIKeywordMain.groovy:26)
	at com.kms.katalon.core.webui.keyword.builtin.ClickKeyword.click(ClickKeyword.groovy:76)
	at com.kms.katalon.core.webui.keyword.builtin.ClickKeyword.execute(ClickKeyword.groovy:43)
	at com.kms.katalon.core.keyword.internal.KeywordExecutor.executeKeywordForPlatform(KeywordExecutor.groovy:73)
	at com.kms.katalon.core.webui.keyword.WebUiBuiltInKeywords.click(WebUiBuiltInKeywords.groovy:616)
	at com.kms.katalon.core.webui.keyword.WebUiBuiltInKeywords$click$1.call(Unknown Source)
	at FG3D Test - Stragetic.run(FG3D Test - Stragetic:24)
	at com.kms.katalon.core.main.ScriptEngine.run(ScriptEngine.java:194)
	at com.kms.katalon.core.main.ScriptEngine.runScriptAsRawText(ScriptEngine.java:119)
	at com.kms.katalon.core.main.TestCaseExecutor.runScript(TestCaseExecutor.java:339)
	at com.kms.katalon.core.main.TestCaseExecutor.doExecute(TestCaseExecutor.java:330)
	at com.kms.katalon.core.main.TestCaseExecutor.processExecutionPhase(TestCaseExecutor.java:309)
	at com.kms.katalon.core.main.TestCaseExecutor.accessMainPhase(TestCaseExecutor.java:301)
	at com.kms.katalon.core.main.TestCaseExecutor.execute(TestCaseExecutor.java:235)
	at com.kms.katalon.core.main.TestSuiteExecutor.accessTestCaseMainPhase(TestSuiteExecutor.java:191)
	at com.kms.katalon.core.main.TestSuiteExecutor.accessTestSuiteMainPhase(TestSuiteExecutor.java:141)
	at com.kms.katalon.core.main.TestSuiteExecutor.execute(TestSuiteExecutor.java:90)
	at com.kms.katalon.core.main.TestCaseMain.startTestSuite(TestCaseMain.java:157)
	at com.kms.katalon.core.main.TestCaseMain$startTestSuite$0.call(Unknown Source)
	at TempTestSuite1601324593621.run(TempTestSuite1601324593621.groovy:39)
Caused by: org.openqa.selenium.TimeoutException: timeout: Timed out receiving message from renderer: 300.000
  (Session info: chrome=85.0.4183.121)
Build info: version: '3.141.59', revision: 'e82be7d358', time: '2018-11-14T08:25:53'
System info: host: 'c02yj0qyjgh7.lan', ip: 'fe80:0:0:0:8e5:6086:d883:e3f8%en0', os.name: 'Mac OS X', os.arch: 'x86_64', os.version: '10.15.6', java.version: '1.8.0_181'
Driver info: com.kms.katalon.selenium.driver.CChromeDriver
Capabilities {acceptInsecureCerts: false, browserName: chrome, browserVersion: 85.0.4183.121, chrome: {chromedriverVersion: 85.0.4183.87 (cd6713ebf92fa..., userDataDir: /var/folders/mk/mm0g76rn3_g...}, goog:chromeOptions: {debuggerAddress: localhost:54566}, javascriptEnabled: true, networkConnectionEnabled: false, pageLoadStrategy: normal, platform: MAC, platformName: MAC, proxy: Proxy(), setWindowRect: true, strictFileInteractability: false, timeouts: {implicit: 0, pageLoad: 300000, script: 30000}, unhandledPromptBehavior: dismiss and notify, webauthn:virtualAuthenticators: true}
Session ID: c04ff6e6b92e1e720fc9de6d340045ef
	at org.openqa.selenium.remote.http.W3CHttpResponseCodec.createException(W3CHttpResponseCodec.java:187)
	at org.openqa.selenium.remote.http.W3CHttpResponseCodec.decode(W3CHttpResponseCodec.java:122)
	at org.openqa.selenium.remote.http.W3CHttpResponseCodec.decode(W3CHttpResponseCodec.java:49)
	at org.openqa.selenium.remote.HttpCommandExecutor.execute(HttpCommandExecutor.java:158)
	at org.openqa.selenium.remote.service.DriverCommandExecutor.execute(DriverCommandExecutor.java:83)
	at org.openqa.selenium.remote.RemoteWebDriver.execute(RemoteWebDriver.java:552)
	at com.kms.katalon.selenium.driver.CChromeDriver.execute(CChromeDriver.java:19)
	at org.openqa.selenium.remote.RemoteWebElement.execute(RemoteWebElement.java:285)
	at org.openqa.selenium.remote.RemoteWebElement.click(RemoteWebElement.java:84)
	at org.openqa.selenium.support.events.EventFiringWebDriver$EventFiringWebElement.lambda$new$0(EventFiringWebDriver.java:404)
	at com.sun.proxy.$Proxy9.click(Unknown Source)
	at org.openqa.selenium.support.events.EventFiringWebDriver$EventFiringWebElement.click(EventFiringWebDriver.java:417)
	at com.kms.katalon.core.webui.keyword.builtin.ClickKeyword$_click_closure1.doCall(ClickKeyword.groovy:69)
	at com.kms.katalon.core.webui.keyword.builtin.ClickKeyword$_click_closure1.call(ClickKeyword.groovy)
	at com.kms.katalon.core.webui.keyword.internal.WebUIKeywordMain.runKeyword(WebUIKeywordMain.groovy:20)
	... 19 more
"/>
         <system-out><![CDATA[2020-09-28 18:13:39 - [TEST_CASE][FAILED] - Test Cases/FG3D/FG3D Test - Stragetic: Test Cases/FG3D/FG3D Test - Stragetic FAILED.
Reason:
com.kms.katalon.core.exception.StepFailedException: Unable to click on object 'Object Repository/Page_Home  GRiD/a_CAC  GEOAxIS Login'
	at com.kms.katalon.core.webui.keyword.internal.WebUIKeywordMain.stepFailed(WebUIKeywordMain.groovy:64)
	at com.kms.katalon.core.webui.keyword.internal.WebUIKeywordMain.runKeyword(WebUIKeywordMain.groovy:26)
	at com.kms.katalon.core.webui.keyword.builtin.ClickKeyword.click(ClickKeyword.groovy:76)
	at com.kms.katalon.core.webui.keyword.builtin.ClickKeyword.execute(ClickKeyword.groovy:43)
	at com.kms.katalon.core.keyword.internal.KeywordExecutor.executeKeywordForPlatform(KeywordExecutor.groovy:73)
	at com.kms.katalon.core.webui.keyword.WebUiBuiltInKeywords.click(WebUiBuiltInKeywords.groovy:616)
	at com.kms.katalon.core.webui.keyword.WebUiBuiltInKeywords$click$1.call(Unknown Source)
	at FG3D Test - Stragetic.run(FG3D Test - Stragetic:24)
	at com.kms.katalon.core.main.ScriptEngine.run(ScriptEngine.java:194)
	at com.kms.katalon.core.main.ScriptEngine.runScriptAsRawText(ScriptEngine.java:119)
	at com.kms.katalon.core.main.TestCaseExecutor.runScript(TestCaseExecutor.java:339)
	at com.kms.katalon.core.main.TestCaseExecutor.doExecute(TestCaseExecutor.java:330)
	at com.kms.katalon.core.main.TestCaseExecutor.processExecutionPhase(TestCaseExecutor.java:309)
	at com.kms.katalon.core.main.TestCaseExecutor.accessMainPhase(TestCaseExecutor.java:301)
	at com.kms.katalon.core.main.TestCaseExecutor.execute(TestCaseExecutor.java:235)
	at com.kms.katalon.core.main.TestSuiteExecutor.accessTestCaseMainPhase(TestSuiteExecutor.java:191)
	at com.kms.katalon.core.main.TestSuiteExecutor.accessTestSuiteMainPhase(TestSuiteExecutor.java:141)
	at com.kms.katalon.core.main.TestSuiteExecutor.execute(TestSuiteExecutor.java:90)
	at com.kms.katalon.core.main.TestCaseMain.startTestSuite(TestCaseMain.java:157)
	at com.kms.katalon.core.main.TestCaseMain$startTestSuite$0.call(Unknown Source)
	at TempTestSuite1601324593621.run(TempTestSuite1601324593621.groovy:39)
Caused by: org.openqa.selenium.TimeoutException: timeout: Timed out receiving message from renderer: 300.000
  (Session info: chrome=85.0.4183.121)
Build info: version: '3.141.59', revision: 'e82be7d358', time: '2018-11-14T08:25:53'
System info: host: 'c02yj0qyjgh7.lan', ip: 'fe80:0:0:0:8e5:6086:d883:e3f8%en0', os.name: 'Mac OS X', os.arch: 'x86_64', os.version: '10.15.6', java.version: '1.8.0_181'
Driver info: com.kms.katalon.selenium.driver.CChromeDriver
Capabilities {acceptInsecureCerts: false, browserName: chrome, browserVersion: 85.0.4183.121, chrome: {chromedriverVersion: 85.0.4183.87 (cd6713ebf92fa..., userDataDir: /var/folders/mk/mm0g76rn3_g...}, goog:chromeOptions: {debuggerAddress: localhost:54566}, javascriptEnabled: true, networkConnectionEnabled: false, pageLoadStrategy: normal, platform: MAC, platformName: MAC, proxy: Proxy(), setWindowRect: true, strictFileInteractability: false, timeouts: {implicit: 0, pageLoad: 300000, script: 30000}, unhandledPromptBehavior: dismiss and notify, webauthn:virtualAuthenticators: true}
Session ID: c04ff6e6b92e1e720fc9de6d340045ef
	at org.openqa.selenium.remote.http.W3CHttpResponseCodec.createException(W3CHttpResponseCodec.java:187)
	at org.openqa.selenium.remote.http.W3CHttpResponseCodec.decode(W3CHttpResponseCodec.java:122)
	at org.openqa.selenium.remote.http.W3CHttpResponseCodec.decode(W3CHttpResponseCodec.java:49)
	at org.openqa.selenium.remote.HttpCommandExecutor.execute(HttpCommandExecutor.java:158)
	at org.openqa.selenium.remote.service.DriverCommandExecutor.execute(DriverCommandExecutor.java:83)
	at org.openqa.selenium.remote.RemoteWebDriver.execute(RemoteWebDriver.java:552)
	at com.kms.katalon.selenium.driver.CChromeDriver.execute(CChromeDriver.java:19)
	at org.openqa.selenium.remote.RemoteWebElement.execute(RemoteWebElement.java:285)
	at org.openqa.selenium.remote.RemoteWebElement.click(RemoteWebElement.java:84)
	at org.openqa.selenium.support.events.EventFiringWebDriver$EventFiringWebElement.lambda$new$0(EventFiringWebDriver.java:404)
	at com.sun.proxy.$Proxy9.click(Unknown Source)
	at org.openqa.selenium.support.events.EventFiringWebDriver$EventFiringWebElement.click(EventFiringWebDriver.java:417)
	at com.kms.katalon.core.webui.keyword.builtin.ClickKeyword$_click_closure1.doCall(ClickKeyword.groovy:69)
	at com.kms.katalon.core.webui.keyword.builtin.ClickKeyword$_click_closure1.call(ClickKeyword.groovy)
	at com.kms.katalon.core.webui.keyword.internal.WebUIKeywordMain.runKeyword(WebUIKeywordMain.groovy:20)
	... 19 more


2020-09-28 18:13:39 - [TEST_STEP][PASSED] - openBrowser(""): Browser is opened with url: ''

2020-09-28 18:13:39 - [MESSAGE][WARNING] - A browser is already opened. Closing browser and opening a new one

2020-09-28 18:13:39 - [MESSAGE][INFO] - Starting 'Chrome' driver

2020-09-28 18:13:39 - [MESSAGE][INFO] - Action delay is set to 0 milliseconds

2020-09-28 18:13:40 - [MESSAGE][PASSED] - Browser is opened with url: ''

2020-09-28 18:13:40 - [TEST_STEP][PASSED] - navigateToUrl("https://grid.nga.mil/testgrid/"): Navigate to 'https://grid.nga.mil/testgrid/' successfully

2020-09-28 18:13:43 - [MESSAGE][PASSED] - Navigate to 'https://grid.nga.mil/testgrid/' successfully

2020-09-28 18:13:43 - [TEST_STEP][FAILED] - click(findTestObject("Page_Home  GRiD/a_CAC  GEOAxIS Login")): Unable to click on object 'Object Repository/Page_Home  GRiD/a_CAC  GEOAxIS Login' (Root cause: com.kms.katalon.core.exception.StepFailedException: Unable to click on object 'Object Repository/Page_Home  GRiD/a_CAC  GEOAxIS Login'
	at com.kms.katalon.core.webui.keyword.internal.WebUIKeywordMain.stepFailed(WebUIKeywordMain.groovy:64)
	at com.kms.katalon.core.webui.keyword.internal.WebUIKeywordMain.runKeyword(WebUIKeywordMain.groovy:26)
	at com.kms.katalon.core.webui.keyword.builtin.ClickKeyword.click(ClickKeyword.groovy:76)
	at com.kms.katalon.core.webui.keyword.builtin.ClickKeyword.execute(ClickKeyword.groovy:43)
	at com.kms.katalon.core.keyword.internal.KeywordExecutor.executeKeywordForPlatform(KeywordExecutor.groovy:73)
	at com.kms.katalon.core.webui.keyword.WebUiBuiltInKeywords.click(WebUiBuiltInKeywords.groovy:616)
	at com.kms.katalon.core.webui.keyword.WebUiBuiltInKeywords$click$1.call(Unknown Source)
	at FG3D Test - Stragetic.run(FG3D Test - Stragetic:24)
	at com.kms.katalon.core.main.ScriptEngine.run(ScriptEngine.java:194)
	at com.kms.katalon.core.main.ScriptEngine.runScriptAsRawText(ScriptEngine.java:119)
	at com.kms.katalon.core.main.TestCaseExecutor.runScript(TestCaseExecutor.java:339)
	at com.kms.katalon.core.main.TestCaseExecutor.doExecute(TestCaseExecutor.java:330)
	at com.kms.katalon.core.main.TestCaseExecutor.processExecutionPhase(TestCaseExecutor.java:309)
	at com.kms.katalon.core.main.TestCaseExecutor.accessMainPhase(TestCaseExecutor.java:301)
	at com.kms.katalon.core.main.TestCaseExecutor.execute(TestCaseExecutor.java:235)
	at com.kms.katalon.core.main.TestSuiteExecutor.accessTestCaseMainPhase(TestSuiteExecutor.java:191)
	at com.kms.katalon.core.main.TestSuiteExecutor.accessTestSuiteMainPhase(TestSuiteExecutor.java:141)
	at com.kms.katalon.core.main.TestSuiteExecutor.execute(TestSuiteExecutor.java:90)
	at com.kms.katalon.core.main.TestCaseMain.startTestSuite(TestCaseMain.java:157)
	at com.kms.katalon.core.main.TestCaseMain$startTestSuite$0.call(Unknown Source)
	at TempTestSuite1601324593621.run(TempTestSuite1601324593621.groovy:39)
Caused by: org.openqa.selenium.TimeoutException: timeout: Timed out receiving message from renderer: 300.000
  (Session info: chrome=85.0.4183.121)
Build info: version: '3.141.59', revision: 'e82be7d358', time: '2018-11-14T08:25:53'
System info: host: 'c02yj0qyjgh7.lan', ip: 'fe80:0:0:0:8e5:6086:d883:e3f8%en0', os.name: 'Mac OS X', os.arch: 'x86_64', os.version: '10.15.6', java.version: '1.8.0_181'
Driver info: com.kms.katalon.selenium.driver.CChromeDriver
Capabilities {acceptInsecureCerts: false, browserName: chrome, browserVersion: 85.0.4183.121, chrome: {chromedriverVersion: 85.0.4183.87 (cd6713ebf92fa..., userDataDir: /var/folders/mk/mm0g76rn3_g...}, goog:chromeOptions: {debuggerAddress: localhost:54566}, javascriptEnabled: true, networkConnectionEnabled: false, pageLoadStrategy: normal, platform: MAC, platformName: MAC, proxy: Proxy(), setWindowRect: true, strictFileInteractability: false, timeouts: {implicit: 0, pageLoad: 300000, script: 30000}, unhandledPromptBehavior: dismiss and notify, webauthn:virtualAuthenticators: true}
Session ID: c04ff6e6b92e1e720fc9de6d340045ef
	at org.openqa.selenium.remote.http.W3CHttpResponseCodec.createException(W3CHttpResponseCodec.java:187)
	at org.openqa.selenium.remote.http.W3CHttpResponseCodec.decode(W3CHttpResponseCodec.java:122)
	at org.openqa.selenium.remote.http.W3CHttpResponseCodec.decode(W3CHttpResponseCodec.java:49)
	at org.openqa.selenium.remote.HttpCommandExecutor.execute(HttpCommandExecutor.java:158)
	at org.openqa.selenium.remote.service.DriverCommandExecutor.execute(DriverCommandExecutor.java:83)
	at org.openqa.selenium.remote.RemoteWebDriver.execute(RemoteWebDriver.java:552)
	at com.kms.katalon.selenium.driver.CChromeDriver.execute(CChromeDriver.java:19)
	at org.openqa.selenium.remote.RemoteWebElement.execute(RemoteWebElement.java:285)
	at org.openqa.selenium.remote.RemoteWebElement.click(RemoteWebElement.java:84)
	at org.openqa.selenium.support.events.EventFiringWebDriver$EventFiringWebElement.lambda$new$0(EventFiringWebDriver.java:404)
	at com.sun.proxy.$Proxy9.click(Unknown Source)
	at org.openqa.selenium.support.events.EventFiringWebDriver$EventFiringWebElement.click(EventFiringWebDriver.java:417)
	at com.kms.katalon.core.webui.keyword.builtin.ClickKeyword$_click_closure1.doCall(ClickKeyword.groovy:69)
	at com.kms.katalon.core.webui.keyword.builtin.ClickKeyword$_click_closure1.call(ClickKeyword.groovy)
	at com.kms.katalon.core.webui.keyword.internal.WebUIKeywordMain.runKeyword(WebUIKeywordMain.groovy:20)
	at com.kms.katalon.core.webui.keyword.builtin.ClickKeyword.click(ClickKeyword.groovy:76)
	at com.kms.katalon.core.webui.keyword.builtin.ClickKeyword.execute(ClickKeyword.groovy:43)
	at com.kms.katalon.core.keyword.internal.KeywordExecutor.executeKeywordForPlatform(KeywordExecutor.groovy:73)
	at com.kms.katalon.core.webui.keyword.WebUiBuiltInKeywords.click(WebUiBuiltInKeywords.groovy:616)
	at com.kms.katalon.core.webui.keyword.WebUiBuiltInKeywords$click$1.call(Unknown Source)
	at Script1599149155505.run(Script1599149155505.groovy:24)
	... 13 more
)

2020-09-28 18:18:44 - [MESSAGE][FAILED] - Unable to click on object 'Object Repository/Page_Home  GRiD/a_CAC  GEOAxIS Login' (Root cause: com.kms.katalon.core.exception.StepFailedException: Unable to click on object 'Object Repository/Page_Home  GRiD/a_CAC  GEOAxIS Login'
	at com.kms.katalon.core.webui.keyword.internal.WebUIKeywordMain.stepFailed(WebUIKeywordMain.groovy:64)
	at com.kms.katalon.core.webui.keyword.internal.WebUIKeywordMain.runKeyword(WebUIKeywordMain.groovy:26)
	at com.kms.katalon.core.webui.keyword.builtin.ClickKeyword.click(ClickKeyword.groovy:76)
	at com.kms.katalon.core.webui.keyword.builtin.ClickKeyword.execute(ClickKeyword.groovy:43)
	at com.kms.katalon.core.keyword.internal.KeywordExecutor.executeKeywordForPlatform(KeywordExecutor.groovy:73)
	at com.kms.katalon.core.webui.keyword.WebUiBuiltInKeywords.click(WebUiBuiltInKeywords.groovy:616)
	at com.kms.katalon.core.webui.keyword.WebUiBuiltInKeywords$click$1.call(Unknown Source)
	at FG3D Test - Stragetic.run(FG3D Test - Stragetic:24)
	at com.kms.katalon.core.main.ScriptEngine.run(ScriptEngine.java:194)
	at com.kms.katalon.core.main.ScriptEngine.runScriptAsRawText(ScriptEngine.java:119)
	at com.kms.katalon.core.main.TestCaseExecutor.runScript(TestCaseExecutor.java:339)
	at com.kms.katalon.core.main.TestCaseExecutor.doExecute(TestCaseExecutor.java:330)
	at com.kms.katalon.core.main.TestCaseExecutor.processExecutionPhase(TestCaseExecutor.java:309)
	at com.kms.katalon.core.main.TestCaseExecutor.accessMainPhase(TestCaseExecutor.java:301)
	at com.kms.katalon.core.main.TestCaseExecutor.execute(TestCaseExecutor.java:235)
	at com.kms.katalon.core.main.TestSuiteExecutor.accessTestCaseMainPhase(TestSuiteExecutor.java:191)
	at com.kms.katalon.core.main.TestSuiteExecutor.accessTestSuiteMainPhase(TestSuiteExecutor.java:141)
	at com.kms.katalon.core.main.TestSuiteExecutor.execute(TestSuiteExecutor.java:90)
	at com.kms.katalon.core.main.TestCaseMain.startTestSuite(TestCaseMain.java:157)
	at com.kms.katalon.core.main.TestCaseMain$startTestSuite$0.call(Unknown Source)
	at TempTestSuite1601324593621.run(TempTestSuite1601324593621.groovy:39)
Caused by: org.openqa.selenium.TimeoutException: timeout: Timed out receiving message from renderer: 300.000
  (Session info: chrome=85.0.4183.121)
Build info: version: '3.141.59', revision: 'e82be7d358', time: '2018-11-14T08:25:53'
System info: host: 'c02yj0qyjgh7.lan', ip: 'fe80:0:0:0:8e5:6086:d883:e3f8%en0', os.name: 'Mac OS X', os.arch: 'x86_64', os.version: '10.15.6', java.version: '1.8.0_181'
Driver info: com.kms.katalon.selenium.driver.CChromeDriver
Capabilities {acceptInsecureCerts: false, browserName: chrome, browserVersion: 85.0.4183.121, chrome: {chromedriverVersion: 85.0.4183.87 (cd6713ebf92fa..., userDataDir: /var/folders/mk/mm0g76rn3_g...}, goog:chromeOptions: {debuggerAddress: localhost:54566}, javascriptEnabled: true, networkConnectionEnabled: false, pageLoadStrategy: normal, platform: MAC, platformName: MAC, proxy: Proxy(), setWindowRect: true, strictFileInteractability: false, timeouts: {implicit: 0, pageLoad: 300000, script: 30000}, unhandledPromptBehavior: dismiss and notify, webauthn:virtualAuthenticators: true}
Session ID: c04ff6e6b92e1e720fc9de6d340045ef
	at org.openqa.selenium.remote.http.W3CHttpResponseCodec.createException(W3CHttpResponseCodec.java:187)
	at org.openqa.selenium.remote.http.W3CHttpResponseCodec.decode(W3CHttpResponseCodec.java:122)
	at org.openqa.selenium.remote.http.W3CHttpResponseCodec.decode(W3CHttpResponseCodec.java:49)
	at org.openqa.selenium.remote.HttpCommandExecutor.execute(HttpCommandExecutor.java:158)
	at org.openqa.selenium.remote.service.DriverCommandExecutor.execute(DriverCommandExecutor.java:83)
	at org.openqa.selenium.remote.RemoteWebDriver.execute(RemoteWebDriver.java:552)
	at com.kms.katalon.selenium.driver.CChromeDriver.execute(CChromeDriver.java:19)
	at org.openqa.selenium.remote.RemoteWebElement.execute(RemoteWebElement.java:285)
	at org.openqa.selenium.remote.RemoteWebElement.click(RemoteWebElement.java:84)
	at org.openqa.selenium.support.events.EventFiringWebDriver$EventFiringWebElement.lambda$new$0(EventFiringWebDriver.java:404)
	at com.sun.proxy.$Proxy9.click(Unknown Source)
	at org.openqa.selenium.support.events.EventFiringWebDriver$EventFiringWebElement.click(EventFiringWebDriver.java:417)
	at com.kms.katalon.core.webui.keyword.builtin.ClickKeyword$_click_closure1.doCall(ClickKeyword.groovy:69)
	at com.kms.katalon.core.webui.keyword.builtin.ClickKeyword$_click_closure1.call(ClickKeyword.groovy)
	at com.kms.katalon.core.webui.keyword.internal.WebUIKeywordMain.runKeyword(WebUIKeywordMain.groovy:20)
	at com.kms.katalon.core.webui.keyword.builtin.ClickKeyword.click(ClickKeyword.groovy:76)
	at com.kms.katalon.core.webui.keyword.builtin.ClickKeyword.execute(ClickKeyword.groovy:43)
	at com.kms.katalon.core.keyword.internal.KeywordExecutor.executeKeywordForPlatform(KeywordExecutor.groovy:73)
	at com.kms.katalon.core.webui.keyword.WebUiBuiltInKeywords.click(WebUiBuiltInKeywords.groovy:616)
	at com.kms.katalon.core.webui.keyword.WebUiBuiltInKeywords$click$1.call(Unknown Source)
	at Script1599149155505.run(Script1599149155505.groovy:24)
	... 13 more
)
[[ATTACHMENT|/Users/bhavikpatel/Downloads/Projects/CRREL/GRiD/Automation Testing/Automation Testing Project/KatalonTesting/Reports/20200928_162313/GRiD FG3D/20200928_162313/1601331523600.png]]]]></system-out>
         <system-err><![CDATA[2020-09-28 18:13:39 - [TEST_CASE][FAILED] - Test Cases/FG3D/FG3D Test - Stragetic: Test Cases/FG3D/FG3D Test - Stragetic FAILED.
Reason:
com.kms.katalon.core.exception.StepFailedException: Unable to click on object 'Object Repository/Page_Home  GRiD/a_CAC  GEOAxIS Login'
	at com.kms.katalon.core.webui.keyword.internal.WebUIKeywordMain.stepFailed(WebUIKeywordMain.groovy:64)
	at com.kms.katalon.core.webui.keyword.internal.WebUIKeywordMain.runKeyword(WebUIKeywordMain.groovy:26)
	at com.kms.katalon.core.webui.keyword.builtin.ClickKeyword.click(ClickKeyword.groovy:76)
	at com.kms.katalon.core.webui.keyword.builtin.ClickKeyword.execute(ClickKeyword.groovy:43)
	at com.kms.katalon.core.keyword.internal.KeywordExecutor.executeKeywordForPlatform(KeywordExecutor.groovy:73)
	at com.kms.katalon.core.webui.keyword.WebUiBuiltInKeywords.click(WebUiBuiltInKeywords.groovy:616)
	at com.kms.katalon.core.webui.keyword.WebUiBuiltInKeywords$click$1.call(Unknown Source)
	at FG3D Test - Stragetic.run(FG3D Test - Stragetic:24)
	at com.kms.katalon.core.main.ScriptEngine.run(ScriptEngine.java:194)
	at com.kms.katalon.core.main.ScriptEngine.runScriptAsRawText(ScriptEngine.java:119)
	at com.kms.katalon.core.main.TestCaseExecutor.runScript(TestCaseExecutor.java:339)
	at com.kms.katalon.core.main.TestCaseExecutor.doExecute(TestCaseExecutor.java:330)
	at com.kms.katalon.core.main.TestCaseExecutor.processExecutionPhase(TestCaseExecutor.java:309)
	at com.kms.katalon.core.main.TestCaseExecutor.accessMainPhase(TestCaseExecutor.java:301)
	at com.kms.katalon.core.main.TestCaseExecutor.execute(TestCaseExecutor.java:235)
	at com.kms.katalon.core.main.TestSuiteExecutor.accessTestCaseMainPhase(TestSuiteExecutor.java:191)
	at com.kms.katalon.core.main.TestSuiteExecutor.accessTestSuiteMainPhase(TestSuiteExecutor.java:141)
	at com.kms.katalon.core.main.TestSuiteExecutor.execute(TestSuiteExecutor.java:90)
	at com.kms.katalon.core.main.TestCaseMain.startTestSuite(TestCaseMain.java:157)
	at com.kms.katalon.core.main.TestCaseMain$startTestSuite$0.call(Unknown Source)
	at TempTestSuite1601324593621.run(TempTestSuite1601324593621.groovy:39)
Caused by: org.openqa.selenium.TimeoutException: timeout: Timed out receiving message from renderer: 300.000
  (Session info: chrome=85.0.4183.121)
Build info: version: '3.141.59', revision: 'e82be7d358', time: '2018-11-14T08:25:53'
System info: host: 'c02yj0qyjgh7.lan', ip: 'fe80:0:0:0:8e5:6086:d883:e3f8%en0', os.name: 'Mac OS X', os.arch: 'x86_64', os.version: '10.15.6', java.version: '1.8.0_181'
Driver info: com.kms.katalon.selenium.driver.CChromeDriver
Capabilities {acceptInsecureCerts: false, browserName: chrome, browserVersion: 85.0.4183.121, chrome: {chromedriverVersion: 85.0.4183.87 (cd6713ebf92fa..., userDataDir: /var/folders/mk/mm0g76rn3_g...}, goog:chromeOptions: {debuggerAddress: localhost:54566}, javascriptEnabled: true, networkConnectionEnabled: false, pageLoadStrategy: normal, platform: MAC, platformName: MAC, proxy: Proxy(), setWindowRect: true, strictFileInteractability: false, timeouts: {implicit: 0, pageLoad: 300000, script: 30000}, unhandledPromptBehavior: dismiss and notify, webauthn:virtualAuthenticators: true}
Session ID: c04ff6e6b92e1e720fc9de6d340045ef
	at org.openqa.selenium.remote.http.W3CHttpResponseCodec.createException(W3CHttpResponseCodec.java:187)
	at org.openqa.selenium.remote.http.W3CHttpResponseCodec.decode(W3CHttpResponseCodec.java:122)
	at org.openqa.selenium.remote.http.W3CHttpResponseCodec.decode(W3CHttpResponseCodec.java:49)
	at org.openqa.selenium.remote.HttpCommandExecutor.execute(HttpCommandExecutor.java:158)
	at org.openqa.selenium.remote.service.DriverCommandExecutor.execute(DriverCommandExecutor.java:83)
	at org.openqa.selenium.remote.RemoteWebDriver.execute(RemoteWebDriver.java:552)
	at com.kms.katalon.selenium.driver.CChromeDriver.execute(CChromeDriver.java:19)
	at org.openqa.selenium.remote.RemoteWebElement.execute(RemoteWebElement.java:285)
	at org.openqa.selenium.remote.RemoteWebElement.click(RemoteWebElement.java:84)
	at org.openqa.selenium.support.events.EventFiringWebDriver$EventFiringWebElement.lambda$new$0(EventFiringWebDriver.java:404)
	at com.sun.proxy.$Proxy9.click(Unknown Source)
	at org.openqa.selenium.support.events.EventFiringWebDriver$EventFiringWebElement.click(EventFiringWebDriver.java:417)
	at com.kms.katalon.core.webui.keyword.builtin.ClickKeyword$_click_closure1.doCall(ClickKeyword.groovy:69)
	at com.kms.katalon.core.webui.keyword.builtin.ClickKeyword$_click_closure1.call(ClickKeyword.groovy)
	at com.kms.katalon.core.webui.keyword.internal.WebUIKeywordMain.runKeyword(WebUIKeywordMain.groovy:20)
	... 19 more]]></system-err>
      </testcase>
      <testcase name="Test Cases/FG3D/FG3D Test - Stragetic" time="303.967" classname="Test Cases/FG3D/FG3D Test - Stragetic" status="FAILED">
         <failure type="FAILED" message="Test Cases/FG3D/FG3D Test - Stragetic FAILED.
Reason:
com.kms.katalon.core.exception.StepFailedException: Unable to click on object 'Object Repository/Page_Home  GRiD/a_CAC  GEOAxIS Login'
	at com.kms.katalon.core.webui.keyword.internal.WebUIKeywordMain.stepFailed(WebUIKeywordMain.groovy:64)
	at com.kms.katalon.core.webui.keyword.internal.WebUIKeywordMain.runKeyword(WebUIKeywordMain.groovy:26)
	at com.kms.katalon.core.webui.keyword.builtin.ClickKeyword.click(ClickKeyword.groovy:76)
	at com.kms.katalon.core.webui.keyword.builtin.ClickKeyword.execute(ClickKeyword.groovy:43)
	at com.kms.katalon.core.keyword.internal.KeywordExecutor.executeKeywordForPlatform(KeywordExecutor.groovy:73)
	at com.kms.katalon.core.webui.keyword.WebUiBuiltInKeywords.click(WebUiBuiltInKeywords.groovy:616)
	at com.kms.katalon.core.webui.keyword.WebUiBuiltInKeywords$click$1.call(Unknown Source)
	at FG3D Test - Stragetic.run(FG3D Test - Stragetic:24)
	at com.kms.katalon.core.main.ScriptEngine.run(ScriptEngine.java:194)
	at com.kms.katalon.core.main.ScriptEngine.runScriptAsRawText(ScriptEngine.java:119)
	at com.kms.katalon.core.main.TestCaseExecutor.runScript(TestCaseExecutor.java:339)
	at com.kms.katalon.core.main.TestCaseExecutor.doExecute(TestCaseExecutor.java:330)
	at com.kms.katalon.core.main.TestCaseExecutor.processExecutionPhase(TestCaseExecutor.java:309)
	at com.kms.katalon.core.main.TestCaseExecutor.accessMainPhase(TestCaseExecutor.java:301)
	at com.kms.katalon.core.main.TestCaseExecutor.execute(TestCaseExecutor.java:235)
	at com.kms.katalon.core.main.TestSuiteExecutor.accessTestCaseMainPhase(TestSuiteExecutor.java:191)
	at com.kms.katalon.core.main.TestSuiteExecutor.accessTestSuiteMainPhase(TestSuiteExecutor.java:141)
	at com.kms.katalon.core.main.TestSuiteExecutor.execute(TestSuiteExecutor.java:90)
	at com.kms.katalon.core.main.TestCaseMain.startTestSuite(TestCaseMain.java:157)
	at com.kms.katalon.core.main.TestCaseMain$startTestSuite$0.call(Unknown Source)
	at TempTestSuite1601324593621.run(TempTestSuite1601324593621.groovy:39)
Caused by: org.openqa.selenium.TimeoutException: timeout: Timed out receiving message from renderer: 300.000
  (Session info: chrome=85.0.4183.121)
Build info: version: '3.141.59', revision: 'e82be7d358', time: '2018-11-14T08:25:53'
System info: host: 'c02yj0qyjgh7.lan', ip: 'fe80:0:0:0:8e5:6086:d883:e3f8%en0', os.name: 'Mac OS X', os.arch: 'x86_64', os.version: '10.15.6', java.version: '1.8.0_181'
Driver info: com.kms.katalon.selenium.driver.CChromeDriver
Capabilities {acceptInsecureCerts: false, browserName: chrome, browserVersion: 85.0.4183.121, chrome: {chromedriverVersion: 85.0.4183.87 (cd6713ebf92fa..., userDataDir: /var/folders/mk/mm0g76rn3_g...}, goog:chromeOptions: {debuggerAddress: localhost:54720}, javascriptEnabled: true, networkConnectionEnabled: false, pageLoadStrategy: normal, platform: MAC, platformName: MAC, proxy: Proxy(), setWindowRect: true, strictFileInteractability: false, timeouts: {implicit: 0, pageLoad: 300000, script: 30000}, unhandledPromptBehavior: dismiss and notify, webauthn:virtualAuthenticators: true}
Session ID: 2c8ec9fafaff0b807aa767458c75c353
	at org.openqa.selenium.remote.http.W3CHttpResponseCodec.createException(W3CHttpResponseCodec.java:187)
	at org.openqa.selenium.remote.http.W3CHttpResponseCodec.decode(W3CHttpResponseCodec.java:122)
	at org.openqa.selenium.remote.http.W3CHttpResponseCodec.decode(W3CHttpResponseCodec.java:49)
	at org.openqa.selenium.remote.HttpCommandExecutor.execute(HttpCommandExecutor.java:158)
	at org.openqa.selenium.remote.service.DriverCommandExecutor.execute(DriverCommandExecutor.java:83)
	at org.openqa.selenium.remote.RemoteWebDriver.execute(RemoteWebDriver.java:552)
	at com.kms.katalon.selenium.driver.CChromeDriver.execute(CChromeDriver.java:19)
	at org.openqa.selenium.remote.RemoteWebElement.execute(RemoteWebElement.java:285)
	at org.openqa.selenium.remote.RemoteWebElement.click(RemoteWebElement.java:84)
	at org.openqa.selenium.support.events.EventFiringWebDriver$EventFiringWebElement.lambda$new$0(EventFiringWebDriver.java:404)
	at com.sun.proxy.$Proxy9.click(Unknown Source)
	at org.openqa.selenium.support.events.EventFiringWebDriver$EventFiringWebElement.click(EventFiringWebDriver.java:417)
	at com.kms.katalon.core.webui.keyword.builtin.ClickKeyword$_click_closure1.doCall(ClickKeyword.groovy:69)
	at com.kms.katalon.core.webui.keyword.builtin.ClickKeyword$_click_closure1.call(ClickKeyword.groovy)
	at com.kms.katalon.core.webui.keyword.internal.WebUIKeywordMain.runKeyword(WebUIKeywordMain.groovy:20)
	... 19 more
"/>
         <system-out><![CDATA[2020-09-28 18:18:44 - [TEST_CASE][FAILED] - Test Cases/FG3D/FG3D Test - Stragetic: Test Cases/FG3D/FG3D Test - Stragetic FAILED.
Reason:
com.kms.katalon.core.exception.StepFailedException: Unable to click on object 'Object Repository/Page_Home  GRiD/a_CAC  GEOAxIS Login'
	at com.kms.katalon.core.webui.keyword.internal.WebUIKeywordMain.stepFailed(WebUIKeywordMain.groovy:64)
	at com.kms.katalon.core.webui.keyword.internal.WebUIKeywordMain.runKeyword(WebUIKeywordMain.groovy:26)
	at com.kms.katalon.core.webui.keyword.builtin.ClickKeyword.click(ClickKeyword.groovy:76)
	at com.kms.katalon.core.webui.keyword.builtin.ClickKeyword.execute(ClickKeyword.groovy:43)
	at com.kms.katalon.core.keyword.internal.KeywordExecutor.executeKeywordForPlatform(KeywordExecutor.groovy:73)
	at com.kms.katalon.core.webui.keyword.WebUiBuiltInKeywords.click(WebUiBuiltInKeywords.groovy:616)
	at com.kms.katalon.core.webui.keyword.WebUiBuiltInKeywords$click$1.call(Unknown Source)
	at FG3D Test - Stragetic.run(FG3D Test - Stragetic:24)
	at com.kms.katalon.core.main.ScriptEngine.run(ScriptEngine.java:194)
	at com.kms.katalon.core.main.ScriptEngine.runScriptAsRawText(ScriptEngine.java:119)
	at com.kms.katalon.core.main.TestCaseExecutor.runScript(TestCaseExecutor.java:339)
	at com.kms.katalon.core.main.TestCaseExecutor.doExecute(TestCaseExecutor.java:330)
	at com.kms.katalon.core.main.TestCaseExecutor.processExecutionPhase(TestCaseExecutor.java:309)
	at com.kms.katalon.core.main.TestCaseExecutor.accessMainPhase(TestCaseExecutor.java:301)
	at com.kms.katalon.core.main.TestCaseExecutor.execute(TestCaseExecutor.java:235)
	at com.kms.katalon.core.main.TestSuiteExecutor.accessTestCaseMainPhase(TestSuiteExecutor.java:191)
	at com.kms.katalon.core.main.TestSuiteExecutor.accessTestSuiteMainPhase(TestSuiteExecutor.java:141)
	at com.kms.katalon.core.main.TestSuiteExecutor.execute(TestSuiteExecutor.java:90)
	at com.kms.katalon.core.main.TestCaseMain.startTestSuite(TestCaseMain.java:157)
	at com.kms.katalon.core.main.TestCaseMain$startTestSuite$0.call(Unknown Source)
	at TempTestSuite1601324593621.run(TempTestSuite1601324593621.groovy:39)
Caused by: org.openqa.selenium.TimeoutException: timeout: Timed out receiving message from renderer: 300.000
  (Session info: chrome=85.0.4183.121)
Build info: version: '3.141.59', revision: 'e82be7d358', time: '2018-11-14T08:25:53'
System info: host: 'c02yj0qyjgh7.lan', ip: 'fe80:0:0:0:8e5:6086:d883:e3f8%en0', os.name: 'Mac OS X', os.arch: 'x86_64', os.version: '10.15.6', java.version: '1.8.0_181'
Driver info: com.kms.katalon.selenium.driver.CChromeDriver
Capabilities {acceptInsecureCerts: false, browserName: chrome, browserVersion: 85.0.4183.121, chrome: {chromedriverVersion: 85.0.4183.87 (cd6713ebf92fa..., userDataDir: /var/folders/mk/mm0g76rn3_g...}, goog:chromeOptions: {debuggerAddress: localhost:54720}, javascriptEnabled: true, networkConnectionEnabled: false, pageLoadStrategy: normal, platform: MAC, platformName: MAC, proxy: Proxy(), setWindowRect: true, strictFileInteractability: false, timeouts: {implicit: 0, pageLoad: 300000, script: 30000}, unhandledPromptBehavior: dismiss and notify, webauthn:virtualAuthenticators: true}
Session ID: 2c8ec9fafaff0b807aa767458c75c353
	at org.openqa.selenium.remote.http.W3CHttpResponseCodec.createException(W3CHttpResponseCodec.java:187)
	at org.openqa.selenium.remote.http.W3CHttpResponseCodec.decode(W3CHttpResponseCodec.java:122)
	at org.openqa.selenium.remote.http.W3CHttpResponseCodec.decode(W3CHttpResponseCodec.java:49)
	at org.openqa.selenium.remote.HttpCommandExecutor.execute(HttpCommandExecutor.java:158)
	at org.openqa.selenium.remote.service.DriverCommandExecutor.execute(DriverCommandExecutor.java:83)
	at org.openqa.selenium.remote.RemoteWebDriver.execute(RemoteWebDriver.java:552)
	at com.kms.katalon.selenium.driver.CChromeDriver.execute(CChromeDriver.java:19)
	at org.openqa.selenium.remote.RemoteWebElement.execute(RemoteWebElement.java:285)
	at org.openqa.selenium.remote.RemoteWebElement.click(RemoteWebElement.java:84)
	at org.openqa.selenium.support.events.EventFiringWebDriver$EventFiringWebElement.lambda$new$0(EventFiringWebDriver.java:404)
	at com.sun.proxy.$Proxy9.click(Unknown Source)
	at org.openqa.selenium.support.events.EventFiringWebDriver$EventFiringWebElement.click(EventFiringWebDriver.java:417)
	at com.kms.katalon.core.webui.keyword.builtin.ClickKeyword$_click_closure1.doCall(ClickKeyword.groovy:69)
	at com.kms.katalon.core.webui.keyword.builtin.ClickKeyword$_click_closure1.call(ClickKeyword.groovy)
	at com.kms.katalon.core.webui.keyword.internal.WebUIKeywordMain.runKeyword(WebUIKeywordMain.groovy:20)
	... 19 more


2020-09-28 18:18:44 - [TEST_STEP][PASSED] - openBrowser(""): Browser is opened with url: ''

2020-09-28 18:18:44 - [MESSAGE][WARNING] - A browser is already opened. Closing browser and opening a new one

2020-09-28 18:18:44 - [MESSAGE][INFO] - Starting 'Chrome' driver

2020-09-28 18:18:44 - [MESSAGE][INFO] - Action delay is set to 0 milliseconds

2020-09-28 18:18:45 - [MESSAGE][PASSED] - Browser is opened with url: ''

2020-09-28 18:18:45 - [TEST_STEP][PASSED] - navigateToUrl("https://grid.nga.mil/testgrid/"): Navigate to 'https://grid.nga.mil/testgrid/' successfully

2020-09-28 18:18:47 - [MESSAGE][PASSED] - Navigate to 'https://grid.nga.mil/testgrid/' successfully

2020-09-28 18:18:47 - [TEST_STEP][FAILED] - click(findTestObject("Page_Home  GRiD/a_CAC  GEOAxIS Login")): Unable to click on object 'Object Repository/Page_Home  GRiD/a_CAC  GEOAxIS Login' (Root cause: com.kms.katalon.core.exception.StepFailedException: Unable to click on object 'Object Repository/Page_Home  GRiD/a_CAC  GEOAxIS Login'
	at com.kms.katalon.core.webui.keyword.internal.WebUIKeywordMain.stepFailed(WebUIKeywordMain.groovy:64)
	at com.kms.katalon.core.webui.keyword.internal.WebUIKeywordMain.runKeyword(WebUIKeywordMain.groovy:26)
	at com.kms.katalon.core.webui.keyword.builtin.ClickKeyword.click(ClickKeyword.groovy:76)
	at com.kms.katalon.core.webui.keyword.builtin.ClickKeyword.execute(ClickKeyword.groovy:43)
	at com.kms.katalon.core.keyword.internal.KeywordExecutor.executeKeywordForPlatform(KeywordExecutor.groovy:73)
	at com.kms.katalon.core.webui.keyword.WebUiBuiltInKeywords.click(WebUiBuiltInKeywords.groovy:616)
	at com.kms.katalon.core.webui.keyword.WebUiBuiltInKeywords$click$1.call(Unknown Source)
	at FG3D Test - Stragetic.run(FG3D Test - Stragetic:24)
	at com.kms.katalon.core.main.ScriptEngine.run(ScriptEngine.java:194)
	at com.kms.katalon.core.main.ScriptEngine.runScriptAsRawText(ScriptEngine.java:119)
	at com.kms.katalon.core.main.TestCaseExecutor.runScript(TestCaseExecutor.java:339)
	at com.kms.katalon.core.main.TestCaseExecutor.doExecute(TestCaseExecutor.java:330)
	at com.kms.katalon.core.main.TestCaseExecutor.processExecutionPhase(TestCaseExecutor.java:309)
	at com.kms.katalon.core.main.TestCaseExecutor.accessMainPhase(TestCaseExecutor.java:301)
	at com.kms.katalon.core.main.TestCaseExecutor.execute(TestCaseExecutor.java:235)
	at com.kms.katalon.core.main.TestSuiteExecutor.accessTestCaseMainPhase(TestSuiteExecutor.java:191)
	at com.kms.katalon.core.main.TestSuiteExecutor.accessTestSuiteMainPhase(TestSuiteExecutor.java:141)
	at com.kms.katalon.core.main.TestSuiteExecutor.execute(TestSuiteExecutor.java:90)
	at com.kms.katalon.core.main.TestCaseMain.startTestSuite(TestCaseMain.java:157)
	at com.kms.katalon.core.main.TestCaseMain$startTestSuite$0.call(Unknown Source)
	at TempTestSuite1601324593621.run(TempTestSuite1601324593621.groovy:39)
Caused by: org.openqa.selenium.TimeoutException: timeout: Timed out receiving message from renderer: 300.000
  (Session info: chrome=85.0.4183.121)
Build info: version: '3.141.59', revision: 'e82be7d358', time: '2018-11-14T08:25:53'
System info: host: 'c02yj0qyjgh7.lan', ip: 'fe80:0:0:0:8e5:6086:d883:e3f8%en0', os.name: 'Mac OS X', os.arch: 'x86_64', os.version: '10.15.6', java.version: '1.8.0_181'
Driver info: com.kms.katalon.selenium.driver.CChromeDriver
Capabilities {acceptInsecureCerts: false, browserName: chrome, browserVersion: 85.0.4183.121, chrome: {chromedriverVersion: 85.0.4183.87 (cd6713ebf92fa..., userDataDir: /var/folders/mk/mm0g76rn3_g...}, goog:chromeOptions: {debuggerAddress: localhost:54720}, javascriptEnabled: true, networkConnectionEnabled: false, pageLoadStrategy: normal, platform: MAC, platformName: MAC, proxy: Proxy(), setWindowRect: true, strictFileInteractability: false, timeouts: {implicit: 0, pageLoad: 300000, script: 30000}, unhandledPromptBehavior: dismiss and notify, webauthn:virtualAuthenticators: true}
Session ID: 2c8ec9fafaff0b807aa767458c75c353
	at org.openqa.selenium.remote.http.W3CHttpResponseCodec.createException(W3CHttpResponseCodec.java:187)
	at org.openqa.selenium.remote.http.W3CHttpResponseCodec.decode(W3CHttpResponseCodec.java:122)
	at org.openqa.selenium.remote.http.W3CHttpResponseCodec.decode(W3CHttpResponseCodec.java:49)
	at org.openqa.selenium.remote.HttpCommandExecutor.execute(HttpCommandExecutor.java:158)
	at org.openqa.selenium.remote.service.DriverCommandExecutor.execute(DriverCommandExecutor.java:83)
	at org.openqa.selenium.remote.RemoteWebDriver.execute(RemoteWebDriver.java:552)
	at com.kms.katalon.selenium.driver.CChromeDriver.execute(CChromeDriver.java:19)
	at org.openqa.selenium.remote.RemoteWebElement.execute(RemoteWebElement.java:285)
	at org.openqa.selenium.remote.RemoteWebElement.click(RemoteWebElement.java:84)
	at org.openqa.selenium.support.events.EventFiringWebDriver$EventFiringWebElement.lambda$new$0(EventFiringWebDriver.java:404)
	at com.sun.proxy.$Proxy9.click(Unknown Source)
	at org.openqa.selenium.support.events.EventFiringWebDriver$EventFiringWebElement.click(EventFiringWebDriver.java:417)
	at com.kms.katalon.core.webui.keyword.builtin.ClickKeyword$_click_closure1.doCall(ClickKeyword.groovy:69)
	at com.kms.katalon.core.webui.keyword.builtin.ClickKeyword$_click_closure1.call(ClickKeyword.groovy)
	at com.kms.katalon.core.webui.keyword.internal.WebUIKeywordMain.runKeyword(WebUIKeywordMain.groovy:20)
	at com.kms.katalon.core.webui.keyword.builtin.ClickKeyword.click(ClickKeyword.groovy:76)
	at com.kms.katalon.core.webui.keyword.builtin.ClickKeyword.execute(ClickKeyword.groovy:43)
	at com.kms.katalon.core.keyword.internal.KeywordExecutor.executeKeywordForPlatform(KeywordExecutor.groovy:73)
	at com.kms.katalon.core.webui.keyword.WebUiBuiltInKeywords.click(WebUiBuiltInKeywords.groovy:616)
	at com.kms.katalon.core.webui.keyword.WebUiBuiltInKeywords$click$1.call(Unknown Source)
	at Script1599149155505.run(Script1599149155505.groovy:24)
	... 13 more
)

2020-09-28 18:23:48 - [MESSAGE][FAILED] - Unable to click on object 'Object Repository/Page_Home  GRiD/a_CAC  GEOAxIS Login' (Root cause: com.kms.katalon.core.exception.StepFailedException: Unable to click on object 'Object Repository/Page_Home  GRiD/a_CAC  GEOAxIS Login'
	at com.kms.katalon.core.webui.keyword.internal.WebUIKeywordMain.stepFailed(WebUIKeywordMain.groovy:64)
	at com.kms.katalon.core.webui.keyword.internal.WebUIKeywordMain.runKeyword(WebUIKeywordMain.groovy:26)
	at com.kms.katalon.core.webui.keyword.builtin.ClickKeyword.click(ClickKeyword.groovy:76)
	at com.kms.katalon.core.webui.keyword.builtin.ClickKeyword.execute(ClickKeyword.groovy:43)
	at com.kms.katalon.core.keyword.internal.KeywordExecutor.executeKeywordForPlatform(KeywordExecutor.groovy:73)
	at com.kms.katalon.core.webui.keyword.WebUiBuiltInKeywords.click(WebUiBuiltInKeywords.groovy:616)
	at com.kms.katalon.core.webui.keyword.WebUiBuiltInKeywords$click$1.call(Unknown Source)
	at FG3D Test - Stragetic.run(FG3D Test - Stragetic:24)
	at com.kms.katalon.core.main.ScriptEngine.run(ScriptEngine.java:194)
	at com.kms.katalon.core.main.ScriptEngine.runScriptAsRawText(ScriptEngine.java:119)
	at com.kms.katalon.core.main.TestCaseExecutor.runScript(TestCaseExecutor.java:339)
	at com.kms.katalon.core.main.TestCaseExecutor.doExecute(TestCaseExecutor.java:330)
	at com.kms.katalon.core.main.TestCaseExecutor.processExecutionPhase(TestCaseExecutor.java:309)
	at com.kms.katalon.core.main.TestCaseExecutor.accessMainPhase(TestCaseExecutor.java:301)
	at com.kms.katalon.core.main.TestCaseExecutor.execute(TestCaseExecutor.java:235)
	at com.kms.katalon.core.main.TestSuiteExecutor.accessTestCaseMainPhase(TestSuiteExecutor.java:191)
	at com.kms.katalon.core.main.TestSuiteExecutor.accessTestSuiteMainPhase(TestSuiteExecutor.java:141)
	at com.kms.katalon.core.main.TestSuiteExecutor.execute(TestSuiteExecutor.java:90)
	at com.kms.katalon.core.main.TestCaseMain.startTestSuite(TestCaseMain.java:157)
	at com.kms.katalon.core.main.TestCaseMain$startTestSuite$0.call(Unknown Source)
	at TempTestSuite1601324593621.run(TempTestSuite1601324593621.groovy:39)
Caused by: org.openqa.selenium.TimeoutException: timeout: Timed out receiving message from renderer: 300.000
  (Session info: chrome=85.0.4183.121)
Build info: version: '3.141.59', revision: 'e82be7d358', time: '2018-11-14T08:25:53'
System info: host: 'c02yj0qyjgh7.lan', ip: 'fe80:0:0:0:8e5:6086:d883:e3f8%en0', os.name: 'Mac OS X', os.arch: 'x86_64', os.version: '10.15.6', java.version: '1.8.0_181'
Driver info: com.kms.katalon.selenium.driver.CChromeDriver
Capabilities {acceptInsecureCerts: false, browserName: chrome, browserVersion: 85.0.4183.121, chrome: {chromedriverVersion: 85.0.4183.87 (cd6713ebf92fa..., userDataDir: /var/folders/mk/mm0g76rn3_g...}, goog:chromeOptions: {debuggerAddress: localhost:54720}, javascriptEnabled: true, networkConnectionEnabled: false, pageLoadStrategy: normal, platform: MAC, platformName: MAC, proxy: Proxy(), setWindowRect: true, strictFileInteractability: false, timeouts: {implicit: 0, pageLoad: 300000, script: 30000}, unhandledPromptBehavior: dismiss and notify, webauthn:virtualAuthenticators: true}
Session ID: 2c8ec9fafaff0b807aa767458c75c353
	at org.openqa.selenium.remote.http.W3CHttpResponseCodec.createException(W3CHttpResponseCodec.java:187)
	at org.openqa.selenium.remote.http.W3CHttpResponseCodec.decode(W3CHttpResponseCodec.java:122)
	at org.openqa.selenium.remote.http.W3CHttpResponseCodec.decode(W3CHttpResponseCodec.java:49)
	at org.openqa.selenium.remote.HttpCommandExecutor.execute(HttpCommandExecutor.java:158)
	at org.openqa.selenium.remote.service.DriverCommandExecutor.execute(DriverCommandExecutor.java:83)
	at org.openqa.selenium.remote.RemoteWebDriver.execute(RemoteWebDriver.java:552)
	at com.kms.katalon.selenium.driver.CChromeDriver.execute(CChromeDriver.java:19)
	at org.openqa.selenium.remote.RemoteWebElement.execute(RemoteWebElement.java:285)
	at org.openqa.selenium.remote.RemoteWebElement.click(RemoteWebElement.java:84)
	at org.openqa.selenium.support.events.EventFiringWebDriver$EventFiringWebElement.lambda$new$0(EventFiringWebDriver.java:404)
	at com.sun.proxy.$Proxy9.click(Unknown Source)
	at org.openqa.selenium.support.events.EventFiringWebDriver$EventFiringWebElement.click(EventFiringWebDriver.java:417)
	at com.kms.katalon.core.webui.keyword.builtin.ClickKeyword$_click_closure1.doCall(ClickKeyword.groovy:69)
	at com.kms.katalon.core.webui.keyword.builtin.ClickKeyword$_click_closure1.call(ClickKeyword.groovy)
	at com.kms.katalon.core.webui.keyword.internal.WebUIKeywordMain.runKeyword(WebUIKeywordMain.groovy:20)
	at com.kms.katalon.core.webui.keyword.builtin.ClickKeyword.click(ClickKeyword.groovy:76)
	at com.kms.katalon.core.webui.keyword.builtin.ClickKeyword.execute(ClickKeyword.groovy:43)
	at com.kms.katalon.core.keyword.internal.KeywordExecutor.executeKeywordForPlatform(KeywordExecutor.groovy:73)
	at com.kms.katalon.core.webui.keyword.WebUiBuiltInKeywords.click(WebUiBuiltInKeywords.groovy:616)
	at com.kms.katalon.core.webui.keyword.WebUiBuiltInKeywords$click$1.call(Unknown Source)
	at Script1599149155505.run(Script1599149155505.groovy:24)
	... 13 more
)
[[ATTACHMENT|/Users/bhavikpatel/Downloads/Projects/CRREL/GRiD/Automation Testing/Automation Testing Project/KatalonTesting/Reports/20200928_162313/GRiD FG3D/20200928_162313/1601331827574.png]]]]></system-out>
         <system-err><![CDATA[2020-09-28 18:18:44 - [TEST_CASE][FAILED] - Test Cases/FG3D/FG3D Test - Stragetic: Test Cases/FG3D/FG3D Test - Stragetic FAILED.
Reason:
com.kms.katalon.core.exception.StepFailedException: Unable to click on object 'Object Repository/Page_Home  GRiD/a_CAC  GEOAxIS Login'
	at com.kms.katalon.core.webui.keyword.internal.WebUIKeywordMain.stepFailed(WebUIKeywordMain.groovy:64)
	at com.kms.katalon.core.webui.keyword.internal.WebUIKeywordMain.runKeyword(WebUIKeywordMain.groovy:26)
	at com.kms.katalon.core.webui.keyword.builtin.ClickKeyword.click(ClickKeyword.groovy:76)
	at com.kms.katalon.core.webui.keyword.builtin.ClickKeyword.execute(ClickKeyword.groovy:43)
	at com.kms.katalon.core.keyword.internal.KeywordExecutor.executeKeywordForPlatform(KeywordExecutor.groovy:73)
	at com.kms.katalon.core.webui.keyword.WebUiBuiltInKeywords.click(WebUiBuiltInKeywords.groovy:616)
	at com.kms.katalon.core.webui.keyword.WebUiBuiltInKeywords$click$1.call(Unknown Source)
	at FG3D Test - Stragetic.run(FG3D Test - Stragetic:24)
	at com.kms.katalon.core.main.ScriptEngine.run(ScriptEngine.java:194)
	at com.kms.katalon.core.main.ScriptEngine.runScriptAsRawText(ScriptEngine.java:119)
	at com.kms.katalon.core.main.TestCaseExecutor.runScript(TestCaseExecutor.java:339)
	at com.kms.katalon.core.main.TestCaseExecutor.doExecute(TestCaseExecutor.java:330)
	at com.kms.katalon.core.main.TestCaseExecutor.processExecutionPhase(TestCaseExecutor.java:309)
	at com.kms.katalon.core.main.TestCaseExecutor.accessMainPhase(TestCaseExecutor.java:301)
	at com.kms.katalon.core.main.TestCaseExecutor.execute(TestCaseExecutor.java:235)
	at com.kms.katalon.core.main.TestSuiteExecutor.accessTestCaseMainPhase(TestSuiteExecutor.java:191)
	at com.kms.katalon.core.main.TestSuiteExecutor.accessTestSuiteMainPhase(TestSuiteExecutor.java:141)
	at com.kms.katalon.core.main.TestSuiteExecutor.execute(TestSuiteExecutor.java:90)
	at com.kms.katalon.core.main.TestCaseMain.startTestSuite(TestCaseMain.java:157)
	at com.kms.katalon.core.main.TestCaseMain$startTestSuite$0.call(Unknown Source)
	at TempTestSuite1601324593621.run(TempTestSuite1601324593621.groovy:39)
Caused by: org.openqa.selenium.TimeoutException: timeout: Timed out receiving message from renderer: 300.000
  (Session info: chrome=85.0.4183.121)
Build info: version: '3.141.59', revision: 'e82be7d358', time: '2018-11-14T08:25:53'
System info: host: 'c02yj0qyjgh7.lan', ip: 'fe80:0:0:0:8e5:6086:d883:e3f8%en0', os.name: 'Mac OS X', os.arch: 'x86_64', os.version: '10.15.6', java.version: '1.8.0_181'
Driver info: com.kms.katalon.selenium.driver.CChromeDriver
Capabilities {acceptInsecureCerts: false, browserName: chrome, browserVersion: 85.0.4183.121, chrome: {chromedriverVersion: 85.0.4183.87 (cd6713ebf92fa..., userDataDir: /var/folders/mk/mm0g76rn3_g...}, goog:chromeOptions: {debuggerAddress: localhost:54720}, javascriptEnabled: true, networkConnectionEnabled: false, pageLoadStrategy: normal, platform: MAC, platformName: MAC, proxy: Proxy(), setWindowRect: true, strictFileInteractability: false, timeouts: {implicit: 0, pageLoad: 300000, script: 30000}, unhandledPromptBehavior: dismiss and notify, webauthn:virtualAuthenticators: true}
Session ID: 2c8ec9fafaff0b807aa767458c75c353
	at org.openqa.selenium.remote.http.W3CHttpResponseCodec.createException(W3CHttpResponseCodec.java:187)
	at org.openqa.selenium.remote.http.W3CHttpResponseCodec.decode(W3CHttpResponseCodec.java:122)
	at org.openqa.selenium.remote.http.W3CHttpResponseCodec.decode(W3CHttpResponseCodec.java:49)
	at org.openqa.selenium.remote.HttpCommandExecutor.execute(HttpCommandExecutor.java:158)
	at org.openqa.selenium.remote.service.DriverCommandExecutor.execute(DriverCommandExecutor.java:83)
	at org.openqa.selenium.remote.RemoteWebDriver.execute(RemoteWebDriver.java:552)
	at com.kms.katalon.selenium.driver.CChromeDriver.execute(CChromeDriver.java:19)
	at org.openqa.selenium.remote.RemoteWebElement.execute(RemoteWebElement.java:285)
	at org.openqa.selenium.remote.RemoteWebElement.click(RemoteWebElement.java:84)
	at org.openqa.selenium.support.events.EventFiringWebDriver$EventFiringWebElement.lambda$new$0(EventFiringWebDriver.java:404)
	at com.sun.proxy.$Proxy9.click(Unknown Source)
	at org.openqa.selenium.support.events.EventFiringWebDriver$EventFiringWebElement.click(EventFiringWebDriver.java:417)
	at com.kms.katalon.core.webui.keyword.builtin.ClickKeyword$_click_closure1.doCall(ClickKeyword.groovy:69)
	at com.kms.katalon.core.webui.keyword.builtin.ClickKeyword$_click_closure1.call(ClickKeyword.groovy)
	at com.kms.katalon.core.webui.keyword.internal.WebUIKeywordMain.runKeyword(WebUIKeywordMain.groovy:20)
	... 19 more]]></system-err>
      </testcase>
      <testcase name="Test Cases/FG3D/FG3D Test - Stragetic" time="304.363" classname="Test Cases/FG3D/FG3D Test - Stragetic" status="FAILED">
         <failure type="FAILED" message="Test Cases/FG3D/FG3D Test - Stragetic FAILED.
Reason:
com.kms.katalon.core.exception.StepFailedException: Unable to click on object 'Object Repository/Page_Home  GRiD/a_CAC  GEOAxIS Login'
	at com.kms.katalon.core.webui.keyword.internal.WebUIKeywordMain.stepFailed(WebUIKeywordMain.groovy:64)
	at com.kms.katalon.core.webui.keyword.internal.WebUIKeywordMain.runKeyword(WebUIKeywordMain.groovy:26)
	at com.kms.katalon.core.webui.keyword.builtin.ClickKeyword.click(ClickKeyword.groovy:76)
	at com.kms.katalon.core.webui.keyword.builtin.ClickKeyword.execute(ClickKeyword.groovy:43)
	at com.kms.katalon.core.keyword.internal.KeywordExecutor.executeKeywordForPlatform(KeywordExecutor.groovy:73)
	at com.kms.katalon.core.webui.keyword.WebUiBuiltInKeywords.click(WebUiBuiltInKeywords.groovy:616)
	at com.kms.katalon.core.webui.keyword.WebUiBuiltInKeywords$click$1.call(Unknown Source)
	at FG3D Test - Stragetic.run(FG3D Test - Stragetic:24)
	at com.kms.katalon.core.main.ScriptEngine.run(ScriptEngine.java:194)
	at com.kms.katalon.core.main.ScriptEngine.runScriptAsRawText(ScriptEngine.java:119)
	at com.kms.katalon.core.main.TestCaseExecutor.runScript(TestCaseExecutor.java:339)
	at com.kms.katalon.core.main.TestCaseExecutor.doExecute(TestCaseExecutor.java:330)
	at com.kms.katalon.core.main.TestCaseExecutor.processExecutionPhase(TestCaseExecutor.java:309)
	at com.kms.katalon.core.main.TestCaseExecutor.accessMainPhase(TestCaseExecutor.java:301)
	at com.kms.katalon.core.main.TestCaseExecutor.execute(TestCaseExecutor.java:235)
	at com.kms.katalon.core.main.TestSuiteExecutor.accessTestCaseMainPhase(TestSuiteExecutor.java:191)
	at com.kms.katalon.core.main.TestSuiteExecutor.accessTestSuiteMainPhase(TestSuiteExecutor.java:141)
	at com.kms.katalon.core.main.TestSuiteExecutor.execute(TestSuiteExecutor.java:90)
	at com.kms.katalon.core.main.TestCaseMain.startTestSuite(TestCaseMain.java:157)
	at com.kms.katalon.core.main.TestCaseMain$startTestSuite$0.call(Unknown Source)
	at TempTestSuite1601324593621.run(TempTestSuite1601324593621.groovy:39)
Caused by: org.openqa.selenium.TimeoutException: timeout: Timed out receiving message from renderer: 300.000
  (Session info: chrome=85.0.4183.121)
Build info: version: '3.141.59', revision: 'e82be7d358', time: '2018-11-14T08:25:53'
System info: host: 'c02yj0qyjgh7.lan', ip: 'fe80:0:0:0:8e5:6086:d883:e3f8%en0', os.name: 'Mac OS X', os.arch: 'x86_64', os.version: '10.15.6', java.version: '1.8.0_181'
Driver info: com.kms.katalon.selenium.driver.CChromeDriver
Capabilities {acceptInsecureCerts: false, browserName: chrome, browserVersion: 85.0.4183.121, chrome: {chromedriverVersion: 85.0.4183.87 (cd6713ebf92fa..., userDataDir: /var/folders/mk/mm0g76rn3_g...}, goog:chromeOptions: {debuggerAddress: localhost:54876}, javascriptEnabled: true, networkConnectionEnabled: false, pageLoadStrategy: normal, platform: MAC, platformName: MAC, proxy: Proxy(), setWindowRect: true, strictFileInteractability: false, timeouts: {implicit: 0, pageLoad: 300000, script: 30000}, unhandledPromptBehavior: dismiss and notify, webauthn:virtualAuthenticators: true}
Session ID: d8c3acdd3a2caedcfe0b3eb78029b27a
	at org.openqa.selenium.remote.http.W3CHttpResponseCodec.createException(W3CHttpResponseCodec.java:187)
	at org.openqa.selenium.remote.http.W3CHttpResponseCodec.decode(W3CHttpResponseCodec.java:122)
	at org.openqa.selenium.remote.http.W3CHttpResponseCodec.decode(W3CHttpResponseCodec.java:49)
	at org.openqa.selenium.remote.HttpCommandExecutor.execute(HttpCommandExecutor.java:158)
	at org.openqa.selenium.remote.service.DriverCommandExecutor.execute(DriverCommandExecutor.java:83)
	at org.openqa.selenium.remote.RemoteWebDriver.execute(RemoteWebDriver.java:552)
	at com.kms.katalon.selenium.driver.CChromeDriver.execute(CChromeDriver.java:19)
	at org.openqa.selenium.remote.RemoteWebElement.execute(RemoteWebElement.java:285)
	at org.openqa.selenium.remote.RemoteWebElement.click(RemoteWebElement.java:84)
	at org.openqa.selenium.support.events.EventFiringWebDriver$EventFiringWebElement.lambda$new$0(EventFiringWebDriver.java:404)
	at com.sun.proxy.$Proxy9.click(Unknown Source)
	at org.openqa.selenium.support.events.EventFiringWebDriver$EventFiringWebElement.click(EventFiringWebDriver.java:417)
	at com.kms.katalon.core.webui.keyword.builtin.ClickKeyword$_click_closure1.doCall(ClickKeyword.groovy:69)
	at com.kms.katalon.core.webui.keyword.builtin.ClickKeyword$_click_closure1.call(ClickKeyword.groovy)
	at com.kms.katalon.core.webui.keyword.internal.WebUIKeywordMain.runKeyword(WebUIKeywordMain.groovy:20)
	... 19 more
"/>
         <system-out><![CDATA[2020-09-28 18:23:48 - [TEST_CASE][FAILED] - Test Cases/FG3D/FG3D Test - Stragetic: Test Cases/FG3D/FG3D Test - Stragetic FAILED.
Reason:
com.kms.katalon.core.exception.StepFailedException: Unable to click on object 'Object Repository/Page_Home  GRiD/a_CAC  GEOAxIS Login'
	at com.kms.katalon.core.webui.keyword.internal.WebUIKeywordMain.stepFailed(WebUIKeywordMain.groovy:64)
	at com.kms.katalon.core.webui.keyword.internal.WebUIKeywordMain.runKeyword(WebUIKeywordMain.groovy:26)
	at com.kms.katalon.core.webui.keyword.builtin.ClickKeyword.click(ClickKeyword.groovy:76)
	at com.kms.katalon.core.webui.keyword.builtin.ClickKeyword.execute(ClickKeyword.groovy:43)
	at com.kms.katalon.core.keyword.internal.KeywordExecutor.executeKeywordForPlatform(KeywordExecutor.groovy:73)
	at com.kms.katalon.core.webui.keyword.WebUiBuiltInKeywords.click(WebUiBuiltInKeywords.groovy:616)
	at com.kms.katalon.core.webui.keyword.WebUiBuiltInKeywords$click$1.call(Unknown Source)
	at FG3D Test - Stragetic.run(FG3D Test - Stragetic:24)
	at com.kms.katalon.core.main.ScriptEngine.run(ScriptEngine.java:194)
	at com.kms.katalon.core.main.ScriptEngine.runScriptAsRawText(ScriptEngine.java:119)
	at com.kms.katalon.core.main.TestCaseExecutor.runScript(TestCaseExecutor.java:339)
	at com.kms.katalon.core.main.TestCaseExecutor.doExecute(TestCaseExecutor.java:330)
	at com.kms.katalon.core.main.TestCaseExecutor.processExecutionPhase(TestCaseExecutor.java:309)
	at com.kms.katalon.core.main.TestCaseExecutor.accessMainPhase(TestCaseExecutor.java:301)
	at com.kms.katalon.core.main.TestCaseExecutor.execute(TestCaseExecutor.java:235)
	at com.kms.katalon.core.main.TestSuiteExecutor.accessTestCaseMainPhase(TestSuiteExecutor.java:191)
	at com.kms.katalon.core.main.TestSuiteExecutor.accessTestSuiteMainPhase(TestSuiteExecutor.java:141)
	at com.kms.katalon.core.main.TestSuiteExecutor.execute(TestSuiteExecutor.java:90)
	at com.kms.katalon.core.main.TestCaseMain.startTestSuite(TestCaseMain.java:157)
	at com.kms.katalon.core.main.TestCaseMain$startTestSuite$0.call(Unknown Source)
	at TempTestSuite1601324593621.run(TempTestSuite1601324593621.groovy:39)
Caused by: org.openqa.selenium.TimeoutException: timeout: Timed out receiving message from renderer: 300.000
  (Session info: chrome=85.0.4183.121)
Build info: version: '3.141.59', revision: 'e82be7d358', time: '2018-11-14T08:25:53'
System info: host: 'c02yj0qyjgh7.lan', ip: 'fe80:0:0:0:8e5:6086:d883:e3f8%en0', os.name: 'Mac OS X', os.arch: 'x86_64', os.version: '10.15.6', java.version: '1.8.0_181'
Driver info: com.kms.katalon.selenium.driver.CChromeDriver
Capabilities {acceptInsecureCerts: false, browserName: chrome, browserVersion: 85.0.4183.121, chrome: {chromedriverVersion: 85.0.4183.87 (cd6713ebf92fa..., userDataDir: /var/folders/mk/mm0g76rn3_g...}, goog:chromeOptions: {debuggerAddress: localhost:54876}, javascriptEnabled: true, networkConnectionEnabled: false, pageLoadStrategy: normal, platform: MAC, platformName: MAC, proxy: Proxy(), setWindowRect: true, strictFileInteractability: false, timeouts: {implicit: 0, pageLoad: 300000, script: 30000}, unhandledPromptBehavior: dismiss and notify, webauthn:virtualAuthenticators: true}
Session ID: d8c3acdd3a2caedcfe0b3eb78029b27a
	at org.openqa.selenium.remote.http.W3CHttpResponseCodec.createException(W3CHttpResponseCodec.java:187)
	at org.openqa.selenium.remote.http.W3CHttpResponseCodec.decode(W3CHttpResponseCodec.java:122)
	at org.openqa.selenium.remote.http.W3CHttpResponseCodec.decode(W3CHttpResponseCodec.java:49)
	at org.openqa.selenium.remote.HttpCommandExecutor.execute(HttpCommandExecutor.java:158)
	at org.openqa.selenium.remote.service.DriverCommandExecutor.execute(DriverCommandExecutor.java:83)
	at org.openqa.selenium.remote.RemoteWebDriver.execute(RemoteWebDriver.java:552)
	at com.kms.katalon.selenium.driver.CChromeDriver.execute(CChromeDriver.java:19)
	at org.openqa.selenium.remote.RemoteWebElement.execute(RemoteWebElement.java:285)
	at org.openqa.selenium.remote.RemoteWebElement.click(RemoteWebElement.java:84)
	at org.openqa.selenium.support.events.EventFiringWebDriver$EventFiringWebElement.lambda$new$0(EventFiringWebDriver.java:404)
	at com.sun.proxy.$Proxy9.click(Unknown Source)
	at org.openqa.selenium.support.events.EventFiringWebDriver$EventFiringWebElement.click(EventFiringWebDriver.java:417)
	at com.kms.katalon.core.webui.keyword.builtin.ClickKeyword$_click_closure1.doCall(ClickKeyword.groovy:69)
	at com.kms.katalon.core.webui.keyword.builtin.ClickKeyword$_click_closure1.call(ClickKeyword.groovy)
	at com.kms.katalon.core.webui.keyword.internal.WebUIKeywordMain.runKeyword(WebUIKeywordMain.groovy:20)
	... 19 more


2020-09-28 18:23:48 - [TEST_STEP][PASSED] - openBrowser(""): Browser is opened with url: ''

2020-09-28 18:23:48 - [MESSAGE][WARNING] - A browser is already opened. Closing browser and opening a new one

2020-09-28 18:23:48 - [MESSAGE][INFO] - Starting 'Chrome' driver

2020-09-28 18:23:48 - [MESSAGE][INFO] - Action delay is set to 0 milliseconds

2020-09-28 18:23:49 - [MESSAGE][PASSED] - Browser is opened with url: ''

2020-09-28 18:23:49 - [TEST_STEP][PASSED] - navigateToUrl("https://grid.nga.mil/testgrid/"): Navigate to 'https://grid.nga.mil/testgrid/' successfully

2020-09-28 18:23:51 - [MESSAGE][PASSED] - Navigate to 'https://grid.nga.mil/testgrid/' successfully

2020-09-28 18:23:51 - [TEST_STEP][FAILED] - click(findTestObject("Page_Home  GRiD/a_CAC  GEOAxIS Login")): Unable to click on object 'Object Repository/Page_Home  GRiD/a_CAC  GEOAxIS Login' (Root cause: com.kms.katalon.core.exception.StepFailedException: Unable to click on object 'Object Repository/Page_Home  GRiD/a_CAC  GEOAxIS Login'
	at com.kms.katalon.core.webui.keyword.internal.WebUIKeywordMain.stepFailed(WebUIKeywordMain.groovy:64)
	at com.kms.katalon.core.webui.keyword.internal.WebUIKeywordMain.runKeyword(WebUIKeywordMain.groovy:26)
	at com.kms.katalon.core.webui.keyword.builtin.ClickKeyword.click(ClickKeyword.groovy:76)
	at com.kms.katalon.core.webui.keyword.builtin.ClickKeyword.execute(ClickKeyword.groovy:43)
	at com.kms.katalon.core.keyword.internal.KeywordExecutor.executeKeywordForPlatform(KeywordExecutor.groovy:73)
	at com.kms.katalon.core.webui.keyword.WebUiBuiltInKeywords.click(WebUiBuiltInKeywords.groovy:616)
	at com.kms.katalon.core.webui.keyword.WebUiBuiltInKeywords$click$1.call(Unknown Source)
	at FG3D Test - Stragetic.run(FG3D Test - Stragetic:24)
	at com.kms.katalon.core.main.ScriptEngine.run(ScriptEngine.java:194)
	at com.kms.katalon.core.main.ScriptEngine.runScriptAsRawText(ScriptEngine.java:119)
	at com.kms.katalon.core.main.TestCaseExecutor.runScript(TestCaseExecutor.java:339)
	at com.kms.katalon.core.main.TestCaseExecutor.doExecute(TestCaseExecutor.java:330)
	at com.kms.katalon.core.main.TestCaseExecutor.processExecutionPhase(TestCaseExecutor.java:309)
	at com.kms.katalon.core.main.TestCaseExecutor.accessMainPhase(TestCaseExecutor.java:301)
	at com.kms.katalon.core.main.TestCaseExecutor.execute(TestCaseExecutor.java:235)
	at com.kms.katalon.core.main.TestSuiteExecutor.accessTestCaseMainPhase(TestSuiteExecutor.java:191)
	at com.kms.katalon.core.main.TestSuiteExecutor.accessTestSuiteMainPhase(TestSuiteExecutor.java:141)
	at com.kms.katalon.core.main.TestSuiteExecutor.execute(TestSuiteExecutor.java:90)
	at com.kms.katalon.core.main.TestCaseMain.startTestSuite(TestCaseMain.java:157)
	at com.kms.katalon.core.main.TestCaseMain$startTestSuite$0.call(Unknown Source)
	at TempTestSuite1601324593621.run(TempTestSuite1601324593621.groovy:39)
Caused by: org.openqa.selenium.TimeoutException: timeout: Timed out receiving message from renderer: 300.000
  (Session info: chrome=85.0.4183.121)
Build info: version: '3.141.59', revision: 'e82be7d358', time: '2018-11-14T08:25:53'
System info: host: 'c02yj0qyjgh7.lan', ip: 'fe80:0:0:0:8e5:6086:d883:e3f8%en0', os.name: 'Mac OS X', os.arch: 'x86_64', os.version: '10.15.6', java.version: '1.8.0_181'
Driver info: com.kms.katalon.selenium.driver.CChromeDriver
Capabilities {acceptInsecureCerts: false, browserName: chrome, browserVersion: 85.0.4183.121, chrome: {chromedriverVersion: 85.0.4183.87 (cd6713ebf92fa..., userDataDir: /var/folders/mk/mm0g76rn3_g...}, goog:chromeOptions: {debuggerAddress: localhost:54876}, javascriptEnabled: true, networkConnectionEnabled: false, pageLoadStrategy: normal, platform: MAC, platformName: MAC, proxy: Proxy(), setWindowRect: true, strictFileInteractability: false, timeouts: {implicit: 0, pageLoad: 300000, script: 30000}, unhandledPromptBehavior: dismiss and notify, webauthn:virtualAuthenticators: true}
Session ID: d8c3acdd3a2caedcfe0b3eb78029b27a
	at org.openqa.selenium.remote.http.W3CHttpResponseCodec.createException(W3CHttpResponseCodec.java:187)
	at org.openqa.selenium.remote.http.W3CHttpResponseCodec.decode(W3CHttpResponseCodec.java:122)
	at org.openqa.selenium.remote.http.W3CHttpResponseCodec.decode(W3CHttpResponseCodec.java:49)
	at org.openqa.selenium.remote.HttpCommandExecutor.execute(HttpCommandExecutor.java:158)
	at org.openqa.selenium.remote.service.DriverCommandExecutor.execute(DriverCommandExecutor.java:83)
	at org.openqa.selenium.remote.RemoteWebDriver.execute(RemoteWebDriver.java:552)
	at com.kms.katalon.selenium.driver.CChromeDriver.execute(CChromeDriver.java:19)
	at org.openqa.selenium.remote.RemoteWebElement.execute(RemoteWebElement.java:285)
	at org.openqa.selenium.remote.RemoteWebElement.click(RemoteWebElement.java:84)
	at org.openqa.selenium.support.events.EventFiringWebDriver$EventFiringWebElement.lambda$new$0(EventFiringWebDriver.java:404)
	at com.sun.proxy.$Proxy9.click(Unknown Source)
	at org.openqa.selenium.support.events.EventFiringWebDriver$EventFiringWebElement.click(EventFiringWebDriver.java:417)
	at com.kms.katalon.core.webui.keyword.builtin.ClickKeyword$_click_closure1.doCall(ClickKeyword.groovy:69)
	at com.kms.katalon.core.webui.keyword.builtin.ClickKeyword$_click_closure1.call(ClickKeyword.groovy)
	at com.kms.katalon.core.webui.keyword.internal.WebUIKeywordMain.runKeyword(WebUIKeywordMain.groovy:20)
	at com.kms.katalon.core.webui.keyword.builtin.ClickKeyword.click(ClickKeyword.groovy:76)
	at com.kms.katalon.core.webui.keyword.builtin.ClickKeyword.execute(ClickKeyword.groovy:43)
	at com.kms.katalon.core.keyword.internal.KeywordExecutor.executeKeywordForPlatform(KeywordExecutor.groovy:73)
	at com.kms.katalon.core.webui.keyword.WebUiBuiltInKeywords.click(WebUiBuiltInKeywords.groovy:616)
	at com.kms.katalon.core.webui.keyword.WebUiBuiltInKeywords$click$1.call(Unknown Source)
	at Script1599149155505.run(Script1599149155505.groovy:24)
	... 13 more
)

2020-09-28 18:28:52 - [MESSAGE][FAILED] - Unable to click on object 'Object Repository/Page_Home  GRiD/a_CAC  GEOAxIS Login' (Root cause: com.kms.katalon.core.exception.StepFailedException: Unable to click on object 'Object Repository/Page_Home  GRiD/a_CAC  GEOAxIS Login'
	at com.kms.katalon.core.webui.keyword.internal.WebUIKeywordMain.stepFailed(WebUIKeywordMain.groovy:64)
	at com.kms.katalon.core.webui.keyword.internal.WebUIKeywordMain.runKeyword(WebUIKeywordMain.groovy:26)
	at com.kms.katalon.core.webui.keyword.builtin.ClickKeyword.click(ClickKeyword.groovy:76)
	at com.kms.katalon.core.webui.keyword.builtin.ClickKeyword.execute(ClickKeyword.groovy:43)
	at com.kms.katalon.core.keyword.internal.KeywordExecutor.executeKeywordForPlatform(KeywordExecutor.groovy:73)
	at com.kms.katalon.core.webui.keyword.WebUiBuiltInKeywords.click(WebUiBuiltInKeywords.groovy:616)
	at com.kms.katalon.core.webui.keyword.WebUiBuiltInKeywords$click$1.call(Unknown Source)
	at FG3D Test - Stragetic.run(FG3D Test - Stragetic:24)
	at com.kms.katalon.core.main.ScriptEngine.run(ScriptEngine.java:194)
	at com.kms.katalon.core.main.ScriptEngine.runScriptAsRawText(ScriptEngine.java:119)
	at com.kms.katalon.core.main.TestCaseExecutor.runScript(TestCaseExecutor.java:339)
	at com.kms.katalon.core.main.TestCaseExecutor.doExecute(TestCaseExecutor.java:330)
	at com.kms.katalon.core.main.TestCaseExecutor.processExecutionPhase(TestCaseExecutor.java:309)
	at com.kms.katalon.core.main.TestCaseExecutor.accessMainPhase(TestCaseExecutor.java:301)
	at com.kms.katalon.core.main.TestCaseExecutor.execute(TestCaseExecutor.java:235)
	at com.kms.katalon.core.main.TestSuiteExecutor.accessTestCaseMainPhase(TestSuiteExecutor.java:191)
	at com.kms.katalon.core.main.TestSuiteExecutor.accessTestSuiteMainPhase(TestSuiteExecutor.java:141)
	at com.kms.katalon.core.main.TestSuiteExecutor.execute(TestSuiteExecutor.java:90)
	at com.kms.katalon.core.main.TestCaseMain.startTestSuite(TestCaseMain.java:157)
	at com.kms.katalon.core.main.TestCaseMain$startTestSuite$0.call(Unknown Source)
	at TempTestSuite1601324593621.run(TempTestSuite1601324593621.groovy:39)
Caused by: org.openqa.selenium.TimeoutException: timeout: Timed out receiving message from renderer: 300.000
  (Session info: chrome=85.0.4183.121)
Build info: version: '3.141.59', revision: 'e82be7d358', time: '2018-11-14T08:25:53'
System info: host: 'c02yj0qyjgh7.lan', ip: 'fe80:0:0:0:8e5:6086:d883:e3f8%en0', os.name: 'Mac OS X', os.arch: 'x86_64', os.version: '10.15.6', java.version: '1.8.0_181'
Driver info: com.kms.katalon.selenium.driver.CChromeDriver
Capabilities {acceptInsecureCerts: false, browserName: chrome, browserVersion: 85.0.4183.121, chrome: {chromedriverVersion: 85.0.4183.87 (cd6713ebf92fa..., userDataDir: /var/folders/mk/mm0g76rn3_g...}, goog:chromeOptions: {debuggerAddress: localhost:54876}, javascriptEnabled: true, networkConnectionEnabled: false, pageLoadStrategy: normal, platform: MAC, platformName: MAC, proxy: Proxy(), setWindowRect: true, strictFileInteractability: false, timeouts: {implicit: 0, pageLoad: 300000, script: 30000}, unhandledPromptBehavior: dismiss and notify, webauthn:virtualAuthenticators: true}
Session ID: d8c3acdd3a2caedcfe0b3eb78029b27a
	at org.openqa.selenium.remote.http.W3CHttpResponseCodec.createException(W3CHttpResponseCodec.java:187)
	at org.openqa.selenium.remote.http.W3CHttpResponseCodec.decode(W3CHttpResponseCodec.java:122)
	at org.openqa.selenium.remote.http.W3CHttpResponseCodec.decode(W3CHttpResponseCodec.java:49)
	at org.openqa.selenium.remote.HttpCommandExecutor.execute(HttpCommandExecutor.java:158)
	at org.openqa.selenium.remote.service.DriverCommandExecutor.execute(DriverCommandExecutor.java:83)
	at org.openqa.selenium.remote.RemoteWebDriver.execute(RemoteWebDriver.java:552)
	at com.kms.katalon.selenium.driver.CChromeDriver.execute(CChromeDriver.java:19)
	at org.openqa.selenium.remote.RemoteWebElement.execute(RemoteWebElement.java:285)
	at org.openqa.selenium.remote.RemoteWebElement.click(RemoteWebElement.java:84)
	at org.openqa.selenium.support.events.EventFiringWebDriver$EventFiringWebElement.lambda$new$0(EventFiringWebDriver.java:404)
	at com.sun.proxy.$Proxy9.click(Unknown Source)
	at org.openqa.selenium.support.events.EventFiringWebDriver$EventFiringWebElement.click(EventFiringWebDriver.java:417)
	at com.kms.katalon.core.webui.keyword.builtin.ClickKeyword$_click_closure1.doCall(ClickKeyword.groovy:69)
	at com.kms.katalon.core.webui.keyword.builtin.ClickKeyword$_click_closure1.call(ClickKeyword.groovy)
	at com.kms.katalon.core.webui.keyword.internal.WebUIKeywordMain.runKeyword(WebUIKeywordMain.groovy:20)
	at com.kms.katalon.core.webui.keyword.builtin.ClickKeyword.click(ClickKeyword.groovy:76)
	at com.kms.katalon.core.webui.keyword.builtin.ClickKeyword.execute(ClickKeyword.groovy:43)
	at com.kms.katalon.core.keyword.internal.KeywordExecutor.executeKeywordForPlatform(KeywordExecutor.groovy:73)
	at com.kms.katalon.core.webui.keyword.WebUiBuiltInKeywords.click(WebUiBuiltInKeywords.groovy:616)
	at com.kms.katalon.core.webui.keyword.WebUiBuiltInKeywords$click$1.call(Unknown Source)
	at Script1599149155505.run(Script1599149155505.groovy:24)
	... 13 more
)
[[ATTACHMENT|/Users/bhavikpatel/Downloads/Projects/CRREL/GRiD/Automation Testing/Automation Testing Project/KatalonTesting/Reports/20200928_162313/GRiD FG3D/20200928_162313/1601332131947.png]]]]></system-out>
         <system-err><![CDATA[2020-09-28 18:23:48 - [TEST_CASE][FAILED] - Test Cases/FG3D/FG3D Test - Stragetic: Test Cases/FG3D/FG3D Test - Stragetic FAILED.
Reason:
com.kms.katalon.core.exception.StepFailedException: Unable to click on object 'Object Repository/Page_Home  GRiD/a_CAC  GEOAxIS Login'
	at com.kms.katalon.core.webui.keyword.internal.WebUIKeywordMain.stepFailed(WebUIKeywordMain.groovy:64)
	at com.kms.katalon.core.webui.keyword.internal.WebUIKeywordMain.runKeyword(WebUIKeywordMain.groovy:26)
	at com.kms.katalon.core.webui.keyword.builtin.ClickKeyword.click(ClickKeyword.groovy:76)
	at com.kms.katalon.core.webui.keyword.builtin.ClickKeyword.execute(ClickKeyword.groovy:43)
	at com.kms.katalon.core.keyword.internal.KeywordExecutor.executeKeywordForPlatform(KeywordExecutor.groovy:73)
	at com.kms.katalon.core.webui.keyword.WebUiBuiltInKeywords.click(WebUiBuiltInKeywords.groovy:616)
	at com.kms.katalon.core.webui.keyword.WebUiBuiltInKeywords$click$1.call(Unknown Source)
	at FG3D Test - Stragetic.run(FG3D Test - Stragetic:24)
	at com.kms.katalon.core.main.ScriptEngine.run(ScriptEngine.java:194)
	at com.kms.katalon.core.main.ScriptEngine.runScriptAsRawText(ScriptEngine.java:119)
	at com.kms.katalon.core.main.TestCaseExecutor.runScript(TestCaseExecutor.java:339)
	at com.kms.katalon.core.main.TestCaseExecutor.doExecute(TestCaseExecutor.java:330)
	at com.kms.katalon.core.main.TestCaseExecutor.processExecutionPhase(TestCaseExecutor.java:309)
	at com.kms.katalon.core.main.TestCaseExecutor.accessMainPhase(TestCaseExecutor.java:301)
	at com.kms.katalon.core.main.TestCaseExecutor.execute(TestCaseExecutor.java:235)
	at com.kms.katalon.core.main.TestSuiteExecutor.accessTestCaseMainPhase(TestSuiteExecutor.java:191)
	at com.kms.katalon.core.main.TestSuiteExecutor.accessTestSuiteMainPhase(TestSuiteExecutor.java:141)
	at com.kms.katalon.core.main.TestSuiteExecutor.execute(TestSuiteExecutor.java:90)
	at com.kms.katalon.core.main.TestCaseMain.startTestSuite(TestCaseMain.java:157)
	at com.kms.katalon.core.main.TestCaseMain$startTestSuite$0.call(Unknown Source)
	at TempTestSuite1601324593621.run(TempTestSuite1601324593621.groovy:39)
Caused by: org.openqa.selenium.TimeoutException: timeout: Timed out receiving message from renderer: 300.000
  (Session info: chrome=85.0.4183.121)
Build info: version: '3.141.59', revision: 'e82be7d358', time: '2018-11-14T08:25:53'
System info: host: 'c02yj0qyjgh7.lan', ip: 'fe80:0:0:0:8e5:6086:d883:e3f8%en0', os.name: 'Mac OS X', os.arch: 'x86_64', os.version: '10.15.6', java.version: '1.8.0_181'
Driver info: com.kms.katalon.selenium.driver.CChromeDriver
Capabilities {acceptInsecureCerts: false, browserName: chrome, browserVersion: 85.0.4183.121, chrome: {chromedriverVersion: 85.0.4183.87 (cd6713ebf92fa..., userDataDir: /var/folders/mk/mm0g76rn3_g...}, goog:chromeOptions: {debuggerAddress: localhost:54876}, javascriptEnabled: true, networkConnectionEnabled: false, pageLoadStrategy: normal, platform: MAC, platformName: MAC, proxy: Proxy(), setWindowRect: true, strictFileInteractability: false, timeouts: {implicit: 0, pageLoad: 300000, script: 30000}, unhandledPromptBehavior: dismiss and notify, webauthn:virtualAuthenticators: true}
Session ID: d8c3acdd3a2caedcfe0b3eb78029b27a
	at org.openqa.selenium.remote.http.W3CHttpResponseCodec.createException(W3CHttpResponseCodec.java:187)
	at org.openqa.selenium.remote.http.W3CHttpResponseCodec.decode(W3CHttpResponseCodec.java:122)
	at org.openqa.selenium.remote.http.W3CHttpResponseCodec.decode(W3CHttpResponseCodec.java:49)
	at org.openqa.selenium.remote.HttpCommandExecutor.execute(HttpCommandExecutor.java:158)
	at org.openqa.selenium.remote.service.DriverCommandExecutor.execute(DriverCommandExecutor.java:83)
	at org.openqa.selenium.remote.RemoteWebDriver.execute(RemoteWebDriver.java:552)
	at com.kms.katalon.selenium.driver.CChromeDriver.execute(CChromeDriver.java:19)
	at org.openqa.selenium.remote.RemoteWebElement.execute(RemoteWebElement.java:285)
	at org.openqa.selenium.remote.RemoteWebElement.click(RemoteWebElement.java:84)
	at org.openqa.selenium.support.events.EventFiringWebDriver$EventFiringWebElement.lambda$new$0(EventFiringWebDriver.java:404)
	at com.sun.proxy.$Proxy9.click(Unknown Source)
	at org.openqa.selenium.support.events.EventFiringWebDriver$EventFiringWebElement.click(EventFiringWebDriver.java:417)
	at com.kms.katalon.core.webui.keyword.builtin.ClickKeyword$_click_closure1.doCall(ClickKeyword.groovy:69)
	at com.kms.katalon.core.webui.keyword.builtin.ClickKeyword$_click_closure1.call(ClickKeyword.groovy)
	at com.kms.katalon.core.webui.keyword.internal.WebUIKeywordMain.runKeyword(WebUIKeywordMain.groovy:20)
	... 19 more]]></system-err>
      </testcase>
      <testcase name="Test Cases/FG3D/FG3D Test - Stragetic" time="305.156" classname="Test Cases/FG3D/FG3D Test - Stragetic" status="FAILED">
         <failure type="FAILED" message="Test Cases/FG3D/FG3D Test - Stragetic FAILED.
Reason:
com.kms.katalon.core.exception.StepFailedException: Unable to click on object 'Object Repository/Page_Home  GRiD/a_CAC  GEOAxIS Login'
	at com.kms.katalon.core.webui.keyword.internal.WebUIKeywordMain.stepFailed(WebUIKeywordMain.groovy:64)
	at com.kms.katalon.core.webui.keyword.internal.WebUIKeywordMain.runKeyword(WebUIKeywordMain.groovy:26)
	at com.kms.katalon.core.webui.keyword.builtin.ClickKeyword.click(ClickKeyword.groovy:76)
	at com.kms.katalon.core.webui.keyword.builtin.ClickKeyword.execute(ClickKeyword.groovy:43)
	at com.kms.katalon.core.keyword.internal.KeywordExecutor.executeKeywordForPlatform(KeywordExecutor.groovy:73)
	at com.kms.katalon.core.webui.keyword.WebUiBuiltInKeywords.click(WebUiBuiltInKeywords.groovy:616)
	at com.kms.katalon.core.webui.keyword.WebUiBuiltInKeywords$click$1.call(Unknown Source)
	at FG3D Test - Stragetic.run(FG3D Test - Stragetic:24)
	at com.kms.katalon.core.main.ScriptEngine.run(ScriptEngine.java:194)
	at com.kms.katalon.core.main.ScriptEngine.runScriptAsRawText(ScriptEngine.java:119)
	at com.kms.katalon.core.main.TestCaseExecutor.runScript(TestCaseExecutor.java:339)
	at com.kms.katalon.core.main.TestCaseExecutor.doExecute(TestCaseExecutor.java:330)
	at com.kms.katalon.core.main.TestCaseExecutor.processExecutionPhase(TestCaseExecutor.java:309)
	at com.kms.katalon.core.main.TestCaseExecutor.accessMainPhase(TestCaseExecutor.java:301)
	at com.kms.katalon.core.main.TestCaseExecutor.execute(TestCaseExecutor.java:235)
	at com.kms.katalon.core.main.TestSuiteExecutor.accessTestCaseMainPhase(TestSuiteExecutor.java:191)
	at com.kms.katalon.core.main.TestSuiteExecutor.accessTestSuiteMainPhase(TestSuiteExecutor.java:141)
	at com.kms.katalon.core.main.TestSuiteExecutor.execute(TestSuiteExecutor.java:90)
	at com.kms.katalon.core.main.TestCaseMain.startTestSuite(TestCaseMain.java:157)
	at com.kms.katalon.core.main.TestCaseMain$startTestSuite$0.call(Unknown Source)
	at TempTestSuite1601324593621.run(TempTestSuite1601324593621.groovy:39)
Caused by: org.openqa.selenium.TimeoutException: timeout: Timed out receiving message from renderer: 300.000
  (Session info: chrome=85.0.4183.121)
Build info: version: '3.141.59', revision: 'e82be7d358', time: '2018-11-14T08:25:53'
System info: host: 'c02yj0qyjgh7.lan', ip: 'fe80:0:0:0:8e5:6086:d883:e3f8%en0', os.name: 'Mac OS X', os.arch: 'x86_64', os.version: '10.15.6', java.version: '1.8.0_181'
Driver info: com.kms.katalon.selenium.driver.CChromeDriver
Capabilities {acceptInsecureCerts: false, browserName: chrome, browserVersion: 85.0.4183.121, chrome: {chromedriverVersion: 85.0.4183.87 (cd6713ebf92fa..., userDataDir: /var/folders/mk/mm0g76rn3_g...}, goog:chromeOptions: {debuggerAddress: localhost:55013}, javascriptEnabled: true, networkConnectionEnabled: false, pageLoadStrategy: normal, platform: MAC, platformName: MAC, proxy: Proxy(), setWindowRect: true, strictFileInteractability: false, timeouts: {implicit: 0, pageLoad: 300000, script: 30000}, unhandledPromptBehavior: dismiss and notify, webauthn:virtualAuthenticators: true}
Session ID: abb6608fa91035bbfe96d7ed4891f14e
	at org.openqa.selenium.remote.http.W3CHttpResponseCodec.createException(W3CHttpResponseCodec.java:187)
	at org.openqa.selenium.remote.http.W3CHttpResponseCodec.decode(W3CHttpResponseCodec.java:122)
	at org.openqa.selenium.remote.http.W3CHttpResponseCodec.decode(W3CHttpResponseCodec.java:49)
	at org.openqa.selenium.remote.HttpCommandExecutor.execute(HttpCommandExecutor.java:158)
	at org.openqa.selenium.remote.service.DriverCommandExecutor.execute(DriverCommandExecutor.java:83)
	at org.openqa.selenium.remote.RemoteWebDriver.execute(RemoteWebDriver.java:552)
	at com.kms.katalon.selenium.driver.CChromeDriver.execute(CChromeDriver.java:19)
	at org.openqa.selenium.remote.RemoteWebElement.execute(RemoteWebElement.java:285)
	at org.openqa.selenium.remote.RemoteWebElement.click(RemoteWebElement.java:84)
	at org.openqa.selenium.support.events.EventFiringWebDriver$EventFiringWebElement.lambda$new$0(EventFiringWebDriver.java:404)
	at com.sun.proxy.$Proxy9.click(Unknown Source)
	at org.openqa.selenium.support.events.EventFiringWebDriver$EventFiringWebElement.click(EventFiringWebDriver.java:417)
	at com.kms.katalon.core.webui.keyword.builtin.ClickKeyword$_click_closure1.doCall(ClickKeyword.groovy:69)
	at com.kms.katalon.core.webui.keyword.builtin.ClickKeyword$_click_closure1.call(ClickKeyword.groovy)
	at com.kms.katalon.core.webui.keyword.internal.WebUIKeywordMain.runKeyword(WebUIKeywordMain.groovy:20)
	... 19 more
"/>
         <system-out><![CDATA[2020-09-28 18:28:52 - [TEST_CASE][FAILED] - Test Cases/FG3D/FG3D Test - Stragetic: Test Cases/FG3D/FG3D Test - Stragetic FAILED.
Reason:
com.kms.katalon.core.exception.StepFailedException: Unable to click on object 'Object Repository/Page_Home  GRiD/a_CAC  GEOAxIS Login'
	at com.kms.katalon.core.webui.keyword.internal.WebUIKeywordMain.stepFailed(WebUIKeywordMain.groovy:64)
	at com.kms.katalon.core.webui.keyword.internal.WebUIKeywordMain.runKeyword(WebUIKeywordMain.groovy:26)
	at com.kms.katalon.core.webui.keyword.builtin.ClickKeyword.click(ClickKeyword.groovy:76)
	at com.kms.katalon.core.webui.keyword.builtin.ClickKeyword.execute(ClickKeyword.groovy:43)
	at com.kms.katalon.core.keyword.internal.KeywordExecutor.executeKeywordForPlatform(KeywordExecutor.groovy:73)
	at com.kms.katalon.core.webui.keyword.WebUiBuiltInKeywords.click(WebUiBuiltInKeywords.groovy:616)
	at com.kms.katalon.core.webui.keyword.WebUiBuiltInKeywords$click$1.call(Unknown Source)
	at FG3D Test - Stragetic.run(FG3D Test - Stragetic:24)
	at com.kms.katalon.core.main.ScriptEngine.run(ScriptEngine.java:194)
	at com.kms.katalon.core.main.ScriptEngine.runScriptAsRawText(ScriptEngine.java:119)
	at com.kms.katalon.core.main.TestCaseExecutor.runScript(TestCaseExecutor.java:339)
	at com.kms.katalon.core.main.TestCaseExecutor.doExecute(TestCaseExecutor.java:330)
	at com.kms.katalon.core.main.TestCaseExecutor.processExecutionPhase(TestCaseExecutor.java:309)
	at com.kms.katalon.core.main.TestCaseExecutor.accessMainPhase(TestCaseExecutor.java:301)
	at com.kms.katalon.core.main.TestCaseExecutor.execute(TestCaseExecutor.java:235)
	at com.kms.katalon.core.main.TestSuiteExecutor.accessTestCaseMainPhase(TestSuiteExecutor.java:191)
	at com.kms.katalon.core.main.TestSuiteExecutor.accessTestSuiteMainPhase(TestSuiteExecutor.java:141)
	at com.kms.katalon.core.main.TestSuiteExecutor.execute(TestSuiteExecutor.java:90)
	at com.kms.katalon.core.main.TestCaseMain.startTestSuite(TestCaseMain.java:157)
	at com.kms.katalon.core.main.TestCaseMain$startTestSuite$0.call(Unknown Source)
	at TempTestSuite1601324593621.run(TempTestSuite1601324593621.groovy:39)
Caused by: org.openqa.selenium.TimeoutException: timeout: Timed out receiving message from renderer: 300.000
  (Session info: chrome=85.0.4183.121)
Build info: version: '3.141.59', revision: 'e82be7d358', time: '2018-11-14T08:25:53'
System info: host: 'c02yj0qyjgh7.lan', ip: 'fe80:0:0:0:8e5:6086:d883:e3f8%en0', os.name: 'Mac OS X', os.arch: 'x86_64', os.version: '10.15.6', java.version: '1.8.0_181'
Driver info: com.kms.katalon.selenium.driver.CChromeDriver
Capabilities {acceptInsecureCerts: false, browserName: chrome, browserVersion: 85.0.4183.121, chrome: {chromedriverVersion: 85.0.4183.87 (cd6713ebf92fa..., userDataDir: /var/folders/mk/mm0g76rn3_g...}, goog:chromeOptions: {debuggerAddress: localhost:55013}, javascriptEnabled: true, networkConnectionEnabled: false, pageLoadStrategy: normal, platform: MAC, platformName: MAC, proxy: Proxy(), setWindowRect: true, strictFileInteractability: false, timeouts: {implicit: 0, pageLoad: 300000, script: 30000}, unhandledPromptBehavior: dismiss and notify, webauthn:virtualAuthenticators: true}
Session ID: abb6608fa91035bbfe96d7ed4891f14e
	at org.openqa.selenium.remote.http.W3CHttpResponseCodec.createException(W3CHttpResponseCodec.java:187)
	at org.openqa.selenium.remote.http.W3CHttpResponseCodec.decode(W3CHttpResponseCodec.java:122)
	at org.openqa.selenium.remote.http.W3CHttpResponseCodec.decode(W3CHttpResponseCodec.java:49)
	at org.openqa.selenium.remote.HttpCommandExecutor.execute(HttpCommandExecutor.java:158)
	at org.openqa.selenium.remote.service.DriverCommandExecutor.execute(DriverCommandExecutor.java:83)
	at org.openqa.selenium.remote.RemoteWebDriver.execute(RemoteWebDriver.java:552)
	at com.kms.katalon.selenium.driver.CChromeDriver.execute(CChromeDriver.java:19)
	at org.openqa.selenium.remote.RemoteWebElement.execute(RemoteWebElement.java:285)
	at org.openqa.selenium.remote.RemoteWebElement.click(RemoteWebElement.java:84)
	at org.openqa.selenium.support.events.EventFiringWebDriver$EventFiringWebElement.lambda$new$0(EventFiringWebDriver.java:404)
	at com.sun.proxy.$Proxy9.click(Unknown Source)
	at org.openqa.selenium.support.events.EventFiringWebDriver$EventFiringWebElement.click(EventFiringWebDriver.java:417)
	at com.kms.katalon.core.webui.keyword.builtin.ClickKeyword$_click_closure1.doCall(ClickKeyword.groovy:69)
	at com.kms.katalon.core.webui.keyword.builtin.ClickKeyword$_click_closure1.call(ClickKeyword.groovy)
	at com.kms.katalon.core.webui.keyword.internal.WebUIKeywordMain.runKeyword(WebUIKeywordMain.groovy:20)
	... 19 more


2020-09-28 18:28:52 - [TEST_STEP][PASSED] - openBrowser(""): Browser is opened with url: ''

2020-09-28 18:28:52 - [MESSAGE][WARNING] - A browser is already opened. Closing browser and opening a new one

2020-09-28 18:28:52 - [MESSAGE][INFO] - Starting 'Chrome' driver

2020-09-28 18:28:52 - [MESSAGE][INFO] - Action delay is set to 0 milliseconds

2020-09-28 18:28:54 - [MESSAGE][PASSED] - Browser is opened with url: ''

2020-09-28 18:28:54 - [TEST_STEP][PASSED] - navigateToUrl("https://grid.nga.mil/testgrid/"): Navigate to 'https://grid.nga.mil/testgrid/' successfully

2020-09-28 18:28:56 - [MESSAGE][PASSED] - Navigate to 'https://grid.nga.mil/testgrid/' successfully

2020-09-28 18:28:56 - [TEST_STEP][FAILED] - click(findTestObject("Page_Home  GRiD/a_CAC  GEOAxIS Login")): Unable to click on object 'Object Repository/Page_Home  GRiD/a_CAC  GEOAxIS Login' (Root cause: com.kms.katalon.core.exception.StepFailedException: Unable to click on object 'Object Repository/Page_Home  GRiD/a_CAC  GEOAxIS Login'
	at com.kms.katalon.core.webui.keyword.internal.WebUIKeywordMain.stepFailed(WebUIKeywordMain.groovy:64)
	at com.kms.katalon.core.webui.keyword.internal.WebUIKeywordMain.runKeyword(WebUIKeywordMain.groovy:26)
	at com.kms.katalon.core.webui.keyword.builtin.ClickKeyword.click(ClickKeyword.groovy:76)
	at com.kms.katalon.core.webui.keyword.builtin.ClickKeyword.execute(ClickKeyword.groovy:43)
	at com.kms.katalon.core.keyword.internal.KeywordExecutor.executeKeywordForPlatform(KeywordExecutor.groovy:73)
	at com.kms.katalon.core.webui.keyword.WebUiBuiltInKeywords.click(WebUiBuiltInKeywords.groovy:616)
	at com.kms.katalon.core.webui.keyword.WebUiBuiltInKeywords$click$1.call(Unknown Source)
	at FG3D Test - Stragetic.run(FG3D Test - Stragetic:24)
	at com.kms.katalon.core.main.ScriptEngine.run(ScriptEngine.java:194)
	at com.kms.katalon.core.main.ScriptEngine.runScriptAsRawText(ScriptEngine.java:119)
	at com.kms.katalon.core.main.TestCaseExecutor.runScript(TestCaseExecutor.java:339)
	at com.kms.katalon.core.main.TestCaseExecutor.doExecute(TestCaseExecutor.java:330)
	at com.kms.katalon.core.main.TestCaseExecutor.processExecutionPhase(TestCaseExecutor.java:309)
	at com.kms.katalon.core.main.TestCaseExecutor.accessMainPhase(TestCaseExecutor.java:301)
	at com.kms.katalon.core.main.TestCaseExecutor.execute(TestCaseExecutor.java:235)
	at com.kms.katalon.core.main.TestSuiteExecutor.accessTestCaseMainPhase(TestSuiteExecutor.java:191)
	at com.kms.katalon.core.main.TestSuiteExecutor.accessTestSuiteMainPhase(TestSuiteExecutor.java:141)
	at com.kms.katalon.core.main.TestSuiteExecutor.execute(TestSuiteExecutor.java:90)
	at com.kms.katalon.core.main.TestCaseMain.startTestSuite(TestCaseMain.java:157)
	at com.kms.katalon.core.main.TestCaseMain$startTestSuite$0.call(Unknown Source)
	at TempTestSuite1601324593621.run(TempTestSuite1601324593621.groovy:39)
Caused by: org.openqa.selenium.TimeoutException: timeout: Timed out receiving message from renderer: 300.000
  (Session info: chrome=85.0.4183.121)
Build info: version: '3.141.59', revision: 'e82be7d358', time: '2018-11-14T08:25:53'
System info: host: 'c02yj0qyjgh7.lan', ip: 'fe80:0:0:0:8e5:6086:d883:e3f8%en0', os.name: 'Mac OS X', os.arch: 'x86_64', os.version: '10.15.6', java.version: '1.8.0_181'
Driver info: com.kms.katalon.selenium.driver.CChromeDriver
Capabilities {acceptInsecureCerts: false, browserName: chrome, browserVersion: 85.0.4183.121, chrome: {chromedriverVersion: 85.0.4183.87 (cd6713ebf92fa..., userDataDir: /var/folders/mk/mm0g76rn3_g...}, goog:chromeOptions: {debuggerAddress: localhost:55013}, javascriptEnabled: true, networkConnectionEnabled: false, pageLoadStrategy: normal, platform: MAC, platformName: MAC, proxy: Proxy(), setWindowRect: true, strictFileInteractability: false, timeouts: {implicit: 0, pageLoad: 300000, script: 30000}, unhandledPromptBehavior: dismiss and notify, webauthn:virtualAuthenticators: true}
Session ID: abb6608fa91035bbfe96d7ed4891f14e
	at org.openqa.selenium.remote.http.W3CHttpResponseCodec.createException(W3CHttpResponseCodec.java:187)
	at org.openqa.selenium.remote.http.W3CHttpResponseCodec.decode(W3CHttpResponseCodec.java:122)
	at org.openqa.selenium.remote.http.W3CHttpResponseCodec.decode(W3CHttpResponseCodec.java:49)
	at org.openqa.selenium.remote.HttpCommandExecutor.execute(HttpCommandExecutor.java:158)
	at org.openqa.selenium.remote.service.DriverCommandExecutor.execute(DriverCommandExecutor.java:83)
	at org.openqa.selenium.remote.RemoteWebDriver.execute(RemoteWebDriver.java:552)
	at com.kms.katalon.selenium.driver.CChromeDriver.execute(CChromeDriver.java:19)
	at org.openqa.selenium.remote.RemoteWebElement.execute(RemoteWebElement.java:285)
	at org.openqa.selenium.remote.RemoteWebElement.click(RemoteWebElement.java:84)
	at org.openqa.selenium.support.events.EventFiringWebDriver$EventFiringWebElement.lambda$new$0(EventFiringWebDriver.java:404)
	at com.sun.proxy.$Proxy9.click(Unknown Source)
	at org.openqa.selenium.support.events.EventFiringWebDriver$EventFiringWebElement.click(EventFiringWebDriver.java:417)
	at com.kms.katalon.core.webui.keyword.builtin.ClickKeyword$_click_closure1.doCall(ClickKeyword.groovy:69)
	at com.kms.katalon.core.webui.keyword.builtin.ClickKeyword$_click_closure1.call(ClickKeyword.groovy)
	at com.kms.katalon.core.webui.keyword.internal.WebUIKeywordMain.runKeyword(WebUIKeywordMain.groovy:20)
	at com.kms.katalon.core.webui.keyword.builtin.ClickKeyword.click(ClickKeyword.groovy:76)
	at com.kms.katalon.core.webui.keyword.builtin.ClickKeyword.execute(ClickKeyword.groovy:43)
	at com.kms.katalon.core.keyword.internal.KeywordExecutor.executeKeywordForPlatform(KeywordExecutor.groovy:73)
	at com.kms.katalon.core.webui.keyword.WebUiBuiltInKeywords.click(WebUiBuiltInKeywords.groovy:616)
	at com.kms.katalon.core.webui.keyword.WebUiBuiltInKeywords$click$1.call(Unknown Source)
	at Script1599149155505.run(Script1599149155505.groovy:24)
	... 13 more
)

2020-09-28 18:33:57 - [MESSAGE][FAILED] - Unable to click on object 'Object Repository/Page_Home  GRiD/a_CAC  GEOAxIS Login' (Root cause: com.kms.katalon.core.exception.StepFailedException: Unable to click on object 'Object Repository/Page_Home  GRiD/a_CAC  GEOAxIS Login'
	at com.kms.katalon.core.webui.keyword.internal.WebUIKeywordMain.stepFailed(WebUIKeywordMain.groovy:64)
	at com.kms.katalon.core.webui.keyword.internal.WebUIKeywordMain.runKeyword(WebUIKeywordMain.groovy:26)
	at com.kms.katalon.core.webui.keyword.builtin.ClickKeyword.click(ClickKeyword.groovy:76)
	at com.kms.katalon.core.webui.keyword.builtin.ClickKeyword.execute(ClickKeyword.groovy:43)
	at com.kms.katalon.core.keyword.internal.KeywordExecutor.executeKeywordForPlatform(KeywordExecutor.groovy:73)
	at com.kms.katalon.core.webui.keyword.WebUiBuiltInKeywords.click(WebUiBuiltInKeywords.groovy:616)
	at com.kms.katalon.core.webui.keyword.WebUiBuiltInKeywords$click$1.call(Unknown Source)
	at FG3D Test - Stragetic.run(FG3D Test - Stragetic:24)
	at com.kms.katalon.core.main.ScriptEngine.run(ScriptEngine.java:194)
	at com.kms.katalon.core.main.ScriptEngine.runScriptAsRawText(ScriptEngine.java:119)
	at com.kms.katalon.core.main.TestCaseExecutor.runScript(TestCaseExecutor.java:339)
	at com.kms.katalon.core.main.TestCaseExecutor.doExecute(TestCaseExecutor.java:330)
	at com.kms.katalon.core.main.TestCaseExecutor.processExecutionPhase(TestCaseExecutor.java:309)
	at com.kms.katalon.core.main.TestCaseExecutor.accessMainPhase(TestCaseExecutor.java:301)
	at com.kms.katalon.core.main.TestCaseExecutor.execute(TestCaseExecutor.java:235)
	at com.kms.katalon.core.main.TestSuiteExecutor.accessTestCaseMainPhase(TestSuiteExecutor.java:191)
	at com.kms.katalon.core.main.TestSuiteExecutor.accessTestSuiteMainPhase(TestSuiteExecutor.java:141)
	at com.kms.katalon.core.main.TestSuiteExecutor.execute(TestSuiteExecutor.java:90)
	at com.kms.katalon.core.main.TestCaseMain.startTestSuite(TestCaseMain.java:157)
	at com.kms.katalon.core.main.TestCaseMain$startTestSuite$0.call(Unknown Source)
	at TempTestSuite1601324593621.run(TempTestSuite1601324593621.groovy:39)
Caused by: org.openqa.selenium.TimeoutException: timeout: Timed out receiving message from renderer: 300.000
  (Session info: chrome=85.0.4183.121)
Build info: version: '3.141.59', revision: 'e82be7d358', time: '2018-11-14T08:25:53'
System info: host: 'c02yj0qyjgh7.lan', ip: 'fe80:0:0:0:8e5:6086:d883:e3f8%en0', os.name: 'Mac OS X', os.arch: 'x86_64', os.version: '10.15.6', java.version: '1.8.0_181'
Driver info: com.kms.katalon.selenium.driver.CChromeDriver
Capabilities {acceptInsecureCerts: false, browserName: chrome, browserVersion: 85.0.4183.121, chrome: {chromedriverVersion: 85.0.4183.87 (cd6713ebf92fa..., userDataDir: /var/folders/mk/mm0g76rn3_g...}, goog:chromeOptions: {debuggerAddress: localhost:55013}, javascriptEnabled: true, networkConnectionEnabled: false, pageLoadStrategy: normal, platform: MAC, platformName: MAC, proxy: Proxy(), setWindowRect: true, strictFileInteractability: false, timeouts: {implicit: 0, pageLoad: 300000, script: 30000}, unhandledPromptBehavior: dismiss and notify, webauthn:virtualAuthenticators: true}
Session ID: abb6608fa91035bbfe96d7ed4891f14e
	at org.openqa.selenium.remote.http.W3CHttpResponseCodec.createException(W3CHttpResponseCodec.java:187)
	at org.openqa.selenium.remote.http.W3CHttpResponseCodec.decode(W3CHttpResponseCodec.java:122)
	at org.openqa.selenium.remote.http.W3CHttpResponseCodec.decode(W3CHttpResponseCodec.java:49)
	at org.openqa.selenium.remote.HttpCommandExecutor.execute(HttpCommandExecutor.java:158)
	at org.openqa.selenium.remote.service.DriverCommandExecutor.execute(DriverCommandExecutor.java:83)
	at org.openqa.selenium.remote.RemoteWebDriver.execute(RemoteWebDriver.java:552)
	at com.kms.katalon.selenium.driver.CChromeDriver.execute(CChromeDriver.java:19)
	at org.openqa.selenium.remote.RemoteWebElement.execute(RemoteWebElement.java:285)
	at org.openqa.selenium.remote.RemoteWebElement.click(RemoteWebElement.java:84)
	at org.openqa.selenium.support.events.EventFiringWebDriver$EventFiringWebElement.lambda$new$0(EventFiringWebDriver.java:404)
	at com.sun.proxy.$Proxy9.click(Unknown Source)
	at org.openqa.selenium.support.events.EventFiringWebDriver$EventFiringWebElement.click(EventFiringWebDriver.java:417)
	at com.kms.katalon.core.webui.keyword.builtin.ClickKeyword$_click_closure1.doCall(ClickKeyword.groovy:69)
	at com.kms.katalon.core.webui.keyword.builtin.ClickKeyword$_click_closure1.call(ClickKeyword.groovy)
	at com.kms.katalon.core.webui.keyword.internal.WebUIKeywordMain.runKeyword(WebUIKeywordMain.groovy:20)
	at com.kms.katalon.core.webui.keyword.builtin.ClickKeyword.click(ClickKeyword.groovy:76)
	at com.kms.katalon.core.webui.keyword.builtin.ClickKeyword.execute(ClickKeyword.groovy:43)
	at com.kms.katalon.core.keyword.internal.KeywordExecutor.executeKeywordForPlatform(KeywordExecutor.groovy:73)
	at com.kms.katalon.core.webui.keyword.WebUiBuiltInKeywords.click(WebUiBuiltInKeywords.groovy:616)
	at com.kms.katalon.core.webui.keyword.WebUiBuiltInKeywords$click$1.call(Unknown Source)
	at Script1599149155505.run(Script1599149155505.groovy:24)
	... 13 more
)
[[ATTACHMENT|/Users/bhavikpatel/Downloads/Projects/CRREL/GRiD/Automation Testing/Automation Testing Project/KatalonTesting/Reports/20200928_162313/GRiD FG3D/20200928_162313/1601332437123.png]]]]></system-out>
         <system-err><![CDATA[2020-09-28 18:28:52 - [TEST_CASE][FAILED] - Test Cases/FG3D/FG3D Test - Stragetic: Test Cases/FG3D/FG3D Test - Stragetic FAILED.
Reason:
com.kms.katalon.core.exception.StepFailedException: Unable to click on object 'Object Repository/Page_Home  GRiD/a_CAC  GEOAxIS Login'
	at com.kms.katalon.core.webui.keyword.internal.WebUIKeywordMain.stepFailed(WebUIKeywordMain.groovy:64)
	at com.kms.katalon.core.webui.keyword.internal.WebUIKeywordMain.runKeyword(WebUIKeywordMain.groovy:26)
	at com.kms.katalon.core.webui.keyword.builtin.ClickKeyword.click(ClickKeyword.groovy:76)
	at com.kms.katalon.core.webui.keyword.builtin.ClickKeyword.execute(ClickKeyword.groovy:43)
	at com.kms.katalon.core.keyword.internal.KeywordExecutor.executeKeywordForPlatform(KeywordExecutor.groovy:73)
	at com.kms.katalon.core.webui.keyword.WebUiBuiltInKeywords.click(WebUiBuiltInKeywords.groovy:616)
	at com.kms.katalon.core.webui.keyword.WebUiBuiltInKeywords$click$1.call(Unknown Source)
	at FG3D Test - Stragetic.run(FG3D Test - Stragetic:24)
	at com.kms.katalon.core.main.ScriptEngine.run(ScriptEngine.java:194)
	at com.kms.katalon.core.main.ScriptEngine.runScriptAsRawText(ScriptEngine.java:119)
	at com.kms.katalon.core.main.TestCaseExecutor.runScript(TestCaseExecutor.java:339)
	at com.kms.katalon.core.main.TestCaseExecutor.doExecute(TestCaseExecutor.java:330)
	at com.kms.katalon.core.main.TestCaseExecutor.processExecutionPhase(TestCaseExecutor.java:309)
	at com.kms.katalon.core.main.TestCaseExecutor.accessMainPhase(TestCaseExecutor.java:301)
	at com.kms.katalon.core.main.TestCaseExecutor.execute(TestCaseExecutor.java:235)
	at com.kms.katalon.core.main.TestSuiteExecutor.accessTestCaseMainPhase(TestSuiteExecutor.java:191)
	at com.kms.katalon.core.main.TestSuiteExecutor.accessTestSuiteMainPhase(TestSuiteExecutor.java:141)
	at com.kms.katalon.core.main.TestSuiteExecutor.execute(TestSuiteExecutor.java:90)
	at com.kms.katalon.core.main.TestCaseMain.startTestSuite(TestCaseMain.java:157)
	at com.kms.katalon.core.main.TestCaseMain$startTestSuite$0.call(Unknown Source)
	at TempTestSuite1601324593621.run(TempTestSuite1601324593621.groovy:39)
Caused by: org.openqa.selenium.TimeoutException: timeout: Timed out receiving message from renderer: 300.000
  (Session info: chrome=85.0.4183.121)
Build info: version: '3.141.59', revision: 'e82be7d358', time: '2018-11-14T08:25:53'
System info: host: 'c02yj0qyjgh7.lan', ip: 'fe80:0:0:0:8e5:6086:d883:e3f8%en0', os.name: 'Mac OS X', os.arch: 'x86_64', os.version: '10.15.6', java.version: '1.8.0_181'
Driver info: com.kms.katalon.selenium.driver.CChromeDriver
Capabilities {acceptInsecureCerts: false, browserName: chrome, browserVersion: 85.0.4183.121, chrome: {chromedriverVersion: 85.0.4183.87 (cd6713ebf92fa..., userDataDir: /var/folders/mk/mm0g76rn3_g...}, goog:chromeOptions: {debuggerAddress: localhost:55013}, javascriptEnabled: true, networkConnectionEnabled: false, pageLoadStrategy: normal, platform: MAC, platformName: MAC, proxy: Proxy(), setWindowRect: true, strictFileInteractability: false, timeouts: {implicit: 0, pageLoad: 300000, script: 30000}, unhandledPromptBehavior: dismiss and notify, webauthn:virtualAuthenticators: true}
Session ID: abb6608fa91035bbfe96d7ed4891f14e
	at org.openqa.selenium.remote.http.W3CHttpResponseCodec.createException(W3CHttpResponseCodec.java:187)
	at org.openqa.selenium.remote.http.W3CHttpResponseCodec.decode(W3CHttpResponseCodec.java:122)
	at org.openqa.selenium.remote.http.W3CHttpResponseCodec.decode(W3CHttpResponseCodec.java:49)
	at org.openqa.selenium.remote.HttpCommandExecutor.execute(HttpCommandExecutor.java:158)
	at org.openqa.selenium.remote.service.DriverCommandExecutor.execute(DriverCommandExecutor.java:83)
	at org.openqa.selenium.remote.RemoteWebDriver.execute(RemoteWebDriver.java:552)
	at com.kms.katalon.selenium.driver.CChromeDriver.execute(CChromeDriver.java:19)
	at org.openqa.selenium.remote.RemoteWebElement.execute(RemoteWebElement.java:285)
	at org.openqa.selenium.remote.RemoteWebElement.click(RemoteWebElement.java:84)
	at org.openqa.selenium.support.events.EventFiringWebDriver$EventFiringWebElement.lambda$new$0(EventFiringWebDriver.java:404)
	at com.sun.proxy.$Proxy9.click(Unknown Source)
	at org.openqa.selenium.support.events.EventFiringWebDriver$EventFiringWebElement.click(EventFiringWebDriver.java:417)
	at com.kms.katalon.core.webui.keyword.builtin.ClickKeyword$_click_closure1.doCall(ClickKeyword.groovy:69)
	at com.kms.katalon.core.webui.keyword.builtin.ClickKeyword$_click_closure1.call(ClickKeyword.groovy)
	at com.kms.katalon.core.webui.keyword.internal.WebUIKeywordMain.runKeyword(WebUIKeywordMain.groovy:20)
	... 19 more]]></system-err>
      </testcase>
      <testcase name="Test Cases/FG3D/FG3D Test - Stragetic" time="304.602" classname="Test Cases/FG3D/FG3D Test - Stragetic" status="FAILED">
         <failure type="FAILED" message="Test Cases/FG3D/FG3D Test - Stragetic FAILED.
Reason:
com.kms.katalon.core.exception.StepFailedException: Unable to click on object 'Object Repository/Page_Home  GRiD/a_CAC  GEOAxIS Login'
	at com.kms.katalon.core.webui.keyword.internal.WebUIKeywordMain.stepFailed(WebUIKeywordMain.groovy:64)
	at com.kms.katalon.core.webui.keyword.internal.WebUIKeywordMain.runKeyword(WebUIKeywordMain.groovy:26)
	at com.kms.katalon.core.webui.keyword.builtin.ClickKeyword.click(ClickKeyword.groovy:76)
	at com.kms.katalon.core.webui.keyword.builtin.ClickKeyword.execute(ClickKeyword.groovy:43)
	at com.kms.katalon.core.keyword.internal.KeywordExecutor.executeKeywordForPlatform(KeywordExecutor.groovy:73)
	at com.kms.katalon.core.webui.keyword.WebUiBuiltInKeywords.click(WebUiBuiltInKeywords.groovy:616)
	at com.kms.katalon.core.webui.keyword.WebUiBuiltInKeywords$click$1.call(Unknown Source)
	at FG3D Test - Stragetic.run(FG3D Test - Stragetic:24)
	at com.kms.katalon.core.main.ScriptEngine.run(ScriptEngine.java:194)
	at com.kms.katalon.core.main.ScriptEngine.runScriptAsRawText(ScriptEngine.java:119)
	at com.kms.katalon.core.main.TestCaseExecutor.runScript(TestCaseExecutor.java:339)
	at com.kms.katalon.core.main.TestCaseExecutor.doExecute(TestCaseExecutor.java:330)
	at com.kms.katalon.core.main.TestCaseExecutor.processExecutionPhase(TestCaseExecutor.java:309)
	at com.kms.katalon.core.main.TestCaseExecutor.accessMainPhase(TestCaseExecutor.java:301)
	at com.kms.katalon.core.main.TestCaseExecutor.execute(TestCaseExecutor.java:235)
	at com.kms.katalon.core.main.TestSuiteExecutor.accessTestCaseMainPhase(TestSuiteExecutor.java:191)
	at com.kms.katalon.core.main.TestSuiteExecutor.accessTestSuiteMainPhase(TestSuiteExecutor.java:141)
	at com.kms.katalon.core.main.TestSuiteExecutor.execute(TestSuiteExecutor.java:90)
	at com.kms.katalon.core.main.TestCaseMain.startTestSuite(TestCaseMain.java:157)
	at com.kms.katalon.core.main.TestCaseMain$startTestSuite$0.call(Unknown Source)
	at TempTestSuite1601324593621.run(TempTestSuite1601324593621.groovy:39)
Caused by: org.openqa.selenium.TimeoutException: timeout: Timed out receiving message from renderer: 300.000
  (Session info: chrome=85.0.4183.121)
Build info: version: '3.141.59', revision: 'e82be7d358', time: '2018-11-14T08:25:53'
System info: host: 'c02yj0qyjgh7.lan', ip: 'fe80:0:0:0:8e5:6086:d883:e3f8%en0', os.name: 'Mac OS X', os.arch: 'x86_64', os.version: '10.15.6', java.version: '1.8.0_181'
Driver info: com.kms.katalon.selenium.driver.CChromeDriver
Capabilities {acceptInsecureCerts: false, browserName: chrome, browserVersion: 85.0.4183.121, chrome: {chromedriverVersion: 85.0.4183.87 (cd6713ebf92fa..., userDataDir: /var/folders/mk/mm0g76rn3_g...}, goog:chromeOptions: {debuggerAddress: localhost:55165}, javascriptEnabled: true, networkConnectionEnabled: false, pageLoadStrategy: normal, platform: MAC, platformName: MAC, proxy: Proxy(), setWindowRect: true, strictFileInteractability: false, timeouts: {implicit: 0, pageLoad: 300000, script: 30000}, unhandledPromptBehavior: dismiss and notify, webauthn:virtualAuthenticators: true}
Session ID: 4329c4352932cc891a2140a2ae661a80
	at org.openqa.selenium.remote.http.W3CHttpResponseCodec.createException(W3CHttpResponseCodec.java:187)
	at org.openqa.selenium.remote.http.W3CHttpResponseCodec.decode(W3CHttpResponseCodec.java:122)
	at org.openqa.selenium.remote.http.W3CHttpResponseCodec.decode(W3CHttpResponseCodec.java:49)
	at org.openqa.selenium.remote.HttpCommandExecutor.execute(HttpCommandExecutor.java:158)
	at org.openqa.selenium.remote.service.DriverCommandExecutor.execute(DriverCommandExecutor.java:83)
	at org.openqa.selenium.remote.RemoteWebDriver.execute(RemoteWebDriver.java:552)
	at com.kms.katalon.selenium.driver.CChromeDriver.execute(CChromeDriver.java:19)
	at org.openqa.selenium.remote.RemoteWebElement.execute(RemoteWebElement.java:285)
	at org.openqa.selenium.remote.RemoteWebElement.click(RemoteWebElement.java:84)
	at org.openqa.selenium.support.events.EventFiringWebDriver$EventFiringWebElement.lambda$new$0(EventFiringWebDriver.java:404)
	at com.sun.proxy.$Proxy9.click(Unknown Source)
	at org.openqa.selenium.support.events.EventFiringWebDriver$EventFiringWebElement.click(EventFiringWebDriver.java:417)
	at com.kms.katalon.core.webui.keyword.builtin.ClickKeyword$_click_closure1.doCall(ClickKeyword.groovy:69)
	at com.kms.katalon.core.webui.keyword.builtin.ClickKeyword$_click_closure1.call(ClickKeyword.groovy)
	at com.kms.katalon.core.webui.keyword.internal.WebUIKeywordMain.runKeyword(WebUIKeywordMain.groovy:20)
	... 19 more
"/>
         <system-out><![CDATA[2020-09-28 18:33:58 - [TEST_CASE][FAILED] - Test Cases/FG3D/FG3D Test - Stragetic: Test Cases/FG3D/FG3D Test - Stragetic FAILED.
Reason:
com.kms.katalon.core.exception.StepFailedException: Unable to click on object 'Object Repository/Page_Home  GRiD/a_CAC  GEOAxIS Login'
	at com.kms.katalon.core.webui.keyword.internal.WebUIKeywordMain.stepFailed(WebUIKeywordMain.groovy:64)
	at com.kms.katalon.core.webui.keyword.internal.WebUIKeywordMain.runKeyword(WebUIKeywordMain.groovy:26)
	at com.kms.katalon.core.webui.keyword.builtin.ClickKeyword.click(ClickKeyword.groovy:76)
	at com.kms.katalon.core.webui.keyword.builtin.ClickKeyword.execute(ClickKeyword.groovy:43)
	at com.kms.katalon.core.keyword.internal.KeywordExecutor.executeKeywordForPlatform(KeywordExecutor.groovy:73)
	at com.kms.katalon.core.webui.keyword.WebUiBuiltInKeywords.click(WebUiBuiltInKeywords.groovy:616)
	at com.kms.katalon.core.webui.keyword.WebUiBuiltInKeywords$click$1.call(Unknown Source)
	at FG3D Test - Stragetic.run(FG3D Test - Stragetic:24)
	at com.kms.katalon.core.main.ScriptEngine.run(ScriptEngine.java:194)
	at com.kms.katalon.core.main.ScriptEngine.runScriptAsRawText(ScriptEngine.java:119)
	at com.kms.katalon.core.main.TestCaseExecutor.runScript(TestCaseExecutor.java:339)
	at com.kms.katalon.core.main.TestCaseExecutor.doExecute(TestCaseExecutor.java:330)
	at com.kms.katalon.core.main.TestCaseExecutor.processExecutionPhase(TestCaseExecutor.java:309)
	at com.kms.katalon.core.main.TestCaseExecutor.accessMainPhase(TestCaseExecutor.java:301)
	at com.kms.katalon.core.main.TestCaseExecutor.execute(TestCaseExecutor.java:235)
	at com.kms.katalon.core.main.TestSuiteExecutor.accessTestCaseMainPhase(TestSuiteExecutor.java:191)
	at com.kms.katalon.core.main.TestSuiteExecutor.accessTestSuiteMainPhase(TestSuiteExecutor.java:141)
	at com.kms.katalon.core.main.TestSuiteExecutor.execute(TestSuiteExecutor.java:90)
	at com.kms.katalon.core.main.TestCaseMain.startTestSuite(TestCaseMain.java:157)
	at com.kms.katalon.core.main.TestCaseMain$startTestSuite$0.call(Unknown Source)
	at TempTestSuite1601324593621.run(TempTestSuite1601324593621.groovy:39)
Caused by: org.openqa.selenium.TimeoutException: timeout: Timed out receiving message from renderer: 300.000
  (Session info: chrome=85.0.4183.121)
Build info: version: '3.141.59', revision: 'e82be7d358', time: '2018-11-14T08:25:53'
System info: host: 'c02yj0qyjgh7.lan', ip: 'fe80:0:0:0:8e5:6086:d883:e3f8%en0', os.name: 'Mac OS X', os.arch: 'x86_64', os.version: '10.15.6', java.version: '1.8.0_181'
Driver info: com.kms.katalon.selenium.driver.CChromeDriver
Capabilities {acceptInsecureCerts: false, browserName: chrome, browserVersion: 85.0.4183.121, chrome: {chromedriverVersion: 85.0.4183.87 (cd6713ebf92fa..., userDataDir: /var/folders/mk/mm0g76rn3_g...}, goog:chromeOptions: {debuggerAddress: localhost:55165}, javascriptEnabled: true, networkConnectionEnabled: false, pageLoadStrategy: normal, platform: MAC, platformName: MAC, proxy: Proxy(), setWindowRect: true, strictFileInteractability: false, timeouts: {implicit: 0, pageLoad: 300000, script: 30000}, unhandledPromptBehavior: dismiss and notify, webauthn:virtualAuthenticators: true}
Session ID: 4329c4352932cc891a2140a2ae661a80
	at org.openqa.selenium.remote.http.W3CHttpResponseCodec.createException(W3CHttpResponseCodec.java:187)
	at org.openqa.selenium.remote.http.W3CHttpResponseCodec.decode(W3CHttpResponseCodec.java:122)
	at org.openqa.selenium.remote.http.W3CHttpResponseCodec.decode(W3CHttpResponseCodec.java:49)
	at org.openqa.selenium.remote.HttpCommandExecutor.execute(HttpCommandExecutor.java:158)
	at org.openqa.selenium.remote.service.DriverCommandExecutor.execute(DriverCommandExecutor.java:83)
	at org.openqa.selenium.remote.RemoteWebDriver.execute(RemoteWebDriver.java:552)
	at com.kms.katalon.selenium.driver.CChromeDriver.execute(CChromeDriver.java:19)
	at org.openqa.selenium.remote.RemoteWebElement.execute(RemoteWebElement.java:285)
	at org.openqa.selenium.remote.RemoteWebElement.click(RemoteWebElement.java:84)
	at org.openqa.selenium.support.events.EventFiringWebDriver$EventFiringWebElement.lambda$new$0(EventFiringWebDriver.java:404)
	at com.sun.proxy.$Proxy9.click(Unknown Source)
	at org.openqa.selenium.support.events.EventFiringWebDriver$EventFiringWebElement.click(EventFiringWebDriver.java:417)
	at com.kms.katalon.core.webui.keyword.builtin.ClickKeyword$_click_closure1.doCall(ClickKeyword.groovy:69)
	at com.kms.katalon.core.webui.keyword.builtin.ClickKeyword$_click_closure1.call(ClickKeyword.groovy)
	at com.kms.katalon.core.webui.keyword.internal.WebUIKeywordMain.runKeyword(WebUIKeywordMain.groovy:20)
	... 19 more


2020-09-28 18:33:58 - [TEST_STEP][PASSED] - openBrowser(""): Browser is opened with url: ''

2020-09-28 18:33:58 - [MESSAGE][WARNING] - A browser is already opened. Closing browser and opening a new one

2020-09-28 18:33:58 - [MESSAGE][INFO] - Starting 'Chrome' driver

2020-09-28 18:33:58 - [MESSAGE][INFO] - Action delay is set to 0 milliseconds

2020-09-28 18:33:59 - [MESSAGE][PASSED] - Browser is opened with url: ''

2020-09-28 18:33:59 - [TEST_STEP][PASSED] - navigateToUrl("https://grid.nga.mil/testgrid/"): Navigate to 'https://grid.nga.mil/testgrid/' successfully

2020-09-28 18:34:01 - [MESSAGE][PASSED] - Navigate to 'https://grid.nga.mil/testgrid/' successfully

2020-09-28 18:34:01 - [TEST_STEP][FAILED] - click(findTestObject("Page_Home  GRiD/a_CAC  GEOAxIS Login")): Unable to click on object 'Object Repository/Page_Home  GRiD/a_CAC  GEOAxIS Login' (Root cause: com.kms.katalon.core.exception.StepFailedException: Unable to click on object 'Object Repository/Page_Home  GRiD/a_CAC  GEOAxIS Login'
	at com.kms.katalon.core.webui.keyword.internal.WebUIKeywordMain.stepFailed(WebUIKeywordMain.groovy:64)
	at com.kms.katalon.core.webui.keyword.internal.WebUIKeywordMain.runKeyword(WebUIKeywordMain.groovy:26)
	at com.kms.katalon.core.webui.keyword.builtin.ClickKeyword.click(ClickKeyword.groovy:76)
	at com.kms.katalon.core.webui.keyword.builtin.ClickKeyword.execute(ClickKeyword.groovy:43)
	at com.kms.katalon.core.keyword.internal.KeywordExecutor.executeKeywordForPlatform(KeywordExecutor.groovy:73)
	at com.kms.katalon.core.webui.keyword.WebUiBuiltInKeywords.click(WebUiBuiltInKeywords.groovy:616)
	at com.kms.katalon.core.webui.keyword.WebUiBuiltInKeywords$click$1.call(Unknown Source)
	at FG3D Test - Stragetic.run(FG3D Test - Stragetic:24)
	at com.kms.katalon.core.main.ScriptEngine.run(ScriptEngine.java:194)
	at com.kms.katalon.core.main.ScriptEngine.runScriptAsRawText(ScriptEngine.java:119)
	at com.kms.katalon.core.main.TestCaseExecutor.runScript(TestCaseExecutor.java:339)
	at com.kms.katalon.core.main.TestCaseExecutor.doExecute(TestCaseExecutor.java:330)
	at com.kms.katalon.core.main.TestCaseExecutor.processExecutionPhase(TestCaseExecutor.java:309)
	at com.kms.katalon.core.main.TestCaseExecutor.accessMainPhase(TestCaseExecutor.java:301)
	at com.kms.katalon.core.main.TestCaseExecutor.execute(TestCaseExecutor.java:235)
	at com.kms.katalon.core.main.TestSuiteExecutor.accessTestCaseMainPhase(TestSuiteExecutor.java:191)
	at com.kms.katalon.core.main.TestSuiteExecutor.accessTestSuiteMainPhase(TestSuiteExecutor.java:141)
	at com.kms.katalon.core.main.TestSuiteExecutor.execute(TestSuiteExecutor.java:90)
	at com.kms.katalon.core.main.TestCaseMain.startTestSuite(TestCaseMain.java:157)
	at com.kms.katalon.core.main.TestCaseMain$startTestSuite$0.call(Unknown Source)
	at TempTestSuite1601324593621.run(TempTestSuite1601324593621.groovy:39)
Caused by: org.openqa.selenium.TimeoutException: timeout: Timed out receiving message from renderer: 300.000
  (Session info: chrome=85.0.4183.121)
Build info: version: '3.141.59', revision: 'e82be7d358', time: '2018-11-14T08:25:53'
System info: host: 'c02yj0qyjgh7.lan', ip: 'fe80:0:0:0:8e5:6086:d883:e3f8%en0', os.name: 'Mac OS X', os.arch: 'x86_64', os.version: '10.15.6', java.version: '1.8.0_181'
Driver info: com.kms.katalon.selenium.driver.CChromeDriver
Capabilities {acceptInsecureCerts: false, browserName: chrome, browserVersion: 85.0.4183.121, chrome: {chromedriverVersion: 85.0.4183.87 (cd6713ebf92fa..., userDataDir: /var/folders/mk/mm0g76rn3_g...}, goog:chromeOptions: {debuggerAddress: localhost:55165}, javascriptEnabled: true, networkConnectionEnabled: false, pageLoadStrategy: normal, platform: MAC, platformName: MAC, proxy: Proxy(), setWindowRect: true, strictFileInteractability: false, timeouts: {implicit: 0, pageLoad: 300000, script: 30000}, unhandledPromptBehavior: dismiss and notify, webauthn:virtualAuthenticators: true}
Session ID: 4329c4352932cc891a2140a2ae661a80
	at org.openqa.selenium.remote.http.W3CHttpResponseCodec.createException(W3CHttpResponseCodec.java:187)
	at org.openqa.selenium.remote.http.W3CHttpResponseCodec.decode(W3CHttpResponseCodec.java:122)
	at org.openqa.selenium.remote.http.W3CHttpResponseCodec.decode(W3CHttpResponseCodec.java:49)
	at org.openqa.selenium.remote.HttpCommandExecutor.execute(HttpCommandExecutor.java:158)
	at org.openqa.selenium.remote.service.DriverCommandExecutor.execute(DriverCommandExecutor.java:83)
	at org.openqa.selenium.remote.RemoteWebDriver.execute(RemoteWebDriver.java:552)
	at com.kms.katalon.selenium.driver.CChromeDriver.execute(CChromeDriver.java:19)
	at org.openqa.selenium.remote.RemoteWebElement.execute(RemoteWebElement.java:285)
	at org.openqa.selenium.remote.RemoteWebElement.click(RemoteWebElement.java:84)
	at org.openqa.selenium.support.events.EventFiringWebDriver$EventFiringWebElement.lambda$new$0(EventFiringWebDriver.java:404)
	at com.sun.proxy.$Proxy9.click(Unknown Source)
	at org.openqa.selenium.support.events.EventFiringWebDriver$EventFiringWebElement.click(EventFiringWebDriver.java:417)
	at com.kms.katalon.core.webui.keyword.builtin.ClickKeyword$_click_closure1.doCall(ClickKeyword.groovy:69)
	at com.kms.katalon.core.webui.keyword.builtin.ClickKeyword$_click_closure1.call(ClickKeyword.groovy)
	at com.kms.katalon.core.webui.keyword.internal.WebUIKeywordMain.runKeyword(WebUIKeywordMain.groovy:20)
	at com.kms.katalon.core.webui.keyword.builtin.ClickKeyword.click(ClickKeyword.groovy:76)
	at com.kms.katalon.core.webui.keyword.builtin.ClickKeyword.execute(ClickKeyword.groovy:43)
	at com.kms.katalon.core.keyword.internal.KeywordExecutor.executeKeywordForPlatform(KeywordExecutor.groovy:73)
	at com.kms.katalon.core.webui.keyword.WebUiBuiltInKeywords.click(WebUiBuiltInKeywords.groovy:616)
	at com.kms.katalon.core.webui.keyword.WebUiBuiltInKeywords$click$1.call(Unknown Source)
	at Script1599149155505.run(Script1599149155505.groovy:24)
	... 13 more
)

2020-09-28 18:39:02 - [MESSAGE][FAILED] - Unable to click on object 'Object Repository/Page_Home  GRiD/a_CAC  GEOAxIS Login' (Root cause: com.kms.katalon.core.exception.StepFailedException: Unable to click on object 'Object Repository/Page_Home  GRiD/a_CAC  GEOAxIS Login'
	at com.kms.katalon.core.webui.keyword.internal.WebUIKeywordMain.stepFailed(WebUIKeywordMain.groovy:64)
	at com.kms.katalon.core.webui.keyword.internal.WebUIKeywordMain.runKeyword(WebUIKeywordMain.groovy:26)
	at com.kms.katalon.core.webui.keyword.builtin.ClickKeyword.click(ClickKeyword.groovy:76)
	at com.kms.katalon.core.webui.keyword.builtin.ClickKeyword.execute(ClickKeyword.groovy:43)
	at com.kms.katalon.core.keyword.internal.KeywordExecutor.executeKeywordForPlatform(KeywordExecutor.groovy:73)
	at com.kms.katalon.core.webui.keyword.WebUiBuiltInKeywords.click(WebUiBuiltInKeywords.groovy:616)
	at com.kms.katalon.core.webui.keyword.WebUiBuiltInKeywords$click$1.call(Unknown Source)
	at FG3D Test - Stragetic.run(FG3D Test - Stragetic:24)
	at com.kms.katalon.core.main.ScriptEngine.run(ScriptEngine.java:194)
	at com.kms.katalon.core.main.ScriptEngine.runScriptAsRawText(ScriptEngine.java:119)
	at com.kms.katalon.core.main.TestCaseExecutor.runScript(TestCaseExecutor.java:339)
	at com.kms.katalon.core.main.TestCaseExecutor.doExecute(TestCaseExecutor.java:330)
	at com.kms.katalon.core.main.TestCaseExecutor.processExecutionPhase(TestCaseExecutor.java:309)
	at com.kms.katalon.core.main.TestCaseExecutor.accessMainPhase(TestCaseExecutor.java:301)
	at com.kms.katalon.core.main.TestCaseExecutor.execute(TestCaseExecutor.java:235)
	at com.kms.katalon.core.main.TestSuiteExecutor.accessTestCaseMainPhase(TestSuiteExecutor.java:191)
	at com.kms.katalon.core.main.TestSuiteExecutor.accessTestSuiteMainPhase(TestSuiteExecutor.java:141)
	at com.kms.katalon.core.main.TestSuiteExecutor.execute(TestSuiteExecutor.java:90)
	at com.kms.katalon.core.main.TestCaseMain.startTestSuite(TestCaseMain.java:157)
	at com.kms.katalon.core.main.TestCaseMain$startTestSuite$0.call(Unknown Source)
	at TempTestSuite1601324593621.run(TempTestSuite1601324593621.groovy:39)
Caused by: org.openqa.selenium.TimeoutException: timeout: Timed out receiving message from renderer: 300.000
  (Session info: chrome=85.0.4183.121)
Build info: version: '3.141.59', revision: 'e82be7d358', time: '2018-11-14T08:25:53'
System info: host: 'c02yj0qyjgh7.lan', ip: 'fe80:0:0:0:8e5:6086:d883:e3f8%en0', os.name: 'Mac OS X', os.arch: 'x86_64', os.version: '10.15.6', java.version: '1.8.0_181'
Driver info: com.kms.katalon.selenium.driver.CChromeDriver
Capabilities {acceptInsecureCerts: false, browserName: chrome, browserVersion: 85.0.4183.121, chrome: {chromedriverVersion: 85.0.4183.87 (cd6713ebf92fa..., userDataDir: /var/folders/mk/mm0g76rn3_g...}, goog:chromeOptions: {debuggerAddress: localhost:55165}, javascriptEnabled: true, networkConnectionEnabled: false, pageLoadStrategy: normal, platform: MAC, platformName: MAC, proxy: Proxy(), setWindowRect: true, strictFileInteractability: false, timeouts: {implicit: 0, pageLoad: 300000, script: 30000}, unhandledPromptBehavior: dismiss and notify, webauthn:virtualAuthenticators: true}
Session ID: 4329c4352932cc891a2140a2ae661a80
	at org.openqa.selenium.remote.http.W3CHttpResponseCodec.createException(W3CHttpResponseCodec.java:187)
	at org.openqa.selenium.remote.http.W3CHttpResponseCodec.decode(W3CHttpResponseCodec.java:122)
	at org.openqa.selenium.remote.http.W3CHttpResponseCodec.decode(W3CHttpResponseCodec.java:49)
	at org.openqa.selenium.remote.HttpCommandExecutor.execute(HttpCommandExecutor.java:158)
	at org.openqa.selenium.remote.service.DriverCommandExecutor.execute(DriverCommandExecutor.java:83)
	at org.openqa.selenium.remote.RemoteWebDriver.execute(RemoteWebDriver.java:552)
	at com.kms.katalon.selenium.driver.CChromeDriver.execute(CChromeDriver.java:19)
	at org.openqa.selenium.remote.RemoteWebElement.execute(RemoteWebElement.java:285)
	at org.openqa.selenium.remote.RemoteWebElement.click(RemoteWebElement.java:84)
	at org.openqa.selenium.support.events.EventFiringWebDriver$EventFiringWebElement.lambda$new$0(EventFiringWebDriver.java:404)
	at com.sun.proxy.$Proxy9.click(Unknown Source)
	at org.openqa.selenium.support.events.EventFiringWebDriver$EventFiringWebElement.click(EventFiringWebDriver.java:417)
	at com.kms.katalon.core.webui.keyword.builtin.ClickKeyword$_click_closure1.doCall(ClickKeyword.groovy:69)
	at com.kms.katalon.core.webui.keyword.builtin.ClickKeyword$_click_closure1.call(ClickKeyword.groovy)
	at com.kms.katalon.core.webui.keyword.internal.WebUIKeywordMain.runKeyword(WebUIKeywordMain.groovy:20)
	at com.kms.katalon.core.webui.keyword.builtin.ClickKeyword.click(ClickKeyword.groovy:76)
	at com.kms.katalon.core.webui.keyword.builtin.ClickKeyword.execute(ClickKeyword.groovy:43)
	at com.kms.katalon.core.keyword.internal.KeywordExecutor.executeKeywordForPlatform(KeywordExecutor.groovy:73)
	at com.kms.katalon.core.webui.keyword.WebUiBuiltInKeywords.click(WebUiBuiltInKeywords.groovy:616)
	at com.kms.katalon.core.webui.keyword.WebUiBuiltInKeywords$click$1.call(Unknown Source)
	at Script1599149155505.run(Script1599149155505.groovy:24)
	... 13 more
)
[[ATTACHMENT|/Users/bhavikpatel/Downloads/Projects/CRREL/GRiD/Automation Testing/Automation Testing Project/KatalonTesting/Reports/20200928_162313/GRiD FG3D/20200928_162313/1601332741767.png]]]]></system-out>
         <system-err><![CDATA[2020-09-28 18:33:58 - [TEST_CASE][FAILED] - Test Cases/FG3D/FG3D Test - Stragetic: Test Cases/FG3D/FG3D Test - Stragetic FAILED.
Reason:
com.kms.katalon.core.exception.StepFailedException: Unable to click on object 'Object Repository/Page_Home  GRiD/a_CAC  GEOAxIS Login'
	at com.kms.katalon.core.webui.keyword.internal.WebUIKeywordMain.stepFailed(WebUIKeywordMain.groovy:64)
	at com.kms.katalon.core.webui.keyword.internal.WebUIKeywordMain.runKeyword(WebUIKeywordMain.groovy:26)
	at com.kms.katalon.core.webui.keyword.builtin.ClickKeyword.click(ClickKeyword.groovy:76)
	at com.kms.katalon.core.webui.keyword.builtin.ClickKeyword.execute(ClickKeyword.groovy:43)
	at com.kms.katalon.core.keyword.internal.KeywordExecutor.executeKeywordForPlatform(KeywordExecutor.groovy:73)
	at com.kms.katalon.core.webui.keyword.WebUiBuiltInKeywords.click(WebUiBuiltInKeywords.groovy:616)
	at com.kms.katalon.core.webui.keyword.WebUiBuiltInKeywords$click$1.call(Unknown Source)
	at FG3D Test - Stragetic.run(FG3D Test - Stragetic:24)
	at com.kms.katalon.core.main.ScriptEngine.run(ScriptEngine.java:194)
	at com.kms.katalon.core.main.ScriptEngine.runScriptAsRawText(ScriptEngine.java:119)
	at com.kms.katalon.core.main.TestCaseExecutor.runScript(TestCaseExecutor.java:339)
	at com.kms.katalon.core.main.TestCaseExecutor.doExecute(TestCaseExecutor.java:330)
	at com.kms.katalon.core.main.TestCaseExecutor.processExecutionPhase(TestCaseExecutor.java:309)
	at com.kms.katalon.core.main.TestCaseExecutor.accessMainPhase(TestCaseExecutor.java:301)
	at com.kms.katalon.core.main.TestCaseExecutor.execute(TestCaseExecutor.java:235)
	at com.kms.katalon.core.main.TestSuiteExecutor.accessTestCaseMainPhase(TestSuiteExecutor.java:191)
	at com.kms.katalon.core.main.TestSuiteExecutor.accessTestSuiteMainPhase(TestSuiteExecutor.java:141)
	at com.kms.katalon.core.main.TestSuiteExecutor.execute(TestSuiteExecutor.java:90)
	at com.kms.katalon.core.main.TestCaseMain.startTestSuite(TestCaseMain.java:157)
	at com.kms.katalon.core.main.TestCaseMain$startTestSuite$0.call(Unknown Source)
	at TempTestSuite1601324593621.run(TempTestSuite1601324593621.groovy:39)
Caused by: org.openqa.selenium.TimeoutException: timeout: Timed out receiving message from renderer: 300.000
  (Session info: chrome=85.0.4183.121)
Build info: version: '3.141.59', revision: 'e82be7d358', time: '2018-11-14T08:25:53'
System info: host: 'c02yj0qyjgh7.lan', ip: 'fe80:0:0:0:8e5:6086:d883:e3f8%en0', os.name: 'Mac OS X', os.arch: 'x86_64', os.version: '10.15.6', java.version: '1.8.0_181'
Driver info: com.kms.katalon.selenium.driver.CChromeDriver
Capabilities {acceptInsecureCerts: false, browserName: chrome, browserVersion: 85.0.4183.121, chrome: {chromedriverVersion: 85.0.4183.87 (cd6713ebf92fa..., userDataDir: /var/folders/mk/mm0g76rn3_g...}, goog:chromeOptions: {debuggerAddress: localhost:55165}, javascriptEnabled: true, networkConnectionEnabled: false, pageLoadStrategy: normal, platform: MAC, platformName: MAC, proxy: Proxy(), setWindowRect: true, strictFileInteractability: false, timeouts: {implicit: 0, pageLoad: 300000, script: 30000}, unhandledPromptBehavior: dismiss and notify, webauthn:virtualAuthenticators: true}
Session ID: 4329c4352932cc891a2140a2ae661a80
	at org.openqa.selenium.remote.http.W3CHttpResponseCodec.createException(W3CHttpResponseCodec.java:187)
	at org.openqa.selenium.remote.http.W3CHttpResponseCodec.decode(W3CHttpResponseCodec.java:122)
	at org.openqa.selenium.remote.http.W3CHttpResponseCodec.decode(W3CHttpResponseCodec.java:49)
	at org.openqa.selenium.remote.HttpCommandExecutor.execute(HttpCommandExecutor.java:158)
	at org.openqa.selenium.remote.service.DriverCommandExecutor.execute(DriverCommandExecutor.java:83)
	at org.openqa.selenium.remote.RemoteWebDriver.execute(RemoteWebDriver.java:552)
	at com.kms.katalon.selenium.driver.CChromeDriver.execute(CChromeDriver.java:19)
	at org.openqa.selenium.remote.RemoteWebElement.execute(RemoteWebElement.java:285)
	at org.openqa.selenium.remote.RemoteWebElement.click(RemoteWebElement.java:84)
	at org.openqa.selenium.support.events.EventFiringWebDriver$EventFiringWebElement.lambda$new$0(EventFiringWebDriver.java:404)
	at com.sun.proxy.$Proxy9.click(Unknown Source)
	at org.openqa.selenium.support.events.EventFiringWebDriver$EventFiringWebElement.click(EventFiringWebDriver.java:417)
	at com.kms.katalon.core.webui.keyword.builtin.ClickKeyword$_click_closure1.doCall(ClickKeyword.groovy:69)
	at com.kms.katalon.core.webui.keyword.builtin.ClickKeyword$_click_closure1.call(ClickKeyword.groovy)
	at com.kms.katalon.core.webui.keyword.internal.WebUIKeywordMain.runKeyword(WebUIKeywordMain.groovy:20)
	... 19 more]]></system-err>
      </testcase>
      <testcase name="Test Cases/FG3D/FG3D Test - Stragetic" time="304.767" classname="Test Cases/FG3D/FG3D Test - Stragetic" status="FAILED">
         <failure type="FAILED" message="Test Cases/FG3D/FG3D Test - Stragetic FAILED.
Reason:
com.kms.katalon.core.exception.StepFailedException: Unable to click on object 'Object Repository/Page_Home  GRiD/a_CAC  GEOAxIS Login'
	at com.kms.katalon.core.webui.keyword.internal.WebUIKeywordMain.stepFailed(WebUIKeywordMain.groovy:64)
	at com.kms.katalon.core.webui.keyword.internal.WebUIKeywordMain.runKeyword(WebUIKeywordMain.groovy:26)
	at com.kms.katalon.core.webui.keyword.builtin.ClickKeyword.click(ClickKeyword.groovy:76)
	at com.kms.katalon.core.webui.keyword.builtin.ClickKeyword.execute(ClickKeyword.groovy:43)
	at com.kms.katalon.core.keyword.internal.KeywordExecutor.executeKeywordForPlatform(KeywordExecutor.groovy:73)
	at com.kms.katalon.core.webui.keyword.WebUiBuiltInKeywords.click(WebUiBuiltInKeywords.groovy:616)
	at com.kms.katalon.core.webui.keyword.WebUiBuiltInKeywords$click$1.call(Unknown Source)
	at FG3D Test - Stragetic.run(FG3D Test - Stragetic:24)
	at com.kms.katalon.core.main.ScriptEngine.run(ScriptEngine.java:194)
	at com.kms.katalon.core.main.ScriptEngine.runScriptAsRawText(ScriptEngine.java:119)
	at com.kms.katalon.core.main.TestCaseExecutor.runScript(TestCaseExecutor.java:339)
	at com.kms.katalon.core.main.TestCaseExecutor.doExecute(TestCaseExecutor.java:330)
	at com.kms.katalon.core.main.TestCaseExecutor.processExecutionPhase(TestCaseExecutor.java:309)
	at com.kms.katalon.core.main.TestCaseExecutor.accessMainPhase(TestCaseExecutor.java:301)
	at com.kms.katalon.core.main.TestCaseExecutor.execute(TestCaseExecutor.java:235)
	at com.kms.katalon.core.main.TestSuiteExecutor.accessTestCaseMainPhase(TestSuiteExecutor.java:191)
	at com.kms.katalon.core.main.TestSuiteExecutor.accessTestSuiteMainPhase(TestSuiteExecutor.java:141)
	at com.kms.katalon.core.main.TestSuiteExecutor.execute(TestSuiteExecutor.java:90)
	at com.kms.katalon.core.main.TestCaseMain.startTestSuite(TestCaseMain.java:157)
	at com.kms.katalon.core.main.TestCaseMain$startTestSuite$0.call(Unknown Source)
	at TempTestSuite1601324593621.run(TempTestSuite1601324593621.groovy:39)
Caused by: org.openqa.selenium.TimeoutException: timeout: Timed out receiving message from renderer: 300.000
  (Session info: chrome=85.0.4183.121)
Build info: version: '3.141.59', revision: 'e82be7d358', time: '2018-11-14T08:25:53'
System info: host: 'c02yj0qyjgh7.lan', ip: 'fe80:0:0:0:8e5:6086:d883:e3f8%en0', os.name: 'Mac OS X', os.arch: 'x86_64', os.version: '10.15.6', java.version: '1.8.0_181'
Driver info: com.kms.katalon.selenium.driver.CChromeDriver
Capabilities {acceptInsecureCerts: false, browserName: chrome, browserVersion: 85.0.4183.121, chrome: {chromedriverVersion: 85.0.4183.87 (cd6713ebf92fa..., userDataDir: /var/folders/mk/mm0g76rn3_g...}, goog:chromeOptions: {debuggerAddress: localhost:55319}, javascriptEnabled: true, networkConnectionEnabled: false, pageLoadStrategy: normal, platform: MAC, platformName: MAC, proxy: Proxy(), setWindowRect: true, strictFileInteractability: false, timeouts: {implicit: 0, pageLoad: 300000, script: 30000}, unhandledPromptBehavior: dismiss and notify, webauthn:virtualAuthenticators: true}
Session ID: 1256b64114f67845bd27bfca772de8da
	at org.openqa.selenium.remote.http.W3CHttpResponseCodec.createException(W3CHttpResponseCodec.java:187)
	at org.openqa.selenium.remote.http.W3CHttpResponseCodec.decode(W3CHttpResponseCodec.java:122)
	at org.openqa.selenium.remote.http.W3CHttpResponseCodec.decode(W3CHttpResponseCodec.java:49)
	at org.openqa.selenium.remote.HttpCommandExecutor.execute(HttpCommandExecutor.java:158)
	at org.openqa.selenium.remote.service.DriverCommandExecutor.execute(DriverCommandExecutor.java:83)
	at org.openqa.selenium.remote.RemoteWebDriver.execute(RemoteWebDriver.java:552)
	at com.kms.katalon.selenium.driver.CChromeDriver.execute(CChromeDriver.java:19)
	at org.openqa.selenium.remote.RemoteWebElement.execute(RemoteWebElement.java:285)
	at org.openqa.selenium.remote.RemoteWebElement.click(RemoteWebElement.java:84)
	at org.openqa.selenium.support.events.EventFiringWebDriver$EventFiringWebElement.lambda$new$0(EventFiringWebDriver.java:404)
	at com.sun.proxy.$Proxy9.click(Unknown Source)
	at org.openqa.selenium.support.events.EventFiringWebDriver$EventFiringWebElement.click(EventFiringWebDriver.java:417)
	at com.kms.katalon.core.webui.keyword.builtin.ClickKeyword$_click_closure1.doCall(ClickKeyword.groovy:69)
	at com.kms.katalon.core.webui.keyword.builtin.ClickKeyword$_click_closure1.call(ClickKeyword.groovy)
	at com.kms.katalon.core.webui.keyword.internal.WebUIKeywordMain.runKeyword(WebUIKeywordMain.groovy:20)
	... 19 more
"/>
         <system-out><![CDATA[2020-09-28 18:39:02 - [TEST_CASE][FAILED] - Test Cases/FG3D/FG3D Test - Stragetic: Test Cases/FG3D/FG3D Test - Stragetic FAILED.
Reason:
com.kms.katalon.core.exception.StepFailedException: Unable to click on object 'Object Repository/Page_Home  GRiD/a_CAC  GEOAxIS Login'
	at com.kms.katalon.core.webui.keyword.internal.WebUIKeywordMain.stepFailed(WebUIKeywordMain.groovy:64)
	at com.kms.katalon.core.webui.keyword.internal.WebUIKeywordMain.runKeyword(WebUIKeywordMain.groovy:26)
	at com.kms.katalon.core.webui.keyword.builtin.ClickKeyword.click(ClickKeyword.groovy:76)
	at com.kms.katalon.core.webui.keyword.builtin.ClickKeyword.execute(ClickKeyword.groovy:43)
	at com.kms.katalon.core.keyword.internal.KeywordExecutor.executeKeywordForPlatform(KeywordExecutor.groovy:73)
	at com.kms.katalon.core.webui.keyword.WebUiBuiltInKeywords.click(WebUiBuiltInKeywords.groovy:616)
	at com.kms.katalon.core.webui.keyword.WebUiBuiltInKeywords$click$1.call(Unknown Source)
	at FG3D Test - Stragetic.run(FG3D Test - Stragetic:24)
	at com.kms.katalon.core.main.ScriptEngine.run(ScriptEngine.java:194)
	at com.kms.katalon.core.main.ScriptEngine.runScriptAsRawText(ScriptEngine.java:119)
	at com.kms.katalon.core.main.TestCaseExecutor.runScript(TestCaseExecutor.java:339)
	at com.kms.katalon.core.main.TestCaseExecutor.doExecute(TestCaseExecutor.java:330)
	at com.kms.katalon.core.main.TestCaseExecutor.processExecutionPhase(TestCaseExecutor.java:309)
	at com.kms.katalon.core.main.TestCaseExecutor.accessMainPhase(TestCaseExecutor.java:301)
	at com.kms.katalon.core.main.TestCaseExecutor.execute(TestCaseExecutor.java:235)
	at com.kms.katalon.core.main.TestSuiteExecutor.accessTestCaseMainPhase(TestSuiteExecutor.java:191)
	at com.kms.katalon.core.main.TestSuiteExecutor.accessTestSuiteMainPhase(TestSuiteExecutor.java:141)
	at com.kms.katalon.core.main.TestSuiteExecutor.execute(TestSuiteExecutor.java:90)
	at com.kms.katalon.core.main.TestCaseMain.startTestSuite(TestCaseMain.java:157)
	at com.kms.katalon.core.main.TestCaseMain$startTestSuite$0.call(Unknown Source)
	at TempTestSuite1601324593621.run(TempTestSuite1601324593621.groovy:39)
Caused by: org.openqa.selenium.TimeoutException: timeout: Timed out receiving message from renderer: 300.000
  (Session info: chrome=85.0.4183.121)
Build info: version: '3.141.59', revision: 'e82be7d358', time: '2018-11-14T08:25:53'
System info: host: 'c02yj0qyjgh7.lan', ip: 'fe80:0:0:0:8e5:6086:d883:e3f8%en0', os.name: 'Mac OS X', os.arch: 'x86_64', os.version: '10.15.6', java.version: '1.8.0_181'
Driver info: com.kms.katalon.selenium.driver.CChromeDriver
Capabilities {acceptInsecureCerts: false, browserName: chrome, browserVersion: 85.0.4183.121, chrome: {chromedriverVersion: 85.0.4183.87 (cd6713ebf92fa..., userDataDir: /var/folders/mk/mm0g76rn3_g...}, goog:chromeOptions: {debuggerAddress: localhost:55319}, javascriptEnabled: true, networkConnectionEnabled: false, pageLoadStrategy: normal, platform: MAC, platformName: MAC, proxy: Proxy(), setWindowRect: true, strictFileInteractability: false, timeouts: {implicit: 0, pageLoad: 300000, script: 30000}, unhandledPromptBehavior: dismiss and notify, webauthn:virtualAuthenticators: true}
Session ID: 1256b64114f67845bd27bfca772de8da
	at org.openqa.selenium.remote.http.W3CHttpResponseCodec.createException(W3CHttpResponseCodec.java:187)
	at org.openqa.selenium.remote.http.W3CHttpResponseCodec.decode(W3CHttpResponseCodec.java:122)
	at org.openqa.selenium.remote.http.W3CHttpResponseCodec.decode(W3CHttpResponseCodec.java:49)
	at org.openqa.selenium.remote.HttpCommandExecutor.execute(HttpCommandExecutor.java:158)
	at org.openqa.selenium.remote.service.DriverCommandExecutor.execute(DriverCommandExecutor.java:83)
	at org.openqa.selenium.remote.RemoteWebDriver.execute(RemoteWebDriver.java:552)
	at com.kms.katalon.selenium.driver.CChromeDriver.execute(CChromeDriver.java:19)
	at org.openqa.selenium.remote.RemoteWebElement.execute(RemoteWebElement.java:285)
	at org.openqa.selenium.remote.RemoteWebElement.click(RemoteWebElement.java:84)
	at org.openqa.selenium.support.events.EventFiringWebDriver$EventFiringWebElement.lambda$new$0(EventFiringWebDriver.java:404)
	at com.sun.proxy.$Proxy9.click(Unknown Source)
	at org.openqa.selenium.support.events.EventFiringWebDriver$EventFiringWebElement.click(EventFiringWebDriver.java:417)
	at com.kms.katalon.core.webui.keyword.builtin.ClickKeyword$_click_closure1.doCall(ClickKeyword.groovy:69)
	at com.kms.katalon.core.webui.keyword.builtin.ClickKeyword$_click_closure1.call(ClickKeyword.groovy)
	at com.kms.katalon.core.webui.keyword.internal.WebUIKeywordMain.runKeyword(WebUIKeywordMain.groovy:20)
	... 19 more


2020-09-28 18:39:02 - [TEST_STEP][PASSED] - openBrowser(""): Browser is opened with url: ''

2020-09-28 18:39:02 - [MESSAGE][WARNING] - A browser is already opened. Closing browser and opening a new one

2020-09-28 18:39:02 - [MESSAGE][INFO] - Starting 'Chrome' driver

2020-09-28 18:39:02 - [MESSAGE][INFO] - Action delay is set to 0 milliseconds

2020-09-28 18:39:04 - [MESSAGE][PASSED] - Browser is opened with url: ''

2020-09-28 18:39:04 - [TEST_STEP][PASSED] - navigateToUrl("https://grid.nga.mil/testgrid/"): Navigate to 'https://grid.nga.mil/testgrid/' successfully

2020-09-28 18:39:06 - [MESSAGE][PASSED] - Navigate to 'https://grid.nga.mil/testgrid/' successfully

2020-09-28 18:39:06 - [TEST_STEP][FAILED] - click(findTestObject("Page_Home  GRiD/a_CAC  GEOAxIS Login")): Unable to click on object 'Object Repository/Page_Home  GRiD/a_CAC  GEOAxIS Login' (Root cause: com.kms.katalon.core.exception.StepFailedException: Unable to click on object 'Object Repository/Page_Home  GRiD/a_CAC  GEOAxIS Login'
	at com.kms.katalon.core.webui.keyword.internal.WebUIKeywordMain.stepFailed(WebUIKeywordMain.groovy:64)
	at com.kms.katalon.core.webui.keyword.internal.WebUIKeywordMain.runKeyword(WebUIKeywordMain.groovy:26)
	at com.kms.katalon.core.webui.keyword.builtin.ClickKeyword.click(ClickKeyword.groovy:76)
	at com.kms.katalon.core.webui.keyword.builtin.ClickKeyword.execute(ClickKeyword.groovy:43)
	at com.kms.katalon.core.keyword.internal.KeywordExecutor.executeKeywordForPlatform(KeywordExecutor.groovy:73)
	at com.kms.katalon.core.webui.keyword.WebUiBuiltInKeywords.click(WebUiBuiltInKeywords.groovy:616)
	at com.kms.katalon.core.webui.keyword.WebUiBuiltInKeywords$click$1.call(Unknown Source)
	at FG3D Test - Stragetic.run(FG3D Test - Stragetic:24)
	at com.kms.katalon.core.main.ScriptEngine.run(ScriptEngine.java:194)
	at com.kms.katalon.core.main.ScriptEngine.runScriptAsRawText(ScriptEngine.java:119)
	at com.kms.katalon.core.main.TestCaseExecutor.runScript(TestCaseExecutor.java:339)
	at com.kms.katalon.core.main.TestCaseExecutor.doExecute(TestCaseExecutor.java:330)
	at com.kms.katalon.core.main.TestCaseExecutor.processExecutionPhase(TestCaseExecutor.java:309)
	at com.kms.katalon.core.main.TestCaseExecutor.accessMainPhase(TestCaseExecutor.java:301)
	at com.kms.katalon.core.main.TestCaseExecutor.execute(TestCaseExecutor.java:235)
	at com.kms.katalon.core.main.TestSuiteExecutor.accessTestCaseMainPhase(TestSuiteExecutor.java:191)
	at com.kms.katalon.core.main.TestSuiteExecutor.accessTestSuiteMainPhase(TestSuiteExecutor.java:141)
	at com.kms.katalon.core.main.TestSuiteExecutor.execute(TestSuiteExecutor.java:90)
	at com.kms.katalon.core.main.TestCaseMain.startTestSuite(TestCaseMain.java:157)
	at com.kms.katalon.core.main.TestCaseMain$startTestSuite$0.call(Unknown Source)
	at TempTestSuite1601324593621.run(TempTestSuite1601324593621.groovy:39)
Caused by: org.openqa.selenium.TimeoutException: timeout: Timed out receiving message from renderer: 300.000
  (Session info: chrome=85.0.4183.121)
Build info: version: '3.141.59', revision: 'e82be7d358', time: '2018-11-14T08:25:53'
System info: host: 'c02yj0qyjgh7.lan', ip: 'fe80:0:0:0:8e5:6086:d883:e3f8%en0', os.name: 'Mac OS X', os.arch: 'x86_64', os.version: '10.15.6', java.version: '1.8.0_181'
Driver info: com.kms.katalon.selenium.driver.CChromeDriver
Capabilities {acceptInsecureCerts: false, browserName: chrome, browserVersion: 85.0.4183.121, chrome: {chromedriverVersion: 85.0.4183.87 (cd6713ebf92fa..., userDataDir: /var/folders/mk/mm0g76rn3_g...}, goog:chromeOptions: {debuggerAddress: localhost:55319}, javascriptEnabled: true, networkConnectionEnabled: false, pageLoadStrategy: normal, platform: MAC, platformName: MAC, proxy: Proxy(), setWindowRect: true, strictFileInteractability: false, timeouts: {implicit: 0, pageLoad: 300000, script: 30000}, unhandledPromptBehavior: dismiss and notify, webauthn:virtualAuthenticators: true}
Session ID: 1256b64114f67845bd27bfca772de8da
	at org.openqa.selenium.remote.http.W3CHttpResponseCodec.createException(W3CHttpResponseCodec.java:187)
	at org.openqa.selenium.remote.http.W3CHttpResponseCodec.decode(W3CHttpResponseCodec.java:122)
	at org.openqa.selenium.remote.http.W3CHttpResponseCodec.decode(W3CHttpResponseCodec.java:49)
	at org.openqa.selenium.remote.HttpCommandExecutor.execute(HttpCommandExecutor.java:158)
	at org.openqa.selenium.remote.service.DriverCommandExecutor.execute(DriverCommandExecutor.java:83)
	at org.openqa.selenium.remote.RemoteWebDriver.execute(RemoteWebDriver.java:552)
	at com.kms.katalon.selenium.driver.CChromeDriver.execute(CChromeDriver.java:19)
	at org.openqa.selenium.remote.RemoteWebElement.execute(RemoteWebElement.java:285)
	at org.openqa.selenium.remote.RemoteWebElement.click(RemoteWebElement.java:84)
	at org.openqa.selenium.support.events.EventFiringWebDriver$EventFiringWebElement.lambda$new$0(EventFiringWebDriver.java:404)
	at com.sun.proxy.$Proxy9.click(Unknown Source)
	at org.openqa.selenium.support.events.EventFiringWebDriver$EventFiringWebElement.click(EventFiringWebDriver.java:417)
	at com.kms.katalon.core.webui.keyword.builtin.ClickKeyword$_click_closure1.doCall(ClickKeyword.groovy:69)
	at com.kms.katalon.core.webui.keyword.builtin.ClickKeyword$_click_closure1.call(ClickKeyword.groovy)
	at com.kms.katalon.core.webui.keyword.internal.WebUIKeywordMain.runKeyword(WebUIKeywordMain.groovy:20)
	at com.kms.katalon.core.webui.keyword.builtin.ClickKeyword.click(ClickKeyword.groovy:76)
	at com.kms.katalon.core.webui.keyword.builtin.ClickKeyword.execute(ClickKeyword.groovy:43)
	at com.kms.katalon.core.keyword.internal.KeywordExecutor.executeKeywordForPlatform(KeywordExecutor.groovy:73)
	at com.kms.katalon.core.webui.keyword.WebUiBuiltInKeywords.click(WebUiBuiltInKeywords.groovy:616)
	at com.kms.katalon.core.webui.keyword.WebUiBuiltInKeywords$click$1.call(Unknown Source)
	at Script1599149155505.run(Script1599149155505.groovy:24)
	... 13 more
)

2020-09-28 18:44:07 - [MESSAGE][FAILED] - Unable to click on object 'Object Repository/Page_Home  GRiD/a_CAC  GEOAxIS Login' (Root cause: com.kms.katalon.core.exception.StepFailedException: Unable to click on object 'Object Repository/Page_Home  GRiD/a_CAC  GEOAxIS Login'
	at com.kms.katalon.core.webui.keyword.internal.WebUIKeywordMain.stepFailed(WebUIKeywordMain.groovy:64)
	at com.kms.katalon.core.webui.keyword.internal.WebUIKeywordMain.runKeyword(WebUIKeywordMain.groovy:26)
	at com.kms.katalon.core.webui.keyword.builtin.ClickKeyword.click(ClickKeyword.groovy:76)
	at com.kms.katalon.core.webui.keyword.builtin.ClickKeyword.execute(ClickKeyword.groovy:43)
	at com.kms.katalon.core.keyword.internal.KeywordExecutor.executeKeywordForPlatform(KeywordExecutor.groovy:73)
	at com.kms.katalon.core.webui.keyword.WebUiBuiltInKeywords.click(WebUiBuiltInKeywords.groovy:616)
	at com.kms.katalon.core.webui.keyword.WebUiBuiltInKeywords$click$1.call(Unknown Source)
	at FG3D Test - Stragetic.run(FG3D Test - Stragetic:24)
	at com.kms.katalon.core.main.ScriptEngine.run(ScriptEngine.java:194)
	at com.kms.katalon.core.main.ScriptEngine.runScriptAsRawText(ScriptEngine.java:119)
	at com.kms.katalon.core.main.TestCaseExecutor.runScript(TestCaseExecutor.java:339)
	at com.kms.katalon.core.main.TestCaseExecutor.doExecute(TestCaseExecutor.java:330)
	at com.kms.katalon.core.main.TestCaseExecutor.processExecutionPhase(TestCaseExecutor.java:309)
	at com.kms.katalon.core.main.TestCaseExecutor.accessMainPhase(TestCaseExecutor.java:301)
	at com.kms.katalon.core.main.TestCaseExecutor.execute(TestCaseExecutor.java:235)
	at com.kms.katalon.core.main.TestSuiteExecutor.accessTestCaseMainPhase(TestSuiteExecutor.java:191)
	at com.kms.katalon.core.main.TestSuiteExecutor.accessTestSuiteMainPhase(TestSuiteExecutor.java:141)
	at com.kms.katalon.core.main.TestSuiteExecutor.execute(TestSuiteExecutor.java:90)
	at com.kms.katalon.core.main.TestCaseMain.startTestSuite(TestCaseMain.java:157)
	at com.kms.katalon.core.main.TestCaseMain$startTestSuite$0.call(Unknown Source)
	at TempTestSuite1601324593621.run(TempTestSuite1601324593621.groovy:39)
Caused by: org.openqa.selenium.TimeoutException: timeout: Timed out receiving message from renderer: 300.000
  (Session info: chrome=85.0.4183.121)
Build info: version: '3.141.59', revision: 'e82be7d358', time: '2018-11-14T08:25:53'
System info: host: 'c02yj0qyjgh7.lan', ip: 'fe80:0:0:0:8e5:6086:d883:e3f8%en0', os.name: 'Mac OS X', os.arch: 'x86_64', os.version: '10.15.6', java.version: '1.8.0_181'
Driver info: com.kms.katalon.selenium.driver.CChromeDriver
Capabilities {acceptInsecureCerts: false, browserName: chrome, browserVersion: 85.0.4183.121, chrome: {chromedriverVersion: 85.0.4183.87 (cd6713ebf92fa..., userDataDir: /var/folders/mk/mm0g76rn3_g...}, goog:chromeOptions: {debuggerAddress: localhost:55319}, javascriptEnabled: true, networkConnectionEnabled: false, pageLoadStrategy: normal, platform: MAC, platformName: MAC, proxy: Proxy(), setWindowRect: true, strictFileInteractability: false, timeouts: {implicit: 0, pageLoad: 300000, script: 30000}, unhandledPromptBehavior: dismiss and notify, webauthn:virtualAuthenticators: true}
Session ID: 1256b64114f67845bd27bfca772de8da
	at org.openqa.selenium.remote.http.W3CHttpResponseCodec.createException(W3CHttpResponseCodec.java:187)
	at org.openqa.selenium.remote.http.W3CHttpResponseCodec.decode(W3CHttpResponseCodec.java:122)
	at org.openqa.selenium.remote.http.W3CHttpResponseCodec.decode(W3CHttpResponseCodec.java:49)
	at org.openqa.selenium.remote.HttpCommandExecutor.execute(HttpCommandExecutor.java:158)
	at org.openqa.selenium.remote.service.DriverCommandExecutor.execute(DriverCommandExecutor.java:83)
	at org.openqa.selenium.remote.RemoteWebDriver.execute(RemoteWebDriver.java:552)
	at com.kms.katalon.selenium.driver.CChromeDriver.execute(CChromeDriver.java:19)
	at org.openqa.selenium.remote.RemoteWebElement.execute(RemoteWebElement.java:285)
	at org.openqa.selenium.remote.RemoteWebElement.click(RemoteWebElement.java:84)
	at org.openqa.selenium.support.events.EventFiringWebDriver$EventFiringWebElement.lambda$new$0(EventFiringWebDriver.java:404)
	at com.sun.proxy.$Proxy9.click(Unknown Source)
	at org.openqa.selenium.support.events.EventFiringWebDriver$EventFiringWebElement.click(EventFiringWebDriver.java:417)
	at com.kms.katalon.core.webui.keyword.builtin.ClickKeyword$_click_closure1.doCall(ClickKeyword.groovy:69)
	at com.kms.katalon.core.webui.keyword.builtin.ClickKeyword$_click_closure1.call(ClickKeyword.groovy)
	at com.kms.katalon.core.webui.keyword.internal.WebUIKeywordMain.runKeyword(WebUIKeywordMain.groovy:20)
	at com.kms.katalon.core.webui.keyword.builtin.ClickKeyword.click(ClickKeyword.groovy:76)
	at com.kms.katalon.core.webui.keyword.builtin.ClickKeyword.execute(ClickKeyword.groovy:43)
	at com.kms.katalon.core.keyword.internal.KeywordExecutor.executeKeywordForPlatform(KeywordExecutor.groovy:73)
	at com.kms.katalon.core.webui.keyword.WebUiBuiltInKeywords.click(WebUiBuiltInKeywords.groovy:616)
	at com.kms.katalon.core.webui.keyword.WebUiBuiltInKeywords$click$1.call(Unknown Source)
	at Script1599149155505.run(Script1599149155505.groovy:24)
	... 13 more
)
[[ATTACHMENT|/Users/bhavikpatel/Downloads/Projects/CRREL/GRiD/Automation Testing/Automation Testing Project/KatalonTesting/Reports/20200928_162313/GRiD FG3D/20200928_162313/1601333046533.png]]]]></system-out>
         <system-err><![CDATA[2020-09-28 18:39:02 - [TEST_CASE][FAILED] - Test Cases/FG3D/FG3D Test - Stragetic: Test Cases/FG3D/FG3D Test - Stragetic FAILED.
Reason:
com.kms.katalon.core.exception.StepFailedException: Unable to click on object 'Object Repository/Page_Home  GRiD/a_CAC  GEOAxIS Login'
	at com.kms.katalon.core.webui.keyword.internal.WebUIKeywordMain.stepFailed(WebUIKeywordMain.groovy:64)
	at com.kms.katalon.core.webui.keyword.internal.WebUIKeywordMain.runKeyword(WebUIKeywordMain.groovy:26)
	at com.kms.katalon.core.webui.keyword.builtin.ClickKeyword.click(ClickKeyword.groovy:76)
	at com.kms.katalon.core.webui.keyword.builtin.ClickKeyword.execute(ClickKeyword.groovy:43)
	at com.kms.katalon.core.keyword.internal.KeywordExecutor.executeKeywordForPlatform(KeywordExecutor.groovy:73)
	at com.kms.katalon.core.webui.keyword.WebUiBuiltInKeywords.click(WebUiBuiltInKeywords.groovy:616)
	at com.kms.katalon.core.webui.keyword.WebUiBuiltInKeywords$click$1.call(Unknown Source)
	at FG3D Test - Stragetic.run(FG3D Test - Stragetic:24)
	at com.kms.katalon.core.main.ScriptEngine.run(ScriptEngine.java:194)
	at com.kms.katalon.core.main.ScriptEngine.runScriptAsRawText(ScriptEngine.java:119)
	at com.kms.katalon.core.main.TestCaseExecutor.runScript(TestCaseExecutor.java:339)
	at com.kms.katalon.core.main.TestCaseExecutor.doExecute(TestCaseExecutor.java:330)
	at com.kms.katalon.core.main.TestCaseExecutor.processExecutionPhase(TestCaseExecutor.java:309)
	at com.kms.katalon.core.main.TestCaseExecutor.accessMainPhase(TestCaseExecutor.java:301)
	at com.kms.katalon.core.main.TestCaseExecutor.execute(TestCaseExecutor.java:235)
	at com.kms.katalon.core.main.TestSuiteExecutor.accessTestCaseMainPhase(TestSuiteExecutor.java:191)
	at com.kms.katalon.core.main.TestSuiteExecutor.accessTestSuiteMainPhase(TestSuiteExecutor.java:141)
	at com.kms.katalon.core.main.TestSuiteExecutor.execute(TestSuiteExecutor.java:90)
	at com.kms.katalon.core.main.TestCaseMain.startTestSuite(TestCaseMain.java:157)
	at com.kms.katalon.core.main.TestCaseMain$startTestSuite$0.call(Unknown Source)
	at TempTestSuite1601324593621.run(TempTestSuite1601324593621.groovy:39)
Caused by: org.openqa.selenium.TimeoutException: timeout: Timed out receiving message from renderer: 300.000
  (Session info: chrome=85.0.4183.121)
Build info: version: '3.141.59', revision: 'e82be7d358', time: '2018-11-14T08:25:53'
System info: host: 'c02yj0qyjgh7.lan', ip: 'fe80:0:0:0:8e5:6086:d883:e3f8%en0', os.name: 'Mac OS X', os.arch: 'x86_64', os.version: '10.15.6', java.version: '1.8.0_181'
Driver info: com.kms.katalon.selenium.driver.CChromeDriver
Capabilities {acceptInsecureCerts: false, browserName: chrome, browserVersion: 85.0.4183.121, chrome: {chromedriverVersion: 85.0.4183.87 (cd6713ebf92fa..., userDataDir: /var/folders/mk/mm0g76rn3_g...}, goog:chromeOptions: {debuggerAddress: localhost:55319}, javascriptEnabled: true, networkConnectionEnabled: false, pageLoadStrategy: normal, platform: MAC, platformName: MAC, proxy: Proxy(), setWindowRect: true, strictFileInteractability: false, timeouts: {implicit: 0, pageLoad: 300000, script: 30000}, unhandledPromptBehavior: dismiss and notify, webauthn:virtualAuthenticators: true}
Session ID: 1256b64114f67845bd27bfca772de8da
	at org.openqa.selenium.remote.http.W3CHttpResponseCodec.createException(W3CHttpResponseCodec.java:187)
	at org.openqa.selenium.remote.http.W3CHttpResponseCodec.decode(W3CHttpResponseCodec.java:122)
	at org.openqa.selenium.remote.http.W3CHttpResponseCodec.decode(W3CHttpResponseCodec.java:49)
	at org.openqa.selenium.remote.HttpCommandExecutor.execute(HttpCommandExecutor.java:158)
	at org.openqa.selenium.remote.service.DriverCommandExecutor.execute(DriverCommandExecutor.java:83)
	at org.openqa.selenium.remote.RemoteWebDriver.execute(RemoteWebDriver.java:552)
	at com.kms.katalon.selenium.driver.CChromeDriver.execute(CChromeDriver.java:19)
	at org.openqa.selenium.remote.RemoteWebElement.execute(RemoteWebElement.java:285)
	at org.openqa.selenium.remote.RemoteWebElement.click(RemoteWebElement.java:84)
	at org.openqa.selenium.support.events.EventFiringWebDriver$EventFiringWebElement.lambda$new$0(EventFiringWebDriver.java:404)
	at com.sun.proxy.$Proxy9.click(Unknown Source)
	at org.openqa.selenium.support.events.EventFiringWebDriver$EventFiringWebElement.click(EventFiringWebDriver.java:417)
	at com.kms.katalon.core.webui.keyword.builtin.ClickKeyword$_click_closure1.doCall(ClickKeyword.groovy:69)
	at com.kms.katalon.core.webui.keyword.builtin.ClickKeyword$_click_closure1.call(ClickKeyword.groovy)
	at com.kms.katalon.core.webui.keyword.internal.WebUIKeywordMain.runKeyword(WebUIKeywordMain.groovy:20)
	... 19 more]]></system-err>
      </testcase>
      <testcase name="Test Cases/FG3D/FG3D Test - Stragetic" time="304.38" classname="Test Cases/FG3D/FG3D Test - Stragetic" status="FAILED">
         <failure type="FAILED" message="Test Cases/FG3D/FG3D Test - Stragetic FAILED.
Reason:
com.kms.katalon.core.exception.StepFailedException: Unable to click on object 'Object Repository/Page_Home  GRiD/a_CAC  GEOAxIS Login'
	at com.kms.katalon.core.webui.keyword.internal.WebUIKeywordMain.stepFailed(WebUIKeywordMain.groovy:64)
	at com.kms.katalon.core.webui.keyword.internal.WebUIKeywordMain.runKeyword(WebUIKeywordMain.groovy:26)
	at com.kms.katalon.core.webui.keyword.builtin.ClickKeyword.click(ClickKeyword.groovy:76)
	at com.kms.katalon.core.webui.keyword.builtin.ClickKeyword.execute(ClickKeyword.groovy:43)
	at com.kms.katalon.core.keyword.internal.KeywordExecutor.executeKeywordForPlatform(KeywordExecutor.groovy:73)
	at com.kms.katalon.core.webui.keyword.WebUiBuiltInKeywords.click(WebUiBuiltInKeywords.groovy:616)
	at com.kms.katalon.core.webui.keyword.WebUiBuiltInKeywords$click$1.call(Unknown Source)
	at FG3D Test - Stragetic.run(FG3D Test - Stragetic:24)
	at com.kms.katalon.core.main.ScriptEngine.run(ScriptEngine.java:194)
	at com.kms.katalon.core.main.ScriptEngine.runScriptAsRawText(ScriptEngine.java:119)
	at com.kms.katalon.core.main.TestCaseExecutor.runScript(TestCaseExecutor.java:339)
	at com.kms.katalon.core.main.TestCaseExecutor.doExecute(TestCaseExecutor.java:330)
	at com.kms.katalon.core.main.TestCaseExecutor.processExecutionPhase(TestCaseExecutor.java:309)
	at com.kms.katalon.core.main.TestCaseExecutor.accessMainPhase(TestCaseExecutor.java:301)
	at com.kms.katalon.core.main.TestCaseExecutor.execute(TestCaseExecutor.java:235)
	at com.kms.katalon.core.main.TestSuiteExecutor.accessTestCaseMainPhase(TestSuiteExecutor.java:191)
	at com.kms.katalon.core.main.TestSuiteExecutor.accessTestSuiteMainPhase(TestSuiteExecutor.java:141)
	at com.kms.katalon.core.main.TestSuiteExecutor.execute(TestSuiteExecutor.java:90)
	at com.kms.katalon.core.main.TestCaseMain.startTestSuite(TestCaseMain.java:157)
	at com.kms.katalon.core.main.TestCaseMain$startTestSuite$0.call(Unknown Source)
	at TempTestSuite1601324593621.run(TempTestSuite1601324593621.groovy:39)
Caused by: org.openqa.selenium.TimeoutException: timeout: Timed out receiving message from renderer: 300.000
  (Session info: chrome=85.0.4183.121)
Build info: version: '3.141.59', revision: 'e82be7d358', time: '2018-11-14T08:25:53'
System info: host: 'c02yj0qyjgh7.lan', ip: 'fe80:0:0:0:8e5:6086:d883:e3f8%en0', os.name: 'Mac OS X', os.arch: 'x86_64', os.version: '10.15.6', java.version: '1.8.0_181'
Driver info: com.kms.katalon.selenium.driver.CChromeDriver
Capabilities {acceptInsecureCerts: false, browserName: chrome, browserVersion: 85.0.4183.121, chrome: {chromedriverVersion: 85.0.4183.87 (cd6713ebf92fa..., userDataDir: /var/folders/mk/mm0g76rn3_g...}, goog:chromeOptions: {debuggerAddress: localhost:55462}, javascriptEnabled: true, networkConnectionEnabled: false, pageLoadStrategy: normal, platform: MAC, platformName: MAC, proxy: Proxy(), setWindowRect: true, strictFileInteractability: false, timeouts: {implicit: 0, pageLoad: 300000, script: 30000}, unhandledPromptBehavior: dismiss and notify, webauthn:virtualAuthenticators: true}
Session ID: 3039d77d6f183a7eaeb2d72d52a0ac57
	at org.openqa.selenium.remote.http.W3CHttpResponseCodec.createException(W3CHttpResponseCodec.java:187)
	at org.openqa.selenium.remote.http.W3CHttpResponseCodec.decode(W3CHttpResponseCodec.java:122)
	at org.openqa.selenium.remote.http.W3CHttpResponseCodec.decode(W3CHttpResponseCodec.java:49)
	at org.openqa.selenium.remote.HttpCommandExecutor.execute(HttpCommandExecutor.java:158)
	at org.openqa.selenium.remote.service.DriverCommandExecutor.execute(DriverCommandExecutor.java:83)
	at org.openqa.selenium.remote.RemoteWebDriver.execute(RemoteWebDriver.java:552)
	at com.kms.katalon.selenium.driver.CChromeDriver.execute(CChromeDriver.java:19)
	at org.openqa.selenium.remote.RemoteWebElement.execute(RemoteWebElement.java:285)
	at org.openqa.selenium.remote.RemoteWebElement.click(RemoteWebElement.java:84)
	at org.openqa.selenium.support.events.EventFiringWebDriver$EventFiringWebElement.lambda$new$0(EventFiringWebDriver.java:404)
	at com.sun.proxy.$Proxy9.click(Unknown Source)
	at org.openqa.selenium.support.events.EventFiringWebDriver$EventFiringWebElement.click(EventFiringWebDriver.java:417)
	at com.kms.katalon.core.webui.keyword.builtin.ClickKeyword$_click_closure1.doCall(ClickKeyword.groovy:69)
	at com.kms.katalon.core.webui.keyword.builtin.ClickKeyword$_click_closure1.call(ClickKeyword.groovy)
	at com.kms.katalon.core.webui.keyword.internal.WebUIKeywordMain.runKeyword(WebUIKeywordMain.groovy:20)
	... 19 more
"/>
         <system-out><![CDATA[2020-09-28 18:44:07 - [TEST_CASE][FAILED] - Test Cases/FG3D/FG3D Test - Stragetic: Test Cases/FG3D/FG3D Test - Stragetic FAILED.
Reason:
com.kms.katalon.core.exception.StepFailedException: Unable to click on object 'Object Repository/Page_Home  GRiD/a_CAC  GEOAxIS Login'
	at com.kms.katalon.core.webui.keyword.internal.WebUIKeywordMain.stepFailed(WebUIKeywordMain.groovy:64)
	at com.kms.katalon.core.webui.keyword.internal.WebUIKeywordMain.runKeyword(WebUIKeywordMain.groovy:26)
	at com.kms.katalon.core.webui.keyword.builtin.ClickKeyword.click(ClickKeyword.groovy:76)
	at com.kms.katalon.core.webui.keyword.builtin.ClickKeyword.execute(ClickKeyword.groovy:43)
	at com.kms.katalon.core.keyword.internal.KeywordExecutor.executeKeywordForPlatform(KeywordExecutor.groovy:73)
	at com.kms.katalon.core.webui.keyword.WebUiBuiltInKeywords.click(WebUiBuiltInKeywords.groovy:616)
	at com.kms.katalon.core.webui.keyword.WebUiBuiltInKeywords$click$1.call(Unknown Source)
	at FG3D Test - Stragetic.run(FG3D Test - Stragetic:24)
	at com.kms.katalon.core.main.ScriptEngine.run(ScriptEngine.java:194)
	at com.kms.katalon.core.main.ScriptEngine.runScriptAsRawText(ScriptEngine.java:119)
	at com.kms.katalon.core.main.TestCaseExecutor.runScript(TestCaseExecutor.java:339)
	at com.kms.katalon.core.main.TestCaseExecutor.doExecute(TestCaseExecutor.java:330)
	at com.kms.katalon.core.main.TestCaseExecutor.processExecutionPhase(TestCaseExecutor.java:309)
	at com.kms.katalon.core.main.TestCaseExecutor.accessMainPhase(TestCaseExecutor.java:301)
	at com.kms.katalon.core.main.TestCaseExecutor.execute(TestCaseExecutor.java:235)
	at com.kms.katalon.core.main.TestSuiteExecutor.accessTestCaseMainPhase(TestSuiteExecutor.java:191)
	at com.kms.katalon.core.main.TestSuiteExecutor.accessTestSuiteMainPhase(TestSuiteExecutor.java:141)
	at com.kms.katalon.core.main.TestSuiteExecutor.execute(TestSuiteExecutor.java:90)
	at com.kms.katalon.core.main.TestCaseMain.startTestSuite(TestCaseMain.java:157)
	at com.kms.katalon.core.main.TestCaseMain$startTestSuite$0.call(Unknown Source)
	at TempTestSuite1601324593621.run(TempTestSuite1601324593621.groovy:39)
Caused by: org.openqa.selenium.TimeoutException: timeout: Timed out receiving message from renderer: 300.000
  (Session info: chrome=85.0.4183.121)
Build info: version: '3.141.59', revision: 'e82be7d358', time: '2018-11-14T08:25:53'
System info: host: 'c02yj0qyjgh7.lan', ip: 'fe80:0:0:0:8e5:6086:d883:e3f8%en0', os.name: 'Mac OS X', os.arch: 'x86_64', os.version: '10.15.6', java.version: '1.8.0_181'
Driver info: com.kms.katalon.selenium.driver.CChromeDriver
Capabilities {acceptInsecureCerts: false, browserName: chrome, browserVersion: 85.0.4183.121, chrome: {chromedriverVersion: 85.0.4183.87 (cd6713ebf92fa..., userDataDir: /var/folders/mk/mm0g76rn3_g...}, goog:chromeOptions: {debuggerAddress: localhost:55462}, javascriptEnabled: true, networkConnectionEnabled: false, pageLoadStrategy: normal, platform: MAC, platformName: MAC, proxy: Proxy(), setWindowRect: true, strictFileInteractability: false, timeouts: {implicit: 0, pageLoad: 300000, script: 30000}, unhandledPromptBehavior: dismiss and notify, webauthn:virtualAuthenticators: true}
Session ID: 3039d77d6f183a7eaeb2d72d52a0ac57
	at org.openqa.selenium.remote.http.W3CHttpResponseCodec.createException(W3CHttpResponseCodec.java:187)
	at org.openqa.selenium.remote.http.W3CHttpResponseCodec.decode(W3CHttpResponseCodec.java:122)
	at org.openqa.selenium.remote.http.W3CHttpResponseCodec.decode(W3CHttpResponseCodec.java:49)
	at org.openqa.selenium.remote.HttpCommandExecutor.execute(HttpCommandExecutor.java:158)
	at org.openqa.selenium.remote.service.DriverCommandExecutor.execute(DriverCommandExecutor.java:83)
	at org.openqa.selenium.remote.RemoteWebDriver.execute(RemoteWebDriver.java:552)
	at com.kms.katalon.selenium.driver.CChromeDriver.execute(CChromeDriver.java:19)
	at org.openqa.selenium.remote.RemoteWebElement.execute(RemoteWebElement.java:285)
	at org.openqa.selenium.remote.RemoteWebElement.click(RemoteWebElement.java:84)
	at org.openqa.selenium.support.events.EventFiringWebDriver$EventFiringWebElement.lambda$new$0(EventFiringWebDriver.java:404)
	at com.sun.proxy.$Proxy9.click(Unknown Source)
	at org.openqa.selenium.support.events.EventFiringWebDriver$EventFiringWebElement.click(EventFiringWebDriver.java:417)
	at com.kms.katalon.core.webui.keyword.builtin.ClickKeyword$_click_closure1.doCall(ClickKeyword.groovy:69)
	at com.kms.katalon.core.webui.keyword.builtin.ClickKeyword$_click_closure1.call(ClickKeyword.groovy)
	at com.kms.katalon.core.webui.keyword.internal.WebUIKeywordMain.runKeyword(WebUIKeywordMain.groovy:20)
	... 19 more


2020-09-28 18:44:07 - [TEST_STEP][PASSED] - openBrowser(""): Browser is opened with url: ''

2020-09-28 18:44:07 - [MESSAGE][WARNING] - A browser is already opened. Closing browser and opening a new one

2020-09-28 18:44:07 - [MESSAGE][INFO] - Starting 'Chrome' driver

2020-09-28 18:44:07 - [MESSAGE][INFO] - Action delay is set to 0 milliseconds

2020-09-28 18:44:08 - [MESSAGE][PASSED] - Browser is opened with url: ''

2020-09-28 18:44:08 - [TEST_STEP][PASSED] - navigateToUrl("https://grid.nga.mil/testgrid/"): Navigate to 'https://grid.nga.mil/testgrid/' successfully

2020-09-28 18:44:10 - [MESSAGE][PASSED] - Navigate to 'https://grid.nga.mil/testgrid/' successfully

2020-09-28 18:44:10 - [TEST_STEP][FAILED] - click(findTestObject("Page_Home  GRiD/a_CAC  GEOAxIS Login")): Unable to click on object 'Object Repository/Page_Home  GRiD/a_CAC  GEOAxIS Login' (Root cause: com.kms.katalon.core.exception.StepFailedException: Unable to click on object 'Object Repository/Page_Home  GRiD/a_CAC  GEOAxIS Login'
	at com.kms.katalon.core.webui.keyword.internal.WebUIKeywordMain.stepFailed(WebUIKeywordMain.groovy:64)
	at com.kms.katalon.core.webui.keyword.internal.WebUIKeywordMain.runKeyword(WebUIKeywordMain.groovy:26)
	at com.kms.katalon.core.webui.keyword.builtin.ClickKeyword.click(ClickKeyword.groovy:76)
	at com.kms.katalon.core.webui.keyword.builtin.ClickKeyword.execute(ClickKeyword.groovy:43)
	at com.kms.katalon.core.keyword.internal.KeywordExecutor.executeKeywordForPlatform(KeywordExecutor.groovy:73)
	at com.kms.katalon.core.webui.keyword.WebUiBuiltInKeywords.click(WebUiBuiltInKeywords.groovy:616)
	at com.kms.katalon.core.webui.keyword.WebUiBuiltInKeywords$click$1.call(Unknown Source)
	at FG3D Test - Stragetic.run(FG3D Test - Stragetic:24)
	at com.kms.katalon.core.main.ScriptEngine.run(ScriptEngine.java:194)
	at com.kms.katalon.core.main.ScriptEngine.runScriptAsRawText(ScriptEngine.java:119)
	at com.kms.katalon.core.main.TestCaseExecutor.runScript(TestCaseExecutor.java:339)
	at com.kms.katalon.core.main.TestCaseExecutor.doExecute(TestCaseExecutor.java:330)
	at com.kms.katalon.core.main.TestCaseExecutor.processExecutionPhase(TestCaseExecutor.java:309)
	at com.kms.katalon.core.main.TestCaseExecutor.accessMainPhase(TestCaseExecutor.java:301)
	at com.kms.katalon.core.main.TestCaseExecutor.execute(TestCaseExecutor.java:235)
	at com.kms.katalon.core.main.TestSuiteExecutor.accessTestCaseMainPhase(TestSuiteExecutor.java:191)
	at com.kms.katalon.core.main.TestSuiteExecutor.accessTestSuiteMainPhase(TestSuiteExecutor.java:141)
	at com.kms.katalon.core.main.TestSuiteExecutor.execute(TestSuiteExecutor.java:90)
	at com.kms.katalon.core.main.TestCaseMain.startTestSuite(TestCaseMain.java:157)
	at com.kms.katalon.core.main.TestCaseMain$startTestSuite$0.call(Unknown Source)
	at TempTestSuite1601324593621.run(TempTestSuite1601324593621.groovy:39)
Caused by: org.openqa.selenium.TimeoutException: timeout: Timed out receiving message from renderer: 300.000
  (Session info: chrome=85.0.4183.121)
Build info: version: '3.141.59', revision: 'e82be7d358', time: '2018-11-14T08:25:53'
System info: host: 'c02yj0qyjgh7.lan', ip: 'fe80:0:0:0:8e5:6086:d883:e3f8%en0', os.name: 'Mac OS X', os.arch: 'x86_64', os.version: '10.15.6', java.version: '1.8.0_181'
Driver info: com.kms.katalon.selenium.driver.CChromeDriver
Capabilities {acceptInsecureCerts: false, browserName: chrome, browserVersion: 85.0.4183.121, chrome: {chromedriverVersion: 85.0.4183.87 (cd6713ebf92fa..., userDataDir: /var/folders/mk/mm0g76rn3_g...}, goog:chromeOptions: {debuggerAddress: localhost:55462}, javascriptEnabled: true, networkConnectionEnabled: false, pageLoadStrategy: normal, platform: MAC, platformName: MAC, proxy: Proxy(), setWindowRect: true, strictFileInteractability: false, timeouts: {implicit: 0, pageLoad: 300000, script: 30000}, unhandledPromptBehavior: dismiss and notify, webauthn:virtualAuthenticators: true}
Session ID: 3039d77d6f183a7eaeb2d72d52a0ac57
	at org.openqa.selenium.remote.http.W3CHttpResponseCodec.createException(W3CHttpResponseCodec.java:187)
	at org.openqa.selenium.remote.http.W3CHttpResponseCodec.decode(W3CHttpResponseCodec.java:122)
	at org.openqa.selenium.remote.http.W3CHttpResponseCodec.decode(W3CHttpResponseCodec.java:49)
	at org.openqa.selenium.remote.HttpCommandExecutor.execute(HttpCommandExecutor.java:158)
	at org.openqa.selenium.remote.service.DriverCommandExecutor.execute(DriverCommandExecutor.java:83)
	at org.openqa.selenium.remote.RemoteWebDriver.execute(RemoteWebDriver.java:552)
	at com.kms.katalon.selenium.driver.CChromeDriver.execute(CChromeDriver.java:19)
	at org.openqa.selenium.remote.RemoteWebElement.execute(RemoteWebElement.java:285)
	at org.openqa.selenium.remote.RemoteWebElement.click(RemoteWebElement.java:84)
	at org.openqa.selenium.support.events.EventFiringWebDriver$EventFiringWebElement.lambda$new$0(EventFiringWebDriver.java:404)
	at com.sun.proxy.$Proxy9.click(Unknown Source)
	at org.openqa.selenium.support.events.EventFiringWebDriver$EventFiringWebElement.click(EventFiringWebDriver.java:417)
	at com.kms.katalon.core.webui.keyword.builtin.ClickKeyword$_click_closure1.doCall(ClickKeyword.groovy:69)
	at com.kms.katalon.core.webui.keyword.builtin.ClickKeyword$_click_closure1.call(ClickKeyword.groovy)
	at com.kms.katalon.core.webui.keyword.internal.WebUIKeywordMain.runKeyword(WebUIKeywordMain.groovy:20)
	at com.kms.katalon.core.webui.keyword.builtin.ClickKeyword.click(ClickKeyword.groovy:76)
	at com.kms.katalon.core.webui.keyword.builtin.ClickKeyword.execute(ClickKeyword.groovy:43)
	at com.kms.katalon.core.keyword.internal.KeywordExecutor.executeKeywordForPlatform(KeywordExecutor.groovy:73)
	at com.kms.katalon.core.webui.keyword.WebUiBuiltInKeywords.click(WebUiBuiltInKeywords.groovy:616)
	at com.kms.katalon.core.webui.keyword.WebUiBuiltInKeywords$click$1.call(Unknown Source)
	at Script1599149155505.run(Script1599149155505.groovy:24)
	... 13 more
)

2020-09-28 18:49:11 - [MESSAGE][FAILED] - Unable to click on object 'Object Repository/Page_Home  GRiD/a_CAC  GEOAxIS Login' (Root cause: com.kms.katalon.core.exception.StepFailedException: Unable to click on object 'Object Repository/Page_Home  GRiD/a_CAC  GEOAxIS Login'
	at com.kms.katalon.core.webui.keyword.internal.WebUIKeywordMain.stepFailed(WebUIKeywordMain.groovy:64)
	at com.kms.katalon.core.webui.keyword.internal.WebUIKeywordMain.runKeyword(WebUIKeywordMain.groovy:26)
	at com.kms.katalon.core.webui.keyword.builtin.ClickKeyword.click(ClickKeyword.groovy:76)
	at com.kms.katalon.core.webui.keyword.builtin.ClickKeyword.execute(ClickKeyword.groovy:43)
	at com.kms.katalon.core.keyword.internal.KeywordExecutor.executeKeywordForPlatform(KeywordExecutor.groovy:73)
	at com.kms.katalon.core.webui.keyword.WebUiBuiltInKeywords.click(WebUiBuiltInKeywords.groovy:616)
	at com.kms.katalon.core.webui.keyword.WebUiBuiltInKeywords$click$1.call(Unknown Source)
	at FG3D Test - Stragetic.run(FG3D Test - Stragetic:24)
	at com.kms.katalon.core.main.ScriptEngine.run(ScriptEngine.java:194)
	at com.kms.katalon.core.main.ScriptEngine.runScriptAsRawText(ScriptEngine.java:119)
	at com.kms.katalon.core.main.TestCaseExecutor.runScript(TestCaseExecutor.java:339)
	at com.kms.katalon.core.main.TestCaseExecutor.doExecute(TestCaseExecutor.java:330)
	at com.kms.katalon.core.main.TestCaseExecutor.processExecutionPhase(TestCaseExecutor.java:309)
	at com.kms.katalon.core.main.TestCaseExecutor.accessMainPhase(TestCaseExecutor.java:301)
	at com.kms.katalon.core.main.TestCaseExecutor.execute(TestCaseExecutor.java:235)
	at com.kms.katalon.core.main.TestSuiteExecutor.accessTestCaseMainPhase(TestSuiteExecutor.java:191)
	at com.kms.katalon.core.main.TestSuiteExecutor.accessTestSuiteMainPhase(TestSuiteExecutor.java:141)
	at com.kms.katalon.core.main.TestSuiteExecutor.execute(TestSuiteExecutor.java:90)
	at com.kms.katalon.core.main.TestCaseMain.startTestSuite(TestCaseMain.java:157)
	at com.kms.katalon.core.main.TestCaseMain$startTestSuite$0.call(Unknown Source)
	at TempTestSuite1601324593621.run(TempTestSuite1601324593621.groovy:39)
Caused by: org.openqa.selenium.TimeoutException: timeout: Timed out receiving message from renderer: 300.000
  (Session info: chrome=85.0.4183.121)
Build info: version: '3.141.59', revision: 'e82be7d358', time: '2018-11-14T08:25:53'
System info: host: 'c02yj0qyjgh7.lan', ip: 'fe80:0:0:0:8e5:6086:d883:e3f8%en0', os.name: 'Mac OS X', os.arch: 'x86_64', os.version: '10.15.6', java.version: '1.8.0_181'
Driver info: com.kms.katalon.selenium.driver.CChromeDriver
Capabilities {acceptInsecureCerts: false, browserName: chrome, browserVersion: 85.0.4183.121, chrome: {chromedriverVersion: 85.0.4183.87 (cd6713ebf92fa..., userDataDir: /var/folders/mk/mm0g76rn3_g...}, goog:chromeOptions: {debuggerAddress: localhost:55462}, javascriptEnabled: true, networkConnectionEnabled: false, pageLoadStrategy: normal, platform: MAC, platformName: MAC, proxy: Proxy(), setWindowRect: true, strictFileInteractability: false, timeouts: {implicit: 0, pageLoad: 300000, script: 30000}, unhandledPromptBehavior: dismiss and notify, webauthn:virtualAuthenticators: true}
Session ID: 3039d77d6f183a7eaeb2d72d52a0ac57
	at org.openqa.selenium.remote.http.W3CHttpResponseCodec.createException(W3CHttpResponseCodec.java:187)
	at org.openqa.selenium.remote.http.W3CHttpResponseCodec.decode(W3CHttpResponseCodec.java:122)
	at org.openqa.selenium.remote.http.W3CHttpResponseCodec.decode(W3CHttpResponseCodec.java:49)
	at org.openqa.selenium.remote.HttpCommandExecutor.execute(HttpCommandExecutor.java:158)
	at org.openqa.selenium.remote.service.DriverCommandExecutor.execute(DriverCommandExecutor.java:83)
	at org.openqa.selenium.remote.RemoteWebDriver.execute(RemoteWebDriver.java:552)
	at com.kms.katalon.selenium.driver.CChromeDriver.execute(CChromeDriver.java:19)
	at org.openqa.selenium.remote.RemoteWebElement.execute(RemoteWebElement.java:285)
	at org.openqa.selenium.remote.RemoteWebElement.click(RemoteWebElement.java:84)
	at org.openqa.selenium.support.events.EventFiringWebDriver$EventFiringWebElement.lambda$new$0(EventFiringWebDriver.java:404)
	at com.sun.proxy.$Proxy9.click(Unknown Source)
	at org.openqa.selenium.support.events.EventFiringWebDriver$EventFiringWebElement.click(EventFiringWebDriver.java:417)
	at com.kms.katalon.core.webui.keyword.builtin.ClickKeyword$_click_closure1.doCall(ClickKeyword.groovy:69)
	at com.kms.katalon.core.webui.keyword.builtin.ClickKeyword$_click_closure1.call(ClickKeyword.groovy)
	at com.kms.katalon.core.webui.keyword.internal.WebUIKeywordMain.runKeyword(WebUIKeywordMain.groovy:20)
	at com.kms.katalon.core.webui.keyword.builtin.ClickKeyword.click(ClickKeyword.groovy:76)
	at com.kms.katalon.core.webui.keyword.builtin.ClickKeyword.execute(ClickKeyword.groovy:43)
	at com.kms.katalon.core.keyword.internal.KeywordExecutor.executeKeywordForPlatform(KeywordExecutor.groovy:73)
	at com.kms.katalon.core.webui.keyword.WebUiBuiltInKeywords.click(WebUiBuiltInKeywords.groovy:616)
	at com.kms.katalon.core.webui.keyword.WebUiBuiltInKeywords$click$1.call(Unknown Source)
	at Script1599149155505.run(Script1599149155505.groovy:24)
	... 13 more
)
[[ATTACHMENT|/Users/bhavikpatel/Downloads/Projects/CRREL/GRiD/Automation Testing/Automation Testing Project/KatalonTesting/Reports/20200928_162313/GRiD FG3D/20200928_162313/1601333350937.png]]]]></system-out>
         <system-err><![CDATA[2020-09-28 18:44:07 - [TEST_CASE][FAILED] - Test Cases/FG3D/FG3D Test - Stragetic: Test Cases/FG3D/FG3D Test - Stragetic FAILED.
Reason:
com.kms.katalon.core.exception.StepFailedException: Unable to click on object 'Object Repository/Page_Home  GRiD/a_CAC  GEOAxIS Login'
	at com.kms.katalon.core.webui.keyword.internal.WebUIKeywordMain.stepFailed(WebUIKeywordMain.groovy:64)
	at com.kms.katalon.core.webui.keyword.internal.WebUIKeywordMain.runKeyword(WebUIKeywordMain.groovy:26)
	at com.kms.katalon.core.webui.keyword.builtin.ClickKeyword.click(ClickKeyword.groovy:76)
	at com.kms.katalon.core.webui.keyword.builtin.ClickKeyword.execute(ClickKeyword.groovy:43)
	at com.kms.katalon.core.keyword.internal.KeywordExecutor.executeKeywordForPlatform(KeywordExecutor.groovy:73)
	at com.kms.katalon.core.webui.keyword.WebUiBuiltInKeywords.click(WebUiBuiltInKeywords.groovy:616)
	at com.kms.katalon.core.webui.keyword.WebUiBuiltInKeywords$click$1.call(Unknown Source)
	at FG3D Test - Stragetic.run(FG3D Test - Stragetic:24)
	at com.kms.katalon.core.main.ScriptEngine.run(ScriptEngine.java:194)
	at com.kms.katalon.core.main.ScriptEngine.runScriptAsRawText(ScriptEngine.java:119)
	at com.kms.katalon.core.main.TestCaseExecutor.runScript(TestCaseExecutor.java:339)
	at com.kms.katalon.core.main.TestCaseExecutor.doExecute(TestCaseExecutor.java:330)
	at com.kms.katalon.core.main.TestCaseExecutor.processExecutionPhase(TestCaseExecutor.java:309)
	at com.kms.katalon.core.main.TestCaseExecutor.accessMainPhase(TestCaseExecutor.java:301)
	at com.kms.katalon.core.main.TestCaseExecutor.execute(TestCaseExecutor.java:235)
	at com.kms.katalon.core.main.TestSuiteExecutor.accessTestCaseMainPhase(TestSuiteExecutor.java:191)
	at com.kms.katalon.core.main.TestSuiteExecutor.accessTestSuiteMainPhase(TestSuiteExecutor.java:141)
	at com.kms.katalon.core.main.TestSuiteExecutor.execute(TestSuiteExecutor.java:90)
	at com.kms.katalon.core.main.TestCaseMain.startTestSuite(TestCaseMain.java:157)
	at com.kms.katalon.core.main.TestCaseMain$startTestSuite$0.call(Unknown Source)
	at TempTestSuite1601324593621.run(TempTestSuite1601324593621.groovy:39)
Caused by: org.openqa.selenium.TimeoutException: timeout: Timed out receiving message from renderer: 300.000
  (Session info: chrome=85.0.4183.121)
Build info: version: '3.141.59', revision: 'e82be7d358', time: '2018-11-14T08:25:53'
System info: host: 'c02yj0qyjgh7.lan', ip: 'fe80:0:0:0:8e5:6086:d883:e3f8%en0', os.name: 'Mac OS X', os.arch: 'x86_64', os.version: '10.15.6', java.version: '1.8.0_181'
Driver info: com.kms.katalon.selenium.driver.CChromeDriver
Capabilities {acceptInsecureCerts: false, browserName: chrome, browserVersion: 85.0.4183.121, chrome: {chromedriverVersion: 85.0.4183.87 (cd6713ebf92fa..., userDataDir: /var/folders/mk/mm0g76rn3_g...}, goog:chromeOptions: {debuggerAddress: localhost:55462}, javascriptEnabled: true, networkConnectionEnabled: false, pageLoadStrategy: normal, platform: MAC, platformName: MAC, proxy: Proxy(), setWindowRect: true, strictFileInteractability: false, timeouts: {implicit: 0, pageLoad: 300000, script: 30000}, unhandledPromptBehavior: dismiss and notify, webauthn:virtualAuthenticators: true}
Session ID: 3039d77d6f183a7eaeb2d72d52a0ac57
	at org.openqa.selenium.remote.http.W3CHttpResponseCodec.createException(W3CHttpResponseCodec.java:187)
	at org.openqa.selenium.remote.http.W3CHttpResponseCodec.decode(W3CHttpResponseCodec.java:122)
	at org.openqa.selenium.remote.http.W3CHttpResponseCodec.decode(W3CHttpResponseCodec.java:49)
	at org.openqa.selenium.remote.HttpCommandExecutor.execute(HttpCommandExecutor.java:158)
	at org.openqa.selenium.remote.service.DriverCommandExecutor.execute(DriverCommandExecutor.java:83)
	at org.openqa.selenium.remote.RemoteWebDriver.execute(RemoteWebDriver.java:552)
	at com.kms.katalon.selenium.driver.CChromeDriver.execute(CChromeDriver.java:19)
	at org.openqa.selenium.remote.RemoteWebElement.execute(RemoteWebElement.java:285)
	at org.openqa.selenium.remote.RemoteWebElement.click(RemoteWebElement.java:84)
	at org.openqa.selenium.support.events.EventFiringWebDriver$EventFiringWebElement.lambda$new$0(EventFiringWebDriver.java:404)
	at com.sun.proxy.$Proxy9.click(Unknown Source)
	at org.openqa.selenium.support.events.EventFiringWebDriver$EventFiringWebElement.click(EventFiringWebDriver.java:417)
	at com.kms.katalon.core.webui.keyword.builtin.ClickKeyword$_click_closure1.doCall(ClickKeyword.groovy:69)
	at com.kms.katalon.core.webui.keyword.builtin.ClickKeyword$_click_closure1.call(ClickKeyword.groovy)
	at com.kms.katalon.core.webui.keyword.internal.WebUIKeywordMain.runKeyword(WebUIKeywordMain.groovy:20)
	... 19 more]]></system-err>
      </testcase>
      <testcase name="Test Cases/FG3D/FG3D Test - Stragetic" time="6814.812" classname="Test Cases/FG3D/FG3D Test - Stragetic" status="FAILED">
         <failure type="FAILED" message="Test Cases/FG3D/FG3D Test - Stragetic FAILED.
Reason:
com.kms.katalon.core.exception.StepFailedException: Unable to click on object 'Object Repository/Page_FG3D  GRiD/a_View on map'
	at com.kms.katalon.core.webui.keyword.internal.WebUIKeywordMain.stepFailed(WebUIKeywordMain.groovy:64)
	at com.kms.katalon.core.webui.keyword.internal.WebUIKeywordMain.runKeyword(WebUIKeywordMain.groovy:26)
	at com.kms.katalon.core.webui.keyword.builtin.ClickKeyword.click(ClickKeyword.groovy:76)
	at com.kms.katalon.core.webui.keyword.builtin.ClickKeyword.execute(ClickKeyword.groovy:43)
	at com.kms.katalon.core.keyword.internal.KeywordExecutor.executeKeywordForPlatform(KeywordExecutor.groovy:73)
	at com.kms.katalon.core.webui.keyword.WebUiBuiltInKeywords.click(WebUiBuiltInKeywords.groovy:616)
	at com.kms.katalon.core.webui.keyword.WebUiBuiltInKeywords$click$1.call(Unknown Source)
	at FG3D Test - Stragetic.run(FG3D Test - Stragetic:33)
	at com.kms.katalon.core.main.ScriptEngine.run(ScriptEngine.java:194)
	at com.kms.katalon.core.main.ScriptEngine.runScriptAsRawText(ScriptEngine.java:119)
	at com.kms.katalon.core.main.TestCaseExecutor.runScript(TestCaseExecutor.java:339)
	at com.kms.katalon.core.main.TestCaseExecutor.doExecute(TestCaseExecutor.java:330)
	at com.kms.katalon.core.main.TestCaseExecutor.processExecutionPhase(TestCaseExecutor.java:309)
	at com.kms.katalon.core.main.TestCaseExecutor.accessMainPhase(TestCaseExecutor.java:301)
	at com.kms.katalon.core.main.TestCaseExecutor.execute(TestCaseExecutor.java:235)
	at com.kms.katalon.core.main.TestSuiteExecutor.accessTestCaseMainPhase(TestSuiteExecutor.java:191)
	at com.kms.katalon.core.main.TestSuiteExecutor.accessTestSuiteMainPhase(TestSuiteExecutor.java:141)
	at com.kms.katalon.core.main.TestSuiteExecutor.execute(TestSuiteExecutor.java:90)
	at com.kms.katalon.core.main.TestCaseMain.startTestSuite(TestCaseMain.java:157)
	at com.kms.katalon.core.main.TestCaseMain$startTestSuite$0.call(Unknown Source)
	at TempTestSuite1601324593621.run(TempTestSuite1601324593621.groovy:39)
Caused by: org.openqa.selenium.ElementNotInteractableException: element not interactable
  (Session info: chrome=85.0.4183.121)
Build info: version: '3.141.59', revision: 'e82be7d358', time: '2018-11-14T08:25:53'
System info: host: 'c02yj0qyjgh7.lan', ip: 'fe80:0:0:0:8e5:6086:d883:e3f8%en0', os.name: 'Mac OS X', os.arch: 'x86_64', os.version: '10.15.6', java.version: '1.8.0_181'
Driver info: com.kms.katalon.selenium.driver.CChromeDriver
Capabilities {acceptInsecureCerts: false, browserName: chrome, browserVersion: 85.0.4183.121, chrome: {chromedriverVersion: 85.0.4183.87 (cd6713ebf92fa..., userDataDir: /var/folders/mk/mm0g76rn3_g...}, goog:chromeOptions: {debuggerAddress: localhost:55603}, javascriptEnabled: true, networkConnectionEnabled: false, pageLoadStrategy: normal, platform: MAC, platformName: MAC, proxy: Proxy(), setWindowRect: true, strictFileInteractability: false, timeouts: {implicit: 0, pageLoad: 300000, script: 30000}, unhandledPromptBehavior: dismiss and notify, webauthn:virtualAuthenticators: true}
Session ID: af37b7296327b3e93cd6fcc89d25a6e8
	at org.openqa.selenium.remote.http.W3CHttpResponseCodec.createException(W3CHttpResponseCodec.java:187)
	at org.openqa.selenium.remote.http.W3CHttpResponseCodec.decode(W3CHttpResponseCodec.java:122)
	at org.openqa.selenium.remote.http.W3CHttpResponseCodec.decode(W3CHttpResponseCodec.java:49)
	at org.openqa.selenium.remote.HttpCommandExecutor.execute(HttpCommandExecutor.java:158)
	at org.openqa.selenium.remote.service.DriverCommandExecutor.execute(DriverCommandExecutor.java:83)
	at org.openqa.selenium.remote.RemoteWebDriver.execute(RemoteWebDriver.java:552)
	at com.kms.katalon.selenium.driver.CChromeDriver.execute(CChromeDriver.java:19)
	at org.openqa.selenium.remote.RemoteWebElement.execute(RemoteWebElement.java:285)
	at org.openqa.selenium.remote.RemoteWebElement.click(RemoteWebElement.java:84)
	at org.openqa.selenium.support.events.EventFiringWebDriver$EventFiringWebElement.lambda$new$0(EventFiringWebDriver.java:404)
	at com.sun.proxy.$Proxy9.click(Unknown Source)
	at org.openqa.selenium.support.events.EventFiringWebDriver$EventFiringWebElement.click(EventFiringWebDriver.java:417)
	at com.kms.katalon.core.webui.keyword.builtin.ClickKeyword$_click_closure1.doCall(ClickKeyword.groovy:69)
	at com.kms.katalon.core.webui.keyword.builtin.ClickKeyword$_click_closure1.call(ClickKeyword.groovy)
	at com.kms.katalon.core.webui.keyword.internal.WebUIKeywordMain.runKeyword(WebUIKeywordMain.groovy:20)
	... 19 more
"/>
         <system-out><![CDATA[2020-09-28 18:49:11 - [TEST_CASE][FAILED] - Test Cases/FG3D/FG3D Test - Stragetic: Test Cases/FG3D/FG3D Test - Stragetic FAILED.
Reason:
com.kms.katalon.core.exception.StepFailedException: Unable to click on object 'Object Repository/Page_FG3D  GRiD/a_View on map'
	at com.kms.katalon.core.webui.keyword.internal.WebUIKeywordMain.stepFailed(WebUIKeywordMain.groovy:64)
	at com.kms.katalon.core.webui.keyword.internal.WebUIKeywordMain.runKeyword(WebUIKeywordMain.groovy:26)
	at com.kms.katalon.core.webui.keyword.builtin.ClickKeyword.click(ClickKeyword.groovy:76)
	at com.kms.katalon.core.webui.keyword.builtin.ClickKeyword.execute(ClickKeyword.groovy:43)
	at com.kms.katalon.core.keyword.internal.KeywordExecutor.executeKeywordForPlatform(KeywordExecutor.groovy:73)
	at com.kms.katalon.core.webui.keyword.WebUiBuiltInKeywords.click(WebUiBuiltInKeywords.groovy:616)
	at com.kms.katalon.core.webui.keyword.WebUiBuiltInKeywords$click$1.call(Unknown Source)
	at FG3D Test - Stragetic.run(FG3D Test - Stragetic:33)
	at com.kms.katalon.core.main.ScriptEngine.run(ScriptEngine.java:194)
	at com.kms.katalon.core.main.ScriptEngine.runScriptAsRawText(ScriptEngine.java:119)
	at com.kms.katalon.core.main.TestCaseExecutor.runScript(TestCaseExecutor.java:339)
	at com.kms.katalon.core.main.TestCaseExecutor.doExecute(TestCaseExecutor.java:330)
	at com.kms.katalon.core.main.TestCaseExecutor.processExecutionPhase(TestCaseExecutor.java:309)
	at com.kms.katalon.core.main.TestCaseExecutor.accessMainPhase(TestCaseExecutor.java:301)
	at com.kms.katalon.core.main.TestCaseExecutor.execute(TestCaseExecutor.java:235)
	at com.kms.katalon.core.main.TestSuiteExecutor.accessTestCaseMainPhase(TestSuiteExecutor.java:191)
	at com.kms.katalon.core.main.TestSuiteExecutor.accessTestSuiteMainPhase(TestSuiteExecutor.java:141)
	at com.kms.katalon.core.main.TestSuiteExecutor.execute(TestSuiteExecutor.java:90)
	at com.kms.katalon.core.main.TestCaseMain.startTestSuite(TestCaseMain.java:157)
	at com.kms.katalon.core.main.TestCaseMain$startTestSuite$0.call(Unknown Source)
	at TempTestSuite1601324593621.run(TempTestSuite1601324593621.groovy:39)
Caused by: org.openqa.selenium.ElementNotInteractableException: element not interactable
  (Session info: chrome=85.0.4183.121)
Build info: version: '3.141.59', revision: 'e82be7d358', time: '2018-11-14T08:25:53'
System info: host: 'c02yj0qyjgh7.lan', ip: 'fe80:0:0:0:8e5:6086:d883:e3f8%en0', os.name: 'Mac OS X', os.arch: 'x86_64', os.version: '10.15.6', java.version: '1.8.0_181'
Driver info: com.kms.katalon.selenium.driver.CChromeDriver
Capabilities {acceptInsecureCerts: false, browserName: chrome, browserVersion: 85.0.4183.121, chrome: {chromedriverVersion: 85.0.4183.87 (cd6713ebf92fa..., userDataDir: /var/folders/mk/mm0g76rn3_g...}, goog:chromeOptions: {debuggerAddress: localhost:55603}, javascriptEnabled: true, networkConnectionEnabled: false, pageLoadStrategy: normal, platform: MAC, platformName: MAC, proxy: Proxy(), setWindowRect: true, strictFileInteractability: false, timeouts: {implicit: 0, pageLoad: 300000, script: 30000}, unhandledPromptBehavior: dismiss and notify, webauthn:virtualAuthenticators: true}
Session ID: af37b7296327b3e93cd6fcc89d25a6e8
	at org.openqa.selenium.remote.http.W3CHttpResponseCodec.createException(W3CHttpResponseCodec.java:187)
	at org.openqa.selenium.remote.http.W3CHttpResponseCodec.decode(W3CHttpResponseCodec.java:122)
	at org.openqa.selenium.remote.http.W3CHttpResponseCodec.decode(W3CHttpResponseCodec.java:49)
	at org.openqa.selenium.remote.HttpCommandExecutor.execute(HttpCommandExecutor.java:158)
	at org.openqa.selenium.remote.service.DriverCommandExecutor.execute(DriverCommandExecutor.java:83)
	at org.openqa.selenium.remote.RemoteWebDriver.execute(RemoteWebDriver.java:552)
	at com.kms.katalon.selenium.driver.CChromeDriver.execute(CChromeDriver.java:19)
	at org.openqa.selenium.remote.RemoteWebElement.execute(RemoteWebElement.java:285)
	at org.openqa.selenium.remote.RemoteWebElement.click(RemoteWebElement.java:84)
	at org.openqa.selenium.support.events.EventFiringWebDriver$EventFiringWebElement.lambda$new$0(EventFiringWebDriver.java:404)
	at com.sun.proxy.$Proxy9.click(Unknown Source)
	at org.openqa.selenium.support.events.EventFiringWebDriver$EventFiringWebElement.click(EventFiringWebDriver.java:417)
	at com.kms.katalon.core.webui.keyword.builtin.ClickKeyword$_click_closure1.doCall(ClickKeyword.groovy:69)
	at com.kms.katalon.core.webui.keyword.builtin.ClickKeyword$_click_closure1.call(ClickKeyword.groovy)
	at com.kms.katalon.core.webui.keyword.internal.WebUIKeywordMain.runKeyword(WebUIKeywordMain.groovy:20)
	... 19 more


2020-09-28 18:49:11 - [TEST_STEP][PASSED] - openBrowser(""): Browser is opened with url: ''

2020-09-28 18:49:11 - [MESSAGE][WARNING] - A browser is already opened. Closing browser and opening a new one

2020-09-28 18:49:11 - [MESSAGE][INFO] - Starting 'Chrome' driver

2020-09-28 18:49:11 - [MESSAGE][INFO] - Action delay is set to 0 milliseconds

2020-09-28 18:49:13 - [MESSAGE][PASSED] - Browser is opened with url: ''

2020-09-28 18:49:13 - [TEST_STEP][PASSED] - navigateToUrl("https://grid.nga.mil/testgrid/"): Navigate to 'https://grid.nga.mil/testgrid/' successfully

2020-09-28 18:49:15 - [MESSAGE][PASSED] - Navigate to 'https://grid.nga.mil/testgrid/' successfully

2020-09-28 18:49:15 - [TEST_STEP][PASSED] - click(findTestObject("Page_Home  GRiD/a_CAC  GEOAxIS Login")): Object: 'Object Repository/Page_Home  GRiD/a_CAC  GEOAxIS Login' is clicked on

2020-09-28 18:52:08 - [MESSAGE][PASSED] - Object: 'Object Repository/Page_Home  GRiD/a_CAC  GEOAxIS Login' is clicked on

2020-09-28 18:52:08 - [TEST_STEP][PASSED] - click(findTestObject("Page_Home  GRiD/a_Share")): Object: 'Object Repository/Page_Home  GRiD/a_Share' is clicked on

2020-09-28 18:52:09 - [MESSAGE][PASSED] - Object: 'Object Repository/Page_Home  GRiD/a_Share' is clicked on

2020-09-28 18:52:09 - [TEST_STEP][PASSED] - click(findTestObject("Page_Workgroups  GRiD/a_FG3D")): Object: 'Object Repository/Page_Workgroups  GRiD/a_FG3D' is clicked on

2020-09-28 18:52:14 - [MESSAGE][PASSED] - Object: 'Object Repository/Page_Workgroups  GRiD/a_FG3D' is clicked on

2020-09-28 18:52:14 - [TEST_STEP][FAILED] - for ([row = 1, row <= findTestData("FG3D Test Data").getRowNumbers(), (row++)]): Unable to click on object 'Object Repository/Page_FG3D  GRiD/a_View on map' (Root cause: com.kms.katalon.core.exception.StepFailedException: Unable to click on object 'Object Repository/Page_FG3D  GRiD/a_View on map'
	at com.kms.katalon.core.webui.keyword.internal.WebUIKeywordMain.stepFailed(WebUIKeywordMain.groovy:64)
	at com.kms.katalon.core.webui.keyword.internal.WebUIKeywordMain.runKeyword(WebUIKeywordMain.groovy:26)
	at com.kms.katalon.core.webui.keyword.builtin.ClickKeyword.click(ClickKeyword.groovy:76)
	at com.kms.katalon.core.webui.keyword.builtin.ClickKeyword.execute(ClickKeyword.groovy:43)
	at com.kms.katalon.core.keyword.internal.KeywordExecutor.executeKeywordForPlatform(KeywordExecutor.groovy:73)
	at com.kms.katalon.core.webui.keyword.WebUiBuiltInKeywords.click(WebUiBuiltInKeywords.groovy:616)
	at com.kms.katalon.core.webui.keyword.WebUiBuiltInKeywords$click$1.call(Unknown Source)
	at FG3D Test - Stragetic.run(FG3D Test - Stragetic:33)
	at com.kms.katalon.core.main.ScriptEngine.run(ScriptEngine.java:194)
	at com.kms.katalon.core.main.ScriptEngine.runScriptAsRawText(ScriptEngine.java:119)
	at com.kms.katalon.core.main.TestCaseExecutor.runScript(TestCaseExecutor.java:339)
	at com.kms.katalon.core.main.TestCaseExecutor.doExecute(TestCaseExecutor.java:330)
	at com.kms.katalon.core.main.TestCaseExecutor.processExecutionPhase(TestCaseExecutor.java:309)
	at com.kms.katalon.core.main.TestCaseExecutor.accessMainPhase(TestCaseExecutor.java:301)
	at com.kms.katalon.core.main.TestCaseExecutor.execute(TestCaseExecutor.java:235)
	at com.kms.katalon.core.main.TestSuiteExecutor.accessTestCaseMainPhase(TestSuiteExecutor.java:191)
	at com.kms.katalon.core.main.TestSuiteExecutor.accessTestSuiteMainPhase(TestSuiteExecutor.java:141)
	at com.kms.katalon.core.main.TestSuiteExecutor.execute(TestSuiteExecutor.java:90)
	at com.kms.katalon.core.main.TestCaseMain.startTestSuite(TestCaseMain.java:157)
	at com.kms.katalon.core.main.TestCaseMain$startTestSuite$0.call(Unknown Source)
	at TempTestSuite1601324593621.run(TempTestSuite1601324593621.groovy:39)
Caused by: org.openqa.selenium.ElementNotInteractableException: element not interactable
  (Session info: chrome=85.0.4183.121)
Build info: version: '3.141.59', revision: 'e82be7d358', time: '2018-11-14T08:25:53'
System info: host: 'c02yj0qyjgh7.lan', ip: 'fe80:0:0:0:8e5:6086:d883:e3f8%en0', os.name: 'Mac OS X', os.arch: 'x86_64', os.version: '10.15.6', java.version: '1.8.0_181'
Driver info: com.kms.katalon.selenium.driver.CChromeDriver
Capabilities {acceptInsecureCerts: false, browserName: chrome, browserVersion: 85.0.4183.121, chrome: {chromedriverVersion: 85.0.4183.87 (cd6713ebf92fa..., userDataDir: /var/folders/mk/mm0g76rn3_g...}, goog:chromeOptions: {debuggerAddress: localhost:55603}, javascriptEnabled: true, networkConnectionEnabled: false, pageLoadStrategy: normal, platform: MAC, platformName: MAC, proxy: Proxy(), setWindowRect: true, strictFileInteractability: false, timeouts: {implicit: 0, pageLoad: 300000, script: 30000}, unhandledPromptBehavior: dismiss and notify, webauthn:virtualAuthenticators: true}
Session ID: af37b7296327b3e93cd6fcc89d25a6e8
	at org.openqa.selenium.remote.http.W3CHttpResponseCodec.createException(W3CHttpResponseCodec.java:187)
	at org.openqa.selenium.remote.http.W3CHttpResponseCodec.decode(W3CHttpResponseCodec.java:122)
	at org.openqa.selenium.remote.http.W3CHttpResponseCodec.decode(W3CHttpResponseCodec.java:49)
	at org.openqa.selenium.remote.HttpCommandExecutor.execute(HttpCommandExecutor.java:158)
	at org.openqa.selenium.remote.service.DriverCommandExecutor.execute(DriverCommandExecutor.java:83)
	at org.openqa.selenium.remote.RemoteWebDriver.execute(RemoteWebDriver.java:552)
	at com.kms.katalon.selenium.driver.CChromeDriver.execute(CChromeDriver.java:19)
	at org.openqa.selenium.remote.RemoteWebElement.execute(RemoteWebElement.java:285)
	at org.openqa.selenium.remote.RemoteWebElement.click(RemoteWebElement.java:84)
	at org.openqa.selenium.support.events.EventFiringWebDriver$EventFiringWebElement.lambda$new$0(EventFiringWebDriver.java:404)
	at com.sun.proxy.$Proxy9.click(Unknown Source)
	at org.openqa.selenium.support.events.EventFiringWebDriver$EventFiringWebElement.click(EventFiringWebDriver.java:417)
	at com.kms.katalon.core.webui.keyword.builtin.ClickKeyword$_click_closure1.doCall(ClickKeyword.groovy:69)
	at com.kms.katalon.core.webui.keyword.builtin.ClickKeyword$_click_closure1.call(ClickKeyword.groovy)
	at com.kms.katalon.core.webui.keyword.internal.WebUIKeywordMain.runKeyword(WebUIKeywordMain.groovy:20)
	at com.kms.katalon.core.webui.keyword.builtin.ClickKeyword.click(ClickKeyword.groovy:76)
	at com.kms.katalon.core.webui.keyword.builtin.ClickKeyword.execute(ClickKeyword.groovy:43)
	at com.kms.katalon.core.keyword.internal.KeywordExecutor.executeKeywordForPlatform(KeywordExecutor.groovy:73)
	at com.kms.katalon.core.webui.keyword.WebUiBuiltInKeywords.click(WebUiBuiltInKeywords.groovy:616)
	at com.kms.katalon.core.webui.keyword.WebUiBuiltInKeywords$click$1.call(Unknown Source)
	at Script1599149155505.run(Script1599149155505.groovy:33)
	... 13 more
)

2020-09-28 18:52:14 - [TEST_STEP][PASSED] - click(findTestObject("Object Repository/Page_FG3D  GRiD/button_AOI Options")): Object: 'Object Repository/Page_FG3D  GRiD/button_AOI Options' is clicked on

2020-09-28 18:52:15 - [MESSAGE][PASSED] - Object: 'Object Repository/Page_FG3D  GRiD/button_AOI Options' is clicked on

2020-09-28 18:52:15 - [TEST_STEP][PASSED] - click(findTestObject("Object Repository/Page_FG3D  GRiD/a_View on map")): Object: 'Object Repository/Page_FG3D  GRiD/a_View on map' is clicked on

2020-09-28 18:52:16 - [MESSAGE][PASSED] - Object: 'Object Repository/Page_FG3D  GRiD/a_View on map' is clicked on

2020-09-28 18:52:16 - [TEST_STEP][PASSED] - switchToWindowTitle("Map – GRiD"): Switched to window with title: 'Map – GRiD'

2020-09-28 18:52:18 - [MESSAGE][PASSED] - Switched to window with title: 'Map – GRiD'

2020-09-28 18:52:18 - [TEST_STEP][PASSED] - click(findTestObject("Page_Map  GRiD/input__product_id")): Object: 'Object Repository/Page_Map  GRiD/input__product_id' is clicked on

2020-09-28 18:52:18 - [MESSAGE][PASSED] - Object: 'Object Repository/Page_Map  GRiD/input__product_id' is clicked on

2020-09-28 18:52:18 - [TEST_STEP][PASSED] - click(findTestObject("Page_Map  GRiD/span_Export")): Object: 'Object Repository/Page_Map  GRiD/span_Export' is clicked on

2020-09-28 18:52:19 - [MESSAGE][PASSED] - Object: 'Object Repository/Page_Map  GRiD/span_Export' is clicked on

2020-09-28 18:52:19 - [TEST_STEP][PASSED] - setText(findTestObject("Page_Map  GRiD/input_Export Name_name"), findTestData("New Test Data - Strategic").getValue("id_name", row)): Text 'S- FG3D: GeoTiff - GeoTiff - ESRI Shapefile - ' is set on object 'Object Repository/Page_Map  GRiD/input_Export Name_name'

2020-09-28 18:52:20 - [MESSAGE][PASSED] - Text 'S- FG3D: GeoTiff - GeoTiff - ESRI Shapefile - ' is set on object 'Object Repository/Page_Map  GRiD/input_Export Name_name'

2020-09-28 18:52:20 - [TEST_STEP][PASSED] - selectOptionByLabel(findTestObject("Page_Map  GRiD/select_GeoTiff  GeoPackage  ERDAS Imagine  --- No Output ---"), findTestData("New Test Data - Strategic").getValue("id_geoint_imagery", row), true): All options with label 'GeoTiff' are selected in object 'Object Repository/Page_Map  GRiD/select_GeoTiff  GeoPackage  ERDAS Imagine  --- No Output ---'  using regular expression

2020-09-28 18:52:21 - [MESSAGE][PASSED] - All options with label 'GeoTiff' are selected in object 'Object Repository/Page_Map  GRiD/select_GeoTiff  GeoPackage  ERDAS Imagine  --- No Output ---'  using regular expression

2020-09-28 18:52:21 - [TEST_STEP][PASSED] - selectOptionByLabel(findTestObject("Page_Map  GRiD/select_GeoTiff  GeoPackage  DTED  --- No Output ---"), findTestData("New Test Data - Strategic").getValue("id_geoint_elevation", row), true): All options with label 'GeoTiff' are selected in object 'Object Repository/Page_Map  GRiD/select_GeoTiff  GeoPackage  DTED  --- No Output ---'  using regular expression

2020-09-28 18:52:22 - [MESSAGE][PASSED] - All options with label 'GeoTiff' are selected in object 'Object Repository/Page_Map  GRiD/select_GeoTiff  GeoPackage  DTED  --- No Output ---'  using regular expression

2020-09-28 18:52:22 - [TEST_STEP][PASSED] - selectOptionByLabel(findTestObject("Page_Map  GRiD/select_ESRI Shapefile  GeoPackage  KML  --- No Output ---"), findTestData("New Test Data - Strategic").getValue("id_geoint_vectors", row), true): All options with label 'ESRI Shapefile' are selected in object 'Object Repository/Page_Map  GRiD/select_ESRI Shapefile  GeoPackage  KML  --- No Output ---'  using regular expression

2020-09-28 18:52:23 - [MESSAGE][PASSED] - All options with label 'ESRI Shapefile' are selected in object 'Object Repository/Page_Map  GRiD/select_ESRI Shapefile  GeoPackage  KML  --- No Output ---'  using regular expression

2020-09-28 18:52:23 - [TEST_STEP][PASSED] - click(findTestObject("Page_Map  GRiD/button_Finish")): Object: 'Object Repository/Page_Map  GRiD/button_Finish' is clicked on

2020-09-28 18:52:23 - [MESSAGE][PASSED] - Object: 'Object Repository/Page_Map  GRiD/button_Finish' is clicked on

2020-09-28 18:52:23 - [TEST_STEP][PASSED] - click(findTestObject("Object Repository/Page_FG3D  GRiD/button_AOI Options")): Object: 'Object Repository/Page_FG3D  GRiD/button_AOI Options' is clicked on

2020-09-28 18:52:28 - [MESSAGE][PASSED] - Object: 'Object Repository/Page_FG3D  GRiD/button_AOI Options' is clicked on

2020-09-28 18:52:28 - [TEST_STEP][PASSED] - click(findTestObject("Object Repository/Page_FG3D  GRiD/a_View on map")): Object: 'Object Repository/Page_FG3D  GRiD/a_View on map' is clicked on

2020-09-28 18:52:29 - [MESSAGE][PASSED] - Object: 'Object Repository/Page_FG3D  GRiD/a_View on map' is clicked on

2020-09-28 18:52:29 - [TEST_STEP][PASSED] - switchToWindowTitle("Map – GRiD"): Switched to window with title: 'Map – GRiD'

2020-09-28 18:52:30 - [MESSAGE][PASSED] - Switched to window with title: 'Map – GRiD'

2020-09-28 18:52:30 - [TEST_STEP][PASSED] - click(findTestObject("Page_Map  GRiD/input__product_id")): Object: 'Object Repository/Page_Map  GRiD/input__product_id' is clicked on

2020-09-28 18:52:31 - [MESSAGE][PASSED] - Object: 'Object Repository/Page_Map  GRiD/input__product_id' is clicked on

2020-09-28 18:52:31 - [TEST_STEP][PASSED] - click(findTestObject("Page_Map  GRiD/span_Export")): Object: 'Object Repository/Page_Map  GRiD/span_Export' is clicked on

2020-09-28 18:52:32 - [MESSAGE][PASSED] - Object: 'Object Repository/Page_Map  GRiD/span_Export' is clicked on

2020-09-28 18:52:32 - [TEST_STEP][PASSED] - setText(findTestObject("Page_Map  GRiD/input_Export Name_name"), findTestData("New Test Data - Strategic").getValue("id_name", row)): Text 'S- FG3D: GeoTiff - GeoTiff - GeoPackage - ' is set on object 'Object Repository/Page_Map  GRiD/input_Export Name_name'

2020-09-28 18:52:33 - [MESSAGE][PASSED] - Text 'S- FG3D: GeoTiff - GeoTiff - GeoPackage - ' is set on object 'Object Repository/Page_Map  GRiD/input_Export Name_name'

2020-09-28 18:52:33 - [TEST_STEP][PASSED] - selectOptionByLabel(findTestObject("Page_Map  GRiD/select_GeoTiff  GeoPackage  ERDAS Imagine  --- No Output ---"), findTestData("New Test Data - Strategic").getValue("id_geoint_imagery", row), true): All options with label 'GeoTiff' are selected in object 'Object Repository/Page_Map  GRiD/select_GeoTiff  GeoPackage  ERDAS Imagine  --- No Output ---'  using regular expression

2020-09-28 18:52:34 - [MESSAGE][PASSED] - All options with label 'GeoTiff' are selected in object 'Object Repository/Page_Map  GRiD/select_GeoTiff  GeoPackage  ERDAS Imagine  --- No Output ---'  using regular expression

2020-09-28 18:52:34 - [TEST_STEP][PASSED] - selectOptionByLabel(findTestObject("Page_Map  GRiD/select_GeoTiff  GeoPackage  DTED  --- No Output ---"), findTestData("New Test Data - Strategic").getValue("id_geoint_elevation", row), true): All options with label 'GeoTiff' are selected in object 'Object Repository/Page_Map  GRiD/select_GeoTiff  GeoPackage  DTED  --- No Output ---'  using regular expression

2020-09-28 18:52:35 - [MESSAGE][PASSED] - All options with label 'GeoTiff' are selected in object 'Object Repository/Page_Map  GRiD/select_GeoTiff  GeoPackage  DTED  --- No Output ---'  using regular expression

2020-09-28 18:52:35 - [TEST_STEP][PASSED] - selectOptionByLabel(findTestObject("Page_Map  GRiD/select_ESRI Shapefile  GeoPackage  KML  --- No Output ---"), findTestData("New Test Data - Strategic").getValue("id_geoint_vectors", row), true): All options with label 'GeoPackage' are selected in object 'Object Repository/Page_Map  GRiD/select_ESRI Shapefile  GeoPackage  KML  --- No Output ---'  using regular expression

2020-09-28 18:52:36 - [MESSAGE][PASSED] - All options with label 'GeoPackage' are selected in object 'Object Repository/Page_Map  GRiD/select_ESRI Shapefile  GeoPackage  KML  --- No Output ---'  using regular expression

2020-09-28 18:52:36 - [TEST_STEP][PASSED] - click(findTestObject("Page_Map  GRiD/button_Finish")): Object: 'Object Repository/Page_Map  GRiD/button_Finish' is clicked on

2020-09-28 18:52:36 - [MESSAGE][PASSED] - Object: 'Object Repository/Page_Map  GRiD/button_Finish' is clicked on

2020-09-28 18:52:36 - [TEST_STEP][PASSED] - click(findTestObject("Object Repository/Page_FG3D  GRiD/button_AOI Options")): Object: 'Object Repository/Page_FG3D  GRiD/button_AOI Options' is clicked on

2020-09-28 18:52:42 - [MESSAGE][PASSED] - Object: 'Object Repository/Page_FG3D  GRiD/button_AOI Options' is clicked on

2020-09-28 18:52:42 - [TEST_STEP][PASSED] - click(findTestObject("Object Repository/Page_FG3D  GRiD/a_View on map")): Object: 'Object Repository/Page_FG3D  GRiD/a_View on map' is clicked on

2020-09-28 18:52:42 - [MESSAGE][PASSED] - Object: 'Object Repository/Page_FG3D  GRiD/a_View on map' is clicked on

2020-09-28 18:52:42 - [TEST_STEP][PASSED] - switchToWindowTitle("Map – GRiD"): Switched to window with title: 'Map – GRiD'

2020-09-28 18:52:43 - [MESSAGE][PASSED] - Switched to window with title: 'Map – GRiD'

2020-09-28 18:52:43 - [TEST_STEP][PASSED] - click(findTestObject("Page_Map  GRiD/input__product_id")): Object: 'Object Repository/Page_Map  GRiD/input__product_id' is clicked on

2020-09-28 18:52:45 - [MESSAGE][PASSED] - Object: 'Object Repository/Page_Map  GRiD/input__product_id' is clicked on

2020-09-28 18:52:45 - [TEST_STEP][PASSED] - click(findTestObject("Page_Map  GRiD/span_Export")): Object: 'Object Repository/Page_Map  GRiD/span_Export' is clicked on

2020-09-28 18:52:46 - [MESSAGE][PASSED] - Object: 'Object Repository/Page_Map  GRiD/span_Export' is clicked on

2020-09-28 18:52:46 - [TEST_STEP][PASSED] - setText(findTestObject("Page_Map  GRiD/input_Export Name_name"), findTestData("New Test Data - Strategic").getValue("id_name", row)): Text 'S- FG3D: GeoTiff - GeoTiff - KML - ' is set on object 'Object Repository/Page_Map  GRiD/input_Export Name_name'

2020-09-28 18:52:47 - [MESSAGE][PASSED] - Text 'S- FG3D: GeoTiff - GeoTiff - KML - ' is set on object 'Object Repository/Page_Map  GRiD/input_Export Name_name'

2020-09-28 18:52:47 - [TEST_STEP][PASSED] - selectOptionByLabel(findTestObject("Page_Map  GRiD/select_GeoTiff  GeoPackage  ERDAS Imagine  --- No Output ---"), findTestData("New Test Data - Strategic").getValue("id_geoint_imagery", row), true): All options with label 'GeoTiff' are selected in object 'Object Repository/Page_Map  GRiD/select_GeoTiff  GeoPackage  ERDAS Imagine  --- No Output ---'  using regular expression

2020-09-28 18:52:48 - [MESSAGE][PASSED] - All options with label 'GeoTiff' are selected in object 'Object Repository/Page_Map  GRiD/select_GeoTiff  GeoPackage  ERDAS Imagine  --- No Output ---'  using regular expression

2020-09-28 18:52:48 - [TEST_STEP][PASSED] - selectOptionByLabel(findTestObject("Page_Map  GRiD/select_GeoTiff  GeoPackage  DTED  --- No Output ---"), findTestData("New Test Data - Strategic").getValue("id_geoint_elevation", row), true): All options with label 'GeoTiff' are selected in object 'Object Repository/Page_Map  GRiD/select_GeoTiff  GeoPackage  DTED  --- No Output ---'  using regular expression

2020-09-28 18:52:48 - [MESSAGE][PASSED] - All options with label 'GeoTiff' are selected in object 'Object Repository/Page_Map  GRiD/select_GeoTiff  GeoPackage  DTED  --- No Output ---'  using regular expression

2020-09-28 18:52:48 - [TEST_STEP][PASSED] - selectOptionByLabel(findTestObject("Page_Map  GRiD/select_ESRI Shapefile  GeoPackage  KML  --- No Output ---"), findTestData("New Test Data - Strategic").getValue("id_geoint_vectors", row), true): All options with label 'KML' are selected in object 'Object Repository/Page_Map  GRiD/select_ESRI Shapefile  GeoPackage  KML  --- No Output ---'  using regular expression

2020-09-28 18:52:49 - [MESSAGE][PASSED] - All options with label 'KML' are selected in object 'Object Repository/Page_Map  GRiD/select_ESRI Shapefile  GeoPackage  KML  --- No Output ---'  using regular expression

2020-09-28 18:52:49 - [TEST_STEP][PASSED] - click(findTestObject("Page_Map  GRiD/button_Finish")): Object: 'Object Repository/Page_Map  GRiD/button_Finish' is clicked on

2020-09-28 18:52:50 - [MESSAGE][PASSED] - Object: 'Object Repository/Page_Map  GRiD/button_Finish' is clicked on

2020-09-28 18:52:50 - [TEST_STEP][PASSED] - click(findTestObject("Object Repository/Page_FG3D  GRiD/button_AOI Options")): Object: 'Object Repository/Page_FG3D  GRiD/button_AOI Options' is clicked on

2020-09-28 18:52:55 - [MESSAGE][PASSED] - Object: 'Object Repository/Page_FG3D  GRiD/button_AOI Options' is clicked on

2020-09-28 18:52:55 - [TEST_STEP][PASSED] - click(findTestObject("Object Repository/Page_FG3D  GRiD/a_View on map")): Object: 'Object Repository/Page_FG3D  GRiD/a_View on map' is clicked on

2020-09-28 18:52:56 - [MESSAGE][PASSED] - Object: 'Object Repository/Page_FG3D  GRiD/a_View on map' is clicked on

2020-09-28 18:52:56 - [TEST_STEP][PASSED] - switchToWindowTitle("Map – GRiD"): Switched to window with title: 'Map – GRiD'

2020-09-28 18:52:57 - [MESSAGE][PASSED] - Switched to window with title: 'Map – GRiD'

2020-09-28 18:52:57 - [TEST_STEP][PASSED] - click(findTestObject("Page_Map  GRiD/input__product_id")): Object: 'Object Repository/Page_Map  GRiD/input__product_id' is clicked on

2020-09-28 18:52:58 - [MESSAGE][PASSED] - Object: 'Object Repository/Page_Map  GRiD/input__product_id' is clicked on

2020-09-28 18:52:58 - [TEST_STEP][PASSED] - click(findTestObject("Page_Map  GRiD/span_Export")): Object: 'Object Repository/Page_Map  GRiD/span_Export' is clicked on

2020-09-28 18:52:59 - [MESSAGE][PASSED] - Object: 'Object Repository/Page_Map  GRiD/span_Export' is clicked on

2020-09-28 18:52:59 - [TEST_STEP][PASSED] - setText(findTestObject("Page_Map  GRiD/input_Export Name_name"), findTestData("New Test Data - Strategic").getValue("id_name", row)): Text 'S- FG3D: GeoTiff - GeoTiff - --- No Output --- - ' is set on object 'Object Repository/Page_Map  GRiD/input_Export Name_name'

2020-09-28 18:53:01 - [MESSAGE][PASSED] - Text 'S- FG3D: GeoTiff - GeoTiff - --- No Output --- - ' is set on object 'Object Repository/Page_Map  GRiD/input_Export Name_name'

2020-09-28 18:53:01 - [TEST_STEP][PASSED] - selectOptionByLabel(findTestObject("Page_Map  GRiD/select_GeoTiff  GeoPackage  ERDAS Imagine  --- No Output ---"), findTestData("New Test Data - Strategic").getValue("id_geoint_imagery", row), true): All options with label 'GeoTiff' are selected in object 'Object Repository/Page_Map  GRiD/select_GeoTiff  GeoPackage  ERDAS Imagine  --- No Output ---'  using regular expression

2020-09-28 18:53:01 - [MESSAGE][PASSED] - All options with label 'GeoTiff' are selected in object 'Object Repository/Page_Map  GRiD/select_GeoTiff  GeoPackage  ERDAS Imagine  --- No Output ---'  using regular expression

2020-09-28 18:53:01 - [TEST_STEP][PASSED] - selectOptionByLabel(findTestObject("Page_Map  GRiD/select_GeoTiff  GeoPackage  DTED  --- No Output ---"), findTestData("New Test Data - Strategic").getValue("id_geoint_elevation", row), true): All options with label 'GeoTiff' are selected in object 'Object Repository/Page_Map  GRiD/select_GeoTiff  GeoPackage  DTED  --- No Output ---'  using regular expression

2020-09-28 18:53:02 - [MESSAGE][PASSED] - All options with label 'GeoTiff' are selected in object 'Object Repository/Page_Map  GRiD/select_GeoTiff  GeoPackage  DTED  --- No Output ---'  using regular expression

2020-09-28 18:53:02 - [TEST_STEP][PASSED] - selectOptionByLabel(findTestObject("Page_Map  GRiD/select_ESRI Shapefile  GeoPackage  KML  --- No Output ---"), findTestData("New Test Data - Strategic").getValue("id_geoint_vectors", row), true): All options with label '--- No Output ---' are selected in object 'Object Repository/Page_Map  GRiD/select_ESRI Shapefile  GeoPackage  KML  --- No Output ---'  using regular expression

2020-09-28 18:53:03 - [MESSAGE][PASSED] - All options with label '--- No Output ---' are selected in object 'Object Repository/Page_Map  GRiD/select_ESRI Shapefile  GeoPackage  KML  --- No Output ---'  using regular expression

2020-09-28 18:53:03 - [TEST_STEP][PASSED] - click(findTestObject("Page_Map  GRiD/button_Finish")): Object: 'Object Repository/Page_Map  GRiD/button_Finish' is clicked on

2020-09-28 18:53:03 - [MESSAGE][PASSED] - Object: 'Object Repository/Page_Map  GRiD/button_Finish' is clicked on

2020-09-28 18:53:03 - [TEST_STEP][PASSED] - click(findTestObject("Object Repository/Page_FG3D  GRiD/button_AOI Options")): Object: 'Object Repository/Page_FG3D  GRiD/button_AOI Options' is clicked on

2020-09-28 18:53:12 - [MESSAGE][PASSED] - Object: 'Object Repository/Page_FG3D  GRiD/button_AOI Options' is clicked on

2020-09-28 18:53:12 - [TEST_STEP][PASSED] - click(findTestObject("Object Repository/Page_FG3D  GRiD/a_View on map")): Object: 'Object Repository/Page_FG3D  GRiD/a_View on map' is clicked on

2020-09-28 18:53:12 - [MESSAGE][PASSED] - Object: 'Object Repository/Page_FG3D  GRiD/a_View on map' is clicked on

2020-09-28 18:53:12 - [TEST_STEP][PASSED] - switchToWindowTitle("Map – GRiD"): Switched to window with title: 'Map – GRiD'

2020-09-28 18:53:13 - [MESSAGE][PASSED] - Switched to window with title: 'Map – GRiD'

2020-09-28 18:53:13 - [TEST_STEP][PASSED] - click(findTestObject("Page_Map  GRiD/input__product_id")): Object: 'Object Repository/Page_Map  GRiD/input__product_id' is clicked on

2020-09-28 18:53:15 - [MESSAGE][PASSED] - Object: 'Object Repository/Page_Map  GRiD/input__product_id' is clicked on

2020-09-28 18:53:15 - [TEST_STEP][PASSED] - click(findTestObject("Page_Map  GRiD/span_Export")): Object: 'Object Repository/Page_Map  GRiD/span_Export' is clicked on

2020-09-28 18:53:17 - [MESSAGE][PASSED] - Object: 'Object Repository/Page_Map  GRiD/span_Export' is clicked on

2020-09-28 18:53:17 - [TEST_STEP][PASSED] - setText(findTestObject("Page_Map  GRiD/input_Export Name_name"), findTestData("New Test Data - Strategic").getValue("id_name", row)): Text 'S- FG3D: GeoTiff - GeoPackage - ESRI Shapefile - ' is set on object 'Object Repository/Page_Map  GRiD/input_Export Name_name'

2020-09-28 18:53:19 - [MESSAGE][PASSED] - Text 'S- FG3D: GeoTiff - GeoPackage - ESRI Shapefile - ' is set on object 'Object Repository/Page_Map  GRiD/input_Export Name_name'

2020-09-28 18:53:19 - [TEST_STEP][PASSED] - selectOptionByLabel(findTestObject("Page_Map  GRiD/select_GeoTiff  GeoPackage  ERDAS Imagine  --- No Output ---"), findTestData("New Test Data - Strategic").getValue("id_geoint_imagery", row), true): All options with label 'GeoTiff' are selected in object 'Object Repository/Page_Map  GRiD/select_GeoTiff  GeoPackage  ERDAS Imagine  --- No Output ---'  using regular expression

2020-09-28 18:53:20 - [MESSAGE][PASSED] - All options with label 'GeoTiff' are selected in object 'Object Repository/Page_Map  GRiD/select_GeoTiff  GeoPackage  ERDAS Imagine  --- No Output ---'  using regular expression

2020-09-28 18:53:20 - [TEST_STEP][PASSED] - selectOptionByLabel(findTestObject("Page_Map  GRiD/select_GeoTiff  GeoPackage  DTED  --- No Output ---"), findTestData("New Test Data - Strategic").getValue("id_geoint_elevation", row), true): All options with label 'GeoPackage' are selected in object 'Object Repository/Page_Map  GRiD/select_GeoTiff  GeoPackage  DTED  --- No Output ---'  using regular expression

2020-09-28 18:53:20 - [MESSAGE][PASSED] - All options with label 'GeoPackage' are selected in object 'Object Repository/Page_Map  GRiD/select_GeoTiff  GeoPackage  DTED  --- No Output ---'  using regular expression

2020-09-28 18:53:20 - [TEST_STEP][PASSED] - selectOptionByLabel(findTestObject("Page_Map  GRiD/select_ESRI Shapefile  GeoPackage  KML  --- No Output ---"), findTestData("New Test Data - Strategic").getValue("id_geoint_vectors", row), true): All options with label 'ESRI Shapefile' are selected in object 'Object Repository/Page_Map  GRiD/select_ESRI Shapefile  GeoPackage  KML  --- No Output ---'  using regular expression

2020-09-28 18:53:22 - [MESSAGE][PASSED] - All options with label 'ESRI Shapefile' are selected in object 'Object Repository/Page_Map  GRiD/select_ESRI Shapefile  GeoPackage  KML  --- No Output ---'  using regular expression

2020-09-28 18:53:22 - [TEST_STEP][PASSED] - click(findTestObject("Page_Map  GRiD/button_Finish")): Object: 'Object Repository/Page_Map  GRiD/button_Finish' is clicked on

2020-09-28 18:53:22 - [MESSAGE][PASSED] - Object: 'Object Repository/Page_Map  GRiD/button_Finish' is clicked on

2020-09-28 18:53:22 - [TEST_STEP][PASSED] - click(findTestObject("Object Repository/Page_FG3D  GRiD/button_AOI Options")): Object: 'Object Repository/Page_FG3D  GRiD/button_AOI Options' is clicked on

2020-09-28 18:53:28 - [MESSAGE][PASSED] - Object: 'Object Repository/Page_FG3D  GRiD/button_AOI Options' is clicked on

2020-09-28 18:53:28 - [TEST_STEP][PASSED] - click(findTestObject("Object Repository/Page_FG3D  GRiD/a_View on map")): Object: 'Object Repository/Page_FG3D  GRiD/a_View on map' is clicked on

2020-09-28 18:53:29 - [MESSAGE][PASSED] - Object: 'Object Repository/Page_FG3D  GRiD/a_View on map' is clicked on

2020-09-28 18:53:29 - [TEST_STEP][PASSED] - switchToWindowTitle("Map – GRiD"): Switched to window with title: 'Map – GRiD'

2020-09-28 18:53:29 - [MESSAGE][PASSED] - Switched to window with title: 'Map – GRiD'

2020-09-28 18:53:29 - [TEST_STEP][PASSED] - click(findTestObject("Page_Map  GRiD/input__product_id")): Object: 'Object Repository/Page_Map  GRiD/input__product_id' is clicked on

2020-09-28 18:53:33 - [MESSAGE][PASSED] - Object: 'Object Repository/Page_Map  GRiD/input__product_id' is clicked on

2020-09-28 18:53:33 - [TEST_STEP][PASSED] - click(findTestObject("Page_Map  GRiD/span_Export")): Object: 'Object Repository/Page_Map  GRiD/span_Export' is clicked on

2020-09-28 18:53:33 - [MESSAGE][PASSED] - Object: 'Object Repository/Page_Map  GRiD/span_Export' is clicked on

2020-09-28 18:53:33 - [TEST_STEP][PASSED] - setText(findTestObject("Page_Map  GRiD/input_Export Name_name"), findTestData("New Test Data - Strategic").getValue("id_name", row)): Text 'S- FG3D: GeoTiff - GeoPackage - GeoPackage - ' is set on object 'Object Repository/Page_Map  GRiD/input_Export Name_name'

2020-09-28 18:53:35 - [MESSAGE][PASSED] - Text 'S- FG3D: GeoTiff - GeoPackage - GeoPackage - ' is set on object 'Object Repository/Page_Map  GRiD/input_Export Name_name'

2020-09-28 18:53:35 - [TEST_STEP][PASSED] - selectOptionByLabel(findTestObject("Page_Map  GRiD/select_GeoTiff  GeoPackage  ERDAS Imagine  --- No Output ---"), findTestData("New Test Data - Strategic").getValue("id_geoint_imagery", row), true): All options with label 'GeoTiff' are selected in object 'Object Repository/Page_Map  GRiD/select_GeoTiff  GeoPackage  ERDAS Imagine  --- No Output ---'  using regular expression

2020-09-28 18:53:36 - [MESSAGE][PASSED] - All options with label 'GeoTiff' are selected in object 'Object Repository/Page_Map  GRiD/select_GeoTiff  GeoPackage  ERDAS Imagine  --- No Output ---'  using regular expression

2020-09-28 18:53:36 - [TEST_STEP][PASSED] - selectOptionByLabel(findTestObject("Page_Map  GRiD/select_GeoTiff  GeoPackage  DTED  --- No Output ---"), findTestData("New Test Data - Strategic").getValue("id_geoint_elevation", row), true): All options with label 'GeoPackage' are selected in object 'Object Repository/Page_Map  GRiD/select_GeoTiff  GeoPackage  DTED  --- No Output ---'  using regular expression

2020-09-28 18:53:36 - [MESSAGE][PASSED] - All options with label 'GeoPackage' are selected in object 'Object Repository/Page_Map  GRiD/select_GeoTiff  GeoPackage  DTED  --- No Output ---'  using regular expression

2020-09-28 18:53:36 - [TEST_STEP][PASSED] - selectOptionByLabel(findTestObject("Page_Map  GRiD/select_ESRI Shapefile  GeoPackage  KML  --- No Output ---"), findTestData("New Test Data - Strategic").getValue("id_geoint_vectors", row), true): All options with label 'GeoPackage' are selected in object 'Object Repository/Page_Map  GRiD/select_ESRI Shapefile  GeoPackage  KML  --- No Output ---'  using regular expression

2020-09-28 18:53:38 - [MESSAGE][PASSED] - All options with label 'GeoPackage' are selected in object 'Object Repository/Page_Map  GRiD/select_ESRI Shapefile  GeoPackage  KML  --- No Output ---'  using regular expression

2020-09-28 18:53:38 - [TEST_STEP][PASSED] - click(findTestObject("Page_Map  GRiD/button_Finish")): Object: 'Object Repository/Page_Map  GRiD/button_Finish' is clicked on

2020-09-28 18:53:38 - [MESSAGE][PASSED] - Object: 'Object Repository/Page_Map  GRiD/button_Finish' is clicked on

2020-09-28 18:53:38 - [TEST_STEP][PASSED] - click(findTestObject("Object Repository/Page_FG3D  GRiD/button_AOI Options")): Object: 'Object Repository/Page_FG3D  GRiD/button_AOI Options' is clicked on

2020-09-28 18:53:44 - [MESSAGE][PASSED] - Object: 'Object Repository/Page_FG3D  GRiD/button_AOI Options' is clicked on

2020-09-28 18:53:44 - [TEST_STEP][PASSED] - click(findTestObject("Object Repository/Page_FG3D  GRiD/a_View on map")): Object: 'Object Repository/Page_FG3D  GRiD/a_View on map' is clicked on

2020-09-28 18:53:44 - [MESSAGE][PASSED] - Object: 'Object Repository/Page_FG3D  GRiD/a_View on map' is clicked on

2020-09-28 18:53:44 - [TEST_STEP][PASSED] - switchToWindowTitle("Map – GRiD"): Switched to window with title: 'Map – GRiD'

2020-09-28 18:53:45 - [MESSAGE][PASSED] - Switched to window with title: 'Map – GRiD'

2020-09-28 18:53:45 - [TEST_STEP][PASSED] - click(findTestObject("Page_Map  GRiD/input__product_id")): Object: 'Object Repository/Page_Map  GRiD/input__product_id' is clicked on

2020-09-28 18:53:47 - [MESSAGE][PASSED] - Object: 'Object Repository/Page_Map  GRiD/input__product_id' is clicked on

2020-09-28 18:53:47 - [TEST_STEP][PASSED] - click(findTestObject("Page_Map  GRiD/span_Export")): Object: 'Object Repository/Page_Map  GRiD/span_Export' is clicked on

2020-09-28 18:53:48 - [MESSAGE][PASSED] - Object: 'Object Repository/Page_Map  GRiD/span_Export' is clicked on

2020-09-28 18:53:48 - [TEST_STEP][PASSED] - setText(findTestObject("Page_Map  GRiD/input_Export Name_name"), findTestData("New Test Data - Strategic").getValue("id_name", row)): Text 'S- FG3D: GeoTiff - GeoPackage - KML - ' is set on object 'Object Repository/Page_Map  GRiD/input_Export Name_name'

2020-09-28 18:53:49 - [MESSAGE][PASSED] - Text 'S- FG3D: GeoTiff - GeoPackage - KML - ' is set on object 'Object Repository/Page_Map  GRiD/input_Export Name_name'

2020-09-28 18:53:49 - [TEST_STEP][PASSED] - selectOptionByLabel(findTestObject("Page_Map  GRiD/select_GeoTiff  GeoPackage  ERDAS Imagine  --- No Output ---"), findTestData("New Test Data - Strategic").getValue("id_geoint_imagery", row), true): All options with label 'GeoTiff' are selected in object 'Object Repository/Page_Map  GRiD/select_GeoTiff  GeoPackage  ERDAS Imagine  --- No Output ---'  using regular expression

2020-09-28 18:53:51 - [MESSAGE][PASSED] - All options with label 'GeoTiff' are selected in object 'Object Repository/Page_Map  GRiD/select_GeoTiff  GeoPackage  ERDAS Imagine  --- No Output ---'  using regular expression

2020-09-28 18:53:51 - [TEST_STEP][PASSED] - selectOptionByLabel(findTestObject("Page_Map  GRiD/select_GeoTiff  GeoPackage  DTED  --- No Output ---"), findTestData("New Test Data - Strategic").getValue("id_geoint_elevation", row), true): All options with label 'GeoPackage' are selected in object 'Object Repository/Page_Map  GRiD/select_GeoTiff  GeoPackage  DTED  --- No Output ---'  using regular expression

2020-09-28 18:53:52 - [MESSAGE][PASSED] - All options with label 'GeoPackage' are selected in object 'Object Repository/Page_Map  GRiD/select_GeoTiff  GeoPackage  DTED  --- No Output ---'  using regular expression

2020-09-28 18:53:52 - [TEST_STEP][PASSED] - selectOptionByLabel(findTestObject("Page_Map  GRiD/select_ESRI Shapefile  GeoPackage  KML  --- No Output ---"), findTestData("New Test Data - Strategic").getValue("id_geoint_vectors", row), true): All options with label 'KML' are selected in object 'Object Repository/Page_Map  GRiD/select_ESRI Shapefile  GeoPackage  KML  --- No Output ---'  using regular expression

2020-09-28 18:53:53 - [MESSAGE][PASSED] - All options with label 'KML' are selected in object 'Object Repository/Page_Map  GRiD/select_ESRI Shapefile  GeoPackage  KML  --- No Output ---'  using regular expression

2020-09-28 18:53:53 - [TEST_STEP][PASSED] - click(findTestObject("Page_Map  GRiD/button_Finish")): Object: 'Object Repository/Page_Map  GRiD/button_Finish' is clicked on

2020-09-28 20:42:40 - [MESSAGE][PASSED] - Object: 'Object Repository/Page_Map  GRiD/button_Finish' is clicked on

2020-09-28 20:42:40 - [TEST_STEP][PASSED] - click(findTestObject("Object Repository/Page_FG3D  GRiD/button_AOI Options")): Object: 'Object Repository/Page_FG3D  GRiD/button_AOI Options' is clicked on

2020-09-28 20:42:44 - [MESSAGE][PASSED] - Object: 'Object Repository/Page_FG3D  GRiD/button_AOI Options' is clicked on

2020-09-28 20:42:44 - [TEST_STEP][FAILED] - click(findTestObject("Object Repository/Page_FG3D  GRiD/a_View on map")): Unable to click on object 'Object Repository/Page_FG3D  GRiD/a_View on map' (Root cause: com.kms.katalon.core.exception.StepFailedException: Unable to click on object 'Object Repository/Page_FG3D  GRiD/a_View on map'
	at com.kms.katalon.core.webui.keyword.internal.WebUIKeywordMain.stepFailed(WebUIKeywordMain.groovy:64)
	at com.kms.katalon.core.webui.keyword.internal.WebUIKeywordMain.runKeyword(WebUIKeywordMain.groovy:26)
	at com.kms.katalon.core.webui.keyword.builtin.ClickKeyword.click(ClickKeyword.groovy:76)
	at com.kms.katalon.core.webui.keyword.builtin.ClickKeyword.execute(ClickKeyword.groovy:43)
	at com.kms.katalon.core.keyword.internal.KeywordExecutor.executeKeywordForPlatform(KeywordExecutor.groovy:73)
	at com.kms.katalon.core.webui.keyword.WebUiBuiltInKeywords.click(WebUiBuiltInKeywords.groovy:616)
	at com.kms.katalon.core.webui.keyword.WebUiBuiltInKeywords$click$1.call(Unknown Source)
	at FG3D Test - Stragetic.run(FG3D Test - Stragetic:33)
	at com.kms.katalon.core.main.ScriptEngine.run(ScriptEngine.java:194)
	at com.kms.katalon.core.main.ScriptEngine.runScriptAsRawText(ScriptEngine.java:119)
	at com.kms.katalon.core.main.TestCaseExecutor.runScript(TestCaseExecutor.java:339)
	at com.kms.katalon.core.main.TestCaseExecutor.doExecute(TestCaseExecutor.java:330)
	at com.kms.katalon.core.main.TestCaseExecutor.processExecutionPhase(TestCaseExecutor.java:309)
	at com.kms.katalon.core.main.TestCaseExecutor.accessMainPhase(TestCaseExecutor.java:301)
	at com.kms.katalon.core.main.TestCaseExecutor.execute(TestCaseExecutor.java:235)
	at com.kms.katalon.core.main.TestSuiteExecutor.accessTestCaseMainPhase(TestSuiteExecutor.java:191)
	at com.kms.katalon.core.main.TestSuiteExecutor.accessTestSuiteMainPhase(TestSuiteExecutor.java:141)
	at com.kms.katalon.core.main.TestSuiteExecutor.execute(TestSuiteExecutor.java:90)
	at com.kms.katalon.core.main.TestCaseMain.startTestSuite(TestCaseMain.java:157)
	at com.kms.katalon.core.main.TestCaseMain$startTestSuite$0.call(Unknown Source)
	at TempTestSuite1601324593621.run(TempTestSuite1601324593621.groovy:39)
Caused by: org.openqa.selenium.ElementNotInteractableException: element not interactable
  (Session info: chrome=85.0.4183.121)
Build info: version: '3.141.59', revision: 'e82be7d358', time: '2018-11-14T08:25:53'
System info: host: 'c02yj0qyjgh7.lan', ip: 'fe80:0:0:0:8e5:6086:d883:e3f8%en0', os.name: 'Mac OS X', os.arch: 'x86_64', os.version: '10.15.6', java.version: '1.8.0_181'
Driver info: com.kms.katalon.selenium.driver.CChromeDriver
Capabilities {acceptInsecureCerts: false, browserName: chrome, browserVersion: 85.0.4183.121, chrome: {chromedriverVersion: 85.0.4183.87 (cd6713ebf92fa..., userDataDir: /var/folders/mk/mm0g76rn3_g...}, goog:chromeOptions: {debuggerAddress: localhost:55603}, javascriptEnabled: true, networkConnectionEnabled: false, pageLoadStrategy: normal, platform: MAC, platformName: MAC, proxy: Proxy(), setWindowRect: true, strictFileInteractability: false, timeouts: {implicit: 0, pageLoad: 300000, script: 30000}, unhandledPromptBehavior: dismiss and notify, webauthn:virtualAuthenticators: true}
Session ID: af37b7296327b3e93cd6fcc89d25a6e8
	at org.openqa.selenium.remote.http.W3CHttpResponseCodec.createException(W3CHttpResponseCodec.java:187)
	at org.openqa.selenium.remote.http.W3CHttpResponseCodec.decode(W3CHttpResponseCodec.java:122)
	at org.openqa.selenium.remote.http.W3CHttpResponseCodec.decode(W3CHttpResponseCodec.java:49)
	at org.openqa.selenium.remote.HttpCommandExecutor.execute(HttpCommandExecutor.java:158)
	at org.openqa.selenium.remote.service.DriverCommandExecutor.execute(DriverCommandExecutor.java:83)
	at org.openqa.selenium.remote.RemoteWebDriver.execute(RemoteWebDriver.java:552)
	at com.kms.katalon.selenium.driver.CChromeDriver.execute(CChromeDriver.java:19)
	at org.openqa.selenium.remote.RemoteWebElement.execute(RemoteWebElement.java:285)
	at org.openqa.selenium.remote.RemoteWebElement.click(RemoteWebElement.java:84)
	at org.openqa.selenium.support.events.EventFiringWebDriver$EventFiringWebElement.lambda$new$0(EventFiringWebDriver.java:404)
	at com.sun.proxy.$Proxy9.click(Unknown Source)
	at org.openqa.selenium.support.events.EventFiringWebDriver$EventFiringWebElement.click(EventFiringWebDriver.java:417)
	at com.kms.katalon.core.webui.keyword.builtin.ClickKeyword$_click_closure1.doCall(ClickKeyword.groovy:69)
	at com.kms.katalon.core.webui.keyword.builtin.ClickKeyword$_click_closure1.call(ClickKeyword.groovy)
	at com.kms.katalon.core.webui.keyword.internal.WebUIKeywordMain.runKeyword(WebUIKeywordMain.groovy:20)
	at com.kms.katalon.core.webui.keyword.builtin.ClickKeyword.click(ClickKeyword.groovy:76)
	at com.kms.katalon.core.webui.keyword.builtin.ClickKeyword.execute(ClickKeyword.groovy:43)
	at com.kms.katalon.core.keyword.internal.KeywordExecutor.executeKeywordForPlatform(KeywordExecutor.groovy:73)
	at com.kms.katalon.core.webui.keyword.WebUiBuiltInKeywords.click(WebUiBuiltInKeywords.groovy:616)
	at com.kms.katalon.core.webui.keyword.WebUiBuiltInKeywords$click$1.call(Unknown Source)
	at Script1599149155505.run(Script1599149155505.groovy:33)
	... 13 more
)

2020-09-28 20:42:46 - [MESSAGE][FAILED] - Unable to click on object 'Object Repository/Page_FG3D  GRiD/a_View on map' (Root cause: com.kms.katalon.core.exception.StepFailedException: Unable to click on object 'Object Repository/Page_FG3D  GRiD/a_View on map'
	at com.kms.katalon.core.webui.keyword.internal.WebUIKeywordMain.stepFailed(WebUIKeywordMain.groovy:64)
	at com.kms.katalon.core.webui.keyword.internal.WebUIKeywordMain.runKeyword(WebUIKeywordMain.groovy:26)
	at com.kms.katalon.core.webui.keyword.builtin.ClickKeyword.click(ClickKeyword.groovy:76)
	at com.kms.katalon.core.webui.keyword.builtin.ClickKeyword.execute(ClickKeyword.groovy:43)
	at com.kms.katalon.core.keyword.internal.KeywordExecutor.executeKeywordForPlatform(KeywordExecutor.groovy:73)
	at com.kms.katalon.core.webui.keyword.WebUiBuiltInKeywords.click(WebUiBuiltInKeywords.groovy:616)
	at com.kms.katalon.core.webui.keyword.WebUiBuiltInKeywords$click$1.call(Unknown Source)
	at FG3D Test - Stragetic.run(FG3D Test - Stragetic:33)
	at com.kms.katalon.core.main.ScriptEngine.run(ScriptEngine.java:194)
	at com.kms.katalon.core.main.ScriptEngine.runScriptAsRawText(ScriptEngine.java:119)
	at com.kms.katalon.core.main.TestCaseExecutor.runScript(TestCaseExecutor.java:339)
	at com.kms.katalon.core.main.TestCaseExecutor.doExecute(TestCaseExecutor.java:330)
	at com.kms.katalon.core.main.TestCaseExecutor.processExecutionPhase(TestCaseExecutor.java:309)
	at com.kms.katalon.core.main.TestCaseExecutor.accessMainPhase(TestCaseExecutor.java:301)
	at com.kms.katalon.core.main.TestCaseExecutor.execute(TestCaseExecutor.java:235)
	at com.kms.katalon.core.main.TestSuiteExecutor.accessTestCaseMainPhase(TestSuiteExecutor.java:191)
	at com.kms.katalon.core.main.TestSuiteExecutor.accessTestSuiteMainPhase(TestSuiteExecutor.java:141)
	at com.kms.katalon.core.main.TestSuiteExecutor.execute(TestSuiteExecutor.java:90)
	at com.kms.katalon.core.main.TestCaseMain.startTestSuite(TestCaseMain.java:157)
	at com.kms.katalon.core.main.TestCaseMain$startTestSuite$0.call(Unknown Source)
	at TempTestSuite1601324593621.run(TempTestSuite1601324593621.groovy:39)
Caused by: org.openqa.selenium.ElementNotInteractableException: element not interactable
  (Session info: chrome=85.0.4183.121)
Build info: version: '3.141.59', revision: 'e82be7d358', time: '2018-11-14T08:25:53'
System info: host: 'c02yj0qyjgh7.lan', ip: 'fe80:0:0:0:8e5:6086:d883:e3f8%en0', os.name: 'Mac OS X', os.arch: 'x86_64', os.version: '10.15.6', java.version: '1.8.0_181'
Driver info: com.kms.katalon.selenium.driver.CChromeDriver
Capabilities {acceptInsecureCerts: false, browserName: chrome, browserVersion: 85.0.4183.121, chrome: {chromedriverVersion: 85.0.4183.87 (cd6713ebf92fa..., userDataDir: /var/folders/mk/mm0g76rn3_g...}, goog:chromeOptions: {debuggerAddress: localhost:55603}, javascriptEnabled: true, networkConnectionEnabled: false, pageLoadStrategy: normal, platform: MAC, platformName: MAC, proxy: Proxy(), setWindowRect: true, strictFileInteractability: false, timeouts: {implicit: 0, pageLoad: 300000, script: 30000}, unhandledPromptBehavior: dismiss and notify, webauthn:virtualAuthenticators: true}
Session ID: af37b7296327b3e93cd6fcc89d25a6e8
	at org.openqa.selenium.remote.http.W3CHttpResponseCodec.createException(W3CHttpResponseCodec.java:187)
	at org.openqa.selenium.remote.http.W3CHttpResponseCodec.decode(W3CHttpResponseCodec.java:122)
	at org.openqa.selenium.remote.http.W3CHttpResponseCodec.decode(W3CHttpResponseCodec.java:49)
	at org.openqa.selenium.remote.HttpCommandExecutor.execute(HttpCommandExecutor.java:158)
	at org.openqa.selenium.remote.service.DriverCommandExecutor.execute(DriverCommandExecutor.java:83)
	at org.openqa.selenium.remote.RemoteWebDriver.execute(RemoteWebDriver.java:552)
	at com.kms.katalon.selenium.driver.CChromeDriver.execute(CChromeDriver.java:19)
	at org.openqa.selenium.remote.RemoteWebElement.execute(RemoteWebElement.java:285)
	at org.openqa.selenium.remote.RemoteWebElement.click(RemoteWebElement.java:84)
	at org.openqa.selenium.support.events.EventFiringWebDriver$EventFiringWebElement.lambda$new$0(EventFiringWebDriver.java:404)
	at com.sun.proxy.$Proxy9.click(Unknown Source)
	at org.openqa.selenium.support.events.EventFiringWebDriver$EventFiringWebElement.click(EventFiringWebDriver.java:417)
	at com.kms.katalon.core.webui.keyword.builtin.ClickKeyword$_click_closure1.doCall(ClickKeyword.groovy:69)
	at com.kms.katalon.core.webui.keyword.builtin.ClickKeyword$_click_closure1.call(ClickKeyword.groovy)
	at com.kms.katalon.core.webui.keyword.internal.WebUIKeywordMain.runKeyword(WebUIKeywordMain.groovy:20)
	at com.kms.katalon.core.webui.keyword.builtin.ClickKeyword.click(ClickKeyword.groovy:76)
	at com.kms.katalon.core.webui.keyword.builtin.ClickKeyword.execute(ClickKeyword.groovy:43)
	at com.kms.katalon.core.keyword.internal.KeywordExecutor.executeKeywordForPlatform(KeywordExecutor.groovy:73)
	at com.kms.katalon.core.webui.keyword.WebUiBuiltInKeywords.click(WebUiBuiltInKeywords.groovy:616)
	at com.kms.katalon.core.webui.keyword.WebUiBuiltInKeywords$click$1.call(Unknown Source)
	at Script1599149155505.run(Script1599149155505.groovy:33)
	... 13 more
)
[[ATTACHMENT|/Users/bhavikpatel/Downloads/Projects/CRREL/GRiD/Automation Testing/Automation Testing Project/KatalonTesting/Reports/20200928_162313/GRiD FG3D/20200928_162313/1601340165080.png]]]]></system-out>
         <system-err><![CDATA[2020-09-28 18:49:11 - [TEST_CASE][FAILED] - Test Cases/FG3D/FG3D Test - Stragetic: Test Cases/FG3D/FG3D Test - Stragetic FAILED.
Reason:
com.kms.katalon.core.exception.StepFailedException: Unable to click on object 'Object Repository/Page_FG3D  GRiD/a_View on map'
	at com.kms.katalon.core.webui.keyword.internal.WebUIKeywordMain.stepFailed(WebUIKeywordMain.groovy:64)
	at com.kms.katalon.core.webui.keyword.internal.WebUIKeywordMain.runKeyword(WebUIKeywordMain.groovy:26)
	at com.kms.katalon.core.webui.keyword.builtin.ClickKeyword.click(ClickKeyword.groovy:76)
	at com.kms.katalon.core.webui.keyword.builtin.ClickKeyword.execute(ClickKeyword.groovy:43)
	at com.kms.katalon.core.keyword.internal.KeywordExecutor.executeKeywordForPlatform(KeywordExecutor.groovy:73)
	at com.kms.katalon.core.webui.keyword.WebUiBuiltInKeywords.click(WebUiBuiltInKeywords.groovy:616)
	at com.kms.katalon.core.webui.keyword.WebUiBuiltInKeywords$click$1.call(Unknown Source)
	at FG3D Test - Stragetic.run(FG3D Test - Stragetic:33)
	at com.kms.katalon.core.main.ScriptEngine.run(ScriptEngine.java:194)
	at com.kms.katalon.core.main.ScriptEngine.runScriptAsRawText(ScriptEngine.java:119)
	at com.kms.katalon.core.main.TestCaseExecutor.runScript(TestCaseExecutor.java:339)
	at com.kms.katalon.core.main.TestCaseExecutor.doExecute(TestCaseExecutor.java:330)
	at com.kms.katalon.core.main.TestCaseExecutor.processExecutionPhase(TestCaseExecutor.java:309)
	at com.kms.katalon.core.main.TestCaseExecutor.accessMainPhase(TestCaseExecutor.java:301)
	at com.kms.katalon.core.main.TestCaseExecutor.execute(TestCaseExecutor.java:235)
	at com.kms.katalon.core.main.TestSuiteExecutor.accessTestCaseMainPhase(TestSuiteExecutor.java:191)
	at com.kms.katalon.core.main.TestSuiteExecutor.accessTestSuiteMainPhase(TestSuiteExecutor.java:141)
	at com.kms.katalon.core.main.TestSuiteExecutor.execute(TestSuiteExecutor.java:90)
	at com.kms.katalon.core.main.TestCaseMain.startTestSuite(TestCaseMain.java:157)
	at com.kms.katalon.core.main.TestCaseMain$startTestSuite$0.call(Unknown Source)
	at TempTestSuite1601324593621.run(TempTestSuite1601324593621.groovy:39)
Caused by: org.openqa.selenium.ElementNotInteractableException: element not interactable
  (Session info: chrome=85.0.4183.121)
Build info: version: '3.141.59', revision: 'e82be7d358', time: '2018-11-14T08:25:53'
System info: host: 'c02yj0qyjgh7.lan', ip: 'fe80:0:0:0:8e5:6086:d883:e3f8%en0', os.name: 'Mac OS X', os.arch: 'x86_64', os.version: '10.15.6', java.version: '1.8.0_181'
Driver info: com.kms.katalon.selenium.driver.CChromeDriver
Capabilities {acceptInsecureCerts: false, browserName: chrome, browserVersion: 85.0.4183.121, chrome: {chromedriverVersion: 85.0.4183.87 (cd6713ebf92fa..., userDataDir: /var/folders/mk/mm0g76rn3_g...}, goog:chromeOptions: {debuggerAddress: localhost:55603}, javascriptEnabled: true, networkConnectionEnabled: false, pageLoadStrategy: normal, platform: MAC, platformName: MAC, proxy: Proxy(), setWindowRect: true, strictFileInteractability: false, timeouts: {implicit: 0, pageLoad: 300000, script: 30000}, unhandledPromptBehavior: dismiss and notify, webauthn:virtualAuthenticators: true}
Session ID: af37b7296327b3e93cd6fcc89d25a6e8
	at org.openqa.selenium.remote.http.W3CHttpResponseCodec.createException(W3CHttpResponseCodec.java:187)
	at org.openqa.selenium.remote.http.W3CHttpResponseCodec.decode(W3CHttpResponseCodec.java:122)
	at org.openqa.selenium.remote.http.W3CHttpResponseCodec.decode(W3CHttpResponseCodec.java:49)
	at org.openqa.selenium.remote.HttpCommandExecutor.execute(HttpCommandExecutor.java:158)
	at org.openqa.selenium.remote.service.DriverCommandExecutor.execute(DriverCommandExecutor.java:83)
	at org.openqa.selenium.remote.RemoteWebDriver.execute(RemoteWebDriver.java:552)
	at com.kms.katalon.selenium.driver.CChromeDriver.execute(CChromeDriver.java:19)
	at org.openqa.selenium.remote.RemoteWebElement.execute(RemoteWebElement.java:285)
	at org.openqa.selenium.remote.RemoteWebElement.click(RemoteWebElement.java:84)
	at org.openqa.selenium.support.events.EventFiringWebDriver$EventFiringWebElement.lambda$new$0(EventFiringWebDriver.java:404)
	at com.sun.proxy.$Proxy9.click(Unknown Source)
	at org.openqa.selenium.support.events.EventFiringWebDriver$EventFiringWebElement.click(EventFiringWebDriver.java:417)
	at com.kms.katalon.core.webui.keyword.builtin.ClickKeyword$_click_closure1.doCall(ClickKeyword.groovy:69)
	at com.kms.katalon.core.webui.keyword.builtin.ClickKeyword$_click_closure1.call(ClickKeyword.groovy)
	at com.kms.katalon.core.webui.keyword.internal.WebUIKeywordMain.runKeyword(WebUIKeywordMain.groovy:20)
	... 19 more]]></system-err>
      </testcase>
      <testcase name="Test Cases/FG3D/FG3D Test - Stragetic" time="2182.16" classname="Test Cases/FG3D/FG3D Test - Stragetic" status="FAILED">
         <failure type="FAILED" message="Test Cases/FG3D/FG3D Test - Stragetic FAILED.
Reason:
com.kms.katalon.core.exception.StepFailedException: Unable to click on object 'Object Repository/Page_Home  GRiD/a_Share'
	at com.kms.katalon.core.webui.keyword.internal.WebUIKeywordMain.stepFailed(WebUIKeywordMain.groovy:64)
	at com.kms.katalon.core.webui.keyword.internal.WebUIKeywordMain.runKeyword(WebUIKeywordMain.groovy:26)
	at com.kms.katalon.core.webui.keyword.builtin.ClickKeyword.click(ClickKeyword.groovy:76)
	at com.kms.katalon.core.webui.keyword.builtin.ClickKeyword.execute(ClickKeyword.groovy:43)
	at com.kms.katalon.core.keyword.internal.KeywordExecutor.executeKeywordForPlatform(KeywordExecutor.groovy:73)
	at com.kms.katalon.core.webui.keyword.WebUiBuiltInKeywords.click(WebUiBuiltInKeywords.groovy:616)
	at com.kms.katalon.core.webui.keyword.WebUiBuiltInKeywords$click$1.call(Unknown Source)
	at FG3D Test - Stragetic.run(FG3D Test - Stragetic:26)
	at com.kms.katalon.core.main.ScriptEngine.run(ScriptEngine.java:194)
	at com.kms.katalon.core.main.ScriptEngine.runScriptAsRawText(ScriptEngine.java:119)
	at com.kms.katalon.core.main.TestCaseExecutor.runScript(TestCaseExecutor.java:339)
	at com.kms.katalon.core.main.TestCaseExecutor.doExecute(TestCaseExecutor.java:330)
	at com.kms.katalon.core.main.TestCaseExecutor.processExecutionPhase(TestCaseExecutor.java:309)
	at com.kms.katalon.core.main.TestCaseExecutor.accessMainPhase(TestCaseExecutor.java:301)
	at com.kms.katalon.core.main.TestCaseExecutor.execute(TestCaseExecutor.java:235)
	at com.kms.katalon.core.main.TestSuiteExecutor.accessTestCaseMainPhase(TestSuiteExecutor.java:191)
	at com.kms.katalon.core.main.TestSuiteExecutor.accessTestSuiteMainPhase(TestSuiteExecutor.java:141)
	at com.kms.katalon.core.main.TestSuiteExecutor.execute(TestSuiteExecutor.java:90)
	at com.kms.katalon.core.main.TestCaseMain.startTestSuite(TestCaseMain.java:157)
	at com.kms.katalon.core.main.TestCaseMain$startTestSuite$0.call(Unknown Source)
	at TempTestSuite1601324593621.run(TempTestSuite1601324593621.groovy:39)
Caused by: com.kms.katalon.core.webui.exception.WebElementNotFoundException: Web element with id: 'Object Repository/Page_Home  GRiD/a_Share' located by '//div[@id='navbarToggle']/ul/li[5]/a' not found
	at com.kms.katalon.core.webui.common.WebUiCommonHelper.findWebElement(WebUiCommonHelper.java:1368)
	at com.kms.katalon.core.webui.keyword.internal.WebUIAbstractKeyword.findWebElement(WebUIAbstractKeyword.groovy:27)
	at com.kms.katalon.core.webui.keyword.internal.WebUIAbstractKeyword.findWebElement(WebUIAbstractKeyword.groovy:26)
	at com.kms.katalon.core.webui.keyword.builtin.ClickKeyword$_click_closure1.doCall(ClickKeyword.groovy:67)
	at com.kms.katalon.core.webui.keyword.builtin.ClickKeyword$_click_closure1.call(ClickKeyword.groovy)
	at com.kms.katalon.core.webui.keyword.internal.WebUIKeywordMain.runKeyword(WebUIKeywordMain.groovy:20)
	... 19 more
"/>
         <system-out><![CDATA[2020-09-28 20:42:46 - [TEST_CASE][FAILED] - Test Cases/FG3D/FG3D Test - Stragetic: Test Cases/FG3D/FG3D Test - Stragetic FAILED.
Reason:
com.kms.katalon.core.exception.StepFailedException: Unable to click on object 'Object Repository/Page_Home  GRiD/a_Share'
	at com.kms.katalon.core.webui.keyword.internal.WebUIKeywordMain.stepFailed(WebUIKeywordMain.groovy:64)
	at com.kms.katalon.core.webui.keyword.internal.WebUIKeywordMain.runKeyword(WebUIKeywordMain.groovy:26)
	at com.kms.katalon.core.webui.keyword.builtin.ClickKeyword.click(ClickKeyword.groovy:76)
	at com.kms.katalon.core.webui.keyword.builtin.ClickKeyword.execute(ClickKeyword.groovy:43)
	at com.kms.katalon.core.keyword.internal.KeywordExecutor.executeKeywordForPlatform(KeywordExecutor.groovy:73)
	at com.kms.katalon.core.webui.keyword.WebUiBuiltInKeywords.click(WebUiBuiltInKeywords.groovy:616)
	at com.kms.katalon.core.webui.keyword.WebUiBuiltInKeywords$click$1.call(Unknown Source)
	at FG3D Test - Stragetic.run(FG3D Test - Stragetic:26)
	at com.kms.katalon.core.main.ScriptEngine.run(ScriptEngine.java:194)
	at com.kms.katalon.core.main.ScriptEngine.runScriptAsRawText(ScriptEngine.java:119)
	at com.kms.katalon.core.main.TestCaseExecutor.runScript(TestCaseExecutor.java:339)
	at com.kms.katalon.core.main.TestCaseExecutor.doExecute(TestCaseExecutor.java:330)
	at com.kms.katalon.core.main.TestCaseExecutor.processExecutionPhase(TestCaseExecutor.java:309)
	at com.kms.katalon.core.main.TestCaseExecutor.accessMainPhase(TestCaseExecutor.java:301)
	at com.kms.katalon.core.main.TestCaseExecutor.execute(TestCaseExecutor.java:235)
	at com.kms.katalon.core.main.TestSuiteExecutor.accessTestCaseMainPhase(TestSuiteExecutor.java:191)
	at com.kms.katalon.core.main.TestSuiteExecutor.accessTestSuiteMainPhase(TestSuiteExecutor.java:141)
	at com.kms.katalon.core.main.TestSuiteExecutor.execute(TestSuiteExecutor.java:90)
	at com.kms.katalon.core.main.TestCaseMain.startTestSuite(TestCaseMain.java:157)
	at com.kms.katalon.core.main.TestCaseMain$startTestSuite$0.call(Unknown Source)
	at TempTestSuite1601324593621.run(TempTestSuite1601324593621.groovy:39)
Caused by: com.kms.katalon.core.webui.exception.WebElementNotFoundException: Web element with id: 'Object Repository/Page_Home  GRiD/a_Share' located by '//div[@id='navbarToggle']/ul/li[5]/a' not found
	at com.kms.katalon.core.webui.common.WebUiCommonHelper.findWebElement(WebUiCommonHelper.java:1368)
	at com.kms.katalon.core.webui.keyword.internal.WebUIAbstractKeyword.findWebElement(WebUIAbstractKeyword.groovy:27)
	at com.kms.katalon.core.webui.keyword.internal.WebUIAbstractKeyword.findWebElement(WebUIAbstractKeyword.groovy:26)
	at com.kms.katalon.core.webui.keyword.builtin.ClickKeyword$_click_closure1.doCall(ClickKeyword.groovy:67)
	at com.kms.katalon.core.webui.keyword.builtin.ClickKeyword$_click_closure1.call(ClickKeyword.groovy)
	at com.kms.katalon.core.webui.keyword.internal.WebUIKeywordMain.runKeyword(WebUIKeywordMain.groovy:20)
	... 19 more


2020-09-28 20:42:46 - [TEST_STEP][PASSED] - openBrowser(""): Browser is opened with url: ''

2020-09-28 20:42:46 - [MESSAGE][WARNING] - A browser is already opened. Closing browser and opening a new one

2020-09-28 20:42:47 - [MESSAGE][INFO] - Starting 'Chrome' driver

2020-09-28 20:42:47 - [MESSAGE][INFO] - Action delay is set to 0 milliseconds

2020-09-28 20:42:53 - [MESSAGE][PASSED] - Browser is opened with url: ''

2020-09-28 20:42:53 - [TEST_STEP][PASSED] - navigateToUrl("https://grid.nga.mil/testgrid/"): Navigate to 'https://grid.nga.mil/testgrid/' successfully

2020-09-28 20:42:58 - [MESSAGE][PASSED] - Navigate to 'https://grid.nga.mil/testgrid/' successfully

2020-09-28 20:42:58 - [TEST_STEP][PASSED] - click(findTestObject("Page_Home  GRiD/a_CAC  GEOAxIS Login")): Object: 'Object Repository/Page_Home  GRiD/a_CAC  GEOAxIS Login' is clicked on

2020-09-28 20:42:59 - [MESSAGE][PASSED] - Object: 'Object Repository/Page_Home  GRiD/a_CAC  GEOAxIS Login' is clicked on

2020-09-28 20:42:59 - [TEST_STEP][FAILED] - click(findTestObject("Page_Home  GRiD/a_Share")): Unable to click on object 'Object Repository/Page_Home  GRiD/a_Share' (Root cause: com.kms.katalon.core.exception.StepFailedException: Unable to click on object 'Object Repository/Page_Home  GRiD/a_Share'
	at com.kms.katalon.core.webui.keyword.internal.WebUIKeywordMain.stepFailed(WebUIKeywordMain.groovy:64)
	at com.kms.katalon.core.webui.keyword.internal.WebUIKeywordMain.runKeyword(WebUIKeywordMain.groovy:26)
	at com.kms.katalon.core.webui.keyword.builtin.ClickKeyword.click(ClickKeyword.groovy:76)
	at com.kms.katalon.core.webui.keyword.builtin.ClickKeyword.execute(ClickKeyword.groovy:43)
	at com.kms.katalon.core.keyword.internal.KeywordExecutor.executeKeywordForPlatform(KeywordExecutor.groovy:73)
	at com.kms.katalon.core.webui.keyword.WebUiBuiltInKeywords.click(WebUiBuiltInKeywords.groovy:616)
	at com.kms.katalon.core.webui.keyword.WebUiBuiltInKeywords$click$1.call(Unknown Source)
	at FG3D Test - Stragetic.run(FG3D Test - Stragetic:26)
	at com.kms.katalon.core.main.ScriptEngine.run(ScriptEngine.java:194)
	at com.kms.katalon.core.main.ScriptEngine.runScriptAsRawText(ScriptEngine.java:119)
	at com.kms.katalon.core.main.TestCaseExecutor.runScript(TestCaseExecutor.java:339)
	at com.kms.katalon.core.main.TestCaseExecutor.doExecute(TestCaseExecutor.java:330)
	at com.kms.katalon.core.main.TestCaseExecutor.processExecutionPhase(TestCaseExecutor.java:309)
	at com.kms.katalon.core.main.TestCaseExecutor.accessMainPhase(TestCaseExecutor.java:301)
	at com.kms.katalon.core.main.TestCaseExecutor.execute(TestCaseExecutor.java:235)
	at com.kms.katalon.core.main.TestSuiteExecutor.accessTestCaseMainPhase(TestSuiteExecutor.java:191)
	at com.kms.katalon.core.main.TestSuiteExecutor.accessTestSuiteMainPhase(TestSuiteExecutor.java:141)
	at com.kms.katalon.core.main.TestSuiteExecutor.execute(TestSuiteExecutor.java:90)
	at com.kms.katalon.core.main.TestCaseMain.startTestSuite(TestCaseMain.java:157)
	at com.kms.katalon.core.main.TestCaseMain$startTestSuite$0.call(Unknown Source)
	at TempTestSuite1601324593621.run(TempTestSuite1601324593621.groovy:39)
Caused by: com.kms.katalon.core.webui.exception.WebElementNotFoundException: Web element with id: 'Object Repository/Page_Home  GRiD/a_Share' located by '//div[@id='navbarToggle']/ul/li[5]/a' not found
	at com.kms.katalon.core.webui.common.WebUiCommonHelper.findWebElement(WebUiCommonHelper.java:1368)
	at com.kms.katalon.core.webui.keyword.internal.WebUIAbstractKeyword.findWebElement(WebUIAbstractKeyword.groovy:27)
	at com.kms.katalon.core.webui.keyword.internal.WebUIAbstractKeyword.findWebElement(WebUIAbstractKeyword.groovy:26)
	at com.kms.katalon.core.webui.keyword.builtin.ClickKeyword$_click_closure1.doCall(ClickKeyword.groovy:67)
	at com.kms.katalon.core.webui.keyword.builtin.ClickKeyword$_click_closure1.call(ClickKeyword.groovy)
	at com.kms.katalon.core.webui.keyword.internal.WebUIKeywordMain.runKeyword(WebUIKeywordMain.groovy:20)
	at com.kms.katalon.core.webui.keyword.builtin.ClickKeyword.click(ClickKeyword.groovy:76)
	at com.kms.katalon.core.webui.keyword.builtin.ClickKeyword.execute(ClickKeyword.groovy:43)
	at com.kms.katalon.core.keyword.internal.KeywordExecutor.executeKeywordForPlatform(KeywordExecutor.groovy:73)
	at com.kms.katalon.core.webui.keyword.WebUiBuiltInKeywords.click(WebUiBuiltInKeywords.groovy:616)
	at com.kms.katalon.core.webui.keyword.WebUiBuiltInKeywords$click$1.call(Unknown Source)
	at Script1599149155505.run(Script1599149155505.groovy:26)
	... 13 more
)

2020-09-28 20:43:30 - [MESSAGE][INFO] - Unable to find the element located by 'By.xpath: //div[@id='navbarToggle']/ul/li[5]/a'. Please recheck the objects properties to make sure the desired element is located. 

2020-09-28 20:43:30 - [MESSAGE][WARNING] - [SELF-HEALING] Failed to find element with id 'Object Repository/Page_Home  GRiD/a_Share'. Try using Self-healing.

2020-09-28 20:43:30 - [MESSAGE][INFO] - [SELF-HEALING] Failed Locator: '//div[@id='navbarToggle']/ul/li[5]/a'.

2020-09-28 20:43:30 - [MESSAGE][INFO] - [SELF-HEALING] Failed Locator: '//a[contains(text(),'Share')]'.

2020-09-28 20:43:30 - [MESSAGE][INFO] - [SELF-HEALING] Failed Locator: '(.//*[normalize-space(text()) and normalize-space(.)='Export'])[1]/following::a[1]'.

2020-09-28 20:43:31 - [MESSAGE][INFO] - [SELF-HEALING] Failed Locator: '(.//*[normalize-space(text()) and normalize-space(.)='Create From Geo-Coord'])[1]/following::a[2]'.

2020-09-28 20:43:31 - [MESSAGE][INFO] - [SELF-HEALING] Failed Locator: '(.//*[normalize-space(text()) and normalize-space(.)='Data Holdings'])[1]/preceding::a[1]'.

2020-09-28 20:43:31 - [MESSAGE][INFO] - [SELF-HEALING] Failed Locator: '(.//*[normalize-space(text()) and normalize-space(.)='Analytics'])[1]/preceding::a[2]'.

2020-09-28 20:43:31 - [MESSAGE][INFO] - [SELF-HEALING] Failed Locator: '//*/text()[normalize-space(.)='Share']/parent::*'.

2020-09-28 20:43:31 - [MESSAGE][INFO] - [SELF-HEALING] Failed Locator: '//a[contains(@href, '/testgrid/export/workgroups/')]'.

2020-09-28 20:43:31 - [MESSAGE][INFO] - [SELF-HEALING] Failed Locator: '//li[5]/a'.

2020-09-28 20:43:31 - [MESSAGE][INFO] - [SELF-HEALING] Failed Locator: '//div[@id='navbarToggle']/ul/li[5]/a'.

2020-09-28 20:43:31 - [MESSAGE][INFO] - [SELF-HEALING] Failed Locator: '//a[contains(text(),'Share')]'.

2020-09-28 20:43:31 - [MESSAGE][INFO] - [SELF-HEALING] Failed Locator: '(.//*[normalize-space(text()) and normalize-space(.)='Export'])[1]/following::a[1]'.

2020-09-28 20:43:31 - [MESSAGE][INFO] - [SELF-HEALING] Failed Locator: '(.//*[normalize-space(text()) and normalize-space(.)='Create From Geo-Coord'])[1]/following::a[2]'.

2020-09-28 20:43:31 - [MESSAGE][INFO] - [SELF-HEALING] Failed Locator: '(.//*[normalize-space(text()) and normalize-space(.)='Data Holdings'])[1]/preceding::a[1]'.

2020-09-28 20:43:31 - [MESSAGE][INFO] - [SELF-HEALING] Failed Locator: '(.//*[normalize-space(text()) and normalize-space(.)='Analytics'])[1]/preceding::a[2]'.

2020-09-28 20:43:31 - [MESSAGE][INFO] - [SELF-HEALING] Failed Locator: '//*/text()[normalize-space(.)='Share']/parent::*'.

2020-09-28 20:43:31 - [MESSAGE][INFO] - [SELF-HEALING] Failed Locator: '//a[contains(@href, '/testgrid/export/workgroups/')]'.

2020-09-28 20:43:31 - [MESSAGE][INFO] - [SELF-HEALING] Failed Locator: '//li[5]/a'.

2020-09-28 20:43:31 - [MESSAGE][INFO] - [SELF-HEALING] Failed Locator: '//div[@id='navbarToggle']/ul/li[5]/a'.

2020-09-28 20:43:31 - [MESSAGE][INFO] - [SELF-HEALING] Failed Locator: '//a[contains(text(),'Share')]'.

2020-09-28 20:43:31 - [MESSAGE][INFO] - [SELF-HEALING] Failed Locator: '(.//*[normalize-space(text()) and normalize-space(.)='Export'])[1]/following::a[1]'.

2020-09-28 20:43:31 - [MESSAGE][INFO] - [SELF-HEALING] Failed Locator: '(.//*[normalize-space(text()) and normalize-space(.)='Create From Geo-Coord'])[1]/following::a[2]'.

2020-09-28 20:43:31 - [MESSAGE][INFO] - [SELF-HEALING] Failed Locator: '(.//*[normalize-space(text()) and normalize-space(.)='Data Holdings'])[1]/preceding::a[1]'.

2020-09-28 20:43:31 - [MESSAGE][INFO] - [SELF-HEALING] Failed Locator: '(.//*[normalize-space(text()) and normalize-space(.)='Analytics'])[1]/preceding::a[2]'.

2020-09-28 20:43:31 - [MESSAGE][INFO] - [SELF-HEALING] Failed Locator: '//*/text()[normalize-space(.)='Share']/parent::*'.

2020-09-28 20:43:32 - [MESSAGE][INFO] - [SELF-HEALING] Failed Locator: '//a[contains(@href, '/testgrid/export/workgroups/')]'.

2020-09-28 20:43:32 - [MESSAGE][INFO] - [SELF-HEALING] Failed Locator: '//li[5]/a'.

2020-09-28 20:43:33 - [MESSAGE][INFO] - Unable to find the element located by 'By.xpath: //*[@href = '/testgrid/export/workgroups/' and (text() = 'Share' or . = 'Share')]'. Please recheck the objects properties to make sure the desired element is located. 

2020-09-28 20:43:34 - [MESSAGE][INFO] - Unable to find the element located by 'By.cssSelector: '. Please recheck the objects properties to make sure the desired element is located. 

2020-09-28 21:19:08 - [MESSAGE][FAILED] - Unable to click on object 'Object Repository/Page_Home  GRiD/a_Share' (Root cause: com.kms.katalon.core.exception.StepFailedException: Unable to click on object 'Object Repository/Page_Home  GRiD/a_Share'
	at com.kms.katalon.core.webui.keyword.internal.WebUIKeywordMain.stepFailed(WebUIKeywordMain.groovy:64)
	at com.kms.katalon.core.webui.keyword.internal.WebUIKeywordMain.runKeyword(WebUIKeywordMain.groovy:26)
	at com.kms.katalon.core.webui.keyword.builtin.ClickKeyword.click(ClickKeyword.groovy:76)
	at com.kms.katalon.core.webui.keyword.builtin.ClickKeyword.execute(ClickKeyword.groovy:43)
	at com.kms.katalon.core.keyword.internal.KeywordExecutor.executeKeywordForPlatform(KeywordExecutor.groovy:73)
	at com.kms.katalon.core.webui.keyword.WebUiBuiltInKeywords.click(WebUiBuiltInKeywords.groovy:616)
	at com.kms.katalon.core.webui.keyword.WebUiBuiltInKeywords$click$1.call(Unknown Source)
	at FG3D Test - Stragetic.run(FG3D Test - Stragetic:26)
	at com.kms.katalon.core.main.ScriptEngine.run(ScriptEngine.java:194)
	at com.kms.katalon.core.main.ScriptEngine.runScriptAsRawText(ScriptEngine.java:119)
	at com.kms.katalon.core.main.TestCaseExecutor.runScript(TestCaseExecutor.java:339)
	at com.kms.katalon.core.main.TestCaseExecutor.doExecute(TestCaseExecutor.java:330)
	at com.kms.katalon.core.main.TestCaseExecutor.processExecutionPhase(TestCaseExecutor.java:309)
	at com.kms.katalon.core.main.TestCaseExecutor.accessMainPhase(TestCaseExecutor.java:301)
	at com.kms.katalon.core.main.TestCaseExecutor.execute(TestCaseExecutor.java:235)
	at com.kms.katalon.core.main.TestSuiteExecutor.accessTestCaseMainPhase(TestSuiteExecutor.java:191)
	at com.kms.katalon.core.main.TestSuiteExecutor.accessTestSuiteMainPhase(TestSuiteExecutor.java:141)
	at com.kms.katalon.core.main.TestSuiteExecutor.execute(TestSuiteExecutor.java:90)
	at com.kms.katalon.core.main.TestCaseMain.startTestSuite(TestCaseMain.java:157)
	at com.kms.katalon.core.main.TestCaseMain$startTestSuite$0.call(Unknown Source)
	at TempTestSuite1601324593621.run(TempTestSuite1601324593621.groovy:39)
Caused by: com.kms.katalon.core.webui.exception.WebElementNotFoundException: Web element with id: 'Object Repository/Page_Home  GRiD/a_Share' located by '//div[@id='navbarToggle']/ul/li[5]/a' not found
	at com.kms.katalon.core.webui.common.WebUiCommonHelper.findWebElement(WebUiCommonHelper.java:1368)
	at com.kms.katalon.core.webui.keyword.internal.WebUIAbstractKeyword.findWebElement(WebUIAbstractKeyword.groovy:27)
	at com.kms.katalon.core.webui.keyword.internal.WebUIAbstractKeyword.findWebElement(WebUIAbstractKeyword.groovy:26)
	at com.kms.katalon.core.webui.keyword.builtin.ClickKeyword$_click_closure1.doCall(ClickKeyword.groovy:67)
	at com.kms.katalon.core.webui.keyword.builtin.ClickKeyword$_click_closure1.call(ClickKeyword.groovy)
	at com.kms.katalon.core.webui.keyword.internal.WebUIKeywordMain.runKeyword(WebUIKeywordMain.groovy:20)
	at com.kms.katalon.core.webui.keyword.builtin.ClickKeyword.click(ClickKeyword.groovy:76)
	at com.kms.katalon.core.webui.keyword.builtin.ClickKeyword.execute(ClickKeyword.groovy:43)
	at com.kms.katalon.core.keyword.internal.KeywordExecutor.executeKeywordForPlatform(KeywordExecutor.groovy:73)
	at com.kms.katalon.core.webui.keyword.WebUiBuiltInKeywords.click(WebUiBuiltInKeywords.groovy:616)
	at com.kms.katalon.core.webui.keyword.WebUiBuiltInKeywords$click$1.call(Unknown Source)
	at Script1599149155505.run(Script1599149155505.groovy:26)
	... 13 more
)
[[ATTACHMENT|/Users/bhavikpatel/Downloads/Projects/CRREL/GRiD/Automation Testing/Automation Testing Project/KatalonTesting/Reports/20200928_162313/GRiD FG3D/20200928_162313/1601340214093.png]]]]></system-out>
         <system-err><![CDATA[2020-09-28 20:42:46 - [TEST_CASE][FAILED] - Test Cases/FG3D/FG3D Test - Stragetic: Test Cases/FG3D/FG3D Test - Stragetic FAILED.
Reason:
com.kms.katalon.core.exception.StepFailedException: Unable to click on object 'Object Repository/Page_Home  GRiD/a_Share'
	at com.kms.katalon.core.webui.keyword.internal.WebUIKeywordMain.stepFailed(WebUIKeywordMain.groovy:64)
	at com.kms.katalon.core.webui.keyword.internal.WebUIKeywordMain.runKeyword(WebUIKeywordMain.groovy:26)
	at com.kms.katalon.core.webui.keyword.builtin.ClickKeyword.click(ClickKeyword.groovy:76)
	at com.kms.katalon.core.webui.keyword.builtin.ClickKeyword.execute(ClickKeyword.groovy:43)
	at com.kms.katalon.core.keyword.internal.KeywordExecutor.executeKeywordForPlatform(KeywordExecutor.groovy:73)
	at com.kms.katalon.core.webui.keyword.WebUiBuiltInKeywords.click(WebUiBuiltInKeywords.groovy:616)
	at com.kms.katalon.core.webui.keyword.WebUiBuiltInKeywords$click$1.call(Unknown Source)
	at FG3D Test - Stragetic.run(FG3D Test - Stragetic:26)
	at com.kms.katalon.core.main.ScriptEngine.run(ScriptEngine.java:194)
	at com.kms.katalon.core.main.ScriptEngine.runScriptAsRawText(ScriptEngine.java:119)
	at com.kms.katalon.core.main.TestCaseExecutor.runScript(TestCaseExecutor.java:339)
	at com.kms.katalon.core.main.TestCaseExecutor.doExecute(TestCaseExecutor.java:330)
	at com.kms.katalon.core.main.TestCaseExecutor.processExecutionPhase(TestCaseExecutor.java:309)
	at com.kms.katalon.core.main.TestCaseExecutor.accessMainPhase(TestCaseExecutor.java:301)
	at com.kms.katalon.core.main.TestCaseExecutor.execute(TestCaseExecutor.java:235)
	at com.kms.katalon.core.main.TestSuiteExecutor.accessTestCaseMainPhase(TestSuiteExecutor.java:191)
	at com.kms.katalon.core.main.TestSuiteExecutor.accessTestSuiteMainPhase(TestSuiteExecutor.java:141)
	at com.kms.katalon.core.main.TestSuiteExecutor.execute(TestSuiteExecutor.java:90)
	at com.kms.katalon.core.main.TestCaseMain.startTestSuite(TestCaseMain.java:157)
	at com.kms.katalon.core.main.TestCaseMain$startTestSuite$0.call(Unknown Source)
	at TempTestSuite1601324593621.run(TempTestSuite1601324593621.groovy:39)
Caused by: com.kms.katalon.core.webui.exception.WebElementNotFoundException: Web element with id: 'Object Repository/Page_Home  GRiD/a_Share' located by '//div[@id='navbarToggle']/ul/li[5]/a' not found
	at com.kms.katalon.core.webui.common.WebUiCommonHelper.findWebElement(WebUiCommonHelper.java:1368)
	at com.kms.katalon.core.webui.keyword.internal.WebUIAbstractKeyword.findWebElement(WebUIAbstractKeyword.groovy:27)
	at com.kms.katalon.core.webui.keyword.internal.WebUIAbstractKeyword.findWebElement(WebUIAbstractKeyword.groovy:26)
	at com.kms.katalon.core.webui.keyword.builtin.ClickKeyword$_click_closure1.doCall(ClickKeyword.groovy:67)
	at com.kms.katalon.core.webui.keyword.builtin.ClickKeyword$_click_closure1.call(ClickKeyword.groovy)
	at com.kms.katalon.core.webui.keyword.internal.WebUIKeywordMain.runKeyword(WebUIKeywordMain.groovy:20)
	... 19 more]]></system-err>
      </testcase>
      <testcase name="Test Cases/FG3D/FG3D Test - Stragetic" time="79.801" classname="Test Cases/FG3D/FG3D Test - Stragetic" status="FAILED">
         <failure type="FAILED" message="Test Cases/FG3D/FG3D Test - Stragetic FAILED.
Reason:
com.kms.katalon.core.exception.StepFailedException: Unable to click on object 'Object Repository/Page_Workgroups  GRiD/a_FG3D'
	at com.kms.katalon.core.webui.keyword.internal.WebUIKeywordMain.stepFailed(WebUIKeywordMain.groovy:64)
	at com.kms.katalon.core.webui.keyword.internal.WebUIKeywordMain.runKeyword(WebUIKeywordMain.groovy:26)
	at com.kms.katalon.core.webui.keyword.builtin.ClickKeyword.click(ClickKeyword.groovy:76)
	at com.kms.katalon.core.webui.keyword.builtin.ClickKeyword.execute(ClickKeyword.groovy:43)
	at com.kms.katalon.core.keyword.internal.KeywordExecutor.executeKeywordForPlatform(KeywordExecutor.groovy:73)
	at com.kms.katalon.core.webui.keyword.WebUiBuiltInKeywords.click(WebUiBuiltInKeywords.groovy:616)
	at com.kms.katalon.core.webui.keyword.WebUiBuiltInKeywords$click$1.call(Unknown Source)
	at FG3D Test - Stragetic.run(FG3D Test - Stragetic:28)
	at com.kms.katalon.core.main.ScriptEngine.run(ScriptEngine.java:194)
	at com.kms.katalon.core.main.ScriptEngine.runScriptAsRawText(ScriptEngine.java:119)
	at com.kms.katalon.core.main.TestCaseExecutor.runScript(TestCaseExecutor.java:339)
	at com.kms.katalon.core.main.TestCaseExecutor.doExecute(TestCaseExecutor.java:330)
	at com.kms.katalon.core.main.TestCaseExecutor.processExecutionPhase(TestCaseExecutor.java:309)
	at com.kms.katalon.core.main.TestCaseExecutor.accessMainPhase(TestCaseExecutor.java:301)
	at com.kms.katalon.core.main.TestCaseExecutor.execute(TestCaseExecutor.java:235)
	at com.kms.katalon.core.main.TestSuiteExecutor.accessTestCaseMainPhase(TestSuiteExecutor.java:191)
	at com.kms.katalon.core.main.TestSuiteExecutor.accessTestSuiteMainPhase(TestSuiteExecutor.java:141)
	at com.kms.katalon.core.main.TestSuiteExecutor.execute(TestSuiteExecutor.java:90)
	at com.kms.katalon.core.main.TestCaseMain.startTestSuite(TestCaseMain.java:157)
	at com.kms.katalon.core.main.TestCaseMain$startTestSuite$0.call(Unknown Source)
	at TempTestSuite1601324593621.run(TempTestSuite1601324593621.groovy:39)
Caused by: com.kms.katalon.core.webui.exception.WebElementNotFoundException: Web element with id: 'Object Repository/Page_Workgroups  GRiD/a_FG3D' located by '//div[@id='workgroupExportTree']/a[10]' not found
	at com.kms.katalon.core.webui.common.WebUiCommonHelper.findWebElement(WebUiCommonHelper.java:1368)
	at com.kms.katalon.core.webui.keyword.internal.WebUIAbstractKeyword.findWebElement(WebUIAbstractKeyword.groovy:27)
	at com.kms.katalon.core.webui.keyword.internal.WebUIAbstractKeyword.findWebElement(WebUIAbstractKeyword.groovy:26)
	at com.kms.katalon.core.webui.keyword.builtin.ClickKeyword$_click_closure1.doCall(ClickKeyword.groovy:67)
	at com.kms.katalon.core.webui.keyword.builtin.ClickKeyword$_click_closure1.call(ClickKeyword.groovy)
	at com.kms.katalon.core.webui.keyword.internal.WebUIKeywordMain.runKeyword(WebUIKeywordMain.groovy:20)
	... 19 more
"/>
         <system-out><![CDATA[2020-09-28 21:19:08 - [TEST_CASE][FAILED] - Test Cases/FG3D/FG3D Test - Stragetic: Test Cases/FG3D/FG3D Test - Stragetic FAILED.
Reason:
com.kms.katalon.core.exception.StepFailedException: Unable to click on object 'Object Repository/Page_Workgroups  GRiD/a_FG3D'
	at com.kms.katalon.core.webui.keyword.internal.WebUIKeywordMain.stepFailed(WebUIKeywordMain.groovy:64)
	at com.kms.katalon.core.webui.keyword.internal.WebUIKeywordMain.runKeyword(WebUIKeywordMain.groovy:26)
	at com.kms.katalon.core.webui.keyword.builtin.ClickKeyword.click(ClickKeyword.groovy:76)
	at com.kms.katalon.core.webui.keyword.builtin.ClickKeyword.execute(ClickKeyword.groovy:43)
	at com.kms.katalon.core.keyword.internal.KeywordExecutor.executeKeywordForPlatform(KeywordExecutor.groovy:73)
	at com.kms.katalon.core.webui.keyword.WebUiBuiltInKeywords.click(WebUiBuiltInKeywords.groovy:616)
	at com.kms.katalon.core.webui.keyword.WebUiBuiltInKeywords$click$1.call(Unknown Source)
	at FG3D Test - Stragetic.run(FG3D Test - Stragetic:28)
	at com.kms.katalon.core.main.ScriptEngine.run(ScriptEngine.java:194)
	at com.kms.katalon.core.main.ScriptEngine.runScriptAsRawText(ScriptEngine.java:119)
	at com.kms.katalon.core.main.TestCaseExecutor.runScript(TestCaseExecutor.java:339)
	at com.kms.katalon.core.main.TestCaseExecutor.doExecute(TestCaseExecutor.java:330)
	at com.kms.katalon.core.main.TestCaseExecutor.processExecutionPhase(TestCaseExecutor.java:309)
	at com.kms.katalon.core.main.TestCaseExecutor.accessMainPhase(TestCaseExecutor.java:301)
	at com.kms.katalon.core.main.TestCaseExecutor.execute(TestCaseExecutor.java:235)
	at com.kms.katalon.core.main.TestSuiteExecutor.accessTestCaseMainPhase(TestSuiteExecutor.java:191)
	at com.kms.katalon.core.main.TestSuiteExecutor.accessTestSuiteMainPhase(TestSuiteExecutor.java:141)
	at com.kms.katalon.core.main.TestSuiteExecutor.execute(TestSuiteExecutor.java:90)
	at com.kms.katalon.core.main.TestCaseMain.startTestSuite(TestCaseMain.java:157)
	at com.kms.katalon.core.main.TestCaseMain$startTestSuite$0.call(Unknown Source)
	at TempTestSuite1601324593621.run(TempTestSuite1601324593621.groovy:39)
Caused by: com.kms.katalon.core.webui.exception.WebElementNotFoundException: Web element with id: 'Object Repository/Page_Workgroups  GRiD/a_FG3D' located by '//div[@id='workgroupExportTree']/a[10]' not found
	at com.kms.katalon.core.webui.common.WebUiCommonHelper.findWebElement(WebUiCommonHelper.java:1368)
	at com.kms.katalon.core.webui.keyword.internal.WebUIAbstractKeyword.findWebElement(WebUIAbstractKeyword.groovy:27)
	at com.kms.katalon.core.webui.keyword.internal.WebUIAbstractKeyword.findWebElement(WebUIAbstractKeyword.groovy:26)
	at com.kms.katalon.core.webui.keyword.builtin.ClickKeyword$_click_closure1.doCall(ClickKeyword.groovy:67)
	at com.kms.katalon.core.webui.keyword.builtin.ClickKeyword$_click_closure1.call(ClickKeyword.groovy)
	at com.kms.katalon.core.webui.keyword.internal.WebUIKeywordMain.runKeyword(WebUIKeywordMain.groovy:20)
	... 19 more


2020-09-28 21:19:08 - [TEST_STEP][PASSED] - openBrowser(""): Browser is opened with url: ''

2020-09-28 21:19:08 - [MESSAGE][WARNING] - A browser is already opened. Closing browser and opening a new one

2020-09-28 21:19:08 - [MESSAGE][INFO] - Starting 'Chrome' driver

2020-09-28 21:19:08 - [MESSAGE][INFO] - Action delay is set to 0 milliseconds

2020-09-28 21:19:09 - [MESSAGE][PASSED] - Browser is opened with url: ''

2020-09-28 21:19:09 - [TEST_STEP][PASSED] - navigateToUrl("https://grid.nga.mil/testgrid/"): Navigate to 'https://grid.nga.mil/testgrid/' successfully

2020-09-28 21:19:11 - [MESSAGE][PASSED] - Navigate to 'https://grid.nga.mil/testgrid/' successfully

2020-09-28 21:19:11 - [TEST_STEP][PASSED] - click(findTestObject("Page_Home  GRiD/a_CAC  GEOAxIS Login")): Object: 'Object Repository/Page_Home  GRiD/a_CAC  GEOAxIS Login' is clicked on

2020-09-28 21:19:16 - [MESSAGE][PASSED] - Object: 'Object Repository/Page_Home  GRiD/a_CAC  GEOAxIS Login' is clicked on

2020-09-28 21:19:16 - [TEST_STEP][PASSED] - click(findTestObject("Page_Home  GRiD/a_Share")): Object: 'Object Repository/Page_Home  GRiD/a_Share' is clicked on

2020-09-28 21:19:48 - [MESSAGE][INFO] - Unable to find the element located by 'By.xpath: //div[@id='navbarToggle']/ul/li[5]/a'. Please recheck the objects properties to make sure the desired element is located. 

2020-09-28 21:19:48 - [MESSAGE][WARNING] - [SELF-HEALING] Failed to find element with id 'Object Repository/Page_Home  GRiD/a_Share'. Try using Self-healing.

2020-09-28 21:19:48 - [MESSAGE][INFO] - [SELF-HEALING] Failed Locator: '//div[@id='navbarToggle']/ul/li[5]/a'.

2020-09-28 21:19:48 - [MESSAGE][INFO] - [SELF-HEALING] Failed Locator: '//a[contains(text(),'Share')]'.

2020-09-28 21:19:48 - [MESSAGE][INFO] - [SELF-HEALING] Failed Locator: '(.//*[normalize-space(text()) and normalize-space(.)='Export'])[1]/following::a[1]'.

2020-09-28 21:19:49 - [MESSAGE][INFO] - [SELF-HEALING] Failed Locator: '(.//*[normalize-space(text()) and normalize-space(.)='Create From Geo-Coord'])[1]/following::a[2]'.

2020-09-28 21:19:49 - [MESSAGE][INFO] - [SELF-HEALING] Failed Locator: '(.//*[normalize-space(text()) and normalize-space(.)='Data Holdings'])[1]/preceding::a[1]'.

2020-09-28 21:19:49 - [MESSAGE][INFO] - [SELF-HEALING] Failed Locator: '(.//*[normalize-space(text()) and normalize-space(.)='Analytics'])[1]/preceding::a[2]'.

2020-09-28 21:19:49 - [MESSAGE][INFO] - [SELF-HEALING] Failed Locator: '//*/text()[normalize-space(.)='Share']/parent::*'.

2020-09-28 21:19:50 - [MESSAGE][INFO] - [SELF-HEALING] Failed Locator: '//a[contains(@href, '/testgrid/export/workgroups/')]'.

2020-09-28 21:19:50 - [MESSAGE][INFO] - [SELF-HEALING] Working Locator: '//li[5]/a'.

2020-09-28 21:19:51 - [MESSAGE][INFO] - [SELF-HEALING] Screenshot: /Users/bhavikpatel/Downloads/Projects/CRREL/GRiD/Automation Testing/Automation Testing Project/KatalonTesting/Reports/Self-healing/Object Repository/Page_Home  GRiD/a_Share_position.png

2020-09-28 21:19:51 - [MESSAGE][WARNING] - [SELF-HEALING] The current locator of test object 'Object Repository/Page_Home  GRiD/a_Share' was broken. Propose an alternative one: '//li[5]/a'.

2020-09-28 21:19:51 - [MESSAGE][PASSED] - Object: 'Object Repository/Page_Home  GRiD/a_Share' is clicked on

2020-09-28 21:19:51 - [TEST_STEP][FAILED] - click(findTestObject("Page_Workgroups  GRiD/a_FG3D")): Unable to click on object 'Object Repository/Page_Workgroups  GRiD/a_FG3D' (Root cause: com.kms.katalon.core.exception.StepFailedException: Unable to click on object 'Object Repository/Page_Workgroups  GRiD/a_FG3D'
	at com.kms.katalon.core.webui.keyword.internal.WebUIKeywordMain.stepFailed(WebUIKeywordMain.groovy:64)
	at com.kms.katalon.core.webui.keyword.internal.WebUIKeywordMain.runKeyword(WebUIKeywordMain.groovy:26)
	at com.kms.katalon.core.webui.keyword.builtin.ClickKeyword.click(ClickKeyword.groovy:76)
	at com.kms.katalon.core.webui.keyword.builtin.ClickKeyword.execute(ClickKeyword.groovy:43)
	at com.kms.katalon.core.keyword.internal.KeywordExecutor.executeKeywordForPlatform(KeywordExecutor.groovy:73)
	at com.kms.katalon.core.webui.keyword.WebUiBuiltInKeywords.click(WebUiBuiltInKeywords.groovy:616)
	at com.kms.katalon.core.webui.keyword.WebUiBuiltInKeywords$click$1.call(Unknown Source)
	at FG3D Test - Stragetic.run(FG3D Test - Stragetic:28)
	at com.kms.katalon.core.main.ScriptEngine.run(ScriptEngine.java:194)
	at com.kms.katalon.core.main.ScriptEngine.runScriptAsRawText(ScriptEngine.java:119)
	at com.kms.katalon.core.main.TestCaseExecutor.runScript(TestCaseExecutor.java:339)
	at com.kms.katalon.core.main.TestCaseExecutor.doExecute(TestCaseExecutor.java:330)
	at com.kms.katalon.core.main.TestCaseExecutor.processExecutionPhase(TestCaseExecutor.java:309)
	at com.kms.katalon.core.main.TestCaseExecutor.accessMainPhase(TestCaseExecutor.java:301)
	at com.kms.katalon.core.main.TestCaseExecutor.execute(TestCaseExecutor.java:235)
	at com.kms.katalon.core.main.TestSuiteExecutor.accessTestCaseMainPhase(TestSuiteExecutor.java:191)
	at com.kms.katalon.core.main.TestSuiteExecutor.accessTestSuiteMainPhase(TestSuiteExecutor.java:141)
	at com.kms.katalon.core.main.TestSuiteExecutor.execute(TestSuiteExecutor.java:90)
	at com.kms.katalon.core.main.TestCaseMain.startTestSuite(TestCaseMain.java:157)
	at com.kms.katalon.core.main.TestCaseMain$startTestSuite$0.call(Unknown Source)
	at TempTestSuite1601324593621.run(TempTestSuite1601324593621.groovy:39)
Caused by: com.kms.katalon.core.webui.exception.WebElementNotFoundException: Web element with id: 'Object Repository/Page_Workgroups  GRiD/a_FG3D' located by '//div[@id='workgroupExportTree']/a[10]' not found
	at com.kms.katalon.core.webui.common.WebUiCommonHelper.findWebElement(WebUiCommonHelper.java:1368)
	at com.kms.katalon.core.webui.keyword.internal.WebUIAbstractKeyword.findWebElement(WebUIAbstractKeyword.groovy:27)
	at com.kms.katalon.core.webui.keyword.internal.WebUIAbstractKeyword.findWebElement(WebUIAbstractKeyword.groovy:26)
	at com.kms.katalon.core.webui.keyword.builtin.ClickKeyword$_click_closure1.doCall(ClickKeyword.groovy:67)
	at com.kms.katalon.core.webui.keyword.builtin.ClickKeyword$_click_closure1.call(ClickKeyword.groovy)
	at com.kms.katalon.core.webui.keyword.internal.WebUIKeywordMain.runKeyword(WebUIKeywordMain.groovy:20)
	at com.kms.katalon.core.webui.keyword.builtin.ClickKeyword.click(ClickKeyword.groovy:76)
	at com.kms.katalon.core.webui.keyword.builtin.ClickKeyword.execute(ClickKeyword.groovy:43)
	at com.kms.katalon.core.keyword.internal.KeywordExecutor.executeKeywordForPlatform(KeywordExecutor.groovy:73)
	at com.kms.katalon.core.webui.keyword.WebUiBuiltInKeywords.click(WebUiBuiltInKeywords.groovy:616)
	at com.kms.katalon.core.webui.keyword.WebUiBuiltInKeywords$click$1.call(Unknown Source)
	at Script1599149155505.run(Script1599149155505.groovy:28)
	... 13 more
)

2020-09-28 21:20:23 - [MESSAGE][INFO] - Unable to find the element located by 'By.xpath: //div[@id='workgroupExportTree']/a[10]'. Please recheck the objects properties to make sure the desired element is located. 

2020-09-28 21:20:23 - [MESSAGE][WARNING] - [SELF-HEALING] Failed to find element with id 'Object Repository/Page_Workgroups  GRiD/a_FG3D'. Try using Self-healing.

2020-09-28 21:20:23 - [MESSAGE][INFO] - [SELF-HEALING] Failed Locator: '//div[@id='workgroupExportTree']/a[10]'.

2020-09-28 21:20:23 - [MESSAGE][INFO] - [SELF-HEALING] Failed Locator: '//a[contains(text(),'FG3D')]'.

2020-09-28 21:20:23 - [MESSAGE][INFO] - [SELF-HEALING] Failed Locator: '(.//*[normalize-space(text()) and normalize-space(.)='DTED2 DTM'])[1]/following::a[1]'.

2020-09-28 21:20:24 - [MESSAGE][INFO] - [SELF-HEALING] Failed Locator: '(.//*[normalize-space(text()) and normalize-space(.)='DTED0 DTM'])[1]/following::a[2]'.

2020-09-28 21:20:24 - [MESSAGE][INFO] - [SELF-HEALING] Failed Locator: '(.//*[normalize-space(text()) and normalize-space(.)='SRT2F DSM'])[1]/preceding::a[1]'.

2020-09-28 21:20:24 - [MESSAGE][INFO] - [SELF-HEALING] Failed Locator: '(.//*[normalize-space(text()) and normalize-space(.)='TDT DSM'])[1]/preceding::a[2]'.

2020-09-28 21:20:25 - [MESSAGE][INFO] - [SELF-HEALING] Failed Locator: '//*/text()[normalize-space(.)='FG3D']/parent::*'.

2020-09-28 21:20:25 - [MESSAGE][INFO] - [SELF-HEALING] Failed Locator: '//a[contains(@href, '/testgrid/export/aoi/36914/')]'.

2020-09-28 21:20:25 - [MESSAGE][INFO] - [SELF-HEALING] Failed Locator: '//div[2]/a[10]'.

2020-09-28 21:20:26 - [MESSAGE][INFO] - Unable to find the element located by 'By.xpath: //*[@href = '/testgrid/export/aoi/36914/' and (text() = '
            FG3D
            
              
              
            
          ' or . = '
            FG3D
            
              
              
            
          ')]'. Please recheck the objects properties to make sure the desired element is located. 

2020-09-28 21:20:27 - [MESSAGE][INFO] - Unable to find the element located by 'By.cssSelector: '. Please recheck the objects properties to make sure the desired element is located. 

2020-09-28 21:20:28 - [MESSAGE][FAILED] - Unable to click on object 'Object Repository/Page_Workgroups  GRiD/a_FG3D' (Root cause: com.kms.katalon.core.exception.StepFailedException: Unable to click on object 'Object Repository/Page_Workgroups  GRiD/a_FG3D'
	at com.kms.katalon.core.webui.keyword.internal.WebUIKeywordMain.stepFailed(WebUIKeywordMain.groovy:64)
	at com.kms.katalon.core.webui.keyword.internal.WebUIKeywordMain.runKeyword(WebUIKeywordMain.groovy:26)
	at com.kms.katalon.core.webui.keyword.builtin.ClickKeyword.click(ClickKeyword.groovy:76)
	at com.kms.katalon.core.webui.keyword.builtin.ClickKeyword.execute(ClickKeyword.groovy:43)
	at com.kms.katalon.core.keyword.internal.KeywordExecutor.executeKeywordForPlatform(KeywordExecutor.groovy:73)
	at com.kms.katalon.core.webui.keyword.WebUiBuiltInKeywords.click(WebUiBuiltInKeywords.groovy:616)
	at com.kms.katalon.core.webui.keyword.WebUiBuiltInKeywords$click$1.call(Unknown Source)
	at FG3D Test - Stragetic.run(FG3D Test - Stragetic:28)
	at com.kms.katalon.core.main.ScriptEngine.run(ScriptEngine.java:194)
	at com.kms.katalon.core.main.ScriptEngine.runScriptAsRawText(ScriptEngine.java:119)
	at com.kms.katalon.core.main.TestCaseExecutor.runScript(TestCaseExecutor.java:339)
	at com.kms.katalon.core.main.TestCaseExecutor.doExecute(TestCaseExecutor.java:330)
	at com.kms.katalon.core.main.TestCaseExecutor.processExecutionPhase(TestCaseExecutor.java:309)
	at com.kms.katalon.core.main.TestCaseExecutor.accessMainPhase(TestCaseExecutor.java:301)
	at com.kms.katalon.core.main.TestCaseExecutor.execute(TestCaseExecutor.java:235)
	at com.kms.katalon.core.main.TestSuiteExecutor.accessTestCaseMainPhase(TestSuiteExecutor.java:191)
	at com.kms.katalon.core.main.TestSuiteExecutor.accessTestSuiteMainPhase(TestSuiteExecutor.java:141)
	at com.kms.katalon.core.main.TestSuiteExecutor.execute(TestSuiteExecutor.java:90)
	at com.kms.katalon.core.main.TestCaseMain.startTestSuite(TestCaseMain.java:157)
	at com.kms.katalon.core.main.TestCaseMain$startTestSuite$0.call(Unknown Source)
	at TempTestSuite1601324593621.run(TempTestSuite1601324593621.groovy:39)
Caused by: com.kms.katalon.core.webui.exception.WebElementNotFoundException: Web element with id: 'Object Repository/Page_Workgroups  GRiD/a_FG3D' located by '//div[@id='workgroupExportTree']/a[10]' not found
	at com.kms.katalon.core.webui.common.WebUiCommonHelper.findWebElement(WebUiCommonHelper.java:1368)
	at com.kms.katalon.core.webui.keyword.internal.WebUIAbstractKeyword.findWebElement(WebUIAbstractKeyword.groovy:27)
	at com.kms.katalon.core.webui.keyword.internal.WebUIAbstractKeyword.findWebElement(WebUIAbstractKeyword.groovy:26)
	at com.kms.katalon.core.webui.keyword.builtin.ClickKeyword$_click_closure1.doCall(ClickKeyword.groovy:67)
	at com.kms.katalon.core.webui.keyword.builtin.ClickKeyword$_click_closure1.call(ClickKeyword.groovy)
	at com.kms.katalon.core.webui.keyword.internal.WebUIKeywordMain.runKeyword(WebUIKeywordMain.groovy:20)
	at com.kms.katalon.core.webui.keyword.builtin.ClickKeyword.click(ClickKeyword.groovy:76)
	at com.kms.katalon.core.webui.keyword.builtin.ClickKeyword.execute(ClickKeyword.groovy:43)
	at com.kms.katalon.core.keyword.internal.KeywordExecutor.executeKeywordForPlatform(KeywordExecutor.groovy:73)
	at com.kms.katalon.core.webui.keyword.WebUiBuiltInKeywords.click(WebUiBuiltInKeywords.groovy:616)
	at com.kms.katalon.core.webui.keyword.WebUiBuiltInKeywords$click$1.call(Unknown Source)
	at Script1599149155505.run(Script1599149155505.groovy:28)
	... 13 more
)
[[ATTACHMENT|/Users/bhavikpatel/Downloads/Projects/CRREL/GRiD/Automation Testing/Automation Testing Project/KatalonTesting/Reports/20200928_162313/GRiD FG3D/20200928_162313/1601342427934.png]]]]></system-out>
         <system-err><![CDATA[2020-09-28 21:19:08 - [TEST_CASE][FAILED] - Test Cases/FG3D/FG3D Test - Stragetic: Test Cases/FG3D/FG3D Test - Stragetic FAILED.
Reason:
com.kms.katalon.core.exception.StepFailedException: Unable to click on object 'Object Repository/Page_Workgroups  GRiD/a_FG3D'
	at com.kms.katalon.core.webui.keyword.internal.WebUIKeywordMain.stepFailed(WebUIKeywordMain.groovy:64)
	at com.kms.katalon.core.webui.keyword.internal.WebUIKeywordMain.runKeyword(WebUIKeywordMain.groovy:26)
	at com.kms.katalon.core.webui.keyword.builtin.ClickKeyword.click(ClickKeyword.groovy:76)
	at com.kms.katalon.core.webui.keyword.builtin.ClickKeyword.execute(ClickKeyword.groovy:43)
	at com.kms.katalon.core.keyword.internal.KeywordExecutor.executeKeywordForPlatform(KeywordExecutor.groovy:73)
	at com.kms.katalon.core.webui.keyword.WebUiBuiltInKeywords.click(WebUiBuiltInKeywords.groovy:616)
	at com.kms.katalon.core.webui.keyword.WebUiBuiltInKeywords$click$1.call(Unknown Source)
	at FG3D Test - Stragetic.run(FG3D Test - Stragetic:28)
	at com.kms.katalon.core.main.ScriptEngine.run(ScriptEngine.java:194)
	at com.kms.katalon.core.main.ScriptEngine.runScriptAsRawText(ScriptEngine.java:119)
	at com.kms.katalon.core.main.TestCaseExecutor.runScript(TestCaseExecutor.java:339)
	at com.kms.katalon.core.main.TestCaseExecutor.doExecute(TestCaseExecutor.java:330)
	at com.kms.katalon.core.main.TestCaseExecutor.processExecutionPhase(TestCaseExecutor.java:309)
	at com.kms.katalon.core.main.TestCaseExecutor.accessMainPhase(TestCaseExecutor.java:301)
	at com.kms.katalon.core.main.TestCaseExecutor.execute(TestCaseExecutor.java:235)
	at com.kms.katalon.core.main.TestSuiteExecutor.accessTestCaseMainPhase(TestSuiteExecutor.java:191)
	at com.kms.katalon.core.main.TestSuiteExecutor.accessTestSuiteMainPhase(TestSuiteExecutor.java:141)
	at com.kms.katalon.core.main.TestSuiteExecutor.execute(TestSuiteExecutor.java:90)
	at com.kms.katalon.core.main.TestCaseMain.startTestSuite(TestCaseMain.java:157)
	at com.kms.katalon.core.main.TestCaseMain$startTestSuite$0.call(Unknown Source)
	at TempTestSuite1601324593621.run(TempTestSuite1601324593621.groovy:39)
Caused by: com.kms.katalon.core.webui.exception.WebElementNotFoundException: Web element with id: 'Object Repository/Page_Workgroups  GRiD/a_FG3D' located by '//div[@id='workgroupExportTree']/a[10]' not found
	at com.kms.katalon.core.webui.common.WebUiCommonHelper.findWebElement(WebUiCommonHelper.java:1368)
	at com.kms.katalon.core.webui.keyword.internal.WebUIAbstractKeyword.findWebElement(WebUIAbstractKeyword.groovy:27)
	at com.kms.katalon.core.webui.keyword.internal.WebUIAbstractKeyword.findWebElement(WebUIAbstractKeyword.groovy:26)
	at com.kms.katalon.core.webui.keyword.builtin.ClickKeyword$_click_closure1.doCall(ClickKeyword.groovy:67)
	at com.kms.katalon.core.webui.keyword.builtin.ClickKeyword$_click_closure1.call(ClickKeyword.groovy)
	at com.kms.katalon.core.webui.keyword.internal.WebUIKeywordMain.runKeyword(WebUIKeywordMain.groovy:20)
	... 19 more]]></system-err>
      </testcase>
      <testcase name="Test Cases/FG3D/FG3D Test - Stragetic" time="80.987" classname="Test Cases/FG3D/FG3D Test - Stragetic" status="FAILED">
         <failure type="FAILED" message="Test Cases/FG3D/FG3D Test - Stragetic FAILED.
Reason:
com.kms.katalon.core.exception.StepFailedException: Unable to click on object 'Object Repository/Page_Workgroups  GRiD/a_FG3D'
	at com.kms.katalon.core.webui.keyword.internal.WebUIKeywordMain.stepFailed(WebUIKeywordMain.groovy:64)
	at com.kms.katalon.core.webui.keyword.internal.WebUIKeywordMain.runKeyword(WebUIKeywordMain.groovy:26)
	at com.kms.katalon.core.webui.keyword.builtin.ClickKeyword.click(ClickKeyword.groovy:76)
	at com.kms.katalon.core.webui.keyword.builtin.ClickKeyword.execute(ClickKeyword.groovy:43)
	at com.kms.katalon.core.keyword.internal.KeywordExecutor.executeKeywordForPlatform(KeywordExecutor.groovy:73)
	at com.kms.katalon.core.webui.keyword.WebUiBuiltInKeywords.click(WebUiBuiltInKeywords.groovy:616)
	at com.kms.katalon.core.webui.keyword.WebUiBuiltInKeywords$click$1.call(Unknown Source)
	at FG3D Test - Stragetic.run(FG3D Test - Stragetic:28)
	at com.kms.katalon.core.main.ScriptEngine.run(ScriptEngine.java:194)
	at com.kms.katalon.core.main.ScriptEngine.runScriptAsRawText(ScriptEngine.java:119)
	at com.kms.katalon.core.main.TestCaseExecutor.runScript(TestCaseExecutor.java:339)
	at com.kms.katalon.core.main.TestCaseExecutor.doExecute(TestCaseExecutor.java:330)
	at com.kms.katalon.core.main.TestCaseExecutor.processExecutionPhase(TestCaseExecutor.java:309)
	at com.kms.katalon.core.main.TestCaseExecutor.accessMainPhase(TestCaseExecutor.java:301)
	at com.kms.katalon.core.main.TestCaseExecutor.execute(TestCaseExecutor.java:235)
	at com.kms.katalon.core.main.TestSuiteExecutor.accessTestCaseMainPhase(TestSuiteExecutor.java:191)
	at com.kms.katalon.core.main.TestSuiteExecutor.accessTestSuiteMainPhase(TestSuiteExecutor.java:141)
	at com.kms.katalon.core.main.TestSuiteExecutor.execute(TestSuiteExecutor.java:90)
	at com.kms.katalon.core.main.TestCaseMain.startTestSuite(TestCaseMain.java:157)
	at com.kms.katalon.core.main.TestCaseMain$startTestSuite$0.call(Unknown Source)
	at TempTestSuite1601324593621.run(TempTestSuite1601324593621.groovy:39)
Caused by: com.kms.katalon.core.webui.exception.WebElementNotFoundException: Web element with id: 'Object Repository/Page_Workgroups  GRiD/a_FG3D' located by '//div[@id='workgroupExportTree']/a[10]' not found
	at com.kms.katalon.core.webui.common.WebUiCommonHelper.findWebElement(WebUiCommonHelper.java:1368)
	at com.kms.katalon.core.webui.keyword.internal.WebUIAbstractKeyword.findWebElement(WebUIAbstractKeyword.groovy:27)
	at com.kms.katalon.core.webui.keyword.internal.WebUIAbstractKeyword.findWebElement(WebUIAbstractKeyword.groovy:26)
	at com.kms.katalon.core.webui.keyword.builtin.ClickKeyword$_click_closure1.doCall(ClickKeyword.groovy:67)
	at com.kms.katalon.core.webui.keyword.builtin.ClickKeyword$_click_closure1.call(ClickKeyword.groovy)
	at com.kms.katalon.core.webui.keyword.internal.WebUIKeywordMain.runKeyword(WebUIKeywordMain.groovy:20)
	... 19 more
"/>
         <system-out><![CDATA[2020-09-28 21:20:28 - [TEST_CASE][FAILED] - Test Cases/FG3D/FG3D Test - Stragetic: Test Cases/FG3D/FG3D Test - Stragetic FAILED.
Reason:
com.kms.katalon.core.exception.StepFailedException: Unable to click on object 'Object Repository/Page_Workgroups  GRiD/a_FG3D'
	at com.kms.katalon.core.webui.keyword.internal.WebUIKeywordMain.stepFailed(WebUIKeywordMain.groovy:64)
	at com.kms.katalon.core.webui.keyword.internal.WebUIKeywordMain.runKeyword(WebUIKeywordMain.groovy:26)
	at com.kms.katalon.core.webui.keyword.builtin.ClickKeyword.click(ClickKeyword.groovy:76)
	at com.kms.katalon.core.webui.keyword.builtin.ClickKeyword.execute(ClickKeyword.groovy:43)
	at com.kms.katalon.core.keyword.internal.KeywordExecutor.executeKeywordForPlatform(KeywordExecutor.groovy:73)
	at com.kms.katalon.core.webui.keyword.WebUiBuiltInKeywords.click(WebUiBuiltInKeywords.groovy:616)
	at com.kms.katalon.core.webui.keyword.WebUiBuiltInKeywords$click$1.call(Unknown Source)
	at FG3D Test - Stragetic.run(FG3D Test - Stragetic:28)
	at com.kms.katalon.core.main.ScriptEngine.run(ScriptEngine.java:194)
	at com.kms.katalon.core.main.ScriptEngine.runScriptAsRawText(ScriptEngine.java:119)
	at com.kms.katalon.core.main.TestCaseExecutor.runScript(TestCaseExecutor.java:339)
	at com.kms.katalon.core.main.TestCaseExecutor.doExecute(TestCaseExecutor.java:330)
	at com.kms.katalon.core.main.TestCaseExecutor.processExecutionPhase(TestCaseExecutor.java:309)
	at com.kms.katalon.core.main.TestCaseExecutor.accessMainPhase(TestCaseExecutor.java:301)
	at com.kms.katalon.core.main.TestCaseExecutor.execute(TestCaseExecutor.java:235)
	at com.kms.katalon.core.main.TestSuiteExecutor.accessTestCaseMainPhase(TestSuiteExecutor.java:191)
	at com.kms.katalon.core.main.TestSuiteExecutor.accessTestSuiteMainPhase(TestSuiteExecutor.java:141)
	at com.kms.katalon.core.main.TestSuiteExecutor.execute(TestSuiteExecutor.java:90)
	at com.kms.katalon.core.main.TestCaseMain.startTestSuite(TestCaseMain.java:157)
	at com.kms.katalon.core.main.TestCaseMain$startTestSuite$0.call(Unknown Source)
	at TempTestSuite1601324593621.run(TempTestSuite1601324593621.groovy:39)
Caused by: com.kms.katalon.core.webui.exception.WebElementNotFoundException: Web element with id: 'Object Repository/Page_Workgroups  GRiD/a_FG3D' located by '//div[@id='workgroupExportTree']/a[10]' not found
	at com.kms.katalon.core.webui.common.WebUiCommonHelper.findWebElement(WebUiCommonHelper.java:1368)
	at com.kms.katalon.core.webui.keyword.internal.WebUIAbstractKeyword.findWebElement(WebUIAbstractKeyword.groovy:27)
	at com.kms.katalon.core.webui.keyword.internal.WebUIAbstractKeyword.findWebElement(WebUIAbstractKeyword.groovy:26)
	at com.kms.katalon.core.webui.keyword.builtin.ClickKeyword$_click_closure1.doCall(ClickKeyword.groovy:67)
	at com.kms.katalon.core.webui.keyword.builtin.ClickKeyword$_click_closure1.call(ClickKeyword.groovy)
	at com.kms.katalon.core.webui.keyword.internal.WebUIKeywordMain.runKeyword(WebUIKeywordMain.groovy:20)
	... 19 more


2020-09-28 21:20:28 - [TEST_STEP][PASSED] - openBrowser(""): Browser is opened with url: ''

2020-09-28 21:20:28 - [MESSAGE][WARNING] - A browser is already opened. Closing browser and opening a new one

2020-09-28 21:20:29 - [MESSAGE][INFO] - Starting 'Chrome' driver

2020-09-28 21:20:29 - [MESSAGE][INFO] - Action delay is set to 0 milliseconds

2020-09-28 21:20:32 - [MESSAGE][PASSED] - Browser is opened with url: ''

2020-09-28 21:20:32 - [TEST_STEP][PASSED] - navigateToUrl("https://grid.nga.mil/testgrid/"): Navigate to 'https://grid.nga.mil/testgrid/' successfully

2020-09-28 21:20:35 - [MESSAGE][PASSED] - Navigate to 'https://grid.nga.mil/testgrid/' successfully

2020-09-28 21:20:35 - [TEST_STEP][PASSED] - click(findTestObject("Page_Home  GRiD/a_CAC  GEOAxIS Login")): Object: 'Object Repository/Page_Home  GRiD/a_CAC  GEOAxIS Login' is clicked on

2020-09-28 21:20:41 - [MESSAGE][PASSED] - Object: 'Object Repository/Page_Home  GRiD/a_CAC  GEOAxIS Login' is clicked on

2020-09-28 21:20:41 - [TEST_STEP][PASSED] - click(findTestObject("Page_Home  GRiD/a_Share")): Object: 'Object Repository/Page_Home  GRiD/a_Share' is clicked on

2020-09-28 21:21:12 - [MESSAGE][INFO] - Unable to find the element located by 'By.xpath: //div[@id='navbarToggle']/ul/li[5]/a'. Please recheck the objects properties to make sure the desired element is located. 

2020-09-28 21:21:12 - [MESSAGE][WARNING] - [SELF-HEALING] Failed to find element with id 'Object Repository/Page_Home  GRiD/a_Share'. Try using Self-healing.

2020-09-28 21:21:12 - [MESSAGE][WARNING] - [SELF-HEALING] The current locator of test object 'Object Repository/Page_Home  GRiD/a_Share' was broken. Propose an alternative one: '//li[5]/a'.

2020-09-28 21:21:12 - [MESSAGE][PASSED] - Object: 'Object Repository/Page_Home  GRiD/a_Share' is clicked on

2020-09-28 21:21:12 - [TEST_STEP][FAILED] - click(findTestObject("Page_Workgroups  GRiD/a_FG3D")): Unable to click on object 'Object Repository/Page_Workgroups  GRiD/a_FG3D' (Root cause: com.kms.katalon.core.exception.StepFailedException: Unable to click on object 'Object Repository/Page_Workgroups  GRiD/a_FG3D'
	at com.kms.katalon.core.webui.keyword.internal.WebUIKeywordMain.stepFailed(WebUIKeywordMain.groovy:64)
	at com.kms.katalon.core.webui.keyword.internal.WebUIKeywordMain.runKeyword(WebUIKeywordMain.groovy:26)
	at com.kms.katalon.core.webui.keyword.builtin.ClickKeyword.click(ClickKeyword.groovy:76)
	at com.kms.katalon.core.webui.keyword.builtin.ClickKeyword.execute(ClickKeyword.groovy:43)
	at com.kms.katalon.core.keyword.internal.KeywordExecutor.executeKeywordForPlatform(KeywordExecutor.groovy:73)
	at com.kms.katalon.core.webui.keyword.WebUiBuiltInKeywords.click(WebUiBuiltInKeywords.groovy:616)
	at com.kms.katalon.core.webui.keyword.WebUiBuiltInKeywords$click$1.call(Unknown Source)
	at FG3D Test - Stragetic.run(FG3D Test - Stragetic:28)
	at com.kms.katalon.core.main.ScriptEngine.run(ScriptEngine.java:194)
	at com.kms.katalon.core.main.ScriptEngine.runScriptAsRawText(ScriptEngine.java:119)
	at com.kms.katalon.core.main.TestCaseExecutor.runScript(TestCaseExecutor.java:339)
	at com.kms.katalon.core.main.TestCaseExecutor.doExecute(TestCaseExecutor.java:330)
	at com.kms.katalon.core.main.TestCaseExecutor.processExecutionPhase(TestCaseExecutor.java:309)
	at com.kms.katalon.core.main.TestCaseExecutor.accessMainPhase(TestCaseExecutor.java:301)
	at com.kms.katalon.core.main.TestCaseExecutor.execute(TestCaseExecutor.java:235)
	at com.kms.katalon.core.main.TestSuiteExecutor.accessTestCaseMainPhase(TestSuiteExecutor.java:191)
	at com.kms.katalon.core.main.TestSuiteExecutor.accessTestSuiteMainPhase(TestSuiteExecutor.java:141)
	at com.kms.katalon.core.main.TestSuiteExecutor.execute(TestSuiteExecutor.java:90)
	at com.kms.katalon.core.main.TestCaseMain.startTestSuite(TestCaseMain.java:157)
	at com.kms.katalon.core.main.TestCaseMain$startTestSuite$0.call(Unknown Source)
	at TempTestSuite1601324593621.run(TempTestSuite1601324593621.groovy:39)
Caused by: com.kms.katalon.core.webui.exception.WebElementNotFoundException: Web element with id: 'Object Repository/Page_Workgroups  GRiD/a_FG3D' located by '//div[@id='workgroupExportTree']/a[10]' not found
	at com.kms.katalon.core.webui.common.WebUiCommonHelper.findWebElement(WebUiCommonHelper.java:1368)
	at com.kms.katalon.core.webui.keyword.internal.WebUIAbstractKeyword.findWebElement(WebUIAbstractKeyword.groovy:27)
	at com.kms.katalon.core.webui.keyword.internal.WebUIAbstractKeyword.findWebElement(WebUIAbstractKeyword.groovy:26)
	at com.kms.katalon.core.webui.keyword.builtin.ClickKeyword$_click_closure1.doCall(ClickKeyword.groovy:67)
	at com.kms.katalon.core.webui.keyword.builtin.ClickKeyword$_click_closure1.call(ClickKeyword.groovy)
	at com.kms.katalon.core.webui.keyword.internal.WebUIKeywordMain.runKeyword(WebUIKeywordMain.groovy:20)
	at com.kms.katalon.core.webui.keyword.builtin.ClickKeyword.click(ClickKeyword.groovy:76)
	at com.kms.katalon.core.webui.keyword.builtin.ClickKeyword.execute(ClickKeyword.groovy:43)
	at com.kms.katalon.core.keyword.internal.KeywordExecutor.executeKeywordForPlatform(KeywordExecutor.groovy:73)
	at com.kms.katalon.core.webui.keyword.WebUiBuiltInKeywords.click(WebUiBuiltInKeywords.groovy:616)
	at com.kms.katalon.core.webui.keyword.WebUiBuiltInKeywords$click$1.call(Unknown Source)
	at Script1599149155505.run(Script1599149155505.groovy:28)
	... 13 more
)

2020-09-28 21:21:44 - [MESSAGE][INFO] - Unable to find the element located by 'By.xpath: //div[@id='workgroupExportTree']/a[10]'. Please recheck the objects properties to make sure the desired element is located. 

2020-09-28 21:21:44 - [MESSAGE][WARNING] - [SELF-HEALING] Failed to find element with id 'Object Repository/Page_Workgroups  GRiD/a_FG3D'. Try using Self-healing.

2020-09-28 21:21:44 - [MESSAGE][INFO] - [SELF-HEALING] Failed Locator: '//div[@id='workgroupExportTree']/a[10]'.

2020-09-28 21:21:44 - [MESSAGE][INFO] - [SELF-HEALING] Failed Locator: '//a[contains(text(),'FG3D')]'.

2020-09-28 21:21:45 - [MESSAGE][INFO] - [SELF-HEALING] Failed Locator: '(.//*[normalize-space(text()) and normalize-space(.)='DTED2 DTM'])[1]/following::a[1]'.

2020-09-28 21:21:45 - [MESSAGE][INFO] - [SELF-HEALING] Failed Locator: '(.//*[normalize-space(text()) and normalize-space(.)='DTED0 DTM'])[1]/following::a[2]'.

2020-09-28 21:21:45 - [MESSAGE][INFO] - [SELF-HEALING] Failed Locator: '(.//*[normalize-space(text()) and normalize-space(.)='SRT2F DSM'])[1]/preceding::a[1]'.

2020-09-28 21:21:45 - [MESSAGE][INFO] - [SELF-HEALING] Failed Locator: '(.//*[normalize-space(text()) and normalize-space(.)='TDT DSM'])[1]/preceding::a[2]'.

2020-09-28 21:21:46 - [MESSAGE][INFO] - [SELF-HEALING] Failed Locator: '//*/text()[normalize-space(.)='FG3D']/parent::*'.

2020-09-28 21:21:46 - [MESSAGE][INFO] - [SELF-HEALING] Failed Locator: '//a[contains(@href, '/testgrid/export/aoi/36914/')]'.

2020-09-28 21:21:46 - [MESSAGE][INFO] - [SELF-HEALING] Failed Locator: '//div[2]/a[10]'.

2020-09-28 21:21:47 - [MESSAGE][INFO] - Unable to find the element located by 'By.xpath: //*[@href = '/testgrid/export/aoi/36914/' and (text() = '
            FG3D
            
              
              
            
          ' or . = '
            FG3D
            
              
              
            
          ')]'. Please recheck the objects properties to make sure the desired element is located. 

2020-09-28 21:21:49 - [MESSAGE][INFO] - Unable to find the element located by 'By.cssSelector: '. Please recheck the objects properties to make sure the desired element is located. 

2020-09-28 21:21:49 - [MESSAGE][FAILED] - Unable to click on object 'Object Repository/Page_Workgroups  GRiD/a_FG3D' (Root cause: com.kms.katalon.core.exception.StepFailedException: Unable to click on object 'Object Repository/Page_Workgroups  GRiD/a_FG3D'
	at com.kms.katalon.core.webui.keyword.internal.WebUIKeywordMain.stepFailed(WebUIKeywordMain.groovy:64)
	at com.kms.katalon.core.webui.keyword.internal.WebUIKeywordMain.runKeyword(WebUIKeywordMain.groovy:26)
	at com.kms.katalon.core.webui.keyword.builtin.ClickKeyword.click(ClickKeyword.groovy:76)
	at com.kms.katalon.core.webui.keyword.builtin.ClickKeyword.execute(ClickKeyword.groovy:43)
	at com.kms.katalon.core.keyword.internal.KeywordExecutor.executeKeywordForPlatform(KeywordExecutor.groovy:73)
	at com.kms.katalon.core.webui.keyword.WebUiBuiltInKeywords.click(WebUiBuiltInKeywords.groovy:616)
	at com.kms.katalon.core.webui.keyword.WebUiBuiltInKeywords$click$1.call(Unknown Source)
	at FG3D Test - Stragetic.run(FG3D Test - Stragetic:28)
	at com.kms.katalon.core.main.ScriptEngine.run(ScriptEngine.java:194)
	at com.kms.katalon.core.main.ScriptEngine.runScriptAsRawText(ScriptEngine.java:119)
	at com.kms.katalon.core.main.TestCaseExecutor.runScript(TestCaseExecutor.java:339)
	at com.kms.katalon.core.main.TestCaseExecutor.doExecute(TestCaseExecutor.java:330)
	at com.kms.katalon.core.main.TestCaseExecutor.processExecutionPhase(TestCaseExecutor.java:309)
	at com.kms.katalon.core.main.TestCaseExecutor.accessMainPhase(TestCaseExecutor.java:301)
	at com.kms.katalon.core.main.TestCaseExecutor.execute(TestCaseExecutor.java:235)
	at com.kms.katalon.core.main.TestSuiteExecutor.accessTestCaseMainPhase(TestSuiteExecutor.java:191)
	at com.kms.katalon.core.main.TestSuiteExecutor.accessTestSuiteMainPhase(TestSuiteExecutor.java:141)
	at com.kms.katalon.core.main.TestSuiteExecutor.execute(TestSuiteExecutor.java:90)
	at com.kms.katalon.core.main.TestCaseMain.startTestSuite(TestCaseMain.java:157)
	at com.kms.katalon.core.main.TestCaseMain$startTestSuite$0.call(Unknown Source)
	at TempTestSuite1601324593621.run(TempTestSuite1601324593621.groovy:39)
Caused by: com.kms.katalon.core.webui.exception.WebElementNotFoundException: Web element with id: 'Object Repository/Page_Workgroups  GRiD/a_FG3D' located by '//div[@id='workgroupExportTree']/a[10]' not found
	at com.kms.katalon.core.webui.common.WebUiCommonHelper.findWebElement(WebUiCommonHelper.java:1368)
	at com.kms.katalon.core.webui.keyword.internal.WebUIAbstractKeyword.findWebElement(WebUIAbstractKeyword.groovy:27)
	at com.kms.katalon.core.webui.keyword.internal.WebUIAbstractKeyword.findWebElement(WebUIAbstractKeyword.groovy:26)
	at com.kms.katalon.core.webui.keyword.builtin.ClickKeyword$_click_closure1.doCall(ClickKeyword.groovy:67)
	at com.kms.katalon.core.webui.keyword.builtin.ClickKeyword$_click_closure1.call(ClickKeyword.groovy)
	at com.kms.katalon.core.webui.keyword.internal.WebUIKeywordMain.runKeyword(WebUIKeywordMain.groovy:20)
	at com.kms.katalon.core.webui.keyword.builtin.ClickKeyword.click(ClickKeyword.groovy:76)
	at com.kms.katalon.core.webui.keyword.builtin.ClickKeyword.execute(ClickKeyword.groovy:43)
	at com.kms.katalon.core.keyword.internal.KeywordExecutor.executeKeywordForPlatform(KeywordExecutor.groovy:73)
	at com.kms.katalon.core.webui.keyword.WebUiBuiltInKeywords.click(WebUiBuiltInKeywords.groovy:616)
	at com.kms.katalon.core.webui.keyword.WebUiBuiltInKeywords$click$1.call(Unknown Source)
	at Script1599149155505.run(Script1599149155505.groovy:28)
	... 13 more
)
[[ATTACHMENT|/Users/bhavikpatel/Downloads/Projects/CRREL/GRiD/Automation Testing/Automation Testing Project/KatalonTesting/Reports/20200928_162313/GRiD FG3D/20200928_162313/1601342509144.png]]]]></system-out>
         <system-err><![CDATA[2020-09-28 21:20:28 - [TEST_CASE][FAILED] - Test Cases/FG3D/FG3D Test - Stragetic: Test Cases/FG3D/FG3D Test - Stragetic FAILED.
Reason:
com.kms.katalon.core.exception.StepFailedException: Unable to click on object 'Object Repository/Page_Workgroups  GRiD/a_FG3D'
	at com.kms.katalon.core.webui.keyword.internal.WebUIKeywordMain.stepFailed(WebUIKeywordMain.groovy:64)
	at com.kms.katalon.core.webui.keyword.internal.WebUIKeywordMain.runKeyword(WebUIKeywordMain.groovy:26)
	at com.kms.katalon.core.webui.keyword.builtin.ClickKeyword.click(ClickKeyword.groovy:76)
	at com.kms.katalon.core.webui.keyword.builtin.ClickKeyword.execute(ClickKeyword.groovy:43)
	at com.kms.katalon.core.keyword.internal.KeywordExecutor.executeKeywordForPlatform(KeywordExecutor.groovy:73)
	at com.kms.katalon.core.webui.keyword.WebUiBuiltInKeywords.click(WebUiBuiltInKeywords.groovy:616)
	at com.kms.katalon.core.webui.keyword.WebUiBuiltInKeywords$click$1.call(Unknown Source)
	at FG3D Test - Stragetic.run(FG3D Test - Stragetic:28)
	at com.kms.katalon.core.main.ScriptEngine.run(ScriptEngine.java:194)
	at com.kms.katalon.core.main.ScriptEngine.runScriptAsRawText(ScriptEngine.java:119)
	at com.kms.katalon.core.main.TestCaseExecutor.runScript(TestCaseExecutor.java:339)
	at com.kms.katalon.core.main.TestCaseExecutor.doExecute(TestCaseExecutor.java:330)
	at com.kms.katalon.core.main.TestCaseExecutor.processExecutionPhase(TestCaseExecutor.java:309)
	at com.kms.katalon.core.main.TestCaseExecutor.accessMainPhase(TestCaseExecutor.java:301)
	at com.kms.katalon.core.main.TestCaseExecutor.execute(TestCaseExecutor.java:235)
	at com.kms.katalon.core.main.TestSuiteExecutor.accessTestCaseMainPhase(TestSuiteExecutor.java:191)
	at com.kms.katalon.core.main.TestSuiteExecutor.accessTestSuiteMainPhase(TestSuiteExecutor.java:141)
	at com.kms.katalon.core.main.TestSuiteExecutor.execute(TestSuiteExecutor.java:90)
	at com.kms.katalon.core.main.TestCaseMain.startTestSuite(TestCaseMain.java:157)
	at com.kms.katalon.core.main.TestCaseMain$startTestSuite$0.call(Unknown Source)
	at TempTestSuite1601324593621.run(TempTestSuite1601324593621.groovy:39)
Caused by: com.kms.katalon.core.webui.exception.WebElementNotFoundException: Web element with id: 'Object Repository/Page_Workgroups  GRiD/a_FG3D' located by '//div[@id='workgroupExportTree']/a[10]' not found
	at com.kms.katalon.core.webui.common.WebUiCommonHelper.findWebElement(WebUiCommonHelper.java:1368)
	at com.kms.katalon.core.webui.keyword.internal.WebUIAbstractKeyword.findWebElement(WebUIAbstractKeyword.groovy:27)
	at com.kms.katalon.core.webui.keyword.internal.WebUIAbstractKeyword.findWebElement(WebUIAbstractKeyword.groovy:26)
	at com.kms.katalon.core.webui.keyword.builtin.ClickKeyword$_click_closure1.doCall(ClickKeyword.groovy:67)
	at com.kms.katalon.core.webui.keyword.builtin.ClickKeyword$_click_closure1.call(ClickKeyword.groovy)
	at com.kms.katalon.core.webui.keyword.internal.WebUIKeywordMain.runKeyword(WebUIKeywordMain.groovy:20)
	... 19 more]]></system-err>
      </testcase>
      <testcase name="Test Cases/FG3D/FG3D Test - Stragetic" time="78.048" classname="Test Cases/FG3D/FG3D Test - Stragetic" status="FAILED">
         <failure type="FAILED" message="Test Cases/FG3D/FG3D Test - Stragetic FAILED.
Reason:
com.kms.katalon.core.exception.StepFailedException: Unable to click on object 'Object Repository/Page_Workgroups  GRiD/a_FG3D'
	at com.kms.katalon.core.webui.keyword.internal.WebUIKeywordMain.stepFailed(WebUIKeywordMain.groovy:64)
	at com.kms.katalon.core.webui.keyword.internal.WebUIKeywordMain.runKeyword(WebUIKeywordMain.groovy:26)
	at com.kms.katalon.core.webui.keyword.builtin.ClickKeyword.click(ClickKeyword.groovy:76)
	at com.kms.katalon.core.webui.keyword.builtin.ClickKeyword.execute(ClickKeyword.groovy:43)
	at com.kms.katalon.core.keyword.internal.KeywordExecutor.executeKeywordForPlatform(KeywordExecutor.groovy:73)
	at com.kms.katalon.core.webui.keyword.WebUiBuiltInKeywords.click(WebUiBuiltInKeywords.groovy:616)
	at com.kms.katalon.core.webui.keyword.WebUiBuiltInKeywords$click$1.call(Unknown Source)
	at FG3D Test - Stragetic.run(FG3D Test - Stragetic:28)
	at com.kms.katalon.core.main.ScriptEngine.run(ScriptEngine.java:194)
	at com.kms.katalon.core.main.ScriptEngine.runScriptAsRawText(ScriptEngine.java:119)
	at com.kms.katalon.core.main.TestCaseExecutor.runScript(TestCaseExecutor.java:339)
	at com.kms.katalon.core.main.TestCaseExecutor.doExecute(TestCaseExecutor.java:330)
	at com.kms.katalon.core.main.TestCaseExecutor.processExecutionPhase(TestCaseExecutor.java:309)
	at com.kms.katalon.core.main.TestCaseExecutor.accessMainPhase(TestCaseExecutor.java:301)
	at com.kms.katalon.core.main.TestCaseExecutor.execute(TestCaseExecutor.java:235)
	at com.kms.katalon.core.main.TestSuiteExecutor.accessTestCaseMainPhase(TestSuiteExecutor.java:191)
	at com.kms.katalon.core.main.TestSuiteExecutor.accessTestSuiteMainPhase(TestSuiteExecutor.java:141)
	at com.kms.katalon.core.main.TestSuiteExecutor.execute(TestSuiteExecutor.java:90)
	at com.kms.katalon.core.main.TestCaseMain.startTestSuite(TestCaseMain.java:157)
	at com.kms.katalon.core.main.TestCaseMain$startTestSuite$0.call(Unknown Source)
	at TempTestSuite1601324593621.run(TempTestSuite1601324593621.groovy:39)
Caused by: com.kms.katalon.core.webui.exception.WebElementNotFoundException: Web element with id: 'Object Repository/Page_Workgroups  GRiD/a_FG3D' located by '//div[@id='workgroupExportTree']/a[10]' not found
	at com.kms.katalon.core.webui.common.WebUiCommonHelper.findWebElement(WebUiCommonHelper.java:1368)
	at com.kms.katalon.core.webui.keyword.internal.WebUIAbstractKeyword.findWebElement(WebUIAbstractKeyword.groovy:27)
	at com.kms.katalon.core.webui.keyword.internal.WebUIAbstractKeyword.findWebElement(WebUIAbstractKeyword.groovy:26)
	at com.kms.katalon.core.webui.keyword.builtin.ClickKeyword$_click_closure1.doCall(ClickKeyword.groovy:67)
	at com.kms.katalon.core.webui.keyword.builtin.ClickKeyword$_click_closure1.call(ClickKeyword.groovy)
	at com.kms.katalon.core.webui.keyword.internal.WebUIKeywordMain.runKeyword(WebUIKeywordMain.groovy:20)
	... 19 more
"/>
         <system-out><![CDATA[2020-09-28 21:21:49 - [TEST_CASE][FAILED] - Test Cases/FG3D/FG3D Test - Stragetic: Test Cases/FG3D/FG3D Test - Stragetic FAILED.
Reason:
com.kms.katalon.core.exception.StepFailedException: Unable to click on object 'Object Repository/Page_Workgroups  GRiD/a_FG3D'
	at com.kms.katalon.core.webui.keyword.internal.WebUIKeywordMain.stepFailed(WebUIKeywordMain.groovy:64)
	at com.kms.katalon.core.webui.keyword.internal.WebUIKeywordMain.runKeyword(WebUIKeywordMain.groovy:26)
	at com.kms.katalon.core.webui.keyword.builtin.ClickKeyword.click(ClickKeyword.groovy:76)
	at com.kms.katalon.core.webui.keyword.builtin.ClickKeyword.execute(ClickKeyword.groovy:43)
	at com.kms.katalon.core.keyword.internal.KeywordExecutor.executeKeywordForPlatform(KeywordExecutor.groovy:73)
	at com.kms.katalon.core.webui.keyword.WebUiBuiltInKeywords.click(WebUiBuiltInKeywords.groovy:616)
	at com.kms.katalon.core.webui.keyword.WebUiBuiltInKeywords$click$1.call(Unknown Source)
	at FG3D Test - Stragetic.run(FG3D Test - Stragetic:28)
	at com.kms.katalon.core.main.ScriptEngine.run(ScriptEngine.java:194)
	at com.kms.katalon.core.main.ScriptEngine.runScriptAsRawText(ScriptEngine.java:119)
	at com.kms.katalon.core.main.TestCaseExecutor.runScript(TestCaseExecutor.java:339)
	at com.kms.katalon.core.main.TestCaseExecutor.doExecute(TestCaseExecutor.java:330)
	at com.kms.katalon.core.main.TestCaseExecutor.processExecutionPhase(TestCaseExecutor.java:309)
	at com.kms.katalon.core.main.TestCaseExecutor.accessMainPhase(TestCaseExecutor.java:301)
	at com.kms.katalon.core.main.TestCaseExecutor.execute(TestCaseExecutor.java:235)
	at com.kms.katalon.core.main.TestSuiteExecutor.accessTestCaseMainPhase(TestSuiteExecutor.java:191)
	at com.kms.katalon.core.main.TestSuiteExecutor.accessTestSuiteMainPhase(TestSuiteExecutor.java:141)
	at com.kms.katalon.core.main.TestSuiteExecutor.execute(TestSuiteExecutor.java:90)
	at com.kms.katalon.core.main.TestCaseMain.startTestSuite(TestCaseMain.java:157)
	at com.kms.katalon.core.main.TestCaseMain$startTestSuite$0.call(Unknown Source)
	at TempTestSuite1601324593621.run(TempTestSuite1601324593621.groovy:39)
Caused by: com.kms.katalon.core.webui.exception.WebElementNotFoundException: Web element with id: 'Object Repository/Page_Workgroups  GRiD/a_FG3D' located by '//div[@id='workgroupExportTree']/a[10]' not found
	at com.kms.katalon.core.webui.common.WebUiCommonHelper.findWebElement(WebUiCommonHelper.java:1368)
	at com.kms.katalon.core.webui.keyword.internal.WebUIAbstractKeyword.findWebElement(WebUIAbstractKeyword.groovy:27)
	at com.kms.katalon.core.webui.keyword.internal.WebUIAbstractKeyword.findWebElement(WebUIAbstractKeyword.groovy:26)
	at com.kms.katalon.core.webui.keyword.builtin.ClickKeyword$_click_closure1.doCall(ClickKeyword.groovy:67)
	at com.kms.katalon.core.webui.keyword.builtin.ClickKeyword$_click_closure1.call(ClickKeyword.groovy)
	at com.kms.katalon.core.webui.keyword.internal.WebUIKeywordMain.runKeyword(WebUIKeywordMain.groovy:20)
	... 19 more


2020-09-28 21:21:49 - [TEST_STEP][PASSED] - openBrowser(""): Browser is opened with url: ''

2020-09-28 21:21:49 - [MESSAGE][WARNING] - A browser is already opened. Closing browser and opening a new one

2020-09-28 21:21:49 - [MESSAGE][INFO] - Starting 'Chrome' driver

2020-09-28 21:21:49 - [MESSAGE][INFO] - Action delay is set to 0 milliseconds

2020-09-28 21:21:52 - [MESSAGE][PASSED] - Browser is opened with url: ''

2020-09-28 21:21:52 - [TEST_STEP][PASSED] - navigateToUrl("https://grid.nga.mil/testgrid/"): Navigate to 'https://grid.nga.mil/testgrid/' successfully

2020-09-28 21:21:54 - [MESSAGE][PASSED] - Navigate to 'https://grid.nga.mil/testgrid/' successfully

2020-09-28 21:21:54 - [TEST_STEP][PASSED] - click(findTestObject("Page_Home  GRiD/a_CAC  GEOAxIS Login")): Object: 'Object Repository/Page_Home  GRiD/a_CAC  GEOAxIS Login' is clicked on

2020-09-28 21:21:59 - [MESSAGE][PASSED] - Object: 'Object Repository/Page_Home  GRiD/a_CAC  GEOAxIS Login' is clicked on

2020-09-28 21:21:59 - [TEST_STEP][PASSED] - click(findTestObject("Page_Home  GRiD/a_Share")): Object: 'Object Repository/Page_Home  GRiD/a_Share' is clicked on

2020-09-28 21:22:30 - [MESSAGE][INFO] - Unable to find the element located by 'By.xpath: //div[@id='navbarToggle']/ul/li[5]/a'. Please recheck the objects properties to make sure the desired element is located. 

2020-09-28 21:22:30 - [MESSAGE][WARNING] - [SELF-HEALING] Failed to find element with id 'Object Repository/Page_Home  GRiD/a_Share'. Try using Self-healing.

2020-09-28 21:22:31 - [MESSAGE][WARNING] - [SELF-HEALING] The current locator of test object 'Object Repository/Page_Home  GRiD/a_Share' was broken. Propose an alternative one: '//li[5]/a'.

2020-09-28 21:22:31 - [MESSAGE][PASSED] - Object: 'Object Repository/Page_Home  GRiD/a_Share' is clicked on

2020-09-28 21:22:31 - [TEST_STEP][FAILED] - click(findTestObject("Page_Workgroups  GRiD/a_FG3D")): Unable to click on object 'Object Repository/Page_Workgroups  GRiD/a_FG3D' (Root cause: com.kms.katalon.core.exception.StepFailedException: Unable to click on object 'Object Repository/Page_Workgroups  GRiD/a_FG3D'
	at com.kms.katalon.core.webui.keyword.internal.WebUIKeywordMain.stepFailed(WebUIKeywordMain.groovy:64)
	at com.kms.katalon.core.webui.keyword.internal.WebUIKeywordMain.runKeyword(WebUIKeywordMain.groovy:26)
	at com.kms.katalon.core.webui.keyword.builtin.ClickKeyword.click(ClickKeyword.groovy:76)
	at com.kms.katalon.core.webui.keyword.builtin.ClickKeyword.execute(ClickKeyword.groovy:43)
	at com.kms.katalon.core.keyword.internal.KeywordExecutor.executeKeywordForPlatform(KeywordExecutor.groovy:73)
	at com.kms.katalon.core.webui.keyword.WebUiBuiltInKeywords.click(WebUiBuiltInKeywords.groovy:616)
	at com.kms.katalon.core.webui.keyword.WebUiBuiltInKeywords$click$1.call(Unknown Source)
	at FG3D Test - Stragetic.run(FG3D Test - Stragetic:28)
	at com.kms.katalon.core.main.ScriptEngine.run(ScriptEngine.java:194)
	at com.kms.katalon.core.main.ScriptEngine.runScriptAsRawText(ScriptEngine.java:119)
	at com.kms.katalon.core.main.TestCaseExecutor.runScript(TestCaseExecutor.java:339)
	at com.kms.katalon.core.main.TestCaseExecutor.doExecute(TestCaseExecutor.java:330)
	at com.kms.katalon.core.main.TestCaseExecutor.processExecutionPhase(TestCaseExecutor.java:309)
	at com.kms.katalon.core.main.TestCaseExecutor.accessMainPhase(TestCaseExecutor.java:301)
	at com.kms.katalon.core.main.TestCaseExecutor.execute(TestCaseExecutor.java:235)
	at com.kms.katalon.core.main.TestSuiteExecutor.accessTestCaseMainPhase(TestSuiteExecutor.java:191)
	at com.kms.katalon.core.main.TestSuiteExecutor.accessTestSuiteMainPhase(TestSuiteExecutor.java:141)
	at com.kms.katalon.core.main.TestSuiteExecutor.execute(TestSuiteExecutor.java:90)
	at com.kms.katalon.core.main.TestCaseMain.startTestSuite(TestCaseMain.java:157)
	at com.kms.katalon.core.main.TestCaseMain$startTestSuite$0.call(Unknown Source)
	at TempTestSuite1601324593621.run(TempTestSuite1601324593621.groovy:39)
Caused by: com.kms.katalon.core.webui.exception.WebElementNotFoundException: Web element with id: 'Object Repository/Page_Workgroups  GRiD/a_FG3D' located by '//div[@id='workgroupExportTree']/a[10]' not found
	at com.kms.katalon.core.webui.common.WebUiCommonHelper.findWebElement(WebUiCommonHelper.java:1368)
	at com.kms.katalon.core.webui.keyword.internal.WebUIAbstractKeyword.findWebElement(WebUIAbstractKeyword.groovy:27)
	at com.kms.katalon.core.webui.keyword.internal.WebUIAbstractKeyword.findWebElement(WebUIAbstractKeyword.groovy:26)
	at com.kms.katalon.core.webui.keyword.builtin.ClickKeyword$_click_closure1.doCall(ClickKeyword.groovy:67)
	at com.kms.katalon.core.webui.keyword.builtin.ClickKeyword$_click_closure1.call(ClickKeyword.groovy)
	at com.kms.katalon.core.webui.keyword.internal.WebUIKeywordMain.runKeyword(WebUIKeywordMain.groovy:20)
	at com.kms.katalon.core.webui.keyword.builtin.ClickKeyword.click(ClickKeyword.groovy:76)
	at com.kms.katalon.core.webui.keyword.builtin.ClickKeyword.execute(ClickKeyword.groovy:43)
	at com.kms.katalon.core.keyword.internal.KeywordExecutor.executeKeywordForPlatform(KeywordExecutor.groovy:73)
	at com.kms.katalon.core.webui.keyword.WebUiBuiltInKeywords.click(WebUiBuiltInKeywords.groovy:616)
	at com.kms.katalon.core.webui.keyword.WebUiBuiltInKeywords$click$1.call(Unknown Source)
	at Script1599149155505.run(Script1599149155505.groovy:28)
	... 13 more
)

2020-09-28 21:23:02 - [MESSAGE][INFO] - Unable to find the element located by 'By.xpath: //div[@id='workgroupExportTree']/a[10]'. Please recheck the objects properties to make sure the desired element is located. 

2020-09-28 21:23:02 - [MESSAGE][WARNING] - [SELF-HEALING] Failed to find element with id 'Object Repository/Page_Workgroups  GRiD/a_FG3D'. Try using Self-healing.

2020-09-28 21:23:02 - [MESSAGE][INFO] - [SELF-HEALING] Failed Locator: '//div[@id='workgroupExportTree']/a[10]'.

2020-09-28 21:23:02 - [MESSAGE][INFO] - [SELF-HEALING] Failed Locator: '//a[contains(text(),'FG3D')]'.

2020-09-28 21:23:03 - [MESSAGE][INFO] - [SELF-HEALING] Failed Locator: '(.//*[normalize-space(text()) and normalize-space(.)='DTED2 DTM'])[1]/following::a[1]'.

2020-09-28 21:23:03 - [MESSAGE][INFO] - [SELF-HEALING] Failed Locator: '(.//*[normalize-space(text()) and normalize-space(.)='DTED0 DTM'])[1]/following::a[2]'.

2020-09-28 21:23:03 - [MESSAGE][INFO] - [SELF-HEALING] Failed Locator: '(.//*[normalize-space(text()) and normalize-space(.)='SRT2F DSM'])[1]/preceding::a[1]'.

2020-09-28 21:23:04 - [MESSAGE][INFO] - [SELF-HEALING] Failed Locator: '(.//*[normalize-space(text()) and normalize-space(.)='TDT DSM'])[1]/preceding::a[2]'.

2020-09-28 21:23:04 - [MESSAGE][INFO] - [SELF-HEALING] Failed Locator: '//*/text()[normalize-space(.)='FG3D']/parent::*'.

2020-09-28 21:23:04 - [MESSAGE][INFO] - [SELF-HEALING] Failed Locator: '//a[contains(@href, '/testgrid/export/aoi/36914/')]'.

2020-09-28 21:23:05 - [MESSAGE][INFO] - [SELF-HEALING] Failed Locator: '//div[2]/a[10]'.

2020-09-28 21:23:06 - [MESSAGE][INFO] - Unable to find the element located by 'By.xpath: //*[@href = '/testgrid/export/aoi/36914/' and (text() = '
            FG3D
            
              
              
            
          ' or . = '
            FG3D
            
              
              
            
          ')]'. Please recheck the objects properties to make sure the desired element is located. 

2020-09-28 21:23:07 - [MESSAGE][INFO] - Unable to find the element located by 'By.cssSelector: '. Please recheck the objects properties to make sure the desired element is located. 

2020-09-28 21:23:07 - [MESSAGE][FAILED] - Unable to click on object 'Object Repository/Page_Workgroups  GRiD/a_FG3D' (Root cause: com.kms.katalon.core.exception.StepFailedException: Unable to click on object 'Object Repository/Page_Workgroups  GRiD/a_FG3D'
	at com.kms.katalon.core.webui.keyword.internal.WebUIKeywordMain.stepFailed(WebUIKeywordMain.groovy:64)
	at com.kms.katalon.core.webui.keyword.internal.WebUIKeywordMain.runKeyword(WebUIKeywordMain.groovy:26)
	at com.kms.katalon.core.webui.keyword.builtin.ClickKeyword.click(ClickKeyword.groovy:76)
	at com.kms.katalon.core.webui.keyword.builtin.ClickKeyword.execute(ClickKeyword.groovy:43)
	at com.kms.katalon.core.keyword.internal.KeywordExecutor.executeKeywordForPlatform(KeywordExecutor.groovy:73)
	at com.kms.katalon.core.webui.keyword.WebUiBuiltInKeywords.click(WebUiBuiltInKeywords.groovy:616)
	at com.kms.katalon.core.webui.keyword.WebUiBuiltInKeywords$click$1.call(Unknown Source)
	at FG3D Test - Stragetic.run(FG3D Test - Stragetic:28)
	at com.kms.katalon.core.main.ScriptEngine.run(ScriptEngine.java:194)
	at com.kms.katalon.core.main.ScriptEngine.runScriptAsRawText(ScriptEngine.java:119)
	at com.kms.katalon.core.main.TestCaseExecutor.runScript(TestCaseExecutor.java:339)
	at com.kms.katalon.core.main.TestCaseExecutor.doExecute(TestCaseExecutor.java:330)
	at com.kms.katalon.core.main.TestCaseExecutor.processExecutionPhase(TestCaseExecutor.java:309)
	at com.kms.katalon.core.main.TestCaseExecutor.accessMainPhase(TestCaseExecutor.java:301)
	at com.kms.katalon.core.main.TestCaseExecutor.execute(TestCaseExecutor.java:235)
	at com.kms.katalon.core.main.TestSuiteExecutor.accessTestCaseMainPhase(TestSuiteExecutor.java:191)
	at com.kms.katalon.core.main.TestSuiteExecutor.accessTestSuiteMainPhase(TestSuiteExecutor.java:141)
	at com.kms.katalon.core.main.TestSuiteExecutor.execute(TestSuiteExecutor.java:90)
	at com.kms.katalon.core.main.TestCaseMain.startTestSuite(TestCaseMain.java:157)
	at com.kms.katalon.core.main.TestCaseMain$startTestSuite$0.call(Unknown Source)
	at TempTestSuite1601324593621.run(TempTestSuite1601324593621.groovy:39)
Caused by: com.kms.katalon.core.webui.exception.WebElementNotFoundException: Web element with id: 'Object Repository/Page_Workgroups  GRiD/a_FG3D' located by '//div[@id='workgroupExportTree']/a[10]' not found
	at com.kms.katalon.core.webui.common.WebUiCommonHelper.findWebElement(WebUiCommonHelper.java:1368)
	at com.kms.katalon.core.webui.keyword.internal.WebUIAbstractKeyword.findWebElement(WebUIAbstractKeyword.groovy:27)
	at com.kms.katalon.core.webui.keyword.internal.WebUIAbstractKeyword.findWebElement(WebUIAbstractKeyword.groovy:26)
	at com.kms.katalon.core.webui.keyword.builtin.ClickKeyword$_click_closure1.doCall(ClickKeyword.groovy:67)
	at com.kms.katalon.core.webui.keyword.builtin.ClickKeyword$_click_closure1.call(ClickKeyword.groovy)
	at com.kms.katalon.core.webui.keyword.internal.WebUIKeywordMain.runKeyword(WebUIKeywordMain.groovy:20)
	at com.kms.katalon.core.webui.keyword.builtin.ClickKeyword.click(ClickKeyword.groovy:76)
	at com.kms.katalon.core.webui.keyword.builtin.ClickKeyword.execute(ClickKeyword.groovy:43)
	at com.kms.katalon.core.keyword.internal.KeywordExecutor.executeKeywordForPlatform(KeywordExecutor.groovy:73)
	at com.kms.katalon.core.webui.keyword.WebUiBuiltInKeywords.click(WebUiBuiltInKeywords.groovy:616)
	at com.kms.katalon.core.webui.keyword.WebUiBuiltInKeywords$click$1.call(Unknown Source)
	at Script1599149155505.run(Script1599149155505.groovy:28)
	... 13 more
)
[[ATTACHMENT|/Users/bhavikpatel/Downloads/Projects/CRREL/GRiD/Automation Testing/Automation Testing Project/KatalonTesting/Reports/20200928_162313/GRiD FG3D/20200928_162313/1601342587389.png]]]]></system-out>
         <system-err><![CDATA[2020-09-28 21:21:49 - [TEST_CASE][FAILED] - Test Cases/FG3D/FG3D Test - Stragetic: Test Cases/FG3D/FG3D Test - Stragetic FAILED.
Reason:
com.kms.katalon.core.exception.StepFailedException: Unable to click on object 'Object Repository/Page_Workgroups  GRiD/a_FG3D'
	at com.kms.katalon.core.webui.keyword.internal.WebUIKeywordMain.stepFailed(WebUIKeywordMain.groovy:64)
	at com.kms.katalon.core.webui.keyword.internal.WebUIKeywordMain.runKeyword(WebUIKeywordMain.groovy:26)
	at com.kms.katalon.core.webui.keyword.builtin.ClickKeyword.click(ClickKeyword.groovy:76)
	at com.kms.katalon.core.webui.keyword.builtin.ClickKeyword.execute(ClickKeyword.groovy:43)
	at com.kms.katalon.core.keyword.internal.KeywordExecutor.executeKeywordForPlatform(KeywordExecutor.groovy:73)
	at com.kms.katalon.core.webui.keyword.WebUiBuiltInKeywords.click(WebUiBuiltInKeywords.groovy:616)
	at com.kms.katalon.core.webui.keyword.WebUiBuiltInKeywords$click$1.call(Unknown Source)
	at FG3D Test - Stragetic.run(FG3D Test - Stragetic:28)
	at com.kms.katalon.core.main.ScriptEngine.run(ScriptEngine.java:194)
	at com.kms.katalon.core.main.ScriptEngine.runScriptAsRawText(ScriptEngine.java:119)
	at com.kms.katalon.core.main.TestCaseExecutor.runScript(TestCaseExecutor.java:339)
	at com.kms.katalon.core.main.TestCaseExecutor.doExecute(TestCaseExecutor.java:330)
	at com.kms.katalon.core.main.TestCaseExecutor.processExecutionPhase(TestCaseExecutor.java:309)
	at com.kms.katalon.core.main.TestCaseExecutor.accessMainPhase(TestCaseExecutor.java:301)
	at com.kms.katalon.core.main.TestCaseExecutor.execute(TestCaseExecutor.java:235)
	at com.kms.katalon.core.main.TestSuiteExecutor.accessTestCaseMainPhase(TestSuiteExecutor.java:191)
	at com.kms.katalon.core.main.TestSuiteExecutor.accessTestSuiteMainPhase(TestSuiteExecutor.java:141)
	at com.kms.katalon.core.main.TestSuiteExecutor.execute(TestSuiteExecutor.java:90)
	at com.kms.katalon.core.main.TestCaseMain.startTestSuite(TestCaseMain.java:157)
	at com.kms.katalon.core.main.TestCaseMain$startTestSuite$0.call(Unknown Source)
	at TempTestSuite1601324593621.run(TempTestSuite1601324593621.groovy:39)
Caused by: com.kms.katalon.core.webui.exception.WebElementNotFoundException: Web element with id: 'Object Repository/Page_Workgroups  GRiD/a_FG3D' located by '//div[@id='workgroupExportTree']/a[10]' not found
	at com.kms.katalon.core.webui.common.WebUiCommonHelper.findWebElement(WebUiCommonHelper.java:1368)
	at com.kms.katalon.core.webui.keyword.internal.WebUIAbstractKeyword.findWebElement(WebUIAbstractKeyword.groovy:27)
	at com.kms.katalon.core.webui.keyword.internal.WebUIAbstractKeyword.findWebElement(WebUIAbstractKeyword.groovy:26)
	at com.kms.katalon.core.webui.keyword.builtin.ClickKeyword$_click_closure1.doCall(ClickKeyword.groovy:67)
	at com.kms.katalon.core.webui.keyword.builtin.ClickKeyword$_click_closure1.call(ClickKeyword.groovy)
	at com.kms.katalon.core.webui.keyword.internal.WebUIKeywordMain.runKeyword(WebUIKeywordMain.groovy:20)
	... 19 more]]></system-err>
      </testcase>
      <testcase name="Test Cases/FG3D/FG3D Test - Stragetic" time="7344.083" classname="Test Cases/FG3D/FG3D Test - Stragetic" status="FAILED">
         <failure type="FAILED" message="Test Cases/FG3D/FG3D Test - Stragetic FAILED.
Reason:
com.kms.katalon.core.exception.StepFailedException: Unable to click on object 'Object Repository/Page_Workgroups  GRiD/a_FG3D'
	at com.kms.katalon.core.webui.keyword.internal.WebUIKeywordMain.stepFailed(WebUIKeywordMain.groovy:64)
	at com.kms.katalon.core.webui.keyword.internal.WebUIKeywordMain.runKeyword(WebUIKeywordMain.groovy:26)
	at com.kms.katalon.core.webui.keyword.builtin.ClickKeyword.click(ClickKeyword.groovy:76)
	at com.kms.katalon.core.webui.keyword.builtin.ClickKeyword.execute(ClickKeyword.groovy:43)
	at com.kms.katalon.core.keyword.internal.KeywordExecutor.executeKeywordForPlatform(KeywordExecutor.groovy:73)
	at com.kms.katalon.core.webui.keyword.WebUiBuiltInKeywords.click(WebUiBuiltInKeywords.groovy:616)
	at com.kms.katalon.core.webui.keyword.WebUiBuiltInKeywords$click$1.call(Unknown Source)
	at FG3D Test - Stragetic.run(FG3D Test - Stragetic:28)
	at com.kms.katalon.core.main.ScriptEngine.run(ScriptEngine.java:194)
	at com.kms.katalon.core.main.ScriptEngine.runScriptAsRawText(ScriptEngine.java:119)
	at com.kms.katalon.core.main.TestCaseExecutor.runScript(TestCaseExecutor.java:339)
	at com.kms.katalon.core.main.TestCaseExecutor.doExecute(TestCaseExecutor.java:330)
	at com.kms.katalon.core.main.TestCaseExecutor.processExecutionPhase(TestCaseExecutor.java:309)
	at com.kms.katalon.core.main.TestCaseExecutor.accessMainPhase(TestCaseExecutor.java:301)
	at com.kms.katalon.core.main.TestCaseExecutor.execute(TestCaseExecutor.java:235)
	at com.kms.katalon.core.main.TestSuiteExecutor.accessTestCaseMainPhase(TestSuiteExecutor.java:191)
	at com.kms.katalon.core.main.TestSuiteExecutor.accessTestSuiteMainPhase(TestSuiteExecutor.java:141)
	at com.kms.katalon.core.main.TestSuiteExecutor.execute(TestSuiteExecutor.java:90)
	at com.kms.katalon.core.main.TestCaseMain.startTestSuite(TestCaseMain.java:157)
	at com.kms.katalon.core.main.TestCaseMain$startTestSuite$0.call(Unknown Source)
	at TempTestSuite1601324593621.run(TempTestSuite1601324593621.groovy:39)
Caused by: com.kms.katalon.core.webui.exception.WebElementNotFoundException: Web element with id: 'Object Repository/Page_Workgroups  GRiD/a_FG3D' located by '//div[@id='workgroupExportTree']/a[10]' not found
	at com.kms.katalon.core.webui.common.WebUiCommonHelper.findWebElement(WebUiCommonHelper.java:1368)
	at com.kms.katalon.core.webui.keyword.internal.WebUIAbstractKeyword.findWebElement(WebUIAbstractKeyword.groovy:27)
	at com.kms.katalon.core.webui.keyword.internal.WebUIAbstractKeyword.findWebElement(WebUIAbstractKeyword.groovy:26)
	at com.kms.katalon.core.webui.keyword.builtin.ClickKeyword$_click_closure1.doCall(ClickKeyword.groovy:67)
	at com.kms.katalon.core.webui.keyword.builtin.ClickKeyword$_click_closure1.call(ClickKeyword.groovy)
	at com.kms.katalon.core.webui.keyword.internal.WebUIKeywordMain.runKeyword(WebUIKeywordMain.groovy:20)
	... 19 more
"/>
         <system-out><![CDATA[2020-09-28 21:23:07 - [TEST_CASE][FAILED] - Test Cases/FG3D/FG3D Test - Stragetic: Test Cases/FG3D/FG3D Test - Stragetic FAILED.
Reason:
com.kms.katalon.core.exception.StepFailedException: Unable to click on object 'Object Repository/Page_Workgroups  GRiD/a_FG3D'
	at com.kms.katalon.core.webui.keyword.internal.WebUIKeywordMain.stepFailed(WebUIKeywordMain.groovy:64)
	at com.kms.katalon.core.webui.keyword.internal.WebUIKeywordMain.runKeyword(WebUIKeywordMain.groovy:26)
	at com.kms.katalon.core.webui.keyword.builtin.ClickKeyword.click(ClickKeyword.groovy:76)
	at com.kms.katalon.core.webui.keyword.builtin.ClickKeyword.execute(ClickKeyword.groovy:43)
	at com.kms.katalon.core.keyword.internal.KeywordExecutor.executeKeywordForPlatform(KeywordExecutor.groovy:73)
	at com.kms.katalon.core.webui.keyword.WebUiBuiltInKeywords.click(WebUiBuiltInKeywords.groovy:616)
	at com.kms.katalon.core.webui.keyword.WebUiBuiltInKeywords$click$1.call(Unknown Source)
	at FG3D Test - Stragetic.run(FG3D Test - Stragetic:28)
	at com.kms.katalon.core.main.ScriptEngine.run(ScriptEngine.java:194)
	at com.kms.katalon.core.main.ScriptEngine.runScriptAsRawText(ScriptEngine.java:119)
	at com.kms.katalon.core.main.TestCaseExecutor.runScript(TestCaseExecutor.java:339)
	at com.kms.katalon.core.main.TestCaseExecutor.doExecute(TestCaseExecutor.java:330)
	at com.kms.katalon.core.main.TestCaseExecutor.processExecutionPhase(TestCaseExecutor.java:309)
	at com.kms.katalon.core.main.TestCaseExecutor.accessMainPhase(TestCaseExecutor.java:301)
	at com.kms.katalon.core.main.TestCaseExecutor.execute(TestCaseExecutor.java:235)
	at com.kms.katalon.core.main.TestSuiteExecutor.accessTestCaseMainPhase(TestSuiteExecutor.java:191)
	at com.kms.katalon.core.main.TestSuiteExecutor.accessTestSuiteMainPhase(TestSuiteExecutor.java:141)
	at com.kms.katalon.core.main.TestSuiteExecutor.execute(TestSuiteExecutor.java:90)
	at com.kms.katalon.core.main.TestCaseMain.startTestSuite(TestCaseMain.java:157)
	at com.kms.katalon.core.main.TestCaseMain$startTestSuite$0.call(Unknown Source)
	at TempTestSuite1601324593621.run(TempTestSuite1601324593621.groovy:39)
Caused by: com.kms.katalon.core.webui.exception.WebElementNotFoundException: Web element with id: 'Object Repository/Page_Workgroups  GRiD/a_FG3D' located by '//div[@id='workgroupExportTree']/a[10]' not found
	at com.kms.katalon.core.webui.common.WebUiCommonHelper.findWebElement(WebUiCommonHelper.java:1368)
	at com.kms.katalon.core.webui.keyword.internal.WebUIAbstractKeyword.findWebElement(WebUIAbstractKeyword.groovy:27)
	at com.kms.katalon.core.webui.keyword.internal.WebUIAbstractKeyword.findWebElement(WebUIAbstractKeyword.groovy:26)
	at com.kms.katalon.core.webui.keyword.builtin.ClickKeyword$_click_closure1.doCall(ClickKeyword.groovy:67)
	at com.kms.katalon.core.webui.keyword.builtin.ClickKeyword$_click_closure1.call(ClickKeyword.groovy)
	at com.kms.katalon.core.webui.keyword.internal.WebUIKeywordMain.runKeyword(WebUIKeywordMain.groovy:20)
	... 19 more


2020-09-28 21:23:07 - [TEST_STEP][PASSED] - openBrowser(""): Browser is opened with url: ''

2020-09-28 21:23:07 - [MESSAGE][WARNING] - A browser is already opened. Closing browser and opening a new one

2020-09-28 21:23:07 - [MESSAGE][INFO] - Starting 'Chrome' driver

2020-09-28 21:23:07 - [MESSAGE][INFO] - Action delay is set to 0 milliseconds

2020-09-28 21:23:09 - [MESSAGE][PASSED] - Browser is opened with url: ''

2020-09-28 21:23:09 - [TEST_STEP][PASSED] - navigateToUrl("https://grid.nga.mil/testgrid/"): Navigate to 'https://grid.nga.mil/testgrid/' successfully

2020-09-28 21:23:10 - [MESSAGE][PASSED] - Navigate to 'https://grid.nga.mil/testgrid/' successfully

2020-09-28 21:23:10 - [TEST_STEP][PASSED] - click(findTestObject("Page_Home  GRiD/a_CAC  GEOAxIS Login")): Object: 'Object Repository/Page_Home  GRiD/a_CAC  GEOAxIS Login' is clicked on

2020-09-28 21:23:16 - [MESSAGE][PASSED] - Object: 'Object Repository/Page_Home  GRiD/a_CAC  GEOAxIS Login' is clicked on

2020-09-28 21:23:16 - [TEST_STEP][PASSED] - click(findTestObject("Page_Home  GRiD/a_Share")): Object: 'Object Repository/Page_Home  GRiD/a_Share' is clicked on

2020-09-28 21:23:47 - [MESSAGE][INFO] - Unable to find the element located by 'By.xpath: //div[@id='navbarToggle']/ul/li[5]/a'. Please recheck the objects properties to make sure the desired element is located. 

2020-09-28 21:23:47 - [MESSAGE][WARNING] - [SELF-HEALING] Failed to find element with id 'Object Repository/Page_Home  GRiD/a_Share'. Try using Self-healing.

2020-09-28 21:23:48 - [MESSAGE][WARNING] - [SELF-HEALING] The current locator of test object 'Object Repository/Page_Home  GRiD/a_Share' was broken. Propose an alternative one: '//li[5]/a'.

2020-09-28 21:23:48 - [MESSAGE][PASSED] - Object: 'Object Repository/Page_Home  GRiD/a_Share' is clicked on

2020-09-28 21:23:48 - [TEST_STEP][FAILED] - click(findTestObject("Page_Workgroups  GRiD/a_FG3D")): Unable to click on object 'Object Repository/Page_Workgroups  GRiD/a_FG3D' (Root cause: com.kms.katalon.core.exception.StepFailedException: Unable to click on object 'Object Repository/Page_Workgroups  GRiD/a_FG3D'
	at com.kms.katalon.core.webui.keyword.internal.WebUIKeywordMain.stepFailed(WebUIKeywordMain.groovy:64)
	at com.kms.katalon.core.webui.keyword.internal.WebUIKeywordMain.runKeyword(WebUIKeywordMain.groovy:26)
	at com.kms.katalon.core.webui.keyword.builtin.ClickKeyword.click(ClickKeyword.groovy:76)
	at com.kms.katalon.core.webui.keyword.builtin.ClickKeyword.execute(ClickKeyword.groovy:43)
	at com.kms.katalon.core.keyword.internal.KeywordExecutor.executeKeywordForPlatform(KeywordExecutor.groovy:73)
	at com.kms.katalon.core.webui.keyword.WebUiBuiltInKeywords.click(WebUiBuiltInKeywords.groovy:616)
	at com.kms.katalon.core.webui.keyword.WebUiBuiltInKeywords$click$1.call(Unknown Source)
	at FG3D Test - Stragetic.run(FG3D Test - Stragetic:28)
	at com.kms.katalon.core.main.ScriptEngine.run(ScriptEngine.java:194)
	at com.kms.katalon.core.main.ScriptEngine.runScriptAsRawText(ScriptEngine.java:119)
	at com.kms.katalon.core.main.TestCaseExecutor.runScript(TestCaseExecutor.java:339)
	at com.kms.katalon.core.main.TestCaseExecutor.doExecute(TestCaseExecutor.java:330)
	at com.kms.katalon.core.main.TestCaseExecutor.processExecutionPhase(TestCaseExecutor.java:309)
	at com.kms.katalon.core.main.TestCaseExecutor.accessMainPhase(TestCaseExecutor.java:301)
	at com.kms.katalon.core.main.TestCaseExecutor.execute(TestCaseExecutor.java:235)
	at com.kms.katalon.core.main.TestSuiteExecutor.accessTestCaseMainPhase(TestSuiteExecutor.java:191)
	at com.kms.katalon.core.main.TestSuiteExecutor.accessTestSuiteMainPhase(TestSuiteExecutor.java:141)
	at com.kms.katalon.core.main.TestSuiteExecutor.execute(TestSuiteExecutor.java:90)
	at com.kms.katalon.core.main.TestCaseMain.startTestSuite(TestCaseMain.java:157)
	at com.kms.katalon.core.main.TestCaseMain$startTestSuite$0.call(Unknown Source)
	at TempTestSuite1601324593621.run(TempTestSuite1601324593621.groovy:39)
Caused by: com.kms.katalon.core.webui.exception.WebElementNotFoundException: Web element with id: 'Object Repository/Page_Workgroups  GRiD/a_FG3D' located by '//div[@id='workgroupExportTree']/a[10]' not found
	at com.kms.katalon.core.webui.common.WebUiCommonHelper.findWebElement(WebUiCommonHelper.java:1368)
	at com.kms.katalon.core.webui.keyword.internal.WebUIAbstractKeyword.findWebElement(WebUIAbstractKeyword.groovy:27)
	at com.kms.katalon.core.webui.keyword.internal.WebUIAbstractKeyword.findWebElement(WebUIAbstractKeyword.groovy:26)
	at com.kms.katalon.core.webui.keyword.builtin.ClickKeyword$_click_closure1.doCall(ClickKeyword.groovy:67)
	at com.kms.katalon.core.webui.keyword.builtin.ClickKeyword$_click_closure1.call(ClickKeyword.groovy)
	at com.kms.katalon.core.webui.keyword.internal.WebUIKeywordMain.runKeyword(WebUIKeywordMain.groovy:20)
	at com.kms.katalon.core.webui.keyword.builtin.ClickKeyword.click(ClickKeyword.groovy:76)
	at com.kms.katalon.core.webui.keyword.builtin.ClickKeyword.execute(ClickKeyword.groovy:43)
	at com.kms.katalon.core.keyword.internal.KeywordExecutor.executeKeywordForPlatform(KeywordExecutor.groovy:73)
	at com.kms.katalon.core.webui.keyword.WebUiBuiltInKeywords.click(WebUiBuiltInKeywords.groovy:616)
	at com.kms.katalon.core.webui.keyword.WebUiBuiltInKeywords$click$1.call(Unknown Source)
	at Script1599149155505.run(Script1599149155505.groovy:28)
	... 13 more
)

2020-09-28 21:24:19 - [MESSAGE][INFO] - Unable to find the element located by 'By.xpath: //div[@id='workgroupExportTree']/a[10]'. Please recheck the objects properties to make sure the desired element is located. 

2020-09-28 21:24:19 - [MESSAGE][WARNING] - [SELF-HEALING] Failed to find element with id 'Object Repository/Page_Workgroups  GRiD/a_FG3D'. Try using Self-healing.

2020-09-28 21:24:19 - [MESSAGE][INFO] - [SELF-HEALING] Failed Locator: '//div[@id='workgroupExportTree']/a[10]'.

2020-09-28 21:24:19 - [MESSAGE][INFO] - [SELF-HEALING] Failed Locator: '//a[contains(text(),'FG3D')]'.

2020-09-28 21:24:20 - [MESSAGE][INFO] - [SELF-HEALING] Failed Locator: '(.//*[normalize-space(text()) and normalize-space(.)='DTED2 DTM'])[1]/following::a[1]'.

2020-09-28 21:24:20 - [MESSAGE][INFO] - [SELF-HEALING] Failed Locator: '(.//*[normalize-space(text()) and normalize-space(.)='DTED0 DTM'])[1]/following::a[2]'.

2020-09-28 21:24:21 - [MESSAGE][INFO] - [SELF-HEALING] Failed Locator: '(.//*[normalize-space(text()) and normalize-space(.)='SRT2F DSM'])[1]/preceding::a[1]'.

2020-09-28 21:24:21 - [MESSAGE][INFO] - [SELF-HEALING] Failed Locator: '(.//*[normalize-space(text()) and normalize-space(.)='TDT DSM'])[1]/preceding::a[2]'.

2020-09-28 21:24:21 - [MESSAGE][INFO] - [SELF-HEALING] Failed Locator: '//*/text()[normalize-space(.)='FG3D']/parent::*'.

2020-09-28 21:24:22 - [MESSAGE][INFO] - [SELF-HEALING] Failed Locator: '//a[contains(@href, '/testgrid/export/aoi/36914/')]'.

2020-09-28 21:24:22 - [MESSAGE][INFO] - [SELF-HEALING] Failed Locator: '//div[2]/a[10]'.

2020-09-28 21:24:23 - [MESSAGE][INFO] - Unable to find the element located by 'By.xpath: //*[@href = '/testgrid/export/aoi/36914/' and (text() = '
            FG3D
            
              
              
            
          ' or . = '
            FG3D
            
              
              
            
          ')]'. Please recheck the objects properties to make sure the desired element is located. 

2020-09-28 23:25:28 - [MESSAGE][INFO] - Unable to find the element located by 'By.cssSelector: '. Please recheck the objects properties to make sure the desired element is located. 

2020-09-28 23:25:31 - [MESSAGE][FAILED] - Unable to click on object 'Object Repository/Page_Workgroups  GRiD/a_FG3D' (Root cause: com.kms.katalon.core.exception.StepFailedException: Unable to click on object 'Object Repository/Page_Workgroups  GRiD/a_FG3D'
	at com.kms.katalon.core.webui.keyword.internal.WebUIKeywordMain.stepFailed(WebUIKeywordMain.groovy:64)
	at com.kms.katalon.core.webui.keyword.internal.WebUIKeywordMain.runKeyword(WebUIKeywordMain.groovy:26)
	at com.kms.katalon.core.webui.keyword.builtin.ClickKeyword.click(ClickKeyword.groovy:76)
	at com.kms.katalon.core.webui.keyword.builtin.ClickKeyword.execute(ClickKeyword.groovy:43)
	at com.kms.katalon.core.keyword.internal.KeywordExecutor.executeKeywordForPlatform(KeywordExecutor.groovy:73)
	at com.kms.katalon.core.webui.keyword.WebUiBuiltInKeywords.click(WebUiBuiltInKeywords.groovy:616)
	at com.kms.katalon.core.webui.keyword.WebUiBuiltInKeywords$click$1.call(Unknown Source)
	at FG3D Test - Stragetic.run(FG3D Test - Stragetic:28)
	at com.kms.katalon.core.main.ScriptEngine.run(ScriptEngine.java:194)
	at com.kms.katalon.core.main.ScriptEngine.runScriptAsRawText(ScriptEngine.java:119)
	at com.kms.katalon.core.main.TestCaseExecutor.runScript(TestCaseExecutor.java:339)
	at com.kms.katalon.core.main.TestCaseExecutor.doExecute(TestCaseExecutor.java:330)
	at com.kms.katalon.core.main.TestCaseExecutor.processExecutionPhase(TestCaseExecutor.java:309)
	at com.kms.katalon.core.main.TestCaseExecutor.accessMainPhase(TestCaseExecutor.java:301)
	at com.kms.katalon.core.main.TestCaseExecutor.execute(TestCaseExecutor.java:235)
	at com.kms.katalon.core.main.TestSuiteExecutor.accessTestCaseMainPhase(TestSuiteExecutor.java:191)
	at com.kms.katalon.core.main.TestSuiteExecutor.accessTestSuiteMainPhase(TestSuiteExecutor.java:141)
	at com.kms.katalon.core.main.TestSuiteExecutor.execute(TestSuiteExecutor.java:90)
	at com.kms.katalon.core.main.TestCaseMain.startTestSuite(TestCaseMain.java:157)
	at com.kms.katalon.core.main.TestCaseMain$startTestSuite$0.call(Unknown Source)
	at TempTestSuite1601324593621.run(TempTestSuite1601324593621.groovy:39)
Caused by: com.kms.katalon.core.webui.exception.WebElementNotFoundException: Web element with id: 'Object Repository/Page_Workgroups  GRiD/a_FG3D' located by '//div[@id='workgroupExportTree']/a[10]' not found
	at com.kms.katalon.core.webui.common.WebUiCommonHelper.findWebElement(WebUiCommonHelper.java:1368)
	at com.kms.katalon.core.webui.keyword.internal.WebUIAbstractKeyword.findWebElement(WebUIAbstractKeyword.groovy:27)
	at com.kms.katalon.core.webui.keyword.internal.WebUIAbstractKeyword.findWebElement(WebUIAbstractKeyword.groovy:26)
	at com.kms.katalon.core.webui.keyword.builtin.ClickKeyword$_click_closure1.doCall(ClickKeyword.groovy:67)
	at com.kms.katalon.core.webui.keyword.builtin.ClickKeyword$_click_closure1.call(ClickKeyword.groovy)
	at com.kms.katalon.core.webui.keyword.internal.WebUIKeywordMain.runKeyword(WebUIKeywordMain.groovy:20)
	at com.kms.katalon.core.webui.keyword.builtin.ClickKeyword.click(ClickKeyword.groovy:76)
	at com.kms.katalon.core.webui.keyword.builtin.ClickKeyword.execute(ClickKeyword.groovy:43)
	at com.kms.katalon.core.keyword.internal.KeywordExecutor.executeKeywordForPlatform(KeywordExecutor.groovy:73)
	at com.kms.katalon.core.webui.keyword.WebUiBuiltInKeywords.click(WebUiBuiltInKeywords.groovy:616)
	at com.kms.katalon.core.webui.keyword.WebUiBuiltInKeywords$click$1.call(Unknown Source)
	at Script1599149155505.run(Script1599149155505.groovy:28)
	... 13 more
)
[[ATTACHMENT|/Users/bhavikpatel/Downloads/Projects/CRREL/GRiD/Automation Testing/Automation Testing Project/KatalonTesting/Reports/20200928_162313/GRiD FG3D/20200928_162313/1601349928833.png]]]]></system-out>
         <system-err><![CDATA[2020-09-28 21:23:07 - [TEST_CASE][FAILED] - Test Cases/FG3D/FG3D Test - Stragetic: Test Cases/FG3D/FG3D Test - Stragetic FAILED.
Reason:
com.kms.katalon.core.exception.StepFailedException: Unable to click on object 'Object Repository/Page_Workgroups  GRiD/a_FG3D'
	at com.kms.katalon.core.webui.keyword.internal.WebUIKeywordMain.stepFailed(WebUIKeywordMain.groovy:64)
	at com.kms.katalon.core.webui.keyword.internal.WebUIKeywordMain.runKeyword(WebUIKeywordMain.groovy:26)
	at com.kms.katalon.core.webui.keyword.builtin.ClickKeyword.click(ClickKeyword.groovy:76)
	at com.kms.katalon.core.webui.keyword.builtin.ClickKeyword.execute(ClickKeyword.groovy:43)
	at com.kms.katalon.core.keyword.internal.KeywordExecutor.executeKeywordForPlatform(KeywordExecutor.groovy:73)
	at com.kms.katalon.core.webui.keyword.WebUiBuiltInKeywords.click(WebUiBuiltInKeywords.groovy:616)
	at com.kms.katalon.core.webui.keyword.WebUiBuiltInKeywords$click$1.call(Unknown Source)
	at FG3D Test - Stragetic.run(FG3D Test - Stragetic:28)
	at com.kms.katalon.core.main.ScriptEngine.run(ScriptEngine.java:194)
	at com.kms.katalon.core.main.ScriptEngine.runScriptAsRawText(ScriptEngine.java:119)
	at com.kms.katalon.core.main.TestCaseExecutor.runScript(TestCaseExecutor.java:339)
	at com.kms.katalon.core.main.TestCaseExecutor.doExecute(TestCaseExecutor.java:330)
	at com.kms.katalon.core.main.TestCaseExecutor.processExecutionPhase(TestCaseExecutor.java:309)
	at com.kms.katalon.core.main.TestCaseExecutor.accessMainPhase(TestCaseExecutor.java:301)
	at com.kms.katalon.core.main.TestCaseExecutor.execute(TestCaseExecutor.java:235)
	at com.kms.katalon.core.main.TestSuiteExecutor.accessTestCaseMainPhase(TestSuiteExecutor.java:191)
	at com.kms.katalon.core.main.TestSuiteExecutor.accessTestSuiteMainPhase(TestSuiteExecutor.java:141)
	at com.kms.katalon.core.main.TestSuiteExecutor.execute(TestSuiteExecutor.java:90)
	at com.kms.katalon.core.main.TestCaseMain.startTestSuite(TestCaseMain.java:157)
	at com.kms.katalon.core.main.TestCaseMain$startTestSuite$0.call(Unknown Source)
	at TempTestSuite1601324593621.run(TempTestSuite1601324593621.groovy:39)
Caused by: com.kms.katalon.core.webui.exception.WebElementNotFoundException: Web element with id: 'Object Repository/Page_Workgroups  GRiD/a_FG3D' located by '//div[@id='workgroupExportTree']/a[10]' not found
	at com.kms.katalon.core.webui.common.WebUiCommonHelper.findWebElement(WebUiCommonHelper.java:1368)
	at com.kms.katalon.core.webui.keyword.internal.WebUIAbstractKeyword.findWebElement(WebUIAbstractKeyword.groovy:27)
	at com.kms.katalon.core.webui.keyword.internal.WebUIAbstractKeyword.findWebElement(WebUIAbstractKeyword.groovy:26)
	at com.kms.katalon.core.webui.keyword.builtin.ClickKeyword$_click_closure1.doCall(ClickKeyword.groovy:67)
	at com.kms.katalon.core.webui.keyword.builtin.ClickKeyword$_click_closure1.call(ClickKeyword.groovy)
	at com.kms.katalon.core.webui.keyword.internal.WebUIKeywordMain.runKeyword(WebUIKeywordMain.groovy:20)
	... 19 more]]></system-err>
      </testcase>
      <testcase name="Test Cases/FG3D/FG3D Test - Stragetic" time="44.414" classname="Test Cases/FG3D/FG3D Test - Stragetic" status="FAILED">
         <failure type="FAILED" message="Test Cases/FG3D/FG3D Test - Stragetic FAILED.
Reason:
com.kms.katalon.core.exception.StepFailedException: Unable to click on object 'Object Repository/Page_Home  GRiD/a_Share'
	at com.kms.katalon.core.webui.keyword.internal.WebUIKeywordMain.stepFailed(WebUIKeywordMain.groovy:64)
	at com.kms.katalon.core.webui.keyword.internal.WebUIKeywordMain.runKeyword(WebUIKeywordMain.groovy:26)
	at com.kms.katalon.core.webui.keyword.builtin.ClickKeyword.click(ClickKeyword.groovy:76)
	at com.kms.katalon.core.webui.keyword.builtin.ClickKeyword.execute(ClickKeyword.groovy:43)
	at com.kms.katalon.core.keyword.internal.KeywordExecutor.executeKeywordForPlatform(KeywordExecutor.groovy:73)
	at com.kms.katalon.core.webui.keyword.WebUiBuiltInKeywords.click(WebUiBuiltInKeywords.groovy:616)
	at com.kms.katalon.core.webui.keyword.WebUiBuiltInKeywords$click$1.call(Unknown Source)
	at FG3D Test - Stragetic.run(FG3D Test - Stragetic:26)
	at com.kms.katalon.core.main.ScriptEngine.run(ScriptEngine.java:194)
	at com.kms.katalon.core.main.ScriptEngine.runScriptAsRawText(ScriptEngine.java:119)
	at com.kms.katalon.core.main.TestCaseExecutor.runScript(TestCaseExecutor.java:339)
	at com.kms.katalon.core.main.TestCaseExecutor.doExecute(TestCaseExecutor.java:330)
	at com.kms.katalon.core.main.TestCaseExecutor.processExecutionPhase(TestCaseExecutor.java:309)
	at com.kms.katalon.core.main.TestCaseExecutor.accessMainPhase(TestCaseExecutor.java:301)
	at com.kms.katalon.core.main.TestCaseExecutor.execute(TestCaseExecutor.java:235)
	at com.kms.katalon.core.main.TestSuiteExecutor.accessTestCaseMainPhase(TestSuiteExecutor.java:191)
	at com.kms.katalon.core.main.TestSuiteExecutor.accessTestSuiteMainPhase(TestSuiteExecutor.java:141)
	at com.kms.katalon.core.main.TestSuiteExecutor.execute(TestSuiteExecutor.java:90)
	at com.kms.katalon.core.main.TestCaseMain.startTestSuite(TestCaseMain.java:157)
	at com.kms.katalon.core.main.TestCaseMain$startTestSuite$0.call(Unknown Source)
	at TempTestSuite1601324593621.run(TempTestSuite1601324593621.groovy:39)
Caused by: com.kms.katalon.core.webui.exception.WebElementNotFoundException: Web element with id: 'Object Repository/Page_Home  GRiD/a_Share' located by '//div[@id='navbarToggle']/ul/li[5]/a' not found
	at com.kms.katalon.core.webui.common.WebUiCommonHelper.findWebElement(WebUiCommonHelper.java:1368)
	at com.kms.katalon.core.webui.keyword.internal.WebUIAbstractKeyword.findWebElement(WebUIAbstractKeyword.groovy:27)
	at com.kms.katalon.core.webui.keyword.internal.WebUIAbstractKeyword.findWebElement(WebUIAbstractKeyword.groovy:26)
	at com.kms.katalon.core.webui.keyword.builtin.ClickKeyword$_click_closure1.doCall(ClickKeyword.groovy:67)
	at com.kms.katalon.core.webui.keyword.builtin.ClickKeyword$_click_closure1.call(ClickKeyword.groovy)
	at com.kms.katalon.core.webui.keyword.internal.WebUIKeywordMain.runKeyword(WebUIKeywordMain.groovy:20)
	... 19 more
"/>
         <system-out><![CDATA[2020-09-28 23:25:31 - [TEST_CASE][FAILED] - Test Cases/FG3D/FG3D Test - Stragetic: Test Cases/FG3D/FG3D Test - Stragetic FAILED.
Reason:
com.kms.katalon.core.exception.StepFailedException: Unable to click on object 'Object Repository/Page_Home  GRiD/a_Share'
	at com.kms.katalon.core.webui.keyword.internal.WebUIKeywordMain.stepFailed(WebUIKeywordMain.groovy:64)
	at com.kms.katalon.core.webui.keyword.internal.WebUIKeywordMain.runKeyword(WebUIKeywordMain.groovy:26)
	at com.kms.katalon.core.webui.keyword.builtin.ClickKeyword.click(ClickKeyword.groovy:76)
	at com.kms.katalon.core.webui.keyword.builtin.ClickKeyword.execute(ClickKeyword.groovy:43)
	at com.kms.katalon.core.keyword.internal.KeywordExecutor.executeKeywordForPlatform(KeywordExecutor.groovy:73)
	at com.kms.katalon.core.webui.keyword.WebUiBuiltInKeywords.click(WebUiBuiltInKeywords.groovy:616)
	at com.kms.katalon.core.webui.keyword.WebUiBuiltInKeywords$click$1.call(Unknown Source)
	at FG3D Test - Stragetic.run(FG3D Test - Stragetic:26)
	at com.kms.katalon.core.main.ScriptEngine.run(ScriptEngine.java:194)
	at com.kms.katalon.core.main.ScriptEngine.runScriptAsRawText(ScriptEngine.java:119)
	at com.kms.katalon.core.main.TestCaseExecutor.runScript(TestCaseExecutor.java:339)
	at com.kms.katalon.core.main.TestCaseExecutor.doExecute(TestCaseExecutor.java:330)
	at com.kms.katalon.core.main.TestCaseExecutor.processExecutionPhase(TestCaseExecutor.java:309)
	at com.kms.katalon.core.main.TestCaseExecutor.accessMainPhase(TestCaseExecutor.java:301)
	at com.kms.katalon.core.main.TestCaseExecutor.execute(TestCaseExecutor.java:235)
	at com.kms.katalon.core.main.TestSuiteExecutor.accessTestCaseMainPhase(TestSuiteExecutor.java:191)
	at com.kms.katalon.core.main.TestSuiteExecutor.accessTestSuiteMainPhase(TestSuiteExecutor.java:141)
	at com.kms.katalon.core.main.TestSuiteExecutor.execute(TestSuiteExecutor.java:90)
	at com.kms.katalon.core.main.TestCaseMain.startTestSuite(TestCaseMain.java:157)
	at com.kms.katalon.core.main.TestCaseMain$startTestSuite$0.call(Unknown Source)
	at TempTestSuite1601324593621.run(TempTestSuite1601324593621.groovy:39)
Caused by: com.kms.katalon.core.webui.exception.WebElementNotFoundException: Web element with id: 'Object Repository/Page_Home  GRiD/a_Share' located by '//div[@id='navbarToggle']/ul/li[5]/a' not found
	at com.kms.katalon.core.webui.common.WebUiCommonHelper.findWebElement(WebUiCommonHelper.java:1368)
	at com.kms.katalon.core.webui.keyword.internal.WebUIAbstractKeyword.findWebElement(WebUIAbstractKeyword.groovy:27)
	at com.kms.katalon.core.webui.keyword.internal.WebUIAbstractKeyword.findWebElement(WebUIAbstractKeyword.groovy:26)
	at com.kms.katalon.core.webui.keyword.builtin.ClickKeyword$_click_closure1.doCall(ClickKeyword.groovy:67)
	at com.kms.katalon.core.webui.keyword.builtin.ClickKeyword$_click_closure1.call(ClickKeyword.groovy)
	at com.kms.katalon.core.webui.keyword.internal.WebUIKeywordMain.runKeyword(WebUIKeywordMain.groovy:20)
	... 19 more


2020-09-28 23:25:31 - [TEST_STEP][PASSED] - openBrowser(""): Browser is opened with url: ''

2020-09-28 23:25:31 - [MESSAGE][WARNING] - A browser is already opened. Closing browser and opening a new one

2020-09-28 23:25:32 - [MESSAGE][INFO] - Starting 'Chrome' driver

2020-09-28 23:25:32 - [MESSAGE][INFO] - Action delay is set to 0 milliseconds

2020-09-28 23:25:33 - [MESSAGE][PASSED] - Browser is opened with url: ''

2020-09-28 23:25:33 - [TEST_STEP][PASSED] - navigateToUrl("https://grid.nga.mil/testgrid/"): Navigate to 'https://grid.nga.mil/testgrid/' successfully

2020-09-28 23:25:37 - [MESSAGE][PASSED] - Navigate to 'https://grid.nga.mil/testgrid/' successfully

2020-09-28 23:25:37 - [TEST_STEP][PASSED] - click(findTestObject("Page_Home  GRiD/a_CAC  GEOAxIS Login")): Object: 'Object Repository/Page_Home  GRiD/a_CAC  GEOAxIS Login' is clicked on

2020-09-28 23:25:40 - [MESSAGE][PASSED] - Object: 'Object Repository/Page_Home  GRiD/a_CAC  GEOAxIS Login' is clicked on

2020-09-28 23:25:40 - [TEST_STEP][FAILED] - click(findTestObject("Page_Home  GRiD/a_Share")): Unable to click on object 'Object Repository/Page_Home  GRiD/a_Share' (Root cause: com.kms.katalon.core.exception.StepFailedException: Unable to click on object 'Object Repository/Page_Home  GRiD/a_Share'
	at com.kms.katalon.core.webui.keyword.internal.WebUIKeywordMain.stepFailed(WebUIKeywordMain.groovy:64)
	at com.kms.katalon.core.webui.keyword.internal.WebUIKeywordMain.runKeyword(WebUIKeywordMain.groovy:26)
	at com.kms.katalon.core.webui.keyword.builtin.ClickKeyword.click(ClickKeyword.groovy:76)
	at com.kms.katalon.core.webui.keyword.builtin.ClickKeyword.execute(ClickKeyword.groovy:43)
	at com.kms.katalon.core.keyword.internal.KeywordExecutor.executeKeywordForPlatform(KeywordExecutor.groovy:73)
	at com.kms.katalon.core.webui.keyword.WebUiBuiltInKeywords.click(WebUiBuiltInKeywords.groovy:616)
	at com.kms.katalon.core.webui.keyword.WebUiBuiltInKeywords$click$1.call(Unknown Source)
	at FG3D Test - Stragetic.run(FG3D Test - Stragetic:26)
	at com.kms.katalon.core.main.ScriptEngine.run(ScriptEngine.java:194)
	at com.kms.katalon.core.main.ScriptEngine.runScriptAsRawText(ScriptEngine.java:119)
	at com.kms.katalon.core.main.TestCaseExecutor.runScript(TestCaseExecutor.java:339)
	at com.kms.katalon.core.main.TestCaseExecutor.doExecute(TestCaseExecutor.java:330)
	at com.kms.katalon.core.main.TestCaseExecutor.processExecutionPhase(TestCaseExecutor.java:309)
	at com.kms.katalon.core.main.TestCaseExecutor.accessMainPhase(TestCaseExecutor.java:301)
	at com.kms.katalon.core.main.TestCaseExecutor.execute(TestCaseExecutor.java:235)
	at com.kms.katalon.core.main.TestSuiteExecutor.accessTestCaseMainPhase(TestSuiteExecutor.java:191)
	at com.kms.katalon.core.main.TestSuiteExecutor.accessTestSuiteMainPhase(TestSuiteExecutor.java:141)
	at com.kms.katalon.core.main.TestSuiteExecutor.execute(TestSuiteExecutor.java:90)
	at com.kms.katalon.core.main.TestCaseMain.startTestSuite(TestCaseMain.java:157)
	at com.kms.katalon.core.main.TestCaseMain$startTestSuite$0.call(Unknown Source)
	at TempTestSuite1601324593621.run(TempTestSuite1601324593621.groovy:39)
Caused by: com.kms.katalon.core.webui.exception.WebElementNotFoundException: Web element with id: 'Object Repository/Page_Home  GRiD/a_Share' located by '//div[@id='navbarToggle']/ul/li[5]/a' not found
	at com.kms.katalon.core.webui.common.WebUiCommonHelper.findWebElement(WebUiCommonHelper.java:1368)
	at com.kms.katalon.core.webui.keyword.internal.WebUIAbstractKeyword.findWebElement(WebUIAbstractKeyword.groovy:27)
	at com.kms.katalon.core.webui.keyword.internal.WebUIAbstractKeyword.findWebElement(WebUIAbstractKeyword.groovy:26)
	at com.kms.katalon.core.webui.keyword.builtin.ClickKeyword$_click_closure1.doCall(ClickKeyword.groovy:67)
	at com.kms.katalon.core.webui.keyword.builtin.ClickKeyword$_click_closure1.call(ClickKeyword.groovy)
	at com.kms.katalon.core.webui.keyword.internal.WebUIKeywordMain.runKeyword(WebUIKeywordMain.groovy:20)
	at com.kms.katalon.core.webui.keyword.builtin.ClickKeyword.click(ClickKeyword.groovy:76)
	at com.kms.katalon.core.webui.keyword.builtin.ClickKeyword.execute(ClickKeyword.groovy:43)
	at com.kms.katalon.core.keyword.internal.KeywordExecutor.executeKeywordForPlatform(KeywordExecutor.groovy:73)
	at com.kms.katalon.core.webui.keyword.WebUiBuiltInKeywords.click(WebUiBuiltInKeywords.groovy:616)
	at com.kms.katalon.core.webui.keyword.WebUiBuiltInKeywords$click$1.call(Unknown Source)
	at Script1599149155505.run(Script1599149155505.groovy:26)
	... 13 more
)

2020-09-28 23:26:11 - [MESSAGE][INFO] - Unable to find the element located by 'By.xpath: //div[@id='navbarToggle']/ul/li[5]/a'. Please recheck the objects properties to make sure the desired element is located. 

2020-09-28 23:26:11 - [MESSAGE][WARNING] - [SELF-HEALING] Failed to find element with id 'Object Repository/Page_Home  GRiD/a_Share'. Try using Self-healing.

2020-09-28 23:26:12 - [MESSAGE][INFO] - Unable to find the element located by 'By.xpath: //li[5]/a'. Please recheck the objects properties to make sure the desired element is located. 

2020-09-28 23:26:12 - [MESSAGE][INFO] - [SELF-HEALING] Failed Locator: '//div[@id='navbarToggle']/ul/li[5]/a'.

2020-09-28 23:26:12 - [MESSAGE][INFO] - [SELF-HEALING] Failed Locator: '//a[contains(text(),'Share')]'.

2020-09-28 23:26:12 - [MESSAGE][INFO] - [SELF-HEALING] Failed Locator: '(.//*[normalize-space(text()) and normalize-space(.)='Export'])[1]/following::a[1]'.

2020-09-28 23:26:12 - [MESSAGE][INFO] - [SELF-HEALING] Failed Locator: '(.//*[normalize-space(text()) and normalize-space(.)='Create From Geo-Coord'])[1]/following::a[2]'.

2020-09-28 23:26:12 - [MESSAGE][INFO] - [SELF-HEALING] Failed Locator: '(.//*[normalize-space(text()) and normalize-space(.)='Data Holdings'])[1]/preceding::a[1]'.

2020-09-28 23:26:12 - [MESSAGE][INFO] - [SELF-HEALING] Failed Locator: '(.//*[normalize-space(text()) and normalize-space(.)='Analytics'])[1]/preceding::a[2]'.

2020-09-28 23:26:12 - [MESSAGE][INFO] - [SELF-HEALING] Failed Locator: '//*/text()[normalize-space(.)='Share']/parent::*'.

2020-09-28 23:26:12 - [MESSAGE][INFO] - [SELF-HEALING] Failed Locator: '//a[contains(@href, '/testgrid/export/workgroups/')]'.

2020-09-28 23:26:12 - [MESSAGE][INFO] - [SELF-HEALING] Failed Locator: '//li[5]/a'.

2020-09-28 23:26:12 - [MESSAGE][INFO] - [SELF-HEALING] Failed Locator: '//div[@id='navbarToggle']/ul/li[5]/a'.

2020-09-28 23:26:12 - [MESSAGE][INFO] - [SELF-HEALING] Failed Locator: '//a[contains(text(),'Share')]'.

2020-09-28 23:26:12 - [MESSAGE][INFO] - [SELF-HEALING] Failed Locator: '(.//*[normalize-space(text()) and normalize-space(.)='Export'])[1]/following::a[1]'.

2020-09-28 23:26:13 - [MESSAGE][INFO] - [SELF-HEALING] Failed Locator: '(.//*[normalize-space(text()) and normalize-space(.)='Create From Geo-Coord'])[1]/following::a[2]'.

2020-09-28 23:26:13 - [MESSAGE][INFO] - [SELF-HEALING] Failed Locator: '(.//*[normalize-space(text()) and normalize-space(.)='Data Holdings'])[1]/preceding::a[1]'.

2020-09-28 23:26:13 - [MESSAGE][INFO] - [SELF-HEALING] Failed Locator: '(.//*[normalize-space(text()) and normalize-space(.)='Analytics'])[1]/preceding::a[2]'.

2020-09-28 23:26:13 - [MESSAGE][INFO] - [SELF-HEALING] Failed Locator: '//*/text()[normalize-space(.)='Share']/parent::*'.

2020-09-28 23:26:13 - [MESSAGE][INFO] - [SELF-HEALING] Failed Locator: '//a[contains(@href, '/testgrid/export/workgroups/')]'.

2020-09-28 23:26:13 - [MESSAGE][INFO] - [SELF-HEALING] Failed Locator: '//li[5]/a'.

2020-09-28 23:26:13 - [MESSAGE][INFO] - [SELF-HEALING] Failed Locator: '//div[@id='navbarToggle']/ul/li[5]/a'.

2020-09-28 23:26:13 - [MESSAGE][INFO] - [SELF-HEALING] Failed Locator: '//a[contains(text(),'Share')]'.

2020-09-28 23:26:13 - [MESSAGE][INFO] - [SELF-HEALING] Failed Locator: '(.//*[normalize-space(text()) and normalize-space(.)='Export'])[1]/following::a[1]'.

2020-09-28 23:26:13 - [MESSAGE][INFO] - [SELF-HEALING] Failed Locator: '(.//*[normalize-space(text()) and normalize-space(.)='Create From Geo-Coord'])[1]/following::a[2]'.

2020-09-28 23:26:13 - [MESSAGE][INFO] - [SELF-HEALING] Failed Locator: '(.//*[normalize-space(text()) and normalize-space(.)='Data Holdings'])[1]/preceding::a[1]'.

2020-09-28 23:26:13 - [MESSAGE][INFO] - [SELF-HEALING] Failed Locator: '(.//*[normalize-space(text()) and normalize-space(.)='Analytics'])[1]/preceding::a[2]'.

2020-09-28 23:26:13 - [MESSAGE][INFO] - [SELF-HEALING] Failed Locator: '//*/text()[normalize-space(.)='Share']/parent::*'.

2020-09-28 23:26:13 - [MESSAGE][INFO] - [SELF-HEALING] Failed Locator: '//a[contains(@href, '/testgrid/export/workgroups/')]'.

2020-09-28 23:26:13 - [MESSAGE][INFO] - [SELF-HEALING] Failed Locator: '//li[5]/a'.

2020-09-28 23:26:14 - [MESSAGE][INFO] - Unable to find the element located by 'By.xpath: //*[@href = '/testgrid/export/workgroups/' and (text() = 'Share' or . = 'Share')]'. Please recheck the objects properties to make sure the desired element is located. 

2020-09-28 23:26:15 - [MESSAGE][INFO] - Unable to find the element located by 'By.cssSelector: '. Please recheck the objects properties to make sure the desired element is located. 

2020-09-28 23:26:16 - [MESSAGE][FAILED] - Unable to click on object 'Object Repository/Page_Home  GRiD/a_Share' (Root cause: com.kms.katalon.core.exception.StepFailedException: Unable to click on object 'Object Repository/Page_Home  GRiD/a_Share'
	at com.kms.katalon.core.webui.keyword.internal.WebUIKeywordMain.stepFailed(WebUIKeywordMain.groovy:64)
	at com.kms.katalon.core.webui.keyword.internal.WebUIKeywordMain.runKeyword(WebUIKeywordMain.groovy:26)
	at com.kms.katalon.core.webui.keyword.builtin.ClickKeyword.click(ClickKeyword.groovy:76)
	at com.kms.katalon.core.webui.keyword.builtin.ClickKeyword.execute(ClickKeyword.groovy:43)
	at com.kms.katalon.core.keyword.internal.KeywordExecutor.executeKeywordForPlatform(KeywordExecutor.groovy:73)
	at com.kms.katalon.core.webui.keyword.WebUiBuiltInKeywords.click(WebUiBuiltInKeywords.groovy:616)
	at com.kms.katalon.core.webui.keyword.WebUiBuiltInKeywords$click$1.call(Unknown Source)
	at FG3D Test - Stragetic.run(FG3D Test - Stragetic:26)
	at com.kms.katalon.core.main.ScriptEngine.run(ScriptEngine.java:194)
	at com.kms.katalon.core.main.ScriptEngine.runScriptAsRawText(ScriptEngine.java:119)
	at com.kms.katalon.core.main.TestCaseExecutor.runScript(TestCaseExecutor.java:339)
	at com.kms.katalon.core.main.TestCaseExecutor.doExecute(TestCaseExecutor.java:330)
	at com.kms.katalon.core.main.TestCaseExecutor.processExecutionPhase(TestCaseExecutor.java:309)
	at com.kms.katalon.core.main.TestCaseExecutor.accessMainPhase(TestCaseExecutor.java:301)
	at com.kms.katalon.core.main.TestCaseExecutor.execute(TestCaseExecutor.java:235)
	at com.kms.katalon.core.main.TestSuiteExecutor.accessTestCaseMainPhase(TestSuiteExecutor.java:191)
	at com.kms.katalon.core.main.TestSuiteExecutor.accessTestSuiteMainPhase(TestSuiteExecutor.java:141)
	at com.kms.katalon.core.main.TestSuiteExecutor.execute(TestSuiteExecutor.java:90)
	at com.kms.katalon.core.main.TestCaseMain.startTestSuite(TestCaseMain.java:157)
	at com.kms.katalon.core.main.TestCaseMain$startTestSuite$0.call(Unknown Source)
	at TempTestSuite1601324593621.run(TempTestSuite1601324593621.groovy:39)
Caused by: com.kms.katalon.core.webui.exception.WebElementNotFoundException: Web element with id: 'Object Repository/Page_Home  GRiD/a_Share' located by '//div[@id='navbarToggle']/ul/li[5]/a' not found
	at com.kms.katalon.core.webui.common.WebUiCommonHelper.findWebElement(WebUiCommonHelper.java:1368)
	at com.kms.katalon.core.webui.keyword.internal.WebUIAbstractKeyword.findWebElement(WebUIAbstractKeyword.groovy:27)
	at com.kms.katalon.core.webui.keyword.internal.WebUIAbstractKeyword.findWebElement(WebUIAbstractKeyword.groovy:26)
	at com.kms.katalon.core.webui.keyword.builtin.ClickKeyword$_click_closure1.doCall(ClickKeyword.groovy:67)
	at com.kms.katalon.core.webui.keyword.builtin.ClickKeyword$_click_closure1.call(ClickKeyword.groovy)
	at com.kms.katalon.core.webui.keyword.internal.WebUIKeywordMain.runKeyword(WebUIKeywordMain.groovy:20)
	at com.kms.katalon.core.webui.keyword.builtin.ClickKeyword.click(ClickKeyword.groovy:76)
	at com.kms.katalon.core.webui.keyword.builtin.ClickKeyword.execute(ClickKeyword.groovy:43)
	at com.kms.katalon.core.keyword.internal.KeywordExecutor.executeKeywordForPlatform(KeywordExecutor.groovy:73)
	at com.kms.katalon.core.webui.keyword.WebUiBuiltInKeywords.click(WebUiBuiltInKeywords.groovy:616)
	at com.kms.katalon.core.webui.keyword.WebUiBuiltInKeywords$click$1.call(Unknown Source)
	at Script1599149155505.run(Script1599149155505.groovy:26)
	... 13 more
)
[[ATTACHMENT|/Users/bhavikpatel/Downloads/Projects/CRREL/GRiD/Automation Testing/Automation Testing Project/KatalonTesting/Reports/20200928_162313/GRiD FG3D/20200928_162313/1601349975659.png]]]]></system-out>
         <system-err><![CDATA[2020-09-28 23:25:31 - [TEST_CASE][FAILED] - Test Cases/FG3D/FG3D Test - Stragetic: Test Cases/FG3D/FG3D Test - Stragetic FAILED.
Reason:
com.kms.katalon.core.exception.StepFailedException: Unable to click on object 'Object Repository/Page_Home  GRiD/a_Share'
	at com.kms.katalon.core.webui.keyword.internal.WebUIKeywordMain.stepFailed(WebUIKeywordMain.groovy:64)
	at com.kms.katalon.core.webui.keyword.internal.WebUIKeywordMain.runKeyword(WebUIKeywordMain.groovy:26)
	at com.kms.katalon.core.webui.keyword.builtin.ClickKeyword.click(ClickKeyword.groovy:76)
	at com.kms.katalon.core.webui.keyword.builtin.ClickKeyword.execute(ClickKeyword.groovy:43)
	at com.kms.katalon.core.keyword.internal.KeywordExecutor.executeKeywordForPlatform(KeywordExecutor.groovy:73)
	at com.kms.katalon.core.webui.keyword.WebUiBuiltInKeywords.click(WebUiBuiltInKeywords.groovy:616)
	at com.kms.katalon.core.webui.keyword.WebUiBuiltInKeywords$click$1.call(Unknown Source)
	at FG3D Test - Stragetic.run(FG3D Test - Stragetic:26)
	at com.kms.katalon.core.main.ScriptEngine.run(ScriptEngine.java:194)
	at com.kms.katalon.core.main.ScriptEngine.runScriptAsRawText(ScriptEngine.java:119)
	at com.kms.katalon.core.main.TestCaseExecutor.runScript(TestCaseExecutor.java:339)
	at com.kms.katalon.core.main.TestCaseExecutor.doExecute(TestCaseExecutor.java:330)
	at com.kms.katalon.core.main.TestCaseExecutor.processExecutionPhase(TestCaseExecutor.java:309)
	at com.kms.katalon.core.main.TestCaseExecutor.accessMainPhase(TestCaseExecutor.java:301)
	at com.kms.katalon.core.main.TestCaseExecutor.execute(TestCaseExecutor.java:235)
	at com.kms.katalon.core.main.TestSuiteExecutor.accessTestCaseMainPhase(TestSuiteExecutor.java:191)
	at com.kms.katalon.core.main.TestSuiteExecutor.accessTestSuiteMainPhase(TestSuiteExecutor.java:141)
	at com.kms.katalon.core.main.TestSuiteExecutor.execute(TestSuiteExecutor.java:90)
	at com.kms.katalon.core.main.TestCaseMain.startTestSuite(TestCaseMain.java:157)
	at com.kms.katalon.core.main.TestCaseMain$startTestSuite$0.call(Unknown Source)
	at TempTestSuite1601324593621.run(TempTestSuite1601324593621.groovy:39)
Caused by: com.kms.katalon.core.webui.exception.WebElementNotFoundException: Web element with id: 'Object Repository/Page_Home  GRiD/a_Share' located by '//div[@id='navbarToggle']/ul/li[5]/a' not found
	at com.kms.katalon.core.webui.common.WebUiCommonHelper.findWebElement(WebUiCommonHelper.java:1368)
	at com.kms.katalon.core.webui.keyword.internal.WebUIAbstractKeyword.findWebElement(WebUIAbstractKeyword.groovy:27)
	at com.kms.katalon.core.webui.keyword.internal.WebUIAbstractKeyword.findWebElement(WebUIAbstractKeyword.groovy:26)
	at com.kms.katalon.core.webui.keyword.builtin.ClickKeyword$_click_closure1.doCall(ClickKeyword.groovy:67)
	at com.kms.katalon.core.webui.keyword.builtin.ClickKeyword$_click_closure1.call(ClickKeyword.groovy)
	at com.kms.katalon.core.webui.keyword.internal.WebUIKeywordMain.runKeyword(WebUIKeywordMain.groovy:20)
	... 19 more]]></system-err>
      </testcase>
      <testcase name="Test Cases/FG3D/FG3D Test - Stragetic" time="231.923" classname="Test Cases/FG3D/FG3D Test - Stragetic" status="FAILED">
         <failure type="FAILED" message="Test Cases/FG3D/FG3D Test - Stragetic FAILED.
Reason:
com.kms.katalon.core.exception.StepFailedException: Unable to click on object 'Object Repository/Page_Workgroups  GRiD/a_FG3D'
	at com.kms.katalon.core.webui.keyword.internal.WebUIKeywordMain.stepFailed(WebUIKeywordMain.groovy:64)
	at com.kms.katalon.core.webui.keyword.internal.WebUIKeywordMain.runKeyword(WebUIKeywordMain.groovy:26)
	at com.kms.katalon.core.webui.keyword.builtin.ClickKeyword.click(ClickKeyword.groovy:76)
	at com.kms.katalon.core.webui.keyword.builtin.ClickKeyword.execute(ClickKeyword.groovy:43)
	at com.kms.katalon.core.keyword.internal.KeywordExecutor.executeKeywordForPlatform(KeywordExecutor.groovy:73)
	at com.kms.katalon.core.webui.keyword.WebUiBuiltInKeywords.click(WebUiBuiltInKeywords.groovy:616)
	at com.kms.katalon.core.webui.keyword.WebUiBuiltInKeywords$click$1.call(Unknown Source)
	at FG3D Test - Stragetic.run(FG3D Test - Stragetic:28)
	at com.kms.katalon.core.main.ScriptEngine.run(ScriptEngine.java:194)
	at com.kms.katalon.core.main.ScriptEngine.runScriptAsRawText(ScriptEngine.java:119)
	at com.kms.katalon.core.main.TestCaseExecutor.runScript(TestCaseExecutor.java:339)
	at com.kms.katalon.core.main.TestCaseExecutor.doExecute(TestCaseExecutor.java:330)
	at com.kms.katalon.core.main.TestCaseExecutor.processExecutionPhase(TestCaseExecutor.java:309)
	at com.kms.katalon.core.main.TestCaseExecutor.accessMainPhase(TestCaseExecutor.java:301)
	at com.kms.katalon.core.main.TestCaseExecutor.execute(TestCaseExecutor.java:235)
	at com.kms.katalon.core.main.TestSuiteExecutor.accessTestCaseMainPhase(TestSuiteExecutor.java:191)
	at com.kms.katalon.core.main.TestSuiteExecutor.accessTestSuiteMainPhase(TestSuiteExecutor.java:141)
	at com.kms.katalon.core.main.TestSuiteExecutor.execute(TestSuiteExecutor.java:90)
	at com.kms.katalon.core.main.TestCaseMain.startTestSuite(TestCaseMain.java:157)
	at com.kms.katalon.core.main.TestCaseMain$startTestSuite$0.call(Unknown Source)
	at TempTestSuite1601324593621.run(TempTestSuite1601324593621.groovy:39)
Caused by: com.kms.katalon.core.webui.exception.WebElementNotFoundException: Web element with id: 'Object Repository/Page_Workgroups  GRiD/a_FG3D' located by '//div[@id='workgroupExportTree']/a[10]' not found
	at com.kms.katalon.core.webui.common.WebUiCommonHelper.findWebElement(WebUiCommonHelper.java:1368)
	at com.kms.katalon.core.webui.keyword.internal.WebUIAbstractKeyword.findWebElement(WebUIAbstractKeyword.groovy:27)
	at com.kms.katalon.core.webui.keyword.internal.WebUIAbstractKeyword.findWebElement(WebUIAbstractKeyword.groovy:26)
	at com.kms.katalon.core.webui.keyword.builtin.ClickKeyword$_click_closure1.doCall(ClickKeyword.groovy:67)
	at com.kms.katalon.core.webui.keyword.builtin.ClickKeyword$_click_closure1.call(ClickKeyword.groovy)
	at com.kms.katalon.core.webui.keyword.internal.WebUIKeywordMain.runKeyword(WebUIKeywordMain.groovy:20)
	... 19 more
"/>
         <system-out><![CDATA[2020-09-28 23:26:16 - [TEST_CASE][FAILED] - Test Cases/FG3D/FG3D Test - Stragetic: Test Cases/FG3D/FG3D Test - Stragetic FAILED.
Reason:
com.kms.katalon.core.exception.StepFailedException: Unable to click on object 'Object Repository/Page_Workgroups  GRiD/a_FG3D'
	at com.kms.katalon.core.webui.keyword.internal.WebUIKeywordMain.stepFailed(WebUIKeywordMain.groovy:64)
	at com.kms.katalon.core.webui.keyword.internal.WebUIKeywordMain.runKeyword(WebUIKeywordMain.groovy:26)
	at com.kms.katalon.core.webui.keyword.builtin.ClickKeyword.click(ClickKeyword.groovy:76)
	at com.kms.katalon.core.webui.keyword.builtin.ClickKeyword.execute(ClickKeyword.groovy:43)
	at com.kms.katalon.core.keyword.internal.KeywordExecutor.executeKeywordForPlatform(KeywordExecutor.groovy:73)
	at com.kms.katalon.core.webui.keyword.WebUiBuiltInKeywords.click(WebUiBuiltInKeywords.groovy:616)
	at com.kms.katalon.core.webui.keyword.WebUiBuiltInKeywords$click$1.call(Unknown Source)
	at FG3D Test - Stragetic.run(FG3D Test - Stragetic:28)
	at com.kms.katalon.core.main.ScriptEngine.run(ScriptEngine.java:194)
	at com.kms.katalon.core.main.ScriptEngine.runScriptAsRawText(ScriptEngine.java:119)
	at com.kms.katalon.core.main.TestCaseExecutor.runScript(TestCaseExecutor.java:339)
	at com.kms.katalon.core.main.TestCaseExecutor.doExecute(TestCaseExecutor.java:330)
	at com.kms.katalon.core.main.TestCaseExecutor.processExecutionPhase(TestCaseExecutor.java:309)
	at com.kms.katalon.core.main.TestCaseExecutor.accessMainPhase(TestCaseExecutor.java:301)
	at com.kms.katalon.core.main.TestCaseExecutor.execute(TestCaseExecutor.java:235)
	at com.kms.katalon.core.main.TestSuiteExecutor.accessTestCaseMainPhase(TestSuiteExecutor.java:191)
	at com.kms.katalon.core.main.TestSuiteExecutor.accessTestSuiteMainPhase(TestSuiteExecutor.java:141)
	at com.kms.katalon.core.main.TestSuiteExecutor.execute(TestSuiteExecutor.java:90)
	at com.kms.katalon.core.main.TestCaseMain.startTestSuite(TestCaseMain.java:157)
	at com.kms.katalon.core.main.TestCaseMain$startTestSuite$0.call(Unknown Source)
	at TempTestSuite1601324593621.run(TempTestSuite1601324593621.groovy:39)
Caused by: com.kms.katalon.core.webui.exception.WebElementNotFoundException: Web element with id: 'Object Repository/Page_Workgroups  GRiD/a_FG3D' located by '//div[@id='workgroupExportTree']/a[10]' not found
	at com.kms.katalon.core.webui.common.WebUiCommonHelper.findWebElement(WebUiCommonHelper.java:1368)
	at com.kms.katalon.core.webui.keyword.internal.WebUIAbstractKeyword.findWebElement(WebUIAbstractKeyword.groovy:27)
	at com.kms.katalon.core.webui.keyword.internal.WebUIAbstractKeyword.findWebElement(WebUIAbstractKeyword.groovy:26)
	at com.kms.katalon.core.webui.keyword.builtin.ClickKeyword$_click_closure1.doCall(ClickKeyword.groovy:67)
	at com.kms.katalon.core.webui.keyword.builtin.ClickKeyword$_click_closure1.call(ClickKeyword.groovy)
	at com.kms.katalon.core.webui.keyword.internal.WebUIKeywordMain.runKeyword(WebUIKeywordMain.groovy:20)
	... 19 more


2020-09-28 23:26:16 - [TEST_STEP][PASSED] - openBrowser(""): Browser is opened with url: ''

2020-09-28 23:26:16 - [MESSAGE][WARNING] - A browser is already opened. Closing browser and opening a new one

2020-09-28 23:26:16 - [MESSAGE][INFO] - Starting 'Chrome' driver

2020-09-28 23:26:16 - [MESSAGE][INFO] - Action delay is set to 0 milliseconds

2020-09-28 23:26:20 - [MESSAGE][PASSED] - Browser is opened with url: ''

2020-09-28 23:26:20 - [TEST_STEP][PASSED] - navigateToUrl("https://grid.nga.mil/testgrid/"): Navigate to 'https://grid.nga.mil/testgrid/' successfully

2020-09-28 23:26:25 - [MESSAGE][PASSED] - Navigate to 'https://grid.nga.mil/testgrid/' successfully

2020-09-28 23:26:25 - [TEST_STEP][PASSED] - click(findTestObject("Page_Home  GRiD/a_CAC  GEOAxIS Login")): Object: 'Object Repository/Page_Home  GRiD/a_CAC  GEOAxIS Login' is clicked on

2020-09-28 23:26:31 - [MESSAGE][PASSED] - Object: 'Object Repository/Page_Home  GRiD/a_CAC  GEOAxIS Login' is clicked on

2020-09-28 23:26:31 - [TEST_STEP][PASSED] - click(findTestObject("Page_Home  GRiD/a_Share")): Object: 'Object Repository/Page_Home  GRiD/a_Share' is clicked on

2020-09-28 23:27:02 - [MESSAGE][INFO] - Unable to find the element located by 'By.xpath: //div[@id='navbarToggle']/ul/li[5]/a'. Please recheck the objects properties to make sure the desired element is located. 

2020-09-28 23:27:02 - [MESSAGE][WARNING] - [SELF-HEALING] Failed to find element with id 'Object Repository/Page_Home  GRiD/a_Share'. Try using Self-healing.

2020-09-28 23:27:02 - [MESSAGE][WARNING] - [SELF-HEALING] The current locator of test object 'Object Repository/Page_Home  GRiD/a_Share' was broken. Propose an alternative one: '//li[5]/a'.

2020-09-28 23:27:02 - [MESSAGE][PASSED] - Object: 'Object Repository/Page_Home  GRiD/a_Share' is clicked on

2020-09-28 23:27:02 - [TEST_STEP][FAILED] - click(findTestObject("Page_Workgroups  GRiD/a_FG3D")): Unable to click on object 'Object Repository/Page_Workgroups  GRiD/a_FG3D' (Root cause: com.kms.katalon.core.exception.StepFailedException: Unable to click on object 'Object Repository/Page_Workgroups  GRiD/a_FG3D'
	at com.kms.katalon.core.webui.keyword.internal.WebUIKeywordMain.stepFailed(WebUIKeywordMain.groovy:64)
	at com.kms.katalon.core.webui.keyword.internal.WebUIKeywordMain.runKeyword(WebUIKeywordMain.groovy:26)
	at com.kms.katalon.core.webui.keyword.builtin.ClickKeyword.click(ClickKeyword.groovy:76)
	at com.kms.katalon.core.webui.keyword.builtin.ClickKeyword.execute(ClickKeyword.groovy:43)
	at com.kms.katalon.core.keyword.internal.KeywordExecutor.executeKeywordForPlatform(KeywordExecutor.groovy:73)
	at com.kms.katalon.core.webui.keyword.WebUiBuiltInKeywords.click(WebUiBuiltInKeywords.groovy:616)
	at com.kms.katalon.core.webui.keyword.WebUiBuiltInKeywords$click$1.call(Unknown Source)
	at FG3D Test - Stragetic.run(FG3D Test - Stragetic:28)
	at com.kms.katalon.core.main.ScriptEngine.run(ScriptEngine.java:194)
	at com.kms.katalon.core.main.ScriptEngine.runScriptAsRawText(ScriptEngine.java:119)
	at com.kms.katalon.core.main.TestCaseExecutor.runScript(TestCaseExecutor.java:339)
	at com.kms.katalon.core.main.TestCaseExecutor.doExecute(TestCaseExecutor.java:330)
	at com.kms.katalon.core.main.TestCaseExecutor.processExecutionPhase(TestCaseExecutor.java:309)
	at com.kms.katalon.core.main.TestCaseExecutor.accessMainPhase(TestCaseExecutor.java:301)
	at com.kms.katalon.core.main.TestCaseExecutor.execute(TestCaseExecutor.java:235)
	at com.kms.katalon.core.main.TestSuiteExecutor.accessTestCaseMainPhase(TestSuiteExecutor.java:191)
	at com.kms.katalon.core.main.TestSuiteExecutor.accessTestSuiteMainPhase(TestSuiteExecutor.java:141)
	at com.kms.katalon.core.main.TestSuiteExecutor.execute(TestSuiteExecutor.java:90)
	at com.kms.katalon.core.main.TestCaseMain.startTestSuite(TestCaseMain.java:157)
	at com.kms.katalon.core.main.TestCaseMain$startTestSuite$0.call(Unknown Source)
	at TempTestSuite1601324593621.run(TempTestSuite1601324593621.groovy:39)
Caused by: com.kms.katalon.core.webui.exception.WebElementNotFoundException: Web element with id: 'Object Repository/Page_Workgroups  GRiD/a_FG3D' located by '//div[@id='workgroupExportTree']/a[10]' not found
	at com.kms.katalon.core.webui.common.WebUiCommonHelper.findWebElement(WebUiCommonHelper.java:1368)
	at com.kms.katalon.core.webui.keyword.internal.WebUIAbstractKeyword.findWebElement(WebUIAbstractKeyword.groovy:27)
	at com.kms.katalon.core.webui.keyword.internal.WebUIAbstractKeyword.findWebElement(WebUIAbstractKeyword.groovy:26)
	at com.kms.katalon.core.webui.keyword.builtin.ClickKeyword$_click_closure1.doCall(ClickKeyword.groovy:67)
	at com.kms.katalon.core.webui.keyword.builtin.ClickKeyword$_click_closure1.call(ClickKeyword.groovy)
	at com.kms.katalon.core.webui.keyword.internal.WebUIKeywordMain.runKeyword(WebUIKeywordMain.groovy:20)
	at com.kms.katalon.core.webui.keyword.builtin.ClickKeyword.click(ClickKeyword.groovy:76)
	at com.kms.katalon.core.webui.keyword.builtin.ClickKeyword.execute(ClickKeyword.groovy:43)
	at com.kms.katalon.core.keyword.internal.KeywordExecutor.executeKeywordForPlatform(KeywordExecutor.groovy:73)
	at com.kms.katalon.core.webui.keyword.WebUiBuiltInKeywords.click(WebUiBuiltInKeywords.groovy:616)
	at com.kms.katalon.core.webui.keyword.WebUiBuiltInKeywords$click$1.call(Unknown Source)
	at Script1599149155505.run(Script1599149155505.groovy:28)
	... 13 more
)

2020-09-28 23:30:02 - [MESSAGE][INFO] - Unable to find the element located by 'By.xpath: //div[@id='workgroupExportTree']/a[10]'. Please recheck the objects properties to make sure the desired element is located. 

2020-09-28 23:30:02 - [MESSAGE][WARNING] - [SELF-HEALING] Failed to find element with id 'Object Repository/Page_Workgroups  GRiD/a_FG3D'. Try using Self-healing.

2020-09-28 23:30:03 - [MESSAGE][INFO] - [SELF-HEALING] Failed Locator: '//div[@id='workgroupExportTree']/a[10]'.

2020-09-28 23:30:03 - [MESSAGE][INFO] - [SELF-HEALING] Failed Locator: '//a[contains(text(),'FG3D')]'.

2020-09-28 23:30:03 - [MESSAGE][INFO] - [SELF-HEALING] Failed Locator: '(.//*[normalize-space(text()) and normalize-space(.)='DTED2 DTM'])[1]/following::a[1]'.

2020-09-28 23:30:03 - [MESSAGE][INFO] - [SELF-HEALING] Failed Locator: '(.//*[normalize-space(text()) and normalize-space(.)='DTED0 DTM'])[1]/following::a[2]'.

2020-09-28 23:30:04 - [MESSAGE][INFO] - [SELF-HEALING] Failed Locator: '(.//*[normalize-space(text()) and normalize-space(.)='SRT2F DSM'])[1]/preceding::a[1]'.

2020-09-28 23:30:04 - [MESSAGE][INFO] - [SELF-HEALING] Failed Locator: '(.//*[normalize-space(text()) and normalize-space(.)='TDT DSM'])[1]/preceding::a[2]'.

2020-09-28 23:30:04 - [MESSAGE][INFO] - [SELF-HEALING] Failed Locator: '//*/text()[normalize-space(.)='FG3D']/parent::*'.

2020-09-28 23:30:05 - [MESSAGE][INFO] - [SELF-HEALING] Failed Locator: '//a[contains(@href, '/testgrid/export/aoi/36914/')]'.

2020-09-28 23:30:05 - [MESSAGE][INFO] - [SELF-HEALING] Failed Locator: '//div[2]/a[10]'.

2020-09-28 23:30:06 - [MESSAGE][INFO] - Unable to find the element located by 'By.xpath: //*[@href = '/testgrid/export/aoi/36914/' and (text() = '
            FG3D
            
              
              
            
          ' or . = '
            FG3D
            
              
              
            
          ')]'. Please recheck the objects properties to make sure the desired element is located. 

2020-09-28 23:30:07 - [MESSAGE][INFO] - Unable to find the element located by 'By.cssSelector: '. Please recheck the objects properties to make sure the desired element is located. 

2020-09-28 23:30:08 - [MESSAGE][FAILED] - Unable to click on object 'Object Repository/Page_Workgroups  GRiD/a_FG3D' (Root cause: com.kms.katalon.core.exception.StepFailedException: Unable to click on object 'Object Repository/Page_Workgroups  GRiD/a_FG3D'
	at com.kms.katalon.core.webui.keyword.internal.WebUIKeywordMain.stepFailed(WebUIKeywordMain.groovy:64)
	at com.kms.katalon.core.webui.keyword.internal.WebUIKeywordMain.runKeyword(WebUIKeywordMain.groovy:26)
	at com.kms.katalon.core.webui.keyword.builtin.ClickKeyword.click(ClickKeyword.groovy:76)
	at com.kms.katalon.core.webui.keyword.builtin.ClickKeyword.execute(ClickKeyword.groovy:43)
	at com.kms.katalon.core.keyword.internal.KeywordExecutor.executeKeywordForPlatform(KeywordExecutor.groovy:73)
	at com.kms.katalon.core.webui.keyword.WebUiBuiltInKeywords.click(WebUiBuiltInKeywords.groovy:616)
	at com.kms.katalon.core.webui.keyword.WebUiBuiltInKeywords$click$1.call(Unknown Source)
	at FG3D Test - Stragetic.run(FG3D Test - Stragetic:28)
	at com.kms.katalon.core.main.ScriptEngine.run(ScriptEngine.java:194)
	at com.kms.katalon.core.main.ScriptEngine.runScriptAsRawText(ScriptEngine.java:119)
	at com.kms.katalon.core.main.TestCaseExecutor.runScript(TestCaseExecutor.java:339)
	at com.kms.katalon.core.main.TestCaseExecutor.doExecute(TestCaseExecutor.java:330)
	at com.kms.katalon.core.main.TestCaseExecutor.processExecutionPhase(TestCaseExecutor.java:309)
	at com.kms.katalon.core.main.TestCaseExecutor.accessMainPhase(TestCaseExecutor.java:301)
	at com.kms.katalon.core.main.TestCaseExecutor.execute(TestCaseExecutor.java:235)
	at com.kms.katalon.core.main.TestSuiteExecutor.accessTestCaseMainPhase(TestSuiteExecutor.java:191)
	at com.kms.katalon.core.main.TestSuiteExecutor.accessTestSuiteMainPhase(TestSuiteExecutor.java:141)
	at com.kms.katalon.core.main.TestSuiteExecutor.execute(TestSuiteExecutor.java:90)
	at com.kms.katalon.core.main.TestCaseMain.startTestSuite(TestCaseMain.java:157)
	at com.kms.katalon.core.main.TestCaseMain$startTestSuite$0.call(Unknown Source)
	at TempTestSuite1601324593621.run(TempTestSuite1601324593621.groovy:39)
Caused by: com.kms.katalon.core.webui.exception.WebElementNotFoundException: Web element with id: 'Object Repository/Page_Workgroups  GRiD/a_FG3D' located by '//div[@id='workgroupExportTree']/a[10]' not found
	at com.kms.katalon.core.webui.common.WebUiCommonHelper.findWebElement(WebUiCommonHelper.java:1368)
	at com.kms.katalon.core.webui.keyword.internal.WebUIAbstractKeyword.findWebElement(WebUIAbstractKeyword.groovy:27)
	at com.kms.katalon.core.webui.keyword.internal.WebUIAbstractKeyword.findWebElement(WebUIAbstractKeyword.groovy:26)
	at com.kms.katalon.core.webui.keyword.builtin.ClickKeyword$_click_closure1.doCall(ClickKeyword.groovy:67)
	at com.kms.katalon.core.webui.keyword.builtin.ClickKeyword$_click_closure1.call(ClickKeyword.groovy)
	at com.kms.katalon.core.webui.keyword.internal.WebUIKeywordMain.runKeyword(WebUIKeywordMain.groovy:20)
	at com.kms.katalon.core.webui.keyword.builtin.ClickKeyword.click(ClickKeyword.groovy:76)
	at com.kms.katalon.core.webui.keyword.builtin.ClickKeyword.execute(ClickKeyword.groovy:43)
	at com.kms.katalon.core.keyword.internal.KeywordExecutor.executeKeywordForPlatform(KeywordExecutor.groovy:73)
	at com.kms.katalon.core.webui.keyword.WebUiBuiltInKeywords.click(WebUiBuiltInKeywords.groovy:616)
	at com.kms.katalon.core.webui.keyword.WebUiBuiltInKeywords$click$1.call(Unknown Source)
	at Script1599149155505.run(Script1599149155505.groovy:28)
	... 13 more
)
[[ATTACHMENT|/Users/bhavikpatel/Downloads/Projects/CRREL/GRiD/Automation Testing/Automation Testing Project/KatalonTesting/Reports/20200928_162313/GRiD FG3D/20200928_162313/1601350207973.png]]]]></system-out>
         <system-err><![CDATA[2020-09-28 23:26:16 - [TEST_CASE][FAILED] - Test Cases/FG3D/FG3D Test - Stragetic: Test Cases/FG3D/FG3D Test - Stragetic FAILED.
Reason:
com.kms.katalon.core.exception.StepFailedException: Unable to click on object 'Object Repository/Page_Workgroups  GRiD/a_FG3D'
	at com.kms.katalon.core.webui.keyword.internal.WebUIKeywordMain.stepFailed(WebUIKeywordMain.groovy:64)
	at com.kms.katalon.core.webui.keyword.internal.WebUIKeywordMain.runKeyword(WebUIKeywordMain.groovy:26)
	at com.kms.katalon.core.webui.keyword.builtin.ClickKeyword.click(ClickKeyword.groovy:76)
	at com.kms.katalon.core.webui.keyword.builtin.ClickKeyword.execute(ClickKeyword.groovy:43)
	at com.kms.katalon.core.keyword.internal.KeywordExecutor.executeKeywordForPlatform(KeywordExecutor.groovy:73)
	at com.kms.katalon.core.webui.keyword.WebUiBuiltInKeywords.click(WebUiBuiltInKeywords.groovy:616)
	at com.kms.katalon.core.webui.keyword.WebUiBuiltInKeywords$click$1.call(Unknown Source)
	at FG3D Test - Stragetic.run(FG3D Test - Stragetic:28)
	at com.kms.katalon.core.main.ScriptEngine.run(ScriptEngine.java:194)
	at com.kms.katalon.core.main.ScriptEngine.runScriptAsRawText(ScriptEngine.java:119)
	at com.kms.katalon.core.main.TestCaseExecutor.runScript(TestCaseExecutor.java:339)
	at com.kms.katalon.core.main.TestCaseExecutor.doExecute(TestCaseExecutor.java:330)
	at com.kms.katalon.core.main.TestCaseExecutor.processExecutionPhase(TestCaseExecutor.java:309)
	at com.kms.katalon.core.main.TestCaseExecutor.accessMainPhase(TestCaseExecutor.java:301)
	at com.kms.katalon.core.main.TestCaseExecutor.execute(TestCaseExecutor.java:235)
	at com.kms.katalon.core.main.TestSuiteExecutor.accessTestCaseMainPhase(TestSuiteExecutor.java:191)
	at com.kms.katalon.core.main.TestSuiteExecutor.accessTestSuiteMainPhase(TestSuiteExecutor.java:141)
	at com.kms.katalon.core.main.TestSuiteExecutor.execute(TestSuiteExecutor.java:90)
	at com.kms.katalon.core.main.TestCaseMain.startTestSuite(TestCaseMain.java:157)
	at com.kms.katalon.core.main.TestCaseMain$startTestSuite$0.call(Unknown Source)
	at TempTestSuite1601324593621.run(TempTestSuite1601324593621.groovy:39)
Caused by: com.kms.katalon.core.webui.exception.WebElementNotFoundException: Web element with id: 'Object Repository/Page_Workgroups  GRiD/a_FG3D' located by '//div[@id='workgroupExportTree']/a[10]' not found
	at com.kms.katalon.core.webui.common.WebUiCommonHelper.findWebElement(WebUiCommonHelper.java:1368)
	at com.kms.katalon.core.webui.keyword.internal.WebUIAbstractKeyword.findWebElement(WebUIAbstractKeyword.groovy:27)
	at com.kms.katalon.core.webui.keyword.internal.WebUIAbstractKeyword.findWebElement(WebUIAbstractKeyword.groovy:26)
	at com.kms.katalon.core.webui.keyword.builtin.ClickKeyword$_click_closure1.doCall(ClickKeyword.groovy:67)
	at com.kms.katalon.core.webui.keyword.builtin.ClickKeyword$_click_closure1.call(ClickKeyword.groovy)
	at com.kms.katalon.core.webui.keyword.internal.WebUIKeywordMain.runKeyword(WebUIKeywordMain.groovy:20)
	... 19 more]]></system-err>
      </testcase>
      <testcase name="Test Cases/FG3D/FG3D Test - Stragetic" time="79.254" classname="Test Cases/FG3D/FG3D Test - Stragetic" status="FAILED">
         <failure type="FAILED" message="Test Cases/FG3D/FG3D Test - Stragetic FAILED.
Reason:
com.kms.katalon.core.exception.StepFailedException: Unable to click on object 'Object Repository/Page_Workgroups  GRiD/a_FG3D'
	at com.kms.katalon.core.webui.keyword.internal.WebUIKeywordMain.stepFailed(WebUIKeywordMain.groovy:64)
	at com.kms.katalon.core.webui.keyword.internal.WebUIKeywordMain.runKeyword(WebUIKeywordMain.groovy:26)
	at com.kms.katalon.core.webui.keyword.builtin.ClickKeyword.click(ClickKeyword.groovy:76)
	at com.kms.katalon.core.webui.keyword.builtin.ClickKeyword.execute(ClickKeyword.groovy:43)
	at com.kms.katalon.core.keyword.internal.KeywordExecutor.executeKeywordForPlatform(KeywordExecutor.groovy:73)
	at com.kms.katalon.core.webui.keyword.WebUiBuiltInKeywords.click(WebUiBuiltInKeywords.groovy:616)
	at com.kms.katalon.core.webui.keyword.WebUiBuiltInKeywords$click$1.call(Unknown Source)
	at FG3D Test - Stragetic.run(FG3D Test - Stragetic:28)
	at com.kms.katalon.core.main.ScriptEngine.run(ScriptEngine.java:194)
	at com.kms.katalon.core.main.ScriptEngine.runScriptAsRawText(ScriptEngine.java:119)
	at com.kms.katalon.core.main.TestCaseExecutor.runScript(TestCaseExecutor.java:339)
	at com.kms.katalon.core.main.TestCaseExecutor.doExecute(TestCaseExecutor.java:330)
	at com.kms.katalon.core.main.TestCaseExecutor.processExecutionPhase(TestCaseExecutor.java:309)
	at com.kms.katalon.core.main.TestCaseExecutor.accessMainPhase(TestCaseExecutor.java:301)
	at com.kms.katalon.core.main.TestCaseExecutor.execute(TestCaseExecutor.java:235)
	at com.kms.katalon.core.main.TestSuiteExecutor.accessTestCaseMainPhase(TestSuiteExecutor.java:191)
	at com.kms.katalon.core.main.TestSuiteExecutor.accessTestSuiteMainPhase(TestSuiteExecutor.java:141)
	at com.kms.katalon.core.main.TestSuiteExecutor.execute(TestSuiteExecutor.java:90)
	at com.kms.katalon.core.main.TestCaseMain.startTestSuite(TestCaseMain.java:157)
	at com.kms.katalon.core.main.TestCaseMain$startTestSuite$0.call(Unknown Source)
	at TempTestSuite1601324593621.run(TempTestSuite1601324593621.groovy:39)
Caused by: com.kms.katalon.core.webui.exception.WebElementNotFoundException: Web element with id: 'Object Repository/Page_Workgroups  GRiD/a_FG3D' located by '//div[@id='workgroupExportTree']/a[10]' not found
	at com.kms.katalon.core.webui.common.WebUiCommonHelper.findWebElement(WebUiCommonHelper.java:1368)
	at com.kms.katalon.core.webui.keyword.internal.WebUIAbstractKeyword.findWebElement(WebUIAbstractKeyword.groovy:27)
	at com.kms.katalon.core.webui.keyword.internal.WebUIAbstractKeyword.findWebElement(WebUIAbstractKeyword.groovy:26)
	at com.kms.katalon.core.webui.keyword.builtin.ClickKeyword$_click_closure1.doCall(ClickKeyword.groovy:67)
	at com.kms.katalon.core.webui.keyword.builtin.ClickKeyword$_click_closure1.call(ClickKeyword.groovy)
	at com.kms.katalon.core.webui.keyword.internal.WebUIKeywordMain.runKeyword(WebUIKeywordMain.groovy:20)
	... 19 more
"/>
         <system-out><![CDATA[2020-09-28 23:30:08 - [TEST_CASE][FAILED] - Test Cases/FG3D/FG3D Test - Stragetic: Test Cases/FG3D/FG3D Test - Stragetic FAILED.
Reason:
com.kms.katalon.core.exception.StepFailedException: Unable to click on object 'Object Repository/Page_Workgroups  GRiD/a_FG3D'
	at com.kms.katalon.core.webui.keyword.internal.WebUIKeywordMain.stepFailed(WebUIKeywordMain.groovy:64)
	at com.kms.katalon.core.webui.keyword.internal.WebUIKeywordMain.runKeyword(WebUIKeywordMain.groovy:26)
	at com.kms.katalon.core.webui.keyword.builtin.ClickKeyword.click(ClickKeyword.groovy:76)
	at com.kms.katalon.core.webui.keyword.builtin.ClickKeyword.execute(ClickKeyword.groovy:43)
	at com.kms.katalon.core.keyword.internal.KeywordExecutor.executeKeywordForPlatform(KeywordExecutor.groovy:73)
	at com.kms.katalon.core.webui.keyword.WebUiBuiltInKeywords.click(WebUiBuiltInKeywords.groovy:616)
	at com.kms.katalon.core.webui.keyword.WebUiBuiltInKeywords$click$1.call(Unknown Source)
	at FG3D Test - Stragetic.run(FG3D Test - Stragetic:28)
	at com.kms.katalon.core.main.ScriptEngine.run(ScriptEngine.java:194)
	at com.kms.katalon.core.main.ScriptEngine.runScriptAsRawText(ScriptEngine.java:119)
	at com.kms.katalon.core.main.TestCaseExecutor.runScript(TestCaseExecutor.java:339)
	at com.kms.katalon.core.main.TestCaseExecutor.doExecute(TestCaseExecutor.java:330)
	at com.kms.katalon.core.main.TestCaseExecutor.processExecutionPhase(TestCaseExecutor.java:309)
	at com.kms.katalon.core.main.TestCaseExecutor.accessMainPhase(TestCaseExecutor.java:301)
	at com.kms.katalon.core.main.TestCaseExecutor.execute(TestCaseExecutor.java:235)
	at com.kms.katalon.core.main.TestSuiteExecutor.accessTestCaseMainPhase(TestSuiteExecutor.java:191)
	at com.kms.katalon.core.main.TestSuiteExecutor.accessTestSuiteMainPhase(TestSuiteExecutor.java:141)
	at com.kms.katalon.core.main.TestSuiteExecutor.execute(TestSuiteExecutor.java:90)
	at com.kms.katalon.core.main.TestCaseMain.startTestSuite(TestCaseMain.java:157)
	at com.kms.katalon.core.main.TestCaseMain$startTestSuite$0.call(Unknown Source)
	at TempTestSuite1601324593621.run(TempTestSuite1601324593621.groovy:39)
Caused by: com.kms.katalon.core.webui.exception.WebElementNotFoundException: Web element with id: 'Object Repository/Page_Workgroups  GRiD/a_FG3D' located by '//div[@id='workgroupExportTree']/a[10]' not found
	at com.kms.katalon.core.webui.common.WebUiCommonHelper.findWebElement(WebUiCommonHelper.java:1368)
	at com.kms.katalon.core.webui.keyword.internal.WebUIAbstractKeyword.findWebElement(WebUIAbstractKeyword.groovy:27)
	at com.kms.katalon.core.webui.keyword.internal.WebUIAbstractKeyword.findWebElement(WebUIAbstractKeyword.groovy:26)
	at com.kms.katalon.core.webui.keyword.builtin.ClickKeyword$_click_closure1.doCall(ClickKeyword.groovy:67)
	at com.kms.katalon.core.webui.keyword.builtin.ClickKeyword$_click_closure1.call(ClickKeyword.groovy)
	at com.kms.katalon.core.webui.keyword.internal.WebUIKeywordMain.runKeyword(WebUIKeywordMain.groovy:20)
	... 19 more


2020-09-28 23:30:08 - [TEST_STEP][PASSED] - openBrowser(""): Browser is opened with url: ''

2020-09-28 23:30:08 - [MESSAGE][WARNING] - A browser is already opened. Closing browser and opening a new one

2020-09-28 23:30:08 - [MESSAGE][INFO] - Starting 'Chrome' driver

2020-09-28 23:30:08 - [MESSAGE][INFO] - Action delay is set to 0 milliseconds

2020-09-28 23:30:09 - [MESSAGE][PASSED] - Browser is opened with url: ''

2020-09-28 23:30:09 - [TEST_STEP][PASSED] - navigateToUrl("https://grid.nga.mil/testgrid/"): Navigate to 'https://grid.nga.mil/testgrid/' successfully

2020-09-28 23:30:13 - [MESSAGE][PASSED] - Navigate to 'https://grid.nga.mil/testgrid/' successfully

2020-09-28 23:30:13 - [TEST_STEP][PASSED] - click(findTestObject("Page_Home  GRiD/a_CAC  GEOAxIS Login")): Object: 'Object Repository/Page_Home  GRiD/a_CAC  GEOAxIS Login' is clicked on

2020-09-28 23:30:19 - [MESSAGE][PASSED] - Object: 'Object Repository/Page_Home  GRiD/a_CAC  GEOAxIS Login' is clicked on

2020-09-28 23:30:19 - [TEST_STEP][PASSED] - click(findTestObject("Page_Home  GRiD/a_Share")): Object: 'Object Repository/Page_Home  GRiD/a_Share' is clicked on

2020-09-28 23:30:50 - [MESSAGE][INFO] - Unable to find the element located by 'By.xpath: //div[@id='navbarToggle']/ul/li[5]/a'. Please recheck the objects properties to make sure the desired element is located. 

2020-09-28 23:30:50 - [MESSAGE][WARNING] - [SELF-HEALING] Failed to find element with id 'Object Repository/Page_Home  GRiD/a_Share'. Try using Self-healing.

2020-09-28 23:30:50 - [MESSAGE][WARNING] - [SELF-HEALING] The current locator of test object 'Object Repository/Page_Home  GRiD/a_Share' was broken. Propose an alternative one: '//li[5]/a'.

2020-09-28 23:30:50 - [MESSAGE][PASSED] - Object: 'Object Repository/Page_Home  GRiD/a_Share' is clicked on

2020-09-28 23:30:50 - [TEST_STEP][FAILED] - click(findTestObject("Page_Workgroups  GRiD/a_FG3D")): Unable to click on object 'Object Repository/Page_Workgroups  GRiD/a_FG3D' (Root cause: com.kms.katalon.core.exception.StepFailedException: Unable to click on object 'Object Repository/Page_Workgroups  GRiD/a_FG3D'
	at com.kms.katalon.core.webui.keyword.internal.WebUIKeywordMain.stepFailed(WebUIKeywordMain.groovy:64)
	at com.kms.katalon.core.webui.keyword.internal.WebUIKeywordMain.runKeyword(WebUIKeywordMain.groovy:26)
	at com.kms.katalon.core.webui.keyword.builtin.ClickKeyword.click(ClickKeyword.groovy:76)
	at com.kms.katalon.core.webui.keyword.builtin.ClickKeyword.execute(ClickKeyword.groovy:43)
	at com.kms.katalon.core.keyword.internal.KeywordExecutor.executeKeywordForPlatform(KeywordExecutor.groovy:73)
	at com.kms.katalon.core.webui.keyword.WebUiBuiltInKeywords.click(WebUiBuiltInKeywords.groovy:616)
	at com.kms.katalon.core.webui.keyword.WebUiBuiltInKeywords$click$1.call(Unknown Source)
	at FG3D Test - Stragetic.run(FG3D Test - Stragetic:28)
	at com.kms.katalon.core.main.ScriptEngine.run(ScriptEngine.java:194)
	at com.kms.katalon.core.main.ScriptEngine.runScriptAsRawText(ScriptEngine.java:119)
	at com.kms.katalon.core.main.TestCaseExecutor.runScript(TestCaseExecutor.java:339)
	at com.kms.katalon.core.main.TestCaseExecutor.doExecute(TestCaseExecutor.java:330)
	at com.kms.katalon.core.main.TestCaseExecutor.processExecutionPhase(TestCaseExecutor.java:309)
	at com.kms.katalon.core.main.TestCaseExecutor.accessMainPhase(TestCaseExecutor.java:301)
	at com.kms.katalon.core.main.TestCaseExecutor.execute(TestCaseExecutor.java:235)
	at com.kms.katalon.core.main.TestSuiteExecutor.accessTestCaseMainPhase(TestSuiteExecutor.java:191)
	at com.kms.katalon.core.main.TestSuiteExecutor.accessTestSuiteMainPhase(TestSuiteExecutor.java:141)
	at com.kms.katalon.core.main.TestSuiteExecutor.execute(TestSuiteExecutor.java:90)
	at com.kms.katalon.core.main.TestCaseMain.startTestSuite(TestCaseMain.java:157)
	at com.kms.katalon.core.main.TestCaseMain$startTestSuite$0.call(Unknown Source)
	at TempTestSuite1601324593621.run(TempTestSuite1601324593621.groovy:39)
Caused by: com.kms.katalon.core.webui.exception.WebElementNotFoundException: Web element with id: 'Object Repository/Page_Workgroups  GRiD/a_FG3D' located by '//div[@id='workgroupExportTree']/a[10]' not found
	at com.kms.katalon.core.webui.common.WebUiCommonHelper.findWebElement(WebUiCommonHelper.java:1368)
	at com.kms.katalon.core.webui.keyword.internal.WebUIAbstractKeyword.findWebElement(WebUIAbstractKeyword.groovy:27)
	at com.kms.katalon.core.webui.keyword.internal.WebUIAbstractKeyword.findWebElement(WebUIAbstractKeyword.groovy:26)
	at com.kms.katalon.core.webui.keyword.builtin.ClickKeyword$_click_closure1.doCall(ClickKeyword.groovy:67)
	at com.kms.katalon.core.webui.keyword.builtin.ClickKeyword$_click_closure1.call(ClickKeyword.groovy)
	at com.kms.katalon.core.webui.keyword.internal.WebUIKeywordMain.runKeyword(WebUIKeywordMain.groovy:20)
	at com.kms.katalon.core.webui.keyword.builtin.ClickKeyword.click(ClickKeyword.groovy:76)
	at com.kms.katalon.core.webui.keyword.builtin.ClickKeyword.execute(ClickKeyword.groovy:43)
	at com.kms.katalon.core.keyword.internal.KeywordExecutor.executeKeywordForPlatform(KeywordExecutor.groovy:73)
	at com.kms.katalon.core.webui.keyword.WebUiBuiltInKeywords.click(WebUiBuiltInKeywords.groovy:616)
	at com.kms.katalon.core.webui.keyword.WebUiBuiltInKeywords$click$1.call(Unknown Source)
	at Script1599149155505.run(Script1599149155505.groovy:28)
	... 13 more
)

2020-09-28 23:31:22 - [MESSAGE][INFO] - Unable to find the element located by 'By.xpath: //div[@id='workgroupExportTree']/a[10]'. Please recheck the objects properties to make sure the desired element is located. 

2020-09-28 23:31:22 - [MESSAGE][WARNING] - [SELF-HEALING] Failed to find element with id 'Object Repository/Page_Workgroups  GRiD/a_FG3D'. Try using Self-healing.

2020-09-28 23:31:22 - [MESSAGE][INFO] - [SELF-HEALING] Failed Locator: '//div[@id='workgroupExportTree']/a[10]'.

2020-09-28 23:31:22 - [MESSAGE][INFO] - [SELF-HEALING] Failed Locator: '//a[contains(text(),'FG3D')]'.

2020-09-28 23:31:22 - [MESSAGE][INFO] - [SELF-HEALING] Failed Locator: '(.//*[normalize-space(text()) and normalize-space(.)='DTED2 DTM'])[1]/following::a[1]'.

2020-09-28 23:31:23 - [MESSAGE][INFO] - [SELF-HEALING] Failed Locator: '(.//*[normalize-space(text()) and normalize-space(.)='DTED0 DTM'])[1]/following::a[2]'.

2020-09-28 23:31:23 - [MESSAGE][INFO] - [SELF-HEALING] Failed Locator: '(.//*[normalize-space(text()) and normalize-space(.)='SRT2F DSM'])[1]/preceding::a[1]'.

2020-09-28 23:31:23 - [MESSAGE][INFO] - [SELF-HEALING] Failed Locator: '(.//*[normalize-space(text()) and normalize-space(.)='TDT DSM'])[1]/preceding::a[2]'.

2020-09-28 23:31:24 - [MESSAGE][INFO] - [SELF-HEALING] Failed Locator: '//*/text()[normalize-space(.)='FG3D']/parent::*'.

2020-09-28 23:31:24 - [MESSAGE][INFO] - [SELF-HEALING] Failed Locator: '//a[contains(@href, '/testgrid/export/aoi/36914/')]'.

2020-09-28 23:31:24 - [MESSAGE][INFO] - [SELF-HEALING] Failed Locator: '//div[2]/a[10]'.

2020-09-28 23:31:25 - [MESSAGE][INFO] - Unable to find the element located by 'By.xpath: //*[@href = '/testgrid/export/aoi/36914/' and (text() = '
            FG3D
            
              
              
            
          ' or . = '
            FG3D
            
              
              
            
          ')]'. Please recheck the objects properties to make sure the desired element is located. 

2020-09-28 23:31:26 - [MESSAGE][INFO] - Unable to find the element located by 'By.cssSelector: '. Please recheck the objects properties to make sure the desired element is located. 

2020-09-28 23:31:27 - [MESSAGE][FAILED] - Unable to click on object 'Object Repository/Page_Workgroups  GRiD/a_FG3D' (Root cause: com.kms.katalon.core.exception.StepFailedException: Unable to click on object 'Object Repository/Page_Workgroups  GRiD/a_FG3D'
	at com.kms.katalon.core.webui.keyword.internal.WebUIKeywordMain.stepFailed(WebUIKeywordMain.groovy:64)
	at com.kms.katalon.core.webui.keyword.internal.WebUIKeywordMain.runKeyword(WebUIKeywordMain.groovy:26)
	at com.kms.katalon.core.webui.keyword.builtin.ClickKeyword.click(ClickKeyword.groovy:76)
	at com.kms.katalon.core.webui.keyword.builtin.ClickKeyword.execute(ClickKeyword.groovy:43)
	at com.kms.katalon.core.keyword.internal.KeywordExecutor.executeKeywordForPlatform(KeywordExecutor.groovy:73)
	at com.kms.katalon.core.webui.keyword.WebUiBuiltInKeywords.click(WebUiBuiltInKeywords.groovy:616)
	at com.kms.katalon.core.webui.keyword.WebUiBuiltInKeywords$click$1.call(Unknown Source)
	at FG3D Test - Stragetic.run(FG3D Test - Stragetic:28)
	at com.kms.katalon.core.main.ScriptEngine.run(ScriptEngine.java:194)
	at com.kms.katalon.core.main.ScriptEngine.runScriptAsRawText(ScriptEngine.java:119)
	at com.kms.katalon.core.main.TestCaseExecutor.runScript(TestCaseExecutor.java:339)
	at com.kms.katalon.core.main.TestCaseExecutor.doExecute(TestCaseExecutor.java:330)
	at com.kms.katalon.core.main.TestCaseExecutor.processExecutionPhase(TestCaseExecutor.java:309)
	at com.kms.katalon.core.main.TestCaseExecutor.accessMainPhase(TestCaseExecutor.java:301)
	at com.kms.katalon.core.main.TestCaseExecutor.execute(TestCaseExecutor.java:235)
	at com.kms.katalon.core.main.TestSuiteExecutor.accessTestCaseMainPhase(TestSuiteExecutor.java:191)
	at com.kms.katalon.core.main.TestSuiteExecutor.accessTestSuiteMainPhase(TestSuiteExecutor.java:141)
	at com.kms.katalon.core.main.TestSuiteExecutor.execute(TestSuiteExecutor.java:90)
	at com.kms.katalon.core.main.TestCaseMain.startTestSuite(TestCaseMain.java:157)
	at com.kms.katalon.core.main.TestCaseMain$startTestSuite$0.call(Unknown Source)
	at TempTestSuite1601324593621.run(TempTestSuite1601324593621.groovy:39)
Caused by: com.kms.katalon.core.webui.exception.WebElementNotFoundException: Web element with id: 'Object Repository/Page_Workgroups  GRiD/a_FG3D' located by '//div[@id='workgroupExportTree']/a[10]' not found
	at com.kms.katalon.core.webui.common.WebUiCommonHelper.findWebElement(WebUiCommonHelper.java:1368)
	at com.kms.katalon.core.webui.keyword.internal.WebUIAbstractKeyword.findWebElement(WebUIAbstractKeyword.groovy:27)
	at com.kms.katalon.core.webui.keyword.internal.WebUIAbstractKeyword.findWebElement(WebUIAbstractKeyword.groovy:26)
	at com.kms.katalon.core.webui.keyword.builtin.ClickKeyword$_click_closure1.doCall(ClickKeyword.groovy:67)
	at com.kms.katalon.core.webui.keyword.builtin.ClickKeyword$_click_closure1.call(ClickKeyword.groovy)
	at com.kms.katalon.core.webui.keyword.internal.WebUIKeywordMain.runKeyword(WebUIKeywordMain.groovy:20)
	at com.kms.katalon.core.webui.keyword.builtin.ClickKeyword.click(ClickKeyword.groovy:76)
	at com.kms.katalon.core.webui.keyword.builtin.ClickKeyword.execute(ClickKeyword.groovy:43)
	at com.kms.katalon.core.keyword.internal.KeywordExecutor.executeKeywordForPlatform(KeywordExecutor.groovy:73)
	at com.kms.katalon.core.webui.keyword.WebUiBuiltInKeywords.click(WebUiBuiltInKeywords.groovy:616)
	at com.kms.katalon.core.webui.keyword.WebUiBuiltInKeywords$click$1.call(Unknown Source)
	at Script1599149155505.run(Script1599149155505.groovy:28)
	... 13 more
)
[[ATTACHMENT|/Users/bhavikpatel/Downloads/Projects/CRREL/GRiD/Automation Testing/Automation Testing Project/KatalonTesting/Reports/20200928_162313/GRiD FG3D/20200928_162313/1601350286857.png]]]]></system-out>
         <system-err><![CDATA[2020-09-28 23:30:08 - [TEST_CASE][FAILED] - Test Cases/FG3D/FG3D Test - Stragetic: Test Cases/FG3D/FG3D Test - Stragetic FAILED.
Reason:
com.kms.katalon.core.exception.StepFailedException: Unable to click on object 'Object Repository/Page_Workgroups  GRiD/a_FG3D'
	at com.kms.katalon.core.webui.keyword.internal.WebUIKeywordMain.stepFailed(WebUIKeywordMain.groovy:64)
	at com.kms.katalon.core.webui.keyword.internal.WebUIKeywordMain.runKeyword(WebUIKeywordMain.groovy:26)
	at com.kms.katalon.core.webui.keyword.builtin.ClickKeyword.click(ClickKeyword.groovy:76)
	at com.kms.katalon.core.webui.keyword.builtin.ClickKeyword.execute(ClickKeyword.groovy:43)
	at com.kms.katalon.core.keyword.internal.KeywordExecutor.executeKeywordForPlatform(KeywordExecutor.groovy:73)
	at com.kms.katalon.core.webui.keyword.WebUiBuiltInKeywords.click(WebUiBuiltInKeywords.groovy:616)
	at com.kms.katalon.core.webui.keyword.WebUiBuiltInKeywords$click$1.call(Unknown Source)
	at FG3D Test - Stragetic.run(FG3D Test - Stragetic:28)
	at com.kms.katalon.core.main.ScriptEngine.run(ScriptEngine.java:194)
	at com.kms.katalon.core.main.ScriptEngine.runScriptAsRawText(ScriptEngine.java:119)
	at com.kms.katalon.core.main.TestCaseExecutor.runScript(TestCaseExecutor.java:339)
	at com.kms.katalon.core.main.TestCaseExecutor.doExecute(TestCaseExecutor.java:330)
	at com.kms.katalon.core.main.TestCaseExecutor.processExecutionPhase(TestCaseExecutor.java:309)
	at com.kms.katalon.core.main.TestCaseExecutor.accessMainPhase(TestCaseExecutor.java:301)
	at com.kms.katalon.core.main.TestCaseExecutor.execute(TestCaseExecutor.java:235)
	at com.kms.katalon.core.main.TestSuiteExecutor.accessTestCaseMainPhase(TestSuiteExecutor.java:191)
	at com.kms.katalon.core.main.TestSuiteExecutor.accessTestSuiteMainPhase(TestSuiteExecutor.java:141)
	at com.kms.katalon.core.main.TestSuiteExecutor.execute(TestSuiteExecutor.java:90)
	at com.kms.katalon.core.main.TestCaseMain.startTestSuite(TestCaseMain.java:157)
	at com.kms.katalon.core.main.TestCaseMain$startTestSuite$0.call(Unknown Source)
	at TempTestSuite1601324593621.run(TempTestSuite1601324593621.groovy:39)
Caused by: com.kms.katalon.core.webui.exception.WebElementNotFoundException: Web element with id: 'Object Repository/Page_Workgroups  GRiD/a_FG3D' located by '//div[@id='workgroupExportTree']/a[10]' not found
	at com.kms.katalon.core.webui.common.WebUiCommonHelper.findWebElement(WebUiCommonHelper.java:1368)
	at com.kms.katalon.core.webui.keyword.internal.WebUIAbstractKeyword.findWebElement(WebUIAbstractKeyword.groovy:27)
	at com.kms.katalon.core.webui.keyword.internal.WebUIAbstractKeyword.findWebElement(WebUIAbstractKeyword.groovy:26)
	at com.kms.katalon.core.webui.keyword.builtin.ClickKeyword$_click_closure1.doCall(ClickKeyword.groovy:67)
	at com.kms.katalon.core.webui.keyword.builtin.ClickKeyword$_click_closure1.call(ClickKeyword.groovy)
	at com.kms.katalon.core.webui.keyword.internal.WebUIKeywordMain.runKeyword(WebUIKeywordMain.groovy:20)
	... 19 more]]></system-err>
      </testcase>
      <testcase name="Test Cases/FG3D/FG3D Test - Stragetic" time="84.448" classname="Test Cases/FG3D/FG3D Test - Stragetic" status="FAILED">
         <failure type="FAILED" message="Test Cases/FG3D/FG3D Test - Stragetic FAILED.
Reason:
com.kms.katalon.core.exception.StepFailedException: Unable to click on object 'Object Repository/Page_Workgroups  GRiD/a_FG3D'
	at com.kms.katalon.core.webui.keyword.internal.WebUIKeywordMain.stepFailed(WebUIKeywordMain.groovy:64)
	at com.kms.katalon.core.webui.keyword.internal.WebUIKeywordMain.runKeyword(WebUIKeywordMain.groovy:26)
	at com.kms.katalon.core.webui.keyword.builtin.ClickKeyword.click(ClickKeyword.groovy:76)
	at com.kms.katalon.core.webui.keyword.builtin.ClickKeyword.execute(ClickKeyword.groovy:43)
	at com.kms.katalon.core.keyword.internal.KeywordExecutor.executeKeywordForPlatform(KeywordExecutor.groovy:73)
	at com.kms.katalon.core.webui.keyword.WebUiBuiltInKeywords.click(WebUiBuiltInKeywords.groovy:616)
	at com.kms.katalon.core.webui.keyword.WebUiBuiltInKeywords$click$1.call(Unknown Source)
	at FG3D Test - Stragetic.run(FG3D Test - Stragetic:28)
	at com.kms.katalon.core.main.ScriptEngine.run(ScriptEngine.java:194)
	at com.kms.katalon.core.main.ScriptEngine.runScriptAsRawText(ScriptEngine.java:119)
	at com.kms.katalon.core.main.TestCaseExecutor.runScript(TestCaseExecutor.java:339)
	at com.kms.katalon.core.main.TestCaseExecutor.doExecute(TestCaseExecutor.java:330)
	at com.kms.katalon.core.main.TestCaseExecutor.processExecutionPhase(TestCaseExecutor.java:309)
	at com.kms.katalon.core.main.TestCaseExecutor.accessMainPhase(TestCaseExecutor.java:301)
	at com.kms.katalon.core.main.TestCaseExecutor.execute(TestCaseExecutor.java:235)
	at com.kms.katalon.core.main.TestSuiteExecutor.accessTestCaseMainPhase(TestSuiteExecutor.java:191)
	at com.kms.katalon.core.main.TestSuiteExecutor.accessTestSuiteMainPhase(TestSuiteExecutor.java:141)
	at com.kms.katalon.core.main.TestSuiteExecutor.execute(TestSuiteExecutor.java:90)
	at com.kms.katalon.core.main.TestCaseMain.startTestSuite(TestCaseMain.java:157)
	at com.kms.katalon.core.main.TestCaseMain$startTestSuite$0.call(Unknown Source)
	at TempTestSuite1601324593621.run(TempTestSuite1601324593621.groovy:39)
Caused by: com.kms.katalon.core.webui.exception.WebElementNotFoundException: Web element with id: 'Object Repository/Page_Workgroups  GRiD/a_FG3D' located by '//div[@id='workgroupExportTree']/a[10]' not found
	at com.kms.katalon.core.webui.common.WebUiCommonHelper.findWebElement(WebUiCommonHelper.java:1368)
	at com.kms.katalon.core.webui.keyword.internal.WebUIAbstractKeyword.findWebElement(WebUIAbstractKeyword.groovy:27)
	at com.kms.katalon.core.webui.keyword.internal.WebUIAbstractKeyword.findWebElement(WebUIAbstractKeyword.groovy:26)
	at com.kms.katalon.core.webui.keyword.builtin.ClickKeyword$_click_closure1.doCall(ClickKeyword.groovy:67)
	at com.kms.katalon.core.webui.keyword.builtin.ClickKeyword$_click_closure1.call(ClickKeyword.groovy)
	at com.kms.katalon.core.webui.keyword.internal.WebUIKeywordMain.runKeyword(WebUIKeywordMain.groovy:20)
	... 19 more
"/>
         <system-out><![CDATA[2020-09-28 23:31:27 - [TEST_CASE][FAILED] - Test Cases/FG3D/FG3D Test - Stragetic: Test Cases/FG3D/FG3D Test - Stragetic FAILED.
Reason:
com.kms.katalon.core.exception.StepFailedException: Unable to click on object 'Object Repository/Page_Workgroups  GRiD/a_FG3D'
	at com.kms.katalon.core.webui.keyword.internal.WebUIKeywordMain.stepFailed(WebUIKeywordMain.groovy:64)
	at com.kms.katalon.core.webui.keyword.internal.WebUIKeywordMain.runKeyword(WebUIKeywordMain.groovy:26)
	at com.kms.katalon.core.webui.keyword.builtin.ClickKeyword.click(ClickKeyword.groovy:76)
	at com.kms.katalon.core.webui.keyword.builtin.ClickKeyword.execute(ClickKeyword.groovy:43)
	at com.kms.katalon.core.keyword.internal.KeywordExecutor.executeKeywordForPlatform(KeywordExecutor.groovy:73)
	at com.kms.katalon.core.webui.keyword.WebUiBuiltInKeywords.click(WebUiBuiltInKeywords.groovy:616)
	at com.kms.katalon.core.webui.keyword.WebUiBuiltInKeywords$click$1.call(Unknown Source)
	at FG3D Test - Stragetic.run(FG3D Test - Stragetic:28)
	at com.kms.katalon.core.main.ScriptEngine.run(ScriptEngine.java:194)
	at com.kms.katalon.core.main.ScriptEngine.runScriptAsRawText(ScriptEngine.java:119)
	at com.kms.katalon.core.main.TestCaseExecutor.runScript(TestCaseExecutor.java:339)
	at com.kms.katalon.core.main.TestCaseExecutor.doExecute(TestCaseExecutor.java:330)
	at com.kms.katalon.core.main.TestCaseExecutor.processExecutionPhase(TestCaseExecutor.java:309)
	at com.kms.katalon.core.main.TestCaseExecutor.accessMainPhase(TestCaseExecutor.java:301)
	at com.kms.katalon.core.main.TestCaseExecutor.execute(TestCaseExecutor.java:235)
	at com.kms.katalon.core.main.TestSuiteExecutor.accessTestCaseMainPhase(TestSuiteExecutor.java:191)
	at com.kms.katalon.core.main.TestSuiteExecutor.accessTestSuiteMainPhase(TestSuiteExecutor.java:141)
	at com.kms.katalon.core.main.TestSuiteExecutor.execute(TestSuiteExecutor.java:90)
	at com.kms.katalon.core.main.TestCaseMain.startTestSuite(TestCaseMain.java:157)
	at com.kms.katalon.core.main.TestCaseMain$startTestSuite$0.call(Unknown Source)
	at TempTestSuite1601324593621.run(TempTestSuite1601324593621.groovy:39)
Caused by: com.kms.katalon.core.webui.exception.WebElementNotFoundException: Web element with id: 'Object Repository/Page_Workgroups  GRiD/a_FG3D' located by '//div[@id='workgroupExportTree']/a[10]' not found
	at com.kms.katalon.core.webui.common.WebUiCommonHelper.findWebElement(WebUiCommonHelper.java:1368)
	at com.kms.katalon.core.webui.keyword.internal.WebUIAbstractKeyword.findWebElement(WebUIAbstractKeyword.groovy:27)
	at com.kms.katalon.core.webui.keyword.internal.WebUIAbstractKeyword.findWebElement(WebUIAbstractKeyword.groovy:26)
	at com.kms.katalon.core.webui.keyword.builtin.ClickKeyword$_click_closure1.doCall(ClickKeyword.groovy:67)
	at com.kms.katalon.core.webui.keyword.builtin.ClickKeyword$_click_closure1.call(ClickKeyword.groovy)
	at com.kms.katalon.core.webui.keyword.internal.WebUIKeywordMain.runKeyword(WebUIKeywordMain.groovy:20)
	... 19 more


2020-09-28 23:31:27 - [TEST_STEP][PASSED] - openBrowser(""): Browser is opened with url: ''

2020-09-28 23:31:27 - [MESSAGE][WARNING] - A browser is already opened. Closing browser and opening a new one

2020-09-28 23:31:27 - [MESSAGE][INFO] - Starting 'Chrome' driver

2020-09-28 23:31:27 - [MESSAGE][INFO] - Action delay is set to 0 milliseconds

2020-09-28 23:31:31 - [MESSAGE][PASSED] - Browser is opened with url: ''

2020-09-28 23:31:31 - [TEST_STEP][PASSED] - navigateToUrl("https://grid.nga.mil/testgrid/"): Navigate to 'https://grid.nga.mil/testgrid/' successfully

2020-09-28 23:31:37 - [MESSAGE][PASSED] - Navigate to 'https://grid.nga.mil/testgrid/' successfully

2020-09-28 23:31:37 - [TEST_STEP][PASSED] - click(findTestObject("Page_Home  GRiD/a_CAC  GEOAxIS Login")): Object: 'Object Repository/Page_Home  GRiD/a_CAC  GEOAxIS Login' is clicked on

2020-09-28 23:31:43 - [MESSAGE][PASSED] - Object: 'Object Repository/Page_Home  GRiD/a_CAC  GEOAxIS Login' is clicked on

2020-09-28 23:31:43 - [TEST_STEP][PASSED] - click(findTestObject("Page_Home  GRiD/a_Share")): Object: 'Object Repository/Page_Home  GRiD/a_Share' is clicked on

2020-09-28 23:32:15 - [MESSAGE][INFO] - Unable to find the element located by 'By.xpath: //div[@id='navbarToggle']/ul/li[5]/a'. Please recheck the objects properties to make sure the desired element is located. 

2020-09-28 23:32:15 - [MESSAGE][WARNING] - [SELF-HEALING] Failed to find element with id 'Object Repository/Page_Home  GRiD/a_Share'. Try using Self-healing.

2020-09-28 23:32:15 - [MESSAGE][WARNING] - [SELF-HEALING] The current locator of test object 'Object Repository/Page_Home  GRiD/a_Share' was broken. Propose an alternative one: '//li[5]/a'.

2020-09-28 23:32:15 - [MESSAGE][PASSED] - Object: 'Object Repository/Page_Home  GRiD/a_Share' is clicked on

2020-09-28 23:32:15 - [TEST_STEP][FAILED] - click(findTestObject("Page_Workgroups  GRiD/a_FG3D")): Unable to click on object 'Object Repository/Page_Workgroups  GRiD/a_FG3D' (Root cause: com.kms.katalon.core.exception.StepFailedException: Unable to click on object 'Object Repository/Page_Workgroups  GRiD/a_FG3D'
	at com.kms.katalon.core.webui.keyword.internal.WebUIKeywordMain.stepFailed(WebUIKeywordMain.groovy:64)
	at com.kms.katalon.core.webui.keyword.internal.WebUIKeywordMain.runKeyword(WebUIKeywordMain.groovy:26)
	at com.kms.katalon.core.webui.keyword.builtin.ClickKeyword.click(ClickKeyword.groovy:76)
	at com.kms.katalon.core.webui.keyword.builtin.ClickKeyword.execute(ClickKeyword.groovy:43)
	at com.kms.katalon.core.keyword.internal.KeywordExecutor.executeKeywordForPlatform(KeywordExecutor.groovy:73)
	at com.kms.katalon.core.webui.keyword.WebUiBuiltInKeywords.click(WebUiBuiltInKeywords.groovy:616)
	at com.kms.katalon.core.webui.keyword.WebUiBuiltInKeywords$click$1.call(Unknown Source)
	at FG3D Test - Stragetic.run(FG3D Test - Stragetic:28)
	at com.kms.katalon.core.main.ScriptEngine.run(ScriptEngine.java:194)
	at com.kms.katalon.core.main.ScriptEngine.runScriptAsRawText(ScriptEngine.java:119)
	at com.kms.katalon.core.main.TestCaseExecutor.runScript(TestCaseExecutor.java:339)
	at com.kms.katalon.core.main.TestCaseExecutor.doExecute(TestCaseExecutor.java:330)
	at com.kms.katalon.core.main.TestCaseExecutor.processExecutionPhase(TestCaseExecutor.java:309)
	at com.kms.katalon.core.main.TestCaseExecutor.accessMainPhase(TestCaseExecutor.java:301)
	at com.kms.katalon.core.main.TestCaseExecutor.execute(TestCaseExecutor.java:235)
	at com.kms.katalon.core.main.TestSuiteExecutor.accessTestCaseMainPhase(TestSuiteExecutor.java:191)
	at com.kms.katalon.core.main.TestSuiteExecutor.accessTestSuiteMainPhase(TestSuiteExecutor.java:141)
	at com.kms.katalon.core.main.TestSuiteExecutor.execute(TestSuiteExecutor.java:90)
	at com.kms.katalon.core.main.TestCaseMain.startTestSuite(TestCaseMain.java:157)
	at com.kms.katalon.core.main.TestCaseMain$startTestSuite$0.call(Unknown Source)
	at TempTestSuite1601324593621.run(TempTestSuite1601324593621.groovy:39)
Caused by: com.kms.katalon.core.webui.exception.WebElementNotFoundException: Web element with id: 'Object Repository/Page_Workgroups  GRiD/a_FG3D' located by '//div[@id='workgroupExportTree']/a[10]' not found
	at com.kms.katalon.core.webui.common.WebUiCommonHelper.findWebElement(WebUiCommonHelper.java:1368)
	at com.kms.katalon.core.webui.keyword.internal.WebUIAbstractKeyword.findWebElement(WebUIAbstractKeyword.groovy:27)
	at com.kms.katalon.core.webui.keyword.internal.WebUIAbstractKeyword.findWebElement(WebUIAbstractKeyword.groovy:26)
	at com.kms.katalon.core.webui.keyword.builtin.ClickKeyword$_click_closure1.doCall(ClickKeyword.groovy:67)
	at com.kms.katalon.core.webui.keyword.builtin.ClickKeyword$_click_closure1.call(ClickKeyword.groovy)
	at com.kms.katalon.core.webui.keyword.internal.WebUIKeywordMain.runKeyword(WebUIKeywordMain.groovy:20)
	at com.kms.katalon.core.webui.keyword.builtin.ClickKeyword.click(ClickKeyword.groovy:76)
	at com.kms.katalon.core.webui.keyword.builtin.ClickKeyword.execute(ClickKeyword.groovy:43)
	at com.kms.katalon.core.keyword.internal.KeywordExecutor.executeKeywordForPlatform(KeywordExecutor.groovy:73)
	at com.kms.katalon.core.webui.keyword.WebUiBuiltInKeywords.click(WebUiBuiltInKeywords.groovy:616)
	at com.kms.katalon.core.webui.keyword.WebUiBuiltInKeywords$click$1.call(Unknown Source)
	at Script1599149155505.run(Script1599149155505.groovy:28)
	... 13 more
)

2020-09-28 23:32:46 - [MESSAGE][INFO] - Unable to find the element located by 'By.xpath: //div[@id='workgroupExportTree']/a[10]'. Please recheck the objects properties to make sure the desired element is located. 

2020-09-28 23:32:46 - [MESSAGE][WARNING] - [SELF-HEALING] Failed to find element with id 'Object Repository/Page_Workgroups  GRiD/a_FG3D'. Try using Self-healing.

2020-09-28 23:32:46 - [MESSAGE][INFO] - [SELF-HEALING] Failed Locator: '//div[@id='workgroupExportTree']/a[10]'.

2020-09-28 23:32:47 - [MESSAGE][INFO] - [SELF-HEALING] Failed Locator: '//a[contains(text(),'FG3D')]'.

2020-09-28 23:32:47 - [MESSAGE][INFO] - [SELF-HEALING] Failed Locator: '(.//*[normalize-space(text()) and normalize-space(.)='DTED2 DTM'])[1]/following::a[1]'.

2020-09-28 23:32:47 - [MESSAGE][INFO] - [SELF-HEALING] Failed Locator: '(.//*[normalize-space(text()) and normalize-space(.)='DTED0 DTM'])[1]/following::a[2]'.

2020-09-28 23:32:48 - [MESSAGE][INFO] - [SELF-HEALING] Failed Locator: '(.//*[normalize-space(text()) and normalize-space(.)='SRT2F DSM'])[1]/preceding::a[1]'.

2020-09-28 23:32:48 - [MESSAGE][INFO] - [SELF-HEALING] Failed Locator: '(.//*[normalize-space(text()) and normalize-space(.)='TDT DSM'])[1]/preceding::a[2]'.

2020-09-28 23:32:48 - [MESSAGE][INFO] - [SELF-HEALING] Failed Locator: '//*/text()[normalize-space(.)='FG3D']/parent::*'.

2020-09-28 23:32:49 - [MESSAGE][INFO] - [SELF-HEALING] Failed Locator: '//a[contains(@href, '/testgrid/export/aoi/36914/')]'.

2020-09-28 23:32:49 - [MESSAGE][INFO] - [SELF-HEALING] Failed Locator: '//div[2]/a[10]'.

2020-09-28 23:32:50 - [MESSAGE][INFO] - Unable to find the element located by 'By.xpath: //*[@href = '/testgrid/export/aoi/36914/' and (text() = '
            FG3D
            
              
              
            
          ' or . = '
            FG3D
            
              
              
            
          ')]'. Please recheck the objects properties to make sure the desired element is located. 

2020-09-28 23:32:51 - [MESSAGE][INFO] - Unable to find the element located by 'By.cssSelector: '. Please recheck the objects properties to make sure the desired element is located. 

2020-09-28 23:32:52 - [MESSAGE][FAILED] - Unable to click on object 'Object Repository/Page_Workgroups  GRiD/a_FG3D' (Root cause: com.kms.katalon.core.exception.StepFailedException: Unable to click on object 'Object Repository/Page_Workgroups  GRiD/a_FG3D'
	at com.kms.katalon.core.webui.keyword.internal.WebUIKeywordMain.stepFailed(WebUIKeywordMain.groovy:64)
	at com.kms.katalon.core.webui.keyword.internal.WebUIKeywordMain.runKeyword(WebUIKeywordMain.groovy:26)
	at com.kms.katalon.core.webui.keyword.builtin.ClickKeyword.click(ClickKeyword.groovy:76)
	at com.kms.katalon.core.webui.keyword.builtin.ClickKeyword.execute(ClickKeyword.groovy:43)
	at com.kms.katalon.core.keyword.internal.KeywordExecutor.executeKeywordForPlatform(KeywordExecutor.groovy:73)
	at com.kms.katalon.core.webui.keyword.WebUiBuiltInKeywords.click(WebUiBuiltInKeywords.groovy:616)
	at com.kms.katalon.core.webui.keyword.WebUiBuiltInKeywords$click$1.call(Unknown Source)
	at FG3D Test - Stragetic.run(FG3D Test - Stragetic:28)
	at com.kms.katalon.core.main.ScriptEngine.run(ScriptEngine.java:194)
	at com.kms.katalon.core.main.ScriptEngine.runScriptAsRawText(ScriptEngine.java:119)
	at com.kms.katalon.core.main.TestCaseExecutor.runScript(TestCaseExecutor.java:339)
	at com.kms.katalon.core.main.TestCaseExecutor.doExecute(TestCaseExecutor.java:330)
	at com.kms.katalon.core.main.TestCaseExecutor.processExecutionPhase(TestCaseExecutor.java:309)
	at com.kms.katalon.core.main.TestCaseExecutor.accessMainPhase(TestCaseExecutor.java:301)
	at com.kms.katalon.core.main.TestCaseExecutor.execute(TestCaseExecutor.java:235)
	at com.kms.katalon.core.main.TestSuiteExecutor.accessTestCaseMainPhase(TestSuiteExecutor.java:191)
	at com.kms.katalon.core.main.TestSuiteExecutor.accessTestSuiteMainPhase(TestSuiteExecutor.java:141)
	at com.kms.katalon.core.main.TestSuiteExecutor.execute(TestSuiteExecutor.java:90)
	at com.kms.katalon.core.main.TestCaseMain.startTestSuite(TestCaseMain.java:157)
	at com.kms.katalon.core.main.TestCaseMain$startTestSuite$0.call(Unknown Source)
	at TempTestSuite1601324593621.run(TempTestSuite1601324593621.groovy:39)
Caused by: com.kms.katalon.core.webui.exception.WebElementNotFoundException: Web element with id: 'Object Repository/Page_Workgroups  GRiD/a_FG3D' located by '//div[@id='workgroupExportTree']/a[10]' not found
	at com.kms.katalon.core.webui.common.WebUiCommonHelper.findWebElement(WebUiCommonHelper.java:1368)
	at com.kms.katalon.core.webui.keyword.internal.WebUIAbstractKeyword.findWebElement(WebUIAbstractKeyword.groovy:27)
	at com.kms.katalon.core.webui.keyword.internal.WebUIAbstractKeyword.findWebElement(WebUIAbstractKeyword.groovy:26)
	at com.kms.katalon.core.webui.keyword.builtin.ClickKeyword$_click_closure1.doCall(ClickKeyword.groovy:67)
	at com.kms.katalon.core.webui.keyword.builtin.ClickKeyword$_click_closure1.call(ClickKeyword.groovy)
	at com.kms.katalon.core.webui.keyword.internal.WebUIKeywordMain.runKeyword(WebUIKeywordMain.groovy:20)
	at com.kms.katalon.core.webui.keyword.builtin.ClickKeyword.click(ClickKeyword.groovy:76)
	at com.kms.katalon.core.webui.keyword.builtin.ClickKeyword.execute(ClickKeyword.groovy:43)
	at com.kms.katalon.core.keyword.internal.KeywordExecutor.executeKeywordForPlatform(KeywordExecutor.groovy:73)
	at com.kms.katalon.core.webui.keyword.WebUiBuiltInKeywords.click(WebUiBuiltInKeywords.groovy:616)
	at com.kms.katalon.core.webui.keyword.WebUiBuiltInKeywords$click$1.call(Unknown Source)
	at Script1599149155505.run(Script1599149155505.groovy:28)
	... 13 more
)
[[ATTACHMENT|/Users/bhavikpatel/Downloads/Projects/CRREL/GRiD/Automation Testing/Automation Testing Project/KatalonTesting/Reports/20200928_162313/GRiD FG3D/20200928_162313/1601350371574.png]]]]></system-out>
         <system-err><![CDATA[2020-09-28 23:31:27 - [TEST_CASE][FAILED] - Test Cases/FG3D/FG3D Test - Stragetic: Test Cases/FG3D/FG3D Test - Stragetic FAILED.
Reason:
com.kms.katalon.core.exception.StepFailedException: Unable to click on object 'Object Repository/Page_Workgroups  GRiD/a_FG3D'
	at com.kms.katalon.core.webui.keyword.internal.WebUIKeywordMain.stepFailed(WebUIKeywordMain.groovy:64)
	at com.kms.katalon.core.webui.keyword.internal.WebUIKeywordMain.runKeyword(WebUIKeywordMain.groovy:26)
	at com.kms.katalon.core.webui.keyword.builtin.ClickKeyword.click(ClickKeyword.groovy:76)
	at com.kms.katalon.core.webui.keyword.builtin.ClickKeyword.execute(ClickKeyword.groovy:43)
	at com.kms.katalon.core.keyword.internal.KeywordExecutor.executeKeywordForPlatform(KeywordExecutor.groovy:73)
	at com.kms.katalon.core.webui.keyword.WebUiBuiltInKeywords.click(WebUiBuiltInKeywords.groovy:616)
	at com.kms.katalon.core.webui.keyword.WebUiBuiltInKeywords$click$1.call(Unknown Source)
	at FG3D Test - Stragetic.run(FG3D Test - Stragetic:28)
	at com.kms.katalon.core.main.ScriptEngine.run(ScriptEngine.java:194)
	at com.kms.katalon.core.main.ScriptEngine.runScriptAsRawText(ScriptEngine.java:119)
	at com.kms.katalon.core.main.TestCaseExecutor.runScript(TestCaseExecutor.java:339)
	at com.kms.katalon.core.main.TestCaseExecutor.doExecute(TestCaseExecutor.java:330)
	at com.kms.katalon.core.main.TestCaseExecutor.processExecutionPhase(TestCaseExecutor.java:309)
	at com.kms.katalon.core.main.TestCaseExecutor.accessMainPhase(TestCaseExecutor.java:301)
	at com.kms.katalon.core.main.TestCaseExecutor.execute(TestCaseExecutor.java:235)
	at com.kms.katalon.core.main.TestSuiteExecutor.accessTestCaseMainPhase(TestSuiteExecutor.java:191)
	at com.kms.katalon.core.main.TestSuiteExecutor.accessTestSuiteMainPhase(TestSuiteExecutor.java:141)
	at com.kms.katalon.core.main.TestSuiteExecutor.execute(TestSuiteExecutor.java:90)
	at com.kms.katalon.core.main.TestCaseMain.startTestSuite(TestCaseMain.java:157)
	at com.kms.katalon.core.main.TestCaseMain$startTestSuite$0.call(Unknown Source)
	at TempTestSuite1601324593621.run(TempTestSuite1601324593621.groovy:39)
Caused by: com.kms.katalon.core.webui.exception.WebElementNotFoundException: Web element with id: 'Object Repository/Page_Workgroups  GRiD/a_FG3D' located by '//div[@id='workgroupExportTree']/a[10]' not found
	at com.kms.katalon.core.webui.common.WebUiCommonHelper.findWebElement(WebUiCommonHelper.java:1368)
	at com.kms.katalon.core.webui.keyword.internal.WebUIAbstractKeyword.findWebElement(WebUIAbstractKeyword.groovy:27)
	at com.kms.katalon.core.webui.keyword.internal.WebUIAbstractKeyword.findWebElement(WebUIAbstractKeyword.groovy:26)
	at com.kms.katalon.core.webui.keyword.builtin.ClickKeyword$_click_closure1.doCall(ClickKeyword.groovy:67)
	at com.kms.katalon.core.webui.keyword.builtin.ClickKeyword$_click_closure1.call(ClickKeyword.groovy)
	at com.kms.katalon.core.webui.keyword.internal.WebUIKeywordMain.runKeyword(WebUIKeywordMain.groovy:20)
	... 19 more]]></system-err>
      </testcase>
      <testcase name="Test Cases/FG3D/FG3D Test - Stragetic" time="82.672" classname="Test Cases/FG3D/FG3D Test - Stragetic" status="FAILED">
         <failure type="FAILED" message="Test Cases/FG3D/FG3D Test - Stragetic FAILED.
Reason:
com.kms.katalon.core.exception.StepFailedException: Unable to click on object 'Object Repository/Page_Workgroups  GRiD/a_FG3D'
	at com.kms.katalon.core.webui.keyword.internal.WebUIKeywordMain.stepFailed(WebUIKeywordMain.groovy:64)
	at com.kms.katalon.core.webui.keyword.internal.WebUIKeywordMain.runKeyword(WebUIKeywordMain.groovy:26)
	at com.kms.katalon.core.webui.keyword.builtin.ClickKeyword.click(ClickKeyword.groovy:76)
	at com.kms.katalon.core.webui.keyword.builtin.ClickKeyword.execute(ClickKeyword.groovy:43)
	at com.kms.katalon.core.keyword.internal.KeywordExecutor.executeKeywordForPlatform(KeywordExecutor.groovy:73)
	at com.kms.katalon.core.webui.keyword.WebUiBuiltInKeywords.click(WebUiBuiltInKeywords.groovy:616)
	at com.kms.katalon.core.webui.keyword.WebUiBuiltInKeywords$click$1.call(Unknown Source)
	at FG3D Test - Stragetic.run(FG3D Test - Stragetic:28)
	at com.kms.katalon.core.main.ScriptEngine.run(ScriptEngine.java:194)
	at com.kms.katalon.core.main.ScriptEngine.runScriptAsRawText(ScriptEngine.java:119)
	at com.kms.katalon.core.main.TestCaseExecutor.runScript(TestCaseExecutor.java:339)
	at com.kms.katalon.core.main.TestCaseExecutor.doExecute(TestCaseExecutor.java:330)
	at com.kms.katalon.core.main.TestCaseExecutor.processExecutionPhase(TestCaseExecutor.java:309)
	at com.kms.katalon.core.main.TestCaseExecutor.accessMainPhase(TestCaseExecutor.java:301)
	at com.kms.katalon.core.main.TestCaseExecutor.execute(TestCaseExecutor.java:235)
	at com.kms.katalon.core.main.TestSuiteExecutor.accessTestCaseMainPhase(TestSuiteExecutor.java:191)
	at com.kms.katalon.core.main.TestSuiteExecutor.accessTestSuiteMainPhase(TestSuiteExecutor.java:141)
	at com.kms.katalon.core.main.TestSuiteExecutor.execute(TestSuiteExecutor.java:90)
	at com.kms.katalon.core.main.TestCaseMain.startTestSuite(TestCaseMain.java:157)
	at com.kms.katalon.core.main.TestCaseMain$startTestSuite$0.call(Unknown Source)
	at TempTestSuite1601324593621.run(TempTestSuite1601324593621.groovy:39)
Caused by: com.kms.katalon.core.webui.exception.WebElementNotFoundException: Web element with id: 'Object Repository/Page_Workgroups  GRiD/a_FG3D' located by '//div[@id='workgroupExportTree']/a[10]' not found
	at com.kms.katalon.core.webui.common.WebUiCommonHelper.findWebElement(WebUiCommonHelper.java:1368)
	at com.kms.katalon.core.webui.keyword.internal.WebUIAbstractKeyword.findWebElement(WebUIAbstractKeyword.groovy:27)
	at com.kms.katalon.core.webui.keyword.internal.WebUIAbstractKeyword.findWebElement(WebUIAbstractKeyword.groovy:26)
	at com.kms.katalon.core.webui.keyword.builtin.ClickKeyword$_click_closure1.doCall(ClickKeyword.groovy:67)
	at com.kms.katalon.core.webui.keyword.builtin.ClickKeyword$_click_closure1.call(ClickKeyword.groovy)
	at com.kms.katalon.core.webui.keyword.internal.WebUIKeywordMain.runKeyword(WebUIKeywordMain.groovy:20)
	... 19 more
"/>
         <system-out><![CDATA[2020-09-28 23:32:52 - [TEST_CASE][FAILED] - Test Cases/FG3D/FG3D Test - Stragetic: Test Cases/FG3D/FG3D Test - Stragetic FAILED.
Reason:
com.kms.katalon.core.exception.StepFailedException: Unable to click on object 'Object Repository/Page_Workgroups  GRiD/a_FG3D'
	at com.kms.katalon.core.webui.keyword.internal.WebUIKeywordMain.stepFailed(WebUIKeywordMain.groovy:64)
	at com.kms.katalon.core.webui.keyword.internal.WebUIKeywordMain.runKeyword(WebUIKeywordMain.groovy:26)
	at com.kms.katalon.core.webui.keyword.builtin.ClickKeyword.click(ClickKeyword.groovy:76)
	at com.kms.katalon.core.webui.keyword.builtin.ClickKeyword.execute(ClickKeyword.groovy:43)
	at com.kms.katalon.core.keyword.internal.KeywordExecutor.executeKeywordForPlatform(KeywordExecutor.groovy:73)
	at com.kms.katalon.core.webui.keyword.WebUiBuiltInKeywords.click(WebUiBuiltInKeywords.groovy:616)
	at com.kms.katalon.core.webui.keyword.WebUiBuiltInKeywords$click$1.call(Unknown Source)
	at FG3D Test - Stragetic.run(FG3D Test - Stragetic:28)
	at com.kms.katalon.core.main.ScriptEngine.run(ScriptEngine.java:194)
	at com.kms.katalon.core.main.ScriptEngine.runScriptAsRawText(ScriptEngine.java:119)
	at com.kms.katalon.core.main.TestCaseExecutor.runScript(TestCaseExecutor.java:339)
	at com.kms.katalon.core.main.TestCaseExecutor.doExecute(TestCaseExecutor.java:330)
	at com.kms.katalon.core.main.TestCaseExecutor.processExecutionPhase(TestCaseExecutor.java:309)
	at com.kms.katalon.core.main.TestCaseExecutor.accessMainPhase(TestCaseExecutor.java:301)
	at com.kms.katalon.core.main.TestCaseExecutor.execute(TestCaseExecutor.java:235)
	at com.kms.katalon.core.main.TestSuiteExecutor.accessTestCaseMainPhase(TestSuiteExecutor.java:191)
	at com.kms.katalon.core.main.TestSuiteExecutor.accessTestSuiteMainPhase(TestSuiteExecutor.java:141)
	at com.kms.katalon.core.main.TestSuiteExecutor.execute(TestSuiteExecutor.java:90)
	at com.kms.katalon.core.main.TestCaseMain.startTestSuite(TestCaseMain.java:157)
	at com.kms.katalon.core.main.TestCaseMain$startTestSuite$0.call(Unknown Source)
	at TempTestSuite1601324593621.run(TempTestSuite1601324593621.groovy:39)
Caused by: com.kms.katalon.core.webui.exception.WebElementNotFoundException: Web element with id: 'Object Repository/Page_Workgroups  GRiD/a_FG3D' located by '//div[@id='workgroupExportTree']/a[10]' not found
	at com.kms.katalon.core.webui.common.WebUiCommonHelper.findWebElement(WebUiCommonHelper.java:1368)
	at com.kms.katalon.core.webui.keyword.internal.WebUIAbstractKeyword.findWebElement(WebUIAbstractKeyword.groovy:27)
	at com.kms.katalon.core.webui.keyword.internal.WebUIAbstractKeyword.findWebElement(WebUIAbstractKeyword.groovy:26)
	at com.kms.katalon.core.webui.keyword.builtin.ClickKeyword$_click_closure1.doCall(ClickKeyword.groovy:67)
	at com.kms.katalon.core.webui.keyword.builtin.ClickKeyword$_click_closure1.call(ClickKeyword.groovy)
	at com.kms.katalon.core.webui.keyword.internal.WebUIKeywordMain.runKeyword(WebUIKeywordMain.groovy:20)
	... 19 more


2020-09-28 23:32:52 - [TEST_STEP][PASSED] - openBrowser(""): Browser is opened with url: ''

2020-09-28 23:32:52 - [MESSAGE][WARNING] - A browser is already opened. Closing browser and opening a new one

2020-09-28 23:32:52 - [MESSAGE][INFO] - Starting 'Chrome' driver

2020-09-28 23:32:52 - [MESSAGE][INFO] - Action delay is set to 0 milliseconds

2020-09-28 23:32:54 - [MESSAGE][PASSED] - Browser is opened with url: ''

2020-09-28 23:32:54 - [TEST_STEP][PASSED] - navigateToUrl("https://grid.nga.mil/testgrid/"): Navigate to 'https://grid.nga.mil/testgrid/' successfully

2020-09-28 23:33:00 - [MESSAGE][PASSED] - Navigate to 'https://grid.nga.mil/testgrid/' successfully

2020-09-28 23:33:00 - [TEST_STEP][PASSED] - click(findTestObject("Page_Home  GRiD/a_CAC  GEOAxIS Login")): Object: 'Object Repository/Page_Home  GRiD/a_CAC  GEOAxIS Login' is clicked on

2020-09-28 23:33:06 - [MESSAGE][PASSED] - Object: 'Object Repository/Page_Home  GRiD/a_CAC  GEOAxIS Login' is clicked on

2020-09-28 23:33:06 - [TEST_STEP][PASSED] - click(findTestObject("Page_Home  GRiD/a_Share")): Object: 'Object Repository/Page_Home  GRiD/a_Share' is clicked on

2020-09-28 23:33:37 - [MESSAGE][INFO] - Unable to find the element located by 'By.xpath: //div[@id='navbarToggle']/ul/li[5]/a'. Please recheck the objects properties to make sure the desired element is located. 

2020-09-28 23:33:37 - [MESSAGE][WARNING] - [SELF-HEALING] Failed to find element with id 'Object Repository/Page_Home  GRiD/a_Share'. Try using Self-healing.

2020-09-28 23:33:37 - [MESSAGE][WARNING] - [SELF-HEALING] The current locator of test object 'Object Repository/Page_Home  GRiD/a_Share' was broken. Propose an alternative one: '//li[5]/a'.

2020-09-28 23:33:37 - [MESSAGE][PASSED] - Object: 'Object Repository/Page_Home  GRiD/a_Share' is clicked on

2020-09-28 23:33:37 - [TEST_STEP][FAILED] - click(findTestObject("Page_Workgroups  GRiD/a_FG3D")): Unable to click on object 'Object Repository/Page_Workgroups  GRiD/a_FG3D' (Root cause: com.kms.katalon.core.exception.StepFailedException: Unable to click on object 'Object Repository/Page_Workgroups  GRiD/a_FG3D'
	at com.kms.katalon.core.webui.keyword.internal.WebUIKeywordMain.stepFailed(WebUIKeywordMain.groovy:64)
	at com.kms.katalon.core.webui.keyword.internal.WebUIKeywordMain.runKeyword(WebUIKeywordMain.groovy:26)
	at com.kms.katalon.core.webui.keyword.builtin.ClickKeyword.click(ClickKeyword.groovy:76)
	at com.kms.katalon.core.webui.keyword.builtin.ClickKeyword.execute(ClickKeyword.groovy:43)
	at com.kms.katalon.core.keyword.internal.KeywordExecutor.executeKeywordForPlatform(KeywordExecutor.groovy:73)
	at com.kms.katalon.core.webui.keyword.WebUiBuiltInKeywords.click(WebUiBuiltInKeywords.groovy:616)
	at com.kms.katalon.core.webui.keyword.WebUiBuiltInKeywords$click$1.call(Unknown Source)
	at FG3D Test - Stragetic.run(FG3D Test - Stragetic:28)
	at com.kms.katalon.core.main.ScriptEngine.run(ScriptEngine.java:194)
	at com.kms.katalon.core.main.ScriptEngine.runScriptAsRawText(ScriptEngine.java:119)
	at com.kms.katalon.core.main.TestCaseExecutor.runScript(TestCaseExecutor.java:339)
	at com.kms.katalon.core.main.TestCaseExecutor.doExecute(TestCaseExecutor.java:330)
	at com.kms.katalon.core.main.TestCaseExecutor.processExecutionPhase(TestCaseExecutor.java:309)
	at com.kms.katalon.core.main.TestCaseExecutor.accessMainPhase(TestCaseExecutor.java:301)
	at com.kms.katalon.core.main.TestCaseExecutor.execute(TestCaseExecutor.java:235)
	at com.kms.katalon.core.main.TestSuiteExecutor.accessTestCaseMainPhase(TestSuiteExecutor.java:191)
	at com.kms.katalon.core.main.TestSuiteExecutor.accessTestSuiteMainPhase(TestSuiteExecutor.java:141)
	at com.kms.katalon.core.main.TestSuiteExecutor.execute(TestSuiteExecutor.java:90)
	at com.kms.katalon.core.main.TestCaseMain.startTestSuite(TestCaseMain.java:157)
	at com.kms.katalon.core.main.TestCaseMain$startTestSuite$0.call(Unknown Source)
	at TempTestSuite1601324593621.run(TempTestSuite1601324593621.groovy:39)
Caused by: com.kms.katalon.core.webui.exception.WebElementNotFoundException: Web element with id: 'Object Repository/Page_Workgroups  GRiD/a_FG3D' located by '//div[@id='workgroupExportTree']/a[10]' not found
	at com.kms.katalon.core.webui.common.WebUiCommonHelper.findWebElement(WebUiCommonHelper.java:1368)
	at com.kms.katalon.core.webui.keyword.internal.WebUIAbstractKeyword.findWebElement(WebUIAbstractKeyword.groovy:27)
	at com.kms.katalon.core.webui.keyword.internal.WebUIAbstractKeyword.findWebElement(WebUIAbstractKeyword.groovy:26)
	at com.kms.katalon.core.webui.keyword.builtin.ClickKeyword$_click_closure1.doCall(ClickKeyword.groovy:67)
	at com.kms.katalon.core.webui.keyword.builtin.ClickKeyword$_click_closure1.call(ClickKeyword.groovy)
	at com.kms.katalon.core.webui.keyword.internal.WebUIKeywordMain.runKeyword(WebUIKeywordMain.groovy:20)
	at com.kms.katalon.core.webui.keyword.builtin.ClickKeyword.click(ClickKeyword.groovy:76)
	at com.kms.katalon.core.webui.keyword.builtin.ClickKeyword.execute(ClickKeyword.groovy:43)
	at com.kms.katalon.core.keyword.internal.KeywordExecutor.executeKeywordForPlatform(KeywordExecutor.groovy:73)
	at com.kms.katalon.core.webui.keyword.WebUiBuiltInKeywords.click(WebUiBuiltInKeywords.groovy:616)
	at com.kms.katalon.core.webui.keyword.WebUiBuiltInKeywords$click$1.call(Unknown Source)
	at Script1599149155505.run(Script1599149155505.groovy:28)
	... 13 more
)

2020-09-28 23:34:08 - [MESSAGE][INFO] - Unable to find the element located by 'By.xpath: //div[@id='workgroupExportTree']/a[10]'. Please recheck the objects properties to make sure the desired element is located. 

2020-09-28 23:34:08 - [MESSAGE][WARNING] - [SELF-HEALING] Failed to find element with id 'Object Repository/Page_Workgroups  GRiD/a_FG3D'. Try using Self-healing.

2020-09-28 23:34:09 - [MESSAGE][INFO] - [SELF-HEALING] Failed Locator: '//div[@id='workgroupExportTree']/a[10]'.

2020-09-28 23:34:09 - [MESSAGE][INFO] - [SELF-HEALING] Failed Locator: '//a[contains(text(),'FG3D')]'.

2020-09-28 23:34:10 - [MESSAGE][INFO] - [SELF-HEALING] Failed Locator: '(.//*[normalize-space(text()) and normalize-space(.)='DTED2 DTM'])[1]/following::a[1]'.

2020-09-28 23:34:10 - [MESSAGE][INFO] - [SELF-HEALING] Failed Locator: '(.//*[normalize-space(text()) and normalize-space(.)='DTED0 DTM'])[1]/following::a[2]'.

2020-09-28 23:34:10 - [MESSAGE][INFO] - [SELF-HEALING] Failed Locator: '(.//*[normalize-space(text()) and normalize-space(.)='SRT2F DSM'])[1]/preceding::a[1]'.

2020-09-28 23:34:11 - [MESSAGE][INFO] - [SELF-HEALING] Failed Locator: '(.//*[normalize-space(text()) and normalize-space(.)='TDT DSM'])[1]/preceding::a[2]'.

2020-09-28 23:34:11 - [MESSAGE][INFO] - [SELF-HEALING] Failed Locator: '//*/text()[normalize-space(.)='FG3D']/parent::*'.

2020-09-28 23:34:11 - [MESSAGE][INFO] - [SELF-HEALING] Failed Locator: '//a[contains(@href, '/testgrid/export/aoi/36914/')]'.

2020-09-28 23:34:12 - [MESSAGE][INFO] - [SELF-HEALING] Failed Locator: '//div[2]/a[10]'.

2020-09-28 23:34:13 - [MESSAGE][INFO] - Unable to find the element located by 'By.xpath: //*[@href = '/testgrid/export/aoi/36914/' and (text() = '
            FG3D
            
              
              
            
          ' or . = '
            FG3D
            
              
              
            
          ')]'. Please recheck the objects properties to make sure the desired element is located. 

2020-09-28 23:34:14 - [MESSAGE][INFO] - Unable to find the element located by 'By.cssSelector: '. Please recheck the objects properties to make sure the desired element is located. 

2020-09-28 23:34:14 - [MESSAGE][FAILED] - Unable to click on object 'Object Repository/Page_Workgroups  GRiD/a_FG3D' (Root cause: com.kms.katalon.core.exception.StepFailedException: Unable to click on object 'Object Repository/Page_Workgroups  GRiD/a_FG3D'
	at com.kms.katalon.core.webui.keyword.internal.WebUIKeywordMain.stepFailed(WebUIKeywordMain.groovy:64)
	at com.kms.katalon.core.webui.keyword.internal.WebUIKeywordMain.runKeyword(WebUIKeywordMain.groovy:26)
	at com.kms.katalon.core.webui.keyword.builtin.ClickKeyword.click(ClickKeyword.groovy:76)
	at com.kms.katalon.core.webui.keyword.builtin.ClickKeyword.execute(ClickKeyword.groovy:43)
	at com.kms.katalon.core.keyword.internal.KeywordExecutor.executeKeywordForPlatform(KeywordExecutor.groovy:73)
	at com.kms.katalon.core.webui.keyword.WebUiBuiltInKeywords.click(WebUiBuiltInKeywords.groovy:616)
	at com.kms.katalon.core.webui.keyword.WebUiBuiltInKeywords$click$1.call(Unknown Source)
	at FG3D Test - Stragetic.run(FG3D Test - Stragetic:28)
	at com.kms.katalon.core.main.ScriptEngine.run(ScriptEngine.java:194)
	at com.kms.katalon.core.main.ScriptEngine.runScriptAsRawText(ScriptEngine.java:119)
	at com.kms.katalon.core.main.TestCaseExecutor.runScript(TestCaseExecutor.java:339)
	at com.kms.katalon.core.main.TestCaseExecutor.doExecute(TestCaseExecutor.java:330)
	at com.kms.katalon.core.main.TestCaseExecutor.processExecutionPhase(TestCaseExecutor.java:309)
	at com.kms.katalon.core.main.TestCaseExecutor.accessMainPhase(TestCaseExecutor.java:301)
	at com.kms.katalon.core.main.TestCaseExecutor.execute(TestCaseExecutor.java:235)
	at com.kms.katalon.core.main.TestSuiteExecutor.accessTestCaseMainPhase(TestSuiteExecutor.java:191)
	at com.kms.katalon.core.main.TestSuiteExecutor.accessTestSuiteMainPhase(TestSuiteExecutor.java:141)
	at com.kms.katalon.core.main.TestSuiteExecutor.execute(TestSuiteExecutor.java:90)
	at com.kms.katalon.core.main.TestCaseMain.startTestSuite(TestCaseMain.java:157)
	at com.kms.katalon.core.main.TestCaseMain$startTestSuite$0.call(Unknown Source)
	at TempTestSuite1601324593621.run(TempTestSuite1601324593621.groovy:39)
Caused by: com.kms.katalon.core.webui.exception.WebElementNotFoundException: Web element with id: 'Object Repository/Page_Workgroups  GRiD/a_FG3D' located by '//div[@id='workgroupExportTree']/a[10]' not found
	at com.kms.katalon.core.webui.common.WebUiCommonHelper.findWebElement(WebUiCommonHelper.java:1368)
	at com.kms.katalon.core.webui.keyword.internal.WebUIAbstractKeyword.findWebElement(WebUIAbstractKeyword.groovy:27)
	at com.kms.katalon.core.webui.keyword.internal.WebUIAbstractKeyword.findWebElement(WebUIAbstractKeyword.groovy:26)
	at com.kms.katalon.core.webui.keyword.builtin.ClickKeyword$_click_closure1.doCall(ClickKeyword.groovy:67)
	at com.kms.katalon.core.webui.keyword.builtin.ClickKeyword$_click_closure1.call(ClickKeyword.groovy)
	at com.kms.katalon.core.webui.keyword.internal.WebUIKeywordMain.runKeyword(WebUIKeywordMain.groovy:20)
	at com.kms.katalon.core.webui.keyword.builtin.ClickKeyword.click(ClickKeyword.groovy:76)
	at com.kms.katalon.core.webui.keyword.builtin.ClickKeyword.execute(ClickKeyword.groovy:43)
	at com.kms.katalon.core.keyword.internal.KeywordExecutor.executeKeywordForPlatform(KeywordExecutor.groovy:73)
	at com.kms.katalon.core.webui.keyword.WebUiBuiltInKeywords.click(WebUiBuiltInKeywords.groovy:616)
	at com.kms.katalon.core.webui.keyword.WebUiBuiltInKeywords$click$1.call(Unknown Source)
	at Script1599149155505.run(Script1599149155505.groovy:28)
	... 13 more
)
[[ATTACHMENT|/Users/bhavikpatel/Downloads/Projects/CRREL/GRiD/Automation Testing/Automation Testing Project/KatalonTesting/Reports/20200928_162313/GRiD FG3D/20200928_162313/1601350454433.png]]]]></system-out>
         <system-err><![CDATA[2020-09-28 23:32:52 - [TEST_CASE][FAILED] - Test Cases/FG3D/FG3D Test - Stragetic: Test Cases/FG3D/FG3D Test - Stragetic FAILED.
Reason:
com.kms.katalon.core.exception.StepFailedException: Unable to click on object 'Object Repository/Page_Workgroups  GRiD/a_FG3D'
	at com.kms.katalon.core.webui.keyword.internal.WebUIKeywordMain.stepFailed(WebUIKeywordMain.groovy:64)
	at com.kms.katalon.core.webui.keyword.internal.WebUIKeywordMain.runKeyword(WebUIKeywordMain.groovy:26)
	at com.kms.katalon.core.webui.keyword.builtin.ClickKeyword.click(ClickKeyword.groovy:76)
	at com.kms.katalon.core.webui.keyword.builtin.ClickKeyword.execute(ClickKeyword.groovy:43)
	at com.kms.katalon.core.keyword.internal.KeywordExecutor.executeKeywordForPlatform(KeywordExecutor.groovy:73)
	at com.kms.katalon.core.webui.keyword.WebUiBuiltInKeywords.click(WebUiBuiltInKeywords.groovy:616)
	at com.kms.katalon.core.webui.keyword.WebUiBuiltInKeywords$click$1.call(Unknown Source)
	at FG3D Test - Stragetic.run(FG3D Test - Stragetic:28)
	at com.kms.katalon.core.main.ScriptEngine.run(ScriptEngine.java:194)
	at com.kms.katalon.core.main.ScriptEngine.runScriptAsRawText(ScriptEngine.java:119)
	at com.kms.katalon.core.main.TestCaseExecutor.runScript(TestCaseExecutor.java:339)
	at com.kms.katalon.core.main.TestCaseExecutor.doExecute(TestCaseExecutor.java:330)
	at com.kms.katalon.core.main.TestCaseExecutor.processExecutionPhase(TestCaseExecutor.java:309)
	at com.kms.katalon.core.main.TestCaseExecutor.accessMainPhase(TestCaseExecutor.java:301)
	at com.kms.katalon.core.main.TestCaseExecutor.execute(TestCaseExecutor.java:235)
	at com.kms.katalon.core.main.TestSuiteExecutor.accessTestCaseMainPhase(TestSuiteExecutor.java:191)
	at com.kms.katalon.core.main.TestSuiteExecutor.accessTestSuiteMainPhase(TestSuiteExecutor.java:141)
	at com.kms.katalon.core.main.TestSuiteExecutor.execute(TestSuiteExecutor.java:90)
	at com.kms.katalon.core.main.TestCaseMain.startTestSuite(TestCaseMain.java:157)
	at com.kms.katalon.core.main.TestCaseMain$startTestSuite$0.call(Unknown Source)
	at TempTestSuite1601324593621.run(TempTestSuite1601324593621.groovy:39)
Caused by: com.kms.katalon.core.webui.exception.WebElementNotFoundException: Web element with id: 'Object Repository/Page_Workgroups  GRiD/a_FG3D' located by '//div[@id='workgroupExportTree']/a[10]' not found
	at com.kms.katalon.core.webui.common.WebUiCommonHelper.findWebElement(WebUiCommonHelper.java:1368)
	at com.kms.katalon.core.webui.keyword.internal.WebUIAbstractKeyword.findWebElement(WebUIAbstractKeyword.groovy:27)
	at com.kms.katalon.core.webui.keyword.internal.WebUIAbstractKeyword.findWebElement(WebUIAbstractKeyword.groovy:26)
	at com.kms.katalon.core.webui.keyword.builtin.ClickKeyword$_click_closure1.doCall(ClickKeyword.groovy:67)
	at com.kms.katalon.core.webui.keyword.builtin.ClickKeyword$_click_closure1.call(ClickKeyword.groovy)
	at com.kms.katalon.core.webui.keyword.internal.WebUIKeywordMain.runKeyword(WebUIKeywordMain.groovy:20)
	... 19 more]]></system-err>
      </testcase>
      <testcase name="Test Cases/FG3D/FG3D Test - Stragetic" time="77.525" classname="Test Cases/FG3D/FG3D Test - Stragetic" status="FAILED">
         <failure type="FAILED" message="Test Cases/FG3D/FG3D Test - Stragetic FAILED.
Reason:
com.kms.katalon.core.exception.StepFailedException: Unable to click on object 'Object Repository/Page_Workgroups  GRiD/a_FG3D'
	at com.kms.katalon.core.webui.keyword.internal.WebUIKeywordMain.stepFailed(WebUIKeywordMain.groovy:64)
	at com.kms.katalon.core.webui.keyword.internal.WebUIKeywordMain.runKeyword(WebUIKeywordMain.groovy:26)
	at com.kms.katalon.core.webui.keyword.builtin.ClickKeyword.click(ClickKeyword.groovy:76)
	at com.kms.katalon.core.webui.keyword.builtin.ClickKeyword.execute(ClickKeyword.groovy:43)
	at com.kms.katalon.core.keyword.internal.KeywordExecutor.executeKeywordForPlatform(KeywordExecutor.groovy:73)
	at com.kms.katalon.core.webui.keyword.WebUiBuiltInKeywords.click(WebUiBuiltInKeywords.groovy:616)
	at com.kms.katalon.core.webui.keyword.WebUiBuiltInKeywords$click$1.call(Unknown Source)
	at FG3D Test - Stragetic.run(FG3D Test - Stragetic:28)
	at com.kms.katalon.core.main.ScriptEngine.run(ScriptEngine.java:194)
	at com.kms.katalon.core.main.ScriptEngine.runScriptAsRawText(ScriptEngine.java:119)
	at com.kms.katalon.core.main.TestCaseExecutor.runScript(TestCaseExecutor.java:339)
	at com.kms.katalon.core.main.TestCaseExecutor.doExecute(TestCaseExecutor.java:330)
	at com.kms.katalon.core.main.TestCaseExecutor.processExecutionPhase(TestCaseExecutor.java:309)
	at com.kms.katalon.core.main.TestCaseExecutor.accessMainPhase(TestCaseExecutor.java:301)
	at com.kms.katalon.core.main.TestCaseExecutor.execute(TestCaseExecutor.java:235)
	at com.kms.katalon.core.main.TestSuiteExecutor.accessTestCaseMainPhase(TestSuiteExecutor.java:191)
	at com.kms.katalon.core.main.TestSuiteExecutor.accessTestSuiteMainPhase(TestSuiteExecutor.java:141)
	at com.kms.katalon.core.main.TestSuiteExecutor.execute(TestSuiteExecutor.java:90)
	at com.kms.katalon.core.main.TestCaseMain.startTestSuite(TestCaseMain.java:157)
	at com.kms.katalon.core.main.TestCaseMain$startTestSuite$0.call(Unknown Source)
	at TempTestSuite1601324593621.run(TempTestSuite1601324593621.groovy:39)
Caused by: com.kms.katalon.core.webui.exception.WebElementNotFoundException: Web element with id: 'Object Repository/Page_Workgroups  GRiD/a_FG3D' located by '//div[@id='workgroupExportTree']/a[10]' not found
	at com.kms.katalon.core.webui.common.WebUiCommonHelper.findWebElement(WebUiCommonHelper.java:1368)
	at com.kms.katalon.core.webui.keyword.internal.WebUIAbstractKeyword.findWebElement(WebUIAbstractKeyword.groovy:27)
	at com.kms.katalon.core.webui.keyword.internal.WebUIAbstractKeyword.findWebElement(WebUIAbstractKeyword.groovy:26)
	at com.kms.katalon.core.webui.keyword.builtin.ClickKeyword$_click_closure1.doCall(ClickKeyword.groovy:67)
	at com.kms.katalon.core.webui.keyword.builtin.ClickKeyword$_click_closure1.call(ClickKeyword.groovy)
	at com.kms.katalon.core.webui.keyword.internal.WebUIKeywordMain.runKeyword(WebUIKeywordMain.groovy:20)
	... 19 more
"/>
         <system-out><![CDATA[2020-09-28 23:34:14 - [TEST_CASE][FAILED] - Test Cases/FG3D/FG3D Test - Stragetic: Test Cases/FG3D/FG3D Test - Stragetic FAILED.
Reason:
com.kms.katalon.core.exception.StepFailedException: Unable to click on object 'Object Repository/Page_Workgroups  GRiD/a_FG3D'
	at com.kms.katalon.core.webui.keyword.internal.WebUIKeywordMain.stepFailed(WebUIKeywordMain.groovy:64)
	at com.kms.katalon.core.webui.keyword.internal.WebUIKeywordMain.runKeyword(WebUIKeywordMain.groovy:26)
	at com.kms.katalon.core.webui.keyword.builtin.ClickKeyword.click(ClickKeyword.groovy:76)
	at com.kms.katalon.core.webui.keyword.builtin.ClickKeyword.execute(ClickKeyword.groovy:43)
	at com.kms.katalon.core.keyword.internal.KeywordExecutor.executeKeywordForPlatform(KeywordExecutor.groovy:73)
	at com.kms.katalon.core.webui.keyword.WebUiBuiltInKeywords.click(WebUiBuiltInKeywords.groovy:616)
	at com.kms.katalon.core.webui.keyword.WebUiBuiltInKeywords$click$1.call(Unknown Source)
	at FG3D Test - Stragetic.run(FG3D Test - Stragetic:28)
	at com.kms.katalon.core.main.ScriptEngine.run(ScriptEngine.java:194)
	at com.kms.katalon.core.main.ScriptEngine.runScriptAsRawText(ScriptEngine.java:119)
	at com.kms.katalon.core.main.TestCaseExecutor.runScript(TestCaseExecutor.java:339)
	at com.kms.katalon.core.main.TestCaseExecutor.doExecute(TestCaseExecutor.java:330)
	at com.kms.katalon.core.main.TestCaseExecutor.processExecutionPhase(TestCaseExecutor.java:309)
	at com.kms.katalon.core.main.TestCaseExecutor.accessMainPhase(TestCaseExecutor.java:301)
	at com.kms.katalon.core.main.TestCaseExecutor.execute(TestCaseExecutor.java:235)
	at com.kms.katalon.core.main.TestSuiteExecutor.accessTestCaseMainPhase(TestSuiteExecutor.java:191)
	at com.kms.katalon.core.main.TestSuiteExecutor.accessTestSuiteMainPhase(TestSuiteExecutor.java:141)
	at com.kms.katalon.core.main.TestSuiteExecutor.execute(TestSuiteExecutor.java:90)
	at com.kms.katalon.core.main.TestCaseMain.startTestSuite(TestCaseMain.java:157)
	at com.kms.katalon.core.main.TestCaseMain$startTestSuite$0.call(Unknown Source)
	at TempTestSuite1601324593621.run(TempTestSuite1601324593621.groovy:39)
Caused by: com.kms.katalon.core.webui.exception.WebElementNotFoundException: Web element with id: 'Object Repository/Page_Workgroups  GRiD/a_FG3D' located by '//div[@id='workgroupExportTree']/a[10]' not found
	at com.kms.katalon.core.webui.common.WebUiCommonHelper.findWebElement(WebUiCommonHelper.java:1368)
	at com.kms.katalon.core.webui.keyword.internal.WebUIAbstractKeyword.findWebElement(WebUIAbstractKeyword.groovy:27)
	at com.kms.katalon.core.webui.keyword.internal.WebUIAbstractKeyword.findWebElement(WebUIAbstractKeyword.groovy:26)
	at com.kms.katalon.core.webui.keyword.builtin.ClickKeyword$_click_closure1.doCall(ClickKeyword.groovy:67)
	at com.kms.katalon.core.webui.keyword.builtin.ClickKeyword$_click_closure1.call(ClickKeyword.groovy)
	at com.kms.katalon.core.webui.keyword.internal.WebUIKeywordMain.runKeyword(WebUIKeywordMain.groovy:20)
	... 19 more


2020-09-28 23:34:14 - [TEST_STEP][PASSED] - openBrowser(""): Browser is opened with url: ''

2020-09-28 23:34:14 - [MESSAGE][WARNING] - A browser is already opened. Closing browser and opening a new one

2020-09-28 23:34:14 - [MESSAGE][INFO] - Starting 'Chrome' driver

2020-09-28 23:34:14 - [MESSAGE][INFO] - Action delay is set to 0 milliseconds

2020-09-28 23:34:16 - [MESSAGE][PASSED] - Browser is opened with url: ''

2020-09-28 23:34:16 - [TEST_STEP][PASSED] - navigateToUrl("https://grid.nga.mil/testgrid/"): Navigate to 'https://grid.nga.mil/testgrid/' successfully

2020-09-28 23:34:18 - [MESSAGE][PASSED] - Navigate to 'https://grid.nga.mil/testgrid/' successfully

2020-09-28 23:34:18 - [TEST_STEP][PASSED] - click(findTestObject("Page_Home  GRiD/a_CAC  GEOAxIS Login")): Object: 'Object Repository/Page_Home  GRiD/a_CAC  GEOAxIS Login' is clicked on

2020-09-28 23:34:23 - [MESSAGE][PASSED] - Object: 'Object Repository/Page_Home  GRiD/a_CAC  GEOAxIS Login' is clicked on

2020-09-28 23:34:23 - [TEST_STEP][PASSED] - click(findTestObject("Page_Home  GRiD/a_Share")): Object: 'Object Repository/Page_Home  GRiD/a_Share' is clicked on

2020-09-28 23:34:54 - [MESSAGE][INFO] - Unable to find the element located by 'By.xpath: //div[@id='navbarToggle']/ul/li[5]/a'. Please recheck the objects properties to make sure the desired element is located. 

2020-09-28 23:34:54 - [MESSAGE][WARNING] - [SELF-HEALING] Failed to find element with id 'Object Repository/Page_Home  GRiD/a_Share'. Try using Self-healing.

2020-09-28 23:34:55 - [MESSAGE][WARNING] - [SELF-HEALING] The current locator of test object 'Object Repository/Page_Home  GRiD/a_Share' was broken. Propose an alternative one: '//li[5]/a'.

2020-09-28 23:34:55 - [MESSAGE][PASSED] - Object: 'Object Repository/Page_Home  GRiD/a_Share' is clicked on

2020-09-28 23:34:55 - [TEST_STEP][FAILED] - click(findTestObject("Page_Workgroups  GRiD/a_FG3D")): Unable to click on object 'Object Repository/Page_Workgroups  GRiD/a_FG3D' (Root cause: com.kms.katalon.core.exception.StepFailedException: Unable to click on object 'Object Repository/Page_Workgroups  GRiD/a_FG3D'
	at com.kms.katalon.core.webui.keyword.internal.WebUIKeywordMain.stepFailed(WebUIKeywordMain.groovy:64)
	at com.kms.katalon.core.webui.keyword.internal.WebUIKeywordMain.runKeyword(WebUIKeywordMain.groovy:26)
	at com.kms.katalon.core.webui.keyword.builtin.ClickKeyword.click(ClickKeyword.groovy:76)
	at com.kms.katalon.core.webui.keyword.builtin.ClickKeyword.execute(ClickKeyword.groovy:43)
	at com.kms.katalon.core.keyword.internal.KeywordExecutor.executeKeywordForPlatform(KeywordExecutor.groovy:73)
	at com.kms.katalon.core.webui.keyword.WebUiBuiltInKeywords.click(WebUiBuiltInKeywords.groovy:616)
	at com.kms.katalon.core.webui.keyword.WebUiBuiltInKeywords$click$1.call(Unknown Source)
	at FG3D Test - Stragetic.run(FG3D Test - Stragetic:28)
	at com.kms.katalon.core.main.ScriptEngine.run(ScriptEngine.java:194)
	at com.kms.katalon.core.main.ScriptEngine.runScriptAsRawText(ScriptEngine.java:119)
	at com.kms.katalon.core.main.TestCaseExecutor.runScript(TestCaseExecutor.java:339)
	at com.kms.katalon.core.main.TestCaseExecutor.doExecute(TestCaseExecutor.java:330)
	at com.kms.katalon.core.main.TestCaseExecutor.processExecutionPhase(TestCaseExecutor.java:309)
	at com.kms.katalon.core.main.TestCaseExecutor.accessMainPhase(TestCaseExecutor.java:301)
	at com.kms.katalon.core.main.TestCaseExecutor.execute(TestCaseExecutor.java:235)
	at com.kms.katalon.core.main.TestSuiteExecutor.accessTestCaseMainPhase(TestSuiteExecutor.java:191)
	at com.kms.katalon.core.main.TestSuiteExecutor.accessTestSuiteMainPhase(TestSuiteExecutor.java:141)
	at com.kms.katalon.core.main.TestSuiteExecutor.execute(TestSuiteExecutor.java:90)
	at com.kms.katalon.core.main.TestCaseMain.startTestSuite(TestCaseMain.java:157)
	at com.kms.katalon.core.main.TestCaseMain$startTestSuite$0.call(Unknown Source)
	at TempTestSuite1601324593621.run(TempTestSuite1601324593621.groovy:39)
Caused by: com.kms.katalon.core.webui.exception.WebElementNotFoundException: Web element with id: 'Object Repository/Page_Workgroups  GRiD/a_FG3D' located by '//div[@id='workgroupExportTree']/a[10]' not found
	at com.kms.katalon.core.webui.common.WebUiCommonHelper.findWebElement(WebUiCommonHelper.java:1368)
	at com.kms.katalon.core.webui.keyword.internal.WebUIAbstractKeyword.findWebElement(WebUIAbstractKeyword.groovy:27)
	at com.kms.katalon.core.webui.keyword.internal.WebUIAbstractKeyword.findWebElement(WebUIAbstractKeyword.groovy:26)
	at com.kms.katalon.core.webui.keyword.builtin.ClickKeyword$_click_closure1.doCall(ClickKeyword.groovy:67)
	at com.kms.katalon.core.webui.keyword.builtin.ClickKeyword$_click_closure1.call(ClickKeyword.groovy)
	at com.kms.katalon.core.webui.keyword.internal.WebUIKeywordMain.runKeyword(WebUIKeywordMain.groovy:20)
	at com.kms.katalon.core.webui.keyword.builtin.ClickKeyword.click(ClickKeyword.groovy:76)
	at com.kms.katalon.core.webui.keyword.builtin.ClickKeyword.execute(ClickKeyword.groovy:43)
	at com.kms.katalon.core.keyword.internal.KeywordExecutor.executeKeywordForPlatform(KeywordExecutor.groovy:73)
	at com.kms.katalon.core.webui.keyword.WebUiBuiltInKeywords.click(WebUiBuiltInKeywords.groovy:616)
	at com.kms.katalon.core.webui.keyword.WebUiBuiltInKeywords$click$1.call(Unknown Source)
	at Script1599149155505.run(Script1599149155505.groovy:28)
	... 13 more
)

2020-09-28 23:35:26 - [MESSAGE][INFO] - Unable to find the element located by 'By.xpath: //div[@id='workgroupExportTree']/a[10]'. Please recheck the objects properties to make sure the desired element is located. 

2020-09-28 23:35:26 - [MESSAGE][WARNING] - [SELF-HEALING] Failed to find element with id 'Object Repository/Page_Workgroups  GRiD/a_FG3D'. Try using Self-healing.

2020-09-28 23:35:26 - [MESSAGE][INFO] - [SELF-HEALING] Failed Locator: '//div[@id='workgroupExportTree']/a[10]'.

2020-09-28 23:35:27 - [MESSAGE][INFO] - [SELF-HEALING] Failed Locator: '//a[contains(text(),'FG3D')]'.

2020-09-28 23:35:27 - [MESSAGE][INFO] - [SELF-HEALING] Failed Locator: '(.//*[normalize-space(text()) and normalize-space(.)='DTED2 DTM'])[1]/following::a[1]'.

2020-09-28 23:35:27 - [MESSAGE][INFO] - [SELF-HEALING] Failed Locator: '(.//*[normalize-space(text()) and normalize-space(.)='DTED0 DTM'])[1]/following::a[2]'.

2020-09-28 23:35:28 - [MESSAGE][INFO] - [SELF-HEALING] Failed Locator: '(.//*[normalize-space(text()) and normalize-space(.)='SRT2F DSM'])[1]/preceding::a[1]'.

2020-09-28 23:35:28 - [MESSAGE][INFO] - [SELF-HEALING] Failed Locator: '(.//*[normalize-space(text()) and normalize-space(.)='TDT DSM'])[1]/preceding::a[2]'.

2020-09-28 23:35:28 - [MESSAGE][INFO] - [SELF-HEALING] Failed Locator: '//*/text()[normalize-space(.)='FG3D']/parent::*'.

2020-09-28 23:35:29 - [MESSAGE][INFO] - [SELF-HEALING] Failed Locator: '//a[contains(@href, '/testgrid/export/aoi/36914/')]'.

2020-09-28 23:35:29 - [MESSAGE][INFO] - [SELF-HEALING] Failed Locator: '//div[2]/a[10]'.

2020-09-28 23:35:30 - [MESSAGE][INFO] - Unable to find the element located by 'By.xpath: //*[@href = '/testgrid/export/aoi/36914/' and (text() = '
            FG3D
            
              
              
            
          ' or . = '
            FG3D
            
              
              
            
          ')]'. Please recheck the objects properties to make sure the desired element is located. 

2020-09-28 23:35:32 - [MESSAGE][INFO] - Unable to find the element located by 'By.cssSelector: '. Please recheck the objects properties to make sure the desired element is located. 

2020-09-28 23:35:32 - [MESSAGE][FAILED] - Unable to click on object 'Object Repository/Page_Workgroups  GRiD/a_FG3D' (Root cause: com.kms.katalon.core.exception.StepFailedException: Unable to click on object 'Object Repository/Page_Workgroups  GRiD/a_FG3D'
	at com.kms.katalon.core.webui.keyword.internal.WebUIKeywordMain.stepFailed(WebUIKeywordMain.groovy:64)
	at com.kms.katalon.core.webui.keyword.internal.WebUIKeywordMain.runKeyword(WebUIKeywordMain.groovy:26)
	at com.kms.katalon.core.webui.keyword.builtin.ClickKeyword.click(ClickKeyword.groovy:76)
	at com.kms.katalon.core.webui.keyword.builtin.ClickKeyword.execute(ClickKeyword.groovy:43)
	at com.kms.katalon.core.keyword.internal.KeywordExecutor.executeKeywordForPlatform(KeywordExecutor.groovy:73)
	at com.kms.katalon.core.webui.keyword.WebUiBuiltInKeywords.click(WebUiBuiltInKeywords.groovy:616)
	at com.kms.katalon.core.webui.keyword.WebUiBuiltInKeywords$click$1.call(Unknown Source)
	at FG3D Test - Stragetic.run(FG3D Test - Stragetic:28)
	at com.kms.katalon.core.main.ScriptEngine.run(ScriptEngine.java:194)
	at com.kms.katalon.core.main.ScriptEngine.runScriptAsRawText(ScriptEngine.java:119)
	at com.kms.katalon.core.main.TestCaseExecutor.runScript(TestCaseExecutor.java:339)
	at com.kms.katalon.core.main.TestCaseExecutor.doExecute(TestCaseExecutor.java:330)
	at com.kms.katalon.core.main.TestCaseExecutor.processExecutionPhase(TestCaseExecutor.java:309)
	at com.kms.katalon.core.main.TestCaseExecutor.accessMainPhase(TestCaseExecutor.java:301)
	at com.kms.katalon.core.main.TestCaseExecutor.execute(TestCaseExecutor.java:235)
	at com.kms.katalon.core.main.TestSuiteExecutor.accessTestCaseMainPhase(TestSuiteExecutor.java:191)
	at com.kms.katalon.core.main.TestSuiteExecutor.accessTestSuiteMainPhase(TestSuiteExecutor.java:141)
	at com.kms.katalon.core.main.TestSuiteExecutor.execute(TestSuiteExecutor.java:90)
	at com.kms.katalon.core.main.TestCaseMain.startTestSuite(TestCaseMain.java:157)
	at com.kms.katalon.core.main.TestCaseMain$startTestSuite$0.call(Unknown Source)
	at TempTestSuite1601324593621.run(TempTestSuite1601324593621.groovy:39)
Caused by: com.kms.katalon.core.webui.exception.WebElementNotFoundException: Web element with id: 'Object Repository/Page_Workgroups  GRiD/a_FG3D' located by '//div[@id='workgroupExportTree']/a[10]' not found
	at com.kms.katalon.core.webui.common.WebUiCommonHelper.findWebElement(WebUiCommonHelper.java:1368)
	at com.kms.katalon.core.webui.keyword.internal.WebUIAbstractKeyword.findWebElement(WebUIAbstractKeyword.groovy:27)
	at com.kms.katalon.core.webui.keyword.internal.WebUIAbstractKeyword.findWebElement(WebUIAbstractKeyword.groovy:26)
	at com.kms.katalon.core.webui.keyword.builtin.ClickKeyword$_click_closure1.doCall(ClickKeyword.groovy:67)
	at com.kms.katalon.core.webui.keyword.builtin.ClickKeyword$_click_closure1.call(ClickKeyword.groovy)
	at com.kms.katalon.core.webui.keyword.internal.WebUIKeywordMain.runKeyword(WebUIKeywordMain.groovy:20)
	at com.kms.katalon.core.webui.keyword.builtin.ClickKeyword.click(ClickKeyword.groovy:76)
	at com.kms.katalon.core.webui.keyword.builtin.ClickKeyword.execute(ClickKeyword.groovy:43)
	at com.kms.katalon.core.keyword.internal.KeywordExecutor.executeKeywordForPlatform(KeywordExecutor.groovy:73)
	at com.kms.katalon.core.webui.keyword.WebUiBuiltInKeywords.click(WebUiBuiltInKeywords.groovy:616)
	at com.kms.katalon.core.webui.keyword.WebUiBuiltInKeywords$click$1.call(Unknown Source)
	at Script1599149155505.run(Script1599149155505.groovy:28)
	... 13 more
)
[[ATTACHMENT|/Users/bhavikpatel/Downloads/Projects/CRREL/GRiD/Automation Testing/Automation Testing Project/KatalonTesting/Reports/20200928_162313/GRiD FG3D/20200928_162313/1601350532008.png]]]]></system-out>
         <system-err><![CDATA[2020-09-28 23:34:14 - [TEST_CASE][FAILED] - Test Cases/FG3D/FG3D Test - Stragetic: Test Cases/FG3D/FG3D Test - Stragetic FAILED.
Reason:
com.kms.katalon.core.exception.StepFailedException: Unable to click on object 'Object Repository/Page_Workgroups  GRiD/a_FG3D'
	at com.kms.katalon.core.webui.keyword.internal.WebUIKeywordMain.stepFailed(WebUIKeywordMain.groovy:64)
	at com.kms.katalon.core.webui.keyword.internal.WebUIKeywordMain.runKeyword(WebUIKeywordMain.groovy:26)
	at com.kms.katalon.core.webui.keyword.builtin.ClickKeyword.click(ClickKeyword.groovy:76)
	at com.kms.katalon.core.webui.keyword.builtin.ClickKeyword.execute(ClickKeyword.groovy:43)
	at com.kms.katalon.core.keyword.internal.KeywordExecutor.executeKeywordForPlatform(KeywordExecutor.groovy:73)
	at com.kms.katalon.core.webui.keyword.WebUiBuiltInKeywords.click(WebUiBuiltInKeywords.groovy:616)
	at com.kms.katalon.core.webui.keyword.WebUiBuiltInKeywords$click$1.call(Unknown Source)
	at FG3D Test - Stragetic.run(FG3D Test - Stragetic:28)
	at com.kms.katalon.core.main.ScriptEngine.run(ScriptEngine.java:194)
	at com.kms.katalon.core.main.ScriptEngine.runScriptAsRawText(ScriptEngine.java:119)
	at com.kms.katalon.core.main.TestCaseExecutor.runScript(TestCaseExecutor.java:339)
	at com.kms.katalon.core.main.TestCaseExecutor.doExecute(TestCaseExecutor.java:330)
	at com.kms.katalon.core.main.TestCaseExecutor.processExecutionPhase(TestCaseExecutor.java:309)
	at com.kms.katalon.core.main.TestCaseExecutor.accessMainPhase(TestCaseExecutor.java:301)
	at com.kms.katalon.core.main.TestCaseExecutor.execute(TestCaseExecutor.java:235)
	at com.kms.katalon.core.main.TestSuiteExecutor.accessTestCaseMainPhase(TestSuiteExecutor.java:191)
	at com.kms.katalon.core.main.TestSuiteExecutor.accessTestSuiteMainPhase(TestSuiteExecutor.java:141)
	at com.kms.katalon.core.main.TestSuiteExecutor.execute(TestSuiteExecutor.java:90)
	at com.kms.katalon.core.main.TestCaseMain.startTestSuite(TestCaseMain.java:157)
	at com.kms.katalon.core.main.TestCaseMain$startTestSuite$0.call(Unknown Source)
	at TempTestSuite1601324593621.run(TempTestSuite1601324593621.groovy:39)
Caused by: com.kms.katalon.core.webui.exception.WebElementNotFoundException: Web element with id: 'Object Repository/Page_Workgroups  GRiD/a_FG3D' located by '//div[@id='workgroupExportTree']/a[10]' not found
	at com.kms.katalon.core.webui.common.WebUiCommonHelper.findWebElement(WebUiCommonHelper.java:1368)
	at com.kms.katalon.core.webui.keyword.internal.WebUIAbstractKeyword.findWebElement(WebUIAbstractKeyword.groovy:27)
	at com.kms.katalon.core.webui.keyword.internal.WebUIAbstractKeyword.findWebElement(WebUIAbstractKeyword.groovy:26)
	at com.kms.katalon.core.webui.keyword.builtin.ClickKeyword$_click_closure1.doCall(ClickKeyword.groovy:67)
	at com.kms.katalon.core.webui.keyword.builtin.ClickKeyword$_click_closure1.call(ClickKeyword.groovy)
	at com.kms.katalon.core.webui.keyword.internal.WebUIKeywordMain.runKeyword(WebUIKeywordMain.groovy:20)
	... 19 more]]></system-err>
      </testcase>
      <testcase name="Test Cases/FG3D/FG3D Test - Stragetic" time="77.564" classname="Test Cases/FG3D/FG3D Test - Stragetic" status="FAILED">
         <failure type="FAILED" message="Test Cases/FG3D/FG3D Test - Stragetic FAILED.
Reason:
com.kms.katalon.core.exception.StepFailedException: Unable to click on object 'Object Repository/Page_Workgroups  GRiD/a_FG3D'
	at com.kms.katalon.core.webui.keyword.internal.WebUIKeywordMain.stepFailed(WebUIKeywordMain.groovy:64)
	at com.kms.katalon.core.webui.keyword.internal.WebUIKeywordMain.runKeyword(WebUIKeywordMain.groovy:26)
	at com.kms.katalon.core.webui.keyword.builtin.ClickKeyword.click(ClickKeyword.groovy:76)
	at com.kms.katalon.core.webui.keyword.builtin.ClickKeyword.execute(ClickKeyword.groovy:43)
	at com.kms.katalon.core.keyword.internal.KeywordExecutor.executeKeywordForPlatform(KeywordExecutor.groovy:73)
	at com.kms.katalon.core.webui.keyword.WebUiBuiltInKeywords.click(WebUiBuiltInKeywords.groovy:616)
	at com.kms.katalon.core.webui.keyword.WebUiBuiltInKeywords$click$1.call(Unknown Source)
	at FG3D Test - Stragetic.run(FG3D Test - Stragetic:28)
	at com.kms.katalon.core.main.ScriptEngine.run(ScriptEngine.java:194)
	at com.kms.katalon.core.main.ScriptEngine.runScriptAsRawText(ScriptEngine.java:119)
	at com.kms.katalon.core.main.TestCaseExecutor.runScript(TestCaseExecutor.java:339)
	at com.kms.katalon.core.main.TestCaseExecutor.doExecute(TestCaseExecutor.java:330)
	at com.kms.katalon.core.main.TestCaseExecutor.processExecutionPhase(TestCaseExecutor.java:309)
	at com.kms.katalon.core.main.TestCaseExecutor.accessMainPhase(TestCaseExecutor.java:301)
	at com.kms.katalon.core.main.TestCaseExecutor.execute(TestCaseExecutor.java:235)
	at com.kms.katalon.core.main.TestSuiteExecutor.accessTestCaseMainPhase(TestSuiteExecutor.java:191)
	at com.kms.katalon.core.main.TestSuiteExecutor.accessTestSuiteMainPhase(TestSuiteExecutor.java:141)
	at com.kms.katalon.core.main.TestSuiteExecutor.execute(TestSuiteExecutor.java:90)
	at com.kms.katalon.core.main.TestCaseMain.startTestSuite(TestCaseMain.java:157)
	at com.kms.katalon.core.main.TestCaseMain$startTestSuite$0.call(Unknown Source)
	at TempTestSuite1601324593621.run(TempTestSuite1601324593621.groovy:39)
Caused by: com.kms.katalon.core.webui.exception.WebElementNotFoundException: Web element with id: 'Object Repository/Page_Workgroups  GRiD/a_FG3D' located by '//div[@id='workgroupExportTree']/a[10]' not found
	at com.kms.katalon.core.webui.common.WebUiCommonHelper.findWebElement(WebUiCommonHelper.java:1368)
	at com.kms.katalon.core.webui.keyword.internal.WebUIAbstractKeyword.findWebElement(WebUIAbstractKeyword.groovy:27)
	at com.kms.katalon.core.webui.keyword.internal.WebUIAbstractKeyword.findWebElement(WebUIAbstractKeyword.groovy:26)
	at com.kms.katalon.core.webui.keyword.builtin.ClickKeyword$_click_closure1.doCall(ClickKeyword.groovy:67)
	at com.kms.katalon.core.webui.keyword.builtin.ClickKeyword$_click_closure1.call(ClickKeyword.groovy)
	at com.kms.katalon.core.webui.keyword.internal.WebUIKeywordMain.runKeyword(WebUIKeywordMain.groovy:20)
	... 19 more
"/>
         <system-out><![CDATA[2020-09-28 23:35:32 - [TEST_CASE][FAILED] - Test Cases/FG3D/FG3D Test - Stragetic: Test Cases/FG3D/FG3D Test - Stragetic FAILED.
Reason:
com.kms.katalon.core.exception.StepFailedException: Unable to click on object 'Object Repository/Page_Workgroups  GRiD/a_FG3D'
	at com.kms.katalon.core.webui.keyword.internal.WebUIKeywordMain.stepFailed(WebUIKeywordMain.groovy:64)
	at com.kms.katalon.core.webui.keyword.internal.WebUIKeywordMain.runKeyword(WebUIKeywordMain.groovy:26)
	at com.kms.katalon.core.webui.keyword.builtin.ClickKeyword.click(ClickKeyword.groovy:76)
	at com.kms.katalon.core.webui.keyword.builtin.ClickKeyword.execute(ClickKeyword.groovy:43)
	at com.kms.katalon.core.keyword.internal.KeywordExecutor.executeKeywordForPlatform(KeywordExecutor.groovy:73)
	at com.kms.katalon.core.webui.keyword.WebUiBuiltInKeywords.click(WebUiBuiltInKeywords.groovy:616)
	at com.kms.katalon.core.webui.keyword.WebUiBuiltInKeywords$click$1.call(Unknown Source)
	at FG3D Test - Stragetic.run(FG3D Test - Stragetic:28)
	at com.kms.katalon.core.main.ScriptEngine.run(ScriptEngine.java:194)
	at com.kms.katalon.core.main.ScriptEngine.runScriptAsRawText(ScriptEngine.java:119)
	at com.kms.katalon.core.main.TestCaseExecutor.runScript(TestCaseExecutor.java:339)
	at com.kms.katalon.core.main.TestCaseExecutor.doExecute(TestCaseExecutor.java:330)
	at com.kms.katalon.core.main.TestCaseExecutor.processExecutionPhase(TestCaseExecutor.java:309)
	at com.kms.katalon.core.main.TestCaseExecutor.accessMainPhase(TestCaseExecutor.java:301)
	at com.kms.katalon.core.main.TestCaseExecutor.execute(TestCaseExecutor.java:235)
	at com.kms.katalon.core.main.TestSuiteExecutor.accessTestCaseMainPhase(TestSuiteExecutor.java:191)
	at com.kms.katalon.core.main.TestSuiteExecutor.accessTestSuiteMainPhase(TestSuiteExecutor.java:141)
	at com.kms.katalon.core.main.TestSuiteExecutor.execute(TestSuiteExecutor.java:90)
	at com.kms.katalon.core.main.TestCaseMain.startTestSuite(TestCaseMain.java:157)
	at com.kms.katalon.core.main.TestCaseMain$startTestSuite$0.call(Unknown Source)
	at TempTestSuite1601324593621.run(TempTestSuite1601324593621.groovy:39)
Caused by: com.kms.katalon.core.webui.exception.WebElementNotFoundException: Web element with id: 'Object Repository/Page_Workgroups  GRiD/a_FG3D' located by '//div[@id='workgroupExportTree']/a[10]' not found
	at com.kms.katalon.core.webui.common.WebUiCommonHelper.findWebElement(WebUiCommonHelper.java:1368)
	at com.kms.katalon.core.webui.keyword.internal.WebUIAbstractKeyword.findWebElement(WebUIAbstractKeyword.groovy:27)
	at com.kms.katalon.core.webui.keyword.internal.WebUIAbstractKeyword.findWebElement(WebUIAbstractKeyword.groovy:26)
	at com.kms.katalon.core.webui.keyword.builtin.ClickKeyword$_click_closure1.doCall(ClickKeyword.groovy:67)
	at com.kms.katalon.core.webui.keyword.builtin.ClickKeyword$_click_closure1.call(ClickKeyword.groovy)
	at com.kms.katalon.core.webui.keyword.internal.WebUIKeywordMain.runKeyword(WebUIKeywordMain.groovy:20)
	... 19 more


2020-09-28 23:35:32 - [TEST_STEP][PASSED] - openBrowser(""): Browser is opened with url: ''

2020-09-28 23:35:32 - [MESSAGE][WARNING] - A browser is already opened. Closing browser and opening a new one

2020-09-28 23:35:32 - [MESSAGE][INFO] - Starting 'Chrome' driver

2020-09-28 23:35:32 - [MESSAGE][INFO] - Action delay is set to 0 milliseconds

2020-09-28 23:35:33 - [MESSAGE][PASSED] - Browser is opened with url: ''

2020-09-28 23:35:33 - [TEST_STEP][PASSED] - navigateToUrl("https://grid.nga.mil/testgrid/"): Navigate to 'https://grid.nga.mil/testgrid/' successfully

2020-09-28 23:35:36 - [MESSAGE][PASSED] - Navigate to 'https://grid.nga.mil/testgrid/' successfully

2020-09-28 23:35:36 - [TEST_STEP][PASSED] - click(findTestObject("Page_Home  GRiD/a_CAC  GEOAxIS Login")): Object: 'Object Repository/Page_Home  GRiD/a_CAC  GEOAxIS Login' is clicked on

2020-09-28 23:35:41 - [MESSAGE][PASSED] - Object: 'Object Repository/Page_Home  GRiD/a_CAC  GEOAxIS Login' is clicked on

2020-09-28 23:35:41 - [TEST_STEP][PASSED] - click(findTestObject("Page_Home  GRiD/a_Share")): Object: 'Object Repository/Page_Home  GRiD/a_Share' is clicked on

2020-09-28 23:36:12 - [MESSAGE][INFO] - Unable to find the element located by 'By.xpath: //div[@id='navbarToggle']/ul/li[5]/a'. Please recheck the objects properties to make sure the desired element is located. 

2020-09-28 23:36:12 - [MESSAGE][WARNING] - [SELF-HEALING] Failed to find element with id 'Object Repository/Page_Home  GRiD/a_Share'. Try using Self-healing.

2020-09-28 23:36:13 - [MESSAGE][WARNING] - [SELF-HEALING] The current locator of test object 'Object Repository/Page_Home  GRiD/a_Share' was broken. Propose an alternative one: '//li[5]/a'.

2020-09-28 23:36:13 - [MESSAGE][PASSED] - Object: 'Object Repository/Page_Home  GRiD/a_Share' is clicked on

2020-09-28 23:36:13 - [TEST_STEP][FAILED] - click(findTestObject("Page_Workgroups  GRiD/a_FG3D")): Unable to click on object 'Object Repository/Page_Workgroups  GRiD/a_FG3D' (Root cause: com.kms.katalon.core.exception.StepFailedException: Unable to click on object 'Object Repository/Page_Workgroups  GRiD/a_FG3D'
	at com.kms.katalon.core.webui.keyword.internal.WebUIKeywordMain.stepFailed(WebUIKeywordMain.groovy:64)
	at com.kms.katalon.core.webui.keyword.internal.WebUIKeywordMain.runKeyword(WebUIKeywordMain.groovy:26)
	at com.kms.katalon.core.webui.keyword.builtin.ClickKeyword.click(ClickKeyword.groovy:76)
	at com.kms.katalon.core.webui.keyword.builtin.ClickKeyword.execute(ClickKeyword.groovy:43)
	at com.kms.katalon.core.keyword.internal.KeywordExecutor.executeKeywordForPlatform(KeywordExecutor.groovy:73)
	at com.kms.katalon.core.webui.keyword.WebUiBuiltInKeywords.click(WebUiBuiltInKeywords.groovy:616)
	at com.kms.katalon.core.webui.keyword.WebUiBuiltInKeywords$click$1.call(Unknown Source)
	at FG3D Test - Stragetic.run(FG3D Test - Stragetic:28)
	at com.kms.katalon.core.main.ScriptEngine.run(ScriptEngine.java:194)
	at com.kms.katalon.core.main.ScriptEngine.runScriptAsRawText(ScriptEngine.java:119)
	at com.kms.katalon.core.main.TestCaseExecutor.runScript(TestCaseExecutor.java:339)
	at com.kms.katalon.core.main.TestCaseExecutor.doExecute(TestCaseExecutor.java:330)
	at com.kms.katalon.core.main.TestCaseExecutor.processExecutionPhase(TestCaseExecutor.java:309)
	at com.kms.katalon.core.main.TestCaseExecutor.accessMainPhase(TestCaseExecutor.java:301)
	at com.kms.katalon.core.main.TestCaseExecutor.execute(TestCaseExecutor.java:235)
	at com.kms.katalon.core.main.TestSuiteExecutor.accessTestCaseMainPhase(TestSuiteExecutor.java:191)
	at com.kms.katalon.core.main.TestSuiteExecutor.accessTestSuiteMainPhase(TestSuiteExecutor.java:141)
	at com.kms.katalon.core.main.TestSuiteExecutor.execute(TestSuiteExecutor.java:90)
	at com.kms.katalon.core.main.TestCaseMain.startTestSuite(TestCaseMain.java:157)
	at com.kms.katalon.core.main.TestCaseMain$startTestSuite$0.call(Unknown Source)
	at TempTestSuite1601324593621.run(TempTestSuite1601324593621.groovy:39)
Caused by: com.kms.katalon.core.webui.exception.WebElementNotFoundException: Web element with id: 'Object Repository/Page_Workgroups  GRiD/a_FG3D' located by '//div[@id='workgroupExportTree']/a[10]' not found
	at com.kms.katalon.core.webui.common.WebUiCommonHelper.findWebElement(WebUiCommonHelper.java:1368)
	at com.kms.katalon.core.webui.keyword.internal.WebUIAbstractKeyword.findWebElement(WebUIAbstractKeyword.groovy:27)
	at com.kms.katalon.core.webui.keyword.internal.WebUIAbstractKeyword.findWebElement(WebUIAbstractKeyword.groovy:26)
	at com.kms.katalon.core.webui.keyword.builtin.ClickKeyword$_click_closure1.doCall(ClickKeyword.groovy:67)
	at com.kms.katalon.core.webui.keyword.builtin.ClickKeyword$_click_closure1.call(ClickKeyword.groovy)
	at com.kms.katalon.core.webui.keyword.internal.WebUIKeywordMain.runKeyword(WebUIKeywordMain.groovy:20)
	at com.kms.katalon.core.webui.keyword.builtin.ClickKeyword.click(ClickKeyword.groovy:76)
	at com.kms.katalon.core.webui.keyword.builtin.ClickKeyword.execute(ClickKeyword.groovy:43)
	at com.kms.katalon.core.keyword.internal.KeywordExecutor.executeKeywordForPlatform(KeywordExecutor.groovy:73)
	at com.kms.katalon.core.webui.keyword.WebUiBuiltInKeywords.click(WebUiBuiltInKeywords.groovy:616)
	at com.kms.katalon.core.webui.keyword.WebUiBuiltInKeywords$click$1.call(Unknown Source)
	at Script1599149155505.run(Script1599149155505.groovy:28)
	... 13 more
)

2020-09-28 23:36:44 - [MESSAGE][INFO] - Unable to find the element located by 'By.xpath: //div[@id='workgroupExportTree']/a[10]'. Please recheck the objects properties to make sure the desired element is located. 

2020-09-28 23:36:44 - [MESSAGE][WARNING] - [SELF-HEALING] Failed to find element with id 'Object Repository/Page_Workgroups  GRiD/a_FG3D'. Try using Self-healing.

2020-09-28 23:36:44 - [MESSAGE][INFO] - [SELF-HEALING] Failed Locator: '//div[@id='workgroupExportTree']/a[10]'.

2020-09-28 23:36:44 - [MESSAGE][INFO] - [SELF-HEALING] Failed Locator: '//a[contains(text(),'FG3D')]'.

2020-09-28 23:36:45 - [MESSAGE][INFO] - [SELF-HEALING] Failed Locator: '(.//*[normalize-space(text()) and normalize-space(.)='DTED2 DTM'])[1]/following::a[1]'.

2020-09-28 23:36:45 - [MESSAGE][INFO] - [SELF-HEALING] Failed Locator: '(.//*[normalize-space(text()) and normalize-space(.)='DTED0 DTM'])[1]/following::a[2]'.

2020-09-28 23:36:46 - [MESSAGE][INFO] - [SELF-HEALING] Failed Locator: '(.//*[normalize-space(text()) and normalize-space(.)='SRT2F DSM'])[1]/preceding::a[1]'.

2020-09-28 23:36:46 - [MESSAGE][INFO] - [SELF-HEALING] Failed Locator: '(.//*[normalize-space(text()) and normalize-space(.)='TDT DSM'])[1]/preceding::a[2]'.

2020-09-28 23:36:46 - [MESSAGE][INFO] - [SELF-HEALING] Failed Locator: '//*/text()[normalize-space(.)='FG3D']/parent::*'.

2020-09-28 23:36:46 - [MESSAGE][INFO] - [SELF-HEALING] Failed Locator: '//a[contains(@href, '/testgrid/export/aoi/36914/')]'.

2020-09-28 23:36:47 - [MESSAGE][INFO] - [SELF-HEALING] Failed Locator: '//div[2]/a[10]'.

2020-09-28 23:36:48 - [MESSAGE][INFO] - Unable to find the element located by 'By.xpath: //*[@href = '/testgrid/export/aoi/36914/' and (text() = '
            FG3D
            
              
              
            
          ' or . = '
            FG3D
            
              
              
            
          ')]'. Please recheck the objects properties to make sure the desired element is located. 

2020-09-28 23:36:49 - [MESSAGE][INFO] - Unable to find the element located by 'By.cssSelector: '. Please recheck the objects properties to make sure the desired element is located. 

2020-09-28 23:36:49 - [MESSAGE][FAILED] - Unable to click on object 'Object Repository/Page_Workgroups  GRiD/a_FG3D' (Root cause: com.kms.katalon.core.exception.StepFailedException: Unable to click on object 'Object Repository/Page_Workgroups  GRiD/a_FG3D'
	at com.kms.katalon.core.webui.keyword.internal.WebUIKeywordMain.stepFailed(WebUIKeywordMain.groovy:64)
	at com.kms.katalon.core.webui.keyword.internal.WebUIKeywordMain.runKeyword(WebUIKeywordMain.groovy:26)
	at com.kms.katalon.core.webui.keyword.builtin.ClickKeyword.click(ClickKeyword.groovy:76)
	at com.kms.katalon.core.webui.keyword.builtin.ClickKeyword.execute(ClickKeyword.groovy:43)
	at com.kms.katalon.core.keyword.internal.KeywordExecutor.executeKeywordForPlatform(KeywordExecutor.groovy:73)
	at com.kms.katalon.core.webui.keyword.WebUiBuiltInKeywords.click(WebUiBuiltInKeywords.groovy:616)
	at com.kms.katalon.core.webui.keyword.WebUiBuiltInKeywords$click$1.call(Unknown Source)
	at FG3D Test - Stragetic.run(FG3D Test - Stragetic:28)
	at com.kms.katalon.core.main.ScriptEngine.run(ScriptEngine.java:194)
	at com.kms.katalon.core.main.ScriptEngine.runScriptAsRawText(ScriptEngine.java:119)
	at com.kms.katalon.core.main.TestCaseExecutor.runScript(TestCaseExecutor.java:339)
	at com.kms.katalon.core.main.TestCaseExecutor.doExecute(TestCaseExecutor.java:330)
	at com.kms.katalon.core.main.TestCaseExecutor.processExecutionPhase(TestCaseExecutor.java:309)
	at com.kms.katalon.core.main.TestCaseExecutor.accessMainPhase(TestCaseExecutor.java:301)
	at com.kms.katalon.core.main.TestCaseExecutor.execute(TestCaseExecutor.java:235)
	at com.kms.katalon.core.main.TestSuiteExecutor.accessTestCaseMainPhase(TestSuiteExecutor.java:191)
	at com.kms.katalon.core.main.TestSuiteExecutor.accessTestSuiteMainPhase(TestSuiteExecutor.java:141)
	at com.kms.katalon.core.main.TestSuiteExecutor.execute(TestSuiteExecutor.java:90)
	at com.kms.katalon.core.main.TestCaseMain.startTestSuite(TestCaseMain.java:157)
	at com.kms.katalon.core.main.TestCaseMain$startTestSuite$0.call(Unknown Source)
	at TempTestSuite1601324593621.run(TempTestSuite1601324593621.groovy:39)
Caused by: com.kms.katalon.core.webui.exception.WebElementNotFoundException: Web element with id: 'Object Repository/Page_Workgroups  GRiD/a_FG3D' located by '//div[@id='workgroupExportTree']/a[10]' not found
	at com.kms.katalon.core.webui.common.WebUiCommonHelper.findWebElement(WebUiCommonHelper.java:1368)
	at com.kms.katalon.core.webui.keyword.internal.WebUIAbstractKeyword.findWebElement(WebUIAbstractKeyword.groovy:27)
	at com.kms.katalon.core.webui.keyword.internal.WebUIAbstractKeyword.findWebElement(WebUIAbstractKeyword.groovy:26)
	at com.kms.katalon.core.webui.keyword.builtin.ClickKeyword$_click_closure1.doCall(ClickKeyword.groovy:67)
	at com.kms.katalon.core.webui.keyword.builtin.ClickKeyword$_click_closure1.call(ClickKeyword.groovy)
	at com.kms.katalon.core.webui.keyword.internal.WebUIKeywordMain.runKeyword(WebUIKeywordMain.groovy:20)
	at com.kms.katalon.core.webui.keyword.builtin.ClickKeyword.click(ClickKeyword.groovy:76)
	at com.kms.katalon.core.webui.keyword.builtin.ClickKeyword.execute(ClickKeyword.groovy:43)
	at com.kms.katalon.core.keyword.internal.KeywordExecutor.executeKeywordForPlatform(KeywordExecutor.groovy:73)
	at com.kms.katalon.core.webui.keyword.WebUiBuiltInKeywords.click(WebUiBuiltInKeywords.groovy:616)
	at com.kms.katalon.core.webui.keyword.WebUiBuiltInKeywords$click$1.call(Unknown Source)
	at Script1599149155505.run(Script1599149155505.groovy:28)
	... 13 more
)
[[ATTACHMENT|/Users/bhavikpatel/Downloads/Projects/CRREL/GRiD/Automation Testing/Automation Testing Project/KatalonTesting/Reports/20200928_162313/GRiD FG3D/20200928_162313/1601350609585.png]]]]></system-out>
         <system-err><![CDATA[2020-09-28 23:35:32 - [TEST_CASE][FAILED] - Test Cases/FG3D/FG3D Test - Stragetic: Test Cases/FG3D/FG3D Test - Stragetic FAILED.
Reason:
com.kms.katalon.core.exception.StepFailedException: Unable to click on object 'Object Repository/Page_Workgroups  GRiD/a_FG3D'
	at com.kms.katalon.core.webui.keyword.internal.WebUIKeywordMain.stepFailed(WebUIKeywordMain.groovy:64)
	at com.kms.katalon.core.webui.keyword.internal.WebUIKeywordMain.runKeyword(WebUIKeywordMain.groovy:26)
	at com.kms.katalon.core.webui.keyword.builtin.ClickKeyword.click(ClickKeyword.groovy:76)
	at com.kms.katalon.core.webui.keyword.builtin.ClickKeyword.execute(ClickKeyword.groovy:43)
	at com.kms.katalon.core.keyword.internal.KeywordExecutor.executeKeywordForPlatform(KeywordExecutor.groovy:73)
	at com.kms.katalon.core.webui.keyword.WebUiBuiltInKeywords.click(WebUiBuiltInKeywords.groovy:616)
	at com.kms.katalon.core.webui.keyword.WebUiBuiltInKeywords$click$1.call(Unknown Source)
	at FG3D Test - Stragetic.run(FG3D Test - Stragetic:28)
	at com.kms.katalon.core.main.ScriptEngine.run(ScriptEngine.java:194)
	at com.kms.katalon.core.main.ScriptEngine.runScriptAsRawText(ScriptEngine.java:119)
	at com.kms.katalon.core.main.TestCaseExecutor.runScript(TestCaseExecutor.java:339)
	at com.kms.katalon.core.main.TestCaseExecutor.doExecute(TestCaseExecutor.java:330)
	at com.kms.katalon.core.main.TestCaseExecutor.processExecutionPhase(TestCaseExecutor.java:309)
	at com.kms.katalon.core.main.TestCaseExecutor.accessMainPhase(TestCaseExecutor.java:301)
	at com.kms.katalon.core.main.TestCaseExecutor.execute(TestCaseExecutor.java:235)
	at com.kms.katalon.core.main.TestSuiteExecutor.accessTestCaseMainPhase(TestSuiteExecutor.java:191)
	at com.kms.katalon.core.main.TestSuiteExecutor.accessTestSuiteMainPhase(TestSuiteExecutor.java:141)
	at com.kms.katalon.core.main.TestSuiteExecutor.execute(TestSuiteExecutor.java:90)
	at com.kms.katalon.core.main.TestCaseMain.startTestSuite(TestCaseMain.java:157)
	at com.kms.katalon.core.main.TestCaseMain$startTestSuite$0.call(Unknown Source)
	at TempTestSuite1601324593621.run(TempTestSuite1601324593621.groovy:39)
Caused by: com.kms.katalon.core.webui.exception.WebElementNotFoundException: Web element with id: 'Object Repository/Page_Workgroups  GRiD/a_FG3D' located by '//div[@id='workgroupExportTree']/a[10]' not found
	at com.kms.katalon.core.webui.common.WebUiCommonHelper.findWebElement(WebUiCommonHelper.java:1368)
	at com.kms.katalon.core.webui.keyword.internal.WebUIAbstractKeyword.findWebElement(WebUIAbstractKeyword.groovy:27)
	at com.kms.katalon.core.webui.keyword.internal.WebUIAbstractKeyword.findWebElement(WebUIAbstractKeyword.groovy:26)
	at com.kms.katalon.core.webui.keyword.builtin.ClickKeyword$_click_closure1.doCall(ClickKeyword.groovy:67)
	at com.kms.katalon.core.webui.keyword.builtin.ClickKeyword$_click_closure1.call(ClickKeyword.groovy)
	at com.kms.katalon.core.webui.keyword.internal.WebUIKeywordMain.runKeyword(WebUIKeywordMain.groovy:20)
	... 19 more]]></system-err>
      </testcase>
      <testcase name="Test Cases/FG3D/FG3D Test - Stragetic" time="74.94" classname="Test Cases/FG3D/FG3D Test - Stragetic" status="FAILED">
         <failure type="FAILED" message="Test Cases/FG3D/FG3D Test - Stragetic FAILED.
Reason:
com.kms.katalon.core.exception.StepFailedException: Unable to click on object 'Object Repository/Page_Workgroups  GRiD/a_FG3D'
	at com.kms.katalon.core.webui.keyword.internal.WebUIKeywordMain.stepFailed(WebUIKeywordMain.groovy:64)
	at com.kms.katalon.core.webui.keyword.internal.WebUIKeywordMain.runKeyword(WebUIKeywordMain.groovy:26)
	at com.kms.katalon.core.webui.keyword.builtin.ClickKeyword.click(ClickKeyword.groovy:76)
	at com.kms.katalon.core.webui.keyword.builtin.ClickKeyword.execute(ClickKeyword.groovy:43)
	at com.kms.katalon.core.keyword.internal.KeywordExecutor.executeKeywordForPlatform(KeywordExecutor.groovy:73)
	at com.kms.katalon.core.webui.keyword.WebUiBuiltInKeywords.click(WebUiBuiltInKeywords.groovy:616)
	at com.kms.katalon.core.webui.keyword.WebUiBuiltInKeywords$click$1.call(Unknown Source)
	at FG3D Test - Stragetic.run(FG3D Test - Stragetic:28)
	at com.kms.katalon.core.main.ScriptEngine.run(ScriptEngine.java:194)
	at com.kms.katalon.core.main.ScriptEngine.runScriptAsRawText(ScriptEngine.java:119)
	at com.kms.katalon.core.main.TestCaseExecutor.runScript(TestCaseExecutor.java:339)
	at com.kms.katalon.core.main.TestCaseExecutor.doExecute(TestCaseExecutor.java:330)
	at com.kms.katalon.core.main.TestCaseExecutor.processExecutionPhase(TestCaseExecutor.java:309)
	at com.kms.katalon.core.main.TestCaseExecutor.accessMainPhase(TestCaseExecutor.java:301)
	at com.kms.katalon.core.main.TestCaseExecutor.execute(TestCaseExecutor.java:235)
	at com.kms.katalon.core.main.TestSuiteExecutor.accessTestCaseMainPhase(TestSuiteExecutor.java:191)
	at com.kms.katalon.core.main.TestSuiteExecutor.accessTestSuiteMainPhase(TestSuiteExecutor.java:141)
	at com.kms.katalon.core.main.TestSuiteExecutor.execute(TestSuiteExecutor.java:90)
	at com.kms.katalon.core.main.TestCaseMain.startTestSuite(TestCaseMain.java:157)
	at com.kms.katalon.core.main.TestCaseMain$startTestSuite$0.call(Unknown Source)
	at TempTestSuite1601324593621.run(TempTestSuite1601324593621.groovy:39)
Caused by: com.kms.katalon.core.webui.exception.WebElementNotFoundException: Web element with id: 'Object Repository/Page_Workgroups  GRiD/a_FG3D' located by '//div[@id='workgroupExportTree']/a[10]' not found
	at com.kms.katalon.core.webui.common.WebUiCommonHelper.findWebElement(WebUiCommonHelper.java:1368)
	at com.kms.katalon.core.webui.keyword.internal.WebUIAbstractKeyword.findWebElement(WebUIAbstractKeyword.groovy:27)
	at com.kms.katalon.core.webui.keyword.internal.WebUIAbstractKeyword.findWebElement(WebUIAbstractKeyword.groovy:26)
	at com.kms.katalon.core.webui.keyword.builtin.ClickKeyword$_click_closure1.doCall(ClickKeyword.groovy:67)
	at com.kms.katalon.core.webui.keyword.builtin.ClickKeyword$_click_closure1.call(ClickKeyword.groovy)
	at com.kms.katalon.core.webui.keyword.internal.WebUIKeywordMain.runKeyword(WebUIKeywordMain.groovy:20)
	... 19 more
"/>
         <system-out><![CDATA[2020-09-28 23:36:49 - [TEST_CASE][FAILED] - Test Cases/FG3D/FG3D Test - Stragetic: Test Cases/FG3D/FG3D Test - Stragetic FAILED.
Reason:
com.kms.katalon.core.exception.StepFailedException: Unable to click on object 'Object Repository/Page_Workgroups  GRiD/a_FG3D'
	at com.kms.katalon.core.webui.keyword.internal.WebUIKeywordMain.stepFailed(WebUIKeywordMain.groovy:64)
	at com.kms.katalon.core.webui.keyword.internal.WebUIKeywordMain.runKeyword(WebUIKeywordMain.groovy:26)
	at com.kms.katalon.core.webui.keyword.builtin.ClickKeyword.click(ClickKeyword.groovy:76)
	at com.kms.katalon.core.webui.keyword.builtin.ClickKeyword.execute(ClickKeyword.groovy:43)
	at com.kms.katalon.core.keyword.internal.KeywordExecutor.executeKeywordForPlatform(KeywordExecutor.groovy:73)
	at com.kms.katalon.core.webui.keyword.WebUiBuiltInKeywords.click(WebUiBuiltInKeywords.groovy:616)
	at com.kms.katalon.core.webui.keyword.WebUiBuiltInKeywords$click$1.call(Unknown Source)
	at FG3D Test - Stragetic.run(FG3D Test - Stragetic:28)
	at com.kms.katalon.core.main.ScriptEngine.run(ScriptEngine.java:194)
	at com.kms.katalon.core.main.ScriptEngine.runScriptAsRawText(ScriptEngine.java:119)
	at com.kms.katalon.core.main.TestCaseExecutor.runScript(TestCaseExecutor.java:339)
	at com.kms.katalon.core.main.TestCaseExecutor.doExecute(TestCaseExecutor.java:330)
	at com.kms.katalon.core.main.TestCaseExecutor.processExecutionPhase(TestCaseExecutor.java:309)
	at com.kms.katalon.core.main.TestCaseExecutor.accessMainPhase(TestCaseExecutor.java:301)
	at com.kms.katalon.core.main.TestCaseExecutor.execute(TestCaseExecutor.java:235)
	at com.kms.katalon.core.main.TestSuiteExecutor.accessTestCaseMainPhase(TestSuiteExecutor.java:191)
	at com.kms.katalon.core.main.TestSuiteExecutor.accessTestSuiteMainPhase(TestSuiteExecutor.java:141)
	at com.kms.katalon.core.main.TestSuiteExecutor.execute(TestSuiteExecutor.java:90)
	at com.kms.katalon.core.main.TestCaseMain.startTestSuite(TestCaseMain.java:157)
	at com.kms.katalon.core.main.TestCaseMain$startTestSuite$0.call(Unknown Source)
	at TempTestSuite1601324593621.run(TempTestSuite1601324593621.groovy:39)
Caused by: com.kms.katalon.core.webui.exception.WebElementNotFoundException: Web element with id: 'Object Repository/Page_Workgroups  GRiD/a_FG3D' located by '//div[@id='workgroupExportTree']/a[10]' not found
	at com.kms.katalon.core.webui.common.WebUiCommonHelper.findWebElement(WebUiCommonHelper.java:1368)
	at com.kms.katalon.core.webui.keyword.internal.WebUIAbstractKeyword.findWebElement(WebUIAbstractKeyword.groovy:27)
	at com.kms.katalon.core.webui.keyword.internal.WebUIAbstractKeyword.findWebElement(WebUIAbstractKeyword.groovy:26)
	at com.kms.katalon.core.webui.keyword.builtin.ClickKeyword$_click_closure1.doCall(ClickKeyword.groovy:67)
	at com.kms.katalon.core.webui.keyword.builtin.ClickKeyword$_click_closure1.call(ClickKeyword.groovy)
	at com.kms.katalon.core.webui.keyword.internal.WebUIKeywordMain.runKeyword(WebUIKeywordMain.groovy:20)
	... 19 more


2020-09-28 23:36:49 - [TEST_STEP][PASSED] - openBrowser(""): Browser is opened with url: ''

2020-09-28 23:36:49 - [MESSAGE][WARNING] - A browser is already opened. Closing browser and opening a new one

2020-09-28 23:36:50 - [MESSAGE][INFO] - Starting 'Chrome' driver

2020-09-28 23:36:50 - [MESSAGE][INFO] - Action delay is set to 0 milliseconds

2020-09-28 23:36:50 - [MESSAGE][PASSED] - Browser is opened with url: ''

2020-09-28 23:36:50 - [TEST_STEP][PASSED] - navigateToUrl("https://grid.nga.mil/testgrid/"): Navigate to 'https://grid.nga.mil/testgrid/' successfully

2020-09-28 23:36:52 - [MESSAGE][PASSED] - Navigate to 'https://grid.nga.mil/testgrid/' successfully

2020-09-28 23:36:52 - [TEST_STEP][PASSED] - click(findTestObject("Page_Home  GRiD/a_CAC  GEOAxIS Login")): Object: 'Object Repository/Page_Home  GRiD/a_CAC  GEOAxIS Login' is clicked on

2020-09-28 23:36:57 - [MESSAGE][PASSED] - Object: 'Object Repository/Page_Home  GRiD/a_CAC  GEOAxIS Login' is clicked on

2020-09-28 23:36:57 - [TEST_STEP][PASSED] - click(findTestObject("Page_Home  GRiD/a_Share")): Object: 'Object Repository/Page_Home  GRiD/a_Share' is clicked on

2020-09-28 23:37:28 - [MESSAGE][INFO] - Unable to find the element located by 'By.xpath: //div[@id='navbarToggle']/ul/li[5]/a'. Please recheck the objects properties to make sure the desired element is located. 

2020-09-28 23:37:28 - [MESSAGE][WARNING] - [SELF-HEALING] Failed to find element with id 'Object Repository/Page_Home  GRiD/a_Share'. Try using Self-healing.

2020-09-28 23:37:28 - [MESSAGE][WARNING] - [SELF-HEALING] The current locator of test object 'Object Repository/Page_Home  GRiD/a_Share' was broken. Propose an alternative one: '//li[5]/a'.

2020-09-28 23:37:28 - [MESSAGE][PASSED] - Object: 'Object Repository/Page_Home  GRiD/a_Share' is clicked on

2020-09-28 23:37:28 - [TEST_STEP][FAILED] - click(findTestObject("Page_Workgroups  GRiD/a_FG3D")): Unable to click on object 'Object Repository/Page_Workgroups  GRiD/a_FG3D' (Root cause: com.kms.katalon.core.exception.StepFailedException: Unable to click on object 'Object Repository/Page_Workgroups  GRiD/a_FG3D'
	at com.kms.katalon.core.webui.keyword.internal.WebUIKeywordMain.stepFailed(WebUIKeywordMain.groovy:64)
	at com.kms.katalon.core.webui.keyword.internal.WebUIKeywordMain.runKeyword(WebUIKeywordMain.groovy:26)
	at com.kms.katalon.core.webui.keyword.builtin.ClickKeyword.click(ClickKeyword.groovy:76)
	at com.kms.katalon.core.webui.keyword.builtin.ClickKeyword.execute(ClickKeyword.groovy:43)
	at com.kms.katalon.core.keyword.internal.KeywordExecutor.executeKeywordForPlatform(KeywordExecutor.groovy:73)
	at com.kms.katalon.core.webui.keyword.WebUiBuiltInKeywords.click(WebUiBuiltInKeywords.groovy:616)
	at com.kms.katalon.core.webui.keyword.WebUiBuiltInKeywords$click$1.call(Unknown Source)
	at FG3D Test - Stragetic.run(FG3D Test - Stragetic:28)
	at com.kms.katalon.core.main.ScriptEngine.run(ScriptEngine.java:194)
	at com.kms.katalon.core.main.ScriptEngine.runScriptAsRawText(ScriptEngine.java:119)
	at com.kms.katalon.core.main.TestCaseExecutor.runScript(TestCaseExecutor.java:339)
	at com.kms.katalon.core.main.TestCaseExecutor.doExecute(TestCaseExecutor.java:330)
	at com.kms.katalon.core.main.TestCaseExecutor.processExecutionPhase(TestCaseExecutor.java:309)
	at com.kms.katalon.core.main.TestCaseExecutor.accessMainPhase(TestCaseExecutor.java:301)
	at com.kms.katalon.core.main.TestCaseExecutor.execute(TestCaseExecutor.java:235)
	at com.kms.katalon.core.main.TestSuiteExecutor.accessTestCaseMainPhase(TestSuiteExecutor.java:191)
	at com.kms.katalon.core.main.TestSuiteExecutor.accessTestSuiteMainPhase(TestSuiteExecutor.java:141)
	at com.kms.katalon.core.main.TestSuiteExecutor.execute(TestSuiteExecutor.java:90)
	at com.kms.katalon.core.main.TestCaseMain.startTestSuite(TestCaseMain.java:157)
	at com.kms.katalon.core.main.TestCaseMain$startTestSuite$0.call(Unknown Source)
	at TempTestSuite1601324593621.run(TempTestSuite1601324593621.groovy:39)
Caused by: com.kms.katalon.core.webui.exception.WebElementNotFoundException: Web element with id: 'Object Repository/Page_Workgroups  GRiD/a_FG3D' located by '//div[@id='workgroupExportTree']/a[10]' not found
	at com.kms.katalon.core.webui.common.WebUiCommonHelper.findWebElement(WebUiCommonHelper.java:1368)
	at com.kms.katalon.core.webui.keyword.internal.WebUIAbstractKeyword.findWebElement(WebUIAbstractKeyword.groovy:27)
	at com.kms.katalon.core.webui.keyword.internal.WebUIAbstractKeyword.findWebElement(WebUIAbstractKeyword.groovy:26)
	at com.kms.katalon.core.webui.keyword.builtin.ClickKeyword$_click_closure1.doCall(ClickKeyword.groovy:67)
	at com.kms.katalon.core.webui.keyword.builtin.ClickKeyword$_click_closure1.call(ClickKeyword.groovy)
	at com.kms.katalon.core.webui.keyword.internal.WebUIKeywordMain.runKeyword(WebUIKeywordMain.groovy:20)
	at com.kms.katalon.core.webui.keyword.builtin.ClickKeyword.click(ClickKeyword.groovy:76)
	at com.kms.katalon.core.webui.keyword.builtin.ClickKeyword.execute(ClickKeyword.groovy:43)
	at com.kms.katalon.core.keyword.internal.KeywordExecutor.executeKeywordForPlatform(KeywordExecutor.groovy:73)
	at com.kms.katalon.core.webui.keyword.WebUiBuiltInKeywords.click(WebUiBuiltInKeywords.groovy:616)
	at com.kms.katalon.core.webui.keyword.WebUiBuiltInKeywords$click$1.call(Unknown Source)
	at Script1599149155505.run(Script1599149155505.groovy:28)
	... 13 more
)

2020-09-28 23:37:59 - [MESSAGE][INFO] - Unable to find the element located by 'By.xpath: //div[@id='workgroupExportTree']/a[10]'. Please recheck the objects properties to make sure the desired element is located. 

2020-09-28 23:37:59 - [MESSAGE][WARNING] - [SELF-HEALING] Failed to find element with id 'Object Repository/Page_Workgroups  GRiD/a_FG3D'. Try using Self-healing.

2020-09-28 23:37:59 - [MESSAGE][INFO] - [SELF-HEALING] Failed Locator: '//div[@id='workgroupExportTree']/a[10]'.

2020-09-28 23:38:00 - [MESSAGE][INFO] - [SELF-HEALING] Failed Locator: '//a[contains(text(),'FG3D')]'.

2020-09-28 23:38:00 - [MESSAGE][INFO] - [SELF-HEALING] Failed Locator: '(.//*[normalize-space(text()) and normalize-space(.)='DTED2 DTM'])[1]/following::a[1]'.

2020-09-28 23:38:01 - [MESSAGE][INFO] - [SELF-HEALING] Failed Locator: '(.//*[normalize-space(text()) and normalize-space(.)='DTED0 DTM'])[1]/following::a[2]'.

2020-09-28 23:38:01 - [MESSAGE][INFO] - [SELF-HEALING] Failed Locator: '(.//*[normalize-space(text()) and normalize-space(.)='SRT2F DSM'])[1]/preceding::a[1]'.

2020-09-28 23:38:01 - [MESSAGE][INFO] - [SELF-HEALING] Failed Locator: '(.//*[normalize-space(text()) and normalize-space(.)='TDT DSM'])[1]/preceding::a[2]'.

2020-09-28 23:38:01 - [MESSAGE][INFO] - [SELF-HEALING] Failed Locator: '//*/text()[normalize-space(.)='FG3D']/parent::*'.

2020-09-28 23:38:02 - [MESSAGE][INFO] - [SELF-HEALING] Failed Locator: '//a[contains(@href, '/testgrid/export/aoi/36914/')]'.

2020-09-28 23:38:02 - [MESSAGE][INFO] - [SELF-HEALING] Failed Locator: '//div[2]/a[10]'.

2020-09-28 23:38:03 - [MESSAGE][INFO] - Unable to find the element located by 'By.xpath: //*[@href = '/testgrid/export/aoi/36914/' and (text() = '
            FG3D
            
              
              
            
          ' or . = '
            FG3D
            
              
              
            
          ')]'. Please recheck the objects properties to make sure the desired element is located. 

2020-09-28 23:38:04 - [MESSAGE][INFO] - Unable to find the element located by 'By.cssSelector: '. Please recheck the objects properties to make sure the desired element is located. 

2020-09-28 23:38:04 - [MESSAGE][FAILED] - Unable to click on object 'Object Repository/Page_Workgroups  GRiD/a_FG3D' (Root cause: com.kms.katalon.core.exception.StepFailedException: Unable to click on object 'Object Repository/Page_Workgroups  GRiD/a_FG3D'
	at com.kms.katalon.core.webui.keyword.internal.WebUIKeywordMain.stepFailed(WebUIKeywordMain.groovy:64)
	at com.kms.katalon.core.webui.keyword.internal.WebUIKeywordMain.runKeyword(WebUIKeywordMain.groovy:26)
	at com.kms.katalon.core.webui.keyword.builtin.ClickKeyword.click(ClickKeyword.groovy:76)
	at com.kms.katalon.core.webui.keyword.builtin.ClickKeyword.execute(ClickKeyword.groovy:43)
	at com.kms.katalon.core.keyword.internal.KeywordExecutor.executeKeywordForPlatform(KeywordExecutor.groovy:73)
	at com.kms.katalon.core.webui.keyword.WebUiBuiltInKeywords.click(WebUiBuiltInKeywords.groovy:616)
	at com.kms.katalon.core.webui.keyword.WebUiBuiltInKeywords$click$1.call(Unknown Source)
	at FG3D Test - Stragetic.run(FG3D Test - Stragetic:28)
	at com.kms.katalon.core.main.ScriptEngine.run(ScriptEngine.java:194)
	at com.kms.katalon.core.main.ScriptEngine.runScriptAsRawText(ScriptEngine.java:119)
	at com.kms.katalon.core.main.TestCaseExecutor.runScript(TestCaseExecutor.java:339)
	at com.kms.katalon.core.main.TestCaseExecutor.doExecute(TestCaseExecutor.java:330)
	at com.kms.katalon.core.main.TestCaseExecutor.processExecutionPhase(TestCaseExecutor.java:309)
	at com.kms.katalon.core.main.TestCaseExecutor.accessMainPhase(TestCaseExecutor.java:301)
	at com.kms.katalon.core.main.TestCaseExecutor.execute(TestCaseExecutor.java:235)
	at com.kms.katalon.core.main.TestSuiteExecutor.accessTestCaseMainPhase(TestSuiteExecutor.java:191)
	at com.kms.katalon.core.main.TestSuiteExecutor.accessTestSuiteMainPhase(TestSuiteExecutor.java:141)
	at com.kms.katalon.core.main.TestSuiteExecutor.execute(TestSuiteExecutor.java:90)
	at com.kms.katalon.core.main.TestCaseMain.startTestSuite(TestCaseMain.java:157)
	at com.kms.katalon.core.main.TestCaseMain$startTestSuite$0.call(Unknown Source)
	at TempTestSuite1601324593621.run(TempTestSuite1601324593621.groovy:39)
Caused by: com.kms.katalon.core.webui.exception.WebElementNotFoundException: Web element with id: 'Object Repository/Page_Workgroups  GRiD/a_FG3D' located by '//div[@id='workgroupExportTree']/a[10]' not found
	at com.kms.katalon.core.webui.common.WebUiCommonHelper.findWebElement(WebUiCommonHelper.java:1368)
	at com.kms.katalon.core.webui.keyword.internal.WebUIAbstractKeyword.findWebElement(WebUIAbstractKeyword.groovy:27)
	at com.kms.katalon.core.webui.keyword.internal.WebUIAbstractKeyword.findWebElement(WebUIAbstractKeyword.groovy:26)
	at com.kms.katalon.core.webui.keyword.builtin.ClickKeyword$_click_closure1.doCall(ClickKeyword.groovy:67)
	at com.kms.katalon.core.webui.keyword.builtin.ClickKeyword$_click_closure1.call(ClickKeyword.groovy)
	at com.kms.katalon.core.webui.keyword.internal.WebUIKeywordMain.runKeyword(WebUIKeywordMain.groovy:20)
	at com.kms.katalon.core.webui.keyword.builtin.ClickKeyword.click(ClickKeyword.groovy:76)
	at com.kms.katalon.core.webui.keyword.builtin.ClickKeyword.execute(ClickKeyword.groovy:43)
	at com.kms.katalon.core.keyword.internal.KeywordExecutor.executeKeywordForPlatform(KeywordExecutor.groovy:73)
	at com.kms.katalon.core.webui.keyword.WebUiBuiltInKeywords.click(WebUiBuiltInKeywords.groovy:616)
	at com.kms.katalon.core.webui.keyword.WebUiBuiltInKeywords$click$1.call(Unknown Source)
	at Script1599149155505.run(Script1599149155505.groovy:28)
	... 13 more
)
[[ATTACHMENT|/Users/bhavikpatel/Downloads/Projects/CRREL/GRiD/Automation Testing/Automation Testing Project/KatalonTesting/Reports/20200928_162313/GRiD FG3D/20200928_162313/1601350684557.png]]]]></system-out>
         <system-err><![CDATA[2020-09-28 23:36:49 - [TEST_CASE][FAILED] - Test Cases/FG3D/FG3D Test - Stragetic: Test Cases/FG3D/FG3D Test - Stragetic FAILED.
Reason:
com.kms.katalon.core.exception.StepFailedException: Unable to click on object 'Object Repository/Page_Workgroups  GRiD/a_FG3D'
	at com.kms.katalon.core.webui.keyword.internal.WebUIKeywordMain.stepFailed(WebUIKeywordMain.groovy:64)
	at com.kms.katalon.core.webui.keyword.internal.WebUIKeywordMain.runKeyword(WebUIKeywordMain.groovy:26)
	at com.kms.katalon.core.webui.keyword.builtin.ClickKeyword.click(ClickKeyword.groovy:76)
	at com.kms.katalon.core.webui.keyword.builtin.ClickKeyword.execute(ClickKeyword.groovy:43)
	at com.kms.katalon.core.keyword.internal.KeywordExecutor.executeKeywordForPlatform(KeywordExecutor.groovy:73)
	at com.kms.katalon.core.webui.keyword.WebUiBuiltInKeywords.click(WebUiBuiltInKeywords.groovy:616)
	at com.kms.katalon.core.webui.keyword.WebUiBuiltInKeywords$click$1.call(Unknown Source)
	at FG3D Test - Stragetic.run(FG3D Test - Stragetic:28)
	at com.kms.katalon.core.main.ScriptEngine.run(ScriptEngine.java:194)
	at com.kms.katalon.core.main.ScriptEngine.runScriptAsRawText(ScriptEngine.java:119)
	at com.kms.katalon.core.main.TestCaseExecutor.runScript(TestCaseExecutor.java:339)
	at com.kms.katalon.core.main.TestCaseExecutor.doExecute(TestCaseExecutor.java:330)
	at com.kms.katalon.core.main.TestCaseExecutor.processExecutionPhase(TestCaseExecutor.java:309)
	at com.kms.katalon.core.main.TestCaseExecutor.accessMainPhase(TestCaseExecutor.java:301)
	at com.kms.katalon.core.main.TestCaseExecutor.execute(TestCaseExecutor.java:235)
	at com.kms.katalon.core.main.TestSuiteExecutor.accessTestCaseMainPhase(TestSuiteExecutor.java:191)
	at com.kms.katalon.core.main.TestSuiteExecutor.accessTestSuiteMainPhase(TestSuiteExecutor.java:141)
	at com.kms.katalon.core.main.TestSuiteExecutor.execute(TestSuiteExecutor.java:90)
	at com.kms.katalon.core.main.TestCaseMain.startTestSuite(TestCaseMain.java:157)
	at com.kms.katalon.core.main.TestCaseMain$startTestSuite$0.call(Unknown Source)
	at TempTestSuite1601324593621.run(TempTestSuite1601324593621.groovy:39)
Caused by: com.kms.katalon.core.webui.exception.WebElementNotFoundException: Web element with id: 'Object Repository/Page_Workgroups  GRiD/a_FG3D' located by '//div[@id='workgroupExportTree']/a[10]' not found
	at com.kms.katalon.core.webui.common.WebUiCommonHelper.findWebElement(WebUiCommonHelper.java:1368)
	at com.kms.katalon.core.webui.keyword.internal.WebUIAbstractKeyword.findWebElement(WebUIAbstractKeyword.groovy:27)
	at com.kms.katalon.core.webui.keyword.internal.WebUIAbstractKeyword.findWebElement(WebUIAbstractKeyword.groovy:26)
	at com.kms.katalon.core.webui.keyword.builtin.ClickKeyword$_click_closure1.doCall(ClickKeyword.groovy:67)
	at com.kms.katalon.core.webui.keyword.builtin.ClickKeyword$_click_closure1.call(ClickKeyword.groovy)
	at com.kms.katalon.core.webui.keyword.internal.WebUIKeywordMain.runKeyword(WebUIKeywordMain.groovy:20)
	... 19 more]]></system-err>
      </testcase>
      <testcase name="Test Cases/FG3D/FG3D Test - Stragetic" time="77.715" classname="Test Cases/FG3D/FG3D Test - Stragetic" status="FAILED">
         <failure type="FAILED" message="Test Cases/FG3D/FG3D Test - Stragetic FAILED.
Reason:
com.kms.katalon.core.exception.StepFailedException: Unable to click on object 'Object Repository/Page_Workgroups  GRiD/a_FG3D'
	at com.kms.katalon.core.webui.keyword.internal.WebUIKeywordMain.stepFailed(WebUIKeywordMain.groovy:64)
	at com.kms.katalon.core.webui.keyword.internal.WebUIKeywordMain.runKeyword(WebUIKeywordMain.groovy:26)
	at com.kms.katalon.core.webui.keyword.builtin.ClickKeyword.click(ClickKeyword.groovy:76)
	at com.kms.katalon.core.webui.keyword.builtin.ClickKeyword.execute(ClickKeyword.groovy:43)
	at com.kms.katalon.core.keyword.internal.KeywordExecutor.executeKeywordForPlatform(KeywordExecutor.groovy:73)
	at com.kms.katalon.core.webui.keyword.WebUiBuiltInKeywords.click(WebUiBuiltInKeywords.groovy:616)
	at com.kms.katalon.core.webui.keyword.WebUiBuiltInKeywords$click$1.call(Unknown Source)
	at FG3D Test - Stragetic.run(FG3D Test - Stragetic:28)
	at com.kms.katalon.core.main.ScriptEngine.run(ScriptEngine.java:194)
	at com.kms.katalon.core.main.ScriptEngine.runScriptAsRawText(ScriptEngine.java:119)
	at com.kms.katalon.core.main.TestCaseExecutor.runScript(TestCaseExecutor.java:339)
	at com.kms.katalon.core.main.TestCaseExecutor.doExecute(TestCaseExecutor.java:330)
	at com.kms.katalon.core.main.TestCaseExecutor.processExecutionPhase(TestCaseExecutor.java:309)
	at com.kms.katalon.core.main.TestCaseExecutor.accessMainPhase(TestCaseExecutor.java:301)
	at com.kms.katalon.core.main.TestCaseExecutor.execute(TestCaseExecutor.java:235)
	at com.kms.katalon.core.main.TestSuiteExecutor.accessTestCaseMainPhase(TestSuiteExecutor.java:191)
	at com.kms.katalon.core.main.TestSuiteExecutor.accessTestSuiteMainPhase(TestSuiteExecutor.java:141)
	at com.kms.katalon.core.main.TestSuiteExecutor.execute(TestSuiteExecutor.java:90)
	at com.kms.katalon.core.main.TestCaseMain.startTestSuite(TestCaseMain.java:157)
	at com.kms.katalon.core.main.TestCaseMain$startTestSuite$0.call(Unknown Source)
	at TempTestSuite1601324593621.run(TempTestSuite1601324593621.groovy:39)
Caused by: com.kms.katalon.core.webui.exception.WebElementNotFoundException: Web element with id: 'Object Repository/Page_Workgroups  GRiD/a_FG3D' located by '//div[@id='workgroupExportTree']/a[10]' not found
	at com.kms.katalon.core.webui.common.WebUiCommonHelper.findWebElement(WebUiCommonHelper.java:1368)
	at com.kms.katalon.core.webui.keyword.internal.WebUIAbstractKeyword.findWebElement(WebUIAbstractKeyword.groovy:27)
	at com.kms.katalon.core.webui.keyword.internal.WebUIAbstractKeyword.findWebElement(WebUIAbstractKeyword.groovy:26)
	at com.kms.katalon.core.webui.keyword.builtin.ClickKeyword$_click_closure1.doCall(ClickKeyword.groovy:67)
	at com.kms.katalon.core.webui.keyword.builtin.ClickKeyword$_click_closure1.call(ClickKeyword.groovy)
	at com.kms.katalon.core.webui.keyword.internal.WebUIKeywordMain.runKeyword(WebUIKeywordMain.groovy:20)
	... 19 more
"/>
         <system-out><![CDATA[2020-09-28 23:38:04 - [TEST_CASE][FAILED] - Test Cases/FG3D/FG3D Test - Stragetic: Test Cases/FG3D/FG3D Test - Stragetic FAILED.
Reason:
com.kms.katalon.core.exception.StepFailedException: Unable to click on object 'Object Repository/Page_Workgroups  GRiD/a_FG3D'
	at com.kms.katalon.core.webui.keyword.internal.WebUIKeywordMain.stepFailed(WebUIKeywordMain.groovy:64)
	at com.kms.katalon.core.webui.keyword.internal.WebUIKeywordMain.runKeyword(WebUIKeywordMain.groovy:26)
	at com.kms.katalon.core.webui.keyword.builtin.ClickKeyword.click(ClickKeyword.groovy:76)
	at com.kms.katalon.core.webui.keyword.builtin.ClickKeyword.execute(ClickKeyword.groovy:43)
	at com.kms.katalon.core.keyword.internal.KeywordExecutor.executeKeywordForPlatform(KeywordExecutor.groovy:73)
	at com.kms.katalon.core.webui.keyword.WebUiBuiltInKeywords.click(WebUiBuiltInKeywords.groovy:616)
	at com.kms.katalon.core.webui.keyword.WebUiBuiltInKeywords$click$1.call(Unknown Source)
	at FG3D Test - Stragetic.run(FG3D Test - Stragetic:28)
	at com.kms.katalon.core.main.ScriptEngine.run(ScriptEngine.java:194)
	at com.kms.katalon.core.main.ScriptEngine.runScriptAsRawText(ScriptEngine.java:119)
	at com.kms.katalon.core.main.TestCaseExecutor.runScript(TestCaseExecutor.java:339)
	at com.kms.katalon.core.main.TestCaseExecutor.doExecute(TestCaseExecutor.java:330)
	at com.kms.katalon.core.main.TestCaseExecutor.processExecutionPhase(TestCaseExecutor.java:309)
	at com.kms.katalon.core.main.TestCaseExecutor.accessMainPhase(TestCaseExecutor.java:301)
	at com.kms.katalon.core.main.TestCaseExecutor.execute(TestCaseExecutor.java:235)
	at com.kms.katalon.core.main.TestSuiteExecutor.accessTestCaseMainPhase(TestSuiteExecutor.java:191)
	at com.kms.katalon.core.main.TestSuiteExecutor.accessTestSuiteMainPhase(TestSuiteExecutor.java:141)
	at com.kms.katalon.core.main.TestSuiteExecutor.execute(TestSuiteExecutor.java:90)
	at com.kms.katalon.core.main.TestCaseMain.startTestSuite(TestCaseMain.java:157)
	at com.kms.katalon.core.main.TestCaseMain$startTestSuite$0.call(Unknown Source)
	at TempTestSuite1601324593621.run(TempTestSuite1601324593621.groovy:39)
Caused by: com.kms.katalon.core.webui.exception.WebElementNotFoundException: Web element with id: 'Object Repository/Page_Workgroups  GRiD/a_FG3D' located by '//div[@id='workgroupExportTree']/a[10]' not found
	at com.kms.katalon.core.webui.common.WebUiCommonHelper.findWebElement(WebUiCommonHelper.java:1368)
	at com.kms.katalon.core.webui.keyword.internal.WebUIAbstractKeyword.findWebElement(WebUIAbstractKeyword.groovy:27)
	at com.kms.katalon.core.webui.keyword.internal.WebUIAbstractKeyword.findWebElement(WebUIAbstractKeyword.groovy:26)
	at com.kms.katalon.core.webui.keyword.builtin.ClickKeyword$_click_closure1.doCall(ClickKeyword.groovy:67)
	at com.kms.katalon.core.webui.keyword.builtin.ClickKeyword$_click_closure1.call(ClickKeyword.groovy)
	at com.kms.katalon.core.webui.keyword.internal.WebUIKeywordMain.runKeyword(WebUIKeywordMain.groovy:20)
	... 19 more


2020-09-28 23:38:04 - [TEST_STEP][PASSED] - openBrowser(""): Browser is opened with url: ''

2020-09-28 23:38:04 - [MESSAGE][WARNING] - A browser is already opened. Closing browser and opening a new one

2020-09-28 23:38:05 - [MESSAGE][INFO] - Starting 'Chrome' driver

2020-09-28 23:38:05 - [MESSAGE][INFO] - Action delay is set to 0 milliseconds

2020-09-28 23:38:05 - [MESSAGE][PASSED] - Browser is opened with url: ''

2020-09-28 23:38:05 - [TEST_STEP][PASSED] - navigateToUrl("https://grid.nga.mil/testgrid/"): Navigate to 'https://grid.nga.mil/testgrid/' successfully

2020-09-28 23:38:09 - [MESSAGE][PASSED] - Navigate to 'https://grid.nga.mil/testgrid/' successfully

2020-09-28 23:38:09 - [TEST_STEP][PASSED] - click(findTestObject("Page_Home  GRiD/a_CAC  GEOAxIS Login")): Object: 'Object Repository/Page_Home  GRiD/a_CAC  GEOAxIS Login' is clicked on

2020-09-28 23:38:14 - [MESSAGE][PASSED] - Object: 'Object Repository/Page_Home  GRiD/a_CAC  GEOAxIS Login' is clicked on

2020-09-28 23:38:14 - [TEST_STEP][PASSED] - click(findTestObject("Page_Home  GRiD/a_Share")): Object: 'Object Repository/Page_Home  GRiD/a_Share' is clicked on

2020-09-28 23:38:45 - [MESSAGE][INFO] - Unable to find the element located by 'By.xpath: //div[@id='navbarToggle']/ul/li[5]/a'. Please recheck the objects properties to make sure the desired element is located. 

2020-09-28 23:38:45 - [MESSAGE][WARNING] - [SELF-HEALING] Failed to find element with id 'Object Repository/Page_Home  GRiD/a_Share'. Try using Self-healing.

2020-09-28 23:38:45 - [MESSAGE][WARNING] - [SELF-HEALING] The current locator of test object 'Object Repository/Page_Home  GRiD/a_Share' was broken. Propose an alternative one: '//li[5]/a'.

2020-09-28 23:38:45 - [MESSAGE][PASSED] - Object: 'Object Repository/Page_Home  GRiD/a_Share' is clicked on

2020-09-28 23:38:45 - [TEST_STEP][FAILED] - click(findTestObject("Page_Workgroups  GRiD/a_FG3D")): Unable to click on object 'Object Repository/Page_Workgroups  GRiD/a_FG3D' (Root cause: com.kms.katalon.core.exception.StepFailedException: Unable to click on object 'Object Repository/Page_Workgroups  GRiD/a_FG3D'
	at com.kms.katalon.core.webui.keyword.internal.WebUIKeywordMain.stepFailed(WebUIKeywordMain.groovy:64)
	at com.kms.katalon.core.webui.keyword.internal.WebUIKeywordMain.runKeyword(WebUIKeywordMain.groovy:26)
	at com.kms.katalon.core.webui.keyword.builtin.ClickKeyword.click(ClickKeyword.groovy:76)
	at com.kms.katalon.core.webui.keyword.builtin.ClickKeyword.execute(ClickKeyword.groovy:43)
	at com.kms.katalon.core.keyword.internal.KeywordExecutor.executeKeywordForPlatform(KeywordExecutor.groovy:73)
	at com.kms.katalon.core.webui.keyword.WebUiBuiltInKeywords.click(WebUiBuiltInKeywords.groovy:616)
	at com.kms.katalon.core.webui.keyword.WebUiBuiltInKeywords$click$1.call(Unknown Source)
	at FG3D Test - Stragetic.run(FG3D Test - Stragetic:28)
	at com.kms.katalon.core.main.ScriptEngine.run(ScriptEngine.java:194)
	at com.kms.katalon.core.main.ScriptEngine.runScriptAsRawText(ScriptEngine.java:119)
	at com.kms.katalon.core.main.TestCaseExecutor.runScript(TestCaseExecutor.java:339)
	at com.kms.katalon.core.main.TestCaseExecutor.doExecute(TestCaseExecutor.java:330)
	at com.kms.katalon.core.main.TestCaseExecutor.processExecutionPhase(TestCaseExecutor.java:309)
	at com.kms.katalon.core.main.TestCaseExecutor.accessMainPhase(TestCaseExecutor.java:301)
	at com.kms.katalon.core.main.TestCaseExecutor.execute(TestCaseExecutor.java:235)
	at com.kms.katalon.core.main.TestSuiteExecutor.accessTestCaseMainPhase(TestSuiteExecutor.java:191)
	at com.kms.katalon.core.main.TestSuiteExecutor.accessTestSuiteMainPhase(TestSuiteExecutor.java:141)
	at com.kms.katalon.core.main.TestSuiteExecutor.execute(TestSuiteExecutor.java:90)
	at com.kms.katalon.core.main.TestCaseMain.startTestSuite(TestCaseMain.java:157)
	at com.kms.katalon.core.main.TestCaseMain$startTestSuite$0.call(Unknown Source)
	at TempTestSuite1601324593621.run(TempTestSuite1601324593621.groovy:39)
Caused by: com.kms.katalon.core.webui.exception.WebElementNotFoundException: Web element with id: 'Object Repository/Page_Workgroups  GRiD/a_FG3D' located by '//div[@id='workgroupExportTree']/a[10]' not found
	at com.kms.katalon.core.webui.common.WebUiCommonHelper.findWebElement(WebUiCommonHelper.java:1368)
	at com.kms.katalon.core.webui.keyword.internal.WebUIAbstractKeyword.findWebElement(WebUIAbstractKeyword.groovy:27)
	at com.kms.katalon.core.webui.keyword.internal.WebUIAbstractKeyword.findWebElement(WebUIAbstractKeyword.groovy:26)
	at com.kms.katalon.core.webui.keyword.builtin.ClickKeyword$_click_closure1.doCall(ClickKeyword.groovy:67)
	at com.kms.katalon.core.webui.keyword.builtin.ClickKeyword$_click_closure1.call(ClickKeyword.groovy)
	at com.kms.katalon.core.webui.keyword.internal.WebUIKeywordMain.runKeyword(WebUIKeywordMain.groovy:20)
	at com.kms.katalon.core.webui.keyword.builtin.ClickKeyword.click(ClickKeyword.groovy:76)
	at com.kms.katalon.core.webui.keyword.builtin.ClickKeyword.execute(ClickKeyword.groovy:43)
	at com.kms.katalon.core.keyword.internal.KeywordExecutor.executeKeywordForPlatform(KeywordExecutor.groovy:73)
	at com.kms.katalon.core.webui.keyword.WebUiBuiltInKeywords.click(WebUiBuiltInKeywords.groovy:616)
	at com.kms.katalon.core.webui.keyword.WebUiBuiltInKeywords$click$1.call(Unknown Source)
	at Script1599149155505.run(Script1599149155505.groovy:28)
	... 13 more
)

2020-09-28 23:39:16 - [MESSAGE][INFO] - Unable to find the element located by 'By.xpath: //div[@id='workgroupExportTree']/a[10]'. Please recheck the objects properties to make sure the desired element is located. 

2020-09-28 23:39:16 - [MESSAGE][WARNING] - [SELF-HEALING] Failed to find element with id 'Object Repository/Page_Workgroups  GRiD/a_FG3D'. Try using Self-healing.

2020-09-28 23:39:17 - [MESSAGE][INFO] - [SELF-HEALING] Failed Locator: '//div[@id='workgroupExportTree']/a[10]'.

2020-09-28 23:39:17 - [MESSAGE][INFO] - [SELF-HEALING] Failed Locator: '//a[contains(text(),'FG3D')]'.

2020-09-28 23:39:17 - [MESSAGE][INFO] - [SELF-HEALING] Failed Locator: '(.//*[normalize-space(text()) and normalize-space(.)='DTED2 DTM'])[1]/following::a[1]'.

2020-09-28 23:39:18 - [MESSAGE][INFO] - [SELF-HEALING] Failed Locator: '(.//*[normalize-space(text()) and normalize-space(.)='DTED0 DTM'])[1]/following::a[2]'.

2020-09-28 23:39:18 - [MESSAGE][INFO] - [SELF-HEALING] Failed Locator: '(.//*[normalize-space(text()) and normalize-space(.)='SRT2F DSM'])[1]/preceding::a[1]'.

2020-09-28 23:39:18 - [MESSAGE][INFO] - [SELF-HEALING] Failed Locator: '(.//*[normalize-space(text()) and normalize-space(.)='TDT DSM'])[1]/preceding::a[2]'.

2020-09-28 23:39:19 - [MESSAGE][INFO] - [SELF-HEALING] Failed Locator: '//*/text()[normalize-space(.)='FG3D']/parent::*'.

2020-09-28 23:39:19 - [MESSAGE][INFO] - [SELF-HEALING] Failed Locator: '//a[contains(@href, '/testgrid/export/aoi/36914/')]'.

2020-09-28 23:39:19 - [MESSAGE][INFO] - [SELF-HEALING] Failed Locator: '//div[2]/a[10]'.

2020-09-28 23:39:21 - [MESSAGE][INFO] - Unable to find the element located by 'By.xpath: //*[@href = '/testgrid/export/aoi/36914/' and (text() = '
            FG3D
            
              
              
            
          ' or . = '
            FG3D
            
              
              
            
          ')]'. Please recheck the objects properties to make sure the desired element is located. 

2020-09-28 23:39:22 - [MESSAGE][INFO] - Unable to find the element located by 'By.cssSelector: '. Please recheck the objects properties to make sure the desired element is located. 

2020-09-28 23:39:22 - [MESSAGE][FAILED] - Unable to click on object 'Object Repository/Page_Workgroups  GRiD/a_FG3D' (Root cause: com.kms.katalon.core.exception.StepFailedException: Unable to click on object 'Object Repository/Page_Workgroups  GRiD/a_FG3D'
	at com.kms.katalon.core.webui.keyword.internal.WebUIKeywordMain.stepFailed(WebUIKeywordMain.groovy:64)
	at com.kms.katalon.core.webui.keyword.internal.WebUIKeywordMain.runKeyword(WebUIKeywordMain.groovy:26)
	at com.kms.katalon.core.webui.keyword.builtin.ClickKeyword.click(ClickKeyword.groovy:76)
	at com.kms.katalon.core.webui.keyword.builtin.ClickKeyword.execute(ClickKeyword.groovy:43)
	at com.kms.katalon.core.keyword.internal.KeywordExecutor.executeKeywordForPlatform(KeywordExecutor.groovy:73)
	at com.kms.katalon.core.webui.keyword.WebUiBuiltInKeywords.click(WebUiBuiltInKeywords.groovy:616)
	at com.kms.katalon.core.webui.keyword.WebUiBuiltInKeywords$click$1.call(Unknown Source)
	at FG3D Test - Stragetic.run(FG3D Test - Stragetic:28)
	at com.kms.katalon.core.main.ScriptEngine.run(ScriptEngine.java:194)
	at com.kms.katalon.core.main.ScriptEngine.runScriptAsRawText(ScriptEngine.java:119)
	at com.kms.katalon.core.main.TestCaseExecutor.runScript(TestCaseExecutor.java:339)
	at com.kms.katalon.core.main.TestCaseExecutor.doExecute(TestCaseExecutor.java:330)
	at com.kms.katalon.core.main.TestCaseExecutor.processExecutionPhase(TestCaseExecutor.java:309)
	at com.kms.katalon.core.main.TestCaseExecutor.accessMainPhase(TestCaseExecutor.java:301)
	at com.kms.katalon.core.main.TestCaseExecutor.execute(TestCaseExecutor.java:235)
	at com.kms.katalon.core.main.TestSuiteExecutor.accessTestCaseMainPhase(TestSuiteExecutor.java:191)
	at com.kms.katalon.core.main.TestSuiteExecutor.accessTestSuiteMainPhase(TestSuiteExecutor.java:141)
	at com.kms.katalon.core.main.TestSuiteExecutor.execute(TestSuiteExecutor.java:90)
	at com.kms.katalon.core.main.TestCaseMain.startTestSuite(TestCaseMain.java:157)
	at com.kms.katalon.core.main.TestCaseMain$startTestSuite$0.call(Unknown Source)
	at TempTestSuite1601324593621.run(TempTestSuite1601324593621.groovy:39)
Caused by: com.kms.katalon.core.webui.exception.WebElementNotFoundException: Web element with id: 'Object Repository/Page_Workgroups  GRiD/a_FG3D' located by '//div[@id='workgroupExportTree']/a[10]' not found
	at com.kms.katalon.core.webui.common.WebUiCommonHelper.findWebElement(WebUiCommonHelper.java:1368)
	at com.kms.katalon.core.webui.keyword.internal.WebUIAbstractKeyword.findWebElement(WebUIAbstractKeyword.groovy:27)
	at com.kms.katalon.core.webui.keyword.internal.WebUIAbstractKeyword.findWebElement(WebUIAbstractKeyword.groovy:26)
	at com.kms.katalon.core.webui.keyword.builtin.ClickKeyword$_click_closure1.doCall(ClickKeyword.groovy:67)
	at com.kms.katalon.core.webui.keyword.builtin.ClickKeyword$_click_closure1.call(ClickKeyword.groovy)
	at com.kms.katalon.core.webui.keyword.internal.WebUIKeywordMain.runKeyword(WebUIKeywordMain.groovy:20)
	at com.kms.katalon.core.webui.keyword.builtin.ClickKeyword.click(ClickKeyword.groovy:76)
	at com.kms.katalon.core.webui.keyword.builtin.ClickKeyword.execute(ClickKeyword.groovy:43)
	at com.kms.katalon.core.keyword.internal.KeywordExecutor.executeKeywordForPlatform(KeywordExecutor.groovy:73)
	at com.kms.katalon.core.webui.keyword.WebUiBuiltInKeywords.click(WebUiBuiltInKeywords.groovy:616)
	at com.kms.katalon.core.webui.keyword.WebUiBuiltInKeywords$click$1.call(Unknown Source)
	at Script1599149155505.run(Script1599149155505.groovy:28)
	... 13 more
)
[[ATTACHMENT|/Users/bhavikpatel/Downloads/Projects/CRREL/GRiD/Automation Testing/Automation Testing Project/KatalonTesting/Reports/20200928_162313/GRiD FG3D/20200928_162313/1601350762274.png]]]]></system-out>
         <system-err><![CDATA[2020-09-28 23:38:04 - [TEST_CASE][FAILED] - Test Cases/FG3D/FG3D Test - Stragetic: Test Cases/FG3D/FG3D Test - Stragetic FAILED.
Reason:
com.kms.katalon.core.exception.StepFailedException: Unable to click on object 'Object Repository/Page_Workgroups  GRiD/a_FG3D'
	at com.kms.katalon.core.webui.keyword.internal.WebUIKeywordMain.stepFailed(WebUIKeywordMain.groovy:64)
	at com.kms.katalon.core.webui.keyword.internal.WebUIKeywordMain.runKeyword(WebUIKeywordMain.groovy:26)
	at com.kms.katalon.core.webui.keyword.builtin.ClickKeyword.click(ClickKeyword.groovy:76)
	at com.kms.katalon.core.webui.keyword.builtin.ClickKeyword.execute(ClickKeyword.groovy:43)
	at com.kms.katalon.core.keyword.internal.KeywordExecutor.executeKeywordForPlatform(KeywordExecutor.groovy:73)
	at com.kms.katalon.core.webui.keyword.WebUiBuiltInKeywords.click(WebUiBuiltInKeywords.groovy:616)
	at com.kms.katalon.core.webui.keyword.WebUiBuiltInKeywords$click$1.call(Unknown Source)
	at FG3D Test - Stragetic.run(FG3D Test - Stragetic:28)
	at com.kms.katalon.core.main.ScriptEngine.run(ScriptEngine.java:194)
	at com.kms.katalon.core.main.ScriptEngine.runScriptAsRawText(ScriptEngine.java:119)
	at com.kms.katalon.core.main.TestCaseExecutor.runScript(TestCaseExecutor.java:339)
	at com.kms.katalon.core.main.TestCaseExecutor.doExecute(TestCaseExecutor.java:330)
	at com.kms.katalon.core.main.TestCaseExecutor.processExecutionPhase(TestCaseExecutor.java:309)
	at com.kms.katalon.core.main.TestCaseExecutor.accessMainPhase(TestCaseExecutor.java:301)
	at com.kms.katalon.core.main.TestCaseExecutor.execute(TestCaseExecutor.java:235)
	at com.kms.katalon.core.main.TestSuiteExecutor.accessTestCaseMainPhase(TestSuiteExecutor.java:191)
	at com.kms.katalon.core.main.TestSuiteExecutor.accessTestSuiteMainPhase(TestSuiteExecutor.java:141)
	at com.kms.katalon.core.main.TestSuiteExecutor.execute(TestSuiteExecutor.java:90)
	at com.kms.katalon.core.main.TestCaseMain.startTestSuite(TestCaseMain.java:157)
	at com.kms.katalon.core.main.TestCaseMain$startTestSuite$0.call(Unknown Source)
	at TempTestSuite1601324593621.run(TempTestSuite1601324593621.groovy:39)
Caused by: com.kms.katalon.core.webui.exception.WebElementNotFoundException: Web element with id: 'Object Repository/Page_Workgroups  GRiD/a_FG3D' located by '//div[@id='workgroupExportTree']/a[10]' not found
	at com.kms.katalon.core.webui.common.WebUiCommonHelper.findWebElement(WebUiCommonHelper.java:1368)
	at com.kms.katalon.core.webui.keyword.internal.WebUIAbstractKeyword.findWebElement(WebUIAbstractKeyword.groovy:27)
	at com.kms.katalon.core.webui.keyword.internal.WebUIAbstractKeyword.findWebElement(WebUIAbstractKeyword.groovy:26)
	at com.kms.katalon.core.webui.keyword.builtin.ClickKeyword$_click_closure1.doCall(ClickKeyword.groovy:67)
	at com.kms.katalon.core.webui.keyword.builtin.ClickKeyword$_click_closure1.call(ClickKeyword.groovy)
	at com.kms.katalon.core.webui.keyword.internal.WebUIKeywordMain.runKeyword(WebUIKeywordMain.groovy:20)
	... 19 more]]></system-err>
      </testcase>
      <testcase name="Test Cases/FG3D/FG3D Test - Stragetic" time="78.317" classname="Test Cases/FG3D/FG3D Test - Stragetic" status="FAILED">
         <failure type="FAILED" message="Test Cases/FG3D/FG3D Test - Stragetic FAILED.
Reason:
com.kms.katalon.core.exception.StepFailedException: Unable to click on object 'Object Repository/Page_Workgroups  GRiD/a_FG3D'
	at com.kms.katalon.core.webui.keyword.internal.WebUIKeywordMain.stepFailed(WebUIKeywordMain.groovy:64)
	at com.kms.katalon.core.webui.keyword.internal.WebUIKeywordMain.runKeyword(WebUIKeywordMain.groovy:26)
	at com.kms.katalon.core.webui.keyword.builtin.ClickKeyword.click(ClickKeyword.groovy:76)
	at com.kms.katalon.core.webui.keyword.builtin.ClickKeyword.execute(ClickKeyword.groovy:43)
	at com.kms.katalon.core.keyword.internal.KeywordExecutor.executeKeywordForPlatform(KeywordExecutor.groovy:73)
	at com.kms.katalon.core.webui.keyword.WebUiBuiltInKeywords.click(WebUiBuiltInKeywords.groovy:616)
	at com.kms.katalon.core.webui.keyword.WebUiBuiltInKeywords$click$1.call(Unknown Source)
	at FG3D Test - Stragetic.run(FG3D Test - Stragetic:28)
	at com.kms.katalon.core.main.ScriptEngine.run(ScriptEngine.java:194)
	at com.kms.katalon.core.main.ScriptEngine.runScriptAsRawText(ScriptEngine.java:119)
	at com.kms.katalon.core.main.TestCaseExecutor.runScript(TestCaseExecutor.java:339)
	at com.kms.katalon.core.main.TestCaseExecutor.doExecute(TestCaseExecutor.java:330)
	at com.kms.katalon.core.main.TestCaseExecutor.processExecutionPhase(TestCaseExecutor.java:309)
	at com.kms.katalon.core.main.TestCaseExecutor.accessMainPhase(TestCaseExecutor.java:301)
	at com.kms.katalon.core.main.TestCaseExecutor.execute(TestCaseExecutor.java:235)
	at com.kms.katalon.core.main.TestSuiteExecutor.accessTestCaseMainPhase(TestSuiteExecutor.java:191)
	at com.kms.katalon.core.main.TestSuiteExecutor.accessTestSuiteMainPhase(TestSuiteExecutor.java:141)
	at com.kms.katalon.core.main.TestSuiteExecutor.execute(TestSuiteExecutor.java:90)
	at com.kms.katalon.core.main.TestCaseMain.startTestSuite(TestCaseMain.java:157)
	at com.kms.katalon.core.main.TestCaseMain$startTestSuite$0.call(Unknown Source)
	at TempTestSuite1601324593621.run(TempTestSuite1601324593621.groovy:39)
Caused by: com.kms.katalon.core.webui.exception.WebElementNotFoundException: Web element with id: 'Object Repository/Page_Workgroups  GRiD/a_FG3D' located by '//div[@id='workgroupExportTree']/a[10]' not found
	at com.kms.katalon.core.webui.common.WebUiCommonHelper.findWebElement(WebUiCommonHelper.java:1368)
	at com.kms.katalon.core.webui.keyword.internal.WebUIAbstractKeyword.findWebElement(WebUIAbstractKeyword.groovy:27)
	at com.kms.katalon.core.webui.keyword.internal.WebUIAbstractKeyword.findWebElement(WebUIAbstractKeyword.groovy:26)
	at com.kms.katalon.core.webui.keyword.builtin.ClickKeyword$_click_closure1.doCall(ClickKeyword.groovy:67)
	at com.kms.katalon.core.webui.keyword.builtin.ClickKeyword$_click_closure1.call(ClickKeyword.groovy)
	at com.kms.katalon.core.webui.keyword.internal.WebUIKeywordMain.runKeyword(WebUIKeywordMain.groovy:20)
	... 19 more
"/>
         <system-out><![CDATA[2020-09-28 23:39:22 - [TEST_CASE][FAILED] - Test Cases/FG3D/FG3D Test - Stragetic: Test Cases/FG3D/FG3D Test - Stragetic FAILED.
Reason:
com.kms.katalon.core.exception.StepFailedException: Unable to click on object 'Object Repository/Page_Workgroups  GRiD/a_FG3D'
	at com.kms.katalon.core.webui.keyword.internal.WebUIKeywordMain.stepFailed(WebUIKeywordMain.groovy:64)
	at com.kms.katalon.core.webui.keyword.internal.WebUIKeywordMain.runKeyword(WebUIKeywordMain.groovy:26)
	at com.kms.katalon.core.webui.keyword.builtin.ClickKeyword.click(ClickKeyword.groovy:76)
	at com.kms.katalon.core.webui.keyword.builtin.ClickKeyword.execute(ClickKeyword.groovy:43)
	at com.kms.katalon.core.keyword.internal.KeywordExecutor.executeKeywordForPlatform(KeywordExecutor.groovy:73)
	at com.kms.katalon.core.webui.keyword.WebUiBuiltInKeywords.click(WebUiBuiltInKeywords.groovy:616)
	at com.kms.katalon.core.webui.keyword.WebUiBuiltInKeywords$click$1.call(Unknown Source)
	at FG3D Test - Stragetic.run(FG3D Test - Stragetic:28)
	at com.kms.katalon.core.main.ScriptEngine.run(ScriptEngine.java:194)
	at com.kms.katalon.core.main.ScriptEngine.runScriptAsRawText(ScriptEngine.java:119)
	at com.kms.katalon.core.main.TestCaseExecutor.runScript(TestCaseExecutor.java:339)
	at com.kms.katalon.core.main.TestCaseExecutor.doExecute(TestCaseExecutor.java:330)
	at com.kms.katalon.core.main.TestCaseExecutor.processExecutionPhase(TestCaseExecutor.java:309)
	at com.kms.katalon.core.main.TestCaseExecutor.accessMainPhase(TestCaseExecutor.java:301)
	at com.kms.katalon.core.main.TestCaseExecutor.execute(TestCaseExecutor.java:235)
	at com.kms.katalon.core.main.TestSuiteExecutor.accessTestCaseMainPhase(TestSuiteExecutor.java:191)
	at com.kms.katalon.core.main.TestSuiteExecutor.accessTestSuiteMainPhase(TestSuiteExecutor.java:141)
	at com.kms.katalon.core.main.TestSuiteExecutor.execute(TestSuiteExecutor.java:90)
	at com.kms.katalon.core.main.TestCaseMain.startTestSuite(TestCaseMain.java:157)
	at com.kms.katalon.core.main.TestCaseMain$startTestSuite$0.call(Unknown Source)
	at TempTestSuite1601324593621.run(TempTestSuite1601324593621.groovy:39)
Caused by: com.kms.katalon.core.webui.exception.WebElementNotFoundException: Web element with id: 'Object Repository/Page_Workgroups  GRiD/a_FG3D' located by '//div[@id='workgroupExportTree']/a[10]' not found
	at com.kms.katalon.core.webui.common.WebUiCommonHelper.findWebElement(WebUiCommonHelper.java:1368)
	at com.kms.katalon.core.webui.keyword.internal.WebUIAbstractKeyword.findWebElement(WebUIAbstractKeyword.groovy:27)
	at com.kms.katalon.core.webui.keyword.internal.WebUIAbstractKeyword.findWebElement(WebUIAbstractKeyword.groovy:26)
	at com.kms.katalon.core.webui.keyword.builtin.ClickKeyword$_click_closure1.doCall(ClickKeyword.groovy:67)
	at com.kms.katalon.core.webui.keyword.builtin.ClickKeyword$_click_closure1.call(ClickKeyword.groovy)
	at com.kms.katalon.core.webui.keyword.internal.WebUIKeywordMain.runKeyword(WebUIKeywordMain.groovy:20)
	... 19 more


2020-09-28 23:39:22 - [TEST_STEP][PASSED] - openBrowser(""): Browser is opened with url: ''

2020-09-28 23:39:22 - [MESSAGE][WARNING] - A browser is already opened. Closing browser and opening a new one

2020-09-28 23:39:22 - [MESSAGE][INFO] - Starting 'Chrome' driver

2020-09-28 23:39:22 - [MESSAGE][INFO] - Action delay is set to 0 milliseconds

2020-09-28 23:39:23 - [MESSAGE][PASSED] - Browser is opened with url: ''

2020-09-28 23:39:23 - [TEST_STEP][PASSED] - navigateToUrl("https://grid.nga.mil/testgrid/"): Navigate to 'https://grid.nga.mil/testgrid/' successfully

2020-09-28 23:39:27 - [MESSAGE][PASSED] - Navigate to 'https://grid.nga.mil/testgrid/' successfully

2020-09-28 23:39:27 - [TEST_STEP][PASSED] - click(findTestObject("Page_Home  GRiD/a_CAC  GEOAxIS Login")): Object: 'Object Repository/Page_Home  GRiD/a_CAC  GEOAxIS Login' is clicked on

2020-09-28 23:39:32 - [MESSAGE][PASSED] - Object: 'Object Repository/Page_Home  GRiD/a_CAC  GEOAxIS Login' is clicked on

2020-09-28 23:39:32 - [TEST_STEP][PASSED] - click(findTestObject("Page_Home  GRiD/a_Share")): Object: 'Object Repository/Page_Home  GRiD/a_Share' is clicked on

2020-09-28 23:40:03 - [MESSAGE][INFO] - Unable to find the element located by 'By.xpath: //div[@id='navbarToggle']/ul/li[5]/a'. Please recheck the objects properties to make sure the desired element is located. 

2020-09-28 23:40:03 - [MESSAGE][WARNING] - [SELF-HEALING] Failed to find element with id 'Object Repository/Page_Home  GRiD/a_Share'. Try using Self-healing.

2020-09-28 23:40:04 - [MESSAGE][WARNING] - [SELF-HEALING] The current locator of test object 'Object Repository/Page_Home  GRiD/a_Share' was broken. Propose an alternative one: '//li[5]/a'.

2020-09-28 23:40:04 - [MESSAGE][PASSED] - Object: 'Object Repository/Page_Home  GRiD/a_Share' is clicked on

2020-09-28 23:40:04 - [TEST_STEP][FAILED] - click(findTestObject("Page_Workgroups  GRiD/a_FG3D")): Unable to click on object 'Object Repository/Page_Workgroups  GRiD/a_FG3D' (Root cause: com.kms.katalon.core.exception.StepFailedException: Unable to click on object 'Object Repository/Page_Workgroups  GRiD/a_FG3D'
	at com.kms.katalon.core.webui.keyword.internal.WebUIKeywordMain.stepFailed(WebUIKeywordMain.groovy:64)
	at com.kms.katalon.core.webui.keyword.internal.WebUIKeywordMain.runKeyword(WebUIKeywordMain.groovy:26)
	at com.kms.katalon.core.webui.keyword.builtin.ClickKeyword.click(ClickKeyword.groovy:76)
	at com.kms.katalon.core.webui.keyword.builtin.ClickKeyword.execute(ClickKeyword.groovy:43)
	at com.kms.katalon.core.keyword.internal.KeywordExecutor.executeKeywordForPlatform(KeywordExecutor.groovy:73)
	at com.kms.katalon.core.webui.keyword.WebUiBuiltInKeywords.click(WebUiBuiltInKeywords.groovy:616)
	at com.kms.katalon.core.webui.keyword.WebUiBuiltInKeywords$click$1.call(Unknown Source)
	at FG3D Test - Stragetic.run(FG3D Test - Stragetic:28)
	at com.kms.katalon.core.main.ScriptEngine.run(ScriptEngine.java:194)
	at com.kms.katalon.core.main.ScriptEngine.runScriptAsRawText(ScriptEngine.java:119)
	at com.kms.katalon.core.main.TestCaseExecutor.runScript(TestCaseExecutor.java:339)
	at com.kms.katalon.core.main.TestCaseExecutor.doExecute(TestCaseExecutor.java:330)
	at com.kms.katalon.core.main.TestCaseExecutor.processExecutionPhase(TestCaseExecutor.java:309)
	at com.kms.katalon.core.main.TestCaseExecutor.accessMainPhase(TestCaseExecutor.java:301)
	at com.kms.katalon.core.main.TestCaseExecutor.execute(TestCaseExecutor.java:235)
	at com.kms.katalon.core.main.TestSuiteExecutor.accessTestCaseMainPhase(TestSuiteExecutor.java:191)
	at com.kms.katalon.core.main.TestSuiteExecutor.accessTestSuiteMainPhase(TestSuiteExecutor.java:141)
	at com.kms.katalon.core.main.TestSuiteExecutor.execute(TestSuiteExecutor.java:90)
	at com.kms.katalon.core.main.TestCaseMain.startTestSuite(TestCaseMain.java:157)
	at com.kms.katalon.core.main.TestCaseMain$startTestSuite$0.call(Unknown Source)
	at TempTestSuite1601324593621.run(TempTestSuite1601324593621.groovy:39)
Caused by: com.kms.katalon.core.webui.exception.WebElementNotFoundException: Web element with id: 'Object Repository/Page_Workgroups  GRiD/a_FG3D' located by '//div[@id='workgroupExportTree']/a[10]' not found
	at com.kms.katalon.core.webui.common.WebUiCommonHelper.findWebElement(WebUiCommonHelper.java:1368)
	at com.kms.katalon.core.webui.keyword.internal.WebUIAbstractKeyword.findWebElement(WebUIAbstractKeyword.groovy:27)
	at com.kms.katalon.core.webui.keyword.internal.WebUIAbstractKeyword.findWebElement(WebUIAbstractKeyword.groovy:26)
	at com.kms.katalon.core.webui.keyword.builtin.ClickKeyword$_click_closure1.doCall(ClickKeyword.groovy:67)
	at com.kms.katalon.core.webui.keyword.builtin.ClickKeyword$_click_closure1.call(ClickKeyword.groovy)
	at com.kms.katalon.core.webui.keyword.internal.WebUIKeywordMain.runKeyword(WebUIKeywordMain.groovy:20)
	at com.kms.katalon.core.webui.keyword.builtin.ClickKeyword.click(ClickKeyword.groovy:76)
	at com.kms.katalon.core.webui.keyword.builtin.ClickKeyword.execute(ClickKeyword.groovy:43)
	at com.kms.katalon.core.keyword.internal.KeywordExecutor.executeKeywordForPlatform(KeywordExecutor.groovy:73)
	at com.kms.katalon.core.webui.keyword.WebUiBuiltInKeywords.click(WebUiBuiltInKeywords.groovy:616)
	at com.kms.katalon.core.webui.keyword.WebUiBuiltInKeywords$click$1.call(Unknown Source)
	at Script1599149155505.run(Script1599149155505.groovy:28)
	... 13 more
)

2020-09-28 23:40:35 - [MESSAGE][INFO] - Unable to find the element located by 'By.xpath: //div[@id='workgroupExportTree']/a[10]'. Please recheck the objects properties to make sure the desired element is located. 

2020-09-28 23:40:35 - [MESSAGE][WARNING] - [SELF-HEALING] Failed to find element with id 'Object Repository/Page_Workgroups  GRiD/a_FG3D'. Try using Self-healing.

2020-09-28 23:40:35 - [MESSAGE][INFO] - [SELF-HEALING] Failed Locator: '//div[@id='workgroupExportTree']/a[10]'.

2020-09-28 23:40:36 - [MESSAGE][INFO] - [SELF-HEALING] Failed Locator: '//a[contains(text(),'FG3D')]'.

2020-09-28 23:40:36 - [MESSAGE][INFO] - [SELF-HEALING] Failed Locator: '(.//*[normalize-space(text()) and normalize-space(.)='DTED2 DTM'])[1]/following::a[1]'.

2020-09-28 23:40:36 - [MESSAGE][INFO] - [SELF-HEALING] Failed Locator: '(.//*[normalize-space(text()) and normalize-space(.)='DTED0 DTM'])[1]/following::a[2]'.

2020-09-28 23:40:36 - [MESSAGE][INFO] - [SELF-HEALING] Failed Locator: '(.//*[normalize-space(text()) and normalize-space(.)='SRT2F DSM'])[1]/preceding::a[1]'.

2020-09-28 23:40:37 - [MESSAGE][INFO] - [SELF-HEALING] Failed Locator: '(.//*[normalize-space(text()) and normalize-space(.)='TDT DSM'])[1]/preceding::a[2]'.

2020-09-28 23:40:37 - [MESSAGE][INFO] - [SELF-HEALING] Failed Locator: '//*/text()[normalize-space(.)='FG3D']/parent::*'.

2020-09-28 23:40:37 - [MESSAGE][INFO] - [SELF-HEALING] Failed Locator: '//a[contains(@href, '/testgrid/export/aoi/36914/')]'.

2020-09-28 23:40:38 - [MESSAGE][INFO] - [SELF-HEALING] Failed Locator: '//div[2]/a[10]'.

2020-09-28 23:40:39 - [MESSAGE][INFO] - Unable to find the element located by 'By.xpath: //*[@href = '/testgrid/export/aoi/36914/' and (text() = '
            FG3D
            
              
              
            
          ' or . = '
            FG3D
            
              
              
            
          ')]'. Please recheck the objects properties to make sure the desired element is located. 

2020-09-28 23:40:40 - [MESSAGE][INFO] - Unable to find the element located by 'By.cssSelector: '. Please recheck the objects properties to make sure the desired element is located. 

2020-09-28 23:40:40 - [MESSAGE][FAILED] - Unable to click on object 'Object Repository/Page_Workgroups  GRiD/a_FG3D' (Root cause: com.kms.katalon.core.exception.StepFailedException: Unable to click on object 'Object Repository/Page_Workgroups  GRiD/a_FG3D'
	at com.kms.katalon.core.webui.keyword.internal.WebUIKeywordMain.stepFailed(WebUIKeywordMain.groovy:64)
	at com.kms.katalon.core.webui.keyword.internal.WebUIKeywordMain.runKeyword(WebUIKeywordMain.groovy:26)
	at com.kms.katalon.core.webui.keyword.builtin.ClickKeyword.click(ClickKeyword.groovy:76)
	at com.kms.katalon.core.webui.keyword.builtin.ClickKeyword.execute(ClickKeyword.groovy:43)
	at com.kms.katalon.core.keyword.internal.KeywordExecutor.executeKeywordForPlatform(KeywordExecutor.groovy:73)
	at com.kms.katalon.core.webui.keyword.WebUiBuiltInKeywords.click(WebUiBuiltInKeywords.groovy:616)
	at com.kms.katalon.core.webui.keyword.WebUiBuiltInKeywords$click$1.call(Unknown Source)
	at FG3D Test - Stragetic.run(FG3D Test - Stragetic:28)
	at com.kms.katalon.core.main.ScriptEngine.run(ScriptEngine.java:194)
	at com.kms.katalon.core.main.ScriptEngine.runScriptAsRawText(ScriptEngine.java:119)
	at com.kms.katalon.core.main.TestCaseExecutor.runScript(TestCaseExecutor.java:339)
	at com.kms.katalon.core.main.TestCaseExecutor.doExecute(TestCaseExecutor.java:330)
	at com.kms.katalon.core.main.TestCaseExecutor.processExecutionPhase(TestCaseExecutor.java:309)
	at com.kms.katalon.core.main.TestCaseExecutor.accessMainPhase(TestCaseExecutor.java:301)
	at com.kms.katalon.core.main.TestCaseExecutor.execute(TestCaseExecutor.java:235)
	at com.kms.katalon.core.main.TestSuiteExecutor.accessTestCaseMainPhase(TestSuiteExecutor.java:191)
	at com.kms.katalon.core.main.TestSuiteExecutor.accessTestSuiteMainPhase(TestSuiteExecutor.java:141)
	at com.kms.katalon.core.main.TestSuiteExecutor.execute(TestSuiteExecutor.java:90)
	at com.kms.katalon.core.main.TestCaseMain.startTestSuite(TestCaseMain.java:157)
	at com.kms.katalon.core.main.TestCaseMain$startTestSuite$0.call(Unknown Source)
	at TempTestSuite1601324593621.run(TempTestSuite1601324593621.groovy:39)
Caused by: com.kms.katalon.core.webui.exception.WebElementNotFoundException: Web element with id: 'Object Repository/Page_Workgroups  GRiD/a_FG3D' located by '//div[@id='workgroupExportTree']/a[10]' not found
	at com.kms.katalon.core.webui.common.WebUiCommonHelper.findWebElement(WebUiCommonHelper.java:1368)
	at com.kms.katalon.core.webui.keyword.internal.WebUIAbstractKeyword.findWebElement(WebUIAbstractKeyword.groovy:27)
	at com.kms.katalon.core.webui.keyword.internal.WebUIAbstractKeyword.findWebElement(WebUIAbstractKeyword.groovy:26)
	at com.kms.katalon.core.webui.keyword.builtin.ClickKeyword$_click_closure1.doCall(ClickKeyword.groovy:67)
	at com.kms.katalon.core.webui.keyword.builtin.ClickKeyword$_click_closure1.call(ClickKeyword.groovy)
	at com.kms.katalon.core.webui.keyword.internal.WebUIKeywordMain.runKeyword(WebUIKeywordMain.groovy:20)
	at com.kms.katalon.core.webui.keyword.builtin.ClickKeyword.click(ClickKeyword.groovy:76)
	at com.kms.katalon.core.webui.keyword.builtin.ClickKeyword.execute(ClickKeyword.groovy:43)
	at com.kms.katalon.core.keyword.internal.KeywordExecutor.executeKeywordForPlatform(KeywordExecutor.groovy:73)
	at com.kms.katalon.core.webui.keyword.WebUiBuiltInKeywords.click(WebUiBuiltInKeywords.groovy:616)
	at com.kms.katalon.core.webui.keyword.WebUiBuiltInKeywords$click$1.call(Unknown Source)
	at Script1599149155505.run(Script1599149155505.groovy:28)
	... 13 more
)
[[ATTACHMENT|/Users/bhavikpatel/Downloads/Projects/CRREL/GRiD/Automation Testing/Automation Testing Project/KatalonTesting/Reports/20200928_162313/GRiD FG3D/20200928_162313/1601350840611.png]]]]></system-out>
         <system-err><![CDATA[2020-09-28 23:39:22 - [TEST_CASE][FAILED] - Test Cases/FG3D/FG3D Test - Stragetic: Test Cases/FG3D/FG3D Test - Stragetic FAILED.
Reason:
com.kms.katalon.core.exception.StepFailedException: Unable to click on object 'Object Repository/Page_Workgroups  GRiD/a_FG3D'
	at com.kms.katalon.core.webui.keyword.internal.WebUIKeywordMain.stepFailed(WebUIKeywordMain.groovy:64)
	at com.kms.katalon.core.webui.keyword.internal.WebUIKeywordMain.runKeyword(WebUIKeywordMain.groovy:26)
	at com.kms.katalon.core.webui.keyword.builtin.ClickKeyword.click(ClickKeyword.groovy:76)
	at com.kms.katalon.core.webui.keyword.builtin.ClickKeyword.execute(ClickKeyword.groovy:43)
	at com.kms.katalon.core.keyword.internal.KeywordExecutor.executeKeywordForPlatform(KeywordExecutor.groovy:73)
	at com.kms.katalon.core.webui.keyword.WebUiBuiltInKeywords.click(WebUiBuiltInKeywords.groovy:616)
	at com.kms.katalon.core.webui.keyword.WebUiBuiltInKeywords$click$1.call(Unknown Source)
	at FG3D Test - Stragetic.run(FG3D Test - Stragetic:28)
	at com.kms.katalon.core.main.ScriptEngine.run(ScriptEngine.java:194)
	at com.kms.katalon.core.main.ScriptEngine.runScriptAsRawText(ScriptEngine.java:119)
	at com.kms.katalon.core.main.TestCaseExecutor.runScript(TestCaseExecutor.java:339)
	at com.kms.katalon.core.main.TestCaseExecutor.doExecute(TestCaseExecutor.java:330)
	at com.kms.katalon.core.main.TestCaseExecutor.processExecutionPhase(TestCaseExecutor.java:309)
	at com.kms.katalon.core.main.TestCaseExecutor.accessMainPhase(TestCaseExecutor.java:301)
	at com.kms.katalon.core.main.TestCaseExecutor.execute(TestCaseExecutor.java:235)
	at com.kms.katalon.core.main.TestSuiteExecutor.accessTestCaseMainPhase(TestSuiteExecutor.java:191)
	at com.kms.katalon.core.main.TestSuiteExecutor.accessTestSuiteMainPhase(TestSuiteExecutor.java:141)
	at com.kms.katalon.core.main.TestSuiteExecutor.execute(TestSuiteExecutor.java:90)
	at com.kms.katalon.core.main.TestCaseMain.startTestSuite(TestCaseMain.java:157)
	at com.kms.katalon.core.main.TestCaseMain$startTestSuite$0.call(Unknown Source)
	at TempTestSuite1601324593621.run(TempTestSuite1601324593621.groovy:39)
Caused by: com.kms.katalon.core.webui.exception.WebElementNotFoundException: Web element with id: 'Object Repository/Page_Workgroups  GRiD/a_FG3D' located by '//div[@id='workgroupExportTree']/a[10]' not found
	at com.kms.katalon.core.webui.common.WebUiCommonHelper.findWebElement(WebUiCommonHelper.java:1368)
	at com.kms.katalon.core.webui.keyword.internal.WebUIAbstractKeyword.findWebElement(WebUIAbstractKeyword.groovy:27)
	at com.kms.katalon.core.webui.keyword.internal.WebUIAbstractKeyword.findWebElement(WebUIAbstractKeyword.groovy:26)
	at com.kms.katalon.core.webui.keyword.builtin.ClickKeyword$_click_closure1.doCall(ClickKeyword.groovy:67)
	at com.kms.katalon.core.webui.keyword.builtin.ClickKeyword$_click_closure1.call(ClickKeyword.groovy)
	at com.kms.katalon.core.webui.keyword.internal.WebUIKeywordMain.runKeyword(WebUIKeywordMain.groovy:20)
	... 19 more]]></system-err>
      </testcase>
      <testcase name="Test Cases/FG3D/FG3D Test - Stragetic" time="76.579" classname="Test Cases/FG3D/FG3D Test - Stragetic" status="FAILED">
         <failure type="FAILED" message="Test Cases/FG3D/FG3D Test - Stragetic FAILED.
Reason:
com.kms.katalon.core.exception.StepFailedException: Unable to click on object 'Object Repository/Page_Workgroups  GRiD/a_FG3D'
	at com.kms.katalon.core.webui.keyword.internal.WebUIKeywordMain.stepFailed(WebUIKeywordMain.groovy:64)
	at com.kms.katalon.core.webui.keyword.internal.WebUIKeywordMain.runKeyword(WebUIKeywordMain.groovy:26)
	at com.kms.katalon.core.webui.keyword.builtin.ClickKeyword.click(ClickKeyword.groovy:76)
	at com.kms.katalon.core.webui.keyword.builtin.ClickKeyword.execute(ClickKeyword.groovy:43)
	at com.kms.katalon.core.keyword.internal.KeywordExecutor.executeKeywordForPlatform(KeywordExecutor.groovy:73)
	at com.kms.katalon.core.webui.keyword.WebUiBuiltInKeywords.click(WebUiBuiltInKeywords.groovy:616)
	at com.kms.katalon.core.webui.keyword.WebUiBuiltInKeywords$click$1.call(Unknown Source)
	at FG3D Test - Stragetic.run(FG3D Test - Stragetic:28)
	at com.kms.katalon.core.main.ScriptEngine.run(ScriptEngine.java:194)
	at com.kms.katalon.core.main.ScriptEngine.runScriptAsRawText(ScriptEngine.java:119)
	at com.kms.katalon.core.main.TestCaseExecutor.runScript(TestCaseExecutor.java:339)
	at com.kms.katalon.core.main.TestCaseExecutor.doExecute(TestCaseExecutor.java:330)
	at com.kms.katalon.core.main.TestCaseExecutor.processExecutionPhase(TestCaseExecutor.java:309)
	at com.kms.katalon.core.main.TestCaseExecutor.accessMainPhase(TestCaseExecutor.java:301)
	at com.kms.katalon.core.main.TestCaseExecutor.execute(TestCaseExecutor.java:235)
	at com.kms.katalon.core.main.TestSuiteExecutor.accessTestCaseMainPhase(TestSuiteExecutor.java:191)
	at com.kms.katalon.core.main.TestSuiteExecutor.accessTestSuiteMainPhase(TestSuiteExecutor.java:141)
	at com.kms.katalon.core.main.TestSuiteExecutor.execute(TestSuiteExecutor.java:90)
	at com.kms.katalon.core.main.TestCaseMain.startTestSuite(TestCaseMain.java:157)
	at com.kms.katalon.core.main.TestCaseMain$startTestSuite$0.call(Unknown Source)
	at TempTestSuite1601324593621.run(TempTestSuite1601324593621.groovy:39)
Caused by: com.kms.katalon.core.webui.exception.WebElementNotFoundException: Web element with id: 'Object Repository/Page_Workgroups  GRiD/a_FG3D' located by '//div[@id='workgroupExportTree']/a[10]' not found
	at com.kms.katalon.core.webui.common.WebUiCommonHelper.findWebElement(WebUiCommonHelper.java:1368)
	at com.kms.katalon.core.webui.keyword.internal.WebUIAbstractKeyword.findWebElement(WebUIAbstractKeyword.groovy:27)
	at com.kms.katalon.core.webui.keyword.internal.WebUIAbstractKeyword.findWebElement(WebUIAbstractKeyword.groovy:26)
	at com.kms.katalon.core.webui.keyword.builtin.ClickKeyword$_click_closure1.doCall(ClickKeyword.groovy:67)
	at com.kms.katalon.core.webui.keyword.builtin.ClickKeyword$_click_closure1.call(ClickKeyword.groovy)
	at com.kms.katalon.core.webui.keyword.internal.WebUIKeywordMain.runKeyword(WebUIKeywordMain.groovy:20)
	... 19 more
"/>
         <system-out><![CDATA[2020-09-28 23:40:40 - [TEST_CASE][FAILED] - Test Cases/FG3D/FG3D Test - Stragetic: Test Cases/FG3D/FG3D Test - Stragetic FAILED.
Reason:
com.kms.katalon.core.exception.StepFailedException: Unable to click on object 'Object Repository/Page_Workgroups  GRiD/a_FG3D'
	at com.kms.katalon.core.webui.keyword.internal.WebUIKeywordMain.stepFailed(WebUIKeywordMain.groovy:64)
	at com.kms.katalon.core.webui.keyword.internal.WebUIKeywordMain.runKeyword(WebUIKeywordMain.groovy:26)
	at com.kms.katalon.core.webui.keyword.builtin.ClickKeyword.click(ClickKeyword.groovy:76)
	at com.kms.katalon.core.webui.keyword.builtin.ClickKeyword.execute(ClickKeyword.groovy:43)
	at com.kms.katalon.core.keyword.internal.KeywordExecutor.executeKeywordForPlatform(KeywordExecutor.groovy:73)
	at com.kms.katalon.core.webui.keyword.WebUiBuiltInKeywords.click(WebUiBuiltInKeywords.groovy:616)
	at com.kms.katalon.core.webui.keyword.WebUiBuiltInKeywords$click$1.call(Unknown Source)
	at FG3D Test - Stragetic.run(FG3D Test - Stragetic:28)
	at com.kms.katalon.core.main.ScriptEngine.run(ScriptEngine.java:194)
	at com.kms.katalon.core.main.ScriptEngine.runScriptAsRawText(ScriptEngine.java:119)
	at com.kms.katalon.core.main.TestCaseExecutor.runScript(TestCaseExecutor.java:339)
	at com.kms.katalon.core.main.TestCaseExecutor.doExecute(TestCaseExecutor.java:330)
	at com.kms.katalon.core.main.TestCaseExecutor.processExecutionPhase(TestCaseExecutor.java:309)
	at com.kms.katalon.core.main.TestCaseExecutor.accessMainPhase(TestCaseExecutor.java:301)
	at com.kms.katalon.core.main.TestCaseExecutor.execute(TestCaseExecutor.java:235)
	at com.kms.katalon.core.main.TestSuiteExecutor.accessTestCaseMainPhase(TestSuiteExecutor.java:191)
	at com.kms.katalon.core.main.TestSuiteExecutor.accessTestSuiteMainPhase(TestSuiteExecutor.java:141)
	at com.kms.katalon.core.main.TestSuiteExecutor.execute(TestSuiteExecutor.java:90)
	at com.kms.katalon.core.main.TestCaseMain.startTestSuite(TestCaseMain.java:157)
	at com.kms.katalon.core.main.TestCaseMain$startTestSuite$0.call(Unknown Source)
	at TempTestSuite1601324593621.run(TempTestSuite1601324593621.groovy:39)
Caused by: com.kms.katalon.core.webui.exception.WebElementNotFoundException: Web element with id: 'Object Repository/Page_Workgroups  GRiD/a_FG3D' located by '//div[@id='workgroupExportTree']/a[10]' not found
	at com.kms.katalon.core.webui.common.WebUiCommonHelper.findWebElement(WebUiCommonHelper.java:1368)
	at com.kms.katalon.core.webui.keyword.internal.WebUIAbstractKeyword.findWebElement(WebUIAbstractKeyword.groovy:27)
	at com.kms.katalon.core.webui.keyword.internal.WebUIAbstractKeyword.findWebElement(WebUIAbstractKeyword.groovy:26)
	at com.kms.katalon.core.webui.keyword.builtin.ClickKeyword$_click_closure1.doCall(ClickKeyword.groovy:67)
	at com.kms.katalon.core.webui.keyword.builtin.ClickKeyword$_click_closure1.call(ClickKeyword.groovy)
	at com.kms.katalon.core.webui.keyword.internal.WebUIKeywordMain.runKeyword(WebUIKeywordMain.groovy:20)
	... 19 more


2020-09-28 23:40:40 - [TEST_STEP][PASSED] - openBrowser(""): Browser is opened with url: ''

2020-09-28 23:40:40 - [MESSAGE][WARNING] - A browser is already opened. Closing browser and opening a new one

2020-09-28 23:40:41 - [MESSAGE][INFO] - Starting 'Chrome' driver

2020-09-28 23:40:41 - [MESSAGE][INFO] - Action delay is set to 0 milliseconds

2020-09-28 23:40:41 - [MESSAGE][PASSED] - Browser is opened with url: ''

2020-09-28 23:40:41 - [TEST_STEP][PASSED] - navigateToUrl("https://grid.nga.mil/testgrid/"): Navigate to 'https://grid.nga.mil/testgrid/' successfully

2020-09-28 23:40:44 - [MESSAGE][PASSED] - Navigate to 'https://grid.nga.mil/testgrid/' successfully

2020-09-28 23:40:44 - [TEST_STEP][PASSED] - click(findTestObject("Page_Home  GRiD/a_CAC  GEOAxIS Login")): Object: 'Object Repository/Page_Home  GRiD/a_CAC  GEOAxIS Login' is clicked on

2020-09-28 23:40:49 - [MESSAGE][PASSED] - Object: 'Object Repository/Page_Home  GRiD/a_CAC  GEOAxIS Login' is clicked on

2020-09-28 23:40:49 - [TEST_STEP][PASSED] - click(findTestObject("Page_Home  GRiD/a_Share")): Object: 'Object Repository/Page_Home  GRiD/a_Share' is clicked on

2020-09-28 23:41:20 - [MESSAGE][INFO] - Unable to find the element located by 'By.xpath: //div[@id='navbarToggle']/ul/li[5]/a'. Please recheck the objects properties to make sure the desired element is located. 

2020-09-28 23:41:20 - [MESSAGE][WARNING] - [SELF-HEALING] Failed to find element with id 'Object Repository/Page_Home  GRiD/a_Share'. Try using Self-healing.

2020-09-28 23:41:21 - [MESSAGE][WARNING] - [SELF-HEALING] The current locator of test object 'Object Repository/Page_Home  GRiD/a_Share' was broken. Propose an alternative one: '//li[5]/a'.

2020-09-28 23:41:21 - [MESSAGE][PASSED] - Object: 'Object Repository/Page_Home  GRiD/a_Share' is clicked on

2020-09-28 23:41:21 - [TEST_STEP][FAILED] - click(findTestObject("Page_Workgroups  GRiD/a_FG3D")): Unable to click on object 'Object Repository/Page_Workgroups  GRiD/a_FG3D' (Root cause: com.kms.katalon.core.exception.StepFailedException: Unable to click on object 'Object Repository/Page_Workgroups  GRiD/a_FG3D'
	at com.kms.katalon.core.webui.keyword.internal.WebUIKeywordMain.stepFailed(WebUIKeywordMain.groovy:64)
	at com.kms.katalon.core.webui.keyword.internal.WebUIKeywordMain.runKeyword(WebUIKeywordMain.groovy:26)
	at com.kms.katalon.core.webui.keyword.builtin.ClickKeyword.click(ClickKeyword.groovy:76)
	at com.kms.katalon.core.webui.keyword.builtin.ClickKeyword.execute(ClickKeyword.groovy:43)
	at com.kms.katalon.core.keyword.internal.KeywordExecutor.executeKeywordForPlatform(KeywordExecutor.groovy:73)
	at com.kms.katalon.core.webui.keyword.WebUiBuiltInKeywords.click(WebUiBuiltInKeywords.groovy:616)
	at com.kms.katalon.core.webui.keyword.WebUiBuiltInKeywords$click$1.call(Unknown Source)
	at FG3D Test - Stragetic.run(FG3D Test - Stragetic:28)
	at com.kms.katalon.core.main.ScriptEngine.run(ScriptEngine.java:194)
	at com.kms.katalon.core.main.ScriptEngine.runScriptAsRawText(ScriptEngine.java:119)
	at com.kms.katalon.core.main.TestCaseExecutor.runScript(TestCaseExecutor.java:339)
	at com.kms.katalon.core.main.TestCaseExecutor.doExecute(TestCaseExecutor.java:330)
	at com.kms.katalon.core.main.TestCaseExecutor.processExecutionPhase(TestCaseExecutor.java:309)
	at com.kms.katalon.core.main.TestCaseExecutor.accessMainPhase(TestCaseExecutor.java:301)
	at com.kms.katalon.core.main.TestCaseExecutor.execute(TestCaseExecutor.java:235)
	at com.kms.katalon.core.main.TestSuiteExecutor.accessTestCaseMainPhase(TestSuiteExecutor.java:191)
	at com.kms.katalon.core.main.TestSuiteExecutor.accessTestSuiteMainPhase(TestSuiteExecutor.java:141)
	at com.kms.katalon.core.main.TestSuiteExecutor.execute(TestSuiteExecutor.java:90)
	at com.kms.katalon.core.main.TestCaseMain.startTestSuite(TestCaseMain.java:157)
	at com.kms.katalon.core.main.TestCaseMain$startTestSuite$0.call(Unknown Source)
	at TempTestSuite1601324593621.run(TempTestSuite1601324593621.groovy:39)
Caused by: com.kms.katalon.core.webui.exception.WebElementNotFoundException: Web element with id: 'Object Repository/Page_Workgroups  GRiD/a_FG3D' located by '//div[@id='workgroupExportTree']/a[10]' not found
	at com.kms.katalon.core.webui.common.WebUiCommonHelper.findWebElement(WebUiCommonHelper.java:1368)
	at com.kms.katalon.core.webui.keyword.internal.WebUIAbstractKeyword.findWebElement(WebUIAbstractKeyword.groovy:27)
	at com.kms.katalon.core.webui.keyword.internal.WebUIAbstractKeyword.findWebElement(WebUIAbstractKeyword.groovy:26)
	at com.kms.katalon.core.webui.keyword.builtin.ClickKeyword$_click_closure1.doCall(ClickKeyword.groovy:67)
	at com.kms.katalon.core.webui.keyword.builtin.ClickKeyword$_click_closure1.call(ClickKeyword.groovy)
	at com.kms.katalon.core.webui.keyword.internal.WebUIKeywordMain.runKeyword(WebUIKeywordMain.groovy:20)
	at com.kms.katalon.core.webui.keyword.builtin.ClickKeyword.click(ClickKeyword.groovy:76)
	at com.kms.katalon.core.webui.keyword.builtin.ClickKeyword.execute(ClickKeyword.groovy:43)
	at com.kms.katalon.core.keyword.internal.KeywordExecutor.executeKeywordForPlatform(KeywordExecutor.groovy:73)
	at com.kms.katalon.core.webui.keyword.WebUiBuiltInKeywords.click(WebUiBuiltInKeywords.groovy:616)
	at com.kms.katalon.core.webui.keyword.WebUiBuiltInKeywords$click$1.call(Unknown Source)
	at Script1599149155505.run(Script1599149155505.groovy:28)
	... 13 more
)

2020-09-28 23:41:52 - [MESSAGE][INFO] - Unable to find the element located by 'By.xpath: //div[@id='workgroupExportTree']/a[10]'. Please recheck the objects properties to make sure the desired element is located. 

2020-09-28 23:41:52 - [MESSAGE][WARNING] - [SELF-HEALING] Failed to find element with id 'Object Repository/Page_Workgroups  GRiD/a_FG3D'. Try using Self-healing.

2020-09-28 23:41:52 - [MESSAGE][INFO] - [SELF-HEALING] Failed Locator: '//div[@id='workgroupExportTree']/a[10]'.

2020-09-28 23:41:52 - [MESSAGE][INFO] - [SELF-HEALING] Failed Locator: '//a[contains(text(),'FG3D')]'.

2020-09-28 23:41:53 - [MESSAGE][INFO] - [SELF-HEALING] Failed Locator: '(.//*[normalize-space(text()) and normalize-space(.)='DTED2 DTM'])[1]/following::a[1]'.

2020-09-28 23:41:53 - [MESSAGE][INFO] - [SELF-HEALING] Failed Locator: '(.//*[normalize-space(text()) and normalize-space(.)='DTED0 DTM'])[1]/following::a[2]'.

2020-09-28 23:41:53 - [MESSAGE][INFO] - [SELF-HEALING] Failed Locator: '(.//*[normalize-space(text()) and normalize-space(.)='SRT2F DSM'])[1]/preceding::a[1]'.

2020-09-28 23:41:54 - [MESSAGE][INFO] - [SELF-HEALING] Failed Locator: '(.//*[normalize-space(text()) and normalize-space(.)='TDT DSM'])[1]/preceding::a[2]'.

2020-09-28 23:41:54 - [MESSAGE][INFO] - [SELF-HEALING] Failed Locator: '//*/text()[normalize-space(.)='FG3D']/parent::*'.

2020-09-28 23:41:54 - [MESSAGE][INFO] - [SELF-HEALING] Failed Locator: '//a[contains(@href, '/testgrid/export/aoi/36914/')]'.

2020-09-28 23:41:55 - [MESSAGE][INFO] - [SELF-HEALING] Failed Locator: '//div[2]/a[10]'.

2020-09-28 23:41:56 - [MESSAGE][INFO] - Unable to find the element located by 'By.xpath: //*[@href = '/testgrid/export/aoi/36914/' and (text() = '
            FG3D
            
              
              
            
          ' or . = '
            FG3D
            
              
              
            
          ')]'. Please recheck the objects properties to make sure the desired element is located. 

2020-09-28 23:41:57 - [MESSAGE][INFO] - Unable to find the element located by 'By.cssSelector: '. Please recheck the objects properties to make sure the desired element is located. 

2020-09-28 23:41:57 - [MESSAGE][FAILED] - Unable to click on object 'Object Repository/Page_Workgroups  GRiD/a_FG3D' (Root cause: com.kms.katalon.core.exception.StepFailedException: Unable to click on object 'Object Repository/Page_Workgroups  GRiD/a_FG3D'
	at com.kms.katalon.core.webui.keyword.internal.WebUIKeywordMain.stepFailed(WebUIKeywordMain.groovy:64)
	at com.kms.katalon.core.webui.keyword.internal.WebUIKeywordMain.runKeyword(WebUIKeywordMain.groovy:26)
	at com.kms.katalon.core.webui.keyword.builtin.ClickKeyword.click(ClickKeyword.groovy:76)
	at com.kms.katalon.core.webui.keyword.builtin.ClickKeyword.execute(ClickKeyword.groovy:43)
	at com.kms.katalon.core.keyword.internal.KeywordExecutor.executeKeywordForPlatform(KeywordExecutor.groovy:73)
	at com.kms.katalon.core.webui.keyword.WebUiBuiltInKeywords.click(WebUiBuiltInKeywords.groovy:616)
	at com.kms.katalon.core.webui.keyword.WebUiBuiltInKeywords$click$1.call(Unknown Source)
	at FG3D Test - Stragetic.run(FG3D Test - Stragetic:28)
	at com.kms.katalon.core.main.ScriptEngine.run(ScriptEngine.java:194)
	at com.kms.katalon.core.main.ScriptEngine.runScriptAsRawText(ScriptEngine.java:119)
	at com.kms.katalon.core.main.TestCaseExecutor.runScript(TestCaseExecutor.java:339)
	at com.kms.katalon.core.main.TestCaseExecutor.doExecute(TestCaseExecutor.java:330)
	at com.kms.katalon.core.main.TestCaseExecutor.processExecutionPhase(TestCaseExecutor.java:309)
	at com.kms.katalon.core.main.TestCaseExecutor.accessMainPhase(TestCaseExecutor.java:301)
	at com.kms.katalon.core.main.TestCaseExecutor.execute(TestCaseExecutor.java:235)
	at com.kms.katalon.core.main.TestSuiteExecutor.accessTestCaseMainPhase(TestSuiteExecutor.java:191)
	at com.kms.katalon.core.main.TestSuiteExecutor.accessTestSuiteMainPhase(TestSuiteExecutor.java:141)
	at com.kms.katalon.core.main.TestSuiteExecutor.execute(TestSuiteExecutor.java:90)
	at com.kms.katalon.core.main.TestCaseMain.startTestSuite(TestCaseMain.java:157)
	at com.kms.katalon.core.main.TestCaseMain$startTestSuite$0.call(Unknown Source)
	at TempTestSuite1601324593621.run(TempTestSuite1601324593621.groovy:39)
Caused by: com.kms.katalon.core.webui.exception.WebElementNotFoundException: Web element with id: 'Object Repository/Page_Workgroups  GRiD/a_FG3D' located by '//div[@id='workgroupExportTree']/a[10]' not found
	at com.kms.katalon.core.webui.common.WebUiCommonHelper.findWebElement(WebUiCommonHelper.java:1368)
	at com.kms.katalon.core.webui.keyword.internal.WebUIAbstractKeyword.findWebElement(WebUIAbstractKeyword.groovy:27)
	at com.kms.katalon.core.webui.keyword.internal.WebUIAbstractKeyword.findWebElement(WebUIAbstractKeyword.groovy:26)
	at com.kms.katalon.core.webui.keyword.builtin.ClickKeyword$_click_closure1.doCall(ClickKeyword.groovy:67)
	at com.kms.katalon.core.webui.keyword.builtin.ClickKeyword$_click_closure1.call(ClickKeyword.groovy)
	at com.kms.katalon.core.webui.keyword.internal.WebUIKeywordMain.runKeyword(WebUIKeywordMain.groovy:20)
	at com.kms.katalon.core.webui.keyword.builtin.ClickKeyword.click(ClickKeyword.groovy:76)
	at com.kms.katalon.core.webui.keyword.builtin.ClickKeyword.execute(ClickKeyword.groovy:43)
	at com.kms.katalon.core.keyword.internal.KeywordExecutor.executeKeywordForPlatform(KeywordExecutor.groovy:73)
	at com.kms.katalon.core.webui.keyword.WebUiBuiltInKeywords.click(WebUiBuiltInKeywords.groovy:616)
	at com.kms.katalon.core.webui.keyword.WebUiBuiltInKeywords$click$1.call(Unknown Source)
	at Script1599149155505.run(Script1599149155505.groovy:28)
	... 13 more
)
[[ATTACHMENT|/Users/bhavikpatel/Downloads/Projects/CRREL/GRiD/Automation Testing/Automation Testing Project/KatalonTesting/Reports/20200928_162313/GRiD FG3D/20200928_162313/1601350917209.png]]]]></system-out>
         <system-err><![CDATA[2020-09-28 23:40:40 - [TEST_CASE][FAILED] - Test Cases/FG3D/FG3D Test - Stragetic: Test Cases/FG3D/FG3D Test - Stragetic FAILED.
Reason:
com.kms.katalon.core.exception.StepFailedException: Unable to click on object 'Object Repository/Page_Workgroups  GRiD/a_FG3D'
	at com.kms.katalon.core.webui.keyword.internal.WebUIKeywordMain.stepFailed(WebUIKeywordMain.groovy:64)
	at com.kms.katalon.core.webui.keyword.internal.WebUIKeywordMain.runKeyword(WebUIKeywordMain.groovy:26)
	at com.kms.katalon.core.webui.keyword.builtin.ClickKeyword.click(ClickKeyword.groovy:76)
	at com.kms.katalon.core.webui.keyword.builtin.ClickKeyword.execute(ClickKeyword.groovy:43)
	at com.kms.katalon.core.keyword.internal.KeywordExecutor.executeKeywordForPlatform(KeywordExecutor.groovy:73)
	at com.kms.katalon.core.webui.keyword.WebUiBuiltInKeywords.click(WebUiBuiltInKeywords.groovy:616)
	at com.kms.katalon.core.webui.keyword.WebUiBuiltInKeywords$click$1.call(Unknown Source)
	at FG3D Test - Stragetic.run(FG3D Test - Stragetic:28)
	at com.kms.katalon.core.main.ScriptEngine.run(ScriptEngine.java:194)
	at com.kms.katalon.core.main.ScriptEngine.runScriptAsRawText(ScriptEngine.java:119)
	at com.kms.katalon.core.main.TestCaseExecutor.runScript(TestCaseExecutor.java:339)
	at com.kms.katalon.core.main.TestCaseExecutor.doExecute(TestCaseExecutor.java:330)
	at com.kms.katalon.core.main.TestCaseExecutor.processExecutionPhase(TestCaseExecutor.java:309)
	at com.kms.katalon.core.main.TestCaseExecutor.accessMainPhase(TestCaseExecutor.java:301)
	at com.kms.katalon.core.main.TestCaseExecutor.execute(TestCaseExecutor.java:235)
	at com.kms.katalon.core.main.TestSuiteExecutor.accessTestCaseMainPhase(TestSuiteExecutor.java:191)
	at com.kms.katalon.core.main.TestSuiteExecutor.accessTestSuiteMainPhase(TestSuiteExecutor.java:141)
	at com.kms.katalon.core.main.TestSuiteExecutor.execute(TestSuiteExecutor.java:90)
	at com.kms.katalon.core.main.TestCaseMain.startTestSuite(TestCaseMain.java:157)
	at com.kms.katalon.core.main.TestCaseMain$startTestSuite$0.call(Unknown Source)
	at TempTestSuite1601324593621.run(TempTestSuite1601324593621.groovy:39)
Caused by: com.kms.katalon.core.webui.exception.WebElementNotFoundException: Web element with id: 'Object Repository/Page_Workgroups  GRiD/a_FG3D' located by '//div[@id='workgroupExportTree']/a[10]' not found
	at com.kms.katalon.core.webui.common.WebUiCommonHelper.findWebElement(WebUiCommonHelper.java:1368)
	at com.kms.katalon.core.webui.keyword.internal.WebUIAbstractKeyword.findWebElement(WebUIAbstractKeyword.groovy:27)
	at com.kms.katalon.core.webui.keyword.internal.WebUIAbstractKeyword.findWebElement(WebUIAbstractKeyword.groovy:26)
	at com.kms.katalon.core.webui.keyword.builtin.ClickKeyword$_click_closure1.doCall(ClickKeyword.groovy:67)
	at com.kms.katalon.core.webui.keyword.builtin.ClickKeyword$_click_closure1.call(ClickKeyword.groovy)
	at com.kms.katalon.core.webui.keyword.internal.WebUIKeywordMain.runKeyword(WebUIKeywordMain.groovy:20)
	... 19 more]]></system-err>
      </testcase>
      <testcase name="Test Cases/FG3D/FG3D Test - Stragetic" time="77.162" classname="Test Cases/FG3D/FG3D Test - Stragetic" status="FAILED">
         <failure type="FAILED" message="Test Cases/FG3D/FG3D Test - Stragetic FAILED.
Reason:
com.kms.katalon.core.exception.StepFailedException: Unable to click on object 'Object Repository/Page_Workgroups  GRiD/a_FG3D'
	at com.kms.katalon.core.webui.keyword.internal.WebUIKeywordMain.stepFailed(WebUIKeywordMain.groovy:64)
	at com.kms.katalon.core.webui.keyword.internal.WebUIKeywordMain.runKeyword(WebUIKeywordMain.groovy:26)
	at com.kms.katalon.core.webui.keyword.builtin.ClickKeyword.click(ClickKeyword.groovy:76)
	at com.kms.katalon.core.webui.keyword.builtin.ClickKeyword.execute(ClickKeyword.groovy:43)
	at com.kms.katalon.core.keyword.internal.KeywordExecutor.executeKeywordForPlatform(KeywordExecutor.groovy:73)
	at com.kms.katalon.core.webui.keyword.WebUiBuiltInKeywords.click(WebUiBuiltInKeywords.groovy:616)
	at com.kms.katalon.core.webui.keyword.WebUiBuiltInKeywords$click$1.call(Unknown Source)
	at FG3D Test - Stragetic.run(FG3D Test - Stragetic:28)
	at com.kms.katalon.core.main.ScriptEngine.run(ScriptEngine.java:194)
	at com.kms.katalon.core.main.ScriptEngine.runScriptAsRawText(ScriptEngine.java:119)
	at com.kms.katalon.core.main.TestCaseExecutor.runScript(TestCaseExecutor.java:339)
	at com.kms.katalon.core.main.TestCaseExecutor.doExecute(TestCaseExecutor.java:330)
	at com.kms.katalon.core.main.TestCaseExecutor.processExecutionPhase(TestCaseExecutor.java:309)
	at com.kms.katalon.core.main.TestCaseExecutor.accessMainPhase(TestCaseExecutor.java:301)
	at com.kms.katalon.core.main.TestCaseExecutor.execute(TestCaseExecutor.java:235)
	at com.kms.katalon.core.main.TestSuiteExecutor.accessTestCaseMainPhase(TestSuiteExecutor.java:191)
	at com.kms.katalon.core.main.TestSuiteExecutor.accessTestSuiteMainPhase(TestSuiteExecutor.java:141)
	at com.kms.katalon.core.main.TestSuiteExecutor.execute(TestSuiteExecutor.java:90)
	at com.kms.katalon.core.main.TestCaseMain.startTestSuite(TestCaseMain.java:157)
	at com.kms.katalon.core.main.TestCaseMain$startTestSuite$0.call(Unknown Source)
	at TempTestSuite1601324593621.run(TempTestSuite1601324593621.groovy:39)
Caused by: com.kms.katalon.core.webui.exception.WebElementNotFoundException: Web element with id: 'Object Repository/Page_Workgroups  GRiD/a_FG3D' located by '//div[@id='workgroupExportTree']/a[10]' not found
	at com.kms.katalon.core.webui.common.WebUiCommonHelper.findWebElement(WebUiCommonHelper.java:1368)
	at com.kms.katalon.core.webui.keyword.internal.WebUIAbstractKeyword.findWebElement(WebUIAbstractKeyword.groovy:27)
	at com.kms.katalon.core.webui.keyword.internal.WebUIAbstractKeyword.findWebElement(WebUIAbstractKeyword.groovy:26)
	at com.kms.katalon.core.webui.keyword.builtin.ClickKeyword$_click_closure1.doCall(ClickKeyword.groovy:67)
	at com.kms.katalon.core.webui.keyword.builtin.ClickKeyword$_click_closure1.call(ClickKeyword.groovy)
	at com.kms.katalon.core.webui.keyword.internal.WebUIKeywordMain.runKeyword(WebUIKeywordMain.groovy:20)
	... 19 more
"/>
         <system-out><![CDATA[2020-09-28 23:41:57 - [TEST_CASE][FAILED] - Test Cases/FG3D/FG3D Test - Stragetic: Test Cases/FG3D/FG3D Test - Stragetic FAILED.
Reason:
com.kms.katalon.core.exception.StepFailedException: Unable to click on object 'Object Repository/Page_Workgroups  GRiD/a_FG3D'
	at com.kms.katalon.core.webui.keyword.internal.WebUIKeywordMain.stepFailed(WebUIKeywordMain.groovy:64)
	at com.kms.katalon.core.webui.keyword.internal.WebUIKeywordMain.runKeyword(WebUIKeywordMain.groovy:26)
	at com.kms.katalon.core.webui.keyword.builtin.ClickKeyword.click(ClickKeyword.groovy:76)
	at com.kms.katalon.core.webui.keyword.builtin.ClickKeyword.execute(ClickKeyword.groovy:43)
	at com.kms.katalon.core.keyword.internal.KeywordExecutor.executeKeywordForPlatform(KeywordExecutor.groovy:73)
	at com.kms.katalon.core.webui.keyword.WebUiBuiltInKeywords.click(WebUiBuiltInKeywords.groovy:616)
	at com.kms.katalon.core.webui.keyword.WebUiBuiltInKeywords$click$1.call(Unknown Source)
	at FG3D Test - Stragetic.run(FG3D Test - Stragetic:28)
	at com.kms.katalon.core.main.ScriptEngine.run(ScriptEngine.java:194)
	at com.kms.katalon.core.main.ScriptEngine.runScriptAsRawText(ScriptEngine.java:119)
	at com.kms.katalon.core.main.TestCaseExecutor.runScript(TestCaseExecutor.java:339)
	at com.kms.katalon.core.main.TestCaseExecutor.doExecute(TestCaseExecutor.java:330)
	at com.kms.katalon.core.main.TestCaseExecutor.processExecutionPhase(TestCaseExecutor.java:309)
	at com.kms.katalon.core.main.TestCaseExecutor.accessMainPhase(TestCaseExecutor.java:301)
	at com.kms.katalon.core.main.TestCaseExecutor.execute(TestCaseExecutor.java:235)
	at com.kms.katalon.core.main.TestSuiteExecutor.accessTestCaseMainPhase(TestSuiteExecutor.java:191)
	at com.kms.katalon.core.main.TestSuiteExecutor.accessTestSuiteMainPhase(TestSuiteExecutor.java:141)
	at com.kms.katalon.core.main.TestSuiteExecutor.execute(TestSuiteExecutor.java:90)
	at com.kms.katalon.core.main.TestCaseMain.startTestSuite(TestCaseMain.java:157)
	at com.kms.katalon.core.main.TestCaseMain$startTestSuite$0.call(Unknown Source)
	at TempTestSuite1601324593621.run(TempTestSuite1601324593621.groovy:39)
Caused by: com.kms.katalon.core.webui.exception.WebElementNotFoundException: Web element with id: 'Object Repository/Page_Workgroups  GRiD/a_FG3D' located by '//div[@id='workgroupExportTree']/a[10]' not found
	at com.kms.katalon.core.webui.common.WebUiCommonHelper.findWebElement(WebUiCommonHelper.java:1368)
	at com.kms.katalon.core.webui.keyword.internal.WebUIAbstractKeyword.findWebElement(WebUIAbstractKeyword.groovy:27)
	at com.kms.katalon.core.webui.keyword.internal.WebUIAbstractKeyword.findWebElement(WebUIAbstractKeyword.groovy:26)
	at com.kms.katalon.core.webui.keyword.builtin.ClickKeyword$_click_closure1.doCall(ClickKeyword.groovy:67)
	at com.kms.katalon.core.webui.keyword.builtin.ClickKeyword$_click_closure1.call(ClickKeyword.groovy)
	at com.kms.katalon.core.webui.keyword.internal.WebUIKeywordMain.runKeyword(WebUIKeywordMain.groovy:20)
	... 19 more


2020-09-28 23:41:57 - [TEST_STEP][PASSED] - openBrowser(""): Browser is opened with url: ''

2020-09-28 23:41:57 - [MESSAGE][WARNING] - A browser is already opened. Closing browser and opening a new one

2020-09-28 23:41:57 - [MESSAGE][INFO] - Starting 'Chrome' driver

2020-09-28 23:41:57 - [MESSAGE][INFO] - Action delay is set to 0 milliseconds

2020-09-28 23:41:58 - [MESSAGE][PASSED] - Browser is opened with url: ''

2020-09-28 23:41:58 - [TEST_STEP][PASSED] - navigateToUrl("https://grid.nga.mil/testgrid/"): Navigate to 'https://grid.nga.mil/testgrid/' successfully

2020-09-28 23:42:01 - [MESSAGE][PASSED] - Navigate to 'https://grid.nga.mil/testgrid/' successfully

2020-09-28 23:42:01 - [TEST_STEP][PASSED] - click(findTestObject("Page_Home  GRiD/a_CAC  GEOAxIS Login")): Object: 'Object Repository/Page_Home  GRiD/a_CAC  GEOAxIS Login' is clicked on

2020-09-28 23:42:06 - [MESSAGE][PASSED] - Object: 'Object Repository/Page_Home  GRiD/a_CAC  GEOAxIS Login' is clicked on

2020-09-28 23:42:06 - [TEST_STEP][PASSED] - click(findTestObject("Page_Home  GRiD/a_Share")): Object: 'Object Repository/Page_Home  GRiD/a_Share' is clicked on

2020-09-28 23:42:37 - [MESSAGE][INFO] - Unable to find the element located by 'By.xpath: //div[@id='navbarToggle']/ul/li[5]/a'. Please recheck the objects properties to make sure the desired element is located. 

2020-09-28 23:42:37 - [MESSAGE][WARNING] - [SELF-HEALING] Failed to find element with id 'Object Repository/Page_Home  GRiD/a_Share'. Try using Self-healing.

2020-09-28 23:42:38 - [MESSAGE][WARNING] - [SELF-HEALING] The current locator of test object 'Object Repository/Page_Home  GRiD/a_Share' was broken. Propose an alternative one: '//li[5]/a'.

2020-09-28 23:42:38 - [MESSAGE][PASSED] - Object: 'Object Repository/Page_Home  GRiD/a_Share' is clicked on

2020-09-28 23:42:38 - [TEST_STEP][FAILED] - click(findTestObject("Page_Workgroups  GRiD/a_FG3D")): Unable to click on object 'Object Repository/Page_Workgroups  GRiD/a_FG3D' (Root cause: com.kms.katalon.core.exception.StepFailedException: Unable to click on object 'Object Repository/Page_Workgroups  GRiD/a_FG3D'
	at com.kms.katalon.core.webui.keyword.internal.WebUIKeywordMain.stepFailed(WebUIKeywordMain.groovy:64)
	at com.kms.katalon.core.webui.keyword.internal.WebUIKeywordMain.runKeyword(WebUIKeywordMain.groovy:26)
	at com.kms.katalon.core.webui.keyword.builtin.ClickKeyword.click(ClickKeyword.groovy:76)
	at com.kms.katalon.core.webui.keyword.builtin.ClickKeyword.execute(ClickKeyword.groovy:43)
	at com.kms.katalon.core.keyword.internal.KeywordExecutor.executeKeywordForPlatform(KeywordExecutor.groovy:73)
	at com.kms.katalon.core.webui.keyword.WebUiBuiltInKeywords.click(WebUiBuiltInKeywords.groovy:616)
	at com.kms.katalon.core.webui.keyword.WebUiBuiltInKeywords$click$1.call(Unknown Source)
	at FG3D Test - Stragetic.run(FG3D Test - Stragetic:28)
	at com.kms.katalon.core.main.ScriptEngine.run(ScriptEngine.java:194)
	at com.kms.katalon.core.main.ScriptEngine.runScriptAsRawText(ScriptEngine.java:119)
	at com.kms.katalon.core.main.TestCaseExecutor.runScript(TestCaseExecutor.java:339)
	at com.kms.katalon.core.main.TestCaseExecutor.doExecute(TestCaseExecutor.java:330)
	at com.kms.katalon.core.main.TestCaseExecutor.processExecutionPhase(TestCaseExecutor.java:309)
	at com.kms.katalon.core.main.TestCaseExecutor.accessMainPhase(TestCaseExecutor.java:301)
	at com.kms.katalon.core.main.TestCaseExecutor.execute(TestCaseExecutor.java:235)
	at com.kms.katalon.core.main.TestSuiteExecutor.accessTestCaseMainPhase(TestSuiteExecutor.java:191)
	at com.kms.katalon.core.main.TestSuiteExecutor.accessTestSuiteMainPhase(TestSuiteExecutor.java:141)
	at com.kms.katalon.core.main.TestSuiteExecutor.execute(TestSuiteExecutor.java:90)
	at com.kms.katalon.core.main.TestCaseMain.startTestSuite(TestCaseMain.java:157)
	at com.kms.katalon.core.main.TestCaseMain$startTestSuite$0.call(Unknown Source)
	at TempTestSuite1601324593621.run(TempTestSuite1601324593621.groovy:39)
Caused by: com.kms.katalon.core.webui.exception.WebElementNotFoundException: Web element with id: 'Object Repository/Page_Workgroups  GRiD/a_FG3D' located by '//div[@id='workgroupExportTree']/a[10]' not found
	at com.kms.katalon.core.webui.common.WebUiCommonHelper.findWebElement(WebUiCommonHelper.java:1368)
	at com.kms.katalon.core.webui.keyword.internal.WebUIAbstractKeyword.findWebElement(WebUIAbstractKeyword.groovy:27)
	at com.kms.katalon.core.webui.keyword.internal.WebUIAbstractKeyword.findWebElement(WebUIAbstractKeyword.groovy:26)
	at com.kms.katalon.core.webui.keyword.builtin.ClickKeyword$_click_closure1.doCall(ClickKeyword.groovy:67)
	at com.kms.katalon.core.webui.keyword.builtin.ClickKeyword$_click_closure1.call(ClickKeyword.groovy)
	at com.kms.katalon.core.webui.keyword.internal.WebUIKeywordMain.runKeyword(WebUIKeywordMain.groovy:20)
	at com.kms.katalon.core.webui.keyword.builtin.ClickKeyword.click(ClickKeyword.groovy:76)
	at com.kms.katalon.core.webui.keyword.builtin.ClickKeyword.execute(ClickKeyword.groovy:43)
	at com.kms.katalon.core.keyword.internal.KeywordExecutor.executeKeywordForPlatform(KeywordExecutor.groovy:73)
	at com.kms.katalon.core.webui.keyword.WebUiBuiltInKeywords.click(WebUiBuiltInKeywords.groovy:616)
	at com.kms.katalon.core.webui.keyword.WebUiBuiltInKeywords$click$1.call(Unknown Source)
	at Script1599149155505.run(Script1599149155505.groovy:28)
	... 13 more
)

2020-09-28 23:43:09 - [MESSAGE][INFO] - Unable to find the element located by 'By.xpath: //div[@id='workgroupExportTree']/a[10]'. Please recheck the objects properties to make sure the desired element is located. 

2020-09-28 23:43:09 - [MESSAGE][WARNING] - [SELF-HEALING] Failed to find element with id 'Object Repository/Page_Workgroups  GRiD/a_FG3D'. Try using Self-healing.

2020-09-28 23:43:09 - [MESSAGE][INFO] - [SELF-HEALING] Failed Locator: '//div[@id='workgroupExportTree']/a[10]'.

2020-09-28 23:43:09 - [MESSAGE][INFO] - [SELF-HEALING] Failed Locator: '//a[contains(text(),'FG3D')]'.

2020-09-28 23:43:10 - [MESSAGE][INFO] - [SELF-HEALING] Failed Locator: '(.//*[normalize-space(text()) and normalize-space(.)='DTED2 DTM'])[1]/following::a[1]'.

2020-09-28 23:43:10 - [MESSAGE][INFO] - [SELF-HEALING] Failed Locator: '(.//*[normalize-space(text()) and normalize-space(.)='DTED0 DTM'])[1]/following::a[2]'.

2020-09-28 23:43:10 - [MESSAGE][INFO] - [SELF-HEALING] Failed Locator: '(.//*[normalize-space(text()) and normalize-space(.)='SRT2F DSM'])[1]/preceding::a[1]'.

2020-09-28 23:43:10 - [MESSAGE][INFO] - [SELF-HEALING] Failed Locator: '(.//*[normalize-space(text()) and normalize-space(.)='TDT DSM'])[1]/preceding::a[2]'.

2020-09-28 23:43:11 - [MESSAGE][INFO] - [SELF-HEALING] Failed Locator: '//*/text()[normalize-space(.)='FG3D']/parent::*'.

2020-09-28 23:43:11 - [MESSAGE][INFO] - [SELF-HEALING] Failed Locator: '//a[contains(@href, '/testgrid/export/aoi/36914/')]'.

2020-09-28 23:43:12 - [MESSAGE][INFO] - [SELF-HEALING] Failed Locator: '//div[2]/a[10]'.

2020-09-28 23:43:13 - [MESSAGE][INFO] - Unable to find the element located by 'By.xpath: //*[@href = '/testgrid/export/aoi/36914/' and (text() = '
            FG3D
            
              
              
            
          ' or . = '
            FG3D
            
              
              
            
          ')]'. Please recheck the objects properties to make sure the desired element is located. 

2020-09-28 23:43:14 - [MESSAGE][INFO] - Unable to find the element located by 'By.cssSelector: '. Please recheck the objects properties to make sure the desired element is located. 

2020-09-28 23:43:14 - [MESSAGE][FAILED] - Unable to click on object 'Object Repository/Page_Workgroups  GRiD/a_FG3D' (Root cause: com.kms.katalon.core.exception.StepFailedException: Unable to click on object 'Object Repository/Page_Workgroups  GRiD/a_FG3D'
	at com.kms.katalon.core.webui.keyword.internal.WebUIKeywordMain.stepFailed(WebUIKeywordMain.groovy:64)
	at com.kms.katalon.core.webui.keyword.internal.WebUIKeywordMain.runKeyword(WebUIKeywordMain.groovy:26)
	at com.kms.katalon.core.webui.keyword.builtin.ClickKeyword.click(ClickKeyword.groovy:76)
	at com.kms.katalon.core.webui.keyword.builtin.ClickKeyword.execute(ClickKeyword.groovy:43)
	at com.kms.katalon.core.keyword.internal.KeywordExecutor.executeKeywordForPlatform(KeywordExecutor.groovy:73)
	at com.kms.katalon.core.webui.keyword.WebUiBuiltInKeywords.click(WebUiBuiltInKeywords.groovy:616)
	at com.kms.katalon.core.webui.keyword.WebUiBuiltInKeywords$click$1.call(Unknown Source)
	at FG3D Test - Stragetic.run(FG3D Test - Stragetic:28)
	at com.kms.katalon.core.main.ScriptEngine.run(ScriptEngine.java:194)
	at com.kms.katalon.core.main.ScriptEngine.runScriptAsRawText(ScriptEngine.java:119)
	at com.kms.katalon.core.main.TestCaseExecutor.runScript(TestCaseExecutor.java:339)
	at com.kms.katalon.core.main.TestCaseExecutor.doExecute(TestCaseExecutor.java:330)
	at com.kms.katalon.core.main.TestCaseExecutor.processExecutionPhase(TestCaseExecutor.java:309)
	at com.kms.katalon.core.main.TestCaseExecutor.accessMainPhase(TestCaseExecutor.java:301)
	at com.kms.katalon.core.main.TestCaseExecutor.execute(TestCaseExecutor.java:235)
	at com.kms.katalon.core.main.TestSuiteExecutor.accessTestCaseMainPhase(TestSuiteExecutor.java:191)
	at com.kms.katalon.core.main.TestSuiteExecutor.accessTestSuiteMainPhase(TestSuiteExecutor.java:141)
	at com.kms.katalon.core.main.TestSuiteExecutor.execute(TestSuiteExecutor.java:90)
	at com.kms.katalon.core.main.TestCaseMain.startTestSuite(TestCaseMain.java:157)
	at com.kms.katalon.core.main.TestCaseMain$startTestSuite$0.call(Unknown Source)
	at TempTestSuite1601324593621.run(TempTestSuite1601324593621.groovy:39)
Caused by: com.kms.katalon.core.webui.exception.WebElementNotFoundException: Web element with id: 'Object Repository/Page_Workgroups  GRiD/a_FG3D' located by '//div[@id='workgroupExportTree']/a[10]' not found
	at com.kms.katalon.core.webui.common.WebUiCommonHelper.findWebElement(WebUiCommonHelper.java:1368)
	at com.kms.katalon.core.webui.keyword.internal.WebUIAbstractKeyword.findWebElement(WebUIAbstractKeyword.groovy:27)
	at com.kms.katalon.core.webui.keyword.internal.WebUIAbstractKeyword.findWebElement(WebUIAbstractKeyword.groovy:26)
	at com.kms.katalon.core.webui.keyword.builtin.ClickKeyword$_click_closure1.doCall(ClickKeyword.groovy:67)
	at com.kms.katalon.core.webui.keyword.builtin.ClickKeyword$_click_closure1.call(ClickKeyword.groovy)
	at com.kms.katalon.core.webui.keyword.internal.WebUIKeywordMain.runKeyword(WebUIKeywordMain.groovy:20)
	at com.kms.katalon.core.webui.keyword.builtin.ClickKeyword.click(ClickKeyword.groovy:76)
	at com.kms.katalon.core.webui.keyword.builtin.ClickKeyword.execute(ClickKeyword.groovy:43)
	at com.kms.katalon.core.keyword.internal.KeywordExecutor.executeKeywordForPlatform(KeywordExecutor.groovy:73)
	at com.kms.katalon.core.webui.keyword.WebUiBuiltInKeywords.click(WebUiBuiltInKeywords.groovy:616)
	at com.kms.katalon.core.webui.keyword.WebUiBuiltInKeywords$click$1.call(Unknown Source)
	at Script1599149155505.run(Script1599149155505.groovy:28)
	... 13 more
)
[[ATTACHMENT|/Users/bhavikpatel/Downloads/Projects/CRREL/GRiD/Automation Testing/Automation Testing Project/KatalonTesting/Reports/20200928_162313/GRiD FG3D/20200928_162313/1601350994399.png]]]]></system-out>
         <system-err><![CDATA[2020-09-28 23:41:57 - [TEST_CASE][FAILED] - Test Cases/FG3D/FG3D Test - Stragetic: Test Cases/FG3D/FG3D Test - Stragetic FAILED.
Reason:
com.kms.katalon.core.exception.StepFailedException: Unable to click on object 'Object Repository/Page_Workgroups  GRiD/a_FG3D'
	at com.kms.katalon.core.webui.keyword.internal.WebUIKeywordMain.stepFailed(WebUIKeywordMain.groovy:64)
	at com.kms.katalon.core.webui.keyword.internal.WebUIKeywordMain.runKeyword(WebUIKeywordMain.groovy:26)
	at com.kms.katalon.core.webui.keyword.builtin.ClickKeyword.click(ClickKeyword.groovy:76)
	at com.kms.katalon.core.webui.keyword.builtin.ClickKeyword.execute(ClickKeyword.groovy:43)
	at com.kms.katalon.core.keyword.internal.KeywordExecutor.executeKeywordForPlatform(KeywordExecutor.groovy:73)
	at com.kms.katalon.core.webui.keyword.WebUiBuiltInKeywords.click(WebUiBuiltInKeywords.groovy:616)
	at com.kms.katalon.core.webui.keyword.WebUiBuiltInKeywords$click$1.call(Unknown Source)
	at FG3D Test - Stragetic.run(FG3D Test - Stragetic:28)
	at com.kms.katalon.core.main.ScriptEngine.run(ScriptEngine.java:194)
	at com.kms.katalon.core.main.ScriptEngine.runScriptAsRawText(ScriptEngine.java:119)
	at com.kms.katalon.core.main.TestCaseExecutor.runScript(TestCaseExecutor.java:339)
	at com.kms.katalon.core.main.TestCaseExecutor.doExecute(TestCaseExecutor.java:330)
	at com.kms.katalon.core.main.TestCaseExecutor.processExecutionPhase(TestCaseExecutor.java:309)
	at com.kms.katalon.core.main.TestCaseExecutor.accessMainPhase(TestCaseExecutor.java:301)
	at com.kms.katalon.core.main.TestCaseExecutor.execute(TestCaseExecutor.java:235)
	at com.kms.katalon.core.main.TestSuiteExecutor.accessTestCaseMainPhase(TestSuiteExecutor.java:191)
	at com.kms.katalon.core.main.TestSuiteExecutor.accessTestSuiteMainPhase(TestSuiteExecutor.java:141)
	at com.kms.katalon.core.main.TestSuiteExecutor.execute(TestSuiteExecutor.java:90)
	at com.kms.katalon.core.main.TestCaseMain.startTestSuite(TestCaseMain.java:157)
	at com.kms.katalon.core.main.TestCaseMain$startTestSuite$0.call(Unknown Source)
	at TempTestSuite1601324593621.run(TempTestSuite1601324593621.groovy:39)
Caused by: com.kms.katalon.core.webui.exception.WebElementNotFoundException: Web element with id: 'Object Repository/Page_Workgroups  GRiD/a_FG3D' located by '//div[@id='workgroupExportTree']/a[10]' not found
	at com.kms.katalon.core.webui.common.WebUiCommonHelper.findWebElement(WebUiCommonHelper.java:1368)
	at com.kms.katalon.core.webui.keyword.internal.WebUIAbstractKeyword.findWebElement(WebUIAbstractKeyword.groovy:27)
	at com.kms.katalon.core.webui.keyword.internal.WebUIAbstractKeyword.findWebElement(WebUIAbstractKeyword.groovy:26)
	at com.kms.katalon.core.webui.keyword.builtin.ClickKeyword$_click_closure1.doCall(ClickKeyword.groovy:67)
	at com.kms.katalon.core.webui.keyword.builtin.ClickKeyword$_click_closure1.call(ClickKeyword.groovy)
	at com.kms.katalon.core.webui.keyword.internal.WebUIKeywordMain.runKeyword(WebUIKeywordMain.groovy:20)
	... 19 more]]></system-err>
      </testcase>
      <testcase name="Test Cases/FG3D/FG3D Test - Stragetic" time="78.651" classname="Test Cases/FG3D/FG3D Test - Stragetic" status="FAILED">
         <failure type="FAILED" message="Test Cases/FG3D/FG3D Test - Stragetic FAILED.
Reason:
com.kms.katalon.core.exception.StepFailedException: Unable to click on object 'Object Repository/Page_Workgroups  GRiD/a_FG3D'
	at com.kms.katalon.core.webui.keyword.internal.WebUIKeywordMain.stepFailed(WebUIKeywordMain.groovy:64)
	at com.kms.katalon.core.webui.keyword.internal.WebUIKeywordMain.runKeyword(WebUIKeywordMain.groovy:26)
	at com.kms.katalon.core.webui.keyword.builtin.ClickKeyword.click(ClickKeyword.groovy:76)
	at com.kms.katalon.core.webui.keyword.builtin.ClickKeyword.execute(ClickKeyword.groovy:43)
	at com.kms.katalon.core.keyword.internal.KeywordExecutor.executeKeywordForPlatform(KeywordExecutor.groovy:73)
	at com.kms.katalon.core.webui.keyword.WebUiBuiltInKeywords.click(WebUiBuiltInKeywords.groovy:616)
	at com.kms.katalon.core.webui.keyword.WebUiBuiltInKeywords$click$1.call(Unknown Source)
	at FG3D Test - Stragetic.run(FG3D Test - Stragetic:28)
	at com.kms.katalon.core.main.ScriptEngine.run(ScriptEngine.java:194)
	at com.kms.katalon.core.main.ScriptEngine.runScriptAsRawText(ScriptEngine.java:119)
	at com.kms.katalon.core.main.TestCaseExecutor.runScript(TestCaseExecutor.java:339)
	at com.kms.katalon.core.main.TestCaseExecutor.doExecute(TestCaseExecutor.java:330)
	at com.kms.katalon.core.main.TestCaseExecutor.processExecutionPhase(TestCaseExecutor.java:309)
	at com.kms.katalon.core.main.TestCaseExecutor.accessMainPhase(TestCaseExecutor.java:301)
	at com.kms.katalon.core.main.TestCaseExecutor.execute(TestCaseExecutor.java:235)
	at com.kms.katalon.core.main.TestSuiteExecutor.accessTestCaseMainPhase(TestSuiteExecutor.java:191)
	at com.kms.katalon.core.main.TestSuiteExecutor.accessTestSuiteMainPhase(TestSuiteExecutor.java:141)
	at com.kms.katalon.core.main.TestSuiteExecutor.execute(TestSuiteExecutor.java:90)
	at com.kms.katalon.core.main.TestCaseMain.startTestSuite(TestCaseMain.java:157)
	at com.kms.katalon.core.main.TestCaseMain$startTestSuite$0.call(Unknown Source)
	at TempTestSuite1601324593621.run(TempTestSuite1601324593621.groovy:39)
Caused by: com.kms.katalon.core.webui.exception.WebElementNotFoundException: Web element with id: 'Object Repository/Page_Workgroups  GRiD/a_FG3D' located by '//div[@id='workgroupExportTree']/a[10]' not found
	at com.kms.katalon.core.webui.common.WebUiCommonHelper.findWebElement(WebUiCommonHelper.java:1368)
	at com.kms.katalon.core.webui.keyword.internal.WebUIAbstractKeyword.findWebElement(WebUIAbstractKeyword.groovy:27)
	at com.kms.katalon.core.webui.keyword.internal.WebUIAbstractKeyword.findWebElement(WebUIAbstractKeyword.groovy:26)
	at com.kms.katalon.core.webui.keyword.builtin.ClickKeyword$_click_closure1.doCall(ClickKeyword.groovy:67)
	at com.kms.katalon.core.webui.keyword.builtin.ClickKeyword$_click_closure1.call(ClickKeyword.groovy)
	at com.kms.katalon.core.webui.keyword.internal.WebUIKeywordMain.runKeyword(WebUIKeywordMain.groovy:20)
	... 19 more
"/>
         <system-out><![CDATA[2020-09-28 23:43:14 - [TEST_CASE][FAILED] - Test Cases/FG3D/FG3D Test - Stragetic: Test Cases/FG3D/FG3D Test - Stragetic FAILED.
Reason:
com.kms.katalon.core.exception.StepFailedException: Unable to click on object 'Object Repository/Page_Workgroups  GRiD/a_FG3D'
	at com.kms.katalon.core.webui.keyword.internal.WebUIKeywordMain.stepFailed(WebUIKeywordMain.groovy:64)
	at com.kms.katalon.core.webui.keyword.internal.WebUIKeywordMain.runKeyword(WebUIKeywordMain.groovy:26)
	at com.kms.katalon.core.webui.keyword.builtin.ClickKeyword.click(ClickKeyword.groovy:76)
	at com.kms.katalon.core.webui.keyword.builtin.ClickKeyword.execute(ClickKeyword.groovy:43)
	at com.kms.katalon.core.keyword.internal.KeywordExecutor.executeKeywordForPlatform(KeywordExecutor.groovy:73)
	at com.kms.katalon.core.webui.keyword.WebUiBuiltInKeywords.click(WebUiBuiltInKeywords.groovy:616)
	at com.kms.katalon.core.webui.keyword.WebUiBuiltInKeywords$click$1.call(Unknown Source)
	at FG3D Test - Stragetic.run(FG3D Test - Stragetic:28)
	at com.kms.katalon.core.main.ScriptEngine.run(ScriptEngine.java:194)
	at com.kms.katalon.core.main.ScriptEngine.runScriptAsRawText(ScriptEngine.java:119)
	at com.kms.katalon.core.main.TestCaseExecutor.runScript(TestCaseExecutor.java:339)
	at com.kms.katalon.core.main.TestCaseExecutor.doExecute(TestCaseExecutor.java:330)
	at com.kms.katalon.core.main.TestCaseExecutor.processExecutionPhase(TestCaseExecutor.java:309)
	at com.kms.katalon.core.main.TestCaseExecutor.accessMainPhase(TestCaseExecutor.java:301)
	at com.kms.katalon.core.main.TestCaseExecutor.execute(TestCaseExecutor.java:235)
	at com.kms.katalon.core.main.TestSuiteExecutor.accessTestCaseMainPhase(TestSuiteExecutor.java:191)
	at com.kms.katalon.core.main.TestSuiteExecutor.accessTestSuiteMainPhase(TestSuiteExecutor.java:141)
	at com.kms.katalon.core.main.TestSuiteExecutor.execute(TestSuiteExecutor.java:90)
	at com.kms.katalon.core.main.TestCaseMain.startTestSuite(TestCaseMain.java:157)
	at com.kms.katalon.core.main.TestCaseMain$startTestSuite$0.call(Unknown Source)
	at TempTestSuite1601324593621.run(TempTestSuite1601324593621.groovy:39)
Caused by: com.kms.katalon.core.webui.exception.WebElementNotFoundException: Web element with id: 'Object Repository/Page_Workgroups  GRiD/a_FG3D' located by '//div[@id='workgroupExportTree']/a[10]' not found
	at com.kms.katalon.core.webui.common.WebUiCommonHelper.findWebElement(WebUiCommonHelper.java:1368)
	at com.kms.katalon.core.webui.keyword.internal.WebUIAbstractKeyword.findWebElement(WebUIAbstractKeyword.groovy:27)
	at com.kms.katalon.core.webui.keyword.internal.WebUIAbstractKeyword.findWebElement(WebUIAbstractKeyword.groovy:26)
	at com.kms.katalon.core.webui.keyword.builtin.ClickKeyword$_click_closure1.doCall(ClickKeyword.groovy:67)
	at com.kms.katalon.core.webui.keyword.builtin.ClickKeyword$_click_closure1.call(ClickKeyword.groovy)
	at com.kms.katalon.core.webui.keyword.internal.WebUIKeywordMain.runKeyword(WebUIKeywordMain.groovy:20)
	... 19 more


2020-09-28 23:43:14 - [TEST_STEP][PASSED] - openBrowser(""): Browser is opened with url: ''

2020-09-28 23:43:14 - [MESSAGE][WARNING] - A browser is already opened. Closing browser and opening a new one

2020-09-28 23:43:14 - [MESSAGE][INFO] - Starting 'Chrome' driver

2020-09-28 23:43:14 - [MESSAGE][INFO] - Action delay is set to 0 milliseconds

2020-09-28 23:43:15 - [MESSAGE][PASSED] - Browser is opened with url: ''

2020-09-28 23:43:15 - [TEST_STEP][PASSED] - navigateToUrl("https://grid.nga.mil/testgrid/"): Navigate to 'https://grid.nga.mil/testgrid/' successfully

2020-09-28 23:43:18 - [MESSAGE][PASSED] - Navigate to 'https://grid.nga.mil/testgrid/' successfully

2020-09-28 23:43:18 - [TEST_STEP][PASSED] - click(findTestObject("Page_Home  GRiD/a_CAC  GEOAxIS Login")): Object: 'Object Repository/Page_Home  GRiD/a_CAC  GEOAxIS Login' is clicked on

2020-09-28 23:43:25 - [MESSAGE][PASSED] - Object: 'Object Repository/Page_Home  GRiD/a_CAC  GEOAxIS Login' is clicked on

2020-09-28 23:43:25 - [TEST_STEP][PASSED] - click(findTestObject("Page_Home  GRiD/a_Share")): Object: 'Object Repository/Page_Home  GRiD/a_Share' is clicked on

2020-09-28 23:43:56 - [MESSAGE][INFO] - Unable to find the element located by 'By.xpath: //div[@id='navbarToggle']/ul/li[5]/a'. Please recheck the objects properties to make sure the desired element is located. 

2020-09-28 23:43:56 - [MESSAGE][WARNING] - [SELF-HEALING] Failed to find element with id 'Object Repository/Page_Home  GRiD/a_Share'. Try using Self-healing.

2020-09-28 23:43:56 - [MESSAGE][WARNING] - [SELF-HEALING] The current locator of test object 'Object Repository/Page_Home  GRiD/a_Share' was broken. Propose an alternative one: '//li[5]/a'.

2020-09-28 23:43:56 - [MESSAGE][PASSED] - Object: 'Object Repository/Page_Home  GRiD/a_Share' is clicked on

2020-09-28 23:43:56 - [TEST_STEP][FAILED] - click(findTestObject("Page_Workgroups  GRiD/a_FG3D")): Unable to click on object 'Object Repository/Page_Workgroups  GRiD/a_FG3D' (Root cause: com.kms.katalon.core.exception.StepFailedException: Unable to click on object 'Object Repository/Page_Workgroups  GRiD/a_FG3D'
	at com.kms.katalon.core.webui.keyword.internal.WebUIKeywordMain.stepFailed(WebUIKeywordMain.groovy:64)
	at com.kms.katalon.core.webui.keyword.internal.WebUIKeywordMain.runKeyword(WebUIKeywordMain.groovy:26)
	at com.kms.katalon.core.webui.keyword.builtin.ClickKeyword.click(ClickKeyword.groovy:76)
	at com.kms.katalon.core.webui.keyword.builtin.ClickKeyword.execute(ClickKeyword.groovy:43)
	at com.kms.katalon.core.keyword.internal.KeywordExecutor.executeKeywordForPlatform(KeywordExecutor.groovy:73)
	at com.kms.katalon.core.webui.keyword.WebUiBuiltInKeywords.click(WebUiBuiltInKeywords.groovy:616)
	at com.kms.katalon.core.webui.keyword.WebUiBuiltInKeywords$click$1.call(Unknown Source)
	at FG3D Test - Stragetic.run(FG3D Test - Stragetic:28)
	at com.kms.katalon.core.main.ScriptEngine.run(ScriptEngine.java:194)
	at com.kms.katalon.core.main.ScriptEngine.runScriptAsRawText(ScriptEngine.java:119)
	at com.kms.katalon.core.main.TestCaseExecutor.runScript(TestCaseExecutor.java:339)
	at com.kms.katalon.core.main.TestCaseExecutor.doExecute(TestCaseExecutor.java:330)
	at com.kms.katalon.core.main.TestCaseExecutor.processExecutionPhase(TestCaseExecutor.java:309)
	at com.kms.katalon.core.main.TestCaseExecutor.accessMainPhase(TestCaseExecutor.java:301)
	at com.kms.katalon.core.main.TestCaseExecutor.execute(TestCaseExecutor.java:235)
	at com.kms.katalon.core.main.TestSuiteExecutor.accessTestCaseMainPhase(TestSuiteExecutor.java:191)
	at com.kms.katalon.core.main.TestSuiteExecutor.accessTestSuiteMainPhase(TestSuiteExecutor.java:141)
	at com.kms.katalon.core.main.TestSuiteExecutor.execute(TestSuiteExecutor.java:90)
	at com.kms.katalon.core.main.TestCaseMain.startTestSuite(TestCaseMain.java:157)
	at com.kms.katalon.core.main.TestCaseMain$startTestSuite$0.call(Unknown Source)
	at TempTestSuite1601324593621.run(TempTestSuite1601324593621.groovy:39)
Caused by: com.kms.katalon.core.webui.exception.WebElementNotFoundException: Web element with id: 'Object Repository/Page_Workgroups  GRiD/a_FG3D' located by '//div[@id='workgroupExportTree']/a[10]' not found
	at com.kms.katalon.core.webui.common.WebUiCommonHelper.findWebElement(WebUiCommonHelper.java:1368)
	at com.kms.katalon.core.webui.keyword.internal.WebUIAbstractKeyword.findWebElement(WebUIAbstractKeyword.groovy:27)
	at com.kms.katalon.core.webui.keyword.internal.WebUIAbstractKeyword.findWebElement(WebUIAbstractKeyword.groovy:26)
	at com.kms.katalon.core.webui.keyword.builtin.ClickKeyword$_click_closure1.doCall(ClickKeyword.groovy:67)
	at com.kms.katalon.core.webui.keyword.builtin.ClickKeyword$_click_closure1.call(ClickKeyword.groovy)
	at com.kms.katalon.core.webui.keyword.internal.WebUIKeywordMain.runKeyword(WebUIKeywordMain.groovy:20)
	at com.kms.katalon.core.webui.keyword.builtin.ClickKeyword.click(ClickKeyword.groovy:76)
	at com.kms.katalon.core.webui.keyword.builtin.ClickKeyword.execute(ClickKeyword.groovy:43)
	at com.kms.katalon.core.keyword.internal.KeywordExecutor.executeKeywordForPlatform(KeywordExecutor.groovy:73)
	at com.kms.katalon.core.webui.keyword.WebUiBuiltInKeywords.click(WebUiBuiltInKeywords.groovy:616)
	at com.kms.katalon.core.webui.keyword.WebUiBuiltInKeywords$click$1.call(Unknown Source)
	at Script1599149155505.run(Script1599149155505.groovy:28)
	... 13 more
)

2020-09-28 23:44:27 - [MESSAGE][INFO] - Unable to find the element located by 'By.xpath: //div[@id='workgroupExportTree']/a[10]'. Please recheck the objects properties to make sure the desired element is located. 

2020-09-28 23:44:27 - [MESSAGE][WARNING] - [SELF-HEALING] Failed to find element with id 'Object Repository/Page_Workgroups  GRiD/a_FG3D'. Try using Self-healing.

2020-09-28 23:44:28 - [MESSAGE][INFO] - [SELF-HEALING] Failed Locator: '//div[@id='workgroupExportTree']/a[10]'.

2020-09-28 23:44:28 - [MESSAGE][INFO] - [SELF-HEALING] Failed Locator: '//a[contains(text(),'FG3D')]'.

2020-09-28 23:44:28 - [MESSAGE][INFO] - [SELF-HEALING] Failed Locator: '(.//*[normalize-space(text()) and normalize-space(.)='DTED2 DTM'])[1]/following::a[1]'.

2020-09-28 23:44:28 - [MESSAGE][INFO] - [SELF-HEALING] Failed Locator: '(.//*[normalize-space(text()) and normalize-space(.)='DTED0 DTM'])[1]/following::a[2]'.

2020-09-28 23:44:29 - [MESSAGE][INFO] - [SELF-HEALING] Failed Locator: '(.//*[normalize-space(text()) and normalize-space(.)='SRT2F DSM'])[1]/preceding::a[1]'.

2020-09-28 23:44:29 - [MESSAGE][INFO] - [SELF-HEALING] Failed Locator: '(.//*[normalize-space(text()) and normalize-space(.)='TDT DSM'])[1]/preceding::a[2]'.

2020-09-28 23:44:30 - [MESSAGE][INFO] - [SELF-HEALING] Failed Locator: '//*/text()[normalize-space(.)='FG3D']/parent::*'.

2020-09-28 23:44:30 - [MESSAGE][INFO] - [SELF-HEALING] Failed Locator: '//a[contains(@href, '/testgrid/export/aoi/36914/')]'.

2020-09-28 23:44:30 - [MESSAGE][INFO] - [SELF-HEALING] Failed Locator: '//div[2]/a[10]'.

2020-09-28 23:44:32 - [MESSAGE][INFO] - Unable to find the element located by 'By.xpath: //*[@href = '/testgrid/export/aoi/36914/' and (text() = '
            FG3D
            
              
              
            
          ' or . = '
            FG3D
            
              
              
            
          ')]'. Please recheck the objects properties to make sure the desired element is located. 

2020-09-28 23:44:33 - [MESSAGE][INFO] - Unable to find the element located by 'By.cssSelector: '. Please recheck the objects properties to make sure the desired element is located. 

2020-09-28 23:44:33 - [MESSAGE][FAILED] - Unable to click on object 'Object Repository/Page_Workgroups  GRiD/a_FG3D' (Root cause: com.kms.katalon.core.exception.StepFailedException: Unable to click on object 'Object Repository/Page_Workgroups  GRiD/a_FG3D'
	at com.kms.katalon.core.webui.keyword.internal.WebUIKeywordMain.stepFailed(WebUIKeywordMain.groovy:64)
	at com.kms.katalon.core.webui.keyword.internal.WebUIKeywordMain.runKeyword(WebUIKeywordMain.groovy:26)
	at com.kms.katalon.core.webui.keyword.builtin.ClickKeyword.click(ClickKeyword.groovy:76)
	at com.kms.katalon.core.webui.keyword.builtin.ClickKeyword.execute(ClickKeyword.groovy:43)
	at com.kms.katalon.core.keyword.internal.KeywordExecutor.executeKeywordForPlatform(KeywordExecutor.groovy:73)
	at com.kms.katalon.core.webui.keyword.WebUiBuiltInKeywords.click(WebUiBuiltInKeywords.groovy:616)
	at com.kms.katalon.core.webui.keyword.WebUiBuiltInKeywords$click$1.call(Unknown Source)
	at FG3D Test - Stragetic.run(FG3D Test - Stragetic:28)
	at com.kms.katalon.core.main.ScriptEngine.run(ScriptEngine.java:194)
	at com.kms.katalon.core.main.ScriptEngine.runScriptAsRawText(ScriptEngine.java:119)
	at com.kms.katalon.core.main.TestCaseExecutor.runScript(TestCaseExecutor.java:339)
	at com.kms.katalon.core.main.TestCaseExecutor.doExecute(TestCaseExecutor.java:330)
	at com.kms.katalon.core.main.TestCaseExecutor.processExecutionPhase(TestCaseExecutor.java:309)
	at com.kms.katalon.core.main.TestCaseExecutor.accessMainPhase(TestCaseExecutor.java:301)
	at com.kms.katalon.core.main.TestCaseExecutor.execute(TestCaseExecutor.java:235)
	at com.kms.katalon.core.main.TestSuiteExecutor.accessTestCaseMainPhase(TestSuiteExecutor.java:191)
	at com.kms.katalon.core.main.TestSuiteExecutor.accessTestSuiteMainPhase(TestSuiteExecutor.java:141)
	at com.kms.katalon.core.main.TestSuiteExecutor.execute(TestSuiteExecutor.java:90)
	at com.kms.katalon.core.main.TestCaseMain.startTestSuite(TestCaseMain.java:157)
	at com.kms.katalon.core.main.TestCaseMain$startTestSuite$0.call(Unknown Source)
	at TempTestSuite1601324593621.run(TempTestSuite1601324593621.groovy:39)
Caused by: com.kms.katalon.core.webui.exception.WebElementNotFoundException: Web element with id: 'Object Repository/Page_Workgroups  GRiD/a_FG3D' located by '//div[@id='workgroupExportTree']/a[10]' not found
	at com.kms.katalon.core.webui.common.WebUiCommonHelper.findWebElement(WebUiCommonHelper.java:1368)
	at com.kms.katalon.core.webui.keyword.internal.WebUIAbstractKeyword.findWebElement(WebUIAbstractKeyword.groovy:27)
	at com.kms.katalon.core.webui.keyword.internal.WebUIAbstractKeyword.findWebElement(WebUIAbstractKeyword.groovy:26)
	at com.kms.katalon.core.webui.keyword.builtin.ClickKeyword$_click_closure1.doCall(ClickKeyword.groovy:67)
	at com.kms.katalon.core.webui.keyword.builtin.ClickKeyword$_click_closure1.call(ClickKeyword.groovy)
	at com.kms.katalon.core.webui.keyword.internal.WebUIKeywordMain.runKeyword(WebUIKeywordMain.groovy:20)
	at com.kms.katalon.core.webui.keyword.builtin.ClickKeyword.click(ClickKeyword.groovy:76)
	at com.kms.katalon.core.webui.keyword.builtin.ClickKeyword.execute(ClickKeyword.groovy:43)
	at com.kms.katalon.core.keyword.internal.KeywordExecutor.executeKeywordForPlatform(KeywordExecutor.groovy:73)
	at com.kms.katalon.core.webui.keyword.WebUiBuiltInKeywords.click(WebUiBuiltInKeywords.groovy:616)
	at com.kms.katalon.core.webui.keyword.WebUiBuiltInKeywords$click$1.call(Unknown Source)
	at Script1599149155505.run(Script1599149155505.groovy:28)
	... 13 more
)
[[ATTACHMENT|/Users/bhavikpatel/Downloads/Projects/CRREL/GRiD/Automation Testing/Automation Testing Project/KatalonTesting/Reports/20200928_162313/GRiD FG3D/20200928_162313/1601351073056.png]]]]></system-out>
         <system-err><![CDATA[2020-09-28 23:43:14 - [TEST_CASE][FAILED] - Test Cases/FG3D/FG3D Test - Stragetic: Test Cases/FG3D/FG3D Test - Stragetic FAILED.
Reason:
com.kms.katalon.core.exception.StepFailedException: Unable to click on object 'Object Repository/Page_Workgroups  GRiD/a_FG3D'
	at com.kms.katalon.core.webui.keyword.internal.WebUIKeywordMain.stepFailed(WebUIKeywordMain.groovy:64)
	at com.kms.katalon.core.webui.keyword.internal.WebUIKeywordMain.runKeyword(WebUIKeywordMain.groovy:26)
	at com.kms.katalon.core.webui.keyword.builtin.ClickKeyword.click(ClickKeyword.groovy:76)
	at com.kms.katalon.core.webui.keyword.builtin.ClickKeyword.execute(ClickKeyword.groovy:43)
	at com.kms.katalon.core.keyword.internal.KeywordExecutor.executeKeywordForPlatform(KeywordExecutor.groovy:73)
	at com.kms.katalon.core.webui.keyword.WebUiBuiltInKeywords.click(WebUiBuiltInKeywords.groovy:616)
	at com.kms.katalon.core.webui.keyword.WebUiBuiltInKeywords$click$1.call(Unknown Source)
	at FG3D Test - Stragetic.run(FG3D Test - Stragetic:28)
	at com.kms.katalon.core.main.ScriptEngine.run(ScriptEngine.java:194)
	at com.kms.katalon.core.main.ScriptEngine.runScriptAsRawText(ScriptEngine.java:119)
	at com.kms.katalon.core.main.TestCaseExecutor.runScript(TestCaseExecutor.java:339)
	at com.kms.katalon.core.main.TestCaseExecutor.doExecute(TestCaseExecutor.java:330)
	at com.kms.katalon.core.main.TestCaseExecutor.processExecutionPhase(TestCaseExecutor.java:309)
	at com.kms.katalon.core.main.TestCaseExecutor.accessMainPhase(TestCaseExecutor.java:301)
	at com.kms.katalon.core.main.TestCaseExecutor.execute(TestCaseExecutor.java:235)
	at com.kms.katalon.core.main.TestSuiteExecutor.accessTestCaseMainPhase(TestSuiteExecutor.java:191)
	at com.kms.katalon.core.main.TestSuiteExecutor.accessTestSuiteMainPhase(TestSuiteExecutor.java:141)
	at com.kms.katalon.core.main.TestSuiteExecutor.execute(TestSuiteExecutor.java:90)
	at com.kms.katalon.core.main.TestCaseMain.startTestSuite(TestCaseMain.java:157)
	at com.kms.katalon.core.main.TestCaseMain$startTestSuite$0.call(Unknown Source)
	at TempTestSuite1601324593621.run(TempTestSuite1601324593621.groovy:39)
Caused by: com.kms.katalon.core.webui.exception.WebElementNotFoundException: Web element with id: 'Object Repository/Page_Workgroups  GRiD/a_FG3D' located by '//div[@id='workgroupExportTree']/a[10]' not found
	at com.kms.katalon.core.webui.common.WebUiCommonHelper.findWebElement(WebUiCommonHelper.java:1368)
	at com.kms.katalon.core.webui.keyword.internal.WebUIAbstractKeyword.findWebElement(WebUIAbstractKeyword.groovy:27)
	at com.kms.katalon.core.webui.keyword.internal.WebUIAbstractKeyword.findWebElement(WebUIAbstractKeyword.groovy:26)
	at com.kms.katalon.core.webui.keyword.builtin.ClickKeyword$_click_closure1.doCall(ClickKeyword.groovy:67)
	at com.kms.katalon.core.webui.keyword.builtin.ClickKeyword$_click_closure1.call(ClickKeyword.groovy)
	at com.kms.katalon.core.webui.keyword.internal.WebUIKeywordMain.runKeyword(WebUIKeywordMain.groovy:20)
	... 19 more]]></system-err>
      </testcase>
      <testcase name="Test Cases/FG3D/FG3D Test - Stragetic" time="77.183" classname="Test Cases/FG3D/FG3D Test - Stragetic" status="FAILED">
         <failure type="FAILED" message="Test Cases/FG3D/FG3D Test - Stragetic FAILED.
Reason:
com.kms.katalon.core.exception.StepFailedException: Unable to click on object 'Object Repository/Page_Workgroups  GRiD/a_FG3D'
	at com.kms.katalon.core.webui.keyword.internal.WebUIKeywordMain.stepFailed(WebUIKeywordMain.groovy:64)
	at com.kms.katalon.core.webui.keyword.internal.WebUIKeywordMain.runKeyword(WebUIKeywordMain.groovy:26)
	at com.kms.katalon.core.webui.keyword.builtin.ClickKeyword.click(ClickKeyword.groovy:76)
	at com.kms.katalon.core.webui.keyword.builtin.ClickKeyword.execute(ClickKeyword.groovy:43)
	at com.kms.katalon.core.keyword.internal.KeywordExecutor.executeKeywordForPlatform(KeywordExecutor.groovy:73)
	at com.kms.katalon.core.webui.keyword.WebUiBuiltInKeywords.click(WebUiBuiltInKeywords.groovy:616)
	at com.kms.katalon.core.webui.keyword.WebUiBuiltInKeywords$click$1.call(Unknown Source)
	at FG3D Test - Stragetic.run(FG3D Test - Stragetic:28)
	at com.kms.katalon.core.main.ScriptEngine.run(ScriptEngine.java:194)
	at com.kms.katalon.core.main.ScriptEngine.runScriptAsRawText(ScriptEngine.java:119)
	at com.kms.katalon.core.main.TestCaseExecutor.runScript(TestCaseExecutor.java:339)
	at com.kms.katalon.core.main.TestCaseExecutor.doExecute(TestCaseExecutor.java:330)
	at com.kms.katalon.core.main.TestCaseExecutor.processExecutionPhase(TestCaseExecutor.java:309)
	at com.kms.katalon.core.main.TestCaseExecutor.accessMainPhase(TestCaseExecutor.java:301)
	at com.kms.katalon.core.main.TestCaseExecutor.execute(TestCaseExecutor.java:235)
	at com.kms.katalon.core.main.TestSuiteExecutor.accessTestCaseMainPhase(TestSuiteExecutor.java:191)
	at com.kms.katalon.core.main.TestSuiteExecutor.accessTestSuiteMainPhase(TestSuiteExecutor.java:141)
	at com.kms.katalon.core.main.TestSuiteExecutor.execute(TestSuiteExecutor.java:90)
	at com.kms.katalon.core.main.TestCaseMain.startTestSuite(TestCaseMain.java:157)
	at com.kms.katalon.core.main.TestCaseMain$startTestSuite$0.call(Unknown Source)
	at TempTestSuite1601324593621.run(TempTestSuite1601324593621.groovy:39)
Caused by: com.kms.katalon.core.webui.exception.WebElementNotFoundException: Web element with id: 'Object Repository/Page_Workgroups  GRiD/a_FG3D' located by '//div[@id='workgroupExportTree']/a[10]' not found
	at com.kms.katalon.core.webui.common.WebUiCommonHelper.findWebElement(WebUiCommonHelper.java:1368)
	at com.kms.katalon.core.webui.keyword.internal.WebUIAbstractKeyword.findWebElement(WebUIAbstractKeyword.groovy:27)
	at com.kms.katalon.core.webui.keyword.internal.WebUIAbstractKeyword.findWebElement(WebUIAbstractKeyword.groovy:26)
	at com.kms.katalon.core.webui.keyword.builtin.ClickKeyword$_click_closure1.doCall(ClickKeyword.groovy:67)
	at com.kms.katalon.core.webui.keyword.builtin.ClickKeyword$_click_closure1.call(ClickKeyword.groovy)
	at com.kms.katalon.core.webui.keyword.internal.WebUIKeywordMain.runKeyword(WebUIKeywordMain.groovy:20)
	... 19 more
"/>
         <system-out><![CDATA[2020-09-28 23:44:33 - [TEST_CASE][FAILED] - Test Cases/FG3D/FG3D Test - Stragetic: Test Cases/FG3D/FG3D Test - Stragetic FAILED.
Reason:
com.kms.katalon.core.exception.StepFailedException: Unable to click on object 'Object Repository/Page_Workgroups  GRiD/a_FG3D'
	at com.kms.katalon.core.webui.keyword.internal.WebUIKeywordMain.stepFailed(WebUIKeywordMain.groovy:64)
	at com.kms.katalon.core.webui.keyword.internal.WebUIKeywordMain.runKeyword(WebUIKeywordMain.groovy:26)
	at com.kms.katalon.core.webui.keyword.builtin.ClickKeyword.click(ClickKeyword.groovy:76)
	at com.kms.katalon.core.webui.keyword.builtin.ClickKeyword.execute(ClickKeyword.groovy:43)
	at com.kms.katalon.core.keyword.internal.KeywordExecutor.executeKeywordForPlatform(KeywordExecutor.groovy:73)
	at com.kms.katalon.core.webui.keyword.WebUiBuiltInKeywords.click(WebUiBuiltInKeywords.groovy:616)
	at com.kms.katalon.core.webui.keyword.WebUiBuiltInKeywords$click$1.call(Unknown Source)
	at FG3D Test - Stragetic.run(FG3D Test - Stragetic:28)
	at com.kms.katalon.core.main.ScriptEngine.run(ScriptEngine.java:194)
	at com.kms.katalon.core.main.ScriptEngine.runScriptAsRawText(ScriptEngine.java:119)
	at com.kms.katalon.core.main.TestCaseExecutor.runScript(TestCaseExecutor.java:339)
	at com.kms.katalon.core.main.TestCaseExecutor.doExecute(TestCaseExecutor.java:330)
	at com.kms.katalon.core.main.TestCaseExecutor.processExecutionPhase(TestCaseExecutor.java:309)
	at com.kms.katalon.core.main.TestCaseExecutor.accessMainPhase(TestCaseExecutor.java:301)
	at com.kms.katalon.core.main.TestCaseExecutor.execute(TestCaseExecutor.java:235)
	at com.kms.katalon.core.main.TestSuiteExecutor.accessTestCaseMainPhase(TestSuiteExecutor.java:191)
	at com.kms.katalon.core.main.TestSuiteExecutor.accessTestSuiteMainPhase(TestSuiteExecutor.java:141)
	at com.kms.katalon.core.main.TestSuiteExecutor.execute(TestSuiteExecutor.java:90)
	at com.kms.katalon.core.main.TestCaseMain.startTestSuite(TestCaseMain.java:157)
	at com.kms.katalon.core.main.TestCaseMain$startTestSuite$0.call(Unknown Source)
	at TempTestSuite1601324593621.run(TempTestSuite1601324593621.groovy:39)
Caused by: com.kms.katalon.core.webui.exception.WebElementNotFoundException: Web element with id: 'Object Repository/Page_Workgroups  GRiD/a_FG3D' located by '//div[@id='workgroupExportTree']/a[10]' not found
	at com.kms.katalon.core.webui.common.WebUiCommonHelper.findWebElement(WebUiCommonHelper.java:1368)
	at com.kms.katalon.core.webui.keyword.internal.WebUIAbstractKeyword.findWebElement(WebUIAbstractKeyword.groovy:27)
	at com.kms.katalon.core.webui.keyword.internal.WebUIAbstractKeyword.findWebElement(WebUIAbstractKeyword.groovy:26)
	at com.kms.katalon.core.webui.keyword.builtin.ClickKeyword$_click_closure1.doCall(ClickKeyword.groovy:67)
	at com.kms.katalon.core.webui.keyword.builtin.ClickKeyword$_click_closure1.call(ClickKeyword.groovy)
	at com.kms.katalon.core.webui.keyword.internal.WebUIKeywordMain.runKeyword(WebUIKeywordMain.groovy:20)
	... 19 more


2020-09-28 23:44:33 - [TEST_STEP][PASSED] - openBrowser(""): Browser is opened with url: ''

2020-09-28 23:44:33 - [MESSAGE][WARNING] - A browser is already opened. Closing browser and opening a new one

2020-09-28 23:44:33 - [MESSAGE][INFO] - Starting 'Chrome' driver

2020-09-28 23:44:33 - [MESSAGE][INFO] - Action delay is set to 0 milliseconds

2020-09-28 23:44:34 - [MESSAGE][PASSED] - Browser is opened with url: ''

2020-09-28 23:44:34 - [TEST_STEP][PASSED] - navigateToUrl("https://grid.nga.mil/testgrid/"): Navigate to 'https://grid.nga.mil/testgrid/' successfully

2020-09-28 23:44:37 - [MESSAGE][PASSED] - Navigate to 'https://grid.nga.mil/testgrid/' successfully

2020-09-28 23:44:37 - [TEST_STEP][PASSED] - click(findTestObject("Page_Home  GRiD/a_CAC  GEOAxIS Login")): Object: 'Object Repository/Page_Home  GRiD/a_CAC  GEOAxIS Login' is clicked on

2020-09-28 23:44:42 - [MESSAGE][PASSED] - Object: 'Object Repository/Page_Home  GRiD/a_CAC  GEOAxIS Login' is clicked on

2020-09-28 23:44:42 - [TEST_STEP][PASSED] - click(findTestObject("Page_Home  GRiD/a_Share")): Object: 'Object Repository/Page_Home  GRiD/a_Share' is clicked on

2020-09-28 23:45:13 - [MESSAGE][INFO] - Unable to find the element located by 'By.xpath: //div[@id='navbarToggle']/ul/li[5]/a'. Please recheck the objects properties to make sure the desired element is located. 

2020-09-28 23:45:13 - [MESSAGE][WARNING] - [SELF-HEALING] Failed to find element with id 'Object Repository/Page_Home  GRiD/a_Share'. Try using Self-healing.

2020-09-28 23:45:14 - [MESSAGE][WARNING] - [SELF-HEALING] The current locator of test object 'Object Repository/Page_Home  GRiD/a_Share' was broken. Propose an alternative one: '//li[5]/a'.

2020-09-28 23:45:14 - [MESSAGE][PASSED] - Object: 'Object Repository/Page_Home  GRiD/a_Share' is clicked on

2020-09-28 23:45:14 - [TEST_STEP][FAILED] - click(findTestObject("Page_Workgroups  GRiD/a_FG3D")): Unable to click on object 'Object Repository/Page_Workgroups  GRiD/a_FG3D' (Root cause: com.kms.katalon.core.exception.StepFailedException: Unable to click on object 'Object Repository/Page_Workgroups  GRiD/a_FG3D'
	at com.kms.katalon.core.webui.keyword.internal.WebUIKeywordMain.stepFailed(WebUIKeywordMain.groovy:64)
	at com.kms.katalon.core.webui.keyword.internal.WebUIKeywordMain.runKeyword(WebUIKeywordMain.groovy:26)
	at com.kms.katalon.core.webui.keyword.builtin.ClickKeyword.click(ClickKeyword.groovy:76)
	at com.kms.katalon.core.webui.keyword.builtin.ClickKeyword.execute(ClickKeyword.groovy:43)
	at com.kms.katalon.core.keyword.internal.KeywordExecutor.executeKeywordForPlatform(KeywordExecutor.groovy:73)
	at com.kms.katalon.core.webui.keyword.WebUiBuiltInKeywords.click(WebUiBuiltInKeywords.groovy:616)
	at com.kms.katalon.core.webui.keyword.WebUiBuiltInKeywords$click$1.call(Unknown Source)
	at FG3D Test - Stragetic.run(FG3D Test - Stragetic:28)
	at com.kms.katalon.core.main.ScriptEngine.run(ScriptEngine.java:194)
	at com.kms.katalon.core.main.ScriptEngine.runScriptAsRawText(ScriptEngine.java:119)
	at com.kms.katalon.core.main.TestCaseExecutor.runScript(TestCaseExecutor.java:339)
	at com.kms.katalon.core.main.TestCaseExecutor.doExecute(TestCaseExecutor.java:330)
	at com.kms.katalon.core.main.TestCaseExecutor.processExecutionPhase(TestCaseExecutor.java:309)
	at com.kms.katalon.core.main.TestCaseExecutor.accessMainPhase(TestCaseExecutor.java:301)
	at com.kms.katalon.core.main.TestCaseExecutor.execute(TestCaseExecutor.java:235)
	at com.kms.katalon.core.main.TestSuiteExecutor.accessTestCaseMainPhase(TestSuiteExecutor.java:191)
	at com.kms.katalon.core.main.TestSuiteExecutor.accessTestSuiteMainPhase(TestSuiteExecutor.java:141)
	at com.kms.katalon.core.main.TestSuiteExecutor.execute(TestSuiteExecutor.java:90)
	at com.kms.katalon.core.main.TestCaseMain.startTestSuite(TestCaseMain.java:157)
	at com.kms.katalon.core.main.TestCaseMain$startTestSuite$0.call(Unknown Source)
	at TempTestSuite1601324593621.run(TempTestSuite1601324593621.groovy:39)
Caused by: com.kms.katalon.core.webui.exception.WebElementNotFoundException: Web element with id: 'Object Repository/Page_Workgroups  GRiD/a_FG3D' located by '//div[@id='workgroupExportTree']/a[10]' not found
	at com.kms.katalon.core.webui.common.WebUiCommonHelper.findWebElement(WebUiCommonHelper.java:1368)
	at com.kms.katalon.core.webui.keyword.internal.WebUIAbstractKeyword.findWebElement(WebUIAbstractKeyword.groovy:27)
	at com.kms.katalon.core.webui.keyword.internal.WebUIAbstractKeyword.findWebElement(WebUIAbstractKeyword.groovy:26)
	at com.kms.katalon.core.webui.keyword.builtin.ClickKeyword$_click_closure1.doCall(ClickKeyword.groovy:67)
	at com.kms.katalon.core.webui.keyword.builtin.ClickKeyword$_click_closure1.call(ClickKeyword.groovy)
	at com.kms.katalon.core.webui.keyword.internal.WebUIKeywordMain.runKeyword(WebUIKeywordMain.groovy:20)
	at com.kms.katalon.core.webui.keyword.builtin.ClickKeyword.click(ClickKeyword.groovy:76)
	at com.kms.katalon.core.webui.keyword.builtin.ClickKeyword.execute(ClickKeyword.groovy:43)
	at com.kms.katalon.core.keyword.internal.KeywordExecutor.executeKeywordForPlatform(KeywordExecutor.groovy:73)
	at com.kms.katalon.core.webui.keyword.WebUiBuiltInKeywords.click(WebUiBuiltInKeywords.groovy:616)
	at com.kms.katalon.core.webui.keyword.WebUiBuiltInKeywords$click$1.call(Unknown Source)
	at Script1599149155505.run(Script1599149155505.groovy:28)
	... 13 more
)

2020-09-28 23:45:45 - [MESSAGE][INFO] - Unable to find the element located by 'By.xpath: //div[@id='workgroupExportTree']/a[10]'. Please recheck the objects properties to make sure the desired element is located. 

2020-09-28 23:45:45 - [MESSAGE][WARNING] - [SELF-HEALING] Failed to find element with id 'Object Repository/Page_Workgroups  GRiD/a_FG3D'. Try using Self-healing.

2020-09-28 23:45:45 - [MESSAGE][INFO] - [SELF-HEALING] Failed Locator: '//div[@id='workgroupExportTree']/a[10]'.

2020-09-28 23:45:45 - [MESSAGE][INFO] - [SELF-HEALING] Failed Locator: '//a[contains(text(),'FG3D')]'.

2020-09-28 23:45:46 - [MESSAGE][INFO] - [SELF-HEALING] Failed Locator: '(.//*[normalize-space(text()) and normalize-space(.)='DTED2 DTM'])[1]/following::a[1]'.

2020-09-28 23:45:46 - [MESSAGE][INFO] - [SELF-HEALING] Failed Locator: '(.//*[normalize-space(text()) and normalize-space(.)='DTED0 DTM'])[1]/following::a[2]'.

2020-09-28 23:45:46 - [MESSAGE][INFO] - [SELF-HEALING] Failed Locator: '(.//*[normalize-space(text()) and normalize-space(.)='SRT2F DSM'])[1]/preceding::a[1]'.

2020-09-28 23:45:47 - [MESSAGE][INFO] - [SELF-HEALING] Failed Locator: '(.//*[normalize-space(text()) and normalize-space(.)='TDT DSM'])[1]/preceding::a[2]'.

2020-09-28 23:45:47 - [MESSAGE][INFO] - [SELF-HEALING] Failed Locator: '//*/text()[normalize-space(.)='FG3D']/parent::*'.

2020-09-28 23:45:47 - [MESSAGE][INFO] - [SELF-HEALING] Failed Locator: '//a[contains(@href, '/testgrid/export/aoi/36914/')]'.

2020-09-28 23:45:48 - [MESSAGE][INFO] - [SELF-HEALING] Failed Locator: '//div[2]/a[10]'.

2020-09-28 23:45:49 - [MESSAGE][INFO] - Unable to find the element located by 'By.xpath: //*[@href = '/testgrid/export/aoi/36914/' and (text() = '
            FG3D
            
              
              
            
          ' or . = '
            FG3D
            
              
              
            
          ')]'. Please recheck the objects properties to make sure the desired element is located. 

2020-09-28 23:45:50 - [MESSAGE][INFO] - Unable to find the element located by 'By.cssSelector: '. Please recheck the objects properties to make sure the desired element is located. 

2020-09-28 23:45:50 - [MESSAGE][FAILED] - Unable to click on object 'Object Repository/Page_Workgroups  GRiD/a_FG3D' (Root cause: com.kms.katalon.core.exception.StepFailedException: Unable to click on object 'Object Repository/Page_Workgroups  GRiD/a_FG3D'
	at com.kms.katalon.core.webui.keyword.internal.WebUIKeywordMain.stepFailed(WebUIKeywordMain.groovy:64)
	at com.kms.katalon.core.webui.keyword.internal.WebUIKeywordMain.runKeyword(WebUIKeywordMain.groovy:26)
	at com.kms.katalon.core.webui.keyword.builtin.ClickKeyword.click(ClickKeyword.groovy:76)
	at com.kms.katalon.core.webui.keyword.builtin.ClickKeyword.execute(ClickKeyword.groovy:43)
	at com.kms.katalon.core.keyword.internal.KeywordExecutor.executeKeywordForPlatform(KeywordExecutor.groovy:73)
	at com.kms.katalon.core.webui.keyword.WebUiBuiltInKeywords.click(WebUiBuiltInKeywords.groovy:616)
	at com.kms.katalon.core.webui.keyword.WebUiBuiltInKeywords$click$1.call(Unknown Source)
	at FG3D Test - Stragetic.run(FG3D Test - Stragetic:28)
	at com.kms.katalon.core.main.ScriptEngine.run(ScriptEngine.java:194)
	at com.kms.katalon.core.main.ScriptEngine.runScriptAsRawText(ScriptEngine.java:119)
	at com.kms.katalon.core.main.TestCaseExecutor.runScript(TestCaseExecutor.java:339)
	at com.kms.katalon.core.main.TestCaseExecutor.doExecute(TestCaseExecutor.java:330)
	at com.kms.katalon.core.main.TestCaseExecutor.processExecutionPhase(TestCaseExecutor.java:309)
	at com.kms.katalon.core.main.TestCaseExecutor.accessMainPhase(TestCaseExecutor.java:301)
	at com.kms.katalon.core.main.TestCaseExecutor.execute(TestCaseExecutor.java:235)
	at com.kms.katalon.core.main.TestSuiteExecutor.accessTestCaseMainPhase(TestSuiteExecutor.java:191)
	at com.kms.katalon.core.main.TestSuiteExecutor.accessTestSuiteMainPhase(TestSuiteExecutor.java:141)
	at com.kms.katalon.core.main.TestSuiteExecutor.execute(TestSuiteExecutor.java:90)
	at com.kms.katalon.core.main.TestCaseMain.startTestSuite(TestCaseMain.java:157)
	at com.kms.katalon.core.main.TestCaseMain$startTestSuite$0.call(Unknown Source)
	at TempTestSuite1601324593621.run(TempTestSuite1601324593621.groovy:39)
Caused by: com.kms.katalon.core.webui.exception.WebElementNotFoundException: Web element with id: 'Object Repository/Page_Workgroups  GRiD/a_FG3D' located by '//div[@id='workgroupExportTree']/a[10]' not found
	at com.kms.katalon.core.webui.common.WebUiCommonHelper.findWebElement(WebUiCommonHelper.java:1368)
	at com.kms.katalon.core.webui.keyword.internal.WebUIAbstractKeyword.findWebElement(WebUIAbstractKeyword.groovy:27)
	at com.kms.katalon.core.webui.keyword.internal.WebUIAbstractKeyword.findWebElement(WebUIAbstractKeyword.groovy:26)
	at com.kms.katalon.core.webui.keyword.builtin.ClickKeyword$_click_closure1.doCall(ClickKeyword.groovy:67)
	at com.kms.katalon.core.webui.keyword.builtin.ClickKeyword$_click_closure1.call(ClickKeyword.groovy)
	at com.kms.katalon.core.webui.keyword.internal.WebUIKeywordMain.runKeyword(WebUIKeywordMain.groovy:20)
	at com.kms.katalon.core.webui.keyword.builtin.ClickKeyword.click(ClickKeyword.groovy:76)
	at com.kms.katalon.core.webui.keyword.builtin.ClickKeyword.execute(ClickKeyword.groovy:43)
	at com.kms.katalon.core.keyword.internal.KeywordExecutor.executeKeywordForPlatform(KeywordExecutor.groovy:73)
	at com.kms.katalon.core.webui.keyword.WebUiBuiltInKeywords.click(WebUiBuiltInKeywords.groovy:616)
	at com.kms.katalon.core.webui.keyword.WebUiBuiltInKeywords$click$1.call(Unknown Source)
	at Script1599149155505.run(Script1599149155505.groovy:28)
	... 13 more
)
[[ATTACHMENT|/Users/bhavikpatel/Downloads/Projects/CRREL/GRiD/Automation Testing/Automation Testing Project/KatalonTesting/Reports/20200928_162313/GRiD FG3D/20200928_162313/1601351150253.png]]]]></system-out>
         <system-err><![CDATA[2020-09-28 23:44:33 - [TEST_CASE][FAILED] - Test Cases/FG3D/FG3D Test - Stragetic: Test Cases/FG3D/FG3D Test - Stragetic FAILED.
Reason:
com.kms.katalon.core.exception.StepFailedException: Unable to click on object 'Object Repository/Page_Workgroups  GRiD/a_FG3D'
	at com.kms.katalon.core.webui.keyword.internal.WebUIKeywordMain.stepFailed(WebUIKeywordMain.groovy:64)
	at com.kms.katalon.core.webui.keyword.internal.WebUIKeywordMain.runKeyword(WebUIKeywordMain.groovy:26)
	at com.kms.katalon.core.webui.keyword.builtin.ClickKeyword.click(ClickKeyword.groovy:76)
	at com.kms.katalon.core.webui.keyword.builtin.ClickKeyword.execute(ClickKeyword.groovy:43)
	at com.kms.katalon.core.keyword.internal.KeywordExecutor.executeKeywordForPlatform(KeywordExecutor.groovy:73)
	at com.kms.katalon.core.webui.keyword.WebUiBuiltInKeywords.click(WebUiBuiltInKeywords.groovy:616)
	at com.kms.katalon.core.webui.keyword.WebUiBuiltInKeywords$click$1.call(Unknown Source)
	at FG3D Test - Stragetic.run(FG3D Test - Stragetic:28)
	at com.kms.katalon.core.main.ScriptEngine.run(ScriptEngine.java:194)
	at com.kms.katalon.core.main.ScriptEngine.runScriptAsRawText(ScriptEngine.java:119)
	at com.kms.katalon.core.main.TestCaseExecutor.runScript(TestCaseExecutor.java:339)
	at com.kms.katalon.core.main.TestCaseExecutor.doExecute(TestCaseExecutor.java:330)
	at com.kms.katalon.core.main.TestCaseExecutor.processExecutionPhase(TestCaseExecutor.java:309)
	at com.kms.katalon.core.main.TestCaseExecutor.accessMainPhase(TestCaseExecutor.java:301)
	at com.kms.katalon.core.main.TestCaseExecutor.execute(TestCaseExecutor.java:235)
	at com.kms.katalon.core.main.TestSuiteExecutor.accessTestCaseMainPhase(TestSuiteExecutor.java:191)
	at com.kms.katalon.core.main.TestSuiteExecutor.accessTestSuiteMainPhase(TestSuiteExecutor.java:141)
	at com.kms.katalon.core.main.TestSuiteExecutor.execute(TestSuiteExecutor.java:90)
	at com.kms.katalon.core.main.TestCaseMain.startTestSuite(TestCaseMain.java:157)
	at com.kms.katalon.core.main.TestCaseMain$startTestSuite$0.call(Unknown Source)
	at TempTestSuite1601324593621.run(TempTestSuite1601324593621.groovy:39)
Caused by: com.kms.katalon.core.webui.exception.WebElementNotFoundException: Web element with id: 'Object Repository/Page_Workgroups  GRiD/a_FG3D' located by '//div[@id='workgroupExportTree']/a[10]' not found
	at com.kms.katalon.core.webui.common.WebUiCommonHelper.findWebElement(WebUiCommonHelper.java:1368)
	at com.kms.katalon.core.webui.keyword.internal.WebUIAbstractKeyword.findWebElement(WebUIAbstractKeyword.groovy:27)
	at com.kms.katalon.core.webui.keyword.internal.WebUIAbstractKeyword.findWebElement(WebUIAbstractKeyword.groovy:26)
	at com.kms.katalon.core.webui.keyword.builtin.ClickKeyword$_click_closure1.doCall(ClickKeyword.groovy:67)
	at com.kms.katalon.core.webui.keyword.builtin.ClickKeyword$_click_closure1.call(ClickKeyword.groovy)
	at com.kms.katalon.core.webui.keyword.internal.WebUIKeywordMain.runKeyword(WebUIKeywordMain.groovy:20)
	... 19 more]]></system-err>
      </testcase>
      <testcase name="Test Cases/FG3D/FG3D Test - Stragetic" time="76.574" classname="Test Cases/FG3D/FG3D Test - Stragetic" status="FAILED">
         <failure type="FAILED" message="Test Cases/FG3D/FG3D Test - Stragetic FAILED.
Reason:
com.kms.katalon.core.exception.StepFailedException: Unable to click on object 'Object Repository/Page_Workgroups  GRiD/a_FG3D'
	at com.kms.katalon.core.webui.keyword.internal.WebUIKeywordMain.stepFailed(WebUIKeywordMain.groovy:64)
	at com.kms.katalon.core.webui.keyword.internal.WebUIKeywordMain.runKeyword(WebUIKeywordMain.groovy:26)
	at com.kms.katalon.core.webui.keyword.builtin.ClickKeyword.click(ClickKeyword.groovy:76)
	at com.kms.katalon.core.webui.keyword.builtin.ClickKeyword.execute(ClickKeyword.groovy:43)
	at com.kms.katalon.core.keyword.internal.KeywordExecutor.executeKeywordForPlatform(KeywordExecutor.groovy:73)
	at com.kms.katalon.core.webui.keyword.WebUiBuiltInKeywords.click(WebUiBuiltInKeywords.groovy:616)
	at com.kms.katalon.core.webui.keyword.WebUiBuiltInKeywords$click$1.call(Unknown Source)
	at FG3D Test - Stragetic.run(FG3D Test - Stragetic:28)
	at com.kms.katalon.core.main.ScriptEngine.run(ScriptEngine.java:194)
	at com.kms.katalon.core.main.ScriptEngine.runScriptAsRawText(ScriptEngine.java:119)
	at com.kms.katalon.core.main.TestCaseExecutor.runScript(TestCaseExecutor.java:339)
	at com.kms.katalon.core.main.TestCaseExecutor.doExecute(TestCaseExecutor.java:330)
	at com.kms.katalon.core.main.TestCaseExecutor.processExecutionPhase(TestCaseExecutor.java:309)
	at com.kms.katalon.core.main.TestCaseExecutor.accessMainPhase(TestCaseExecutor.java:301)
	at com.kms.katalon.core.main.TestCaseExecutor.execute(TestCaseExecutor.java:235)
	at com.kms.katalon.core.main.TestSuiteExecutor.accessTestCaseMainPhase(TestSuiteExecutor.java:191)
	at com.kms.katalon.core.main.TestSuiteExecutor.accessTestSuiteMainPhase(TestSuiteExecutor.java:141)
	at com.kms.katalon.core.main.TestSuiteExecutor.execute(TestSuiteExecutor.java:90)
	at com.kms.katalon.core.main.TestCaseMain.startTestSuite(TestCaseMain.java:157)
	at com.kms.katalon.core.main.TestCaseMain$startTestSuite$0.call(Unknown Source)
	at TempTestSuite1601324593621.run(TempTestSuite1601324593621.groovy:39)
Caused by: com.kms.katalon.core.webui.exception.WebElementNotFoundException: Web element with id: 'Object Repository/Page_Workgroups  GRiD/a_FG3D' located by '//div[@id='workgroupExportTree']/a[10]' not found
	at com.kms.katalon.core.webui.common.WebUiCommonHelper.findWebElement(WebUiCommonHelper.java:1368)
	at com.kms.katalon.core.webui.keyword.internal.WebUIAbstractKeyword.findWebElement(WebUIAbstractKeyword.groovy:27)
	at com.kms.katalon.core.webui.keyword.internal.WebUIAbstractKeyword.findWebElement(WebUIAbstractKeyword.groovy:26)
	at com.kms.katalon.core.webui.keyword.builtin.ClickKeyword$_click_closure1.doCall(ClickKeyword.groovy:67)
	at com.kms.katalon.core.webui.keyword.builtin.ClickKeyword$_click_closure1.call(ClickKeyword.groovy)
	at com.kms.katalon.core.webui.keyword.internal.WebUIKeywordMain.runKeyword(WebUIKeywordMain.groovy:20)
	... 19 more
"/>
         <system-out><![CDATA[2020-09-28 23:45:50 - [TEST_CASE][FAILED] - Test Cases/FG3D/FG3D Test - Stragetic: Test Cases/FG3D/FG3D Test - Stragetic FAILED.
Reason:
com.kms.katalon.core.exception.StepFailedException: Unable to click on object 'Object Repository/Page_Workgroups  GRiD/a_FG3D'
	at com.kms.katalon.core.webui.keyword.internal.WebUIKeywordMain.stepFailed(WebUIKeywordMain.groovy:64)
	at com.kms.katalon.core.webui.keyword.internal.WebUIKeywordMain.runKeyword(WebUIKeywordMain.groovy:26)
	at com.kms.katalon.core.webui.keyword.builtin.ClickKeyword.click(ClickKeyword.groovy:76)
	at com.kms.katalon.core.webui.keyword.builtin.ClickKeyword.execute(ClickKeyword.groovy:43)
	at com.kms.katalon.core.keyword.internal.KeywordExecutor.executeKeywordForPlatform(KeywordExecutor.groovy:73)
	at com.kms.katalon.core.webui.keyword.WebUiBuiltInKeywords.click(WebUiBuiltInKeywords.groovy:616)
	at com.kms.katalon.core.webui.keyword.WebUiBuiltInKeywords$click$1.call(Unknown Source)
	at FG3D Test - Stragetic.run(FG3D Test - Stragetic:28)
	at com.kms.katalon.core.main.ScriptEngine.run(ScriptEngine.java:194)
	at com.kms.katalon.core.main.ScriptEngine.runScriptAsRawText(ScriptEngine.java:119)
	at com.kms.katalon.core.main.TestCaseExecutor.runScript(TestCaseExecutor.java:339)
	at com.kms.katalon.core.main.TestCaseExecutor.doExecute(TestCaseExecutor.java:330)
	at com.kms.katalon.core.main.TestCaseExecutor.processExecutionPhase(TestCaseExecutor.java:309)
	at com.kms.katalon.core.main.TestCaseExecutor.accessMainPhase(TestCaseExecutor.java:301)
	at com.kms.katalon.core.main.TestCaseExecutor.execute(TestCaseExecutor.java:235)
	at com.kms.katalon.core.main.TestSuiteExecutor.accessTestCaseMainPhase(TestSuiteExecutor.java:191)
	at com.kms.katalon.core.main.TestSuiteExecutor.accessTestSuiteMainPhase(TestSuiteExecutor.java:141)
	at com.kms.katalon.core.main.TestSuiteExecutor.execute(TestSuiteExecutor.java:90)
	at com.kms.katalon.core.main.TestCaseMain.startTestSuite(TestCaseMain.java:157)
	at com.kms.katalon.core.main.TestCaseMain$startTestSuite$0.call(Unknown Source)
	at TempTestSuite1601324593621.run(TempTestSuite1601324593621.groovy:39)
Caused by: com.kms.katalon.core.webui.exception.WebElementNotFoundException: Web element with id: 'Object Repository/Page_Workgroups  GRiD/a_FG3D' located by '//div[@id='workgroupExportTree']/a[10]' not found
	at com.kms.katalon.core.webui.common.WebUiCommonHelper.findWebElement(WebUiCommonHelper.java:1368)
	at com.kms.katalon.core.webui.keyword.internal.WebUIAbstractKeyword.findWebElement(WebUIAbstractKeyword.groovy:27)
	at com.kms.katalon.core.webui.keyword.internal.WebUIAbstractKeyword.findWebElement(WebUIAbstractKeyword.groovy:26)
	at com.kms.katalon.core.webui.keyword.builtin.ClickKeyword$_click_closure1.doCall(ClickKeyword.groovy:67)
	at com.kms.katalon.core.webui.keyword.builtin.ClickKeyword$_click_closure1.call(ClickKeyword.groovy)
	at com.kms.katalon.core.webui.keyword.internal.WebUIKeywordMain.runKeyword(WebUIKeywordMain.groovy:20)
	... 19 more


2020-09-28 23:45:50 - [TEST_STEP][PASSED] - openBrowser(""): Browser is opened with url: ''

2020-09-28 23:45:50 - [MESSAGE][WARNING] - A browser is already opened. Closing browser and opening a new one

2020-09-28 23:45:50 - [MESSAGE][INFO] - Starting 'Chrome' driver

2020-09-28 23:45:50 - [MESSAGE][INFO] - Action delay is set to 0 milliseconds

2020-09-28 23:45:51 - [MESSAGE][PASSED] - Browser is opened with url: ''

2020-09-28 23:45:51 - [TEST_STEP][PASSED] - navigateToUrl("https://grid.nga.mil/testgrid/"): Navigate to 'https://grid.nga.mil/testgrid/' successfully

2020-09-28 23:45:54 - [MESSAGE][PASSED] - Navigate to 'https://grid.nga.mil/testgrid/' successfully

2020-09-28 23:45:54 - [TEST_STEP][PASSED] - click(findTestObject("Page_Home  GRiD/a_CAC  GEOAxIS Login")): Object: 'Object Repository/Page_Home  GRiD/a_CAC  GEOAxIS Login' is clicked on

2020-09-28 23:45:59 - [MESSAGE][PASSED] - Object: 'Object Repository/Page_Home  GRiD/a_CAC  GEOAxIS Login' is clicked on

2020-09-28 23:45:59 - [TEST_STEP][PASSED] - click(findTestObject("Page_Home  GRiD/a_Share")): Object: 'Object Repository/Page_Home  GRiD/a_Share' is clicked on

2020-09-28 23:46:30 - [MESSAGE][INFO] - Unable to find the element located by 'By.xpath: //div[@id='navbarToggle']/ul/li[5]/a'. Please recheck the objects properties to make sure the desired element is located. 

2020-09-28 23:46:30 - [MESSAGE][WARNING] - [SELF-HEALING] Failed to find element with id 'Object Repository/Page_Home  GRiD/a_Share'. Try using Self-healing.

2020-09-28 23:46:30 - [MESSAGE][WARNING] - [SELF-HEALING] The current locator of test object 'Object Repository/Page_Home  GRiD/a_Share' was broken. Propose an alternative one: '//li[5]/a'.

2020-09-28 23:46:30 - [MESSAGE][PASSED] - Object: 'Object Repository/Page_Home  GRiD/a_Share' is clicked on

2020-09-28 23:46:30 - [TEST_STEP][FAILED] - click(findTestObject("Page_Workgroups  GRiD/a_FG3D")): Unable to click on object 'Object Repository/Page_Workgroups  GRiD/a_FG3D' (Root cause: com.kms.katalon.core.exception.StepFailedException: Unable to click on object 'Object Repository/Page_Workgroups  GRiD/a_FG3D'
	at com.kms.katalon.core.webui.keyword.internal.WebUIKeywordMain.stepFailed(WebUIKeywordMain.groovy:64)
	at com.kms.katalon.core.webui.keyword.internal.WebUIKeywordMain.runKeyword(WebUIKeywordMain.groovy:26)
	at com.kms.katalon.core.webui.keyword.builtin.ClickKeyword.click(ClickKeyword.groovy:76)
	at com.kms.katalon.core.webui.keyword.builtin.ClickKeyword.execute(ClickKeyword.groovy:43)
	at com.kms.katalon.core.keyword.internal.KeywordExecutor.executeKeywordForPlatform(KeywordExecutor.groovy:73)
	at com.kms.katalon.core.webui.keyword.WebUiBuiltInKeywords.click(WebUiBuiltInKeywords.groovy:616)
	at com.kms.katalon.core.webui.keyword.WebUiBuiltInKeywords$click$1.call(Unknown Source)
	at FG3D Test - Stragetic.run(FG3D Test - Stragetic:28)
	at com.kms.katalon.core.main.ScriptEngine.run(ScriptEngine.java:194)
	at com.kms.katalon.core.main.ScriptEngine.runScriptAsRawText(ScriptEngine.java:119)
	at com.kms.katalon.core.main.TestCaseExecutor.runScript(TestCaseExecutor.java:339)
	at com.kms.katalon.core.main.TestCaseExecutor.doExecute(TestCaseExecutor.java:330)
	at com.kms.katalon.core.main.TestCaseExecutor.processExecutionPhase(TestCaseExecutor.java:309)
	at com.kms.katalon.core.main.TestCaseExecutor.accessMainPhase(TestCaseExecutor.java:301)
	at com.kms.katalon.core.main.TestCaseExecutor.execute(TestCaseExecutor.java:235)
	at com.kms.katalon.core.main.TestSuiteExecutor.accessTestCaseMainPhase(TestSuiteExecutor.java:191)
	at com.kms.katalon.core.main.TestSuiteExecutor.accessTestSuiteMainPhase(TestSuiteExecutor.java:141)
	at com.kms.katalon.core.main.TestSuiteExecutor.execute(TestSuiteExecutor.java:90)
	at com.kms.katalon.core.main.TestCaseMain.startTestSuite(TestCaseMain.java:157)
	at com.kms.katalon.core.main.TestCaseMain$startTestSuite$0.call(Unknown Source)
	at TempTestSuite1601324593621.run(TempTestSuite1601324593621.groovy:39)
Caused by: com.kms.katalon.core.webui.exception.WebElementNotFoundException: Web element with id: 'Object Repository/Page_Workgroups  GRiD/a_FG3D' located by '//div[@id='workgroupExportTree']/a[10]' not found
	at com.kms.katalon.core.webui.common.WebUiCommonHelper.findWebElement(WebUiCommonHelper.java:1368)
	at com.kms.katalon.core.webui.keyword.internal.WebUIAbstractKeyword.findWebElement(WebUIAbstractKeyword.groovy:27)
	at com.kms.katalon.core.webui.keyword.internal.WebUIAbstractKeyword.findWebElement(WebUIAbstractKeyword.groovy:26)
	at com.kms.katalon.core.webui.keyword.builtin.ClickKeyword$_click_closure1.doCall(ClickKeyword.groovy:67)
	at com.kms.katalon.core.webui.keyword.builtin.ClickKeyword$_click_closure1.call(ClickKeyword.groovy)
	at com.kms.katalon.core.webui.keyword.internal.WebUIKeywordMain.runKeyword(WebUIKeywordMain.groovy:20)
	at com.kms.katalon.core.webui.keyword.builtin.ClickKeyword.click(ClickKeyword.groovy:76)
	at com.kms.katalon.core.webui.keyword.builtin.ClickKeyword.execute(ClickKeyword.groovy:43)
	at com.kms.katalon.core.keyword.internal.KeywordExecutor.executeKeywordForPlatform(KeywordExecutor.groovy:73)
	at com.kms.katalon.core.webui.keyword.WebUiBuiltInKeywords.click(WebUiBuiltInKeywords.groovy:616)
	at com.kms.katalon.core.webui.keyword.WebUiBuiltInKeywords$click$1.call(Unknown Source)
	at Script1599149155505.run(Script1599149155505.groovy:28)
	... 13 more
)

2020-09-28 23:47:01 - [MESSAGE][INFO] - Unable to find the element located by 'By.xpath: //div[@id='workgroupExportTree']/a[10]'. Please recheck the objects properties to make sure the desired element is located. 

2020-09-28 23:47:01 - [MESSAGE][WARNING] - [SELF-HEALING] Failed to find element with id 'Object Repository/Page_Workgroups  GRiD/a_FG3D'. Try using Self-healing.

2020-09-28 23:47:02 - [MESSAGE][INFO] - [SELF-HEALING] Failed Locator: '//div[@id='workgroupExportTree']/a[10]'.

2020-09-28 23:47:02 - [MESSAGE][INFO] - [SELF-HEALING] Failed Locator: '//a[contains(text(),'FG3D')]'.

2020-09-28 23:47:02 - [MESSAGE][INFO] - [SELF-HEALING] Failed Locator: '(.//*[normalize-space(text()) and normalize-space(.)='DTED2 DTM'])[1]/following::a[1]'.

2020-09-28 23:47:03 - [MESSAGE][INFO] - [SELF-HEALING] Failed Locator: '(.//*[normalize-space(text()) and normalize-space(.)='DTED0 DTM'])[1]/following::a[2]'.

2020-09-28 23:47:03 - [MESSAGE][INFO] - [SELF-HEALING] Failed Locator: '(.//*[normalize-space(text()) and normalize-space(.)='SRT2F DSM'])[1]/preceding::a[1]'.

2020-09-28 23:47:03 - [MESSAGE][INFO] - [SELF-HEALING] Failed Locator: '(.//*[normalize-space(text()) and normalize-space(.)='TDT DSM'])[1]/preceding::a[2]'.

2020-09-28 23:47:04 - [MESSAGE][INFO] - [SELF-HEALING] Failed Locator: '//*/text()[normalize-space(.)='FG3D']/parent::*'.

2020-09-28 23:47:04 - [MESSAGE][INFO] - [SELF-HEALING] Failed Locator: '//a[contains(@href, '/testgrid/export/aoi/36914/')]'.

2020-09-28 23:47:04 - [MESSAGE][INFO] - [SELF-HEALING] Failed Locator: '//div[2]/a[10]'.

2020-09-28 23:47:05 - [MESSAGE][INFO] - Unable to find the element located by 'By.xpath: //*[@href = '/testgrid/export/aoi/36914/' and (text() = '
            FG3D
            
              
              
            
          ' or . = '
            FG3D
            
              
              
            
          ')]'. Please recheck the objects properties to make sure the desired element is located. 

2020-09-28 23:47:06 - [MESSAGE][INFO] - Unable to find the element located by 'By.cssSelector: '. Please recheck the objects properties to make sure the desired element is located. 

2020-09-28 23:47:07 - [MESSAGE][FAILED] - Unable to click on object 'Object Repository/Page_Workgroups  GRiD/a_FG3D' (Root cause: com.kms.katalon.core.exception.StepFailedException: Unable to click on object 'Object Repository/Page_Workgroups  GRiD/a_FG3D'
	at com.kms.katalon.core.webui.keyword.internal.WebUIKeywordMain.stepFailed(WebUIKeywordMain.groovy:64)
	at com.kms.katalon.core.webui.keyword.internal.WebUIKeywordMain.runKeyword(WebUIKeywordMain.groovy:26)
	at com.kms.katalon.core.webui.keyword.builtin.ClickKeyword.click(ClickKeyword.groovy:76)
	at com.kms.katalon.core.webui.keyword.builtin.ClickKeyword.execute(ClickKeyword.groovy:43)
	at com.kms.katalon.core.keyword.internal.KeywordExecutor.executeKeywordForPlatform(KeywordExecutor.groovy:73)
	at com.kms.katalon.core.webui.keyword.WebUiBuiltInKeywords.click(WebUiBuiltInKeywords.groovy:616)
	at com.kms.katalon.core.webui.keyword.WebUiBuiltInKeywords$click$1.call(Unknown Source)
	at FG3D Test - Stragetic.run(FG3D Test - Stragetic:28)
	at com.kms.katalon.core.main.ScriptEngine.run(ScriptEngine.java:194)
	at com.kms.katalon.core.main.ScriptEngine.runScriptAsRawText(ScriptEngine.java:119)
	at com.kms.katalon.core.main.TestCaseExecutor.runScript(TestCaseExecutor.java:339)
	at com.kms.katalon.core.main.TestCaseExecutor.doExecute(TestCaseExecutor.java:330)
	at com.kms.katalon.core.main.TestCaseExecutor.processExecutionPhase(TestCaseExecutor.java:309)
	at com.kms.katalon.core.main.TestCaseExecutor.accessMainPhase(TestCaseExecutor.java:301)
	at com.kms.katalon.core.main.TestCaseExecutor.execute(TestCaseExecutor.java:235)
	at com.kms.katalon.core.main.TestSuiteExecutor.accessTestCaseMainPhase(TestSuiteExecutor.java:191)
	at com.kms.katalon.core.main.TestSuiteExecutor.accessTestSuiteMainPhase(TestSuiteExecutor.java:141)
	at com.kms.katalon.core.main.TestSuiteExecutor.execute(TestSuiteExecutor.java:90)
	at com.kms.katalon.core.main.TestCaseMain.startTestSuite(TestCaseMain.java:157)
	at com.kms.katalon.core.main.TestCaseMain$startTestSuite$0.call(Unknown Source)
	at TempTestSuite1601324593621.run(TempTestSuite1601324593621.groovy:39)
Caused by: com.kms.katalon.core.webui.exception.WebElementNotFoundException: Web element with id: 'Object Repository/Page_Workgroups  GRiD/a_FG3D' located by '//div[@id='workgroupExportTree']/a[10]' not found
	at com.kms.katalon.core.webui.common.WebUiCommonHelper.findWebElement(WebUiCommonHelper.java:1368)
	at com.kms.katalon.core.webui.keyword.internal.WebUIAbstractKeyword.findWebElement(WebUIAbstractKeyword.groovy:27)
	at com.kms.katalon.core.webui.keyword.internal.WebUIAbstractKeyword.findWebElement(WebUIAbstractKeyword.groovy:26)
	at com.kms.katalon.core.webui.keyword.builtin.ClickKeyword$_click_closure1.doCall(ClickKeyword.groovy:67)
	at com.kms.katalon.core.webui.keyword.builtin.ClickKeyword$_click_closure1.call(ClickKeyword.groovy)
	at com.kms.katalon.core.webui.keyword.internal.WebUIKeywordMain.runKeyword(WebUIKeywordMain.groovy:20)
	at com.kms.katalon.core.webui.keyword.builtin.ClickKeyword.click(ClickKeyword.groovy:76)
	at com.kms.katalon.core.webui.keyword.builtin.ClickKeyword.execute(ClickKeyword.groovy:43)
	at com.kms.katalon.core.keyword.internal.KeywordExecutor.executeKeywordForPlatform(KeywordExecutor.groovy:73)
	at com.kms.katalon.core.webui.keyword.WebUiBuiltInKeywords.click(WebUiBuiltInKeywords.groovy:616)
	at com.kms.katalon.core.webui.keyword.WebUiBuiltInKeywords$click$1.call(Unknown Source)
	at Script1599149155505.run(Script1599149155505.groovy:28)
	... 13 more
)
[[ATTACHMENT|/Users/bhavikpatel/Downloads/Projects/CRREL/GRiD/Automation Testing/Automation Testing Project/KatalonTesting/Reports/20200928_162313/GRiD FG3D/20200928_162313/1601351226855.png]]]]></system-out>
         <system-err><![CDATA[2020-09-28 23:45:50 - [TEST_CASE][FAILED] - Test Cases/FG3D/FG3D Test - Stragetic: Test Cases/FG3D/FG3D Test - Stragetic FAILED.
Reason:
com.kms.katalon.core.exception.StepFailedException: Unable to click on object 'Object Repository/Page_Workgroups  GRiD/a_FG3D'
	at com.kms.katalon.core.webui.keyword.internal.WebUIKeywordMain.stepFailed(WebUIKeywordMain.groovy:64)
	at com.kms.katalon.core.webui.keyword.internal.WebUIKeywordMain.runKeyword(WebUIKeywordMain.groovy:26)
	at com.kms.katalon.core.webui.keyword.builtin.ClickKeyword.click(ClickKeyword.groovy:76)
	at com.kms.katalon.core.webui.keyword.builtin.ClickKeyword.execute(ClickKeyword.groovy:43)
	at com.kms.katalon.core.keyword.internal.KeywordExecutor.executeKeywordForPlatform(KeywordExecutor.groovy:73)
	at com.kms.katalon.core.webui.keyword.WebUiBuiltInKeywords.click(WebUiBuiltInKeywords.groovy:616)
	at com.kms.katalon.core.webui.keyword.WebUiBuiltInKeywords$click$1.call(Unknown Source)
	at FG3D Test - Stragetic.run(FG3D Test - Stragetic:28)
	at com.kms.katalon.core.main.ScriptEngine.run(ScriptEngine.java:194)
	at com.kms.katalon.core.main.ScriptEngine.runScriptAsRawText(ScriptEngine.java:119)
	at com.kms.katalon.core.main.TestCaseExecutor.runScript(TestCaseExecutor.java:339)
	at com.kms.katalon.core.main.TestCaseExecutor.doExecute(TestCaseExecutor.java:330)
	at com.kms.katalon.core.main.TestCaseExecutor.processExecutionPhase(TestCaseExecutor.java:309)
	at com.kms.katalon.core.main.TestCaseExecutor.accessMainPhase(TestCaseExecutor.java:301)
	at com.kms.katalon.core.main.TestCaseExecutor.execute(TestCaseExecutor.java:235)
	at com.kms.katalon.core.main.TestSuiteExecutor.accessTestCaseMainPhase(TestSuiteExecutor.java:191)
	at com.kms.katalon.core.main.TestSuiteExecutor.accessTestSuiteMainPhase(TestSuiteExecutor.java:141)
	at com.kms.katalon.core.main.TestSuiteExecutor.execute(TestSuiteExecutor.java:90)
	at com.kms.katalon.core.main.TestCaseMain.startTestSuite(TestCaseMain.java:157)
	at com.kms.katalon.core.main.TestCaseMain$startTestSuite$0.call(Unknown Source)
	at TempTestSuite1601324593621.run(TempTestSuite1601324593621.groovy:39)
Caused by: com.kms.katalon.core.webui.exception.WebElementNotFoundException: Web element with id: 'Object Repository/Page_Workgroups  GRiD/a_FG3D' located by '//div[@id='workgroupExportTree']/a[10]' not found
	at com.kms.katalon.core.webui.common.WebUiCommonHelper.findWebElement(WebUiCommonHelper.java:1368)
	at com.kms.katalon.core.webui.keyword.internal.WebUIAbstractKeyword.findWebElement(WebUIAbstractKeyword.groovy:27)
	at com.kms.katalon.core.webui.keyword.internal.WebUIAbstractKeyword.findWebElement(WebUIAbstractKeyword.groovy:26)
	at com.kms.katalon.core.webui.keyword.builtin.ClickKeyword$_click_closure1.doCall(ClickKeyword.groovy:67)
	at com.kms.katalon.core.webui.keyword.builtin.ClickKeyword$_click_closure1.call(ClickKeyword.groovy)
	at com.kms.katalon.core.webui.keyword.internal.WebUIKeywordMain.runKeyword(WebUIKeywordMain.groovy:20)
	... 19 more]]></system-err>
      </testcase>
      <testcase name="Test Cases/FG3D/FG3D Test - Stragetic" time="76.241" classname="Test Cases/FG3D/FG3D Test - Stragetic" status="FAILED">
         <failure type="FAILED" message="Test Cases/FG3D/FG3D Test - Stragetic FAILED.
Reason:
com.kms.katalon.core.exception.StepFailedException: Unable to click on object 'Object Repository/Page_Workgroups  GRiD/a_FG3D'
	at com.kms.katalon.core.webui.keyword.internal.WebUIKeywordMain.stepFailed(WebUIKeywordMain.groovy:64)
	at com.kms.katalon.core.webui.keyword.internal.WebUIKeywordMain.runKeyword(WebUIKeywordMain.groovy:26)
	at com.kms.katalon.core.webui.keyword.builtin.ClickKeyword.click(ClickKeyword.groovy:76)
	at com.kms.katalon.core.webui.keyword.builtin.ClickKeyword.execute(ClickKeyword.groovy:43)
	at com.kms.katalon.core.keyword.internal.KeywordExecutor.executeKeywordForPlatform(KeywordExecutor.groovy:73)
	at com.kms.katalon.core.webui.keyword.WebUiBuiltInKeywords.click(WebUiBuiltInKeywords.groovy:616)
	at com.kms.katalon.core.webui.keyword.WebUiBuiltInKeywords$click$1.call(Unknown Source)
	at FG3D Test - Stragetic.run(FG3D Test - Stragetic:28)
	at com.kms.katalon.core.main.ScriptEngine.run(ScriptEngine.java:194)
	at com.kms.katalon.core.main.ScriptEngine.runScriptAsRawText(ScriptEngine.java:119)
	at com.kms.katalon.core.main.TestCaseExecutor.runScript(TestCaseExecutor.java:339)
	at com.kms.katalon.core.main.TestCaseExecutor.doExecute(TestCaseExecutor.java:330)
	at com.kms.katalon.core.main.TestCaseExecutor.processExecutionPhase(TestCaseExecutor.java:309)
	at com.kms.katalon.core.main.TestCaseExecutor.accessMainPhase(TestCaseExecutor.java:301)
	at com.kms.katalon.core.main.TestCaseExecutor.execute(TestCaseExecutor.java:235)
	at com.kms.katalon.core.main.TestSuiteExecutor.accessTestCaseMainPhase(TestSuiteExecutor.java:191)
	at com.kms.katalon.core.main.TestSuiteExecutor.accessTestSuiteMainPhase(TestSuiteExecutor.java:141)
	at com.kms.katalon.core.main.TestSuiteExecutor.execute(TestSuiteExecutor.java:90)
	at com.kms.katalon.core.main.TestCaseMain.startTestSuite(TestCaseMain.java:157)
	at com.kms.katalon.core.main.TestCaseMain$startTestSuite$0.call(Unknown Source)
	at TempTestSuite1601324593621.run(TempTestSuite1601324593621.groovy:39)
Caused by: com.kms.katalon.core.webui.exception.WebElementNotFoundException: Web element with id: 'Object Repository/Page_Workgroups  GRiD/a_FG3D' located by '//div[@id='workgroupExportTree']/a[10]' not found
	at com.kms.katalon.core.webui.common.WebUiCommonHelper.findWebElement(WebUiCommonHelper.java:1368)
	at com.kms.katalon.core.webui.keyword.internal.WebUIAbstractKeyword.findWebElement(WebUIAbstractKeyword.groovy:27)
	at com.kms.katalon.core.webui.keyword.internal.WebUIAbstractKeyword.findWebElement(WebUIAbstractKeyword.groovy:26)
	at com.kms.katalon.core.webui.keyword.builtin.ClickKeyword$_click_closure1.doCall(ClickKeyword.groovy:67)
	at com.kms.katalon.core.webui.keyword.builtin.ClickKeyword$_click_closure1.call(ClickKeyword.groovy)
	at com.kms.katalon.core.webui.keyword.internal.WebUIKeywordMain.runKeyword(WebUIKeywordMain.groovy:20)
	... 19 more
"/>
         <system-out><![CDATA[2020-09-28 23:47:07 - [TEST_CASE][FAILED] - Test Cases/FG3D/FG3D Test - Stragetic: Test Cases/FG3D/FG3D Test - Stragetic FAILED.
Reason:
com.kms.katalon.core.exception.StepFailedException: Unable to click on object 'Object Repository/Page_Workgroups  GRiD/a_FG3D'
	at com.kms.katalon.core.webui.keyword.internal.WebUIKeywordMain.stepFailed(WebUIKeywordMain.groovy:64)
	at com.kms.katalon.core.webui.keyword.internal.WebUIKeywordMain.runKeyword(WebUIKeywordMain.groovy:26)
	at com.kms.katalon.core.webui.keyword.builtin.ClickKeyword.click(ClickKeyword.groovy:76)
	at com.kms.katalon.core.webui.keyword.builtin.ClickKeyword.execute(ClickKeyword.groovy:43)
	at com.kms.katalon.core.keyword.internal.KeywordExecutor.executeKeywordForPlatform(KeywordExecutor.groovy:73)
	at com.kms.katalon.core.webui.keyword.WebUiBuiltInKeywords.click(WebUiBuiltInKeywords.groovy:616)
	at com.kms.katalon.core.webui.keyword.WebUiBuiltInKeywords$click$1.call(Unknown Source)
	at FG3D Test - Stragetic.run(FG3D Test - Stragetic:28)
	at com.kms.katalon.core.main.ScriptEngine.run(ScriptEngine.java:194)
	at com.kms.katalon.core.main.ScriptEngine.runScriptAsRawText(ScriptEngine.java:119)
	at com.kms.katalon.core.main.TestCaseExecutor.runScript(TestCaseExecutor.java:339)
	at com.kms.katalon.core.main.TestCaseExecutor.doExecute(TestCaseExecutor.java:330)
	at com.kms.katalon.core.main.TestCaseExecutor.processExecutionPhase(TestCaseExecutor.java:309)
	at com.kms.katalon.core.main.TestCaseExecutor.accessMainPhase(TestCaseExecutor.java:301)
	at com.kms.katalon.core.main.TestCaseExecutor.execute(TestCaseExecutor.java:235)
	at com.kms.katalon.core.main.TestSuiteExecutor.accessTestCaseMainPhase(TestSuiteExecutor.java:191)
	at com.kms.katalon.core.main.TestSuiteExecutor.accessTestSuiteMainPhase(TestSuiteExecutor.java:141)
	at com.kms.katalon.core.main.TestSuiteExecutor.execute(TestSuiteExecutor.java:90)
	at com.kms.katalon.core.main.TestCaseMain.startTestSuite(TestCaseMain.java:157)
	at com.kms.katalon.core.main.TestCaseMain$startTestSuite$0.call(Unknown Source)
	at TempTestSuite1601324593621.run(TempTestSuite1601324593621.groovy:39)
Caused by: com.kms.katalon.core.webui.exception.WebElementNotFoundException: Web element with id: 'Object Repository/Page_Workgroups  GRiD/a_FG3D' located by '//div[@id='workgroupExportTree']/a[10]' not found
	at com.kms.katalon.core.webui.common.WebUiCommonHelper.findWebElement(WebUiCommonHelper.java:1368)
	at com.kms.katalon.core.webui.keyword.internal.WebUIAbstractKeyword.findWebElement(WebUIAbstractKeyword.groovy:27)
	at com.kms.katalon.core.webui.keyword.internal.WebUIAbstractKeyword.findWebElement(WebUIAbstractKeyword.groovy:26)
	at com.kms.katalon.core.webui.keyword.builtin.ClickKeyword$_click_closure1.doCall(ClickKeyword.groovy:67)
	at com.kms.katalon.core.webui.keyword.builtin.ClickKeyword$_click_closure1.call(ClickKeyword.groovy)
	at com.kms.katalon.core.webui.keyword.internal.WebUIKeywordMain.runKeyword(WebUIKeywordMain.groovy:20)
	... 19 more


2020-09-28 23:47:07 - [TEST_STEP][PASSED] - openBrowser(""): Browser is opened with url: ''

2020-09-28 23:47:07 - [MESSAGE][WARNING] - A browser is already opened. Closing browser and opening a new one

2020-09-28 23:47:07 - [MESSAGE][INFO] - Starting 'Chrome' driver

2020-09-28 23:47:07 - [MESSAGE][INFO] - Action delay is set to 0 milliseconds

2020-09-28 23:47:08 - [MESSAGE][PASSED] - Browser is opened with url: ''

2020-09-28 23:47:08 - [TEST_STEP][PASSED] - navigateToUrl("https://grid.nga.mil/testgrid/"): Navigate to 'https://grid.nga.mil/testgrid/' successfully

2020-09-28 23:47:10 - [MESSAGE][PASSED] - Navigate to 'https://grid.nga.mil/testgrid/' successfully

2020-09-28 23:47:10 - [TEST_STEP][PASSED] - click(findTestObject("Page_Home  GRiD/a_CAC  GEOAxIS Login")): Object: 'Object Repository/Page_Home  GRiD/a_CAC  GEOAxIS Login' is clicked on

2020-09-28 23:47:15 - [MESSAGE][PASSED] - Object: 'Object Repository/Page_Home  GRiD/a_CAC  GEOAxIS Login' is clicked on

2020-09-28 23:47:15 - [TEST_STEP][PASSED] - click(findTestObject("Page_Home  GRiD/a_Share")): Object: 'Object Repository/Page_Home  GRiD/a_Share' is clicked on

2020-09-28 23:47:46 - [MESSAGE][INFO] - Unable to find the element located by 'By.xpath: //div[@id='navbarToggle']/ul/li[5]/a'. Please recheck the objects properties to make sure the desired element is located. 

2020-09-28 23:47:46 - [MESSAGE][WARNING] - [SELF-HEALING] Failed to find element with id 'Object Repository/Page_Home  GRiD/a_Share'. Try using Self-healing.

2020-09-28 23:47:47 - [MESSAGE][WARNING] - [SELF-HEALING] The current locator of test object 'Object Repository/Page_Home  GRiD/a_Share' was broken. Propose an alternative one: '//li[5]/a'.

2020-09-28 23:47:47 - [MESSAGE][PASSED] - Object: 'Object Repository/Page_Home  GRiD/a_Share' is clicked on

2020-09-28 23:47:47 - [TEST_STEP][FAILED] - click(findTestObject("Page_Workgroups  GRiD/a_FG3D")): Unable to click on object 'Object Repository/Page_Workgroups  GRiD/a_FG3D' (Root cause: com.kms.katalon.core.exception.StepFailedException: Unable to click on object 'Object Repository/Page_Workgroups  GRiD/a_FG3D'
	at com.kms.katalon.core.webui.keyword.internal.WebUIKeywordMain.stepFailed(WebUIKeywordMain.groovy:64)
	at com.kms.katalon.core.webui.keyword.internal.WebUIKeywordMain.runKeyword(WebUIKeywordMain.groovy:26)
	at com.kms.katalon.core.webui.keyword.builtin.ClickKeyword.click(ClickKeyword.groovy:76)
	at com.kms.katalon.core.webui.keyword.builtin.ClickKeyword.execute(ClickKeyword.groovy:43)
	at com.kms.katalon.core.keyword.internal.KeywordExecutor.executeKeywordForPlatform(KeywordExecutor.groovy:73)
	at com.kms.katalon.core.webui.keyword.WebUiBuiltInKeywords.click(WebUiBuiltInKeywords.groovy:616)
	at com.kms.katalon.core.webui.keyword.WebUiBuiltInKeywords$click$1.call(Unknown Source)
	at FG3D Test - Stragetic.run(FG3D Test - Stragetic:28)
	at com.kms.katalon.core.main.ScriptEngine.run(ScriptEngine.java:194)
	at com.kms.katalon.core.main.ScriptEngine.runScriptAsRawText(ScriptEngine.java:119)
	at com.kms.katalon.core.main.TestCaseExecutor.runScript(TestCaseExecutor.java:339)
	at com.kms.katalon.core.main.TestCaseExecutor.doExecute(TestCaseExecutor.java:330)
	at com.kms.katalon.core.main.TestCaseExecutor.processExecutionPhase(TestCaseExecutor.java:309)
	at com.kms.katalon.core.main.TestCaseExecutor.accessMainPhase(TestCaseExecutor.java:301)
	at com.kms.katalon.core.main.TestCaseExecutor.execute(TestCaseExecutor.java:235)
	at com.kms.katalon.core.main.TestSuiteExecutor.accessTestCaseMainPhase(TestSuiteExecutor.java:191)
	at com.kms.katalon.core.main.TestSuiteExecutor.accessTestSuiteMainPhase(TestSuiteExecutor.java:141)
	at com.kms.katalon.core.main.TestSuiteExecutor.execute(TestSuiteExecutor.java:90)
	at com.kms.katalon.core.main.TestCaseMain.startTestSuite(TestCaseMain.java:157)
	at com.kms.katalon.core.main.TestCaseMain$startTestSuite$0.call(Unknown Source)
	at TempTestSuite1601324593621.run(TempTestSuite1601324593621.groovy:39)
Caused by: com.kms.katalon.core.webui.exception.WebElementNotFoundException: Web element with id: 'Object Repository/Page_Workgroups  GRiD/a_FG3D' located by '//div[@id='workgroupExportTree']/a[10]' not found
	at com.kms.katalon.core.webui.common.WebUiCommonHelper.findWebElement(WebUiCommonHelper.java:1368)
	at com.kms.katalon.core.webui.keyword.internal.WebUIAbstractKeyword.findWebElement(WebUIAbstractKeyword.groovy:27)
	at com.kms.katalon.core.webui.keyword.internal.WebUIAbstractKeyword.findWebElement(WebUIAbstractKeyword.groovy:26)
	at com.kms.katalon.core.webui.keyword.builtin.ClickKeyword$_click_closure1.doCall(ClickKeyword.groovy:67)
	at com.kms.katalon.core.webui.keyword.builtin.ClickKeyword$_click_closure1.call(ClickKeyword.groovy)
	at com.kms.katalon.core.webui.keyword.internal.WebUIKeywordMain.runKeyword(WebUIKeywordMain.groovy:20)
	at com.kms.katalon.core.webui.keyword.builtin.ClickKeyword.click(ClickKeyword.groovy:76)
	at com.kms.katalon.core.webui.keyword.builtin.ClickKeyword.execute(ClickKeyword.groovy:43)
	at com.kms.katalon.core.keyword.internal.KeywordExecutor.executeKeywordForPlatform(KeywordExecutor.groovy:73)
	at com.kms.katalon.core.webui.keyword.WebUiBuiltInKeywords.click(WebUiBuiltInKeywords.groovy:616)
	at com.kms.katalon.core.webui.keyword.WebUiBuiltInKeywords$click$1.call(Unknown Source)
	at Script1599149155505.run(Script1599149155505.groovy:28)
	... 13 more
)

2020-09-28 23:48:18 - [MESSAGE][INFO] - Unable to find the element located by 'By.xpath: //div[@id='workgroupExportTree']/a[10]'. Please recheck the objects properties to make sure the desired element is located. 

2020-09-28 23:48:18 - [MESSAGE][WARNING] - [SELF-HEALING] Failed to find element with id 'Object Repository/Page_Workgroups  GRiD/a_FG3D'. Try using Self-healing.

2020-09-28 23:48:18 - [MESSAGE][INFO] - [SELF-HEALING] Failed Locator: '//div[@id='workgroupExportTree']/a[10]'.

2020-09-28 23:48:18 - [MESSAGE][INFO] - [SELF-HEALING] Failed Locator: '//a[contains(text(),'FG3D')]'.

2020-09-28 23:48:19 - [MESSAGE][INFO] - [SELF-HEALING] Failed Locator: '(.//*[normalize-space(text()) and normalize-space(.)='DTED2 DTM'])[1]/following::a[1]'.

2020-09-28 23:48:19 - [MESSAGE][INFO] - [SELF-HEALING] Failed Locator: '(.//*[normalize-space(text()) and normalize-space(.)='DTED0 DTM'])[1]/following::a[2]'.

2020-09-28 23:48:19 - [MESSAGE][INFO] - [SELF-HEALING] Failed Locator: '(.//*[normalize-space(text()) and normalize-space(.)='SRT2F DSM'])[1]/preceding::a[1]'.

2020-09-28 23:48:19 - [MESSAGE][INFO] - [SELF-HEALING] Failed Locator: '(.//*[normalize-space(text()) and normalize-space(.)='TDT DSM'])[1]/preceding::a[2]'.

2020-09-28 23:48:20 - [MESSAGE][INFO] - [SELF-HEALING] Failed Locator: '//*/text()[normalize-space(.)='FG3D']/parent::*'.

2020-09-28 23:48:20 - [MESSAGE][INFO] - [SELF-HEALING] Failed Locator: '//a[contains(@href, '/testgrid/export/aoi/36914/')]'.

2020-09-28 23:48:20 - [MESSAGE][INFO] - [SELF-HEALING] Failed Locator: '//div[2]/a[10]'.

2020-09-28 23:48:21 - [MESSAGE][INFO] - Unable to find the element located by 'By.xpath: //*[@href = '/testgrid/export/aoi/36914/' and (text() = '
            FG3D
            
              
              
            
          ' or . = '
            FG3D
            
              
              
            
          ')]'. Please recheck the objects properties to make sure the desired element is located. 

2020-09-28 23:48:23 - [MESSAGE][INFO] - Unable to find the element located by 'By.cssSelector: '. Please recheck the objects properties to make sure the desired element is located. 

2020-09-28 23:48:23 - [MESSAGE][FAILED] - Unable to click on object 'Object Repository/Page_Workgroups  GRiD/a_FG3D' (Root cause: com.kms.katalon.core.exception.StepFailedException: Unable to click on object 'Object Repository/Page_Workgroups  GRiD/a_FG3D'
	at com.kms.katalon.core.webui.keyword.internal.WebUIKeywordMain.stepFailed(WebUIKeywordMain.groovy:64)
	at com.kms.katalon.core.webui.keyword.internal.WebUIKeywordMain.runKeyword(WebUIKeywordMain.groovy:26)
	at com.kms.katalon.core.webui.keyword.builtin.ClickKeyword.click(ClickKeyword.groovy:76)
	at com.kms.katalon.core.webui.keyword.builtin.ClickKeyword.execute(ClickKeyword.groovy:43)
	at com.kms.katalon.core.keyword.internal.KeywordExecutor.executeKeywordForPlatform(KeywordExecutor.groovy:73)
	at com.kms.katalon.core.webui.keyword.WebUiBuiltInKeywords.click(WebUiBuiltInKeywords.groovy:616)
	at com.kms.katalon.core.webui.keyword.WebUiBuiltInKeywords$click$1.call(Unknown Source)
	at FG3D Test - Stragetic.run(FG3D Test - Stragetic:28)
	at com.kms.katalon.core.main.ScriptEngine.run(ScriptEngine.java:194)
	at com.kms.katalon.core.main.ScriptEngine.runScriptAsRawText(ScriptEngine.java:119)
	at com.kms.katalon.core.main.TestCaseExecutor.runScript(TestCaseExecutor.java:339)
	at com.kms.katalon.core.main.TestCaseExecutor.doExecute(TestCaseExecutor.java:330)
	at com.kms.katalon.core.main.TestCaseExecutor.processExecutionPhase(TestCaseExecutor.java:309)
	at com.kms.katalon.core.main.TestCaseExecutor.accessMainPhase(TestCaseExecutor.java:301)
	at com.kms.katalon.core.main.TestCaseExecutor.execute(TestCaseExecutor.java:235)
	at com.kms.katalon.core.main.TestSuiteExecutor.accessTestCaseMainPhase(TestSuiteExecutor.java:191)
	at com.kms.katalon.core.main.TestSuiteExecutor.accessTestSuiteMainPhase(TestSuiteExecutor.java:141)
	at com.kms.katalon.core.main.TestSuiteExecutor.execute(TestSuiteExecutor.java:90)
	at com.kms.katalon.core.main.TestCaseMain.startTestSuite(TestCaseMain.java:157)
	at com.kms.katalon.core.main.TestCaseMain$startTestSuite$0.call(Unknown Source)
	at TempTestSuite1601324593621.run(TempTestSuite1601324593621.groovy:39)
Caused by: com.kms.katalon.core.webui.exception.WebElementNotFoundException: Web element with id: 'Object Repository/Page_Workgroups  GRiD/a_FG3D' located by '//div[@id='workgroupExportTree']/a[10]' not found
	at com.kms.katalon.core.webui.common.WebUiCommonHelper.findWebElement(WebUiCommonHelper.java:1368)
	at com.kms.katalon.core.webui.keyword.internal.WebUIAbstractKeyword.findWebElement(WebUIAbstractKeyword.groovy:27)
	at com.kms.katalon.core.webui.keyword.internal.WebUIAbstractKeyword.findWebElement(WebUIAbstractKeyword.groovy:26)
	at com.kms.katalon.core.webui.keyword.builtin.ClickKeyword$_click_closure1.doCall(ClickKeyword.groovy:67)
	at com.kms.katalon.core.webui.keyword.builtin.ClickKeyword$_click_closure1.call(ClickKeyword.groovy)
	at com.kms.katalon.core.webui.keyword.internal.WebUIKeywordMain.runKeyword(WebUIKeywordMain.groovy:20)
	at com.kms.katalon.core.webui.keyword.builtin.ClickKeyword.click(ClickKeyword.groovy:76)
	at com.kms.katalon.core.webui.keyword.builtin.ClickKeyword.execute(ClickKeyword.groovy:43)
	at com.kms.katalon.core.keyword.internal.KeywordExecutor.executeKeywordForPlatform(KeywordExecutor.groovy:73)
	at com.kms.katalon.core.webui.keyword.WebUiBuiltInKeywords.click(WebUiBuiltInKeywords.groovy:616)
	at com.kms.katalon.core.webui.keyword.WebUiBuiltInKeywords$click$1.call(Unknown Source)
	at Script1599149155505.run(Script1599149155505.groovy:28)
	... 13 more
)
[[ATTACHMENT|/Users/bhavikpatel/Downloads/Projects/CRREL/GRiD/Automation Testing/Automation Testing Project/KatalonTesting/Reports/20200928_162313/GRiD FG3D/20200928_162313/1601351303095.png]]]]></system-out>
         <system-err><![CDATA[2020-09-28 23:47:07 - [TEST_CASE][FAILED] - Test Cases/FG3D/FG3D Test - Stragetic: Test Cases/FG3D/FG3D Test - Stragetic FAILED.
Reason:
com.kms.katalon.core.exception.StepFailedException: Unable to click on object 'Object Repository/Page_Workgroups  GRiD/a_FG3D'
	at com.kms.katalon.core.webui.keyword.internal.WebUIKeywordMain.stepFailed(WebUIKeywordMain.groovy:64)
	at com.kms.katalon.core.webui.keyword.internal.WebUIKeywordMain.runKeyword(WebUIKeywordMain.groovy:26)
	at com.kms.katalon.core.webui.keyword.builtin.ClickKeyword.click(ClickKeyword.groovy:76)
	at com.kms.katalon.core.webui.keyword.builtin.ClickKeyword.execute(ClickKeyword.groovy:43)
	at com.kms.katalon.core.keyword.internal.KeywordExecutor.executeKeywordForPlatform(KeywordExecutor.groovy:73)
	at com.kms.katalon.core.webui.keyword.WebUiBuiltInKeywords.click(WebUiBuiltInKeywords.groovy:616)
	at com.kms.katalon.core.webui.keyword.WebUiBuiltInKeywords$click$1.call(Unknown Source)
	at FG3D Test - Stragetic.run(FG3D Test - Stragetic:28)
	at com.kms.katalon.core.main.ScriptEngine.run(ScriptEngine.java:194)
	at com.kms.katalon.core.main.ScriptEngine.runScriptAsRawText(ScriptEngine.java:119)
	at com.kms.katalon.core.main.TestCaseExecutor.runScript(TestCaseExecutor.java:339)
	at com.kms.katalon.core.main.TestCaseExecutor.doExecute(TestCaseExecutor.java:330)
	at com.kms.katalon.core.main.TestCaseExecutor.processExecutionPhase(TestCaseExecutor.java:309)
	at com.kms.katalon.core.main.TestCaseExecutor.accessMainPhase(TestCaseExecutor.java:301)
	at com.kms.katalon.core.main.TestCaseExecutor.execute(TestCaseExecutor.java:235)
	at com.kms.katalon.core.main.TestSuiteExecutor.accessTestCaseMainPhase(TestSuiteExecutor.java:191)
	at com.kms.katalon.core.main.TestSuiteExecutor.accessTestSuiteMainPhase(TestSuiteExecutor.java:141)
	at com.kms.katalon.core.main.TestSuiteExecutor.execute(TestSuiteExecutor.java:90)
	at com.kms.katalon.core.main.TestCaseMain.startTestSuite(TestCaseMain.java:157)
	at com.kms.katalon.core.main.TestCaseMain$startTestSuite$0.call(Unknown Source)
	at TempTestSuite1601324593621.run(TempTestSuite1601324593621.groovy:39)
Caused by: com.kms.katalon.core.webui.exception.WebElementNotFoundException: Web element with id: 'Object Repository/Page_Workgroups  GRiD/a_FG3D' located by '//div[@id='workgroupExportTree']/a[10]' not found
	at com.kms.katalon.core.webui.common.WebUiCommonHelper.findWebElement(WebUiCommonHelper.java:1368)
	at com.kms.katalon.core.webui.keyword.internal.WebUIAbstractKeyword.findWebElement(WebUIAbstractKeyword.groovy:27)
	at com.kms.katalon.core.webui.keyword.internal.WebUIAbstractKeyword.findWebElement(WebUIAbstractKeyword.groovy:26)
	at com.kms.katalon.core.webui.keyword.builtin.ClickKeyword$_click_closure1.doCall(ClickKeyword.groovy:67)
	at com.kms.katalon.core.webui.keyword.builtin.ClickKeyword$_click_closure1.call(ClickKeyword.groovy)
	at com.kms.katalon.core.webui.keyword.internal.WebUIKeywordMain.runKeyword(WebUIKeywordMain.groovy:20)
	... 19 more]]></system-err>
      </testcase>
      <testcase name="Test Cases/FG3D/FG3D Test - Stragetic" time="77.866" classname="Test Cases/FG3D/FG3D Test - Stragetic" status="FAILED">
         <failure type="FAILED" message="Test Cases/FG3D/FG3D Test - Stragetic FAILED.
Reason:
com.kms.katalon.core.exception.StepFailedException: Unable to click on object 'Object Repository/Page_Workgroups  GRiD/a_FG3D'
	at com.kms.katalon.core.webui.keyword.internal.WebUIKeywordMain.stepFailed(WebUIKeywordMain.groovy:64)
	at com.kms.katalon.core.webui.keyword.internal.WebUIKeywordMain.runKeyword(WebUIKeywordMain.groovy:26)
	at com.kms.katalon.core.webui.keyword.builtin.ClickKeyword.click(ClickKeyword.groovy:76)
	at com.kms.katalon.core.webui.keyword.builtin.ClickKeyword.execute(ClickKeyword.groovy:43)
	at com.kms.katalon.core.keyword.internal.KeywordExecutor.executeKeywordForPlatform(KeywordExecutor.groovy:73)
	at com.kms.katalon.core.webui.keyword.WebUiBuiltInKeywords.click(WebUiBuiltInKeywords.groovy:616)
	at com.kms.katalon.core.webui.keyword.WebUiBuiltInKeywords$click$1.call(Unknown Source)
	at FG3D Test - Stragetic.run(FG3D Test - Stragetic:28)
	at com.kms.katalon.core.main.ScriptEngine.run(ScriptEngine.java:194)
	at com.kms.katalon.core.main.ScriptEngine.runScriptAsRawText(ScriptEngine.java:119)
	at com.kms.katalon.core.main.TestCaseExecutor.runScript(TestCaseExecutor.java:339)
	at com.kms.katalon.core.main.TestCaseExecutor.doExecute(TestCaseExecutor.java:330)
	at com.kms.katalon.core.main.TestCaseExecutor.processExecutionPhase(TestCaseExecutor.java:309)
	at com.kms.katalon.core.main.TestCaseExecutor.accessMainPhase(TestCaseExecutor.java:301)
	at com.kms.katalon.core.main.TestCaseExecutor.execute(TestCaseExecutor.java:235)
	at com.kms.katalon.core.main.TestSuiteExecutor.accessTestCaseMainPhase(TestSuiteExecutor.java:191)
	at com.kms.katalon.core.main.TestSuiteExecutor.accessTestSuiteMainPhase(TestSuiteExecutor.java:141)
	at com.kms.katalon.core.main.TestSuiteExecutor.execute(TestSuiteExecutor.java:90)
	at com.kms.katalon.core.main.TestCaseMain.startTestSuite(TestCaseMain.java:157)
	at com.kms.katalon.core.main.TestCaseMain$startTestSuite$0.call(Unknown Source)
	at TempTestSuite1601324593621.run(TempTestSuite1601324593621.groovy:39)
Caused by: com.kms.katalon.core.webui.exception.WebElementNotFoundException: Web element with id: 'Object Repository/Page_Workgroups  GRiD/a_FG3D' located by '//div[@id='workgroupExportTree']/a[10]' not found
	at com.kms.katalon.core.webui.common.WebUiCommonHelper.findWebElement(WebUiCommonHelper.java:1368)
	at com.kms.katalon.core.webui.keyword.internal.WebUIAbstractKeyword.findWebElement(WebUIAbstractKeyword.groovy:27)
	at com.kms.katalon.core.webui.keyword.internal.WebUIAbstractKeyword.findWebElement(WebUIAbstractKeyword.groovy:26)
	at com.kms.katalon.core.webui.keyword.builtin.ClickKeyword$_click_closure1.doCall(ClickKeyword.groovy:67)
	at com.kms.katalon.core.webui.keyword.builtin.ClickKeyword$_click_closure1.call(ClickKeyword.groovy)
	at com.kms.katalon.core.webui.keyword.internal.WebUIKeywordMain.runKeyword(WebUIKeywordMain.groovy:20)
	... 19 more
"/>
         <system-out><![CDATA[2020-09-28 23:48:23 - [TEST_CASE][FAILED] - Test Cases/FG3D/FG3D Test - Stragetic: Test Cases/FG3D/FG3D Test - Stragetic FAILED.
Reason:
com.kms.katalon.core.exception.StepFailedException: Unable to click on object 'Object Repository/Page_Workgroups  GRiD/a_FG3D'
	at com.kms.katalon.core.webui.keyword.internal.WebUIKeywordMain.stepFailed(WebUIKeywordMain.groovy:64)
	at com.kms.katalon.core.webui.keyword.internal.WebUIKeywordMain.runKeyword(WebUIKeywordMain.groovy:26)
	at com.kms.katalon.core.webui.keyword.builtin.ClickKeyword.click(ClickKeyword.groovy:76)
	at com.kms.katalon.core.webui.keyword.builtin.ClickKeyword.execute(ClickKeyword.groovy:43)
	at com.kms.katalon.core.keyword.internal.KeywordExecutor.executeKeywordForPlatform(KeywordExecutor.groovy:73)
	at com.kms.katalon.core.webui.keyword.WebUiBuiltInKeywords.click(WebUiBuiltInKeywords.groovy:616)
	at com.kms.katalon.core.webui.keyword.WebUiBuiltInKeywords$click$1.call(Unknown Source)
	at FG3D Test - Stragetic.run(FG3D Test - Stragetic:28)
	at com.kms.katalon.core.main.ScriptEngine.run(ScriptEngine.java:194)
	at com.kms.katalon.core.main.ScriptEngine.runScriptAsRawText(ScriptEngine.java:119)
	at com.kms.katalon.core.main.TestCaseExecutor.runScript(TestCaseExecutor.java:339)
	at com.kms.katalon.core.main.TestCaseExecutor.doExecute(TestCaseExecutor.java:330)
	at com.kms.katalon.core.main.TestCaseExecutor.processExecutionPhase(TestCaseExecutor.java:309)
	at com.kms.katalon.core.main.TestCaseExecutor.accessMainPhase(TestCaseExecutor.java:301)
	at com.kms.katalon.core.main.TestCaseExecutor.execute(TestCaseExecutor.java:235)
	at com.kms.katalon.core.main.TestSuiteExecutor.accessTestCaseMainPhase(TestSuiteExecutor.java:191)
	at com.kms.katalon.core.main.TestSuiteExecutor.accessTestSuiteMainPhase(TestSuiteExecutor.java:141)
	at com.kms.katalon.core.main.TestSuiteExecutor.execute(TestSuiteExecutor.java:90)
	at com.kms.katalon.core.main.TestCaseMain.startTestSuite(TestCaseMain.java:157)
	at com.kms.katalon.core.main.TestCaseMain$startTestSuite$0.call(Unknown Source)
	at TempTestSuite1601324593621.run(TempTestSuite1601324593621.groovy:39)
Caused by: com.kms.katalon.core.webui.exception.WebElementNotFoundException: Web element with id: 'Object Repository/Page_Workgroups  GRiD/a_FG3D' located by '//div[@id='workgroupExportTree']/a[10]' not found
	at com.kms.katalon.core.webui.common.WebUiCommonHelper.findWebElement(WebUiCommonHelper.java:1368)
	at com.kms.katalon.core.webui.keyword.internal.WebUIAbstractKeyword.findWebElement(WebUIAbstractKeyword.groovy:27)
	at com.kms.katalon.core.webui.keyword.internal.WebUIAbstractKeyword.findWebElement(WebUIAbstractKeyword.groovy:26)
	at com.kms.katalon.core.webui.keyword.builtin.ClickKeyword$_click_closure1.doCall(ClickKeyword.groovy:67)
	at com.kms.katalon.core.webui.keyword.builtin.ClickKeyword$_click_closure1.call(ClickKeyword.groovy)
	at com.kms.katalon.core.webui.keyword.internal.WebUIKeywordMain.runKeyword(WebUIKeywordMain.groovy:20)
	... 19 more


2020-09-28 23:48:23 - [TEST_STEP][PASSED] - openBrowser(""): Browser is opened with url: ''

2020-09-28 23:48:23 - [MESSAGE][WARNING] - A browser is already opened. Closing browser and opening a new one

2020-09-28 23:48:23 - [MESSAGE][INFO] - Starting 'Chrome' driver

2020-09-28 23:48:23 - [MESSAGE][INFO] - Action delay is set to 0 milliseconds

2020-09-28 23:48:24 - [MESSAGE][PASSED] - Browser is opened with url: ''

2020-09-28 23:48:24 - [TEST_STEP][PASSED] - navigateToUrl("https://grid.nga.mil/testgrid/"): Navigate to 'https://grid.nga.mil/testgrid/' successfully

2020-09-28 23:48:28 - [MESSAGE][PASSED] - Navigate to 'https://grid.nga.mil/testgrid/' successfully

2020-09-28 23:48:28 - [TEST_STEP][PASSED] - click(findTestObject("Page_Home  GRiD/a_CAC  GEOAxIS Login")): Object: 'Object Repository/Page_Home  GRiD/a_CAC  GEOAxIS Login' is clicked on

2020-09-28 23:48:32 - [MESSAGE][PASSED] - Object: 'Object Repository/Page_Home  GRiD/a_CAC  GEOAxIS Login' is clicked on

2020-09-28 23:48:32 - [TEST_STEP][PASSED] - click(findTestObject("Page_Home  GRiD/a_Share")): Object: 'Object Repository/Page_Home  GRiD/a_Share' is clicked on

2020-09-28 23:49:04 - [MESSAGE][INFO] - Unable to find the element located by 'By.xpath: //div[@id='navbarToggle']/ul/li[5]/a'. Please recheck the objects properties to make sure the desired element is located. 

2020-09-28 23:49:04 - [MESSAGE][WARNING] - [SELF-HEALING] Failed to find element with id 'Object Repository/Page_Home  GRiD/a_Share'. Try using Self-healing.

2020-09-28 23:49:04 - [MESSAGE][WARNING] - [SELF-HEALING] The current locator of test object 'Object Repository/Page_Home  GRiD/a_Share' was broken. Propose an alternative one: '//li[5]/a'.

2020-09-28 23:49:04 - [MESSAGE][PASSED] - Object: 'Object Repository/Page_Home  GRiD/a_Share' is clicked on

2020-09-28 23:49:04 - [TEST_STEP][FAILED] - click(findTestObject("Page_Workgroups  GRiD/a_FG3D")): Unable to click on object 'Object Repository/Page_Workgroups  GRiD/a_FG3D' (Root cause: com.kms.katalon.core.exception.StepFailedException: Unable to click on object 'Object Repository/Page_Workgroups  GRiD/a_FG3D'
	at com.kms.katalon.core.webui.keyword.internal.WebUIKeywordMain.stepFailed(WebUIKeywordMain.groovy:64)
	at com.kms.katalon.core.webui.keyword.internal.WebUIKeywordMain.runKeyword(WebUIKeywordMain.groovy:26)
	at com.kms.katalon.core.webui.keyword.builtin.ClickKeyword.click(ClickKeyword.groovy:76)
	at com.kms.katalon.core.webui.keyword.builtin.ClickKeyword.execute(ClickKeyword.groovy:43)
	at com.kms.katalon.core.keyword.internal.KeywordExecutor.executeKeywordForPlatform(KeywordExecutor.groovy:73)
	at com.kms.katalon.core.webui.keyword.WebUiBuiltInKeywords.click(WebUiBuiltInKeywords.groovy:616)
	at com.kms.katalon.core.webui.keyword.WebUiBuiltInKeywords$click$1.call(Unknown Source)
	at FG3D Test - Stragetic.run(FG3D Test - Stragetic:28)
	at com.kms.katalon.core.main.ScriptEngine.run(ScriptEngine.java:194)
	at com.kms.katalon.core.main.ScriptEngine.runScriptAsRawText(ScriptEngine.java:119)
	at com.kms.katalon.core.main.TestCaseExecutor.runScript(TestCaseExecutor.java:339)
	at com.kms.katalon.core.main.TestCaseExecutor.doExecute(TestCaseExecutor.java:330)
	at com.kms.katalon.core.main.TestCaseExecutor.processExecutionPhase(TestCaseExecutor.java:309)
	at com.kms.katalon.core.main.TestCaseExecutor.accessMainPhase(TestCaseExecutor.java:301)
	at com.kms.katalon.core.main.TestCaseExecutor.execute(TestCaseExecutor.java:235)
	at com.kms.katalon.core.main.TestSuiteExecutor.accessTestCaseMainPhase(TestSuiteExecutor.java:191)
	at com.kms.katalon.core.main.TestSuiteExecutor.accessTestSuiteMainPhase(TestSuiteExecutor.java:141)
	at com.kms.katalon.core.main.TestSuiteExecutor.execute(TestSuiteExecutor.java:90)
	at com.kms.katalon.core.main.TestCaseMain.startTestSuite(TestCaseMain.java:157)
	at com.kms.katalon.core.main.TestCaseMain$startTestSuite$0.call(Unknown Source)
	at TempTestSuite1601324593621.run(TempTestSuite1601324593621.groovy:39)
Caused by: com.kms.katalon.core.webui.exception.WebElementNotFoundException: Web element with id: 'Object Repository/Page_Workgroups  GRiD/a_FG3D' located by '//div[@id='workgroupExportTree']/a[10]' not found
	at com.kms.katalon.core.webui.common.WebUiCommonHelper.findWebElement(WebUiCommonHelper.java:1368)
	at com.kms.katalon.core.webui.keyword.internal.WebUIAbstractKeyword.findWebElement(WebUIAbstractKeyword.groovy:27)
	at com.kms.katalon.core.webui.keyword.internal.WebUIAbstractKeyword.findWebElement(WebUIAbstractKeyword.groovy:26)
	at com.kms.katalon.core.webui.keyword.builtin.ClickKeyword$_click_closure1.doCall(ClickKeyword.groovy:67)
	at com.kms.katalon.core.webui.keyword.builtin.ClickKeyword$_click_closure1.call(ClickKeyword.groovy)
	at com.kms.katalon.core.webui.keyword.internal.WebUIKeywordMain.runKeyword(WebUIKeywordMain.groovy:20)
	at com.kms.katalon.core.webui.keyword.builtin.ClickKeyword.click(ClickKeyword.groovy:76)
	at com.kms.katalon.core.webui.keyword.builtin.ClickKeyword.execute(ClickKeyword.groovy:43)
	at com.kms.katalon.core.keyword.internal.KeywordExecutor.executeKeywordForPlatform(KeywordExecutor.groovy:73)
	at com.kms.katalon.core.webui.keyword.WebUiBuiltInKeywords.click(WebUiBuiltInKeywords.groovy:616)
	at com.kms.katalon.core.webui.keyword.WebUiBuiltInKeywords$click$1.call(Unknown Source)
	at Script1599149155505.run(Script1599149155505.groovy:28)
	... 13 more
)

2020-09-28 23:49:35 - [MESSAGE][INFO] - Unable to find the element located by 'By.xpath: //div[@id='workgroupExportTree']/a[10]'. Please recheck the objects properties to make sure the desired element is located. 

2020-09-28 23:49:35 - [MESSAGE][WARNING] - [SELF-HEALING] Failed to find element with id 'Object Repository/Page_Workgroups  GRiD/a_FG3D'. Try using Self-healing.

2020-09-28 23:49:35 - [MESSAGE][INFO] - [SELF-HEALING] Failed Locator: '//div[@id='workgroupExportTree']/a[10]'.

2020-09-28 23:49:36 - [MESSAGE][INFO] - [SELF-HEALING] Failed Locator: '//a[contains(text(),'FG3D')]'.

2020-09-28 23:49:36 - [MESSAGE][INFO] - [SELF-HEALING] Failed Locator: '(.//*[normalize-space(text()) and normalize-space(.)='DTED2 DTM'])[1]/following::a[1]'.

2020-09-28 23:49:36 - [MESSAGE][INFO] - [SELF-HEALING] Failed Locator: '(.//*[normalize-space(text()) and normalize-space(.)='DTED0 DTM'])[1]/following::a[2]'.

2020-09-28 23:49:37 - [MESSAGE][INFO] - [SELF-HEALING] Failed Locator: '(.//*[normalize-space(text()) and normalize-space(.)='SRT2F DSM'])[1]/preceding::a[1]'.

2020-09-28 23:49:37 - [MESSAGE][INFO] - [SELF-HEALING] Failed Locator: '(.//*[normalize-space(text()) and normalize-space(.)='TDT DSM'])[1]/preceding::a[2]'.

2020-09-28 23:49:38 - [MESSAGE][INFO] - [SELF-HEALING] Failed Locator: '//*/text()[normalize-space(.)='FG3D']/parent::*'.

2020-09-28 23:49:38 - [MESSAGE][INFO] - [SELF-HEALING] Failed Locator: '//a[contains(@href, '/testgrid/export/aoi/36914/')]'.

2020-09-28 23:49:38 - [MESSAGE][INFO] - [SELF-HEALING] Failed Locator: '//div[2]/a[10]'.

2020-09-28 23:49:39 - [MESSAGE][INFO] - Unable to find the element located by 'By.xpath: //*[@href = '/testgrid/export/aoi/36914/' and (text() = '
            FG3D
            
              
              
            
          ' or . = '
            FG3D
            
              
              
            
          ')]'. Please recheck the objects properties to make sure the desired element is located. 

2020-09-28 23:49:40 - [MESSAGE][INFO] - Unable to find the element located by 'By.cssSelector: '. Please recheck the objects properties to make sure the desired element is located. 

2020-09-28 23:49:41 - [MESSAGE][FAILED] - Unable to click on object 'Object Repository/Page_Workgroups  GRiD/a_FG3D' (Root cause: com.kms.katalon.core.exception.StepFailedException: Unable to click on object 'Object Repository/Page_Workgroups  GRiD/a_FG3D'
	at com.kms.katalon.core.webui.keyword.internal.WebUIKeywordMain.stepFailed(WebUIKeywordMain.groovy:64)
	at com.kms.katalon.core.webui.keyword.internal.WebUIKeywordMain.runKeyword(WebUIKeywordMain.groovy:26)
	at com.kms.katalon.core.webui.keyword.builtin.ClickKeyword.click(ClickKeyword.groovy:76)
	at com.kms.katalon.core.webui.keyword.builtin.ClickKeyword.execute(ClickKeyword.groovy:43)
	at com.kms.katalon.core.keyword.internal.KeywordExecutor.executeKeywordForPlatform(KeywordExecutor.groovy:73)
	at com.kms.katalon.core.webui.keyword.WebUiBuiltInKeywords.click(WebUiBuiltInKeywords.groovy:616)
	at com.kms.katalon.core.webui.keyword.WebUiBuiltInKeywords$click$1.call(Unknown Source)
	at FG3D Test - Stragetic.run(FG3D Test - Stragetic:28)
	at com.kms.katalon.core.main.ScriptEngine.run(ScriptEngine.java:194)
	at com.kms.katalon.core.main.ScriptEngine.runScriptAsRawText(ScriptEngine.java:119)
	at com.kms.katalon.core.main.TestCaseExecutor.runScript(TestCaseExecutor.java:339)
	at com.kms.katalon.core.main.TestCaseExecutor.doExecute(TestCaseExecutor.java:330)
	at com.kms.katalon.core.main.TestCaseExecutor.processExecutionPhase(TestCaseExecutor.java:309)
	at com.kms.katalon.core.main.TestCaseExecutor.accessMainPhase(TestCaseExecutor.java:301)
	at com.kms.katalon.core.main.TestCaseExecutor.execute(TestCaseExecutor.java:235)
	at com.kms.katalon.core.main.TestSuiteExecutor.accessTestCaseMainPhase(TestSuiteExecutor.java:191)
	at com.kms.katalon.core.main.TestSuiteExecutor.accessTestSuiteMainPhase(TestSuiteExecutor.java:141)
	at com.kms.katalon.core.main.TestSuiteExecutor.execute(TestSuiteExecutor.java:90)
	at com.kms.katalon.core.main.TestCaseMain.startTestSuite(TestCaseMain.java:157)
	at com.kms.katalon.core.main.TestCaseMain$startTestSuite$0.call(Unknown Source)
	at TempTestSuite1601324593621.run(TempTestSuite1601324593621.groovy:39)
Caused by: com.kms.katalon.core.webui.exception.WebElementNotFoundException: Web element with id: 'Object Repository/Page_Workgroups  GRiD/a_FG3D' located by '//div[@id='workgroupExportTree']/a[10]' not found
	at com.kms.katalon.core.webui.common.WebUiCommonHelper.findWebElement(WebUiCommonHelper.java:1368)
	at com.kms.katalon.core.webui.keyword.internal.WebUIAbstractKeyword.findWebElement(WebUIAbstractKeyword.groovy:27)
	at com.kms.katalon.core.webui.keyword.internal.WebUIAbstractKeyword.findWebElement(WebUIAbstractKeyword.groovy:26)
	at com.kms.katalon.core.webui.keyword.builtin.ClickKeyword$_click_closure1.doCall(ClickKeyword.groovy:67)
	at com.kms.katalon.core.webui.keyword.builtin.ClickKeyword$_click_closure1.call(ClickKeyword.groovy)
	at com.kms.katalon.core.webui.keyword.internal.WebUIKeywordMain.runKeyword(WebUIKeywordMain.groovy:20)
	at com.kms.katalon.core.webui.keyword.builtin.ClickKeyword.click(ClickKeyword.groovy:76)
	at com.kms.katalon.core.webui.keyword.builtin.ClickKeyword.execute(ClickKeyword.groovy:43)
	at com.kms.katalon.core.keyword.internal.KeywordExecutor.executeKeywordForPlatform(KeywordExecutor.groovy:73)
	at com.kms.katalon.core.webui.keyword.WebUiBuiltInKeywords.click(WebUiBuiltInKeywords.groovy:616)
	at com.kms.katalon.core.webui.keyword.WebUiBuiltInKeywords$click$1.call(Unknown Source)
	at Script1599149155505.run(Script1599149155505.groovy:28)
	... 13 more
)
[[ATTACHMENT|/Users/bhavikpatel/Downloads/Projects/CRREL/GRiD/Automation Testing/Automation Testing Project/KatalonTesting/Reports/20200928_162313/GRiD FG3D/20200928_162313/1601351380981.png]]]]></system-out>
         <system-err><![CDATA[2020-09-28 23:48:23 - [TEST_CASE][FAILED] - Test Cases/FG3D/FG3D Test - Stragetic: Test Cases/FG3D/FG3D Test - Stragetic FAILED.
Reason:
com.kms.katalon.core.exception.StepFailedException: Unable to click on object 'Object Repository/Page_Workgroups  GRiD/a_FG3D'
	at com.kms.katalon.core.webui.keyword.internal.WebUIKeywordMain.stepFailed(WebUIKeywordMain.groovy:64)
	at com.kms.katalon.core.webui.keyword.internal.WebUIKeywordMain.runKeyword(WebUIKeywordMain.groovy:26)
	at com.kms.katalon.core.webui.keyword.builtin.ClickKeyword.click(ClickKeyword.groovy:76)
	at com.kms.katalon.core.webui.keyword.builtin.ClickKeyword.execute(ClickKeyword.groovy:43)
	at com.kms.katalon.core.keyword.internal.KeywordExecutor.executeKeywordForPlatform(KeywordExecutor.groovy:73)
	at com.kms.katalon.core.webui.keyword.WebUiBuiltInKeywords.click(WebUiBuiltInKeywords.groovy:616)
	at com.kms.katalon.core.webui.keyword.WebUiBuiltInKeywords$click$1.call(Unknown Source)
	at FG3D Test - Stragetic.run(FG3D Test - Stragetic:28)
	at com.kms.katalon.core.main.ScriptEngine.run(ScriptEngine.java:194)
	at com.kms.katalon.core.main.ScriptEngine.runScriptAsRawText(ScriptEngine.java:119)
	at com.kms.katalon.core.main.TestCaseExecutor.runScript(TestCaseExecutor.java:339)
	at com.kms.katalon.core.main.TestCaseExecutor.doExecute(TestCaseExecutor.java:330)
	at com.kms.katalon.core.main.TestCaseExecutor.processExecutionPhase(TestCaseExecutor.java:309)
	at com.kms.katalon.core.main.TestCaseExecutor.accessMainPhase(TestCaseExecutor.java:301)
	at com.kms.katalon.core.main.TestCaseExecutor.execute(TestCaseExecutor.java:235)
	at com.kms.katalon.core.main.TestSuiteExecutor.accessTestCaseMainPhase(TestSuiteExecutor.java:191)
	at com.kms.katalon.core.main.TestSuiteExecutor.accessTestSuiteMainPhase(TestSuiteExecutor.java:141)
	at com.kms.katalon.core.main.TestSuiteExecutor.execute(TestSuiteExecutor.java:90)
	at com.kms.katalon.core.main.TestCaseMain.startTestSuite(TestCaseMain.java:157)
	at com.kms.katalon.core.main.TestCaseMain$startTestSuite$0.call(Unknown Source)
	at TempTestSuite1601324593621.run(TempTestSuite1601324593621.groovy:39)
Caused by: com.kms.katalon.core.webui.exception.WebElementNotFoundException: Web element with id: 'Object Repository/Page_Workgroups  GRiD/a_FG3D' located by '//div[@id='workgroupExportTree']/a[10]' not found
	at com.kms.katalon.core.webui.common.WebUiCommonHelper.findWebElement(WebUiCommonHelper.java:1368)
	at com.kms.katalon.core.webui.keyword.internal.WebUIAbstractKeyword.findWebElement(WebUIAbstractKeyword.groovy:27)
	at com.kms.katalon.core.webui.keyword.internal.WebUIAbstractKeyword.findWebElement(WebUIAbstractKeyword.groovy:26)
	at com.kms.katalon.core.webui.keyword.builtin.ClickKeyword$_click_closure1.doCall(ClickKeyword.groovy:67)
	at com.kms.katalon.core.webui.keyword.builtin.ClickKeyword$_click_closure1.call(ClickKeyword.groovy)
	at com.kms.katalon.core.webui.keyword.internal.WebUIKeywordMain.runKeyword(WebUIKeywordMain.groovy:20)
	... 19 more]]></system-err>
      </testcase>
      <testcase name="Test Cases/FG3D/FG3D Test - Stragetic" time="78.494" classname="Test Cases/FG3D/FG3D Test - Stragetic" status="FAILED">
         <failure type="FAILED" message="Test Cases/FG3D/FG3D Test - Stragetic FAILED.
Reason:
com.kms.katalon.core.exception.StepFailedException: Unable to click on object 'Object Repository/Page_Workgroups  GRiD/a_FG3D'
	at com.kms.katalon.core.webui.keyword.internal.WebUIKeywordMain.stepFailed(WebUIKeywordMain.groovy:64)
	at com.kms.katalon.core.webui.keyword.internal.WebUIKeywordMain.runKeyword(WebUIKeywordMain.groovy:26)
	at com.kms.katalon.core.webui.keyword.builtin.ClickKeyword.click(ClickKeyword.groovy:76)
	at com.kms.katalon.core.webui.keyword.builtin.ClickKeyword.execute(ClickKeyword.groovy:43)
	at com.kms.katalon.core.keyword.internal.KeywordExecutor.executeKeywordForPlatform(KeywordExecutor.groovy:73)
	at com.kms.katalon.core.webui.keyword.WebUiBuiltInKeywords.click(WebUiBuiltInKeywords.groovy:616)
	at com.kms.katalon.core.webui.keyword.WebUiBuiltInKeywords$click$1.call(Unknown Source)
	at FG3D Test - Stragetic.run(FG3D Test - Stragetic:28)
	at com.kms.katalon.core.main.ScriptEngine.run(ScriptEngine.java:194)
	at com.kms.katalon.core.main.ScriptEngine.runScriptAsRawText(ScriptEngine.java:119)
	at com.kms.katalon.core.main.TestCaseExecutor.runScript(TestCaseExecutor.java:339)
	at com.kms.katalon.core.main.TestCaseExecutor.doExecute(TestCaseExecutor.java:330)
	at com.kms.katalon.core.main.TestCaseExecutor.processExecutionPhase(TestCaseExecutor.java:309)
	at com.kms.katalon.core.main.TestCaseExecutor.accessMainPhase(TestCaseExecutor.java:301)
	at com.kms.katalon.core.main.TestCaseExecutor.execute(TestCaseExecutor.java:235)
	at com.kms.katalon.core.main.TestSuiteExecutor.accessTestCaseMainPhase(TestSuiteExecutor.java:191)
	at com.kms.katalon.core.main.TestSuiteExecutor.accessTestSuiteMainPhase(TestSuiteExecutor.java:141)
	at com.kms.katalon.core.main.TestSuiteExecutor.execute(TestSuiteExecutor.java:90)
	at com.kms.katalon.core.main.TestCaseMain.startTestSuite(TestCaseMain.java:157)
	at com.kms.katalon.core.main.TestCaseMain$startTestSuite$0.call(Unknown Source)
	at TempTestSuite1601324593621.run(TempTestSuite1601324593621.groovy:39)
Caused by: com.kms.katalon.core.webui.exception.WebElementNotFoundException: Web element with id: 'Object Repository/Page_Workgroups  GRiD/a_FG3D' located by '//div[@id='workgroupExportTree']/a[10]' not found
	at com.kms.katalon.core.webui.common.WebUiCommonHelper.findWebElement(WebUiCommonHelper.java:1368)
	at com.kms.katalon.core.webui.keyword.internal.WebUIAbstractKeyword.findWebElement(WebUIAbstractKeyword.groovy:27)
	at com.kms.katalon.core.webui.keyword.internal.WebUIAbstractKeyword.findWebElement(WebUIAbstractKeyword.groovy:26)
	at com.kms.katalon.core.webui.keyword.builtin.ClickKeyword$_click_closure1.doCall(ClickKeyword.groovy:67)
	at com.kms.katalon.core.webui.keyword.builtin.ClickKeyword$_click_closure1.call(ClickKeyword.groovy)
	at com.kms.katalon.core.webui.keyword.internal.WebUIKeywordMain.runKeyword(WebUIKeywordMain.groovy:20)
	... 19 more
"/>
         <system-out><![CDATA[2020-09-28 23:49:41 - [TEST_CASE][FAILED] - Test Cases/FG3D/FG3D Test - Stragetic: Test Cases/FG3D/FG3D Test - Stragetic FAILED.
Reason:
com.kms.katalon.core.exception.StepFailedException: Unable to click on object 'Object Repository/Page_Workgroups  GRiD/a_FG3D'
	at com.kms.katalon.core.webui.keyword.internal.WebUIKeywordMain.stepFailed(WebUIKeywordMain.groovy:64)
	at com.kms.katalon.core.webui.keyword.internal.WebUIKeywordMain.runKeyword(WebUIKeywordMain.groovy:26)
	at com.kms.katalon.core.webui.keyword.builtin.ClickKeyword.click(ClickKeyword.groovy:76)
	at com.kms.katalon.core.webui.keyword.builtin.ClickKeyword.execute(ClickKeyword.groovy:43)
	at com.kms.katalon.core.keyword.internal.KeywordExecutor.executeKeywordForPlatform(KeywordExecutor.groovy:73)
	at com.kms.katalon.core.webui.keyword.WebUiBuiltInKeywords.click(WebUiBuiltInKeywords.groovy:616)
	at com.kms.katalon.core.webui.keyword.WebUiBuiltInKeywords$click$1.call(Unknown Source)
	at FG3D Test - Stragetic.run(FG3D Test - Stragetic:28)
	at com.kms.katalon.core.main.ScriptEngine.run(ScriptEngine.java:194)
	at com.kms.katalon.core.main.ScriptEngine.runScriptAsRawText(ScriptEngine.java:119)
	at com.kms.katalon.core.main.TestCaseExecutor.runScript(TestCaseExecutor.java:339)
	at com.kms.katalon.core.main.TestCaseExecutor.doExecute(TestCaseExecutor.java:330)
	at com.kms.katalon.core.main.TestCaseExecutor.processExecutionPhase(TestCaseExecutor.java:309)
	at com.kms.katalon.core.main.TestCaseExecutor.accessMainPhase(TestCaseExecutor.java:301)
	at com.kms.katalon.core.main.TestCaseExecutor.execute(TestCaseExecutor.java:235)
	at com.kms.katalon.core.main.TestSuiteExecutor.accessTestCaseMainPhase(TestSuiteExecutor.java:191)
	at com.kms.katalon.core.main.TestSuiteExecutor.accessTestSuiteMainPhase(TestSuiteExecutor.java:141)
	at com.kms.katalon.core.main.TestSuiteExecutor.execute(TestSuiteExecutor.java:90)
	at com.kms.katalon.core.main.TestCaseMain.startTestSuite(TestCaseMain.java:157)
	at com.kms.katalon.core.main.TestCaseMain$startTestSuite$0.call(Unknown Source)
	at TempTestSuite1601324593621.run(TempTestSuite1601324593621.groovy:39)
Caused by: com.kms.katalon.core.webui.exception.WebElementNotFoundException: Web element with id: 'Object Repository/Page_Workgroups  GRiD/a_FG3D' located by '//div[@id='workgroupExportTree']/a[10]' not found
	at com.kms.katalon.core.webui.common.WebUiCommonHelper.findWebElement(WebUiCommonHelper.java:1368)
	at com.kms.katalon.core.webui.keyword.internal.WebUIAbstractKeyword.findWebElement(WebUIAbstractKeyword.groovy:27)
	at com.kms.katalon.core.webui.keyword.internal.WebUIAbstractKeyword.findWebElement(WebUIAbstractKeyword.groovy:26)
	at com.kms.katalon.core.webui.keyword.builtin.ClickKeyword$_click_closure1.doCall(ClickKeyword.groovy:67)
	at com.kms.katalon.core.webui.keyword.builtin.ClickKeyword$_click_closure1.call(ClickKeyword.groovy)
	at com.kms.katalon.core.webui.keyword.internal.WebUIKeywordMain.runKeyword(WebUIKeywordMain.groovy:20)
	... 19 more


2020-09-28 23:49:41 - [TEST_STEP][PASSED] - openBrowser(""): Browser is opened with url: ''

2020-09-28 23:49:41 - [MESSAGE][WARNING] - A browser is already opened. Closing browser and opening a new one

2020-09-28 23:49:41 - [MESSAGE][INFO] - Starting 'Chrome' driver

2020-09-28 23:49:41 - [MESSAGE][INFO] - Action delay is set to 0 milliseconds

2020-09-28 23:49:42 - [MESSAGE][PASSED] - Browser is opened with url: ''

2020-09-28 23:49:42 - [TEST_STEP][PASSED] - navigateToUrl("https://grid.nga.mil/testgrid/"): Navigate to 'https://grid.nga.mil/testgrid/' successfully

2020-09-28 23:49:45 - [MESSAGE][PASSED] - Navigate to 'https://grid.nga.mil/testgrid/' successfully

2020-09-28 23:49:45 - [TEST_STEP][PASSED] - click(findTestObject("Page_Home  GRiD/a_CAC  GEOAxIS Login")): Object: 'Object Repository/Page_Home  GRiD/a_CAC  GEOAxIS Login' is clicked on

2020-09-28 23:49:51 - [MESSAGE][PASSED] - Object: 'Object Repository/Page_Home  GRiD/a_CAC  GEOAxIS Login' is clicked on

2020-09-28 23:49:51 - [TEST_STEP][PASSED] - click(findTestObject("Page_Home  GRiD/a_Share")): Object: 'Object Repository/Page_Home  GRiD/a_Share' is clicked on

2020-09-28 23:50:22 - [MESSAGE][INFO] - Unable to find the element located by 'By.xpath: //div[@id='navbarToggle']/ul/li[5]/a'. Please recheck the objects properties to make sure the desired element is located. 

2020-09-28 23:50:22 - [MESSAGE][WARNING] - [SELF-HEALING] Failed to find element with id 'Object Repository/Page_Home  GRiD/a_Share'. Try using Self-healing.

2020-09-28 23:50:23 - [MESSAGE][WARNING] - [SELF-HEALING] The current locator of test object 'Object Repository/Page_Home  GRiD/a_Share' was broken. Propose an alternative one: '//li[5]/a'.

2020-09-28 23:50:23 - [MESSAGE][PASSED] - Object: 'Object Repository/Page_Home  GRiD/a_Share' is clicked on

2020-09-28 23:50:23 - [TEST_STEP][FAILED] - click(findTestObject("Page_Workgroups  GRiD/a_FG3D")): Unable to click on object 'Object Repository/Page_Workgroups  GRiD/a_FG3D' (Root cause: com.kms.katalon.core.exception.StepFailedException: Unable to click on object 'Object Repository/Page_Workgroups  GRiD/a_FG3D'
	at com.kms.katalon.core.webui.keyword.internal.WebUIKeywordMain.stepFailed(WebUIKeywordMain.groovy:64)
	at com.kms.katalon.core.webui.keyword.internal.WebUIKeywordMain.runKeyword(WebUIKeywordMain.groovy:26)
	at com.kms.katalon.core.webui.keyword.builtin.ClickKeyword.click(ClickKeyword.groovy:76)
	at com.kms.katalon.core.webui.keyword.builtin.ClickKeyword.execute(ClickKeyword.groovy:43)
	at com.kms.katalon.core.keyword.internal.KeywordExecutor.executeKeywordForPlatform(KeywordExecutor.groovy:73)
	at com.kms.katalon.core.webui.keyword.WebUiBuiltInKeywords.click(WebUiBuiltInKeywords.groovy:616)
	at com.kms.katalon.core.webui.keyword.WebUiBuiltInKeywords$click$1.call(Unknown Source)
	at FG3D Test - Stragetic.run(FG3D Test - Stragetic:28)
	at com.kms.katalon.core.main.ScriptEngine.run(ScriptEngine.java:194)
	at com.kms.katalon.core.main.ScriptEngine.runScriptAsRawText(ScriptEngine.java:119)
	at com.kms.katalon.core.main.TestCaseExecutor.runScript(TestCaseExecutor.java:339)
	at com.kms.katalon.core.main.TestCaseExecutor.doExecute(TestCaseExecutor.java:330)
	at com.kms.katalon.core.main.TestCaseExecutor.processExecutionPhase(TestCaseExecutor.java:309)
	at com.kms.katalon.core.main.TestCaseExecutor.accessMainPhase(TestCaseExecutor.java:301)
	at com.kms.katalon.core.main.TestCaseExecutor.execute(TestCaseExecutor.java:235)
	at com.kms.katalon.core.main.TestSuiteExecutor.accessTestCaseMainPhase(TestSuiteExecutor.java:191)
	at com.kms.katalon.core.main.TestSuiteExecutor.accessTestSuiteMainPhase(TestSuiteExecutor.java:141)
	at com.kms.katalon.core.main.TestSuiteExecutor.execute(TestSuiteExecutor.java:90)
	at com.kms.katalon.core.main.TestCaseMain.startTestSuite(TestCaseMain.java:157)
	at com.kms.katalon.core.main.TestCaseMain$startTestSuite$0.call(Unknown Source)
	at TempTestSuite1601324593621.run(TempTestSuite1601324593621.groovy:39)
Caused by: com.kms.katalon.core.webui.exception.WebElementNotFoundException: Web element with id: 'Object Repository/Page_Workgroups  GRiD/a_FG3D' located by '//div[@id='workgroupExportTree']/a[10]' not found
	at com.kms.katalon.core.webui.common.WebUiCommonHelper.findWebElement(WebUiCommonHelper.java:1368)
	at com.kms.katalon.core.webui.keyword.internal.WebUIAbstractKeyword.findWebElement(WebUIAbstractKeyword.groovy:27)
	at com.kms.katalon.core.webui.keyword.internal.WebUIAbstractKeyword.findWebElement(WebUIAbstractKeyword.groovy:26)
	at com.kms.katalon.core.webui.keyword.builtin.ClickKeyword$_click_closure1.doCall(ClickKeyword.groovy:67)
	at com.kms.katalon.core.webui.keyword.builtin.ClickKeyword$_click_closure1.call(ClickKeyword.groovy)
	at com.kms.katalon.core.webui.keyword.internal.WebUIKeywordMain.runKeyword(WebUIKeywordMain.groovy:20)
	at com.kms.katalon.core.webui.keyword.builtin.ClickKeyword.click(ClickKeyword.groovy:76)
	at com.kms.katalon.core.webui.keyword.builtin.ClickKeyword.execute(ClickKeyword.groovy:43)
	at com.kms.katalon.core.keyword.internal.KeywordExecutor.executeKeywordForPlatform(KeywordExecutor.groovy:73)
	at com.kms.katalon.core.webui.keyword.WebUiBuiltInKeywords.click(WebUiBuiltInKeywords.groovy:616)
	at com.kms.katalon.core.webui.keyword.WebUiBuiltInKeywords$click$1.call(Unknown Source)
	at Script1599149155505.run(Script1599149155505.groovy:28)
	... 13 more
)

2020-09-28 23:50:54 - [MESSAGE][INFO] - Unable to find the element located by 'By.xpath: //div[@id='workgroupExportTree']/a[10]'. Please recheck the objects properties to make sure the desired element is located. 

2020-09-28 23:50:54 - [MESSAGE][WARNING] - [SELF-HEALING] Failed to find element with id 'Object Repository/Page_Workgroups  GRiD/a_FG3D'. Try using Self-healing.

2020-09-28 23:50:54 - [MESSAGE][INFO] - [SELF-HEALING] Failed Locator: '//div[@id='workgroupExportTree']/a[10]'.

2020-09-28 23:50:54 - [MESSAGE][INFO] - [SELF-HEALING] Failed Locator: '//a[contains(text(),'FG3D')]'.

2020-09-28 23:50:55 - [MESSAGE][INFO] - [SELF-HEALING] Failed Locator: '(.//*[normalize-space(text()) and normalize-space(.)='DTED2 DTM'])[1]/following::a[1]'.

2020-09-28 23:50:55 - [MESSAGE][INFO] - [SELF-HEALING] Failed Locator: '(.//*[normalize-space(text()) and normalize-space(.)='DTED0 DTM'])[1]/following::a[2]'.

2020-09-28 23:50:55 - [MESSAGE][INFO] - [SELF-HEALING] Failed Locator: '(.//*[normalize-space(text()) and normalize-space(.)='SRT2F DSM'])[1]/preceding::a[1]'.

2020-09-28 23:50:56 - [MESSAGE][INFO] - [SELF-HEALING] Failed Locator: '(.//*[normalize-space(text()) and normalize-space(.)='TDT DSM'])[1]/preceding::a[2]'.

2020-09-28 23:50:56 - [MESSAGE][INFO] - [SELF-HEALING] Failed Locator: '//*/text()[normalize-space(.)='FG3D']/parent::*'.

2020-09-28 23:50:56 - [MESSAGE][INFO] - [SELF-HEALING] Failed Locator: '//a[contains(@href, '/testgrid/export/aoi/36914/')]'.

2020-09-28 23:50:57 - [MESSAGE][INFO] - [SELF-HEALING] Failed Locator: '//div[2]/a[10]'.

2020-09-28 23:50:58 - [MESSAGE][INFO] - Unable to find the element located by 'By.xpath: //*[@href = '/testgrid/export/aoi/36914/' and (text() = '
            FG3D
            
              
              
            
          ' or . = '
            FG3D
            
              
              
            
          ')]'. Please recheck the objects properties to make sure the desired element is located. 

2020-09-28 23:50:59 - [MESSAGE][INFO] - Unable to find the element located by 'By.cssSelector: '. Please recheck the objects properties to make sure the desired element is located. 

2020-09-28 23:50:59 - [MESSAGE][FAILED] - Unable to click on object 'Object Repository/Page_Workgroups  GRiD/a_FG3D' (Root cause: com.kms.katalon.core.exception.StepFailedException: Unable to click on object 'Object Repository/Page_Workgroups  GRiD/a_FG3D'
	at com.kms.katalon.core.webui.keyword.internal.WebUIKeywordMain.stepFailed(WebUIKeywordMain.groovy:64)
	at com.kms.katalon.core.webui.keyword.internal.WebUIKeywordMain.runKeyword(WebUIKeywordMain.groovy:26)
	at com.kms.katalon.core.webui.keyword.builtin.ClickKeyword.click(ClickKeyword.groovy:76)
	at com.kms.katalon.core.webui.keyword.builtin.ClickKeyword.execute(ClickKeyword.groovy:43)
	at com.kms.katalon.core.keyword.internal.KeywordExecutor.executeKeywordForPlatform(KeywordExecutor.groovy:73)
	at com.kms.katalon.core.webui.keyword.WebUiBuiltInKeywords.click(WebUiBuiltInKeywords.groovy:616)
	at com.kms.katalon.core.webui.keyword.WebUiBuiltInKeywords$click$1.call(Unknown Source)
	at FG3D Test - Stragetic.run(FG3D Test - Stragetic:28)
	at com.kms.katalon.core.main.ScriptEngine.run(ScriptEngine.java:194)
	at com.kms.katalon.core.main.ScriptEngine.runScriptAsRawText(ScriptEngine.java:119)
	at com.kms.katalon.core.main.TestCaseExecutor.runScript(TestCaseExecutor.java:339)
	at com.kms.katalon.core.main.TestCaseExecutor.doExecute(TestCaseExecutor.java:330)
	at com.kms.katalon.core.main.TestCaseExecutor.processExecutionPhase(TestCaseExecutor.java:309)
	at com.kms.katalon.core.main.TestCaseExecutor.accessMainPhase(TestCaseExecutor.java:301)
	at com.kms.katalon.core.main.TestCaseExecutor.execute(TestCaseExecutor.java:235)
	at com.kms.katalon.core.main.TestSuiteExecutor.accessTestCaseMainPhase(TestSuiteExecutor.java:191)
	at com.kms.katalon.core.main.TestSuiteExecutor.accessTestSuiteMainPhase(TestSuiteExecutor.java:141)
	at com.kms.katalon.core.main.TestSuiteExecutor.execute(TestSuiteExecutor.java:90)
	at com.kms.katalon.core.main.TestCaseMain.startTestSuite(TestCaseMain.java:157)
	at com.kms.katalon.core.main.TestCaseMain$startTestSuite$0.call(Unknown Source)
	at TempTestSuite1601324593621.run(TempTestSuite1601324593621.groovy:39)
Caused by: com.kms.katalon.core.webui.exception.WebElementNotFoundException: Web element with id: 'Object Repository/Page_Workgroups  GRiD/a_FG3D' located by '//div[@id='workgroupExportTree']/a[10]' not found
	at com.kms.katalon.core.webui.common.WebUiCommonHelper.findWebElement(WebUiCommonHelper.java:1368)
	at com.kms.katalon.core.webui.keyword.internal.WebUIAbstractKeyword.findWebElement(WebUIAbstractKeyword.groovy:27)
	at com.kms.katalon.core.webui.keyword.internal.WebUIAbstractKeyword.findWebElement(WebUIAbstractKeyword.groovy:26)
	at com.kms.katalon.core.webui.keyword.builtin.ClickKeyword$_click_closure1.doCall(ClickKeyword.groovy:67)
	at com.kms.katalon.core.webui.keyword.builtin.ClickKeyword$_click_closure1.call(ClickKeyword.groovy)
	at com.kms.katalon.core.webui.keyword.internal.WebUIKeywordMain.runKeyword(WebUIKeywordMain.groovy:20)
	at com.kms.katalon.core.webui.keyword.builtin.ClickKeyword.click(ClickKeyword.groovy:76)
	at com.kms.katalon.core.webui.keyword.builtin.ClickKeyword.execute(ClickKeyword.groovy:43)
	at com.kms.katalon.core.keyword.internal.KeywordExecutor.executeKeywordForPlatform(KeywordExecutor.groovy:73)
	at com.kms.katalon.core.webui.keyword.WebUiBuiltInKeywords.click(WebUiBuiltInKeywords.groovy:616)
	at com.kms.katalon.core.webui.keyword.WebUiBuiltInKeywords$click$1.call(Unknown Source)
	at Script1599149155505.run(Script1599149155505.groovy:28)
	... 13 more
)
[[ATTACHMENT|/Users/bhavikpatel/Downloads/Projects/CRREL/GRiD/Automation Testing/Automation Testing Project/KatalonTesting/Reports/20200928_162313/GRiD FG3D/20200928_162313/1601351459486.png]]]]></system-out>
         <system-err><![CDATA[2020-09-28 23:49:41 - [TEST_CASE][FAILED] - Test Cases/FG3D/FG3D Test - Stragetic: Test Cases/FG3D/FG3D Test - Stragetic FAILED.
Reason:
com.kms.katalon.core.exception.StepFailedException: Unable to click on object 'Object Repository/Page_Workgroups  GRiD/a_FG3D'
	at com.kms.katalon.core.webui.keyword.internal.WebUIKeywordMain.stepFailed(WebUIKeywordMain.groovy:64)
	at com.kms.katalon.core.webui.keyword.internal.WebUIKeywordMain.runKeyword(WebUIKeywordMain.groovy:26)
	at com.kms.katalon.core.webui.keyword.builtin.ClickKeyword.click(ClickKeyword.groovy:76)
	at com.kms.katalon.core.webui.keyword.builtin.ClickKeyword.execute(ClickKeyword.groovy:43)
	at com.kms.katalon.core.keyword.internal.KeywordExecutor.executeKeywordForPlatform(KeywordExecutor.groovy:73)
	at com.kms.katalon.core.webui.keyword.WebUiBuiltInKeywords.click(WebUiBuiltInKeywords.groovy:616)
	at com.kms.katalon.core.webui.keyword.WebUiBuiltInKeywords$click$1.call(Unknown Source)
	at FG3D Test - Stragetic.run(FG3D Test - Stragetic:28)
	at com.kms.katalon.core.main.ScriptEngine.run(ScriptEngine.java:194)
	at com.kms.katalon.core.main.ScriptEngine.runScriptAsRawText(ScriptEngine.java:119)
	at com.kms.katalon.core.main.TestCaseExecutor.runScript(TestCaseExecutor.java:339)
	at com.kms.katalon.core.main.TestCaseExecutor.doExecute(TestCaseExecutor.java:330)
	at com.kms.katalon.core.main.TestCaseExecutor.processExecutionPhase(TestCaseExecutor.java:309)
	at com.kms.katalon.core.main.TestCaseExecutor.accessMainPhase(TestCaseExecutor.java:301)
	at com.kms.katalon.core.main.TestCaseExecutor.execute(TestCaseExecutor.java:235)
	at com.kms.katalon.core.main.TestSuiteExecutor.accessTestCaseMainPhase(TestSuiteExecutor.java:191)
	at com.kms.katalon.core.main.TestSuiteExecutor.accessTestSuiteMainPhase(TestSuiteExecutor.java:141)
	at com.kms.katalon.core.main.TestSuiteExecutor.execute(TestSuiteExecutor.java:90)
	at com.kms.katalon.core.main.TestCaseMain.startTestSuite(TestCaseMain.java:157)
	at com.kms.katalon.core.main.TestCaseMain$startTestSuite$0.call(Unknown Source)
	at TempTestSuite1601324593621.run(TempTestSuite1601324593621.groovy:39)
Caused by: com.kms.katalon.core.webui.exception.WebElementNotFoundException: Web element with id: 'Object Repository/Page_Workgroups  GRiD/a_FG3D' located by '//div[@id='workgroupExportTree']/a[10]' not found
	at com.kms.katalon.core.webui.common.WebUiCommonHelper.findWebElement(WebUiCommonHelper.java:1368)
	at com.kms.katalon.core.webui.keyword.internal.WebUIAbstractKeyword.findWebElement(WebUIAbstractKeyword.groovy:27)
	at com.kms.katalon.core.webui.keyword.internal.WebUIAbstractKeyword.findWebElement(WebUIAbstractKeyword.groovy:26)
	at com.kms.katalon.core.webui.keyword.builtin.ClickKeyword$_click_closure1.doCall(ClickKeyword.groovy:67)
	at com.kms.katalon.core.webui.keyword.builtin.ClickKeyword$_click_closure1.call(ClickKeyword.groovy)
	at com.kms.katalon.core.webui.keyword.internal.WebUIKeywordMain.runKeyword(WebUIKeywordMain.groovy:20)
	... 19 more]]></system-err>
      </testcase>
      <testcase name="Test Cases/FG3D/FG3D Test - Stragetic" time="75.748" classname="Test Cases/FG3D/FG3D Test - Stragetic" status="FAILED">
         <failure type="FAILED" message="Test Cases/FG3D/FG3D Test - Stragetic FAILED.
Reason:
com.kms.katalon.core.exception.StepFailedException: Unable to click on object 'Object Repository/Page_Workgroups  GRiD/a_FG3D'
	at com.kms.katalon.core.webui.keyword.internal.WebUIKeywordMain.stepFailed(WebUIKeywordMain.groovy:64)
	at com.kms.katalon.core.webui.keyword.internal.WebUIKeywordMain.runKeyword(WebUIKeywordMain.groovy:26)
	at com.kms.katalon.core.webui.keyword.builtin.ClickKeyword.click(ClickKeyword.groovy:76)
	at com.kms.katalon.core.webui.keyword.builtin.ClickKeyword.execute(ClickKeyword.groovy:43)
	at com.kms.katalon.core.keyword.internal.KeywordExecutor.executeKeywordForPlatform(KeywordExecutor.groovy:73)
	at com.kms.katalon.core.webui.keyword.WebUiBuiltInKeywords.click(WebUiBuiltInKeywords.groovy:616)
	at com.kms.katalon.core.webui.keyword.WebUiBuiltInKeywords$click$1.call(Unknown Source)
	at FG3D Test - Stragetic.run(FG3D Test - Stragetic:28)
	at com.kms.katalon.core.main.ScriptEngine.run(ScriptEngine.java:194)
	at com.kms.katalon.core.main.ScriptEngine.runScriptAsRawText(ScriptEngine.java:119)
	at com.kms.katalon.core.main.TestCaseExecutor.runScript(TestCaseExecutor.java:339)
	at com.kms.katalon.core.main.TestCaseExecutor.doExecute(TestCaseExecutor.java:330)
	at com.kms.katalon.core.main.TestCaseExecutor.processExecutionPhase(TestCaseExecutor.java:309)
	at com.kms.katalon.core.main.TestCaseExecutor.accessMainPhase(TestCaseExecutor.java:301)
	at com.kms.katalon.core.main.TestCaseExecutor.execute(TestCaseExecutor.java:235)
	at com.kms.katalon.core.main.TestSuiteExecutor.accessTestCaseMainPhase(TestSuiteExecutor.java:191)
	at com.kms.katalon.core.main.TestSuiteExecutor.accessTestSuiteMainPhase(TestSuiteExecutor.java:141)
	at com.kms.katalon.core.main.TestSuiteExecutor.execute(TestSuiteExecutor.java:90)
	at com.kms.katalon.core.main.TestCaseMain.startTestSuite(TestCaseMain.java:157)
	at com.kms.katalon.core.main.TestCaseMain$startTestSuite$0.call(Unknown Source)
	at TempTestSuite1601324593621.run(TempTestSuite1601324593621.groovy:39)
Caused by: com.kms.katalon.core.webui.exception.WebElementNotFoundException: Web element with id: 'Object Repository/Page_Workgroups  GRiD/a_FG3D' located by '//div[@id='workgroupExportTree']/a[10]' not found
	at com.kms.katalon.core.webui.common.WebUiCommonHelper.findWebElement(WebUiCommonHelper.java:1368)
	at com.kms.katalon.core.webui.keyword.internal.WebUIAbstractKeyword.findWebElement(WebUIAbstractKeyword.groovy:27)
	at com.kms.katalon.core.webui.keyword.internal.WebUIAbstractKeyword.findWebElement(WebUIAbstractKeyword.groovy:26)
	at com.kms.katalon.core.webui.keyword.builtin.ClickKeyword$_click_closure1.doCall(ClickKeyword.groovy:67)
	at com.kms.katalon.core.webui.keyword.builtin.ClickKeyword$_click_closure1.call(ClickKeyword.groovy)
	at com.kms.katalon.core.webui.keyword.internal.WebUIKeywordMain.runKeyword(WebUIKeywordMain.groovy:20)
	... 19 more
"/>
         <system-out><![CDATA[2020-09-28 23:50:59 - [TEST_CASE][FAILED] - Test Cases/FG3D/FG3D Test - Stragetic: Test Cases/FG3D/FG3D Test - Stragetic FAILED.
Reason:
com.kms.katalon.core.exception.StepFailedException: Unable to click on object 'Object Repository/Page_Workgroups  GRiD/a_FG3D'
	at com.kms.katalon.core.webui.keyword.internal.WebUIKeywordMain.stepFailed(WebUIKeywordMain.groovy:64)
	at com.kms.katalon.core.webui.keyword.internal.WebUIKeywordMain.runKeyword(WebUIKeywordMain.groovy:26)
	at com.kms.katalon.core.webui.keyword.builtin.ClickKeyword.click(ClickKeyword.groovy:76)
	at com.kms.katalon.core.webui.keyword.builtin.ClickKeyword.execute(ClickKeyword.groovy:43)
	at com.kms.katalon.core.keyword.internal.KeywordExecutor.executeKeywordForPlatform(KeywordExecutor.groovy:73)
	at com.kms.katalon.core.webui.keyword.WebUiBuiltInKeywords.click(WebUiBuiltInKeywords.groovy:616)
	at com.kms.katalon.core.webui.keyword.WebUiBuiltInKeywords$click$1.call(Unknown Source)
	at FG3D Test - Stragetic.run(FG3D Test - Stragetic:28)
	at com.kms.katalon.core.main.ScriptEngine.run(ScriptEngine.java:194)
	at com.kms.katalon.core.main.ScriptEngine.runScriptAsRawText(ScriptEngine.java:119)
	at com.kms.katalon.core.main.TestCaseExecutor.runScript(TestCaseExecutor.java:339)
	at com.kms.katalon.core.main.TestCaseExecutor.doExecute(TestCaseExecutor.java:330)
	at com.kms.katalon.core.main.TestCaseExecutor.processExecutionPhase(TestCaseExecutor.java:309)
	at com.kms.katalon.core.main.TestCaseExecutor.accessMainPhase(TestCaseExecutor.java:301)
	at com.kms.katalon.core.main.TestCaseExecutor.execute(TestCaseExecutor.java:235)
	at com.kms.katalon.core.main.TestSuiteExecutor.accessTestCaseMainPhase(TestSuiteExecutor.java:191)
	at com.kms.katalon.core.main.TestSuiteExecutor.accessTestSuiteMainPhase(TestSuiteExecutor.java:141)
	at com.kms.katalon.core.main.TestSuiteExecutor.execute(TestSuiteExecutor.java:90)
	at com.kms.katalon.core.main.TestCaseMain.startTestSuite(TestCaseMain.java:157)
	at com.kms.katalon.core.main.TestCaseMain$startTestSuite$0.call(Unknown Source)
	at TempTestSuite1601324593621.run(TempTestSuite1601324593621.groovy:39)
Caused by: com.kms.katalon.core.webui.exception.WebElementNotFoundException: Web element with id: 'Object Repository/Page_Workgroups  GRiD/a_FG3D' located by '//div[@id='workgroupExportTree']/a[10]' not found
	at com.kms.katalon.core.webui.common.WebUiCommonHelper.findWebElement(WebUiCommonHelper.java:1368)
	at com.kms.katalon.core.webui.keyword.internal.WebUIAbstractKeyword.findWebElement(WebUIAbstractKeyword.groovy:27)
	at com.kms.katalon.core.webui.keyword.internal.WebUIAbstractKeyword.findWebElement(WebUIAbstractKeyword.groovy:26)
	at com.kms.katalon.core.webui.keyword.builtin.ClickKeyword$_click_closure1.doCall(ClickKeyword.groovy:67)
	at com.kms.katalon.core.webui.keyword.builtin.ClickKeyword$_click_closure1.call(ClickKeyword.groovy)
	at com.kms.katalon.core.webui.keyword.internal.WebUIKeywordMain.runKeyword(WebUIKeywordMain.groovy:20)
	... 19 more


2020-09-28 23:50:59 - [TEST_STEP][PASSED] - openBrowser(""): Browser is opened with url: ''

2020-09-28 23:50:59 - [MESSAGE][WARNING] - A browser is already opened. Closing browser and opening a new one

2020-09-28 23:50:59 - [MESSAGE][INFO] - Starting 'Chrome' driver

2020-09-28 23:50:59 - [MESSAGE][INFO] - Action delay is set to 0 milliseconds

2020-09-28 23:51:00 - [MESSAGE][PASSED] - Browser is opened with url: ''

2020-09-28 23:51:00 - [TEST_STEP][PASSED] - navigateToUrl("https://grid.nga.mil/testgrid/"): Navigate to 'https://grid.nga.mil/testgrid/' successfully

2020-09-28 23:51:03 - [MESSAGE][PASSED] - Navigate to 'https://grid.nga.mil/testgrid/' successfully

2020-09-28 23:51:03 - [TEST_STEP][PASSED] - click(findTestObject("Page_Home  GRiD/a_CAC  GEOAxIS Login")): Object: 'Object Repository/Page_Home  GRiD/a_CAC  GEOAxIS Login' is clicked on

2020-09-28 23:51:08 - [MESSAGE][PASSED] - Object: 'Object Repository/Page_Home  GRiD/a_CAC  GEOAxIS Login' is clicked on

2020-09-28 23:51:08 - [TEST_STEP][PASSED] - click(findTestObject("Page_Home  GRiD/a_Share")): Object: 'Object Repository/Page_Home  GRiD/a_Share' is clicked on

2020-09-28 23:51:39 - [MESSAGE][INFO] - Unable to find the element located by 'By.xpath: //div[@id='navbarToggle']/ul/li[5]/a'. Please recheck the objects properties to make sure the desired element is located. 

2020-09-28 23:51:39 - [MESSAGE][WARNING] - [SELF-HEALING] Failed to find element with id 'Object Repository/Page_Home  GRiD/a_Share'. Try using Self-healing.

2020-09-28 23:51:39 - [MESSAGE][WARNING] - [SELF-HEALING] The current locator of test object 'Object Repository/Page_Home  GRiD/a_Share' was broken. Propose an alternative one: '//li[5]/a'.

2020-09-28 23:51:39 - [MESSAGE][PASSED] - Object: 'Object Repository/Page_Home  GRiD/a_Share' is clicked on

2020-09-28 23:51:39 - [TEST_STEP][FAILED] - click(findTestObject("Page_Workgroups  GRiD/a_FG3D")): Unable to click on object 'Object Repository/Page_Workgroups  GRiD/a_FG3D' (Root cause: com.kms.katalon.core.exception.StepFailedException: Unable to click on object 'Object Repository/Page_Workgroups  GRiD/a_FG3D'
	at com.kms.katalon.core.webui.keyword.internal.WebUIKeywordMain.stepFailed(WebUIKeywordMain.groovy:64)
	at com.kms.katalon.core.webui.keyword.internal.WebUIKeywordMain.runKeyword(WebUIKeywordMain.groovy:26)
	at com.kms.katalon.core.webui.keyword.builtin.ClickKeyword.click(ClickKeyword.groovy:76)
	at com.kms.katalon.core.webui.keyword.builtin.ClickKeyword.execute(ClickKeyword.groovy:43)
	at com.kms.katalon.core.keyword.internal.KeywordExecutor.executeKeywordForPlatform(KeywordExecutor.groovy:73)
	at com.kms.katalon.core.webui.keyword.WebUiBuiltInKeywords.click(WebUiBuiltInKeywords.groovy:616)
	at com.kms.katalon.core.webui.keyword.WebUiBuiltInKeywords$click$1.call(Unknown Source)
	at FG3D Test - Stragetic.run(FG3D Test - Stragetic:28)
	at com.kms.katalon.core.main.ScriptEngine.run(ScriptEngine.java:194)
	at com.kms.katalon.core.main.ScriptEngine.runScriptAsRawText(ScriptEngine.java:119)
	at com.kms.katalon.core.main.TestCaseExecutor.runScript(TestCaseExecutor.java:339)
	at com.kms.katalon.core.main.TestCaseExecutor.doExecute(TestCaseExecutor.java:330)
	at com.kms.katalon.core.main.TestCaseExecutor.processExecutionPhase(TestCaseExecutor.java:309)
	at com.kms.katalon.core.main.TestCaseExecutor.accessMainPhase(TestCaseExecutor.java:301)
	at com.kms.katalon.core.main.TestCaseExecutor.execute(TestCaseExecutor.java:235)
	at com.kms.katalon.core.main.TestSuiteExecutor.accessTestCaseMainPhase(TestSuiteExecutor.java:191)
	at com.kms.katalon.core.main.TestSuiteExecutor.accessTestSuiteMainPhase(TestSuiteExecutor.java:141)
	at com.kms.katalon.core.main.TestSuiteExecutor.execute(TestSuiteExecutor.java:90)
	at com.kms.katalon.core.main.TestCaseMain.startTestSuite(TestCaseMain.java:157)
	at com.kms.katalon.core.main.TestCaseMain$startTestSuite$0.call(Unknown Source)
	at TempTestSuite1601324593621.run(TempTestSuite1601324593621.groovy:39)
Caused by: com.kms.katalon.core.webui.exception.WebElementNotFoundException: Web element with id: 'Object Repository/Page_Workgroups  GRiD/a_FG3D' located by '//div[@id='workgroupExportTree']/a[10]' not found
	at com.kms.katalon.core.webui.common.WebUiCommonHelper.findWebElement(WebUiCommonHelper.java:1368)
	at com.kms.katalon.core.webui.keyword.internal.WebUIAbstractKeyword.findWebElement(WebUIAbstractKeyword.groovy:27)
	at com.kms.katalon.core.webui.keyword.internal.WebUIAbstractKeyword.findWebElement(WebUIAbstractKeyword.groovy:26)
	at com.kms.katalon.core.webui.keyword.builtin.ClickKeyword$_click_closure1.doCall(ClickKeyword.groovy:67)
	at com.kms.katalon.core.webui.keyword.builtin.ClickKeyword$_click_closure1.call(ClickKeyword.groovy)
	at com.kms.katalon.core.webui.keyword.internal.WebUIKeywordMain.runKeyword(WebUIKeywordMain.groovy:20)
	at com.kms.katalon.core.webui.keyword.builtin.ClickKeyword.click(ClickKeyword.groovy:76)
	at com.kms.katalon.core.webui.keyword.builtin.ClickKeyword.execute(ClickKeyword.groovy:43)
	at com.kms.katalon.core.keyword.internal.KeywordExecutor.executeKeywordForPlatform(KeywordExecutor.groovy:73)
	at com.kms.katalon.core.webui.keyword.WebUiBuiltInKeywords.click(WebUiBuiltInKeywords.groovy:616)
	at com.kms.katalon.core.webui.keyword.WebUiBuiltInKeywords$click$1.call(Unknown Source)
	at Script1599149155505.run(Script1599149155505.groovy:28)
	... 13 more
)

2020-09-28 23:52:10 - [MESSAGE][INFO] - Unable to find the element located by 'By.xpath: //div[@id='workgroupExportTree']/a[10]'. Please recheck the objects properties to make sure the desired element is located. 

2020-09-28 23:52:10 - [MESSAGE][WARNING] - [SELF-HEALING] Failed to find element with id 'Object Repository/Page_Workgroups  GRiD/a_FG3D'. Try using Self-healing.

2020-09-28 23:52:10 - [MESSAGE][INFO] - [SELF-HEALING] Failed Locator: '//div[@id='workgroupExportTree']/a[10]'.

2020-09-28 23:52:11 - [MESSAGE][INFO] - [SELF-HEALING] Failed Locator: '//a[contains(text(),'FG3D')]'.

2020-09-28 23:52:11 - [MESSAGE][INFO] - [SELF-HEALING] Failed Locator: '(.//*[normalize-space(text()) and normalize-space(.)='DTED2 DTM'])[1]/following::a[1]'.

2020-09-28 23:52:11 - [MESSAGE][INFO] - [SELF-HEALING] Failed Locator: '(.//*[normalize-space(text()) and normalize-space(.)='DTED0 DTM'])[1]/following::a[2]'.

2020-09-28 23:52:12 - [MESSAGE][INFO] - [SELF-HEALING] Failed Locator: '(.//*[normalize-space(text()) and normalize-space(.)='SRT2F DSM'])[1]/preceding::a[1]'.

2020-09-28 23:52:12 - [MESSAGE][INFO] - [SELF-HEALING] Failed Locator: '(.//*[normalize-space(text()) and normalize-space(.)='TDT DSM'])[1]/preceding::a[2]'.

2020-09-28 23:52:12 - [MESSAGE][INFO] - [SELF-HEALING] Failed Locator: '//*/text()[normalize-space(.)='FG3D']/parent::*'.

2020-09-28 23:52:12 - [MESSAGE][INFO] - [SELF-HEALING] Failed Locator: '//a[contains(@href, '/testgrid/export/aoi/36914/')]'.

2020-09-28 23:52:13 - [MESSAGE][INFO] - [SELF-HEALING] Failed Locator: '//div[2]/a[10]'.

2020-09-28 23:52:14 - [MESSAGE][INFO] - Unable to find the element located by 'By.xpath: //*[@href = '/testgrid/export/aoi/36914/' and (text() = '
            FG3D
            
              
              
            
          ' or . = '
            FG3D
            
              
              
            
          ')]'. Please recheck the objects properties to make sure the desired element is located. 

2020-09-28 23:52:15 - [MESSAGE][INFO] - Unable to find the element located by 'By.cssSelector: '. Please recheck the objects properties to make sure the desired element is located. 

2020-09-28 23:52:15 - [MESSAGE][FAILED] - Unable to click on object 'Object Repository/Page_Workgroups  GRiD/a_FG3D' (Root cause: com.kms.katalon.core.exception.StepFailedException: Unable to click on object 'Object Repository/Page_Workgroups  GRiD/a_FG3D'
	at com.kms.katalon.core.webui.keyword.internal.WebUIKeywordMain.stepFailed(WebUIKeywordMain.groovy:64)
	at com.kms.katalon.core.webui.keyword.internal.WebUIKeywordMain.runKeyword(WebUIKeywordMain.groovy:26)
	at com.kms.katalon.core.webui.keyword.builtin.ClickKeyword.click(ClickKeyword.groovy:76)
	at com.kms.katalon.core.webui.keyword.builtin.ClickKeyword.execute(ClickKeyword.groovy:43)
	at com.kms.katalon.core.keyword.internal.KeywordExecutor.executeKeywordForPlatform(KeywordExecutor.groovy:73)
	at com.kms.katalon.core.webui.keyword.WebUiBuiltInKeywords.click(WebUiBuiltInKeywords.groovy:616)
	at com.kms.katalon.core.webui.keyword.WebUiBuiltInKeywords$click$1.call(Unknown Source)
	at FG3D Test - Stragetic.run(FG3D Test - Stragetic:28)
	at com.kms.katalon.core.main.ScriptEngine.run(ScriptEngine.java:194)
	at com.kms.katalon.core.main.ScriptEngine.runScriptAsRawText(ScriptEngine.java:119)
	at com.kms.katalon.core.main.TestCaseExecutor.runScript(TestCaseExecutor.java:339)
	at com.kms.katalon.core.main.TestCaseExecutor.doExecute(TestCaseExecutor.java:330)
	at com.kms.katalon.core.main.TestCaseExecutor.processExecutionPhase(TestCaseExecutor.java:309)
	at com.kms.katalon.core.main.TestCaseExecutor.accessMainPhase(TestCaseExecutor.java:301)
	at com.kms.katalon.core.main.TestCaseExecutor.execute(TestCaseExecutor.java:235)
	at com.kms.katalon.core.main.TestSuiteExecutor.accessTestCaseMainPhase(TestSuiteExecutor.java:191)
	at com.kms.katalon.core.main.TestSuiteExecutor.accessTestSuiteMainPhase(TestSuiteExecutor.java:141)
	at com.kms.katalon.core.main.TestSuiteExecutor.execute(TestSuiteExecutor.java:90)
	at com.kms.katalon.core.main.TestCaseMain.startTestSuite(TestCaseMain.java:157)
	at com.kms.katalon.core.main.TestCaseMain$startTestSuite$0.call(Unknown Source)
	at TempTestSuite1601324593621.run(TempTestSuite1601324593621.groovy:39)
Caused by: com.kms.katalon.core.webui.exception.WebElementNotFoundException: Web element with id: 'Object Repository/Page_Workgroups  GRiD/a_FG3D' located by '//div[@id='workgroupExportTree']/a[10]' not found
	at com.kms.katalon.core.webui.common.WebUiCommonHelper.findWebElement(WebUiCommonHelper.java:1368)
	at com.kms.katalon.core.webui.keyword.internal.WebUIAbstractKeyword.findWebElement(WebUIAbstractKeyword.groovy:27)
	at com.kms.katalon.core.webui.keyword.internal.WebUIAbstractKeyword.findWebElement(WebUIAbstractKeyword.groovy:26)
	at com.kms.katalon.core.webui.keyword.builtin.ClickKeyword$_click_closure1.doCall(ClickKeyword.groovy:67)
	at com.kms.katalon.core.webui.keyword.builtin.ClickKeyword$_click_closure1.call(ClickKeyword.groovy)
	at com.kms.katalon.core.webui.keyword.internal.WebUIKeywordMain.runKeyword(WebUIKeywordMain.groovy:20)
	at com.kms.katalon.core.webui.keyword.builtin.ClickKeyword.click(ClickKeyword.groovy:76)
	at com.kms.katalon.core.webui.keyword.builtin.ClickKeyword.execute(ClickKeyword.groovy:43)
	at com.kms.katalon.core.keyword.internal.KeywordExecutor.executeKeywordForPlatform(KeywordExecutor.groovy:73)
	at com.kms.katalon.core.webui.keyword.WebUiBuiltInKeywords.click(WebUiBuiltInKeywords.groovy:616)
	at com.kms.katalon.core.webui.keyword.WebUiBuiltInKeywords$click$1.call(Unknown Source)
	at Script1599149155505.run(Script1599149155505.groovy:28)
	... 13 more
)
[[ATTACHMENT|/Users/bhavikpatel/Downloads/Projects/CRREL/GRiD/Automation Testing/Automation Testing Project/KatalonTesting/Reports/20200928_162313/GRiD FG3D/20200928_162313/1601351535246.png]]]]></system-out>
         <system-err><![CDATA[2020-09-28 23:50:59 - [TEST_CASE][FAILED] - Test Cases/FG3D/FG3D Test - Stragetic: Test Cases/FG3D/FG3D Test - Stragetic FAILED.
Reason:
com.kms.katalon.core.exception.StepFailedException: Unable to click on object 'Object Repository/Page_Workgroups  GRiD/a_FG3D'
	at com.kms.katalon.core.webui.keyword.internal.WebUIKeywordMain.stepFailed(WebUIKeywordMain.groovy:64)
	at com.kms.katalon.core.webui.keyword.internal.WebUIKeywordMain.runKeyword(WebUIKeywordMain.groovy:26)
	at com.kms.katalon.core.webui.keyword.builtin.ClickKeyword.click(ClickKeyword.groovy:76)
	at com.kms.katalon.core.webui.keyword.builtin.ClickKeyword.execute(ClickKeyword.groovy:43)
	at com.kms.katalon.core.keyword.internal.KeywordExecutor.executeKeywordForPlatform(KeywordExecutor.groovy:73)
	at com.kms.katalon.core.webui.keyword.WebUiBuiltInKeywords.click(WebUiBuiltInKeywords.groovy:616)
	at com.kms.katalon.core.webui.keyword.WebUiBuiltInKeywords$click$1.call(Unknown Source)
	at FG3D Test - Stragetic.run(FG3D Test - Stragetic:28)
	at com.kms.katalon.core.main.ScriptEngine.run(ScriptEngine.java:194)
	at com.kms.katalon.core.main.ScriptEngine.runScriptAsRawText(ScriptEngine.java:119)
	at com.kms.katalon.core.main.TestCaseExecutor.runScript(TestCaseExecutor.java:339)
	at com.kms.katalon.core.main.TestCaseExecutor.doExecute(TestCaseExecutor.java:330)
	at com.kms.katalon.core.main.TestCaseExecutor.processExecutionPhase(TestCaseExecutor.java:309)
	at com.kms.katalon.core.main.TestCaseExecutor.accessMainPhase(TestCaseExecutor.java:301)
	at com.kms.katalon.core.main.TestCaseExecutor.execute(TestCaseExecutor.java:235)
	at com.kms.katalon.core.main.TestSuiteExecutor.accessTestCaseMainPhase(TestSuiteExecutor.java:191)
	at com.kms.katalon.core.main.TestSuiteExecutor.accessTestSuiteMainPhase(TestSuiteExecutor.java:141)
	at com.kms.katalon.core.main.TestSuiteExecutor.execute(TestSuiteExecutor.java:90)
	at com.kms.katalon.core.main.TestCaseMain.startTestSuite(TestCaseMain.java:157)
	at com.kms.katalon.core.main.TestCaseMain$startTestSuite$0.call(Unknown Source)
	at TempTestSuite1601324593621.run(TempTestSuite1601324593621.groovy:39)
Caused by: com.kms.katalon.core.webui.exception.WebElementNotFoundException: Web element with id: 'Object Repository/Page_Workgroups  GRiD/a_FG3D' located by '//div[@id='workgroupExportTree']/a[10]' not found
	at com.kms.katalon.core.webui.common.WebUiCommonHelper.findWebElement(WebUiCommonHelper.java:1368)
	at com.kms.katalon.core.webui.keyword.internal.WebUIAbstractKeyword.findWebElement(WebUIAbstractKeyword.groovy:27)
	at com.kms.katalon.core.webui.keyword.internal.WebUIAbstractKeyword.findWebElement(WebUIAbstractKeyword.groovy:26)
	at com.kms.katalon.core.webui.keyword.builtin.ClickKeyword$_click_closure1.doCall(ClickKeyword.groovy:67)
	at com.kms.katalon.core.webui.keyword.builtin.ClickKeyword$_click_closure1.call(ClickKeyword.groovy)
	at com.kms.katalon.core.webui.keyword.internal.WebUIKeywordMain.runKeyword(WebUIKeywordMain.groovy:20)
	... 19 more]]></system-err>
      </testcase>
      <testcase name="Test Cases/FG3D/FG3D Test - Stragetic" time="79.033" classname="Test Cases/FG3D/FG3D Test - Stragetic" status="FAILED">
         <failure type="FAILED" message="Test Cases/FG3D/FG3D Test - Stragetic FAILED.
Reason:
com.kms.katalon.core.exception.StepFailedException: Unable to click on object 'Object Repository/Page_Workgroups  GRiD/a_FG3D'
	at com.kms.katalon.core.webui.keyword.internal.WebUIKeywordMain.stepFailed(WebUIKeywordMain.groovy:64)
	at com.kms.katalon.core.webui.keyword.internal.WebUIKeywordMain.runKeyword(WebUIKeywordMain.groovy:26)
	at com.kms.katalon.core.webui.keyword.builtin.ClickKeyword.click(ClickKeyword.groovy:76)
	at com.kms.katalon.core.webui.keyword.builtin.ClickKeyword.execute(ClickKeyword.groovy:43)
	at com.kms.katalon.core.keyword.internal.KeywordExecutor.executeKeywordForPlatform(KeywordExecutor.groovy:73)
	at com.kms.katalon.core.webui.keyword.WebUiBuiltInKeywords.click(WebUiBuiltInKeywords.groovy:616)
	at com.kms.katalon.core.webui.keyword.WebUiBuiltInKeywords$click$1.call(Unknown Source)
	at FG3D Test - Stragetic.run(FG3D Test - Stragetic:28)
	at com.kms.katalon.core.main.ScriptEngine.run(ScriptEngine.java:194)
	at com.kms.katalon.core.main.ScriptEngine.runScriptAsRawText(ScriptEngine.java:119)
	at com.kms.katalon.core.main.TestCaseExecutor.runScript(TestCaseExecutor.java:339)
	at com.kms.katalon.core.main.TestCaseExecutor.doExecute(TestCaseExecutor.java:330)
	at com.kms.katalon.core.main.TestCaseExecutor.processExecutionPhase(TestCaseExecutor.java:309)
	at com.kms.katalon.core.main.TestCaseExecutor.accessMainPhase(TestCaseExecutor.java:301)
	at com.kms.katalon.core.main.TestCaseExecutor.execute(TestCaseExecutor.java:235)
	at com.kms.katalon.core.main.TestSuiteExecutor.accessTestCaseMainPhase(TestSuiteExecutor.java:191)
	at com.kms.katalon.core.main.TestSuiteExecutor.accessTestSuiteMainPhase(TestSuiteExecutor.java:141)
	at com.kms.katalon.core.main.TestSuiteExecutor.execute(TestSuiteExecutor.java:90)
	at com.kms.katalon.core.main.TestCaseMain.startTestSuite(TestCaseMain.java:157)
	at com.kms.katalon.core.main.TestCaseMain$startTestSuite$0.call(Unknown Source)
	at TempTestSuite1601324593621.run(TempTestSuite1601324593621.groovy:39)
Caused by: com.kms.katalon.core.webui.exception.WebElementNotFoundException: Web element with id: 'Object Repository/Page_Workgroups  GRiD/a_FG3D' located by '//div[@id='workgroupExportTree']/a[10]' not found
	at com.kms.katalon.core.webui.common.WebUiCommonHelper.findWebElement(WebUiCommonHelper.java:1368)
	at com.kms.katalon.core.webui.keyword.internal.WebUIAbstractKeyword.findWebElement(WebUIAbstractKeyword.groovy:27)
	at com.kms.katalon.core.webui.keyword.internal.WebUIAbstractKeyword.findWebElement(WebUIAbstractKeyword.groovy:26)
	at com.kms.katalon.core.webui.keyword.builtin.ClickKeyword$_click_closure1.doCall(ClickKeyword.groovy:67)
	at com.kms.katalon.core.webui.keyword.builtin.ClickKeyword$_click_closure1.call(ClickKeyword.groovy)
	at com.kms.katalon.core.webui.keyword.internal.WebUIKeywordMain.runKeyword(WebUIKeywordMain.groovy:20)
	... 19 more
"/>
         <system-out><![CDATA[2020-09-28 23:52:15 - [TEST_CASE][FAILED] - Test Cases/FG3D/FG3D Test - Stragetic: Test Cases/FG3D/FG3D Test - Stragetic FAILED.
Reason:
com.kms.katalon.core.exception.StepFailedException: Unable to click on object 'Object Repository/Page_Workgroups  GRiD/a_FG3D'
	at com.kms.katalon.core.webui.keyword.internal.WebUIKeywordMain.stepFailed(WebUIKeywordMain.groovy:64)
	at com.kms.katalon.core.webui.keyword.internal.WebUIKeywordMain.runKeyword(WebUIKeywordMain.groovy:26)
	at com.kms.katalon.core.webui.keyword.builtin.ClickKeyword.click(ClickKeyword.groovy:76)
	at com.kms.katalon.core.webui.keyword.builtin.ClickKeyword.execute(ClickKeyword.groovy:43)
	at com.kms.katalon.core.keyword.internal.KeywordExecutor.executeKeywordForPlatform(KeywordExecutor.groovy:73)
	at com.kms.katalon.core.webui.keyword.WebUiBuiltInKeywords.click(WebUiBuiltInKeywords.groovy:616)
	at com.kms.katalon.core.webui.keyword.WebUiBuiltInKeywords$click$1.call(Unknown Source)
	at FG3D Test - Stragetic.run(FG3D Test - Stragetic:28)
	at com.kms.katalon.core.main.ScriptEngine.run(ScriptEngine.java:194)
	at com.kms.katalon.core.main.ScriptEngine.runScriptAsRawText(ScriptEngine.java:119)
	at com.kms.katalon.core.main.TestCaseExecutor.runScript(TestCaseExecutor.java:339)
	at com.kms.katalon.core.main.TestCaseExecutor.doExecute(TestCaseExecutor.java:330)
	at com.kms.katalon.core.main.TestCaseExecutor.processExecutionPhase(TestCaseExecutor.java:309)
	at com.kms.katalon.core.main.TestCaseExecutor.accessMainPhase(TestCaseExecutor.java:301)
	at com.kms.katalon.core.main.TestCaseExecutor.execute(TestCaseExecutor.java:235)
	at com.kms.katalon.core.main.TestSuiteExecutor.accessTestCaseMainPhase(TestSuiteExecutor.java:191)
	at com.kms.katalon.core.main.TestSuiteExecutor.accessTestSuiteMainPhase(TestSuiteExecutor.java:141)
	at com.kms.katalon.core.main.TestSuiteExecutor.execute(TestSuiteExecutor.java:90)
	at com.kms.katalon.core.main.TestCaseMain.startTestSuite(TestCaseMain.java:157)
	at com.kms.katalon.core.main.TestCaseMain$startTestSuite$0.call(Unknown Source)
	at TempTestSuite1601324593621.run(TempTestSuite1601324593621.groovy:39)
Caused by: com.kms.katalon.core.webui.exception.WebElementNotFoundException: Web element with id: 'Object Repository/Page_Workgroups  GRiD/a_FG3D' located by '//div[@id='workgroupExportTree']/a[10]' not found
	at com.kms.katalon.core.webui.common.WebUiCommonHelper.findWebElement(WebUiCommonHelper.java:1368)
	at com.kms.katalon.core.webui.keyword.internal.WebUIAbstractKeyword.findWebElement(WebUIAbstractKeyword.groovy:27)
	at com.kms.katalon.core.webui.keyword.internal.WebUIAbstractKeyword.findWebElement(WebUIAbstractKeyword.groovy:26)
	at com.kms.katalon.core.webui.keyword.builtin.ClickKeyword$_click_closure1.doCall(ClickKeyword.groovy:67)
	at com.kms.katalon.core.webui.keyword.builtin.ClickKeyword$_click_closure1.call(ClickKeyword.groovy)
	at com.kms.katalon.core.webui.keyword.internal.WebUIKeywordMain.runKeyword(WebUIKeywordMain.groovy:20)
	... 19 more


2020-09-28 23:52:15 - [TEST_STEP][PASSED] - openBrowser(""): Browser is opened with url: ''

2020-09-28 23:52:15 - [MESSAGE][WARNING] - A browser is already opened. Closing browser and opening a new one

2020-09-28 23:52:15 - [MESSAGE][INFO] - Starting 'Chrome' driver

2020-09-28 23:52:15 - [MESSAGE][INFO] - Action delay is set to 0 milliseconds

2020-09-28 23:52:16 - [MESSAGE][PASSED] - Browser is opened with url: ''

2020-09-28 23:52:16 - [TEST_STEP][PASSED] - navigateToUrl("https://grid.nga.mil/testgrid/"): Navigate to 'https://grid.nga.mil/testgrid/' successfully

2020-09-28 23:52:20 - [MESSAGE][PASSED] - Navigate to 'https://grid.nga.mil/testgrid/' successfully

2020-09-28 23:52:20 - [TEST_STEP][PASSED] - click(findTestObject("Page_Home  GRiD/a_CAC  GEOAxIS Login")): Object: 'Object Repository/Page_Home  GRiD/a_CAC  GEOAxIS Login' is clicked on

2020-09-28 23:52:25 - [MESSAGE][PASSED] - Object: 'Object Repository/Page_Home  GRiD/a_CAC  GEOAxIS Login' is clicked on

2020-09-28 23:52:25 - [TEST_STEP][PASSED] - click(findTestObject("Page_Home  GRiD/a_Share")): Object: 'Object Repository/Page_Home  GRiD/a_Share' is clicked on

2020-09-28 23:52:57 - [MESSAGE][INFO] - Unable to find the element located by 'By.xpath: //div[@id='navbarToggle']/ul/li[5]/a'. Please recheck the objects properties to make sure the desired element is located. 

2020-09-28 23:52:57 - [MESSAGE][WARNING] - [SELF-HEALING] Failed to find element with id 'Object Repository/Page_Home  GRiD/a_Share'. Try using Self-healing.

2020-09-28 23:52:57 - [MESSAGE][WARNING] - [SELF-HEALING] The current locator of test object 'Object Repository/Page_Home  GRiD/a_Share' was broken. Propose an alternative one: '//li[5]/a'.

2020-09-28 23:52:57 - [MESSAGE][PASSED] - Object: 'Object Repository/Page_Home  GRiD/a_Share' is clicked on

2020-09-28 23:52:57 - [TEST_STEP][FAILED] - click(findTestObject("Page_Workgroups  GRiD/a_FG3D")): Unable to click on object 'Object Repository/Page_Workgroups  GRiD/a_FG3D' (Root cause: com.kms.katalon.core.exception.StepFailedException: Unable to click on object 'Object Repository/Page_Workgroups  GRiD/a_FG3D'
	at com.kms.katalon.core.webui.keyword.internal.WebUIKeywordMain.stepFailed(WebUIKeywordMain.groovy:64)
	at com.kms.katalon.core.webui.keyword.internal.WebUIKeywordMain.runKeyword(WebUIKeywordMain.groovy:26)
	at com.kms.katalon.core.webui.keyword.builtin.ClickKeyword.click(ClickKeyword.groovy:76)
	at com.kms.katalon.core.webui.keyword.builtin.ClickKeyword.execute(ClickKeyword.groovy:43)
	at com.kms.katalon.core.keyword.internal.KeywordExecutor.executeKeywordForPlatform(KeywordExecutor.groovy:73)
	at com.kms.katalon.core.webui.keyword.WebUiBuiltInKeywords.click(WebUiBuiltInKeywords.groovy:616)
	at com.kms.katalon.core.webui.keyword.WebUiBuiltInKeywords$click$1.call(Unknown Source)
	at FG3D Test - Stragetic.run(FG3D Test - Stragetic:28)
	at com.kms.katalon.core.main.ScriptEngine.run(ScriptEngine.java:194)
	at com.kms.katalon.core.main.ScriptEngine.runScriptAsRawText(ScriptEngine.java:119)
	at com.kms.katalon.core.main.TestCaseExecutor.runScript(TestCaseExecutor.java:339)
	at com.kms.katalon.core.main.TestCaseExecutor.doExecute(TestCaseExecutor.java:330)
	at com.kms.katalon.core.main.TestCaseExecutor.processExecutionPhase(TestCaseExecutor.java:309)
	at com.kms.katalon.core.main.TestCaseExecutor.accessMainPhase(TestCaseExecutor.java:301)
	at com.kms.katalon.core.main.TestCaseExecutor.execute(TestCaseExecutor.java:235)
	at com.kms.katalon.core.main.TestSuiteExecutor.accessTestCaseMainPhase(TestSuiteExecutor.java:191)
	at com.kms.katalon.core.main.TestSuiteExecutor.accessTestSuiteMainPhase(TestSuiteExecutor.java:141)
	at com.kms.katalon.core.main.TestSuiteExecutor.execute(TestSuiteExecutor.java:90)
	at com.kms.katalon.core.main.TestCaseMain.startTestSuite(TestCaseMain.java:157)
	at com.kms.katalon.core.main.TestCaseMain$startTestSuite$0.call(Unknown Source)
	at TempTestSuite1601324593621.run(TempTestSuite1601324593621.groovy:39)
Caused by: com.kms.katalon.core.webui.exception.WebElementNotFoundException: Web element with id: 'Object Repository/Page_Workgroups  GRiD/a_FG3D' located by '//div[@id='workgroupExportTree']/a[10]' not found
	at com.kms.katalon.core.webui.common.WebUiCommonHelper.findWebElement(WebUiCommonHelper.java:1368)
	at com.kms.katalon.core.webui.keyword.internal.WebUIAbstractKeyword.findWebElement(WebUIAbstractKeyword.groovy:27)
	at com.kms.katalon.core.webui.keyword.internal.WebUIAbstractKeyword.findWebElement(WebUIAbstractKeyword.groovy:26)
	at com.kms.katalon.core.webui.keyword.builtin.ClickKeyword$_click_closure1.doCall(ClickKeyword.groovy:67)
	at com.kms.katalon.core.webui.keyword.builtin.ClickKeyword$_click_closure1.call(ClickKeyword.groovy)
	at com.kms.katalon.core.webui.keyword.internal.WebUIKeywordMain.runKeyword(WebUIKeywordMain.groovy:20)
	at com.kms.katalon.core.webui.keyword.builtin.ClickKeyword.click(ClickKeyword.groovy:76)
	at com.kms.katalon.core.webui.keyword.builtin.ClickKeyword.execute(ClickKeyword.groovy:43)
	at com.kms.katalon.core.keyword.internal.KeywordExecutor.executeKeywordForPlatform(KeywordExecutor.groovy:73)
	at com.kms.katalon.core.webui.keyword.WebUiBuiltInKeywords.click(WebUiBuiltInKeywords.groovy:616)
	at com.kms.katalon.core.webui.keyword.WebUiBuiltInKeywords$click$1.call(Unknown Source)
	at Script1599149155505.run(Script1599149155505.groovy:28)
	... 13 more
)

2020-09-28 23:53:28 - [MESSAGE][INFO] - Unable to find the element located by 'By.xpath: //div[@id='workgroupExportTree']/a[10]'. Please recheck the objects properties to make sure the desired element is located. 

2020-09-28 23:53:28 - [MESSAGE][WARNING] - [SELF-HEALING] Failed to find element with id 'Object Repository/Page_Workgroups  GRiD/a_FG3D'. Try using Self-healing.

2020-09-28 23:53:29 - [MESSAGE][INFO] - [SELF-HEALING] Failed Locator: '//div[@id='workgroupExportTree']/a[10]'.

2020-09-28 23:53:29 - [MESSAGE][INFO] - [SELF-HEALING] Failed Locator: '//a[contains(text(),'FG3D')]'.

2020-09-28 23:53:29 - [MESSAGE][INFO] - [SELF-HEALING] Failed Locator: '(.//*[normalize-space(text()) and normalize-space(.)='DTED2 DTM'])[1]/following::a[1]'.

2020-09-28 23:53:30 - [MESSAGE][INFO] - [SELF-HEALING] Failed Locator: '(.//*[normalize-space(text()) and normalize-space(.)='DTED0 DTM'])[1]/following::a[2]'.

2020-09-28 23:53:30 - [MESSAGE][INFO] - [SELF-HEALING] Failed Locator: '(.//*[normalize-space(text()) and normalize-space(.)='SRT2F DSM'])[1]/preceding::a[1]'.

2020-09-28 23:53:30 - [MESSAGE][INFO] - [SELF-HEALING] Failed Locator: '(.//*[normalize-space(text()) and normalize-space(.)='TDT DSM'])[1]/preceding::a[2]'.

2020-09-28 23:53:31 - [MESSAGE][INFO] - [SELF-HEALING] Failed Locator: '//*/text()[normalize-space(.)='FG3D']/parent::*'.

2020-09-28 23:53:31 - [MESSAGE][INFO] - [SELF-HEALING] Failed Locator: '//a[contains(@href, '/testgrid/export/aoi/36914/')]'.

2020-09-28 23:53:31 - [MESSAGE][INFO] - [SELF-HEALING] Failed Locator: '//div[2]/a[10]'.

2020-09-28 23:53:33 - [MESSAGE][INFO] - Unable to find the element located by 'By.xpath: //*[@href = '/testgrid/export/aoi/36914/' and (text() = '
            FG3D
            
              
              
            
          ' or . = '
            FG3D
            
              
              
            
          ')]'. Please recheck the objects properties to make sure the desired element is located. 

2020-09-28 23:53:34 - [MESSAGE][INFO] - Unable to find the element located by 'By.cssSelector: '. Please recheck the objects properties to make sure the desired element is located. 

2020-09-28 23:53:34 - [MESSAGE][FAILED] - Unable to click on object 'Object Repository/Page_Workgroups  GRiD/a_FG3D' (Root cause: com.kms.katalon.core.exception.StepFailedException: Unable to click on object 'Object Repository/Page_Workgroups  GRiD/a_FG3D'
	at com.kms.katalon.core.webui.keyword.internal.WebUIKeywordMain.stepFailed(WebUIKeywordMain.groovy:64)
	at com.kms.katalon.core.webui.keyword.internal.WebUIKeywordMain.runKeyword(WebUIKeywordMain.groovy:26)
	at com.kms.katalon.core.webui.keyword.builtin.ClickKeyword.click(ClickKeyword.groovy:76)
	at com.kms.katalon.core.webui.keyword.builtin.ClickKeyword.execute(ClickKeyword.groovy:43)
	at com.kms.katalon.core.keyword.internal.KeywordExecutor.executeKeywordForPlatform(KeywordExecutor.groovy:73)
	at com.kms.katalon.core.webui.keyword.WebUiBuiltInKeywords.click(WebUiBuiltInKeywords.groovy:616)
	at com.kms.katalon.core.webui.keyword.WebUiBuiltInKeywords$click$1.call(Unknown Source)
	at FG3D Test - Stragetic.run(FG3D Test - Stragetic:28)
	at com.kms.katalon.core.main.ScriptEngine.run(ScriptEngine.java:194)
	at com.kms.katalon.core.main.ScriptEngine.runScriptAsRawText(ScriptEngine.java:119)
	at com.kms.katalon.core.main.TestCaseExecutor.runScript(TestCaseExecutor.java:339)
	at com.kms.katalon.core.main.TestCaseExecutor.doExecute(TestCaseExecutor.java:330)
	at com.kms.katalon.core.main.TestCaseExecutor.processExecutionPhase(TestCaseExecutor.java:309)
	at com.kms.katalon.core.main.TestCaseExecutor.accessMainPhase(TestCaseExecutor.java:301)
	at com.kms.katalon.core.main.TestCaseExecutor.execute(TestCaseExecutor.java:235)
	at com.kms.katalon.core.main.TestSuiteExecutor.accessTestCaseMainPhase(TestSuiteExecutor.java:191)
	at com.kms.katalon.core.main.TestSuiteExecutor.accessTestSuiteMainPhase(TestSuiteExecutor.java:141)
	at com.kms.katalon.core.main.TestSuiteExecutor.execute(TestSuiteExecutor.java:90)
	at com.kms.katalon.core.main.TestCaseMain.startTestSuite(TestCaseMain.java:157)
	at com.kms.katalon.core.main.TestCaseMain$startTestSuite$0.call(Unknown Source)
	at TempTestSuite1601324593621.run(TempTestSuite1601324593621.groovy:39)
Caused by: com.kms.katalon.core.webui.exception.WebElementNotFoundException: Web element with id: 'Object Repository/Page_Workgroups  GRiD/a_FG3D' located by '//div[@id='workgroupExportTree']/a[10]' not found
	at com.kms.katalon.core.webui.common.WebUiCommonHelper.findWebElement(WebUiCommonHelper.java:1368)
	at com.kms.katalon.core.webui.keyword.internal.WebUIAbstractKeyword.findWebElement(WebUIAbstractKeyword.groovy:27)
	at com.kms.katalon.core.webui.keyword.internal.WebUIAbstractKeyword.findWebElement(WebUIAbstractKeyword.groovy:26)
	at com.kms.katalon.core.webui.keyword.builtin.ClickKeyword$_click_closure1.doCall(ClickKeyword.groovy:67)
	at com.kms.katalon.core.webui.keyword.builtin.ClickKeyword$_click_closure1.call(ClickKeyword.groovy)
	at com.kms.katalon.core.webui.keyword.internal.WebUIKeywordMain.runKeyword(WebUIKeywordMain.groovy:20)
	at com.kms.katalon.core.webui.keyword.builtin.ClickKeyword.click(ClickKeyword.groovy:76)
	at com.kms.katalon.core.webui.keyword.builtin.ClickKeyword.execute(ClickKeyword.groovy:43)
	at com.kms.katalon.core.keyword.internal.KeywordExecutor.executeKeywordForPlatform(KeywordExecutor.groovy:73)
	at com.kms.katalon.core.webui.keyword.WebUiBuiltInKeywords.click(WebUiBuiltInKeywords.groovy:616)
	at com.kms.katalon.core.webui.keyword.WebUiBuiltInKeywords$click$1.call(Unknown Source)
	at Script1599149155505.run(Script1599149155505.groovy:28)
	... 13 more
)
[[ATTACHMENT|/Users/bhavikpatel/Downloads/Projects/CRREL/GRiD/Automation Testing/Automation Testing Project/KatalonTesting/Reports/20200928_162313/GRiD FG3D/20200928_162313/1601351614307.png]]]]></system-out>
         <system-err><![CDATA[2020-09-28 23:52:15 - [TEST_CASE][FAILED] - Test Cases/FG3D/FG3D Test - Stragetic: Test Cases/FG3D/FG3D Test - Stragetic FAILED.
Reason:
com.kms.katalon.core.exception.StepFailedException: Unable to click on object 'Object Repository/Page_Workgroups  GRiD/a_FG3D'
	at com.kms.katalon.core.webui.keyword.internal.WebUIKeywordMain.stepFailed(WebUIKeywordMain.groovy:64)
	at com.kms.katalon.core.webui.keyword.internal.WebUIKeywordMain.runKeyword(WebUIKeywordMain.groovy:26)
	at com.kms.katalon.core.webui.keyword.builtin.ClickKeyword.click(ClickKeyword.groovy:76)
	at com.kms.katalon.core.webui.keyword.builtin.ClickKeyword.execute(ClickKeyword.groovy:43)
	at com.kms.katalon.core.keyword.internal.KeywordExecutor.executeKeywordForPlatform(KeywordExecutor.groovy:73)
	at com.kms.katalon.core.webui.keyword.WebUiBuiltInKeywords.click(WebUiBuiltInKeywords.groovy:616)
	at com.kms.katalon.core.webui.keyword.WebUiBuiltInKeywords$click$1.call(Unknown Source)
	at FG3D Test - Stragetic.run(FG3D Test - Stragetic:28)
	at com.kms.katalon.core.main.ScriptEngine.run(ScriptEngine.java:194)
	at com.kms.katalon.core.main.ScriptEngine.runScriptAsRawText(ScriptEngine.java:119)
	at com.kms.katalon.core.main.TestCaseExecutor.runScript(TestCaseExecutor.java:339)
	at com.kms.katalon.core.main.TestCaseExecutor.doExecute(TestCaseExecutor.java:330)
	at com.kms.katalon.core.main.TestCaseExecutor.processExecutionPhase(TestCaseExecutor.java:309)
	at com.kms.katalon.core.main.TestCaseExecutor.accessMainPhase(TestCaseExecutor.java:301)
	at com.kms.katalon.core.main.TestCaseExecutor.execute(TestCaseExecutor.java:235)
	at com.kms.katalon.core.main.TestSuiteExecutor.accessTestCaseMainPhase(TestSuiteExecutor.java:191)
	at com.kms.katalon.core.main.TestSuiteExecutor.accessTestSuiteMainPhase(TestSuiteExecutor.java:141)
	at com.kms.katalon.core.main.TestSuiteExecutor.execute(TestSuiteExecutor.java:90)
	at com.kms.katalon.core.main.TestCaseMain.startTestSuite(TestCaseMain.java:157)
	at com.kms.katalon.core.main.TestCaseMain$startTestSuite$0.call(Unknown Source)
	at TempTestSuite1601324593621.run(TempTestSuite1601324593621.groovy:39)
Caused by: com.kms.katalon.core.webui.exception.WebElementNotFoundException: Web element with id: 'Object Repository/Page_Workgroups  GRiD/a_FG3D' located by '//div[@id='workgroupExportTree']/a[10]' not found
	at com.kms.katalon.core.webui.common.WebUiCommonHelper.findWebElement(WebUiCommonHelper.java:1368)
	at com.kms.katalon.core.webui.keyword.internal.WebUIAbstractKeyword.findWebElement(WebUIAbstractKeyword.groovy:27)
	at com.kms.katalon.core.webui.keyword.internal.WebUIAbstractKeyword.findWebElement(WebUIAbstractKeyword.groovy:26)
	at com.kms.katalon.core.webui.keyword.builtin.ClickKeyword$_click_closure1.doCall(ClickKeyword.groovy:67)
	at com.kms.katalon.core.webui.keyword.builtin.ClickKeyword$_click_closure1.call(ClickKeyword.groovy)
	at com.kms.katalon.core.webui.keyword.internal.WebUIKeywordMain.runKeyword(WebUIKeywordMain.groovy:20)
	... 19 more]]></system-err>
      </testcase>
      <testcase name="Test Cases/FG3D/FG3D Test - Stragetic" time="78.406" classname="Test Cases/FG3D/FG3D Test - Stragetic" status="FAILED">
         <failure type="FAILED" message="Test Cases/FG3D/FG3D Test - Stragetic FAILED.
Reason:
com.kms.katalon.core.exception.StepFailedException: Unable to click on object 'Object Repository/Page_Workgroups  GRiD/a_FG3D'
	at com.kms.katalon.core.webui.keyword.internal.WebUIKeywordMain.stepFailed(WebUIKeywordMain.groovy:64)
	at com.kms.katalon.core.webui.keyword.internal.WebUIKeywordMain.runKeyword(WebUIKeywordMain.groovy:26)
	at com.kms.katalon.core.webui.keyword.builtin.ClickKeyword.click(ClickKeyword.groovy:76)
	at com.kms.katalon.core.webui.keyword.builtin.ClickKeyword.execute(ClickKeyword.groovy:43)
	at com.kms.katalon.core.keyword.internal.KeywordExecutor.executeKeywordForPlatform(KeywordExecutor.groovy:73)
	at com.kms.katalon.core.webui.keyword.WebUiBuiltInKeywords.click(WebUiBuiltInKeywords.groovy:616)
	at com.kms.katalon.core.webui.keyword.WebUiBuiltInKeywords$click$1.call(Unknown Source)
	at FG3D Test - Stragetic.run(FG3D Test - Stragetic:28)
	at com.kms.katalon.core.main.ScriptEngine.run(ScriptEngine.java:194)
	at com.kms.katalon.core.main.ScriptEngine.runScriptAsRawText(ScriptEngine.java:119)
	at com.kms.katalon.core.main.TestCaseExecutor.runScript(TestCaseExecutor.java:339)
	at com.kms.katalon.core.main.TestCaseExecutor.doExecute(TestCaseExecutor.java:330)
	at com.kms.katalon.core.main.TestCaseExecutor.processExecutionPhase(TestCaseExecutor.java:309)
	at com.kms.katalon.core.main.TestCaseExecutor.accessMainPhase(TestCaseExecutor.java:301)
	at com.kms.katalon.core.main.TestCaseExecutor.execute(TestCaseExecutor.java:235)
	at com.kms.katalon.core.main.TestSuiteExecutor.accessTestCaseMainPhase(TestSuiteExecutor.java:191)
	at com.kms.katalon.core.main.TestSuiteExecutor.accessTestSuiteMainPhase(TestSuiteExecutor.java:141)
	at com.kms.katalon.core.main.TestSuiteExecutor.execute(TestSuiteExecutor.java:90)
	at com.kms.katalon.core.main.TestCaseMain.startTestSuite(TestCaseMain.java:157)
	at com.kms.katalon.core.main.TestCaseMain$startTestSuite$0.call(Unknown Source)
	at TempTestSuite1601324593621.run(TempTestSuite1601324593621.groovy:39)
Caused by: com.kms.katalon.core.webui.exception.WebElementNotFoundException: Web element with id: 'Object Repository/Page_Workgroups  GRiD/a_FG3D' located by '//div[@id='workgroupExportTree']/a[10]' not found
	at com.kms.katalon.core.webui.common.WebUiCommonHelper.findWebElement(WebUiCommonHelper.java:1368)
	at com.kms.katalon.core.webui.keyword.internal.WebUIAbstractKeyword.findWebElement(WebUIAbstractKeyword.groovy:27)
	at com.kms.katalon.core.webui.keyword.internal.WebUIAbstractKeyword.findWebElement(WebUIAbstractKeyword.groovy:26)
	at com.kms.katalon.core.webui.keyword.builtin.ClickKeyword$_click_closure1.doCall(ClickKeyword.groovy:67)
	at com.kms.katalon.core.webui.keyword.builtin.ClickKeyword$_click_closure1.call(ClickKeyword.groovy)
	at com.kms.katalon.core.webui.keyword.internal.WebUIKeywordMain.runKeyword(WebUIKeywordMain.groovy:20)
	... 19 more
"/>
         <system-out><![CDATA[2020-09-28 23:53:34 - [TEST_CASE][FAILED] - Test Cases/FG3D/FG3D Test - Stragetic: Test Cases/FG3D/FG3D Test - Stragetic FAILED.
Reason:
com.kms.katalon.core.exception.StepFailedException: Unable to click on object 'Object Repository/Page_Workgroups  GRiD/a_FG3D'
	at com.kms.katalon.core.webui.keyword.internal.WebUIKeywordMain.stepFailed(WebUIKeywordMain.groovy:64)
	at com.kms.katalon.core.webui.keyword.internal.WebUIKeywordMain.runKeyword(WebUIKeywordMain.groovy:26)
	at com.kms.katalon.core.webui.keyword.builtin.ClickKeyword.click(ClickKeyword.groovy:76)
	at com.kms.katalon.core.webui.keyword.builtin.ClickKeyword.execute(ClickKeyword.groovy:43)
	at com.kms.katalon.core.keyword.internal.KeywordExecutor.executeKeywordForPlatform(KeywordExecutor.groovy:73)
	at com.kms.katalon.core.webui.keyword.WebUiBuiltInKeywords.click(WebUiBuiltInKeywords.groovy:616)
	at com.kms.katalon.core.webui.keyword.WebUiBuiltInKeywords$click$1.call(Unknown Source)
	at FG3D Test - Stragetic.run(FG3D Test - Stragetic:28)
	at com.kms.katalon.core.main.ScriptEngine.run(ScriptEngine.java:194)
	at com.kms.katalon.core.main.ScriptEngine.runScriptAsRawText(ScriptEngine.java:119)
	at com.kms.katalon.core.main.TestCaseExecutor.runScript(TestCaseExecutor.java:339)
	at com.kms.katalon.core.main.TestCaseExecutor.doExecute(TestCaseExecutor.java:330)
	at com.kms.katalon.core.main.TestCaseExecutor.processExecutionPhase(TestCaseExecutor.java:309)
	at com.kms.katalon.core.main.TestCaseExecutor.accessMainPhase(TestCaseExecutor.java:301)
	at com.kms.katalon.core.main.TestCaseExecutor.execute(TestCaseExecutor.java:235)
	at com.kms.katalon.core.main.TestSuiteExecutor.accessTestCaseMainPhase(TestSuiteExecutor.java:191)
	at com.kms.katalon.core.main.TestSuiteExecutor.accessTestSuiteMainPhase(TestSuiteExecutor.java:141)
	at com.kms.katalon.core.main.TestSuiteExecutor.execute(TestSuiteExecutor.java:90)
	at com.kms.katalon.core.main.TestCaseMain.startTestSuite(TestCaseMain.java:157)
	at com.kms.katalon.core.main.TestCaseMain$startTestSuite$0.call(Unknown Source)
	at TempTestSuite1601324593621.run(TempTestSuite1601324593621.groovy:39)
Caused by: com.kms.katalon.core.webui.exception.WebElementNotFoundException: Web element with id: 'Object Repository/Page_Workgroups  GRiD/a_FG3D' located by '//div[@id='workgroupExportTree']/a[10]' not found
	at com.kms.katalon.core.webui.common.WebUiCommonHelper.findWebElement(WebUiCommonHelper.java:1368)
	at com.kms.katalon.core.webui.keyword.internal.WebUIAbstractKeyword.findWebElement(WebUIAbstractKeyword.groovy:27)
	at com.kms.katalon.core.webui.keyword.internal.WebUIAbstractKeyword.findWebElement(WebUIAbstractKeyword.groovy:26)
	at com.kms.katalon.core.webui.keyword.builtin.ClickKeyword$_click_closure1.doCall(ClickKeyword.groovy:67)
	at com.kms.katalon.core.webui.keyword.builtin.ClickKeyword$_click_closure1.call(ClickKeyword.groovy)
	at com.kms.katalon.core.webui.keyword.internal.WebUIKeywordMain.runKeyword(WebUIKeywordMain.groovy:20)
	... 19 more


2020-09-28 23:53:34 - [TEST_STEP][PASSED] - openBrowser(""): Browser is opened with url: ''

2020-09-28 23:53:34 - [MESSAGE][WARNING] - A browser is already opened. Closing browser and opening a new one

2020-09-28 23:53:34 - [MESSAGE][INFO] - Starting 'Chrome' driver

2020-09-28 23:53:34 - [MESSAGE][INFO] - Action delay is set to 0 milliseconds

2020-09-28 23:53:35 - [MESSAGE][PASSED] - Browser is opened with url: ''

2020-09-28 23:53:35 - [TEST_STEP][PASSED] - navigateToUrl("https://grid.nga.mil/testgrid/"): Navigate to 'https://grid.nga.mil/testgrid/' successfully

2020-09-28 23:53:39 - [MESSAGE][PASSED] - Navigate to 'https://grid.nga.mil/testgrid/' successfully

2020-09-28 23:53:39 - [TEST_STEP][PASSED] - click(findTestObject("Page_Home  GRiD/a_CAC  GEOAxIS Login")): Object: 'Object Repository/Page_Home  GRiD/a_CAC  GEOAxIS Login' is clicked on

2020-09-28 23:53:45 - [MESSAGE][PASSED] - Object: 'Object Repository/Page_Home  GRiD/a_CAC  GEOAxIS Login' is clicked on

2020-09-28 23:53:45 - [TEST_STEP][PASSED] - click(findTestObject("Page_Home  GRiD/a_Share")): Object: 'Object Repository/Page_Home  GRiD/a_Share' is clicked on

2020-09-28 23:54:16 - [MESSAGE][INFO] - Unable to find the element located by 'By.xpath: //div[@id='navbarToggle']/ul/li[5]/a'. Please recheck the objects properties to make sure the desired element is located. 

2020-09-28 23:54:16 - [MESSAGE][WARNING] - [SELF-HEALING] Failed to find element with id 'Object Repository/Page_Home  GRiD/a_Share'. Try using Self-healing.

2020-09-28 23:54:16 - [MESSAGE][WARNING] - [SELF-HEALING] The current locator of test object 'Object Repository/Page_Home  GRiD/a_Share' was broken. Propose an alternative one: '//li[5]/a'.

2020-09-28 23:54:16 - [MESSAGE][PASSED] - Object: 'Object Repository/Page_Home  GRiD/a_Share' is clicked on

2020-09-28 23:54:16 - [TEST_STEP][FAILED] - click(findTestObject("Page_Workgroups  GRiD/a_FG3D")): Unable to click on object 'Object Repository/Page_Workgroups  GRiD/a_FG3D' (Root cause: com.kms.katalon.core.exception.StepFailedException: Unable to click on object 'Object Repository/Page_Workgroups  GRiD/a_FG3D'
	at com.kms.katalon.core.webui.keyword.internal.WebUIKeywordMain.stepFailed(WebUIKeywordMain.groovy:64)
	at com.kms.katalon.core.webui.keyword.internal.WebUIKeywordMain.runKeyword(WebUIKeywordMain.groovy:26)
	at com.kms.katalon.core.webui.keyword.builtin.ClickKeyword.click(ClickKeyword.groovy:76)
	at com.kms.katalon.core.webui.keyword.builtin.ClickKeyword.execute(ClickKeyword.groovy:43)
	at com.kms.katalon.core.keyword.internal.KeywordExecutor.executeKeywordForPlatform(KeywordExecutor.groovy:73)
	at com.kms.katalon.core.webui.keyword.WebUiBuiltInKeywords.click(WebUiBuiltInKeywords.groovy:616)
	at com.kms.katalon.core.webui.keyword.WebUiBuiltInKeywords$click$1.call(Unknown Source)
	at FG3D Test - Stragetic.run(FG3D Test - Stragetic:28)
	at com.kms.katalon.core.main.ScriptEngine.run(ScriptEngine.java:194)
	at com.kms.katalon.core.main.ScriptEngine.runScriptAsRawText(ScriptEngine.java:119)
	at com.kms.katalon.core.main.TestCaseExecutor.runScript(TestCaseExecutor.java:339)
	at com.kms.katalon.core.main.TestCaseExecutor.doExecute(TestCaseExecutor.java:330)
	at com.kms.katalon.core.main.TestCaseExecutor.processExecutionPhase(TestCaseExecutor.java:309)
	at com.kms.katalon.core.main.TestCaseExecutor.accessMainPhase(TestCaseExecutor.java:301)
	at com.kms.katalon.core.main.TestCaseExecutor.execute(TestCaseExecutor.java:235)
	at com.kms.katalon.core.main.TestSuiteExecutor.accessTestCaseMainPhase(TestSuiteExecutor.java:191)
	at com.kms.katalon.core.main.TestSuiteExecutor.accessTestSuiteMainPhase(TestSuiteExecutor.java:141)
	at com.kms.katalon.core.main.TestSuiteExecutor.execute(TestSuiteExecutor.java:90)
	at com.kms.katalon.core.main.TestCaseMain.startTestSuite(TestCaseMain.java:157)
	at com.kms.katalon.core.main.TestCaseMain$startTestSuite$0.call(Unknown Source)
	at TempTestSuite1601324593621.run(TempTestSuite1601324593621.groovy:39)
Caused by: com.kms.katalon.core.webui.exception.WebElementNotFoundException: Web element with id: 'Object Repository/Page_Workgroups  GRiD/a_FG3D' located by '//div[@id='workgroupExportTree']/a[10]' not found
	at com.kms.katalon.core.webui.common.WebUiCommonHelper.findWebElement(WebUiCommonHelper.java:1368)
	at com.kms.katalon.core.webui.keyword.internal.WebUIAbstractKeyword.findWebElement(WebUIAbstractKeyword.groovy:27)
	at com.kms.katalon.core.webui.keyword.internal.WebUIAbstractKeyword.findWebElement(WebUIAbstractKeyword.groovy:26)
	at com.kms.katalon.core.webui.keyword.builtin.ClickKeyword$_click_closure1.doCall(ClickKeyword.groovy:67)
	at com.kms.katalon.core.webui.keyword.builtin.ClickKeyword$_click_closure1.call(ClickKeyword.groovy)
	at com.kms.katalon.core.webui.keyword.internal.WebUIKeywordMain.runKeyword(WebUIKeywordMain.groovy:20)
	at com.kms.katalon.core.webui.keyword.builtin.ClickKeyword.click(ClickKeyword.groovy:76)
	at com.kms.katalon.core.webui.keyword.builtin.ClickKeyword.execute(ClickKeyword.groovy:43)
	at com.kms.katalon.core.keyword.internal.KeywordExecutor.executeKeywordForPlatform(KeywordExecutor.groovy:73)
	at com.kms.katalon.core.webui.keyword.WebUiBuiltInKeywords.click(WebUiBuiltInKeywords.groovy:616)
	at com.kms.katalon.core.webui.keyword.WebUiBuiltInKeywords$click$1.call(Unknown Source)
	at Script1599149155505.run(Script1599149155505.groovy:28)
	... 13 more
)

2020-09-28 23:54:47 - [MESSAGE][INFO] - Unable to find the element located by 'By.xpath: //div[@id='workgroupExportTree']/a[10]'. Please recheck the objects properties to make sure the desired element is located. 

2020-09-28 23:54:47 - [MESSAGE][WARNING] - [SELF-HEALING] Failed to find element with id 'Object Repository/Page_Workgroups  GRiD/a_FG3D'. Try using Self-healing.

2020-09-28 23:54:48 - [MESSAGE][INFO] - [SELF-HEALING] Failed Locator: '//div[@id='workgroupExportTree']/a[10]'.

2020-09-28 23:54:48 - [MESSAGE][INFO] - [SELF-HEALING] Failed Locator: '//a[contains(text(),'FG3D')]'.

2020-09-28 23:54:48 - [MESSAGE][INFO] - [SELF-HEALING] Failed Locator: '(.//*[normalize-space(text()) and normalize-space(.)='DTED2 DTM'])[1]/following::a[1]'.

2020-09-28 23:54:48 - [MESSAGE][INFO] - [SELF-HEALING] Failed Locator: '(.//*[normalize-space(text()) and normalize-space(.)='DTED0 DTM'])[1]/following::a[2]'.

2020-09-28 23:54:49 - [MESSAGE][INFO] - [SELF-HEALING] Failed Locator: '(.//*[normalize-space(text()) and normalize-space(.)='SRT2F DSM'])[1]/preceding::a[1]'.

2020-09-28 23:54:49 - [MESSAGE][INFO] - [SELF-HEALING] Failed Locator: '(.//*[normalize-space(text()) and normalize-space(.)='TDT DSM'])[1]/preceding::a[2]'.

2020-09-28 23:54:49 - [MESSAGE][INFO] - [SELF-HEALING] Failed Locator: '//*/text()[normalize-space(.)='FG3D']/parent::*'.

2020-09-28 23:54:50 - [MESSAGE][INFO] - [SELF-HEALING] Failed Locator: '//a[contains(@href, '/testgrid/export/aoi/36914/')]'.

2020-09-28 23:54:50 - [MESSAGE][INFO] - [SELF-HEALING] Failed Locator: '//div[2]/a[10]'.

2020-09-28 23:54:51 - [MESSAGE][INFO] - Unable to find the element located by 'By.xpath: //*[@href = '/testgrid/export/aoi/36914/' and (text() = '
            FG3D
            
              
              
            
          ' or . = '
            FG3D
            
              
              
            
          ')]'. Please recheck the objects properties to make sure the desired element is located. 

2020-09-28 23:54:52 - [MESSAGE][INFO] - Unable to find the element located by 'By.cssSelector: '. Please recheck the objects properties to make sure the desired element is located. 

2020-09-28 23:54:53 - [MESSAGE][FAILED] - Unable to click on object 'Object Repository/Page_Workgroups  GRiD/a_FG3D' (Root cause: com.kms.katalon.core.exception.StepFailedException: Unable to click on object 'Object Repository/Page_Workgroups  GRiD/a_FG3D'
	at com.kms.katalon.core.webui.keyword.internal.WebUIKeywordMain.stepFailed(WebUIKeywordMain.groovy:64)
	at com.kms.katalon.core.webui.keyword.internal.WebUIKeywordMain.runKeyword(WebUIKeywordMain.groovy:26)
	at com.kms.katalon.core.webui.keyword.builtin.ClickKeyword.click(ClickKeyword.groovy:76)
	at com.kms.katalon.core.webui.keyword.builtin.ClickKeyword.execute(ClickKeyword.groovy:43)
	at com.kms.katalon.core.keyword.internal.KeywordExecutor.executeKeywordForPlatform(KeywordExecutor.groovy:73)
	at com.kms.katalon.core.webui.keyword.WebUiBuiltInKeywords.click(WebUiBuiltInKeywords.groovy:616)
	at com.kms.katalon.core.webui.keyword.WebUiBuiltInKeywords$click$1.call(Unknown Source)
	at FG3D Test - Stragetic.run(FG3D Test - Stragetic:28)
	at com.kms.katalon.core.main.ScriptEngine.run(ScriptEngine.java:194)
	at com.kms.katalon.core.main.ScriptEngine.runScriptAsRawText(ScriptEngine.java:119)
	at com.kms.katalon.core.main.TestCaseExecutor.runScript(TestCaseExecutor.java:339)
	at com.kms.katalon.core.main.TestCaseExecutor.doExecute(TestCaseExecutor.java:330)
	at com.kms.katalon.core.main.TestCaseExecutor.processExecutionPhase(TestCaseExecutor.java:309)
	at com.kms.katalon.core.main.TestCaseExecutor.accessMainPhase(TestCaseExecutor.java:301)
	at com.kms.katalon.core.main.TestCaseExecutor.execute(TestCaseExecutor.java:235)
	at com.kms.katalon.core.main.TestSuiteExecutor.accessTestCaseMainPhase(TestSuiteExecutor.java:191)
	at com.kms.katalon.core.main.TestSuiteExecutor.accessTestSuiteMainPhase(TestSuiteExecutor.java:141)
	at com.kms.katalon.core.main.TestSuiteExecutor.execute(TestSuiteExecutor.java:90)
	at com.kms.katalon.core.main.TestCaseMain.startTestSuite(TestCaseMain.java:157)
	at com.kms.katalon.core.main.TestCaseMain$startTestSuite$0.call(Unknown Source)
	at TempTestSuite1601324593621.run(TempTestSuite1601324593621.groovy:39)
Caused by: com.kms.katalon.core.webui.exception.WebElementNotFoundException: Web element with id: 'Object Repository/Page_Workgroups  GRiD/a_FG3D' located by '//div[@id='workgroupExportTree']/a[10]' not found
	at com.kms.katalon.core.webui.common.WebUiCommonHelper.findWebElement(WebUiCommonHelper.java:1368)
	at com.kms.katalon.core.webui.keyword.internal.WebUIAbstractKeyword.findWebElement(WebUIAbstractKeyword.groovy:27)
	at com.kms.katalon.core.webui.keyword.internal.WebUIAbstractKeyword.findWebElement(WebUIAbstractKeyword.groovy:26)
	at com.kms.katalon.core.webui.keyword.builtin.ClickKeyword$_click_closure1.doCall(ClickKeyword.groovy:67)
	at com.kms.katalon.core.webui.keyword.builtin.ClickKeyword$_click_closure1.call(ClickKeyword.groovy)
	at com.kms.katalon.core.webui.keyword.internal.WebUIKeywordMain.runKeyword(WebUIKeywordMain.groovy:20)
	at com.kms.katalon.core.webui.keyword.builtin.ClickKeyword.click(ClickKeyword.groovy:76)
	at com.kms.katalon.core.webui.keyword.builtin.ClickKeyword.execute(ClickKeyword.groovy:43)
	at com.kms.katalon.core.keyword.internal.KeywordExecutor.executeKeywordForPlatform(KeywordExecutor.groovy:73)
	at com.kms.katalon.core.webui.keyword.WebUiBuiltInKeywords.click(WebUiBuiltInKeywords.groovy:616)
	at com.kms.katalon.core.webui.keyword.WebUiBuiltInKeywords$click$1.call(Unknown Source)
	at Script1599149155505.run(Script1599149155505.groovy:28)
	... 13 more
)
[[ATTACHMENT|/Users/bhavikpatel/Downloads/Projects/CRREL/GRiD/Automation Testing/Automation Testing Project/KatalonTesting/Reports/20200928_162313/GRiD FG3D/20200928_162313/1601351692722.png]]]]></system-out>
         <system-err><![CDATA[2020-09-28 23:53:34 - [TEST_CASE][FAILED] - Test Cases/FG3D/FG3D Test - Stragetic: Test Cases/FG3D/FG3D Test - Stragetic FAILED.
Reason:
com.kms.katalon.core.exception.StepFailedException: Unable to click on object 'Object Repository/Page_Workgroups  GRiD/a_FG3D'
	at com.kms.katalon.core.webui.keyword.internal.WebUIKeywordMain.stepFailed(WebUIKeywordMain.groovy:64)
	at com.kms.katalon.core.webui.keyword.internal.WebUIKeywordMain.runKeyword(WebUIKeywordMain.groovy:26)
	at com.kms.katalon.core.webui.keyword.builtin.ClickKeyword.click(ClickKeyword.groovy:76)
	at com.kms.katalon.core.webui.keyword.builtin.ClickKeyword.execute(ClickKeyword.groovy:43)
	at com.kms.katalon.core.keyword.internal.KeywordExecutor.executeKeywordForPlatform(KeywordExecutor.groovy:73)
	at com.kms.katalon.core.webui.keyword.WebUiBuiltInKeywords.click(WebUiBuiltInKeywords.groovy:616)
	at com.kms.katalon.core.webui.keyword.WebUiBuiltInKeywords$click$1.call(Unknown Source)
	at FG3D Test - Stragetic.run(FG3D Test - Stragetic:28)
	at com.kms.katalon.core.main.ScriptEngine.run(ScriptEngine.java:194)
	at com.kms.katalon.core.main.ScriptEngine.runScriptAsRawText(ScriptEngine.java:119)
	at com.kms.katalon.core.main.TestCaseExecutor.runScript(TestCaseExecutor.java:339)
	at com.kms.katalon.core.main.TestCaseExecutor.doExecute(TestCaseExecutor.java:330)
	at com.kms.katalon.core.main.TestCaseExecutor.processExecutionPhase(TestCaseExecutor.java:309)
	at com.kms.katalon.core.main.TestCaseExecutor.accessMainPhase(TestCaseExecutor.java:301)
	at com.kms.katalon.core.main.TestCaseExecutor.execute(TestCaseExecutor.java:235)
	at com.kms.katalon.core.main.TestSuiteExecutor.accessTestCaseMainPhase(TestSuiteExecutor.java:191)
	at com.kms.katalon.core.main.TestSuiteExecutor.accessTestSuiteMainPhase(TestSuiteExecutor.java:141)
	at com.kms.katalon.core.main.TestSuiteExecutor.execute(TestSuiteExecutor.java:90)
	at com.kms.katalon.core.main.TestCaseMain.startTestSuite(TestCaseMain.java:157)
	at com.kms.katalon.core.main.TestCaseMain$startTestSuite$0.call(Unknown Source)
	at TempTestSuite1601324593621.run(TempTestSuite1601324593621.groovy:39)
Caused by: com.kms.katalon.core.webui.exception.WebElementNotFoundException: Web element with id: 'Object Repository/Page_Workgroups  GRiD/a_FG3D' located by '//div[@id='workgroupExportTree']/a[10]' not found
	at com.kms.katalon.core.webui.common.WebUiCommonHelper.findWebElement(WebUiCommonHelper.java:1368)
	at com.kms.katalon.core.webui.keyword.internal.WebUIAbstractKeyword.findWebElement(WebUIAbstractKeyword.groovy:27)
	at com.kms.katalon.core.webui.keyword.internal.WebUIAbstractKeyword.findWebElement(WebUIAbstractKeyword.groovy:26)
	at com.kms.katalon.core.webui.keyword.builtin.ClickKeyword$_click_closure1.doCall(ClickKeyword.groovy:67)
	at com.kms.katalon.core.webui.keyword.builtin.ClickKeyword$_click_closure1.call(ClickKeyword.groovy)
	at com.kms.katalon.core.webui.keyword.internal.WebUIKeywordMain.runKeyword(WebUIKeywordMain.groovy:20)
	... 19 more]]></system-err>
      </testcase>
      <testcase name="Test Cases/FG3D/FG3D Test - Stragetic" time="78.448" classname="Test Cases/FG3D/FG3D Test - Stragetic" status="FAILED">
         <failure type="FAILED" message="Test Cases/FG3D/FG3D Test - Stragetic FAILED.
Reason:
com.kms.katalon.core.exception.StepFailedException: Unable to click on object 'Object Repository/Page_Workgroups  GRiD/a_FG3D'
	at com.kms.katalon.core.webui.keyword.internal.WebUIKeywordMain.stepFailed(WebUIKeywordMain.groovy:64)
	at com.kms.katalon.core.webui.keyword.internal.WebUIKeywordMain.runKeyword(WebUIKeywordMain.groovy:26)
	at com.kms.katalon.core.webui.keyword.builtin.ClickKeyword.click(ClickKeyword.groovy:76)
	at com.kms.katalon.core.webui.keyword.builtin.ClickKeyword.execute(ClickKeyword.groovy:43)
	at com.kms.katalon.core.keyword.internal.KeywordExecutor.executeKeywordForPlatform(KeywordExecutor.groovy:73)
	at com.kms.katalon.core.webui.keyword.WebUiBuiltInKeywords.click(WebUiBuiltInKeywords.groovy:616)
	at com.kms.katalon.core.webui.keyword.WebUiBuiltInKeywords$click$1.call(Unknown Source)
	at FG3D Test - Stragetic.run(FG3D Test - Stragetic:28)
	at com.kms.katalon.core.main.ScriptEngine.run(ScriptEngine.java:194)
	at com.kms.katalon.core.main.ScriptEngine.runScriptAsRawText(ScriptEngine.java:119)
	at com.kms.katalon.core.main.TestCaseExecutor.runScript(TestCaseExecutor.java:339)
	at com.kms.katalon.core.main.TestCaseExecutor.doExecute(TestCaseExecutor.java:330)
	at com.kms.katalon.core.main.TestCaseExecutor.processExecutionPhase(TestCaseExecutor.java:309)
	at com.kms.katalon.core.main.TestCaseExecutor.accessMainPhase(TestCaseExecutor.java:301)
	at com.kms.katalon.core.main.TestCaseExecutor.execute(TestCaseExecutor.java:235)
	at com.kms.katalon.core.main.TestSuiteExecutor.accessTestCaseMainPhase(TestSuiteExecutor.java:191)
	at com.kms.katalon.core.main.TestSuiteExecutor.accessTestSuiteMainPhase(TestSuiteExecutor.java:141)
	at com.kms.katalon.core.main.TestSuiteExecutor.execute(TestSuiteExecutor.java:90)
	at com.kms.katalon.core.main.TestCaseMain.startTestSuite(TestCaseMain.java:157)
	at com.kms.katalon.core.main.TestCaseMain$startTestSuite$0.call(Unknown Source)
	at TempTestSuite1601324593621.run(TempTestSuite1601324593621.groovy:39)
Caused by: com.kms.katalon.core.webui.exception.WebElementNotFoundException: Web element with id: 'Object Repository/Page_Workgroups  GRiD/a_FG3D' located by '//div[@id='workgroupExportTree']/a[10]' not found
	at com.kms.katalon.core.webui.common.WebUiCommonHelper.findWebElement(WebUiCommonHelper.java:1368)
	at com.kms.katalon.core.webui.keyword.internal.WebUIAbstractKeyword.findWebElement(WebUIAbstractKeyword.groovy:27)
	at com.kms.katalon.core.webui.keyword.internal.WebUIAbstractKeyword.findWebElement(WebUIAbstractKeyword.groovy:26)
	at com.kms.katalon.core.webui.keyword.builtin.ClickKeyword$_click_closure1.doCall(ClickKeyword.groovy:67)
	at com.kms.katalon.core.webui.keyword.builtin.ClickKeyword$_click_closure1.call(ClickKeyword.groovy)
	at com.kms.katalon.core.webui.keyword.internal.WebUIKeywordMain.runKeyword(WebUIKeywordMain.groovy:20)
	... 19 more
"/>
         <system-out><![CDATA[2020-09-28 23:54:53 - [TEST_CASE][FAILED] - Test Cases/FG3D/FG3D Test - Stragetic: Test Cases/FG3D/FG3D Test - Stragetic FAILED.
Reason:
com.kms.katalon.core.exception.StepFailedException: Unable to click on object 'Object Repository/Page_Workgroups  GRiD/a_FG3D'
	at com.kms.katalon.core.webui.keyword.internal.WebUIKeywordMain.stepFailed(WebUIKeywordMain.groovy:64)
	at com.kms.katalon.core.webui.keyword.internal.WebUIKeywordMain.runKeyword(WebUIKeywordMain.groovy:26)
	at com.kms.katalon.core.webui.keyword.builtin.ClickKeyword.click(ClickKeyword.groovy:76)
	at com.kms.katalon.core.webui.keyword.builtin.ClickKeyword.execute(ClickKeyword.groovy:43)
	at com.kms.katalon.core.keyword.internal.KeywordExecutor.executeKeywordForPlatform(KeywordExecutor.groovy:73)
	at com.kms.katalon.core.webui.keyword.WebUiBuiltInKeywords.click(WebUiBuiltInKeywords.groovy:616)
	at com.kms.katalon.core.webui.keyword.WebUiBuiltInKeywords$click$1.call(Unknown Source)
	at FG3D Test - Stragetic.run(FG3D Test - Stragetic:28)
	at com.kms.katalon.core.main.ScriptEngine.run(ScriptEngine.java:194)
	at com.kms.katalon.core.main.ScriptEngine.runScriptAsRawText(ScriptEngine.java:119)
	at com.kms.katalon.core.main.TestCaseExecutor.runScript(TestCaseExecutor.java:339)
	at com.kms.katalon.core.main.TestCaseExecutor.doExecute(TestCaseExecutor.java:330)
	at com.kms.katalon.core.main.TestCaseExecutor.processExecutionPhase(TestCaseExecutor.java:309)
	at com.kms.katalon.core.main.TestCaseExecutor.accessMainPhase(TestCaseExecutor.java:301)
	at com.kms.katalon.core.main.TestCaseExecutor.execute(TestCaseExecutor.java:235)
	at com.kms.katalon.core.main.TestSuiteExecutor.accessTestCaseMainPhase(TestSuiteExecutor.java:191)
	at com.kms.katalon.core.main.TestSuiteExecutor.accessTestSuiteMainPhase(TestSuiteExecutor.java:141)
	at com.kms.katalon.core.main.TestSuiteExecutor.execute(TestSuiteExecutor.java:90)
	at com.kms.katalon.core.main.TestCaseMain.startTestSuite(TestCaseMain.java:157)
	at com.kms.katalon.core.main.TestCaseMain$startTestSuite$0.call(Unknown Source)
	at TempTestSuite1601324593621.run(TempTestSuite1601324593621.groovy:39)
Caused by: com.kms.katalon.core.webui.exception.WebElementNotFoundException: Web element with id: 'Object Repository/Page_Workgroups  GRiD/a_FG3D' located by '//div[@id='workgroupExportTree']/a[10]' not found
	at com.kms.katalon.core.webui.common.WebUiCommonHelper.findWebElement(WebUiCommonHelper.java:1368)
	at com.kms.katalon.core.webui.keyword.internal.WebUIAbstractKeyword.findWebElement(WebUIAbstractKeyword.groovy:27)
	at com.kms.katalon.core.webui.keyword.internal.WebUIAbstractKeyword.findWebElement(WebUIAbstractKeyword.groovy:26)
	at com.kms.katalon.core.webui.keyword.builtin.ClickKeyword$_click_closure1.doCall(ClickKeyword.groovy:67)
	at com.kms.katalon.core.webui.keyword.builtin.ClickKeyword$_click_closure1.call(ClickKeyword.groovy)
	at com.kms.katalon.core.webui.keyword.internal.WebUIKeywordMain.runKeyword(WebUIKeywordMain.groovy:20)
	... 19 more


2020-09-28 23:54:53 - [TEST_STEP][PASSED] - openBrowser(""): Browser is opened with url: ''

2020-09-28 23:54:53 - [MESSAGE][WARNING] - A browser is already opened. Closing browser and opening a new one

2020-09-28 23:54:53 - [MESSAGE][INFO] - Starting 'Chrome' driver

2020-09-28 23:54:53 - [MESSAGE][INFO] - Action delay is set to 0 milliseconds

2020-09-28 23:54:54 - [MESSAGE][PASSED] - Browser is opened with url: ''

2020-09-28 23:54:54 - [TEST_STEP][PASSED] - navigateToUrl("https://grid.nga.mil/testgrid/"): Navigate to 'https://grid.nga.mil/testgrid/' successfully

2020-09-28 23:54:58 - [MESSAGE][PASSED] - Navigate to 'https://grid.nga.mil/testgrid/' successfully

2020-09-28 23:54:58 - [TEST_STEP][PASSED] - click(findTestObject("Page_Home  GRiD/a_CAC  GEOAxIS Login")): Object: 'Object Repository/Page_Home  GRiD/a_CAC  GEOAxIS Login' is clicked on

2020-09-28 23:55:03 - [MESSAGE][PASSED] - Object: 'Object Repository/Page_Home  GRiD/a_CAC  GEOAxIS Login' is clicked on

2020-09-28 23:55:03 - [TEST_STEP][PASSED] - click(findTestObject("Page_Home  GRiD/a_Share")): Object: 'Object Repository/Page_Home  GRiD/a_Share' is clicked on

2020-09-28 23:55:34 - [MESSAGE][INFO] - Unable to find the element located by 'By.xpath: //div[@id='navbarToggle']/ul/li[5]/a'. Please recheck the objects properties to make sure the desired element is located. 

2020-09-28 23:55:34 - [MESSAGE][WARNING] - [SELF-HEALING] Failed to find element with id 'Object Repository/Page_Home  GRiD/a_Share'. Try using Self-healing.

2020-09-28 23:55:34 - [MESSAGE][WARNING] - [SELF-HEALING] The current locator of test object 'Object Repository/Page_Home  GRiD/a_Share' was broken. Propose an alternative one: '//li[5]/a'.

2020-09-28 23:55:34 - [MESSAGE][PASSED] - Object: 'Object Repository/Page_Home  GRiD/a_Share' is clicked on

2020-09-28 23:55:34 - [TEST_STEP][FAILED] - click(findTestObject("Page_Workgroups  GRiD/a_FG3D")): Unable to click on object 'Object Repository/Page_Workgroups  GRiD/a_FG3D' (Root cause: com.kms.katalon.core.exception.StepFailedException: Unable to click on object 'Object Repository/Page_Workgroups  GRiD/a_FG3D'
	at com.kms.katalon.core.webui.keyword.internal.WebUIKeywordMain.stepFailed(WebUIKeywordMain.groovy:64)
	at com.kms.katalon.core.webui.keyword.internal.WebUIKeywordMain.runKeyword(WebUIKeywordMain.groovy:26)
	at com.kms.katalon.core.webui.keyword.builtin.ClickKeyword.click(ClickKeyword.groovy:76)
	at com.kms.katalon.core.webui.keyword.builtin.ClickKeyword.execute(ClickKeyword.groovy:43)
	at com.kms.katalon.core.keyword.internal.KeywordExecutor.executeKeywordForPlatform(KeywordExecutor.groovy:73)
	at com.kms.katalon.core.webui.keyword.WebUiBuiltInKeywords.click(WebUiBuiltInKeywords.groovy:616)
	at com.kms.katalon.core.webui.keyword.WebUiBuiltInKeywords$click$1.call(Unknown Source)
	at FG3D Test - Stragetic.run(FG3D Test - Stragetic:28)
	at com.kms.katalon.core.main.ScriptEngine.run(ScriptEngine.java:194)
	at com.kms.katalon.core.main.ScriptEngine.runScriptAsRawText(ScriptEngine.java:119)
	at com.kms.katalon.core.main.TestCaseExecutor.runScript(TestCaseExecutor.java:339)
	at com.kms.katalon.core.main.TestCaseExecutor.doExecute(TestCaseExecutor.java:330)
	at com.kms.katalon.core.main.TestCaseExecutor.processExecutionPhase(TestCaseExecutor.java:309)
	at com.kms.katalon.core.main.TestCaseExecutor.accessMainPhase(TestCaseExecutor.java:301)
	at com.kms.katalon.core.main.TestCaseExecutor.execute(TestCaseExecutor.java:235)
	at com.kms.katalon.core.main.TestSuiteExecutor.accessTestCaseMainPhase(TestSuiteExecutor.java:191)
	at com.kms.katalon.core.main.TestSuiteExecutor.accessTestSuiteMainPhase(TestSuiteExecutor.java:141)
	at com.kms.katalon.core.main.TestSuiteExecutor.execute(TestSuiteExecutor.java:90)
	at com.kms.katalon.core.main.TestCaseMain.startTestSuite(TestCaseMain.java:157)
	at com.kms.katalon.core.main.TestCaseMain$startTestSuite$0.call(Unknown Source)
	at TempTestSuite1601324593621.run(TempTestSuite1601324593621.groovy:39)
Caused by: com.kms.katalon.core.webui.exception.WebElementNotFoundException: Web element with id: 'Object Repository/Page_Workgroups  GRiD/a_FG3D' located by '//div[@id='workgroupExportTree']/a[10]' not found
	at com.kms.katalon.core.webui.common.WebUiCommonHelper.findWebElement(WebUiCommonHelper.java:1368)
	at com.kms.katalon.core.webui.keyword.internal.WebUIAbstractKeyword.findWebElement(WebUIAbstractKeyword.groovy:27)
	at com.kms.katalon.core.webui.keyword.internal.WebUIAbstractKeyword.findWebElement(WebUIAbstractKeyword.groovy:26)
	at com.kms.katalon.core.webui.keyword.builtin.ClickKeyword$_click_closure1.doCall(ClickKeyword.groovy:67)
	at com.kms.katalon.core.webui.keyword.builtin.ClickKeyword$_click_closure1.call(ClickKeyword.groovy)
	at com.kms.katalon.core.webui.keyword.internal.WebUIKeywordMain.runKeyword(WebUIKeywordMain.groovy:20)
	at com.kms.katalon.core.webui.keyword.builtin.ClickKeyword.click(ClickKeyword.groovy:76)
	at com.kms.katalon.core.webui.keyword.builtin.ClickKeyword.execute(ClickKeyword.groovy:43)
	at com.kms.katalon.core.keyword.internal.KeywordExecutor.executeKeywordForPlatform(KeywordExecutor.groovy:73)
	at com.kms.katalon.core.webui.keyword.WebUiBuiltInKeywords.click(WebUiBuiltInKeywords.groovy:616)
	at com.kms.katalon.core.webui.keyword.WebUiBuiltInKeywords$click$1.call(Unknown Source)
	at Script1599149155505.run(Script1599149155505.groovy:28)
	... 13 more
)

2020-09-28 23:56:05 - [MESSAGE][INFO] - Unable to find the element located by 'By.xpath: //div[@id='workgroupExportTree']/a[10]'. Please recheck the objects properties to make sure the desired element is located. 

2020-09-28 23:56:05 - [MESSAGE][WARNING] - [SELF-HEALING] Failed to find element with id 'Object Repository/Page_Workgroups  GRiD/a_FG3D'. Try using Self-healing.

2020-09-28 23:56:06 - [MESSAGE][INFO] - [SELF-HEALING] Failed Locator: '//div[@id='workgroupExportTree']/a[10]'.

2020-09-28 23:56:06 - [MESSAGE][INFO] - [SELF-HEALING] Failed Locator: '//a[contains(text(),'FG3D')]'.

2020-09-28 23:56:06 - [MESSAGE][INFO] - [SELF-HEALING] Failed Locator: '(.//*[normalize-space(text()) and normalize-space(.)='DTED2 DTM'])[1]/following::a[1]'.

2020-09-28 23:56:07 - [MESSAGE][INFO] - [SELF-HEALING] Failed Locator: '(.//*[normalize-space(text()) and normalize-space(.)='DTED0 DTM'])[1]/following::a[2]'.

2020-09-28 23:56:07 - [MESSAGE][INFO] - [SELF-HEALING] Failed Locator: '(.//*[normalize-space(text()) and normalize-space(.)='SRT2F DSM'])[1]/preceding::a[1]'.

2020-09-28 23:56:07 - [MESSAGE][INFO] - [SELF-HEALING] Failed Locator: '(.//*[normalize-space(text()) and normalize-space(.)='TDT DSM'])[1]/preceding::a[2]'.

2020-09-28 23:56:08 - [MESSAGE][INFO] - [SELF-HEALING] Failed Locator: '//*/text()[normalize-space(.)='FG3D']/parent::*'.

2020-09-28 23:56:08 - [MESSAGE][INFO] - [SELF-HEALING] Failed Locator: '//a[contains(@href, '/testgrid/export/aoi/36914/')]'.

2020-09-28 23:56:09 - [MESSAGE][INFO] - [SELF-HEALING] Failed Locator: '//div[2]/a[10]'.

2020-09-28 23:56:10 - [MESSAGE][INFO] - Unable to find the element located by 'By.xpath: //*[@href = '/testgrid/export/aoi/36914/' and (text() = '
            FG3D
            
              
              
            
          ' or . = '
            FG3D
            
              
              
            
          ')]'. Please recheck the objects properties to make sure the desired element is located. 

2020-09-28 23:56:11 - [MESSAGE][INFO] - Unable to find the element located by 'By.cssSelector: '. Please recheck the objects properties to make sure the desired element is located. 

2020-09-28 23:56:11 - [MESSAGE][FAILED] - Unable to click on object 'Object Repository/Page_Workgroups  GRiD/a_FG3D' (Root cause: com.kms.katalon.core.exception.StepFailedException: Unable to click on object 'Object Repository/Page_Workgroups  GRiD/a_FG3D'
	at com.kms.katalon.core.webui.keyword.internal.WebUIKeywordMain.stepFailed(WebUIKeywordMain.groovy:64)
	at com.kms.katalon.core.webui.keyword.internal.WebUIKeywordMain.runKeyword(WebUIKeywordMain.groovy:26)
	at com.kms.katalon.core.webui.keyword.builtin.ClickKeyword.click(ClickKeyword.groovy:76)
	at com.kms.katalon.core.webui.keyword.builtin.ClickKeyword.execute(ClickKeyword.groovy:43)
	at com.kms.katalon.core.keyword.internal.KeywordExecutor.executeKeywordForPlatform(KeywordExecutor.groovy:73)
	at com.kms.katalon.core.webui.keyword.WebUiBuiltInKeywords.click(WebUiBuiltInKeywords.groovy:616)
	at com.kms.katalon.core.webui.keyword.WebUiBuiltInKeywords$click$1.call(Unknown Source)
	at FG3D Test - Stragetic.run(FG3D Test - Stragetic:28)
	at com.kms.katalon.core.main.ScriptEngine.run(ScriptEngine.java:194)
	at com.kms.katalon.core.main.ScriptEngine.runScriptAsRawText(ScriptEngine.java:119)
	at com.kms.katalon.core.main.TestCaseExecutor.runScript(TestCaseExecutor.java:339)
	at com.kms.katalon.core.main.TestCaseExecutor.doExecute(TestCaseExecutor.java:330)
	at com.kms.katalon.core.main.TestCaseExecutor.processExecutionPhase(TestCaseExecutor.java:309)
	at com.kms.katalon.core.main.TestCaseExecutor.accessMainPhase(TestCaseExecutor.java:301)
	at com.kms.katalon.core.main.TestCaseExecutor.execute(TestCaseExecutor.java:235)
	at com.kms.katalon.core.main.TestSuiteExecutor.accessTestCaseMainPhase(TestSuiteExecutor.java:191)
	at com.kms.katalon.core.main.TestSuiteExecutor.accessTestSuiteMainPhase(TestSuiteExecutor.java:141)
	at com.kms.katalon.core.main.TestSuiteExecutor.execute(TestSuiteExecutor.java:90)
	at com.kms.katalon.core.main.TestCaseMain.startTestSuite(TestCaseMain.java:157)
	at com.kms.katalon.core.main.TestCaseMain$startTestSuite$0.call(Unknown Source)
	at TempTestSuite1601324593621.run(TempTestSuite1601324593621.groovy:39)
Caused by: com.kms.katalon.core.webui.exception.WebElementNotFoundException: Web element with id: 'Object Repository/Page_Workgroups  GRiD/a_FG3D' located by '//div[@id='workgroupExportTree']/a[10]' not found
	at com.kms.katalon.core.webui.common.WebUiCommonHelper.findWebElement(WebUiCommonHelper.java:1368)
	at com.kms.katalon.core.webui.keyword.internal.WebUIAbstractKeyword.findWebElement(WebUIAbstractKeyword.groovy:27)
	at com.kms.katalon.core.webui.keyword.internal.WebUIAbstractKeyword.findWebElement(WebUIAbstractKeyword.groovy:26)
	at com.kms.katalon.core.webui.keyword.builtin.ClickKeyword$_click_closure1.doCall(ClickKeyword.groovy:67)
	at com.kms.katalon.core.webui.keyword.builtin.ClickKeyword$_click_closure1.call(ClickKeyword.groovy)
	at com.kms.katalon.core.webui.keyword.internal.WebUIKeywordMain.runKeyword(WebUIKeywordMain.groovy:20)
	at com.kms.katalon.core.webui.keyword.builtin.ClickKeyword.click(ClickKeyword.groovy:76)
	at com.kms.katalon.core.webui.keyword.builtin.ClickKeyword.execute(ClickKeyword.groovy:43)
	at com.kms.katalon.core.keyword.internal.KeywordExecutor.executeKeywordForPlatform(KeywordExecutor.groovy:73)
	at com.kms.katalon.core.webui.keyword.WebUiBuiltInKeywords.click(WebUiBuiltInKeywords.groovy:616)
	at com.kms.katalon.core.webui.keyword.WebUiBuiltInKeywords$click$1.call(Unknown Source)
	at Script1599149155505.run(Script1599149155505.groovy:28)
	... 13 more
)
[[ATTACHMENT|/Users/bhavikpatel/Downloads/Projects/CRREL/GRiD/Automation Testing/Automation Testing Project/KatalonTesting/Reports/20200928_162313/GRiD FG3D/20200928_162313/1601351771179.png]]]]></system-out>
         <system-err><![CDATA[2020-09-28 23:54:53 - [TEST_CASE][FAILED] - Test Cases/FG3D/FG3D Test - Stragetic: Test Cases/FG3D/FG3D Test - Stragetic FAILED.
Reason:
com.kms.katalon.core.exception.StepFailedException: Unable to click on object 'Object Repository/Page_Workgroups  GRiD/a_FG3D'
	at com.kms.katalon.core.webui.keyword.internal.WebUIKeywordMain.stepFailed(WebUIKeywordMain.groovy:64)
	at com.kms.katalon.core.webui.keyword.internal.WebUIKeywordMain.runKeyword(WebUIKeywordMain.groovy:26)
	at com.kms.katalon.core.webui.keyword.builtin.ClickKeyword.click(ClickKeyword.groovy:76)
	at com.kms.katalon.core.webui.keyword.builtin.ClickKeyword.execute(ClickKeyword.groovy:43)
	at com.kms.katalon.core.keyword.internal.KeywordExecutor.executeKeywordForPlatform(KeywordExecutor.groovy:73)
	at com.kms.katalon.core.webui.keyword.WebUiBuiltInKeywords.click(WebUiBuiltInKeywords.groovy:616)
	at com.kms.katalon.core.webui.keyword.WebUiBuiltInKeywords$click$1.call(Unknown Source)
	at FG3D Test - Stragetic.run(FG3D Test - Stragetic:28)
	at com.kms.katalon.core.main.ScriptEngine.run(ScriptEngine.java:194)
	at com.kms.katalon.core.main.ScriptEngine.runScriptAsRawText(ScriptEngine.java:119)
	at com.kms.katalon.core.main.TestCaseExecutor.runScript(TestCaseExecutor.java:339)
	at com.kms.katalon.core.main.TestCaseExecutor.doExecute(TestCaseExecutor.java:330)
	at com.kms.katalon.core.main.TestCaseExecutor.processExecutionPhase(TestCaseExecutor.java:309)
	at com.kms.katalon.core.main.TestCaseExecutor.accessMainPhase(TestCaseExecutor.java:301)
	at com.kms.katalon.core.main.TestCaseExecutor.execute(TestCaseExecutor.java:235)
	at com.kms.katalon.core.main.TestSuiteExecutor.accessTestCaseMainPhase(TestSuiteExecutor.java:191)
	at com.kms.katalon.core.main.TestSuiteExecutor.accessTestSuiteMainPhase(TestSuiteExecutor.java:141)
	at com.kms.katalon.core.main.TestSuiteExecutor.execute(TestSuiteExecutor.java:90)
	at com.kms.katalon.core.main.TestCaseMain.startTestSuite(TestCaseMain.java:157)
	at com.kms.katalon.core.main.TestCaseMain$startTestSuite$0.call(Unknown Source)
	at TempTestSuite1601324593621.run(TempTestSuite1601324593621.groovy:39)
Caused by: com.kms.katalon.core.webui.exception.WebElementNotFoundException: Web element with id: 'Object Repository/Page_Workgroups  GRiD/a_FG3D' located by '//div[@id='workgroupExportTree']/a[10]' not found
	at com.kms.katalon.core.webui.common.WebUiCommonHelper.findWebElement(WebUiCommonHelper.java:1368)
	at com.kms.katalon.core.webui.keyword.internal.WebUIAbstractKeyword.findWebElement(WebUIAbstractKeyword.groovy:27)
	at com.kms.katalon.core.webui.keyword.internal.WebUIAbstractKeyword.findWebElement(WebUIAbstractKeyword.groovy:26)
	at com.kms.katalon.core.webui.keyword.builtin.ClickKeyword$_click_closure1.doCall(ClickKeyword.groovy:67)
	at com.kms.katalon.core.webui.keyword.builtin.ClickKeyword$_click_closure1.call(ClickKeyword.groovy)
	at com.kms.katalon.core.webui.keyword.internal.WebUIKeywordMain.runKeyword(WebUIKeywordMain.groovy:20)
	... 19 more]]></system-err>
      </testcase>
      <testcase name="Test Cases/FG3D/FG3D Test - Stragetic" time="76.621" classname="Test Cases/FG3D/FG3D Test - Stragetic" status="FAILED">
         <failure type="FAILED" message="Test Cases/FG3D/FG3D Test - Stragetic FAILED.
Reason:
com.kms.katalon.core.exception.StepFailedException: Unable to click on object 'Object Repository/Page_Workgroups  GRiD/a_FG3D'
	at com.kms.katalon.core.webui.keyword.internal.WebUIKeywordMain.stepFailed(WebUIKeywordMain.groovy:64)
	at com.kms.katalon.core.webui.keyword.internal.WebUIKeywordMain.runKeyword(WebUIKeywordMain.groovy:26)
	at com.kms.katalon.core.webui.keyword.builtin.ClickKeyword.click(ClickKeyword.groovy:76)
	at com.kms.katalon.core.webui.keyword.builtin.ClickKeyword.execute(ClickKeyword.groovy:43)
	at com.kms.katalon.core.keyword.internal.KeywordExecutor.executeKeywordForPlatform(KeywordExecutor.groovy:73)
	at com.kms.katalon.core.webui.keyword.WebUiBuiltInKeywords.click(WebUiBuiltInKeywords.groovy:616)
	at com.kms.katalon.core.webui.keyword.WebUiBuiltInKeywords$click$1.call(Unknown Source)
	at FG3D Test - Stragetic.run(FG3D Test - Stragetic:28)
	at com.kms.katalon.core.main.ScriptEngine.run(ScriptEngine.java:194)
	at com.kms.katalon.core.main.ScriptEngine.runScriptAsRawText(ScriptEngine.java:119)
	at com.kms.katalon.core.main.TestCaseExecutor.runScript(TestCaseExecutor.java:339)
	at com.kms.katalon.core.main.TestCaseExecutor.doExecute(TestCaseExecutor.java:330)
	at com.kms.katalon.core.main.TestCaseExecutor.processExecutionPhase(TestCaseExecutor.java:309)
	at com.kms.katalon.core.main.TestCaseExecutor.accessMainPhase(TestCaseExecutor.java:301)
	at com.kms.katalon.core.main.TestCaseExecutor.execute(TestCaseExecutor.java:235)
	at com.kms.katalon.core.main.TestSuiteExecutor.accessTestCaseMainPhase(TestSuiteExecutor.java:191)
	at com.kms.katalon.core.main.TestSuiteExecutor.accessTestSuiteMainPhase(TestSuiteExecutor.java:141)
	at com.kms.katalon.core.main.TestSuiteExecutor.execute(TestSuiteExecutor.java:90)
	at com.kms.katalon.core.main.TestCaseMain.startTestSuite(TestCaseMain.java:157)
	at com.kms.katalon.core.main.TestCaseMain$startTestSuite$0.call(Unknown Source)
	at TempTestSuite1601324593621.run(TempTestSuite1601324593621.groovy:39)
Caused by: com.kms.katalon.core.webui.exception.WebElementNotFoundException: Web element with id: 'Object Repository/Page_Workgroups  GRiD/a_FG3D' located by '//div[@id='workgroupExportTree']/a[10]' not found
	at com.kms.katalon.core.webui.common.WebUiCommonHelper.findWebElement(WebUiCommonHelper.java:1368)
	at com.kms.katalon.core.webui.keyword.internal.WebUIAbstractKeyword.findWebElement(WebUIAbstractKeyword.groovy:27)
	at com.kms.katalon.core.webui.keyword.internal.WebUIAbstractKeyword.findWebElement(WebUIAbstractKeyword.groovy:26)
	at com.kms.katalon.core.webui.keyword.builtin.ClickKeyword$_click_closure1.doCall(ClickKeyword.groovy:67)
	at com.kms.katalon.core.webui.keyword.builtin.ClickKeyword$_click_closure1.call(ClickKeyword.groovy)
	at com.kms.katalon.core.webui.keyword.internal.WebUIKeywordMain.runKeyword(WebUIKeywordMain.groovy:20)
	... 19 more
"/>
         <system-out><![CDATA[2020-09-28 23:56:11 - [TEST_CASE][FAILED] - Test Cases/FG3D/FG3D Test - Stragetic: Test Cases/FG3D/FG3D Test - Stragetic FAILED.
Reason:
com.kms.katalon.core.exception.StepFailedException: Unable to click on object 'Object Repository/Page_Workgroups  GRiD/a_FG3D'
	at com.kms.katalon.core.webui.keyword.internal.WebUIKeywordMain.stepFailed(WebUIKeywordMain.groovy:64)
	at com.kms.katalon.core.webui.keyword.internal.WebUIKeywordMain.runKeyword(WebUIKeywordMain.groovy:26)
	at com.kms.katalon.core.webui.keyword.builtin.ClickKeyword.click(ClickKeyword.groovy:76)
	at com.kms.katalon.core.webui.keyword.builtin.ClickKeyword.execute(ClickKeyword.groovy:43)
	at com.kms.katalon.core.keyword.internal.KeywordExecutor.executeKeywordForPlatform(KeywordExecutor.groovy:73)
	at com.kms.katalon.core.webui.keyword.WebUiBuiltInKeywords.click(WebUiBuiltInKeywords.groovy:616)
	at com.kms.katalon.core.webui.keyword.WebUiBuiltInKeywords$click$1.call(Unknown Source)
	at FG3D Test - Stragetic.run(FG3D Test - Stragetic:28)
	at com.kms.katalon.core.main.ScriptEngine.run(ScriptEngine.java:194)
	at com.kms.katalon.core.main.ScriptEngine.runScriptAsRawText(ScriptEngine.java:119)
	at com.kms.katalon.core.main.TestCaseExecutor.runScript(TestCaseExecutor.java:339)
	at com.kms.katalon.core.main.TestCaseExecutor.doExecute(TestCaseExecutor.java:330)
	at com.kms.katalon.core.main.TestCaseExecutor.processExecutionPhase(TestCaseExecutor.java:309)
	at com.kms.katalon.core.main.TestCaseExecutor.accessMainPhase(TestCaseExecutor.java:301)
	at com.kms.katalon.core.main.TestCaseExecutor.execute(TestCaseExecutor.java:235)
	at com.kms.katalon.core.main.TestSuiteExecutor.accessTestCaseMainPhase(TestSuiteExecutor.java:191)
	at com.kms.katalon.core.main.TestSuiteExecutor.accessTestSuiteMainPhase(TestSuiteExecutor.java:141)
	at com.kms.katalon.core.main.TestSuiteExecutor.execute(TestSuiteExecutor.java:90)
	at com.kms.katalon.core.main.TestCaseMain.startTestSuite(TestCaseMain.java:157)
	at com.kms.katalon.core.main.TestCaseMain$startTestSuite$0.call(Unknown Source)
	at TempTestSuite1601324593621.run(TempTestSuite1601324593621.groovy:39)
Caused by: com.kms.katalon.core.webui.exception.WebElementNotFoundException: Web element with id: 'Object Repository/Page_Workgroups  GRiD/a_FG3D' located by '//div[@id='workgroupExportTree']/a[10]' not found
	at com.kms.katalon.core.webui.common.WebUiCommonHelper.findWebElement(WebUiCommonHelper.java:1368)
	at com.kms.katalon.core.webui.keyword.internal.WebUIAbstractKeyword.findWebElement(WebUIAbstractKeyword.groovy:27)
	at com.kms.katalon.core.webui.keyword.internal.WebUIAbstractKeyword.findWebElement(WebUIAbstractKeyword.groovy:26)
	at com.kms.katalon.core.webui.keyword.builtin.ClickKeyword$_click_closure1.doCall(ClickKeyword.groovy:67)
	at com.kms.katalon.core.webui.keyword.builtin.ClickKeyword$_click_closure1.call(ClickKeyword.groovy)
	at com.kms.katalon.core.webui.keyword.internal.WebUIKeywordMain.runKeyword(WebUIKeywordMain.groovy:20)
	... 19 more


2020-09-28 23:56:11 - [TEST_STEP][PASSED] - openBrowser(""): Browser is opened with url: ''

2020-09-28 23:56:11 - [MESSAGE][WARNING] - A browser is already opened. Closing browser and opening a new one

2020-09-28 23:56:11 - [MESSAGE][INFO] - Starting 'Chrome' driver

2020-09-28 23:56:11 - [MESSAGE][INFO] - Action delay is set to 0 milliseconds

2020-09-28 23:56:12 - [MESSAGE][PASSED] - Browser is opened with url: ''

2020-09-28 23:56:12 - [TEST_STEP][PASSED] - navigateToUrl("https://grid.nga.mil/testgrid/"): Navigate to 'https://grid.nga.mil/testgrid/' successfully

2020-09-28 23:56:15 - [MESSAGE][PASSED] - Navigate to 'https://grid.nga.mil/testgrid/' successfully

2020-09-28 23:56:15 - [TEST_STEP][PASSED] - click(findTestObject("Page_Home  GRiD/a_CAC  GEOAxIS Login")): Object: 'Object Repository/Page_Home  GRiD/a_CAC  GEOAxIS Login' is clicked on

2020-09-28 23:56:19 - [MESSAGE][PASSED] - Object: 'Object Repository/Page_Home  GRiD/a_CAC  GEOAxIS Login' is clicked on

2020-09-28 23:56:19 - [TEST_STEP][PASSED] - click(findTestObject("Page_Home  GRiD/a_Share")): Object: 'Object Repository/Page_Home  GRiD/a_Share' is clicked on

2020-09-28 23:56:51 - [MESSAGE][INFO] - Unable to find the element located by 'By.xpath: //div[@id='navbarToggle']/ul/li[5]/a'. Please recheck the objects properties to make sure the desired element is located. 

2020-09-28 23:56:51 - [MESSAGE][WARNING] - [SELF-HEALING] Failed to find element with id 'Object Repository/Page_Home  GRiD/a_Share'. Try using Self-healing.

2020-09-28 23:56:51 - [MESSAGE][WARNING] - [SELF-HEALING] The current locator of test object 'Object Repository/Page_Home  GRiD/a_Share' was broken. Propose an alternative one: '//li[5]/a'.

2020-09-28 23:56:51 - [MESSAGE][PASSED] - Object: 'Object Repository/Page_Home  GRiD/a_Share' is clicked on

2020-09-28 23:56:51 - [TEST_STEP][FAILED] - click(findTestObject("Page_Workgroups  GRiD/a_FG3D")): Unable to click on object 'Object Repository/Page_Workgroups  GRiD/a_FG3D' (Root cause: com.kms.katalon.core.exception.StepFailedException: Unable to click on object 'Object Repository/Page_Workgroups  GRiD/a_FG3D'
	at com.kms.katalon.core.webui.keyword.internal.WebUIKeywordMain.stepFailed(WebUIKeywordMain.groovy:64)
	at com.kms.katalon.core.webui.keyword.internal.WebUIKeywordMain.runKeyword(WebUIKeywordMain.groovy:26)
	at com.kms.katalon.core.webui.keyword.builtin.ClickKeyword.click(ClickKeyword.groovy:76)
	at com.kms.katalon.core.webui.keyword.builtin.ClickKeyword.execute(ClickKeyword.groovy:43)
	at com.kms.katalon.core.keyword.internal.KeywordExecutor.executeKeywordForPlatform(KeywordExecutor.groovy:73)
	at com.kms.katalon.core.webui.keyword.WebUiBuiltInKeywords.click(WebUiBuiltInKeywords.groovy:616)
	at com.kms.katalon.core.webui.keyword.WebUiBuiltInKeywords$click$1.call(Unknown Source)
	at FG3D Test - Stragetic.run(FG3D Test - Stragetic:28)
	at com.kms.katalon.core.main.ScriptEngine.run(ScriptEngine.java:194)
	at com.kms.katalon.core.main.ScriptEngine.runScriptAsRawText(ScriptEngine.java:119)
	at com.kms.katalon.core.main.TestCaseExecutor.runScript(TestCaseExecutor.java:339)
	at com.kms.katalon.core.main.TestCaseExecutor.doExecute(TestCaseExecutor.java:330)
	at com.kms.katalon.core.main.TestCaseExecutor.processExecutionPhase(TestCaseExecutor.java:309)
	at com.kms.katalon.core.main.TestCaseExecutor.accessMainPhase(TestCaseExecutor.java:301)
	at com.kms.katalon.core.main.TestCaseExecutor.execute(TestCaseExecutor.java:235)
	at com.kms.katalon.core.main.TestSuiteExecutor.accessTestCaseMainPhase(TestSuiteExecutor.java:191)
	at com.kms.katalon.core.main.TestSuiteExecutor.accessTestSuiteMainPhase(TestSuiteExecutor.java:141)
	at com.kms.katalon.core.main.TestSuiteExecutor.execute(TestSuiteExecutor.java:90)
	at com.kms.katalon.core.main.TestCaseMain.startTestSuite(TestCaseMain.java:157)
	at com.kms.katalon.core.main.TestCaseMain$startTestSuite$0.call(Unknown Source)
	at TempTestSuite1601324593621.run(TempTestSuite1601324593621.groovy:39)
Caused by: com.kms.katalon.core.webui.exception.WebElementNotFoundException: Web element with id: 'Object Repository/Page_Workgroups  GRiD/a_FG3D' located by '//div[@id='workgroupExportTree']/a[10]' not found
	at com.kms.katalon.core.webui.common.WebUiCommonHelper.findWebElement(WebUiCommonHelper.java:1368)
	at com.kms.katalon.core.webui.keyword.internal.WebUIAbstractKeyword.findWebElement(WebUIAbstractKeyword.groovy:27)
	at com.kms.katalon.core.webui.keyword.internal.WebUIAbstractKeyword.findWebElement(WebUIAbstractKeyword.groovy:26)
	at com.kms.katalon.core.webui.keyword.builtin.ClickKeyword$_click_closure1.doCall(ClickKeyword.groovy:67)
	at com.kms.katalon.core.webui.keyword.builtin.ClickKeyword$_click_closure1.call(ClickKeyword.groovy)
	at com.kms.katalon.core.webui.keyword.internal.WebUIKeywordMain.runKeyword(WebUIKeywordMain.groovy:20)
	at com.kms.katalon.core.webui.keyword.builtin.ClickKeyword.click(ClickKeyword.groovy:76)
	at com.kms.katalon.core.webui.keyword.builtin.ClickKeyword.execute(ClickKeyword.groovy:43)
	at com.kms.katalon.core.keyword.internal.KeywordExecutor.executeKeywordForPlatform(KeywordExecutor.groovy:73)
	at com.kms.katalon.core.webui.keyword.WebUiBuiltInKeywords.click(WebUiBuiltInKeywords.groovy:616)
	at com.kms.katalon.core.webui.keyword.WebUiBuiltInKeywords$click$1.call(Unknown Source)
	at Script1599149155505.run(Script1599149155505.groovy:28)
	... 13 more
)

2020-09-28 23:57:22 - [MESSAGE][INFO] - Unable to find the element located by 'By.xpath: //div[@id='workgroupExportTree']/a[10]'. Please recheck the objects properties to make sure the desired element is located. 

2020-09-28 23:57:22 - [MESSAGE][WARNING] - [SELF-HEALING] Failed to find element with id 'Object Repository/Page_Workgroups  GRiD/a_FG3D'. Try using Self-healing.

2020-09-28 23:57:22 - [MESSAGE][INFO] - [SELF-HEALING] Failed Locator: '//div[@id='workgroupExportTree']/a[10]'.

2020-09-28 23:57:23 - [MESSAGE][INFO] - [SELF-HEALING] Failed Locator: '//a[contains(text(),'FG3D')]'.

2020-09-28 23:57:23 - [MESSAGE][INFO] - [SELF-HEALING] Failed Locator: '(.//*[normalize-space(text()) and normalize-space(.)='DTED2 DTM'])[1]/following::a[1]'.

2020-09-28 23:57:23 - [MESSAGE][INFO] - [SELF-HEALING] Failed Locator: '(.//*[normalize-space(text()) and normalize-space(.)='DTED0 DTM'])[1]/following::a[2]'.

2020-09-28 23:57:24 - [MESSAGE][INFO] - [SELF-HEALING] Failed Locator: '(.//*[normalize-space(text()) and normalize-space(.)='SRT2F DSM'])[1]/preceding::a[1]'.

2020-09-28 23:57:24 - [MESSAGE][INFO] - [SELF-HEALING] Failed Locator: '(.//*[normalize-space(text()) and normalize-space(.)='TDT DSM'])[1]/preceding::a[2]'.

2020-09-28 23:57:24 - [MESSAGE][INFO] - [SELF-HEALING] Failed Locator: '//*/text()[normalize-space(.)='FG3D']/parent::*'.

2020-09-28 23:57:25 - [MESSAGE][INFO] - [SELF-HEALING] Failed Locator: '//a[contains(@href, '/testgrid/export/aoi/36914/')]'.

2020-09-28 23:57:25 - [MESSAGE][INFO] - [SELF-HEALING] Failed Locator: '//div[2]/a[10]'.

2020-09-28 23:57:26 - [MESSAGE][INFO] - Unable to find the element located by 'By.xpath: //*[@href = '/testgrid/export/aoi/36914/' and (text() = '
            FG3D
            
              
              
            
          ' or . = '
            FG3D
            
              
              
            
          ')]'. Please recheck the objects properties to make sure the desired element is located. 

2020-09-28 23:57:27 - [MESSAGE][INFO] - Unable to find the element located by 'By.cssSelector: '. Please recheck the objects properties to make sure the desired element is located. 

2020-09-28 23:57:28 - [MESSAGE][FAILED] - Unable to click on object 'Object Repository/Page_Workgroups  GRiD/a_FG3D' (Root cause: com.kms.katalon.core.exception.StepFailedException: Unable to click on object 'Object Repository/Page_Workgroups  GRiD/a_FG3D'
	at com.kms.katalon.core.webui.keyword.internal.WebUIKeywordMain.stepFailed(WebUIKeywordMain.groovy:64)
	at com.kms.katalon.core.webui.keyword.internal.WebUIKeywordMain.runKeyword(WebUIKeywordMain.groovy:26)
	at com.kms.katalon.core.webui.keyword.builtin.ClickKeyword.click(ClickKeyword.groovy:76)
	at com.kms.katalon.core.webui.keyword.builtin.ClickKeyword.execute(ClickKeyword.groovy:43)
	at com.kms.katalon.core.keyword.internal.KeywordExecutor.executeKeywordForPlatform(KeywordExecutor.groovy:73)
	at com.kms.katalon.core.webui.keyword.WebUiBuiltInKeywords.click(WebUiBuiltInKeywords.groovy:616)
	at com.kms.katalon.core.webui.keyword.WebUiBuiltInKeywords$click$1.call(Unknown Source)
	at FG3D Test - Stragetic.run(FG3D Test - Stragetic:28)
	at com.kms.katalon.core.main.ScriptEngine.run(ScriptEngine.java:194)
	at com.kms.katalon.core.main.ScriptEngine.runScriptAsRawText(ScriptEngine.java:119)
	at com.kms.katalon.core.main.TestCaseExecutor.runScript(TestCaseExecutor.java:339)
	at com.kms.katalon.core.main.TestCaseExecutor.doExecute(TestCaseExecutor.java:330)
	at com.kms.katalon.core.main.TestCaseExecutor.processExecutionPhase(TestCaseExecutor.java:309)
	at com.kms.katalon.core.main.TestCaseExecutor.accessMainPhase(TestCaseExecutor.java:301)
	at com.kms.katalon.core.main.TestCaseExecutor.execute(TestCaseExecutor.java:235)
	at com.kms.katalon.core.main.TestSuiteExecutor.accessTestCaseMainPhase(TestSuiteExecutor.java:191)
	at com.kms.katalon.core.main.TestSuiteExecutor.accessTestSuiteMainPhase(TestSuiteExecutor.java:141)
	at com.kms.katalon.core.main.TestSuiteExecutor.execute(TestSuiteExecutor.java:90)
	at com.kms.katalon.core.main.TestCaseMain.startTestSuite(TestCaseMain.java:157)
	at com.kms.katalon.core.main.TestCaseMain$startTestSuite$0.call(Unknown Source)
	at TempTestSuite1601324593621.run(TempTestSuite1601324593621.groovy:39)
Caused by: com.kms.katalon.core.webui.exception.WebElementNotFoundException: Web element with id: 'Object Repository/Page_Workgroups  GRiD/a_FG3D' located by '//div[@id='workgroupExportTree']/a[10]' not found
	at com.kms.katalon.core.webui.common.WebUiCommonHelper.findWebElement(WebUiCommonHelper.java:1368)
	at com.kms.katalon.core.webui.keyword.internal.WebUIAbstractKeyword.findWebElement(WebUIAbstractKeyword.groovy:27)
	at com.kms.katalon.core.webui.keyword.internal.WebUIAbstractKeyword.findWebElement(WebUIAbstractKeyword.groovy:26)
	at com.kms.katalon.core.webui.keyword.builtin.ClickKeyword$_click_closure1.doCall(ClickKeyword.groovy:67)
	at com.kms.katalon.core.webui.keyword.builtin.ClickKeyword$_click_closure1.call(ClickKeyword.groovy)
	at com.kms.katalon.core.webui.keyword.internal.WebUIKeywordMain.runKeyword(WebUIKeywordMain.groovy:20)
	at com.kms.katalon.core.webui.keyword.builtin.ClickKeyword.click(ClickKeyword.groovy:76)
	at com.kms.katalon.core.webui.keyword.builtin.ClickKeyword.execute(ClickKeyword.groovy:43)
	at com.kms.katalon.core.keyword.internal.KeywordExecutor.executeKeywordForPlatform(KeywordExecutor.groovy:73)
	at com.kms.katalon.core.webui.keyword.WebUiBuiltInKeywords.click(WebUiBuiltInKeywords.groovy:616)
	at com.kms.katalon.core.webui.keyword.WebUiBuiltInKeywords$click$1.call(Unknown Source)
	at Script1599149155505.run(Script1599149155505.groovy:28)
	... 13 more
)
[[ATTACHMENT|/Users/bhavikpatel/Downloads/Projects/CRREL/GRiD/Automation Testing/Automation Testing Project/KatalonTesting/Reports/20200928_162313/GRiD FG3D/20200928_162313/1601351847823.png]]]]></system-out>
         <system-err><![CDATA[2020-09-28 23:56:11 - [TEST_CASE][FAILED] - Test Cases/FG3D/FG3D Test - Stragetic: Test Cases/FG3D/FG3D Test - Stragetic FAILED.
Reason:
com.kms.katalon.core.exception.StepFailedException: Unable to click on object 'Object Repository/Page_Workgroups  GRiD/a_FG3D'
	at com.kms.katalon.core.webui.keyword.internal.WebUIKeywordMain.stepFailed(WebUIKeywordMain.groovy:64)
	at com.kms.katalon.core.webui.keyword.internal.WebUIKeywordMain.runKeyword(WebUIKeywordMain.groovy:26)
	at com.kms.katalon.core.webui.keyword.builtin.ClickKeyword.click(ClickKeyword.groovy:76)
	at com.kms.katalon.core.webui.keyword.builtin.ClickKeyword.execute(ClickKeyword.groovy:43)
	at com.kms.katalon.core.keyword.internal.KeywordExecutor.executeKeywordForPlatform(KeywordExecutor.groovy:73)
	at com.kms.katalon.core.webui.keyword.WebUiBuiltInKeywords.click(WebUiBuiltInKeywords.groovy:616)
	at com.kms.katalon.core.webui.keyword.WebUiBuiltInKeywords$click$1.call(Unknown Source)
	at FG3D Test - Stragetic.run(FG3D Test - Stragetic:28)
	at com.kms.katalon.core.main.ScriptEngine.run(ScriptEngine.java:194)
	at com.kms.katalon.core.main.ScriptEngine.runScriptAsRawText(ScriptEngine.java:119)
	at com.kms.katalon.core.main.TestCaseExecutor.runScript(TestCaseExecutor.java:339)
	at com.kms.katalon.core.main.TestCaseExecutor.doExecute(TestCaseExecutor.java:330)
	at com.kms.katalon.core.main.TestCaseExecutor.processExecutionPhase(TestCaseExecutor.java:309)
	at com.kms.katalon.core.main.TestCaseExecutor.accessMainPhase(TestCaseExecutor.java:301)
	at com.kms.katalon.core.main.TestCaseExecutor.execute(TestCaseExecutor.java:235)
	at com.kms.katalon.core.main.TestSuiteExecutor.accessTestCaseMainPhase(TestSuiteExecutor.java:191)
	at com.kms.katalon.core.main.TestSuiteExecutor.accessTestSuiteMainPhase(TestSuiteExecutor.java:141)
	at com.kms.katalon.core.main.TestSuiteExecutor.execute(TestSuiteExecutor.java:90)
	at com.kms.katalon.core.main.TestCaseMain.startTestSuite(TestCaseMain.java:157)
	at com.kms.katalon.core.main.TestCaseMain$startTestSuite$0.call(Unknown Source)
	at TempTestSuite1601324593621.run(TempTestSuite1601324593621.groovy:39)
Caused by: com.kms.katalon.core.webui.exception.WebElementNotFoundException: Web element with id: 'Object Repository/Page_Workgroups  GRiD/a_FG3D' located by '//div[@id='workgroupExportTree']/a[10]' not found
	at com.kms.katalon.core.webui.common.WebUiCommonHelper.findWebElement(WebUiCommonHelper.java:1368)
	at com.kms.katalon.core.webui.keyword.internal.WebUIAbstractKeyword.findWebElement(WebUIAbstractKeyword.groovy:27)
	at com.kms.katalon.core.webui.keyword.internal.WebUIAbstractKeyword.findWebElement(WebUIAbstractKeyword.groovy:26)
	at com.kms.katalon.core.webui.keyword.builtin.ClickKeyword$_click_closure1.doCall(ClickKeyword.groovy:67)
	at com.kms.katalon.core.webui.keyword.builtin.ClickKeyword$_click_closure1.call(ClickKeyword.groovy)
	at com.kms.katalon.core.webui.keyword.internal.WebUIKeywordMain.runKeyword(WebUIKeywordMain.groovy:20)
	... 19 more]]></system-err>
      </testcase>
      <testcase name="Test Cases/FG3D/FG3D Test - Stragetic" time="78.229" classname="Test Cases/FG3D/FG3D Test - Stragetic" status="FAILED">
         <failure type="FAILED" message="Test Cases/FG3D/FG3D Test - Stragetic FAILED.
Reason:
com.kms.katalon.core.exception.StepFailedException: Unable to click on object 'Object Repository/Page_Workgroups  GRiD/a_FG3D'
	at com.kms.katalon.core.webui.keyword.internal.WebUIKeywordMain.stepFailed(WebUIKeywordMain.groovy:64)
	at com.kms.katalon.core.webui.keyword.internal.WebUIKeywordMain.runKeyword(WebUIKeywordMain.groovy:26)
	at com.kms.katalon.core.webui.keyword.builtin.ClickKeyword.click(ClickKeyword.groovy:76)
	at com.kms.katalon.core.webui.keyword.builtin.ClickKeyword.execute(ClickKeyword.groovy:43)
	at com.kms.katalon.core.keyword.internal.KeywordExecutor.executeKeywordForPlatform(KeywordExecutor.groovy:73)
	at com.kms.katalon.core.webui.keyword.WebUiBuiltInKeywords.click(WebUiBuiltInKeywords.groovy:616)
	at com.kms.katalon.core.webui.keyword.WebUiBuiltInKeywords$click$1.call(Unknown Source)
	at FG3D Test - Stragetic.run(FG3D Test - Stragetic:28)
	at com.kms.katalon.core.main.ScriptEngine.run(ScriptEngine.java:194)
	at com.kms.katalon.core.main.ScriptEngine.runScriptAsRawText(ScriptEngine.java:119)
	at com.kms.katalon.core.main.TestCaseExecutor.runScript(TestCaseExecutor.java:339)
	at com.kms.katalon.core.main.TestCaseExecutor.doExecute(TestCaseExecutor.java:330)
	at com.kms.katalon.core.main.TestCaseExecutor.processExecutionPhase(TestCaseExecutor.java:309)
	at com.kms.katalon.core.main.TestCaseExecutor.accessMainPhase(TestCaseExecutor.java:301)
	at com.kms.katalon.core.main.TestCaseExecutor.execute(TestCaseExecutor.java:235)
	at com.kms.katalon.core.main.TestSuiteExecutor.accessTestCaseMainPhase(TestSuiteExecutor.java:191)
	at com.kms.katalon.core.main.TestSuiteExecutor.accessTestSuiteMainPhase(TestSuiteExecutor.java:141)
	at com.kms.katalon.core.main.TestSuiteExecutor.execute(TestSuiteExecutor.java:90)
	at com.kms.katalon.core.main.TestCaseMain.startTestSuite(TestCaseMain.java:157)
	at com.kms.katalon.core.main.TestCaseMain$startTestSuite$0.call(Unknown Source)
	at TempTestSuite1601324593621.run(TempTestSuite1601324593621.groovy:39)
Caused by: com.kms.katalon.core.webui.exception.WebElementNotFoundException: Web element with id: 'Object Repository/Page_Workgroups  GRiD/a_FG3D' located by '//div[@id='workgroupExportTree']/a[10]' not found
	at com.kms.katalon.core.webui.common.WebUiCommonHelper.findWebElement(WebUiCommonHelper.java:1368)
	at com.kms.katalon.core.webui.keyword.internal.WebUIAbstractKeyword.findWebElement(WebUIAbstractKeyword.groovy:27)
	at com.kms.katalon.core.webui.keyword.internal.WebUIAbstractKeyword.findWebElement(WebUIAbstractKeyword.groovy:26)
	at com.kms.katalon.core.webui.keyword.builtin.ClickKeyword$_click_closure1.doCall(ClickKeyword.groovy:67)
	at com.kms.katalon.core.webui.keyword.builtin.ClickKeyword$_click_closure1.call(ClickKeyword.groovy)
	at com.kms.katalon.core.webui.keyword.internal.WebUIKeywordMain.runKeyword(WebUIKeywordMain.groovy:20)
	... 19 more
"/>
         <system-out><![CDATA[2020-09-28 23:57:28 - [TEST_CASE][FAILED] - Test Cases/FG3D/FG3D Test - Stragetic: Test Cases/FG3D/FG3D Test - Stragetic FAILED.
Reason:
com.kms.katalon.core.exception.StepFailedException: Unable to click on object 'Object Repository/Page_Workgroups  GRiD/a_FG3D'
	at com.kms.katalon.core.webui.keyword.internal.WebUIKeywordMain.stepFailed(WebUIKeywordMain.groovy:64)
	at com.kms.katalon.core.webui.keyword.internal.WebUIKeywordMain.runKeyword(WebUIKeywordMain.groovy:26)
	at com.kms.katalon.core.webui.keyword.builtin.ClickKeyword.click(ClickKeyword.groovy:76)
	at com.kms.katalon.core.webui.keyword.builtin.ClickKeyword.execute(ClickKeyword.groovy:43)
	at com.kms.katalon.core.keyword.internal.KeywordExecutor.executeKeywordForPlatform(KeywordExecutor.groovy:73)
	at com.kms.katalon.core.webui.keyword.WebUiBuiltInKeywords.click(WebUiBuiltInKeywords.groovy:616)
	at com.kms.katalon.core.webui.keyword.WebUiBuiltInKeywords$click$1.call(Unknown Source)
	at FG3D Test - Stragetic.run(FG3D Test - Stragetic:28)
	at com.kms.katalon.core.main.ScriptEngine.run(ScriptEngine.java:194)
	at com.kms.katalon.core.main.ScriptEngine.runScriptAsRawText(ScriptEngine.java:119)
	at com.kms.katalon.core.main.TestCaseExecutor.runScript(TestCaseExecutor.java:339)
	at com.kms.katalon.core.main.TestCaseExecutor.doExecute(TestCaseExecutor.java:330)
	at com.kms.katalon.core.main.TestCaseExecutor.processExecutionPhase(TestCaseExecutor.java:309)
	at com.kms.katalon.core.main.TestCaseExecutor.accessMainPhase(TestCaseExecutor.java:301)
	at com.kms.katalon.core.main.TestCaseExecutor.execute(TestCaseExecutor.java:235)
	at com.kms.katalon.core.main.TestSuiteExecutor.accessTestCaseMainPhase(TestSuiteExecutor.java:191)
	at com.kms.katalon.core.main.TestSuiteExecutor.accessTestSuiteMainPhase(TestSuiteExecutor.java:141)
	at com.kms.katalon.core.main.TestSuiteExecutor.execute(TestSuiteExecutor.java:90)
	at com.kms.katalon.core.main.TestCaseMain.startTestSuite(TestCaseMain.java:157)
	at com.kms.katalon.core.main.TestCaseMain$startTestSuite$0.call(Unknown Source)
	at TempTestSuite1601324593621.run(TempTestSuite1601324593621.groovy:39)
Caused by: com.kms.katalon.core.webui.exception.WebElementNotFoundException: Web element with id: 'Object Repository/Page_Workgroups  GRiD/a_FG3D' located by '//div[@id='workgroupExportTree']/a[10]' not found
	at com.kms.katalon.core.webui.common.WebUiCommonHelper.findWebElement(WebUiCommonHelper.java:1368)
	at com.kms.katalon.core.webui.keyword.internal.WebUIAbstractKeyword.findWebElement(WebUIAbstractKeyword.groovy:27)
	at com.kms.katalon.core.webui.keyword.internal.WebUIAbstractKeyword.findWebElement(WebUIAbstractKeyword.groovy:26)
	at com.kms.katalon.core.webui.keyword.builtin.ClickKeyword$_click_closure1.doCall(ClickKeyword.groovy:67)
	at com.kms.katalon.core.webui.keyword.builtin.ClickKeyword$_click_closure1.call(ClickKeyword.groovy)
	at com.kms.katalon.core.webui.keyword.internal.WebUIKeywordMain.runKeyword(WebUIKeywordMain.groovy:20)
	... 19 more


2020-09-28 23:57:28 - [TEST_STEP][PASSED] - openBrowser(""): Browser is opened with url: ''

2020-09-28 23:57:28 - [MESSAGE][WARNING] - A browser is already opened. Closing browser and opening a new one

2020-09-28 23:57:28 - [MESSAGE][INFO] - Starting 'Chrome' driver

2020-09-28 23:57:28 - [MESSAGE][INFO] - Action delay is set to 0 milliseconds

2020-09-28 23:57:29 - [MESSAGE][PASSED] - Browser is opened with url: ''

2020-09-28 23:57:29 - [TEST_STEP][PASSED] - navigateToUrl("https://grid.nga.mil/testgrid/"): Navigate to 'https://grid.nga.mil/testgrid/' successfully

2020-09-28 23:57:33 - [MESSAGE][PASSED] - Navigate to 'https://grid.nga.mil/testgrid/' successfully

2020-09-28 23:57:33 - [TEST_STEP][PASSED] - click(findTestObject("Page_Home  GRiD/a_CAC  GEOAxIS Login")): Object: 'Object Repository/Page_Home  GRiD/a_CAC  GEOAxIS Login' is clicked on

2020-09-28 23:57:38 - [MESSAGE][PASSED] - Object: 'Object Repository/Page_Home  GRiD/a_CAC  GEOAxIS Login' is clicked on

2020-09-28 23:57:38 - [TEST_STEP][PASSED] - click(findTestObject("Page_Home  GRiD/a_Share")): Object: 'Object Repository/Page_Home  GRiD/a_Share' is clicked on

2020-09-28 23:58:09 - [MESSAGE][INFO] - Unable to find the element located by 'By.xpath: //div[@id='navbarToggle']/ul/li[5]/a'. Please recheck the objects properties to make sure the desired element is located. 

2020-09-28 23:58:09 - [MESSAGE][WARNING] - [SELF-HEALING] Failed to find element with id 'Object Repository/Page_Home  GRiD/a_Share'. Try using Self-healing.

2020-09-28 23:58:09 - [MESSAGE][WARNING] - [SELF-HEALING] The current locator of test object 'Object Repository/Page_Home  GRiD/a_Share' was broken. Propose an alternative one: '//li[5]/a'.

2020-09-28 23:58:10 - [MESSAGE][PASSED] - Object: 'Object Repository/Page_Home  GRiD/a_Share' is clicked on

2020-09-28 23:58:10 - [TEST_STEP][FAILED] - click(findTestObject("Page_Workgroups  GRiD/a_FG3D")): Unable to click on object 'Object Repository/Page_Workgroups  GRiD/a_FG3D' (Root cause: com.kms.katalon.core.exception.StepFailedException: Unable to click on object 'Object Repository/Page_Workgroups  GRiD/a_FG3D'
	at com.kms.katalon.core.webui.keyword.internal.WebUIKeywordMain.stepFailed(WebUIKeywordMain.groovy:64)
	at com.kms.katalon.core.webui.keyword.internal.WebUIKeywordMain.runKeyword(WebUIKeywordMain.groovy:26)
	at com.kms.katalon.core.webui.keyword.builtin.ClickKeyword.click(ClickKeyword.groovy:76)
	at com.kms.katalon.core.webui.keyword.builtin.ClickKeyword.execute(ClickKeyword.groovy:43)
	at com.kms.katalon.core.keyword.internal.KeywordExecutor.executeKeywordForPlatform(KeywordExecutor.groovy:73)
	at com.kms.katalon.core.webui.keyword.WebUiBuiltInKeywords.click(WebUiBuiltInKeywords.groovy:616)
	at com.kms.katalon.core.webui.keyword.WebUiBuiltInKeywords$click$1.call(Unknown Source)
	at FG3D Test - Stragetic.run(FG3D Test - Stragetic:28)
	at com.kms.katalon.core.main.ScriptEngine.run(ScriptEngine.java:194)
	at com.kms.katalon.core.main.ScriptEngine.runScriptAsRawText(ScriptEngine.java:119)
	at com.kms.katalon.core.main.TestCaseExecutor.runScript(TestCaseExecutor.java:339)
	at com.kms.katalon.core.main.TestCaseExecutor.doExecute(TestCaseExecutor.java:330)
	at com.kms.katalon.core.main.TestCaseExecutor.processExecutionPhase(TestCaseExecutor.java:309)
	at com.kms.katalon.core.main.TestCaseExecutor.accessMainPhase(TestCaseExecutor.java:301)
	at com.kms.katalon.core.main.TestCaseExecutor.execute(TestCaseExecutor.java:235)
	at com.kms.katalon.core.main.TestSuiteExecutor.accessTestCaseMainPhase(TestSuiteExecutor.java:191)
	at com.kms.katalon.core.main.TestSuiteExecutor.accessTestSuiteMainPhase(TestSuiteExecutor.java:141)
	at com.kms.katalon.core.main.TestSuiteExecutor.execute(TestSuiteExecutor.java:90)
	at com.kms.katalon.core.main.TestCaseMain.startTestSuite(TestCaseMain.java:157)
	at com.kms.katalon.core.main.TestCaseMain$startTestSuite$0.call(Unknown Source)
	at TempTestSuite1601324593621.run(TempTestSuite1601324593621.groovy:39)
Caused by: com.kms.katalon.core.webui.exception.WebElementNotFoundException: Web element with id: 'Object Repository/Page_Workgroups  GRiD/a_FG3D' located by '//div[@id='workgroupExportTree']/a[10]' not found
	at com.kms.katalon.core.webui.common.WebUiCommonHelper.findWebElement(WebUiCommonHelper.java:1368)
	at com.kms.katalon.core.webui.keyword.internal.WebUIAbstractKeyword.findWebElement(WebUIAbstractKeyword.groovy:27)
	at com.kms.katalon.core.webui.keyword.internal.WebUIAbstractKeyword.findWebElement(WebUIAbstractKeyword.groovy:26)
	at com.kms.katalon.core.webui.keyword.builtin.ClickKeyword$_click_closure1.doCall(ClickKeyword.groovy:67)
	at com.kms.katalon.core.webui.keyword.builtin.ClickKeyword$_click_closure1.call(ClickKeyword.groovy)
	at com.kms.katalon.core.webui.keyword.internal.WebUIKeywordMain.runKeyword(WebUIKeywordMain.groovy:20)
	at com.kms.katalon.core.webui.keyword.builtin.ClickKeyword.click(ClickKeyword.groovy:76)
	at com.kms.katalon.core.webui.keyword.builtin.ClickKeyword.execute(ClickKeyword.groovy:43)
	at com.kms.katalon.core.keyword.internal.KeywordExecutor.executeKeywordForPlatform(KeywordExecutor.groovy:73)
	at com.kms.katalon.core.webui.keyword.WebUiBuiltInKeywords.click(WebUiBuiltInKeywords.groovy:616)
	at com.kms.katalon.core.webui.keyword.WebUiBuiltInKeywords$click$1.call(Unknown Source)
	at Script1599149155505.run(Script1599149155505.groovy:28)
	... 13 more
)

2020-09-28 23:58:41 - [MESSAGE][INFO] - Unable to find the element located by 'By.xpath: //div[@id='workgroupExportTree']/a[10]'. Please recheck the objects properties to make sure the desired element is located. 

2020-09-28 23:58:41 - [MESSAGE][WARNING] - [SELF-HEALING] Failed to find element with id 'Object Repository/Page_Workgroups  GRiD/a_FG3D'. Try using Self-healing.

2020-09-28 23:58:41 - [MESSAGE][INFO] - [SELF-HEALING] Failed Locator: '//div[@id='workgroupExportTree']/a[10]'.

2020-09-28 23:58:41 - [MESSAGE][INFO] - [SELF-HEALING] Failed Locator: '//a[contains(text(),'FG3D')]'.

2020-09-28 23:58:41 - [MESSAGE][INFO] - [SELF-HEALING] Failed Locator: '(.//*[normalize-space(text()) and normalize-space(.)='DTED2 DTM'])[1]/following::a[1]'.

2020-09-28 23:58:42 - [MESSAGE][INFO] - [SELF-HEALING] Failed Locator: '(.//*[normalize-space(text()) and normalize-space(.)='DTED0 DTM'])[1]/following::a[2]'.

2020-09-28 23:58:42 - [MESSAGE][INFO] - [SELF-HEALING] Failed Locator: '(.//*[normalize-space(text()) and normalize-space(.)='SRT2F DSM'])[1]/preceding::a[1]'.

2020-09-28 23:58:42 - [MESSAGE][INFO] - [SELF-HEALING] Failed Locator: '(.//*[normalize-space(text()) and normalize-space(.)='TDT DSM'])[1]/preceding::a[2]'.

2020-09-28 23:58:43 - [MESSAGE][INFO] - [SELF-HEALING] Failed Locator: '//*/text()[normalize-space(.)='FG3D']/parent::*'.

2020-09-28 23:58:43 - [MESSAGE][INFO] - [SELF-HEALING] Failed Locator: '//a[contains(@href, '/testgrid/export/aoi/36914/')]'.

2020-09-28 23:58:43 - [MESSAGE][INFO] - [SELF-HEALING] Failed Locator: '//div[2]/a[10]'.

2020-09-28 23:58:44 - [MESSAGE][INFO] - Unable to find the element located by 'By.xpath: //*[@href = '/testgrid/export/aoi/36914/' and (text() = '
            FG3D
            
              
              
            
          ' or . = '
            FG3D
            
              
              
            
          ')]'. Please recheck the objects properties to make sure the desired element is located. 

2020-09-28 23:58:46 - [MESSAGE][INFO] - Unable to find the element located by 'By.cssSelector: '. Please recheck the objects properties to make sure the desired element is located. 

2020-09-28 23:58:46 - [MESSAGE][FAILED] - Unable to click on object 'Object Repository/Page_Workgroups  GRiD/a_FG3D' (Root cause: com.kms.katalon.core.exception.StepFailedException: Unable to click on object 'Object Repository/Page_Workgroups  GRiD/a_FG3D'
	at com.kms.katalon.core.webui.keyword.internal.WebUIKeywordMain.stepFailed(WebUIKeywordMain.groovy:64)
	at com.kms.katalon.core.webui.keyword.internal.WebUIKeywordMain.runKeyword(WebUIKeywordMain.groovy:26)
	at com.kms.katalon.core.webui.keyword.builtin.ClickKeyword.click(ClickKeyword.groovy:76)
	at com.kms.katalon.core.webui.keyword.builtin.ClickKeyword.execute(ClickKeyword.groovy:43)
	at com.kms.katalon.core.keyword.internal.KeywordExecutor.executeKeywordForPlatform(KeywordExecutor.groovy:73)
	at com.kms.katalon.core.webui.keyword.WebUiBuiltInKeywords.click(WebUiBuiltInKeywords.groovy:616)
	at com.kms.katalon.core.webui.keyword.WebUiBuiltInKeywords$click$1.call(Unknown Source)
	at FG3D Test - Stragetic.run(FG3D Test - Stragetic:28)
	at com.kms.katalon.core.main.ScriptEngine.run(ScriptEngine.java:194)
	at com.kms.katalon.core.main.ScriptEngine.runScriptAsRawText(ScriptEngine.java:119)
	at com.kms.katalon.core.main.TestCaseExecutor.runScript(TestCaseExecutor.java:339)
	at com.kms.katalon.core.main.TestCaseExecutor.doExecute(TestCaseExecutor.java:330)
	at com.kms.katalon.core.main.TestCaseExecutor.processExecutionPhase(TestCaseExecutor.java:309)
	at com.kms.katalon.core.main.TestCaseExecutor.accessMainPhase(TestCaseExecutor.java:301)
	at com.kms.katalon.core.main.TestCaseExecutor.execute(TestCaseExecutor.java:235)
	at com.kms.katalon.core.main.TestSuiteExecutor.accessTestCaseMainPhase(TestSuiteExecutor.java:191)
	at com.kms.katalon.core.main.TestSuiteExecutor.accessTestSuiteMainPhase(TestSuiteExecutor.java:141)
	at com.kms.katalon.core.main.TestSuiteExecutor.execute(TestSuiteExecutor.java:90)
	at com.kms.katalon.core.main.TestCaseMain.startTestSuite(TestCaseMain.java:157)
	at com.kms.katalon.core.main.TestCaseMain$startTestSuite$0.call(Unknown Source)
	at TempTestSuite1601324593621.run(TempTestSuite1601324593621.groovy:39)
Caused by: com.kms.katalon.core.webui.exception.WebElementNotFoundException: Web element with id: 'Object Repository/Page_Workgroups  GRiD/a_FG3D' located by '//div[@id='workgroupExportTree']/a[10]' not found
	at com.kms.katalon.core.webui.common.WebUiCommonHelper.findWebElement(WebUiCommonHelper.java:1368)
	at com.kms.katalon.core.webui.keyword.internal.WebUIAbstractKeyword.findWebElement(WebUIAbstractKeyword.groovy:27)
	at com.kms.katalon.core.webui.keyword.internal.WebUIAbstractKeyword.findWebElement(WebUIAbstractKeyword.groovy:26)
	at com.kms.katalon.core.webui.keyword.builtin.ClickKeyword$_click_closure1.doCall(ClickKeyword.groovy:67)
	at com.kms.katalon.core.webui.keyword.builtin.ClickKeyword$_click_closure1.call(ClickKeyword.groovy)
	at com.kms.katalon.core.webui.keyword.internal.WebUIKeywordMain.runKeyword(WebUIKeywordMain.groovy:20)
	at com.kms.katalon.core.webui.keyword.builtin.ClickKeyword.click(ClickKeyword.groovy:76)
	at com.kms.katalon.core.webui.keyword.builtin.ClickKeyword.execute(ClickKeyword.groovy:43)
	at com.kms.katalon.core.keyword.internal.KeywordExecutor.executeKeywordForPlatform(KeywordExecutor.groovy:73)
	at com.kms.katalon.core.webui.keyword.WebUiBuiltInKeywords.click(WebUiBuiltInKeywords.groovy:616)
	at com.kms.katalon.core.webui.keyword.WebUiBuiltInKeywords$click$1.call(Unknown Source)
	at Script1599149155505.run(Script1599149155505.groovy:28)
	... 13 more
)
[[ATTACHMENT|/Users/bhavikpatel/Downloads/Projects/CRREL/GRiD/Automation Testing/Automation Testing Project/KatalonTesting/Reports/20200928_162313/GRiD FG3D/20200928_162313/1601351926048.png]]]]></system-out>
         <system-err><![CDATA[2020-09-28 23:57:28 - [TEST_CASE][FAILED] - Test Cases/FG3D/FG3D Test - Stragetic: Test Cases/FG3D/FG3D Test - Stragetic FAILED.
Reason:
com.kms.katalon.core.exception.StepFailedException: Unable to click on object 'Object Repository/Page_Workgroups  GRiD/a_FG3D'
	at com.kms.katalon.core.webui.keyword.internal.WebUIKeywordMain.stepFailed(WebUIKeywordMain.groovy:64)
	at com.kms.katalon.core.webui.keyword.internal.WebUIKeywordMain.runKeyword(WebUIKeywordMain.groovy:26)
	at com.kms.katalon.core.webui.keyword.builtin.ClickKeyword.click(ClickKeyword.groovy:76)
	at com.kms.katalon.core.webui.keyword.builtin.ClickKeyword.execute(ClickKeyword.groovy:43)
	at com.kms.katalon.core.keyword.internal.KeywordExecutor.executeKeywordForPlatform(KeywordExecutor.groovy:73)
	at com.kms.katalon.core.webui.keyword.WebUiBuiltInKeywords.click(WebUiBuiltInKeywords.groovy:616)
	at com.kms.katalon.core.webui.keyword.WebUiBuiltInKeywords$click$1.call(Unknown Source)
	at FG3D Test - Stragetic.run(FG3D Test - Stragetic:28)
	at com.kms.katalon.core.main.ScriptEngine.run(ScriptEngine.java:194)
	at com.kms.katalon.core.main.ScriptEngine.runScriptAsRawText(ScriptEngine.java:119)
	at com.kms.katalon.core.main.TestCaseExecutor.runScript(TestCaseExecutor.java:339)
	at com.kms.katalon.core.main.TestCaseExecutor.doExecute(TestCaseExecutor.java:330)
	at com.kms.katalon.core.main.TestCaseExecutor.processExecutionPhase(TestCaseExecutor.java:309)
	at com.kms.katalon.core.main.TestCaseExecutor.accessMainPhase(TestCaseExecutor.java:301)
	at com.kms.katalon.core.main.TestCaseExecutor.execute(TestCaseExecutor.java:235)
	at com.kms.katalon.core.main.TestSuiteExecutor.accessTestCaseMainPhase(TestSuiteExecutor.java:191)
	at com.kms.katalon.core.main.TestSuiteExecutor.accessTestSuiteMainPhase(TestSuiteExecutor.java:141)
	at com.kms.katalon.core.main.TestSuiteExecutor.execute(TestSuiteExecutor.java:90)
	at com.kms.katalon.core.main.TestCaseMain.startTestSuite(TestCaseMain.java:157)
	at com.kms.katalon.core.main.TestCaseMain$startTestSuite$0.call(Unknown Source)
	at TempTestSuite1601324593621.run(TempTestSuite1601324593621.groovy:39)
Caused by: com.kms.katalon.core.webui.exception.WebElementNotFoundException: Web element with id: 'Object Repository/Page_Workgroups  GRiD/a_FG3D' located by '//div[@id='workgroupExportTree']/a[10]' not found
	at com.kms.katalon.core.webui.common.WebUiCommonHelper.findWebElement(WebUiCommonHelper.java:1368)
	at com.kms.katalon.core.webui.keyword.internal.WebUIAbstractKeyword.findWebElement(WebUIAbstractKeyword.groovy:27)
	at com.kms.katalon.core.webui.keyword.internal.WebUIAbstractKeyword.findWebElement(WebUIAbstractKeyword.groovy:26)
	at com.kms.katalon.core.webui.keyword.builtin.ClickKeyword$_click_closure1.doCall(ClickKeyword.groovy:67)
	at com.kms.katalon.core.webui.keyword.builtin.ClickKeyword$_click_closure1.call(ClickKeyword.groovy)
	at com.kms.katalon.core.webui.keyword.internal.WebUIKeywordMain.runKeyword(WebUIKeywordMain.groovy:20)
	... 19 more]]></system-err>
      </testcase>
      <testcase name="Test Cases/FG3D/FG3D Test - Stragetic" time="78.469" classname="Test Cases/FG3D/FG3D Test - Stragetic" status="FAILED">
         <failure type="FAILED" message="Test Cases/FG3D/FG3D Test - Stragetic FAILED.
Reason:
com.kms.katalon.core.exception.StepFailedException: Unable to click on object 'Object Repository/Page_Workgroups  GRiD/a_FG3D'
	at com.kms.katalon.core.webui.keyword.internal.WebUIKeywordMain.stepFailed(WebUIKeywordMain.groovy:64)
	at com.kms.katalon.core.webui.keyword.internal.WebUIKeywordMain.runKeyword(WebUIKeywordMain.groovy:26)
	at com.kms.katalon.core.webui.keyword.builtin.ClickKeyword.click(ClickKeyword.groovy:76)
	at com.kms.katalon.core.webui.keyword.builtin.ClickKeyword.execute(ClickKeyword.groovy:43)
	at com.kms.katalon.core.keyword.internal.KeywordExecutor.executeKeywordForPlatform(KeywordExecutor.groovy:73)
	at com.kms.katalon.core.webui.keyword.WebUiBuiltInKeywords.click(WebUiBuiltInKeywords.groovy:616)
	at com.kms.katalon.core.webui.keyword.WebUiBuiltInKeywords$click$1.call(Unknown Source)
	at FG3D Test - Stragetic.run(FG3D Test - Stragetic:28)
	at com.kms.katalon.core.main.ScriptEngine.run(ScriptEngine.java:194)
	at com.kms.katalon.core.main.ScriptEngine.runScriptAsRawText(ScriptEngine.java:119)
	at com.kms.katalon.core.main.TestCaseExecutor.runScript(TestCaseExecutor.java:339)
	at com.kms.katalon.core.main.TestCaseExecutor.doExecute(TestCaseExecutor.java:330)
	at com.kms.katalon.core.main.TestCaseExecutor.processExecutionPhase(TestCaseExecutor.java:309)
	at com.kms.katalon.core.main.TestCaseExecutor.accessMainPhase(TestCaseExecutor.java:301)
	at com.kms.katalon.core.main.TestCaseExecutor.execute(TestCaseExecutor.java:235)
	at com.kms.katalon.core.main.TestSuiteExecutor.accessTestCaseMainPhase(TestSuiteExecutor.java:191)
	at com.kms.katalon.core.main.TestSuiteExecutor.accessTestSuiteMainPhase(TestSuiteExecutor.java:141)
	at com.kms.katalon.core.main.TestSuiteExecutor.execute(TestSuiteExecutor.java:90)
	at com.kms.katalon.core.main.TestCaseMain.startTestSuite(TestCaseMain.java:157)
	at com.kms.katalon.core.main.TestCaseMain$startTestSuite$0.call(Unknown Source)
	at TempTestSuite1601324593621.run(TempTestSuite1601324593621.groovy:39)
Caused by: com.kms.katalon.core.webui.exception.WebElementNotFoundException: Web element with id: 'Object Repository/Page_Workgroups  GRiD/a_FG3D' located by '//div[@id='workgroupExportTree']/a[10]' not found
	at com.kms.katalon.core.webui.common.WebUiCommonHelper.findWebElement(WebUiCommonHelper.java:1368)
	at com.kms.katalon.core.webui.keyword.internal.WebUIAbstractKeyword.findWebElement(WebUIAbstractKeyword.groovy:27)
	at com.kms.katalon.core.webui.keyword.internal.WebUIAbstractKeyword.findWebElement(WebUIAbstractKeyword.groovy:26)
	at com.kms.katalon.core.webui.keyword.builtin.ClickKeyword$_click_closure1.doCall(ClickKeyword.groovy:67)
	at com.kms.katalon.core.webui.keyword.builtin.ClickKeyword$_click_closure1.call(ClickKeyword.groovy)
	at com.kms.katalon.core.webui.keyword.internal.WebUIKeywordMain.runKeyword(WebUIKeywordMain.groovy:20)
	... 19 more
"/>
         <system-out><![CDATA[2020-09-28 23:58:46 - [TEST_CASE][FAILED] - Test Cases/FG3D/FG3D Test - Stragetic: Test Cases/FG3D/FG3D Test - Stragetic FAILED.
Reason:
com.kms.katalon.core.exception.StepFailedException: Unable to click on object 'Object Repository/Page_Workgroups  GRiD/a_FG3D'
	at com.kms.katalon.core.webui.keyword.internal.WebUIKeywordMain.stepFailed(WebUIKeywordMain.groovy:64)
	at com.kms.katalon.core.webui.keyword.internal.WebUIKeywordMain.runKeyword(WebUIKeywordMain.groovy:26)
	at com.kms.katalon.core.webui.keyword.builtin.ClickKeyword.click(ClickKeyword.groovy:76)
	at com.kms.katalon.core.webui.keyword.builtin.ClickKeyword.execute(ClickKeyword.groovy:43)
	at com.kms.katalon.core.keyword.internal.KeywordExecutor.executeKeywordForPlatform(KeywordExecutor.groovy:73)
	at com.kms.katalon.core.webui.keyword.WebUiBuiltInKeywords.click(WebUiBuiltInKeywords.groovy:616)
	at com.kms.katalon.core.webui.keyword.WebUiBuiltInKeywords$click$1.call(Unknown Source)
	at FG3D Test - Stragetic.run(FG3D Test - Stragetic:28)
	at com.kms.katalon.core.main.ScriptEngine.run(ScriptEngine.java:194)
	at com.kms.katalon.core.main.ScriptEngine.runScriptAsRawText(ScriptEngine.java:119)
	at com.kms.katalon.core.main.TestCaseExecutor.runScript(TestCaseExecutor.java:339)
	at com.kms.katalon.core.main.TestCaseExecutor.doExecute(TestCaseExecutor.java:330)
	at com.kms.katalon.core.main.TestCaseExecutor.processExecutionPhase(TestCaseExecutor.java:309)
	at com.kms.katalon.core.main.TestCaseExecutor.accessMainPhase(TestCaseExecutor.java:301)
	at com.kms.katalon.core.main.TestCaseExecutor.execute(TestCaseExecutor.java:235)
	at com.kms.katalon.core.main.TestSuiteExecutor.accessTestCaseMainPhase(TestSuiteExecutor.java:191)
	at com.kms.katalon.core.main.TestSuiteExecutor.accessTestSuiteMainPhase(TestSuiteExecutor.java:141)
	at com.kms.katalon.core.main.TestSuiteExecutor.execute(TestSuiteExecutor.java:90)
	at com.kms.katalon.core.main.TestCaseMain.startTestSuite(TestCaseMain.java:157)
	at com.kms.katalon.core.main.TestCaseMain$startTestSuite$0.call(Unknown Source)
	at TempTestSuite1601324593621.run(TempTestSuite1601324593621.groovy:39)
Caused by: com.kms.katalon.core.webui.exception.WebElementNotFoundException: Web element with id: 'Object Repository/Page_Workgroups  GRiD/a_FG3D' located by '//div[@id='workgroupExportTree']/a[10]' not found
	at com.kms.katalon.core.webui.common.WebUiCommonHelper.findWebElement(WebUiCommonHelper.java:1368)
	at com.kms.katalon.core.webui.keyword.internal.WebUIAbstractKeyword.findWebElement(WebUIAbstractKeyword.groovy:27)
	at com.kms.katalon.core.webui.keyword.internal.WebUIAbstractKeyword.findWebElement(WebUIAbstractKeyword.groovy:26)
	at com.kms.katalon.core.webui.keyword.builtin.ClickKeyword$_click_closure1.doCall(ClickKeyword.groovy:67)
	at com.kms.katalon.core.webui.keyword.builtin.ClickKeyword$_click_closure1.call(ClickKeyword.groovy)
	at com.kms.katalon.core.webui.keyword.internal.WebUIKeywordMain.runKeyword(WebUIKeywordMain.groovy:20)
	... 19 more


2020-09-28 23:58:46 - [TEST_STEP][PASSED] - openBrowser(""): Browser is opened with url: ''

2020-09-28 23:58:46 - [MESSAGE][WARNING] - A browser is already opened. Closing browser and opening a new one

2020-09-28 23:58:46 - [MESSAGE][INFO] - Starting 'Chrome' driver

2020-09-28 23:58:46 - [MESSAGE][INFO] - Action delay is set to 0 milliseconds

2020-09-28 23:58:47 - [MESSAGE][PASSED] - Browser is opened with url: ''

2020-09-28 23:58:47 - [TEST_STEP][PASSED] - navigateToUrl("https://grid.nga.mil/testgrid/"): Navigate to 'https://grid.nga.mil/testgrid/' successfully

2020-09-28 23:58:51 - [MESSAGE][PASSED] - Navigate to 'https://grid.nga.mil/testgrid/' successfully

2020-09-28 23:58:51 - [TEST_STEP][PASSED] - click(findTestObject("Page_Home  GRiD/a_CAC  GEOAxIS Login")): Object: 'Object Repository/Page_Home  GRiD/a_CAC  GEOAxIS Login' is clicked on

2020-09-28 23:58:56 - [MESSAGE][PASSED] - Object: 'Object Repository/Page_Home  GRiD/a_CAC  GEOAxIS Login' is clicked on

2020-09-28 23:58:56 - [TEST_STEP][PASSED] - click(findTestObject("Page_Home  GRiD/a_Share")): Object: 'Object Repository/Page_Home  GRiD/a_Share' is clicked on

2020-09-28 23:59:27 - [MESSAGE][INFO] - Unable to find the element located by 'By.xpath: //div[@id='navbarToggle']/ul/li[5]/a'. Please recheck the objects properties to make sure the desired element is located. 

2020-09-28 23:59:27 - [MESSAGE][WARNING] - [SELF-HEALING] Failed to find element with id 'Object Repository/Page_Home  GRiD/a_Share'. Try using Self-healing.

2020-09-28 23:59:28 - [MESSAGE][WARNING] - [SELF-HEALING] The current locator of test object 'Object Repository/Page_Home  GRiD/a_Share' was broken. Propose an alternative one: '//li[5]/a'.

2020-09-28 23:59:28 - [MESSAGE][PASSED] - Object: 'Object Repository/Page_Home  GRiD/a_Share' is clicked on

2020-09-28 23:59:28 - [TEST_STEP][FAILED] - click(findTestObject("Page_Workgroups  GRiD/a_FG3D")): Unable to click on object 'Object Repository/Page_Workgroups  GRiD/a_FG3D' (Root cause: com.kms.katalon.core.exception.StepFailedException: Unable to click on object 'Object Repository/Page_Workgroups  GRiD/a_FG3D'
	at com.kms.katalon.core.webui.keyword.internal.WebUIKeywordMain.stepFailed(WebUIKeywordMain.groovy:64)
	at com.kms.katalon.core.webui.keyword.internal.WebUIKeywordMain.runKeyword(WebUIKeywordMain.groovy:26)
	at com.kms.katalon.core.webui.keyword.builtin.ClickKeyword.click(ClickKeyword.groovy:76)
	at com.kms.katalon.core.webui.keyword.builtin.ClickKeyword.execute(ClickKeyword.groovy:43)
	at com.kms.katalon.core.keyword.internal.KeywordExecutor.executeKeywordForPlatform(KeywordExecutor.groovy:73)
	at com.kms.katalon.core.webui.keyword.WebUiBuiltInKeywords.click(WebUiBuiltInKeywords.groovy:616)
	at com.kms.katalon.core.webui.keyword.WebUiBuiltInKeywords$click$1.call(Unknown Source)
	at FG3D Test - Stragetic.run(FG3D Test - Stragetic:28)
	at com.kms.katalon.core.main.ScriptEngine.run(ScriptEngine.java:194)
	at com.kms.katalon.core.main.ScriptEngine.runScriptAsRawText(ScriptEngine.java:119)
	at com.kms.katalon.core.main.TestCaseExecutor.runScript(TestCaseExecutor.java:339)
	at com.kms.katalon.core.main.TestCaseExecutor.doExecute(TestCaseExecutor.java:330)
	at com.kms.katalon.core.main.TestCaseExecutor.processExecutionPhase(TestCaseExecutor.java:309)
	at com.kms.katalon.core.main.TestCaseExecutor.accessMainPhase(TestCaseExecutor.java:301)
	at com.kms.katalon.core.main.TestCaseExecutor.execute(TestCaseExecutor.java:235)
	at com.kms.katalon.core.main.TestSuiteExecutor.accessTestCaseMainPhase(TestSuiteExecutor.java:191)
	at com.kms.katalon.core.main.TestSuiteExecutor.accessTestSuiteMainPhase(TestSuiteExecutor.java:141)
	at com.kms.katalon.core.main.TestSuiteExecutor.execute(TestSuiteExecutor.java:90)
	at com.kms.katalon.core.main.TestCaseMain.startTestSuite(TestCaseMain.java:157)
	at com.kms.katalon.core.main.TestCaseMain$startTestSuite$0.call(Unknown Source)
	at TempTestSuite1601324593621.run(TempTestSuite1601324593621.groovy:39)
Caused by: com.kms.katalon.core.webui.exception.WebElementNotFoundException: Web element with id: 'Object Repository/Page_Workgroups  GRiD/a_FG3D' located by '//div[@id='workgroupExportTree']/a[10]' not found
	at com.kms.katalon.core.webui.common.WebUiCommonHelper.findWebElement(WebUiCommonHelper.java:1368)
	at com.kms.katalon.core.webui.keyword.internal.WebUIAbstractKeyword.findWebElement(WebUIAbstractKeyword.groovy:27)
	at com.kms.katalon.core.webui.keyword.internal.WebUIAbstractKeyword.findWebElement(WebUIAbstractKeyword.groovy:26)
	at com.kms.katalon.core.webui.keyword.builtin.ClickKeyword$_click_closure1.doCall(ClickKeyword.groovy:67)
	at com.kms.katalon.core.webui.keyword.builtin.ClickKeyword$_click_closure1.call(ClickKeyword.groovy)
	at com.kms.katalon.core.webui.keyword.internal.WebUIKeywordMain.runKeyword(WebUIKeywordMain.groovy:20)
	at com.kms.katalon.core.webui.keyword.builtin.ClickKeyword.click(ClickKeyword.groovy:76)
	at com.kms.katalon.core.webui.keyword.builtin.ClickKeyword.execute(ClickKeyword.groovy:43)
	at com.kms.katalon.core.keyword.internal.KeywordExecutor.executeKeywordForPlatform(KeywordExecutor.groovy:73)
	at com.kms.katalon.core.webui.keyword.WebUiBuiltInKeywords.click(WebUiBuiltInKeywords.groovy:616)
	at com.kms.katalon.core.webui.keyword.WebUiBuiltInKeywords$click$1.call(Unknown Source)
	at Script1599149155505.run(Script1599149155505.groovy:28)
	... 13 more
)

2020-09-28 23:59:59 - [MESSAGE][INFO] - Unable to find the element located by 'By.xpath: //div[@id='workgroupExportTree']/a[10]'. Please recheck the objects properties to make sure the desired element is located. 

2020-09-28 23:59:59 - [MESSAGE][WARNING] - [SELF-HEALING] Failed to find element with id 'Object Repository/Page_Workgroups  GRiD/a_FG3D'. Try using Self-healing.

2020-09-28 23:59:59 - [MESSAGE][INFO] - [SELF-HEALING] Failed Locator: '//div[@id='workgroupExportTree']/a[10]'.

2020-09-29 00:00:00 - [MESSAGE][INFO] - [SELF-HEALING] Failed Locator: '//a[contains(text(),'FG3D')]'.

2020-09-29 00:00:00 - [MESSAGE][INFO] - [SELF-HEALING] Failed Locator: '(.//*[normalize-space(text()) and normalize-space(.)='DTED2 DTM'])[1]/following::a[1]'.

2020-09-29 00:00:00 - [MESSAGE][INFO] - [SELF-HEALING] Failed Locator: '(.//*[normalize-space(text()) and normalize-space(.)='DTED0 DTM'])[1]/following::a[2]'.

2020-09-29 00:00:01 - [MESSAGE][INFO] - [SELF-HEALING] Failed Locator: '(.//*[normalize-space(text()) and normalize-space(.)='SRT2F DSM'])[1]/preceding::a[1]'.

2020-09-29 00:00:01 - [MESSAGE][INFO] - [SELF-HEALING] Failed Locator: '(.//*[normalize-space(text()) and normalize-space(.)='TDT DSM'])[1]/preceding::a[2]'.

2020-09-29 00:00:01 - [MESSAGE][INFO] - [SELF-HEALING] Failed Locator: '//*/text()[normalize-space(.)='FG3D']/parent::*'.

2020-09-29 00:00:02 - [MESSAGE][INFO] - [SELF-HEALING] Failed Locator: '//a[contains(@href, '/testgrid/export/aoi/36914/')]'.

2020-09-29 00:00:02 - [MESSAGE][INFO] - [SELF-HEALING] Failed Locator: '//div[2]/a[10]'.

2020-09-29 00:00:03 - [MESSAGE][INFO] - Unable to find the element located by 'By.xpath: //*[@href = '/testgrid/export/aoi/36914/' and (text() = '
            FG3D
            
              
              
            
          ' or . = '
            FG3D
            
              
              
            
          ')]'. Please recheck the objects properties to make sure the desired element is located. 

2020-09-29 00:00:04 - [MESSAGE][INFO] - Unable to find the element located by 'By.cssSelector: '. Please recheck the objects properties to make sure the desired element is located. 

2020-09-29 00:00:04 - [MESSAGE][FAILED] - Unable to click on object 'Object Repository/Page_Workgroups  GRiD/a_FG3D' (Root cause: com.kms.katalon.core.exception.StepFailedException: Unable to click on object 'Object Repository/Page_Workgroups  GRiD/a_FG3D'
	at com.kms.katalon.core.webui.keyword.internal.WebUIKeywordMain.stepFailed(WebUIKeywordMain.groovy:64)
	at com.kms.katalon.core.webui.keyword.internal.WebUIKeywordMain.runKeyword(WebUIKeywordMain.groovy:26)
	at com.kms.katalon.core.webui.keyword.builtin.ClickKeyword.click(ClickKeyword.groovy:76)
	at com.kms.katalon.core.webui.keyword.builtin.ClickKeyword.execute(ClickKeyword.groovy:43)
	at com.kms.katalon.core.keyword.internal.KeywordExecutor.executeKeywordForPlatform(KeywordExecutor.groovy:73)
	at com.kms.katalon.core.webui.keyword.WebUiBuiltInKeywords.click(WebUiBuiltInKeywords.groovy:616)
	at com.kms.katalon.core.webui.keyword.WebUiBuiltInKeywords$click$1.call(Unknown Source)
	at FG3D Test - Stragetic.run(FG3D Test - Stragetic:28)
	at com.kms.katalon.core.main.ScriptEngine.run(ScriptEngine.java:194)
	at com.kms.katalon.core.main.ScriptEngine.runScriptAsRawText(ScriptEngine.java:119)
	at com.kms.katalon.core.main.TestCaseExecutor.runScript(TestCaseExecutor.java:339)
	at com.kms.katalon.core.main.TestCaseExecutor.doExecute(TestCaseExecutor.java:330)
	at com.kms.katalon.core.main.TestCaseExecutor.processExecutionPhase(TestCaseExecutor.java:309)
	at com.kms.katalon.core.main.TestCaseExecutor.accessMainPhase(TestCaseExecutor.java:301)
	at com.kms.katalon.core.main.TestCaseExecutor.execute(TestCaseExecutor.java:235)
	at com.kms.katalon.core.main.TestSuiteExecutor.accessTestCaseMainPhase(TestSuiteExecutor.java:191)
	at com.kms.katalon.core.main.TestSuiteExecutor.accessTestSuiteMainPhase(TestSuiteExecutor.java:141)
	at com.kms.katalon.core.main.TestSuiteExecutor.execute(TestSuiteExecutor.java:90)
	at com.kms.katalon.core.main.TestCaseMain.startTestSuite(TestCaseMain.java:157)
	at com.kms.katalon.core.main.TestCaseMain$startTestSuite$0.call(Unknown Source)
	at TempTestSuite1601324593621.run(TempTestSuite1601324593621.groovy:39)
Caused by: com.kms.katalon.core.webui.exception.WebElementNotFoundException: Web element with id: 'Object Repository/Page_Workgroups  GRiD/a_FG3D' located by '//div[@id='workgroupExportTree']/a[10]' not found
	at com.kms.katalon.core.webui.common.WebUiCommonHelper.findWebElement(WebUiCommonHelper.java:1368)
	at com.kms.katalon.core.webui.keyword.internal.WebUIAbstractKeyword.findWebElement(WebUIAbstractKeyword.groovy:27)
	at com.kms.katalon.core.webui.keyword.internal.WebUIAbstractKeyword.findWebElement(WebUIAbstractKeyword.groovy:26)
	at com.kms.katalon.core.webui.keyword.builtin.ClickKeyword$_click_closure1.doCall(ClickKeyword.groovy:67)
	at com.kms.katalon.core.webui.keyword.builtin.ClickKeyword$_click_closure1.call(ClickKeyword.groovy)
	at com.kms.katalon.core.webui.keyword.internal.WebUIKeywordMain.runKeyword(WebUIKeywordMain.groovy:20)
	at com.kms.katalon.core.webui.keyword.builtin.ClickKeyword.click(ClickKeyword.groovy:76)
	at com.kms.katalon.core.webui.keyword.builtin.ClickKeyword.execute(ClickKeyword.groovy:43)
	at com.kms.katalon.core.keyword.internal.KeywordExecutor.executeKeywordForPlatform(KeywordExecutor.groovy:73)
	at com.kms.katalon.core.webui.keyword.WebUiBuiltInKeywords.click(WebUiBuiltInKeywords.groovy:616)
	at com.kms.katalon.core.webui.keyword.WebUiBuiltInKeywords$click$1.call(Unknown Source)
	at Script1599149155505.run(Script1599149155505.groovy:28)
	... 13 more
)
[[ATTACHMENT|/Users/bhavikpatel/Downloads/Projects/CRREL/GRiD/Automation Testing/Automation Testing Project/KatalonTesting/Reports/20200928_162313/GRiD FG3D/20200928_162313/1601352004553.png]]]]></system-out>
         <system-err><![CDATA[2020-09-28 23:58:46 - [TEST_CASE][FAILED] - Test Cases/FG3D/FG3D Test - Stragetic: Test Cases/FG3D/FG3D Test - Stragetic FAILED.
Reason:
com.kms.katalon.core.exception.StepFailedException: Unable to click on object 'Object Repository/Page_Workgroups  GRiD/a_FG3D'
	at com.kms.katalon.core.webui.keyword.internal.WebUIKeywordMain.stepFailed(WebUIKeywordMain.groovy:64)
	at com.kms.katalon.core.webui.keyword.internal.WebUIKeywordMain.runKeyword(WebUIKeywordMain.groovy:26)
	at com.kms.katalon.core.webui.keyword.builtin.ClickKeyword.click(ClickKeyword.groovy:76)
	at com.kms.katalon.core.webui.keyword.builtin.ClickKeyword.execute(ClickKeyword.groovy:43)
	at com.kms.katalon.core.keyword.internal.KeywordExecutor.executeKeywordForPlatform(KeywordExecutor.groovy:73)
	at com.kms.katalon.core.webui.keyword.WebUiBuiltInKeywords.click(WebUiBuiltInKeywords.groovy:616)
	at com.kms.katalon.core.webui.keyword.WebUiBuiltInKeywords$click$1.call(Unknown Source)
	at FG3D Test - Stragetic.run(FG3D Test - Stragetic:28)
	at com.kms.katalon.core.main.ScriptEngine.run(ScriptEngine.java:194)
	at com.kms.katalon.core.main.ScriptEngine.runScriptAsRawText(ScriptEngine.java:119)
	at com.kms.katalon.core.main.TestCaseExecutor.runScript(TestCaseExecutor.java:339)
	at com.kms.katalon.core.main.TestCaseExecutor.doExecute(TestCaseExecutor.java:330)
	at com.kms.katalon.core.main.TestCaseExecutor.processExecutionPhase(TestCaseExecutor.java:309)
	at com.kms.katalon.core.main.TestCaseExecutor.accessMainPhase(TestCaseExecutor.java:301)
	at com.kms.katalon.core.main.TestCaseExecutor.execute(TestCaseExecutor.java:235)
	at com.kms.katalon.core.main.TestSuiteExecutor.accessTestCaseMainPhase(TestSuiteExecutor.java:191)
	at com.kms.katalon.core.main.TestSuiteExecutor.accessTestSuiteMainPhase(TestSuiteExecutor.java:141)
	at com.kms.katalon.core.main.TestSuiteExecutor.execute(TestSuiteExecutor.java:90)
	at com.kms.katalon.core.main.TestCaseMain.startTestSuite(TestCaseMain.java:157)
	at com.kms.katalon.core.main.TestCaseMain$startTestSuite$0.call(Unknown Source)
	at TempTestSuite1601324593621.run(TempTestSuite1601324593621.groovy:39)
Caused by: com.kms.katalon.core.webui.exception.WebElementNotFoundException: Web element with id: 'Object Repository/Page_Workgroups  GRiD/a_FG3D' located by '//div[@id='workgroupExportTree']/a[10]' not found
	at com.kms.katalon.core.webui.common.WebUiCommonHelper.findWebElement(WebUiCommonHelper.java:1368)
	at com.kms.katalon.core.webui.keyword.internal.WebUIAbstractKeyword.findWebElement(WebUIAbstractKeyword.groovy:27)
	at com.kms.katalon.core.webui.keyword.internal.WebUIAbstractKeyword.findWebElement(WebUIAbstractKeyword.groovy:26)
	at com.kms.katalon.core.webui.keyword.builtin.ClickKeyword$_click_closure1.doCall(ClickKeyword.groovy:67)
	at com.kms.katalon.core.webui.keyword.builtin.ClickKeyword$_click_closure1.call(ClickKeyword.groovy)
	at com.kms.katalon.core.webui.keyword.internal.WebUIKeywordMain.runKeyword(WebUIKeywordMain.groovy:20)
	... 19 more]]></system-err>
      </testcase>
      <testcase name="Test Cases/FG3D/FG3D Test - Stragetic" time="77.95" classname="Test Cases/FG3D/FG3D Test - Stragetic" status="FAILED">
         <failure type="FAILED" message="Test Cases/FG3D/FG3D Test - Stragetic FAILED.
Reason:
com.kms.katalon.core.exception.StepFailedException: Unable to click on object 'Object Repository/Page_Workgroups  GRiD/a_FG3D'
	at com.kms.katalon.core.webui.keyword.internal.WebUIKeywordMain.stepFailed(WebUIKeywordMain.groovy:64)
	at com.kms.katalon.core.webui.keyword.internal.WebUIKeywordMain.runKeyword(WebUIKeywordMain.groovy:26)
	at com.kms.katalon.core.webui.keyword.builtin.ClickKeyword.click(ClickKeyword.groovy:76)
	at com.kms.katalon.core.webui.keyword.builtin.ClickKeyword.execute(ClickKeyword.groovy:43)
	at com.kms.katalon.core.keyword.internal.KeywordExecutor.executeKeywordForPlatform(KeywordExecutor.groovy:73)
	at com.kms.katalon.core.webui.keyword.WebUiBuiltInKeywords.click(WebUiBuiltInKeywords.groovy:616)
	at com.kms.katalon.core.webui.keyword.WebUiBuiltInKeywords$click$1.call(Unknown Source)
	at FG3D Test - Stragetic.run(FG3D Test - Stragetic:28)
	at com.kms.katalon.core.main.ScriptEngine.run(ScriptEngine.java:194)
	at com.kms.katalon.core.main.ScriptEngine.runScriptAsRawText(ScriptEngine.java:119)
	at com.kms.katalon.core.main.TestCaseExecutor.runScript(TestCaseExecutor.java:339)
	at com.kms.katalon.core.main.TestCaseExecutor.doExecute(TestCaseExecutor.java:330)
	at com.kms.katalon.core.main.TestCaseExecutor.processExecutionPhase(TestCaseExecutor.java:309)
	at com.kms.katalon.core.main.TestCaseExecutor.accessMainPhase(TestCaseExecutor.java:301)
	at com.kms.katalon.core.main.TestCaseExecutor.execute(TestCaseExecutor.java:235)
	at com.kms.katalon.core.main.TestSuiteExecutor.accessTestCaseMainPhase(TestSuiteExecutor.java:191)
	at com.kms.katalon.core.main.TestSuiteExecutor.accessTestSuiteMainPhase(TestSuiteExecutor.java:141)
	at com.kms.katalon.core.main.TestSuiteExecutor.execute(TestSuiteExecutor.java:90)
	at com.kms.katalon.core.main.TestCaseMain.startTestSuite(TestCaseMain.java:157)
	at com.kms.katalon.core.main.TestCaseMain$startTestSuite$0.call(Unknown Source)
	at TempTestSuite1601324593621.run(TempTestSuite1601324593621.groovy:39)
Caused by: com.kms.katalon.core.webui.exception.WebElementNotFoundException: Web element with id: 'Object Repository/Page_Workgroups  GRiD/a_FG3D' located by '//div[@id='workgroupExportTree']/a[10]' not found
	at com.kms.katalon.core.webui.common.WebUiCommonHelper.findWebElement(WebUiCommonHelper.java:1368)
	at com.kms.katalon.core.webui.keyword.internal.WebUIAbstractKeyword.findWebElement(WebUIAbstractKeyword.groovy:27)
	at com.kms.katalon.core.webui.keyword.internal.WebUIAbstractKeyword.findWebElement(WebUIAbstractKeyword.groovy:26)
	at com.kms.katalon.core.webui.keyword.builtin.ClickKeyword$_click_closure1.doCall(ClickKeyword.groovy:67)
	at com.kms.katalon.core.webui.keyword.builtin.ClickKeyword$_click_closure1.call(ClickKeyword.groovy)
	at com.kms.katalon.core.webui.keyword.internal.WebUIKeywordMain.runKeyword(WebUIKeywordMain.groovy:20)
	... 19 more
"/>
         <system-out><![CDATA[2020-09-29 00:00:04 - [TEST_CASE][FAILED] - Test Cases/FG3D/FG3D Test - Stragetic: Test Cases/FG3D/FG3D Test - Stragetic FAILED.
Reason:
com.kms.katalon.core.exception.StepFailedException: Unable to click on object 'Object Repository/Page_Workgroups  GRiD/a_FG3D'
	at com.kms.katalon.core.webui.keyword.internal.WebUIKeywordMain.stepFailed(WebUIKeywordMain.groovy:64)
	at com.kms.katalon.core.webui.keyword.internal.WebUIKeywordMain.runKeyword(WebUIKeywordMain.groovy:26)
	at com.kms.katalon.core.webui.keyword.builtin.ClickKeyword.click(ClickKeyword.groovy:76)
	at com.kms.katalon.core.webui.keyword.builtin.ClickKeyword.execute(ClickKeyword.groovy:43)
	at com.kms.katalon.core.keyword.internal.KeywordExecutor.executeKeywordForPlatform(KeywordExecutor.groovy:73)
	at com.kms.katalon.core.webui.keyword.WebUiBuiltInKeywords.click(WebUiBuiltInKeywords.groovy:616)
	at com.kms.katalon.core.webui.keyword.WebUiBuiltInKeywords$click$1.call(Unknown Source)
	at FG3D Test - Stragetic.run(FG3D Test - Stragetic:28)
	at com.kms.katalon.core.main.ScriptEngine.run(ScriptEngine.java:194)
	at com.kms.katalon.core.main.ScriptEngine.runScriptAsRawText(ScriptEngine.java:119)
	at com.kms.katalon.core.main.TestCaseExecutor.runScript(TestCaseExecutor.java:339)
	at com.kms.katalon.core.main.TestCaseExecutor.doExecute(TestCaseExecutor.java:330)
	at com.kms.katalon.core.main.TestCaseExecutor.processExecutionPhase(TestCaseExecutor.java:309)
	at com.kms.katalon.core.main.TestCaseExecutor.accessMainPhase(TestCaseExecutor.java:301)
	at com.kms.katalon.core.main.TestCaseExecutor.execute(TestCaseExecutor.java:235)
	at com.kms.katalon.core.main.TestSuiteExecutor.accessTestCaseMainPhase(TestSuiteExecutor.java:191)
	at com.kms.katalon.core.main.TestSuiteExecutor.accessTestSuiteMainPhase(TestSuiteExecutor.java:141)
	at com.kms.katalon.core.main.TestSuiteExecutor.execute(TestSuiteExecutor.java:90)
	at com.kms.katalon.core.main.TestCaseMain.startTestSuite(TestCaseMain.java:157)
	at com.kms.katalon.core.main.TestCaseMain$startTestSuite$0.call(Unknown Source)
	at TempTestSuite1601324593621.run(TempTestSuite1601324593621.groovy:39)
Caused by: com.kms.katalon.core.webui.exception.WebElementNotFoundException: Web element with id: 'Object Repository/Page_Workgroups  GRiD/a_FG3D' located by '//div[@id='workgroupExportTree']/a[10]' not found
	at com.kms.katalon.core.webui.common.WebUiCommonHelper.findWebElement(WebUiCommonHelper.java:1368)
	at com.kms.katalon.core.webui.keyword.internal.WebUIAbstractKeyword.findWebElement(WebUIAbstractKeyword.groovy:27)
	at com.kms.katalon.core.webui.keyword.internal.WebUIAbstractKeyword.findWebElement(WebUIAbstractKeyword.groovy:26)
	at com.kms.katalon.core.webui.keyword.builtin.ClickKeyword$_click_closure1.doCall(ClickKeyword.groovy:67)
	at com.kms.katalon.core.webui.keyword.builtin.ClickKeyword$_click_closure1.call(ClickKeyword.groovy)
	at com.kms.katalon.core.webui.keyword.internal.WebUIKeywordMain.runKeyword(WebUIKeywordMain.groovy:20)
	... 19 more


2020-09-29 00:00:04 - [TEST_STEP][PASSED] - openBrowser(""): Browser is opened with url: ''

2020-09-29 00:00:04 - [MESSAGE][WARNING] - A browser is already opened. Closing browser and opening a new one

2020-09-29 00:00:05 - [MESSAGE][INFO] - Starting 'Chrome' driver

2020-09-29 00:00:05 - [MESSAGE][INFO] - Action delay is set to 0 milliseconds

2020-09-29 00:00:05 - [MESSAGE][PASSED] - Browser is opened with url: ''

2020-09-29 00:00:05 - [TEST_STEP][PASSED] - navigateToUrl("https://grid.nga.mil/testgrid/"): Navigate to 'https://grid.nga.mil/testgrid/' successfully

2020-09-29 00:00:09 - [MESSAGE][PASSED] - Navigate to 'https://grid.nga.mil/testgrid/' successfully

2020-09-29 00:00:09 - [TEST_STEP][PASSED] - click(findTestObject("Page_Home  GRiD/a_CAC  GEOAxIS Login")): Object: 'Object Repository/Page_Home  GRiD/a_CAC  GEOAxIS Login' is clicked on

2020-09-29 00:00:15 - [MESSAGE][PASSED] - Object: 'Object Repository/Page_Home  GRiD/a_CAC  GEOAxIS Login' is clicked on

2020-09-29 00:00:15 - [TEST_STEP][PASSED] - click(findTestObject("Page_Home  GRiD/a_Share")): Object: 'Object Repository/Page_Home  GRiD/a_Share' is clicked on

2020-09-29 00:00:46 - [MESSAGE][INFO] - Unable to find the element located by 'By.xpath: //div[@id='navbarToggle']/ul/li[5]/a'. Please recheck the objects properties to make sure the desired element is located. 

2020-09-29 00:00:46 - [MESSAGE][WARNING] - [SELF-HEALING] Failed to find element with id 'Object Repository/Page_Home  GRiD/a_Share'. Try using Self-healing.

2020-09-29 00:00:46 - [MESSAGE][WARNING] - [SELF-HEALING] The current locator of test object 'Object Repository/Page_Home  GRiD/a_Share' was broken. Propose an alternative one: '//li[5]/a'.

2020-09-29 00:00:46 - [MESSAGE][PASSED] - Object: 'Object Repository/Page_Home  GRiD/a_Share' is clicked on

2020-09-29 00:00:46 - [TEST_STEP][FAILED] - click(findTestObject("Page_Workgroups  GRiD/a_FG3D")): Unable to click on object 'Object Repository/Page_Workgroups  GRiD/a_FG3D' (Root cause: com.kms.katalon.core.exception.StepFailedException: Unable to click on object 'Object Repository/Page_Workgroups  GRiD/a_FG3D'
	at com.kms.katalon.core.webui.keyword.internal.WebUIKeywordMain.stepFailed(WebUIKeywordMain.groovy:64)
	at com.kms.katalon.core.webui.keyword.internal.WebUIKeywordMain.runKeyword(WebUIKeywordMain.groovy:26)
	at com.kms.katalon.core.webui.keyword.builtin.ClickKeyword.click(ClickKeyword.groovy:76)
	at com.kms.katalon.core.webui.keyword.builtin.ClickKeyword.execute(ClickKeyword.groovy:43)
	at com.kms.katalon.core.keyword.internal.KeywordExecutor.executeKeywordForPlatform(KeywordExecutor.groovy:73)
	at com.kms.katalon.core.webui.keyword.WebUiBuiltInKeywords.click(WebUiBuiltInKeywords.groovy:616)
	at com.kms.katalon.core.webui.keyword.WebUiBuiltInKeywords$click$1.call(Unknown Source)
	at FG3D Test - Stragetic.run(FG3D Test - Stragetic:28)
	at com.kms.katalon.core.main.ScriptEngine.run(ScriptEngine.java:194)
	at com.kms.katalon.core.main.ScriptEngine.runScriptAsRawText(ScriptEngine.java:119)
	at com.kms.katalon.core.main.TestCaseExecutor.runScript(TestCaseExecutor.java:339)
	at com.kms.katalon.core.main.TestCaseExecutor.doExecute(TestCaseExecutor.java:330)
	at com.kms.katalon.core.main.TestCaseExecutor.processExecutionPhase(TestCaseExecutor.java:309)
	at com.kms.katalon.core.main.TestCaseExecutor.accessMainPhase(TestCaseExecutor.java:301)
	at com.kms.katalon.core.main.TestCaseExecutor.execute(TestCaseExecutor.java:235)
	at com.kms.katalon.core.main.TestSuiteExecutor.accessTestCaseMainPhase(TestSuiteExecutor.java:191)
	at com.kms.katalon.core.main.TestSuiteExecutor.accessTestSuiteMainPhase(TestSuiteExecutor.java:141)
	at com.kms.katalon.core.main.TestSuiteExecutor.execute(TestSuiteExecutor.java:90)
	at com.kms.katalon.core.main.TestCaseMain.startTestSuite(TestCaseMain.java:157)
	at com.kms.katalon.core.main.TestCaseMain$startTestSuite$0.call(Unknown Source)
	at TempTestSuite1601324593621.run(TempTestSuite1601324593621.groovy:39)
Caused by: com.kms.katalon.core.webui.exception.WebElementNotFoundException: Web element with id: 'Object Repository/Page_Workgroups  GRiD/a_FG3D' located by '//div[@id='workgroupExportTree']/a[10]' not found
	at com.kms.katalon.core.webui.common.WebUiCommonHelper.findWebElement(WebUiCommonHelper.java:1368)
	at com.kms.katalon.core.webui.keyword.internal.WebUIAbstractKeyword.findWebElement(WebUIAbstractKeyword.groovy:27)
	at com.kms.katalon.core.webui.keyword.internal.WebUIAbstractKeyword.findWebElement(WebUIAbstractKeyword.groovy:26)
	at com.kms.katalon.core.webui.keyword.builtin.ClickKeyword$_click_closure1.doCall(ClickKeyword.groovy:67)
	at com.kms.katalon.core.webui.keyword.builtin.ClickKeyword$_click_closure1.call(ClickKeyword.groovy)
	at com.kms.katalon.core.webui.keyword.internal.WebUIKeywordMain.runKeyword(WebUIKeywordMain.groovy:20)
	at com.kms.katalon.core.webui.keyword.builtin.ClickKeyword.click(ClickKeyword.groovy:76)
	at com.kms.katalon.core.webui.keyword.builtin.ClickKeyword.execute(ClickKeyword.groovy:43)
	at com.kms.katalon.core.keyword.internal.KeywordExecutor.executeKeywordForPlatform(KeywordExecutor.groovy:73)
	at com.kms.katalon.core.webui.keyword.WebUiBuiltInKeywords.click(WebUiBuiltInKeywords.groovy:616)
	at com.kms.katalon.core.webui.keyword.WebUiBuiltInKeywords$click$1.call(Unknown Source)
	at Script1599149155505.run(Script1599149155505.groovy:28)
	... 13 more
)

2020-09-29 00:01:17 - [MESSAGE][INFO] - Unable to find the element located by 'By.xpath: //div[@id='workgroupExportTree']/a[10]'. Please recheck the objects properties to make sure the desired element is located. 

2020-09-29 00:01:17 - [MESSAGE][WARNING] - [SELF-HEALING] Failed to find element with id 'Object Repository/Page_Workgroups  GRiD/a_FG3D'. Try using Self-healing.

2020-09-29 00:01:17 - [MESSAGE][INFO] - [SELF-HEALING] Failed Locator: '//div[@id='workgroupExportTree']/a[10]'.

2020-09-29 00:01:18 - [MESSAGE][INFO] - [SELF-HEALING] Failed Locator: '//a[contains(text(),'FG3D')]'.

2020-09-29 00:01:18 - [MESSAGE][INFO] - [SELF-HEALING] Failed Locator: '(.//*[normalize-space(text()) and normalize-space(.)='DTED2 DTM'])[1]/following::a[1]'.

2020-09-29 00:01:18 - [MESSAGE][INFO] - [SELF-HEALING] Failed Locator: '(.//*[normalize-space(text()) and normalize-space(.)='DTED0 DTM'])[1]/following::a[2]'.

2020-09-29 00:01:19 - [MESSAGE][INFO] - [SELF-HEALING] Failed Locator: '(.//*[normalize-space(text()) and normalize-space(.)='SRT2F DSM'])[1]/preceding::a[1]'.

2020-09-29 00:01:19 - [MESSAGE][INFO] - [SELF-HEALING] Failed Locator: '(.//*[normalize-space(text()) and normalize-space(.)='TDT DSM'])[1]/preceding::a[2]'.

2020-09-29 00:01:19 - [MESSAGE][INFO] - [SELF-HEALING] Failed Locator: '//*/text()[normalize-space(.)='FG3D']/parent::*'.

2020-09-29 00:01:20 - [MESSAGE][INFO] - [SELF-HEALING] Failed Locator: '//a[contains(@href, '/testgrid/export/aoi/36914/')]'.

2020-09-29 00:01:20 - [MESSAGE][INFO] - [SELF-HEALING] Failed Locator: '//div[2]/a[10]'.

2020-09-29 00:01:21 - [MESSAGE][INFO] - Unable to find the element located by 'By.xpath: //*[@href = '/testgrid/export/aoi/36914/' and (text() = '
            FG3D
            
              
              
            
          ' or . = '
            FG3D
            
              
              
            
          ')]'. Please recheck the objects properties to make sure the desired element is located. 

2020-09-29 00:01:22 - [MESSAGE][INFO] - Unable to find the element located by 'By.cssSelector: '. Please recheck the objects properties to make sure the desired element is located. 

2020-09-29 00:01:22 - [MESSAGE][FAILED] - Unable to click on object 'Object Repository/Page_Workgroups  GRiD/a_FG3D' (Root cause: com.kms.katalon.core.exception.StepFailedException: Unable to click on object 'Object Repository/Page_Workgroups  GRiD/a_FG3D'
	at com.kms.katalon.core.webui.keyword.internal.WebUIKeywordMain.stepFailed(WebUIKeywordMain.groovy:64)
	at com.kms.katalon.core.webui.keyword.internal.WebUIKeywordMain.runKeyword(WebUIKeywordMain.groovy:26)
	at com.kms.katalon.core.webui.keyword.builtin.ClickKeyword.click(ClickKeyword.groovy:76)
	at com.kms.katalon.core.webui.keyword.builtin.ClickKeyword.execute(ClickKeyword.groovy:43)
	at com.kms.katalon.core.keyword.internal.KeywordExecutor.executeKeywordForPlatform(KeywordExecutor.groovy:73)
	at com.kms.katalon.core.webui.keyword.WebUiBuiltInKeywords.click(WebUiBuiltInKeywords.groovy:616)
	at com.kms.katalon.core.webui.keyword.WebUiBuiltInKeywords$click$1.call(Unknown Source)
	at FG3D Test - Stragetic.run(FG3D Test - Stragetic:28)
	at com.kms.katalon.core.main.ScriptEngine.run(ScriptEngine.java:194)
	at com.kms.katalon.core.main.ScriptEngine.runScriptAsRawText(ScriptEngine.java:119)
	at com.kms.katalon.core.main.TestCaseExecutor.runScript(TestCaseExecutor.java:339)
	at com.kms.katalon.core.main.TestCaseExecutor.doExecute(TestCaseExecutor.java:330)
	at com.kms.katalon.core.main.TestCaseExecutor.processExecutionPhase(TestCaseExecutor.java:309)
	at com.kms.katalon.core.main.TestCaseExecutor.accessMainPhase(TestCaseExecutor.java:301)
	at com.kms.katalon.core.main.TestCaseExecutor.execute(TestCaseExecutor.java:235)
	at com.kms.katalon.core.main.TestSuiteExecutor.accessTestCaseMainPhase(TestSuiteExecutor.java:191)
	at com.kms.katalon.core.main.TestSuiteExecutor.accessTestSuiteMainPhase(TestSuiteExecutor.java:141)
	at com.kms.katalon.core.main.TestSuiteExecutor.execute(TestSuiteExecutor.java:90)
	at com.kms.katalon.core.main.TestCaseMain.startTestSuite(TestCaseMain.java:157)
	at com.kms.katalon.core.main.TestCaseMain$startTestSuite$0.call(Unknown Source)
	at TempTestSuite1601324593621.run(TempTestSuite1601324593621.groovy:39)
Caused by: com.kms.katalon.core.webui.exception.WebElementNotFoundException: Web element with id: 'Object Repository/Page_Workgroups  GRiD/a_FG3D' located by '//div[@id='workgroupExportTree']/a[10]' not found
	at com.kms.katalon.core.webui.common.WebUiCommonHelper.findWebElement(WebUiCommonHelper.java:1368)
	at com.kms.katalon.core.webui.keyword.internal.WebUIAbstractKeyword.findWebElement(WebUIAbstractKeyword.groovy:27)
	at com.kms.katalon.core.webui.keyword.internal.WebUIAbstractKeyword.findWebElement(WebUIAbstractKeyword.groovy:26)
	at com.kms.katalon.core.webui.keyword.builtin.ClickKeyword$_click_closure1.doCall(ClickKeyword.groovy:67)
	at com.kms.katalon.core.webui.keyword.builtin.ClickKeyword$_click_closure1.call(ClickKeyword.groovy)
	at com.kms.katalon.core.webui.keyword.internal.WebUIKeywordMain.runKeyword(WebUIKeywordMain.groovy:20)
	at com.kms.katalon.core.webui.keyword.builtin.ClickKeyword.click(ClickKeyword.groovy:76)
	at com.kms.katalon.core.webui.keyword.builtin.ClickKeyword.execute(ClickKeyword.groovy:43)
	at com.kms.katalon.core.keyword.internal.KeywordExecutor.executeKeywordForPlatform(KeywordExecutor.groovy:73)
	at com.kms.katalon.core.webui.keyword.WebUiBuiltInKeywords.click(WebUiBuiltInKeywords.groovy:616)
	at com.kms.katalon.core.webui.keyword.WebUiBuiltInKeywords$click$1.call(Unknown Source)
	at Script1599149155505.run(Script1599149155505.groovy:28)
	... 13 more
)
[[ATTACHMENT|/Users/bhavikpatel/Downloads/Projects/CRREL/GRiD/Automation Testing/Automation Testing Project/KatalonTesting/Reports/20200928_162313/GRiD FG3D/20200928_162313/1601352082541.png]]]]></system-out>
         <system-err><![CDATA[2020-09-29 00:00:04 - [TEST_CASE][FAILED] - Test Cases/FG3D/FG3D Test - Stragetic: Test Cases/FG3D/FG3D Test - Stragetic FAILED.
Reason:
com.kms.katalon.core.exception.StepFailedException: Unable to click on object 'Object Repository/Page_Workgroups  GRiD/a_FG3D'
	at com.kms.katalon.core.webui.keyword.internal.WebUIKeywordMain.stepFailed(WebUIKeywordMain.groovy:64)
	at com.kms.katalon.core.webui.keyword.internal.WebUIKeywordMain.runKeyword(WebUIKeywordMain.groovy:26)
	at com.kms.katalon.core.webui.keyword.builtin.ClickKeyword.click(ClickKeyword.groovy:76)
	at com.kms.katalon.core.webui.keyword.builtin.ClickKeyword.execute(ClickKeyword.groovy:43)
	at com.kms.katalon.core.keyword.internal.KeywordExecutor.executeKeywordForPlatform(KeywordExecutor.groovy:73)
	at com.kms.katalon.core.webui.keyword.WebUiBuiltInKeywords.click(WebUiBuiltInKeywords.groovy:616)
	at com.kms.katalon.core.webui.keyword.WebUiBuiltInKeywords$click$1.call(Unknown Source)
	at FG3D Test - Stragetic.run(FG3D Test - Stragetic:28)
	at com.kms.katalon.core.main.ScriptEngine.run(ScriptEngine.java:194)
	at com.kms.katalon.core.main.ScriptEngine.runScriptAsRawText(ScriptEngine.java:119)
	at com.kms.katalon.core.main.TestCaseExecutor.runScript(TestCaseExecutor.java:339)
	at com.kms.katalon.core.main.TestCaseExecutor.doExecute(TestCaseExecutor.java:330)
	at com.kms.katalon.core.main.TestCaseExecutor.processExecutionPhase(TestCaseExecutor.java:309)
	at com.kms.katalon.core.main.TestCaseExecutor.accessMainPhase(TestCaseExecutor.java:301)
	at com.kms.katalon.core.main.TestCaseExecutor.execute(TestCaseExecutor.java:235)
	at com.kms.katalon.core.main.TestSuiteExecutor.accessTestCaseMainPhase(TestSuiteExecutor.java:191)
	at com.kms.katalon.core.main.TestSuiteExecutor.accessTestSuiteMainPhase(TestSuiteExecutor.java:141)
	at com.kms.katalon.core.main.TestSuiteExecutor.execute(TestSuiteExecutor.java:90)
	at com.kms.katalon.core.main.TestCaseMain.startTestSuite(TestCaseMain.java:157)
	at com.kms.katalon.core.main.TestCaseMain$startTestSuite$0.call(Unknown Source)
	at TempTestSuite1601324593621.run(TempTestSuite1601324593621.groovy:39)
Caused by: com.kms.katalon.core.webui.exception.WebElementNotFoundException: Web element with id: 'Object Repository/Page_Workgroups  GRiD/a_FG3D' located by '//div[@id='workgroupExportTree']/a[10]' not found
	at com.kms.katalon.core.webui.common.WebUiCommonHelper.findWebElement(WebUiCommonHelper.java:1368)
	at com.kms.katalon.core.webui.keyword.internal.WebUIAbstractKeyword.findWebElement(WebUIAbstractKeyword.groovy:27)
	at com.kms.katalon.core.webui.keyword.internal.WebUIAbstractKeyword.findWebElement(WebUIAbstractKeyword.groovy:26)
	at com.kms.katalon.core.webui.keyword.builtin.ClickKeyword$_click_closure1.doCall(ClickKeyword.groovy:67)
	at com.kms.katalon.core.webui.keyword.builtin.ClickKeyword$_click_closure1.call(ClickKeyword.groovy)
	at com.kms.katalon.core.webui.keyword.internal.WebUIKeywordMain.runKeyword(WebUIKeywordMain.groovy:20)
	... 19 more]]></system-err>
      </testcase>
      <testcase name="Test Cases/FG3D/FG3D Test - Stragetic" time="80.759" classname="Test Cases/FG3D/FG3D Test - Stragetic" status="FAILED">
         <failure type="FAILED" message="Test Cases/FG3D/FG3D Test - Stragetic FAILED.
Reason:
com.kms.katalon.core.exception.StepFailedException: Unable to click on object 'Object Repository/Page_Workgroups  GRiD/a_FG3D'
	at com.kms.katalon.core.webui.keyword.internal.WebUIKeywordMain.stepFailed(WebUIKeywordMain.groovy:64)
	at com.kms.katalon.core.webui.keyword.internal.WebUIKeywordMain.runKeyword(WebUIKeywordMain.groovy:26)
	at com.kms.katalon.core.webui.keyword.builtin.ClickKeyword.click(ClickKeyword.groovy:76)
	at com.kms.katalon.core.webui.keyword.builtin.ClickKeyword.execute(ClickKeyword.groovy:43)
	at com.kms.katalon.core.keyword.internal.KeywordExecutor.executeKeywordForPlatform(KeywordExecutor.groovy:73)
	at com.kms.katalon.core.webui.keyword.WebUiBuiltInKeywords.click(WebUiBuiltInKeywords.groovy:616)
	at com.kms.katalon.core.webui.keyword.WebUiBuiltInKeywords$click$1.call(Unknown Source)
	at FG3D Test - Stragetic.run(FG3D Test - Stragetic:28)
	at com.kms.katalon.core.main.ScriptEngine.run(ScriptEngine.java:194)
	at com.kms.katalon.core.main.ScriptEngine.runScriptAsRawText(ScriptEngine.java:119)
	at com.kms.katalon.core.main.TestCaseExecutor.runScript(TestCaseExecutor.java:339)
	at com.kms.katalon.core.main.TestCaseExecutor.doExecute(TestCaseExecutor.java:330)
	at com.kms.katalon.core.main.TestCaseExecutor.processExecutionPhase(TestCaseExecutor.java:309)
	at com.kms.katalon.core.main.TestCaseExecutor.accessMainPhase(TestCaseExecutor.java:301)
	at com.kms.katalon.core.main.TestCaseExecutor.execute(TestCaseExecutor.java:235)
	at com.kms.katalon.core.main.TestSuiteExecutor.accessTestCaseMainPhase(TestSuiteExecutor.java:191)
	at com.kms.katalon.core.main.TestSuiteExecutor.accessTestSuiteMainPhase(TestSuiteExecutor.java:141)
	at com.kms.katalon.core.main.TestSuiteExecutor.execute(TestSuiteExecutor.java:90)
	at com.kms.katalon.core.main.TestCaseMain.startTestSuite(TestCaseMain.java:157)
	at com.kms.katalon.core.main.TestCaseMain$startTestSuite$0.call(Unknown Source)
	at TempTestSuite1601324593621.run(TempTestSuite1601324593621.groovy:39)
Caused by: com.kms.katalon.core.webui.exception.WebElementNotFoundException: Web element with id: 'Object Repository/Page_Workgroups  GRiD/a_FG3D' located by '//div[@id='workgroupExportTree']/a[10]' not found
	at com.kms.katalon.core.webui.common.WebUiCommonHelper.findWebElement(WebUiCommonHelper.java:1368)
	at com.kms.katalon.core.webui.keyword.internal.WebUIAbstractKeyword.findWebElement(WebUIAbstractKeyword.groovy:27)
	at com.kms.katalon.core.webui.keyword.internal.WebUIAbstractKeyword.findWebElement(WebUIAbstractKeyword.groovy:26)
	at com.kms.katalon.core.webui.keyword.builtin.ClickKeyword$_click_closure1.doCall(ClickKeyword.groovy:67)
	at com.kms.katalon.core.webui.keyword.builtin.ClickKeyword$_click_closure1.call(ClickKeyword.groovy)
	at com.kms.katalon.core.webui.keyword.internal.WebUIKeywordMain.runKeyword(WebUIKeywordMain.groovy:20)
	... 19 more
"/>
         <system-out><![CDATA[2020-09-29 00:01:22 - [TEST_CASE][FAILED] - Test Cases/FG3D/FG3D Test - Stragetic: Test Cases/FG3D/FG3D Test - Stragetic FAILED.
Reason:
com.kms.katalon.core.exception.StepFailedException: Unable to click on object 'Object Repository/Page_Workgroups  GRiD/a_FG3D'
	at com.kms.katalon.core.webui.keyword.internal.WebUIKeywordMain.stepFailed(WebUIKeywordMain.groovy:64)
	at com.kms.katalon.core.webui.keyword.internal.WebUIKeywordMain.runKeyword(WebUIKeywordMain.groovy:26)
	at com.kms.katalon.core.webui.keyword.builtin.ClickKeyword.click(ClickKeyword.groovy:76)
	at com.kms.katalon.core.webui.keyword.builtin.ClickKeyword.execute(ClickKeyword.groovy:43)
	at com.kms.katalon.core.keyword.internal.KeywordExecutor.executeKeywordForPlatform(KeywordExecutor.groovy:73)
	at com.kms.katalon.core.webui.keyword.WebUiBuiltInKeywords.click(WebUiBuiltInKeywords.groovy:616)
	at com.kms.katalon.core.webui.keyword.WebUiBuiltInKeywords$click$1.call(Unknown Source)
	at FG3D Test - Stragetic.run(FG3D Test - Stragetic:28)
	at com.kms.katalon.core.main.ScriptEngine.run(ScriptEngine.java:194)
	at com.kms.katalon.core.main.ScriptEngine.runScriptAsRawText(ScriptEngine.java:119)
	at com.kms.katalon.core.main.TestCaseExecutor.runScript(TestCaseExecutor.java:339)
	at com.kms.katalon.core.main.TestCaseExecutor.doExecute(TestCaseExecutor.java:330)
	at com.kms.katalon.core.main.TestCaseExecutor.processExecutionPhase(TestCaseExecutor.java:309)
	at com.kms.katalon.core.main.TestCaseExecutor.accessMainPhase(TestCaseExecutor.java:301)
	at com.kms.katalon.core.main.TestCaseExecutor.execute(TestCaseExecutor.java:235)
	at com.kms.katalon.core.main.TestSuiteExecutor.accessTestCaseMainPhase(TestSuiteExecutor.java:191)
	at com.kms.katalon.core.main.TestSuiteExecutor.accessTestSuiteMainPhase(TestSuiteExecutor.java:141)
	at com.kms.katalon.core.main.TestSuiteExecutor.execute(TestSuiteExecutor.java:90)
	at com.kms.katalon.core.main.TestCaseMain.startTestSuite(TestCaseMain.java:157)
	at com.kms.katalon.core.main.TestCaseMain$startTestSuite$0.call(Unknown Source)
	at TempTestSuite1601324593621.run(TempTestSuite1601324593621.groovy:39)
Caused by: com.kms.katalon.core.webui.exception.WebElementNotFoundException: Web element with id: 'Object Repository/Page_Workgroups  GRiD/a_FG3D' located by '//div[@id='workgroupExportTree']/a[10]' not found
	at com.kms.katalon.core.webui.common.WebUiCommonHelper.findWebElement(WebUiCommonHelper.java:1368)
	at com.kms.katalon.core.webui.keyword.internal.WebUIAbstractKeyword.findWebElement(WebUIAbstractKeyword.groovy:27)
	at com.kms.katalon.core.webui.keyword.internal.WebUIAbstractKeyword.findWebElement(WebUIAbstractKeyword.groovy:26)
	at com.kms.katalon.core.webui.keyword.builtin.ClickKeyword$_click_closure1.doCall(ClickKeyword.groovy:67)
	at com.kms.katalon.core.webui.keyword.builtin.ClickKeyword$_click_closure1.call(ClickKeyword.groovy)
	at com.kms.katalon.core.webui.keyword.internal.WebUIKeywordMain.runKeyword(WebUIKeywordMain.groovy:20)
	... 19 more


2020-09-29 00:01:22 - [TEST_STEP][PASSED] - openBrowser(""): Browser is opened with url: ''

2020-09-29 00:01:22 - [MESSAGE][WARNING] - A browser is already opened. Closing browser and opening a new one

2020-09-29 00:01:22 - [MESSAGE][INFO] - Starting 'Chrome' driver

2020-09-29 00:01:22 - [MESSAGE][INFO] - Action delay is set to 0 milliseconds

2020-09-29 00:01:23 - [MESSAGE][PASSED] - Browser is opened with url: ''

2020-09-29 00:01:23 - [TEST_STEP][PASSED] - navigateToUrl("https://grid.nga.mil/testgrid/"): Navigate to 'https://grid.nga.mil/testgrid/' successfully

2020-09-29 00:01:30 - [MESSAGE][PASSED] - Navigate to 'https://grid.nga.mil/testgrid/' successfully

2020-09-29 00:01:30 - [TEST_STEP][PASSED] - click(findTestObject("Page_Home  GRiD/a_CAC  GEOAxIS Login")): Object: 'Object Repository/Page_Home  GRiD/a_CAC  GEOAxIS Login' is clicked on

2020-09-29 00:01:35 - [MESSAGE][PASSED] - Object: 'Object Repository/Page_Home  GRiD/a_CAC  GEOAxIS Login' is clicked on

2020-09-29 00:01:35 - [TEST_STEP][PASSED] - click(findTestObject("Page_Home  GRiD/a_Share")): Object: 'Object Repository/Page_Home  GRiD/a_Share' is clicked on

2020-09-29 00:02:06 - [MESSAGE][INFO] - Unable to find the element located by 'By.xpath: //div[@id='navbarToggle']/ul/li[5]/a'. Please recheck the objects properties to make sure the desired element is located. 

2020-09-29 00:02:06 - [MESSAGE][WARNING] - [SELF-HEALING] Failed to find element with id 'Object Repository/Page_Home  GRiD/a_Share'. Try using Self-healing.

2020-09-29 00:02:06 - [MESSAGE][WARNING] - [SELF-HEALING] The current locator of test object 'Object Repository/Page_Home  GRiD/a_Share' was broken. Propose an alternative one: '//li[5]/a'.

2020-09-29 00:02:06 - [MESSAGE][PASSED] - Object: 'Object Repository/Page_Home  GRiD/a_Share' is clicked on

2020-09-29 00:02:06 - [TEST_STEP][FAILED] - click(findTestObject("Page_Workgroups  GRiD/a_FG3D")): Unable to click on object 'Object Repository/Page_Workgroups  GRiD/a_FG3D' (Root cause: com.kms.katalon.core.exception.StepFailedException: Unable to click on object 'Object Repository/Page_Workgroups  GRiD/a_FG3D'
	at com.kms.katalon.core.webui.keyword.internal.WebUIKeywordMain.stepFailed(WebUIKeywordMain.groovy:64)
	at com.kms.katalon.core.webui.keyword.internal.WebUIKeywordMain.runKeyword(WebUIKeywordMain.groovy:26)
	at com.kms.katalon.core.webui.keyword.builtin.ClickKeyword.click(ClickKeyword.groovy:76)
	at com.kms.katalon.core.webui.keyword.builtin.ClickKeyword.execute(ClickKeyword.groovy:43)
	at com.kms.katalon.core.keyword.internal.KeywordExecutor.executeKeywordForPlatform(KeywordExecutor.groovy:73)
	at com.kms.katalon.core.webui.keyword.WebUiBuiltInKeywords.click(WebUiBuiltInKeywords.groovy:616)
	at com.kms.katalon.core.webui.keyword.WebUiBuiltInKeywords$click$1.call(Unknown Source)
	at FG3D Test - Stragetic.run(FG3D Test - Stragetic:28)
	at com.kms.katalon.core.main.ScriptEngine.run(ScriptEngine.java:194)
	at com.kms.katalon.core.main.ScriptEngine.runScriptAsRawText(ScriptEngine.java:119)
	at com.kms.katalon.core.main.TestCaseExecutor.runScript(TestCaseExecutor.java:339)
	at com.kms.katalon.core.main.TestCaseExecutor.doExecute(TestCaseExecutor.java:330)
	at com.kms.katalon.core.main.TestCaseExecutor.processExecutionPhase(TestCaseExecutor.java:309)
	at com.kms.katalon.core.main.TestCaseExecutor.accessMainPhase(TestCaseExecutor.java:301)
	at com.kms.katalon.core.main.TestCaseExecutor.execute(TestCaseExecutor.java:235)
	at com.kms.katalon.core.main.TestSuiteExecutor.accessTestCaseMainPhase(TestSuiteExecutor.java:191)
	at com.kms.katalon.core.main.TestSuiteExecutor.accessTestSuiteMainPhase(TestSuiteExecutor.java:141)
	at com.kms.katalon.core.main.TestSuiteExecutor.execute(TestSuiteExecutor.java:90)
	at com.kms.katalon.core.main.TestCaseMain.startTestSuite(TestCaseMain.java:157)
	at com.kms.katalon.core.main.TestCaseMain$startTestSuite$0.call(Unknown Source)
	at TempTestSuite1601324593621.run(TempTestSuite1601324593621.groovy:39)
Caused by: com.kms.katalon.core.webui.exception.WebElementNotFoundException: Web element with id: 'Object Repository/Page_Workgroups  GRiD/a_FG3D' located by '//div[@id='workgroupExportTree']/a[10]' not found
	at com.kms.katalon.core.webui.common.WebUiCommonHelper.findWebElement(WebUiCommonHelper.java:1368)
	at com.kms.katalon.core.webui.keyword.internal.WebUIAbstractKeyword.findWebElement(WebUIAbstractKeyword.groovy:27)
	at com.kms.katalon.core.webui.keyword.internal.WebUIAbstractKeyword.findWebElement(WebUIAbstractKeyword.groovy:26)
	at com.kms.katalon.core.webui.keyword.builtin.ClickKeyword$_click_closure1.doCall(ClickKeyword.groovy:67)
	at com.kms.katalon.core.webui.keyword.builtin.ClickKeyword$_click_closure1.call(ClickKeyword.groovy)
	at com.kms.katalon.core.webui.keyword.internal.WebUIKeywordMain.runKeyword(WebUIKeywordMain.groovy:20)
	at com.kms.katalon.core.webui.keyword.builtin.ClickKeyword.click(ClickKeyword.groovy:76)
	at com.kms.katalon.core.webui.keyword.builtin.ClickKeyword.execute(ClickKeyword.groovy:43)
	at com.kms.katalon.core.keyword.internal.KeywordExecutor.executeKeywordForPlatform(KeywordExecutor.groovy:73)
	at com.kms.katalon.core.webui.keyword.WebUiBuiltInKeywords.click(WebUiBuiltInKeywords.groovy:616)
	at com.kms.katalon.core.webui.keyword.WebUiBuiltInKeywords$click$1.call(Unknown Source)
	at Script1599149155505.run(Script1599149155505.groovy:28)
	... 13 more
)

2020-09-29 00:02:38 - [MESSAGE][INFO] - Unable to find the element located by 'By.xpath: //div[@id='workgroupExportTree']/a[10]'. Please recheck the objects properties to make sure the desired element is located. 

2020-09-29 00:02:38 - [MESSAGE][WARNING] - [SELF-HEALING] Failed to find element with id 'Object Repository/Page_Workgroups  GRiD/a_FG3D'. Try using Self-healing.

2020-09-29 00:02:38 - [MESSAGE][INFO] - [SELF-HEALING] Failed Locator: '//div[@id='workgroupExportTree']/a[10]'.

2020-09-29 00:02:38 - [MESSAGE][INFO] - [SELF-HEALING] Failed Locator: '//a[contains(text(),'FG3D')]'.

2020-09-29 00:02:38 - [MESSAGE][INFO] - [SELF-HEALING] Failed Locator: '(.//*[normalize-space(text()) and normalize-space(.)='DTED2 DTM'])[1]/following::a[1]'.

2020-09-29 00:02:39 - [MESSAGE][INFO] - [SELF-HEALING] Failed Locator: '(.//*[normalize-space(text()) and normalize-space(.)='DTED0 DTM'])[1]/following::a[2]'.

2020-09-29 00:02:39 - [MESSAGE][INFO] - [SELF-HEALING] Failed Locator: '(.//*[normalize-space(text()) and normalize-space(.)='SRT2F DSM'])[1]/preceding::a[1]'.

2020-09-29 00:02:39 - [MESSAGE][INFO] - [SELF-HEALING] Failed Locator: '(.//*[normalize-space(text()) and normalize-space(.)='TDT DSM'])[1]/preceding::a[2]'.

2020-09-29 00:02:40 - [MESSAGE][INFO] - [SELF-HEALING] Failed Locator: '//*/text()[normalize-space(.)='FG3D']/parent::*'.

2020-09-29 00:02:40 - [MESSAGE][INFO] - [SELF-HEALING] Failed Locator: '//a[contains(@href, '/testgrid/export/aoi/36914/')]'.

2020-09-29 00:02:41 - [MESSAGE][INFO] - [SELF-HEALING] Failed Locator: '//div[2]/a[10]'.

2020-09-29 00:02:42 - [MESSAGE][INFO] - Unable to find the element located by 'By.xpath: //*[@href = '/testgrid/export/aoi/36914/' and (text() = '
            FG3D
            
              
              
            
          ' or . = '
            FG3D
            
              
              
            
          ')]'. Please recheck the objects properties to make sure the desired element is located. 

2020-09-29 00:02:43 - [MESSAGE][INFO] - Unable to find the element located by 'By.cssSelector: '. Please recheck the objects properties to make sure the desired element is located. 

2020-09-29 00:02:43 - [MESSAGE][FAILED] - Unable to click on object 'Object Repository/Page_Workgroups  GRiD/a_FG3D' (Root cause: com.kms.katalon.core.exception.StepFailedException: Unable to click on object 'Object Repository/Page_Workgroups  GRiD/a_FG3D'
	at com.kms.katalon.core.webui.keyword.internal.WebUIKeywordMain.stepFailed(WebUIKeywordMain.groovy:64)
	at com.kms.katalon.core.webui.keyword.internal.WebUIKeywordMain.runKeyword(WebUIKeywordMain.groovy:26)
	at com.kms.katalon.core.webui.keyword.builtin.ClickKeyword.click(ClickKeyword.groovy:76)
	at com.kms.katalon.core.webui.keyword.builtin.ClickKeyword.execute(ClickKeyword.groovy:43)
	at com.kms.katalon.core.keyword.internal.KeywordExecutor.executeKeywordForPlatform(KeywordExecutor.groovy:73)
	at com.kms.katalon.core.webui.keyword.WebUiBuiltInKeywords.click(WebUiBuiltInKeywords.groovy:616)
	at com.kms.katalon.core.webui.keyword.WebUiBuiltInKeywords$click$1.call(Unknown Source)
	at FG3D Test - Stragetic.run(FG3D Test - Stragetic:28)
	at com.kms.katalon.core.main.ScriptEngine.run(ScriptEngine.java:194)
	at com.kms.katalon.core.main.ScriptEngine.runScriptAsRawText(ScriptEngine.java:119)
	at com.kms.katalon.core.main.TestCaseExecutor.runScript(TestCaseExecutor.java:339)
	at com.kms.katalon.core.main.TestCaseExecutor.doExecute(TestCaseExecutor.java:330)
	at com.kms.katalon.core.main.TestCaseExecutor.processExecutionPhase(TestCaseExecutor.java:309)
	at com.kms.katalon.core.main.TestCaseExecutor.accessMainPhase(TestCaseExecutor.java:301)
	at com.kms.katalon.core.main.TestCaseExecutor.execute(TestCaseExecutor.java:235)
	at com.kms.katalon.core.main.TestSuiteExecutor.accessTestCaseMainPhase(TestSuiteExecutor.java:191)
	at com.kms.katalon.core.main.TestSuiteExecutor.accessTestSuiteMainPhase(TestSuiteExecutor.java:141)
	at com.kms.katalon.core.main.TestSuiteExecutor.execute(TestSuiteExecutor.java:90)
	at com.kms.katalon.core.main.TestCaseMain.startTestSuite(TestCaseMain.java:157)
	at com.kms.katalon.core.main.TestCaseMain$startTestSuite$0.call(Unknown Source)
	at TempTestSuite1601324593621.run(TempTestSuite1601324593621.groovy:39)
Caused by: com.kms.katalon.core.webui.exception.WebElementNotFoundException: Web element with id: 'Object Repository/Page_Workgroups  GRiD/a_FG3D' located by '//div[@id='workgroupExportTree']/a[10]' not found
	at com.kms.katalon.core.webui.common.WebUiCommonHelper.findWebElement(WebUiCommonHelper.java:1368)
	at com.kms.katalon.core.webui.keyword.internal.WebUIAbstractKeyword.findWebElement(WebUIAbstractKeyword.groovy:27)
	at com.kms.katalon.core.webui.keyword.internal.WebUIAbstractKeyword.findWebElement(WebUIAbstractKeyword.groovy:26)
	at com.kms.katalon.core.webui.keyword.builtin.ClickKeyword$_click_closure1.doCall(ClickKeyword.groovy:67)
	at com.kms.katalon.core.webui.keyword.builtin.ClickKeyword$_click_closure1.call(ClickKeyword.groovy)
	at com.kms.katalon.core.webui.keyword.internal.WebUIKeywordMain.runKeyword(WebUIKeywordMain.groovy:20)
	at com.kms.katalon.core.webui.keyword.builtin.ClickKeyword.click(ClickKeyword.groovy:76)
	at com.kms.katalon.core.webui.keyword.builtin.ClickKeyword.execute(ClickKeyword.groovy:43)
	at com.kms.katalon.core.keyword.internal.KeywordExecutor.executeKeywordForPlatform(KeywordExecutor.groovy:73)
	at com.kms.katalon.core.webui.keyword.WebUiBuiltInKeywords.click(WebUiBuiltInKeywords.groovy:616)
	at com.kms.katalon.core.webui.keyword.WebUiBuiltInKeywords$click$1.call(Unknown Source)
	at Script1599149155505.run(Script1599149155505.groovy:28)
	... 13 more
)
[[ATTACHMENT|/Users/bhavikpatel/Downloads/Projects/CRREL/GRiD/Automation Testing/Automation Testing Project/KatalonTesting/Reports/20200928_162313/GRiD FG3D/20200928_162313/1601352163298.png]]]]></system-out>
         <system-err><![CDATA[2020-09-29 00:01:22 - [TEST_CASE][FAILED] - Test Cases/FG3D/FG3D Test - Stragetic: Test Cases/FG3D/FG3D Test - Stragetic FAILED.
Reason:
com.kms.katalon.core.exception.StepFailedException: Unable to click on object 'Object Repository/Page_Workgroups  GRiD/a_FG3D'
	at com.kms.katalon.core.webui.keyword.internal.WebUIKeywordMain.stepFailed(WebUIKeywordMain.groovy:64)
	at com.kms.katalon.core.webui.keyword.internal.WebUIKeywordMain.runKeyword(WebUIKeywordMain.groovy:26)
	at com.kms.katalon.core.webui.keyword.builtin.ClickKeyword.click(ClickKeyword.groovy:76)
	at com.kms.katalon.core.webui.keyword.builtin.ClickKeyword.execute(ClickKeyword.groovy:43)
	at com.kms.katalon.core.keyword.internal.KeywordExecutor.executeKeywordForPlatform(KeywordExecutor.groovy:73)
	at com.kms.katalon.core.webui.keyword.WebUiBuiltInKeywords.click(WebUiBuiltInKeywords.groovy:616)
	at com.kms.katalon.core.webui.keyword.WebUiBuiltInKeywords$click$1.call(Unknown Source)
	at FG3D Test - Stragetic.run(FG3D Test - Stragetic:28)
	at com.kms.katalon.core.main.ScriptEngine.run(ScriptEngine.java:194)
	at com.kms.katalon.core.main.ScriptEngine.runScriptAsRawText(ScriptEngine.java:119)
	at com.kms.katalon.core.main.TestCaseExecutor.runScript(TestCaseExecutor.java:339)
	at com.kms.katalon.core.main.TestCaseExecutor.doExecute(TestCaseExecutor.java:330)
	at com.kms.katalon.core.main.TestCaseExecutor.processExecutionPhase(TestCaseExecutor.java:309)
	at com.kms.katalon.core.main.TestCaseExecutor.accessMainPhase(TestCaseExecutor.java:301)
	at com.kms.katalon.core.main.TestCaseExecutor.execute(TestCaseExecutor.java:235)
	at com.kms.katalon.core.main.TestSuiteExecutor.accessTestCaseMainPhase(TestSuiteExecutor.java:191)
	at com.kms.katalon.core.main.TestSuiteExecutor.accessTestSuiteMainPhase(TestSuiteExecutor.java:141)
	at com.kms.katalon.core.main.TestSuiteExecutor.execute(TestSuiteExecutor.java:90)
	at com.kms.katalon.core.main.TestCaseMain.startTestSuite(TestCaseMain.java:157)
	at com.kms.katalon.core.main.TestCaseMain$startTestSuite$0.call(Unknown Source)
	at TempTestSuite1601324593621.run(TempTestSuite1601324593621.groovy:39)
Caused by: com.kms.katalon.core.webui.exception.WebElementNotFoundException: Web element with id: 'Object Repository/Page_Workgroups  GRiD/a_FG3D' located by '//div[@id='workgroupExportTree']/a[10]' not found
	at com.kms.katalon.core.webui.common.WebUiCommonHelper.findWebElement(WebUiCommonHelper.java:1368)
	at com.kms.katalon.core.webui.keyword.internal.WebUIAbstractKeyword.findWebElement(WebUIAbstractKeyword.groovy:27)
	at com.kms.katalon.core.webui.keyword.internal.WebUIAbstractKeyword.findWebElement(WebUIAbstractKeyword.groovy:26)
	at com.kms.katalon.core.webui.keyword.builtin.ClickKeyword$_click_closure1.doCall(ClickKeyword.groovy:67)
	at com.kms.katalon.core.webui.keyword.builtin.ClickKeyword$_click_closure1.call(ClickKeyword.groovy)
	at com.kms.katalon.core.webui.keyword.internal.WebUIKeywordMain.runKeyword(WebUIKeywordMain.groovy:20)
	... 19 more]]></system-err>
      </testcase>
      <testcase name="Test Cases/FG3D/FG3D Test - Stragetic" time="78.645" classname="Test Cases/FG3D/FG3D Test - Stragetic" status="FAILED">
         <failure type="FAILED" message="Test Cases/FG3D/FG3D Test - Stragetic FAILED.
Reason:
com.kms.katalon.core.exception.StepFailedException: Unable to click on object 'Object Repository/Page_Workgroups  GRiD/a_FG3D'
	at com.kms.katalon.core.webui.keyword.internal.WebUIKeywordMain.stepFailed(WebUIKeywordMain.groovy:64)
	at com.kms.katalon.core.webui.keyword.internal.WebUIKeywordMain.runKeyword(WebUIKeywordMain.groovy:26)
	at com.kms.katalon.core.webui.keyword.builtin.ClickKeyword.click(ClickKeyword.groovy:76)
	at com.kms.katalon.core.webui.keyword.builtin.ClickKeyword.execute(ClickKeyword.groovy:43)
	at com.kms.katalon.core.keyword.internal.KeywordExecutor.executeKeywordForPlatform(KeywordExecutor.groovy:73)
	at com.kms.katalon.core.webui.keyword.WebUiBuiltInKeywords.click(WebUiBuiltInKeywords.groovy:616)
	at com.kms.katalon.core.webui.keyword.WebUiBuiltInKeywords$click$1.call(Unknown Source)
	at FG3D Test - Stragetic.run(FG3D Test - Stragetic:28)
	at com.kms.katalon.core.main.ScriptEngine.run(ScriptEngine.java:194)
	at com.kms.katalon.core.main.ScriptEngine.runScriptAsRawText(ScriptEngine.java:119)
	at com.kms.katalon.core.main.TestCaseExecutor.runScript(TestCaseExecutor.java:339)
	at com.kms.katalon.core.main.TestCaseExecutor.doExecute(TestCaseExecutor.java:330)
	at com.kms.katalon.core.main.TestCaseExecutor.processExecutionPhase(TestCaseExecutor.java:309)
	at com.kms.katalon.core.main.TestCaseExecutor.accessMainPhase(TestCaseExecutor.java:301)
	at com.kms.katalon.core.main.TestCaseExecutor.execute(TestCaseExecutor.java:235)
	at com.kms.katalon.core.main.TestSuiteExecutor.accessTestCaseMainPhase(TestSuiteExecutor.java:191)
	at com.kms.katalon.core.main.TestSuiteExecutor.accessTestSuiteMainPhase(TestSuiteExecutor.java:141)
	at com.kms.katalon.core.main.TestSuiteExecutor.execute(TestSuiteExecutor.java:90)
	at com.kms.katalon.core.main.TestCaseMain.startTestSuite(TestCaseMain.java:157)
	at com.kms.katalon.core.main.TestCaseMain$startTestSuite$0.call(Unknown Source)
	at TempTestSuite1601324593621.run(TempTestSuite1601324593621.groovy:39)
Caused by: com.kms.katalon.core.webui.exception.WebElementNotFoundException: Web element with id: 'Object Repository/Page_Workgroups  GRiD/a_FG3D' located by '//div[@id='workgroupExportTree']/a[10]' not found
	at com.kms.katalon.core.webui.common.WebUiCommonHelper.findWebElement(WebUiCommonHelper.java:1368)
	at com.kms.katalon.core.webui.keyword.internal.WebUIAbstractKeyword.findWebElement(WebUIAbstractKeyword.groovy:27)
	at com.kms.katalon.core.webui.keyword.internal.WebUIAbstractKeyword.findWebElement(WebUIAbstractKeyword.groovy:26)
	at com.kms.katalon.core.webui.keyword.builtin.ClickKeyword$_click_closure1.doCall(ClickKeyword.groovy:67)
	at com.kms.katalon.core.webui.keyword.builtin.ClickKeyword$_click_closure1.call(ClickKeyword.groovy)
	at com.kms.katalon.core.webui.keyword.internal.WebUIKeywordMain.runKeyword(WebUIKeywordMain.groovy:20)
	... 19 more
"/>
         <system-out><![CDATA[2020-09-29 00:02:43 - [TEST_CASE][FAILED] - Test Cases/FG3D/FG3D Test - Stragetic: Test Cases/FG3D/FG3D Test - Stragetic FAILED.
Reason:
com.kms.katalon.core.exception.StepFailedException: Unable to click on object 'Object Repository/Page_Workgroups  GRiD/a_FG3D'
	at com.kms.katalon.core.webui.keyword.internal.WebUIKeywordMain.stepFailed(WebUIKeywordMain.groovy:64)
	at com.kms.katalon.core.webui.keyword.internal.WebUIKeywordMain.runKeyword(WebUIKeywordMain.groovy:26)
	at com.kms.katalon.core.webui.keyword.builtin.ClickKeyword.click(ClickKeyword.groovy:76)
	at com.kms.katalon.core.webui.keyword.builtin.ClickKeyword.execute(ClickKeyword.groovy:43)
	at com.kms.katalon.core.keyword.internal.KeywordExecutor.executeKeywordForPlatform(KeywordExecutor.groovy:73)
	at com.kms.katalon.core.webui.keyword.WebUiBuiltInKeywords.click(WebUiBuiltInKeywords.groovy:616)
	at com.kms.katalon.core.webui.keyword.WebUiBuiltInKeywords$click$1.call(Unknown Source)
	at FG3D Test - Stragetic.run(FG3D Test - Stragetic:28)
	at com.kms.katalon.core.main.ScriptEngine.run(ScriptEngine.java:194)
	at com.kms.katalon.core.main.ScriptEngine.runScriptAsRawText(ScriptEngine.java:119)
	at com.kms.katalon.core.main.TestCaseExecutor.runScript(TestCaseExecutor.java:339)
	at com.kms.katalon.core.main.TestCaseExecutor.doExecute(TestCaseExecutor.java:330)
	at com.kms.katalon.core.main.TestCaseExecutor.processExecutionPhase(TestCaseExecutor.java:309)
	at com.kms.katalon.core.main.TestCaseExecutor.accessMainPhase(TestCaseExecutor.java:301)
	at com.kms.katalon.core.main.TestCaseExecutor.execute(TestCaseExecutor.java:235)
	at com.kms.katalon.core.main.TestSuiteExecutor.accessTestCaseMainPhase(TestSuiteExecutor.java:191)
	at com.kms.katalon.core.main.TestSuiteExecutor.accessTestSuiteMainPhase(TestSuiteExecutor.java:141)
	at com.kms.katalon.core.main.TestSuiteExecutor.execute(TestSuiteExecutor.java:90)
	at com.kms.katalon.core.main.TestCaseMain.startTestSuite(TestCaseMain.java:157)
	at com.kms.katalon.core.main.TestCaseMain$startTestSuite$0.call(Unknown Source)
	at TempTestSuite1601324593621.run(TempTestSuite1601324593621.groovy:39)
Caused by: com.kms.katalon.core.webui.exception.WebElementNotFoundException: Web element with id: 'Object Repository/Page_Workgroups  GRiD/a_FG3D' located by '//div[@id='workgroupExportTree']/a[10]' not found
	at com.kms.katalon.core.webui.common.WebUiCommonHelper.findWebElement(WebUiCommonHelper.java:1368)
	at com.kms.katalon.core.webui.keyword.internal.WebUIAbstractKeyword.findWebElement(WebUIAbstractKeyword.groovy:27)
	at com.kms.katalon.core.webui.keyword.internal.WebUIAbstractKeyword.findWebElement(WebUIAbstractKeyword.groovy:26)
	at com.kms.katalon.core.webui.keyword.builtin.ClickKeyword$_click_closure1.doCall(ClickKeyword.groovy:67)
	at com.kms.katalon.core.webui.keyword.builtin.ClickKeyword$_click_closure1.call(ClickKeyword.groovy)
	at com.kms.katalon.core.webui.keyword.internal.WebUIKeywordMain.runKeyword(WebUIKeywordMain.groovy:20)
	... 19 more


2020-09-29 00:02:43 - [TEST_STEP][PASSED] - openBrowser(""): Browser is opened with url: ''

2020-09-29 00:02:43 - [MESSAGE][WARNING] - A browser is already opened. Closing browser and opening a new one

2020-09-29 00:02:43 - [MESSAGE][INFO] - Starting 'Chrome' driver

2020-09-29 00:02:43 - [MESSAGE][INFO] - Action delay is set to 0 milliseconds

2020-09-29 00:02:44 - [MESSAGE][PASSED] - Browser is opened with url: ''

2020-09-29 00:02:44 - [TEST_STEP][PASSED] - navigateToUrl("https://grid.nga.mil/testgrid/"): Navigate to 'https://grid.nga.mil/testgrid/' successfully

2020-09-29 00:02:48 - [MESSAGE][PASSED] - Navigate to 'https://grid.nga.mil/testgrid/' successfully

2020-09-29 00:02:48 - [TEST_STEP][PASSED] - click(findTestObject("Page_Home  GRiD/a_CAC  GEOAxIS Login")): Object: 'Object Repository/Page_Home  GRiD/a_CAC  GEOAxIS Login' is clicked on

2020-09-29 00:02:54 - [MESSAGE][PASSED] - Object: 'Object Repository/Page_Home  GRiD/a_CAC  GEOAxIS Login' is clicked on

2020-09-29 00:02:54 - [TEST_STEP][PASSED] - click(findTestObject("Page_Home  GRiD/a_Share")): Object: 'Object Repository/Page_Home  GRiD/a_Share' is clicked on

2020-09-29 00:03:25 - [MESSAGE][INFO] - Unable to find the element located by 'By.xpath: //div[@id='navbarToggle']/ul/li[5]/a'. Please recheck the objects properties to make sure the desired element is located. 

2020-09-29 00:03:25 - [MESSAGE][WARNING] - [SELF-HEALING] Failed to find element with id 'Object Repository/Page_Home  GRiD/a_Share'. Try using Self-healing.

2020-09-29 00:03:25 - [MESSAGE][WARNING] - [SELF-HEALING] The current locator of test object 'Object Repository/Page_Home  GRiD/a_Share' was broken. Propose an alternative one: '//li[5]/a'.

2020-09-29 00:03:25 - [MESSAGE][PASSED] - Object: 'Object Repository/Page_Home  GRiD/a_Share' is clicked on

2020-09-29 00:03:25 - [TEST_STEP][FAILED] - click(findTestObject("Page_Workgroups  GRiD/a_FG3D")): Unable to click on object 'Object Repository/Page_Workgroups  GRiD/a_FG3D' (Root cause: com.kms.katalon.core.exception.StepFailedException: Unable to click on object 'Object Repository/Page_Workgroups  GRiD/a_FG3D'
	at com.kms.katalon.core.webui.keyword.internal.WebUIKeywordMain.stepFailed(WebUIKeywordMain.groovy:64)
	at com.kms.katalon.core.webui.keyword.internal.WebUIKeywordMain.runKeyword(WebUIKeywordMain.groovy:26)
	at com.kms.katalon.core.webui.keyword.builtin.ClickKeyword.click(ClickKeyword.groovy:76)
	at com.kms.katalon.core.webui.keyword.builtin.ClickKeyword.execute(ClickKeyword.groovy:43)
	at com.kms.katalon.core.keyword.internal.KeywordExecutor.executeKeywordForPlatform(KeywordExecutor.groovy:73)
	at com.kms.katalon.core.webui.keyword.WebUiBuiltInKeywords.click(WebUiBuiltInKeywords.groovy:616)
	at com.kms.katalon.core.webui.keyword.WebUiBuiltInKeywords$click$1.call(Unknown Source)
	at FG3D Test - Stragetic.run(FG3D Test - Stragetic:28)
	at com.kms.katalon.core.main.ScriptEngine.run(ScriptEngine.java:194)
	at com.kms.katalon.core.main.ScriptEngine.runScriptAsRawText(ScriptEngine.java:119)
	at com.kms.katalon.core.main.TestCaseExecutor.runScript(TestCaseExecutor.java:339)
	at com.kms.katalon.core.main.TestCaseExecutor.doExecute(TestCaseExecutor.java:330)
	at com.kms.katalon.core.main.TestCaseExecutor.processExecutionPhase(TestCaseExecutor.java:309)
	at com.kms.katalon.core.main.TestCaseExecutor.accessMainPhase(TestCaseExecutor.java:301)
	at com.kms.katalon.core.main.TestCaseExecutor.execute(TestCaseExecutor.java:235)
	at com.kms.katalon.core.main.TestSuiteExecutor.accessTestCaseMainPhase(TestSuiteExecutor.java:191)
	at com.kms.katalon.core.main.TestSuiteExecutor.accessTestSuiteMainPhase(TestSuiteExecutor.java:141)
	at com.kms.katalon.core.main.TestSuiteExecutor.execute(TestSuiteExecutor.java:90)
	at com.kms.katalon.core.main.TestCaseMain.startTestSuite(TestCaseMain.java:157)
	at com.kms.katalon.core.main.TestCaseMain$startTestSuite$0.call(Unknown Source)
	at TempTestSuite1601324593621.run(TempTestSuite1601324593621.groovy:39)
Caused by: com.kms.katalon.core.webui.exception.WebElementNotFoundException: Web element with id: 'Object Repository/Page_Workgroups  GRiD/a_FG3D' located by '//div[@id='workgroupExportTree']/a[10]' not found
	at com.kms.katalon.core.webui.common.WebUiCommonHelper.findWebElement(WebUiCommonHelper.java:1368)
	at com.kms.katalon.core.webui.keyword.internal.WebUIAbstractKeyword.findWebElement(WebUIAbstractKeyword.groovy:27)
	at com.kms.katalon.core.webui.keyword.internal.WebUIAbstractKeyword.findWebElement(WebUIAbstractKeyword.groovy:26)
	at com.kms.katalon.core.webui.keyword.builtin.ClickKeyword$_click_closure1.doCall(ClickKeyword.groovy:67)
	at com.kms.katalon.core.webui.keyword.builtin.ClickKeyword$_click_closure1.call(ClickKeyword.groovy)
	at com.kms.katalon.core.webui.keyword.internal.WebUIKeywordMain.runKeyword(WebUIKeywordMain.groovy:20)
	at com.kms.katalon.core.webui.keyword.builtin.ClickKeyword.click(ClickKeyword.groovy:76)
	at com.kms.katalon.core.webui.keyword.builtin.ClickKeyword.execute(ClickKeyword.groovy:43)
	at com.kms.katalon.core.keyword.internal.KeywordExecutor.executeKeywordForPlatform(KeywordExecutor.groovy:73)
	at com.kms.katalon.core.webui.keyword.WebUiBuiltInKeywords.click(WebUiBuiltInKeywords.groovy:616)
	at com.kms.katalon.core.webui.keyword.WebUiBuiltInKeywords$click$1.call(Unknown Source)
	at Script1599149155505.run(Script1599149155505.groovy:28)
	... 13 more
)

2020-09-29 00:03:56 - [MESSAGE][INFO] - Unable to find the element located by 'By.xpath: //div[@id='workgroupExportTree']/a[10]'. Please recheck the objects properties to make sure the desired element is located. 

2020-09-29 00:03:56 - [MESSAGE][WARNING] - [SELF-HEALING] Failed to find element with id 'Object Repository/Page_Workgroups  GRiD/a_FG3D'. Try using Self-healing.

2020-09-29 00:03:57 - [MESSAGE][INFO] - [SELF-HEALING] Failed Locator: '//div[@id='workgroupExportTree']/a[10]'.

2020-09-29 00:03:57 - [MESSAGE][INFO] - [SELF-HEALING] Failed Locator: '//a[contains(text(),'FG3D')]'.

2020-09-29 00:03:57 - [MESSAGE][INFO] - [SELF-HEALING] Failed Locator: '(.//*[normalize-space(text()) and normalize-space(.)='DTED2 DTM'])[1]/following::a[1]'.

2020-09-29 00:03:57 - [MESSAGE][INFO] - [SELF-HEALING] Failed Locator: '(.//*[normalize-space(text()) and normalize-space(.)='DTED0 DTM'])[1]/following::a[2]'.

2020-09-29 00:03:58 - [MESSAGE][INFO] - [SELF-HEALING] Failed Locator: '(.//*[normalize-space(text()) and normalize-space(.)='SRT2F DSM'])[1]/preceding::a[1]'.

2020-09-29 00:03:58 - [MESSAGE][INFO] - [SELF-HEALING] Failed Locator: '(.//*[normalize-space(text()) and normalize-space(.)='TDT DSM'])[1]/preceding::a[2]'.

2020-09-29 00:03:59 - [MESSAGE][INFO] - [SELF-HEALING] Failed Locator: '//*/text()[normalize-space(.)='FG3D']/parent::*'.

2020-09-29 00:03:59 - [MESSAGE][INFO] - [SELF-HEALING] Failed Locator: '//a[contains(@href, '/testgrid/export/aoi/36914/')]'.

2020-09-29 00:03:59 - [MESSAGE][INFO] - [SELF-HEALING] Failed Locator: '//div[2]/a[10]'.

2020-09-29 00:04:00 - [MESSAGE][INFO] - Unable to find the element located by 'By.xpath: //*[@href = '/testgrid/export/aoi/36914/' and (text() = '
            FG3D
            
              
              
            
          ' or . = '
            FG3D
            
              
              
            
          ')]'. Please recheck the objects properties to make sure the desired element is located. 

2020-09-29 00:04:01 - [MESSAGE][INFO] - Unable to find the element located by 'By.cssSelector: '. Please recheck the objects properties to make sure the desired element is located. 

2020-09-29 00:04:02 - [MESSAGE][FAILED] - Unable to click on object 'Object Repository/Page_Workgroups  GRiD/a_FG3D' (Root cause: com.kms.katalon.core.exception.StepFailedException: Unable to click on object 'Object Repository/Page_Workgroups  GRiD/a_FG3D'
	at com.kms.katalon.core.webui.keyword.internal.WebUIKeywordMain.stepFailed(WebUIKeywordMain.groovy:64)
	at com.kms.katalon.core.webui.keyword.internal.WebUIKeywordMain.runKeyword(WebUIKeywordMain.groovy:26)
	at com.kms.katalon.core.webui.keyword.builtin.ClickKeyword.click(ClickKeyword.groovy:76)
	at com.kms.katalon.core.webui.keyword.builtin.ClickKeyword.execute(ClickKeyword.groovy:43)
	at com.kms.katalon.core.keyword.internal.KeywordExecutor.executeKeywordForPlatform(KeywordExecutor.groovy:73)
	at com.kms.katalon.core.webui.keyword.WebUiBuiltInKeywords.click(WebUiBuiltInKeywords.groovy:616)
	at com.kms.katalon.core.webui.keyword.WebUiBuiltInKeywords$click$1.call(Unknown Source)
	at FG3D Test - Stragetic.run(FG3D Test - Stragetic:28)
	at com.kms.katalon.core.main.ScriptEngine.run(ScriptEngine.java:194)
	at com.kms.katalon.core.main.ScriptEngine.runScriptAsRawText(ScriptEngine.java:119)
	at com.kms.katalon.core.main.TestCaseExecutor.runScript(TestCaseExecutor.java:339)
	at com.kms.katalon.core.main.TestCaseExecutor.doExecute(TestCaseExecutor.java:330)
	at com.kms.katalon.core.main.TestCaseExecutor.processExecutionPhase(TestCaseExecutor.java:309)
	at com.kms.katalon.core.main.TestCaseExecutor.accessMainPhase(TestCaseExecutor.java:301)
	at com.kms.katalon.core.main.TestCaseExecutor.execute(TestCaseExecutor.java:235)
	at com.kms.katalon.core.main.TestSuiteExecutor.accessTestCaseMainPhase(TestSuiteExecutor.java:191)
	at com.kms.katalon.core.main.TestSuiteExecutor.accessTestSuiteMainPhase(TestSuiteExecutor.java:141)
	at com.kms.katalon.core.main.TestSuiteExecutor.execute(TestSuiteExecutor.java:90)
	at com.kms.katalon.core.main.TestCaseMain.startTestSuite(TestCaseMain.java:157)
	at com.kms.katalon.core.main.TestCaseMain$startTestSuite$0.call(Unknown Source)
	at TempTestSuite1601324593621.run(TempTestSuite1601324593621.groovy:39)
Caused by: com.kms.katalon.core.webui.exception.WebElementNotFoundException: Web element with id: 'Object Repository/Page_Workgroups  GRiD/a_FG3D' located by '//div[@id='workgroupExportTree']/a[10]' not found
	at com.kms.katalon.core.webui.common.WebUiCommonHelper.findWebElement(WebUiCommonHelper.java:1368)
	at com.kms.katalon.core.webui.keyword.internal.WebUIAbstractKeyword.findWebElement(WebUIAbstractKeyword.groovy:27)
	at com.kms.katalon.core.webui.keyword.internal.WebUIAbstractKeyword.findWebElement(WebUIAbstractKeyword.groovy:26)
	at com.kms.katalon.core.webui.keyword.builtin.ClickKeyword$_click_closure1.doCall(ClickKeyword.groovy:67)
	at com.kms.katalon.core.webui.keyword.builtin.ClickKeyword$_click_closure1.call(ClickKeyword.groovy)
	at com.kms.katalon.core.webui.keyword.internal.WebUIKeywordMain.runKeyword(WebUIKeywordMain.groovy:20)
	at com.kms.katalon.core.webui.keyword.builtin.ClickKeyword.click(ClickKeyword.groovy:76)
	at com.kms.katalon.core.webui.keyword.builtin.ClickKeyword.execute(ClickKeyword.groovy:43)
	at com.kms.katalon.core.keyword.internal.KeywordExecutor.executeKeywordForPlatform(KeywordExecutor.groovy:73)
	at com.kms.katalon.core.webui.keyword.WebUiBuiltInKeywords.click(WebUiBuiltInKeywords.groovy:616)
	at com.kms.katalon.core.webui.keyword.WebUiBuiltInKeywords$click$1.call(Unknown Source)
	at Script1599149155505.run(Script1599149155505.groovy:28)
	... 13 more
)
[[ATTACHMENT|/Users/bhavikpatel/Downloads/Projects/CRREL/GRiD/Automation Testing/Automation Testing Project/KatalonTesting/Reports/20200928_162313/GRiD FG3D/20200928_162313/1601352241953.png]]]]></system-out>
         <system-err><![CDATA[2020-09-29 00:02:43 - [TEST_CASE][FAILED] - Test Cases/FG3D/FG3D Test - Stragetic: Test Cases/FG3D/FG3D Test - Stragetic FAILED.
Reason:
com.kms.katalon.core.exception.StepFailedException: Unable to click on object 'Object Repository/Page_Workgroups  GRiD/a_FG3D'
	at com.kms.katalon.core.webui.keyword.internal.WebUIKeywordMain.stepFailed(WebUIKeywordMain.groovy:64)
	at com.kms.katalon.core.webui.keyword.internal.WebUIKeywordMain.runKeyword(WebUIKeywordMain.groovy:26)
	at com.kms.katalon.core.webui.keyword.builtin.ClickKeyword.click(ClickKeyword.groovy:76)
	at com.kms.katalon.core.webui.keyword.builtin.ClickKeyword.execute(ClickKeyword.groovy:43)
	at com.kms.katalon.core.keyword.internal.KeywordExecutor.executeKeywordForPlatform(KeywordExecutor.groovy:73)
	at com.kms.katalon.core.webui.keyword.WebUiBuiltInKeywords.click(WebUiBuiltInKeywords.groovy:616)
	at com.kms.katalon.core.webui.keyword.WebUiBuiltInKeywords$click$1.call(Unknown Source)
	at FG3D Test - Stragetic.run(FG3D Test - Stragetic:28)
	at com.kms.katalon.core.main.ScriptEngine.run(ScriptEngine.java:194)
	at com.kms.katalon.core.main.ScriptEngine.runScriptAsRawText(ScriptEngine.java:119)
	at com.kms.katalon.core.main.TestCaseExecutor.runScript(TestCaseExecutor.java:339)
	at com.kms.katalon.core.main.TestCaseExecutor.doExecute(TestCaseExecutor.java:330)
	at com.kms.katalon.core.main.TestCaseExecutor.processExecutionPhase(TestCaseExecutor.java:309)
	at com.kms.katalon.core.main.TestCaseExecutor.accessMainPhase(TestCaseExecutor.java:301)
	at com.kms.katalon.core.main.TestCaseExecutor.execute(TestCaseExecutor.java:235)
	at com.kms.katalon.core.main.TestSuiteExecutor.accessTestCaseMainPhase(TestSuiteExecutor.java:191)
	at com.kms.katalon.core.main.TestSuiteExecutor.accessTestSuiteMainPhase(TestSuiteExecutor.java:141)
	at com.kms.katalon.core.main.TestSuiteExecutor.execute(TestSuiteExecutor.java:90)
	at com.kms.katalon.core.main.TestCaseMain.startTestSuite(TestCaseMain.java:157)
	at com.kms.katalon.core.main.TestCaseMain$startTestSuite$0.call(Unknown Source)
	at TempTestSuite1601324593621.run(TempTestSuite1601324593621.groovy:39)
Caused by: com.kms.katalon.core.webui.exception.WebElementNotFoundException: Web element with id: 'Object Repository/Page_Workgroups  GRiD/a_FG3D' located by '//div[@id='workgroupExportTree']/a[10]' not found
	at com.kms.katalon.core.webui.common.WebUiCommonHelper.findWebElement(WebUiCommonHelper.java:1368)
	at com.kms.katalon.core.webui.keyword.internal.WebUIAbstractKeyword.findWebElement(WebUIAbstractKeyword.groovy:27)
	at com.kms.katalon.core.webui.keyword.internal.WebUIAbstractKeyword.findWebElement(WebUIAbstractKeyword.groovy:26)
	at com.kms.katalon.core.webui.keyword.builtin.ClickKeyword$_click_closure1.doCall(ClickKeyword.groovy:67)
	at com.kms.katalon.core.webui.keyword.builtin.ClickKeyword$_click_closure1.call(ClickKeyword.groovy)
	at com.kms.katalon.core.webui.keyword.internal.WebUIKeywordMain.runKeyword(WebUIKeywordMain.groovy:20)
	... 19 more]]></system-err>
      </testcase>
      <testcase name="Test Cases/FG3D/FG3D Test - Stragetic" time="80.076" classname="Test Cases/FG3D/FG3D Test - Stragetic" status="FAILED">
         <failure type="FAILED" message="Test Cases/FG3D/FG3D Test - Stragetic FAILED.
Reason:
com.kms.katalon.core.exception.StepFailedException: Unable to click on object 'Object Repository/Page_Workgroups  GRiD/a_FG3D'
	at com.kms.katalon.core.webui.keyword.internal.WebUIKeywordMain.stepFailed(WebUIKeywordMain.groovy:64)
	at com.kms.katalon.core.webui.keyword.internal.WebUIKeywordMain.runKeyword(WebUIKeywordMain.groovy:26)
	at com.kms.katalon.core.webui.keyword.builtin.ClickKeyword.click(ClickKeyword.groovy:76)
	at com.kms.katalon.core.webui.keyword.builtin.ClickKeyword.execute(ClickKeyword.groovy:43)
	at com.kms.katalon.core.keyword.internal.KeywordExecutor.executeKeywordForPlatform(KeywordExecutor.groovy:73)
	at com.kms.katalon.core.webui.keyword.WebUiBuiltInKeywords.click(WebUiBuiltInKeywords.groovy:616)
	at com.kms.katalon.core.webui.keyword.WebUiBuiltInKeywords$click$1.call(Unknown Source)
	at FG3D Test - Stragetic.run(FG3D Test - Stragetic:28)
	at com.kms.katalon.core.main.ScriptEngine.run(ScriptEngine.java:194)
	at com.kms.katalon.core.main.ScriptEngine.runScriptAsRawText(ScriptEngine.java:119)
	at com.kms.katalon.core.main.TestCaseExecutor.runScript(TestCaseExecutor.java:339)
	at com.kms.katalon.core.main.TestCaseExecutor.doExecute(TestCaseExecutor.java:330)
	at com.kms.katalon.core.main.TestCaseExecutor.processExecutionPhase(TestCaseExecutor.java:309)
	at com.kms.katalon.core.main.TestCaseExecutor.accessMainPhase(TestCaseExecutor.java:301)
	at com.kms.katalon.core.main.TestCaseExecutor.execute(TestCaseExecutor.java:235)
	at com.kms.katalon.core.main.TestSuiteExecutor.accessTestCaseMainPhase(TestSuiteExecutor.java:191)
	at com.kms.katalon.core.main.TestSuiteExecutor.accessTestSuiteMainPhase(TestSuiteExecutor.java:141)
	at com.kms.katalon.core.main.TestSuiteExecutor.execute(TestSuiteExecutor.java:90)
	at com.kms.katalon.core.main.TestCaseMain.startTestSuite(TestCaseMain.java:157)
	at com.kms.katalon.core.main.TestCaseMain$startTestSuite$0.call(Unknown Source)
	at TempTestSuite1601324593621.run(TempTestSuite1601324593621.groovy:39)
Caused by: com.kms.katalon.core.webui.exception.WebElementNotFoundException: Web element with id: 'Object Repository/Page_Workgroups  GRiD/a_FG3D' located by '//div[@id='workgroupExportTree']/a[10]' not found
	at com.kms.katalon.core.webui.common.WebUiCommonHelper.findWebElement(WebUiCommonHelper.java:1368)
	at com.kms.katalon.core.webui.keyword.internal.WebUIAbstractKeyword.findWebElement(WebUIAbstractKeyword.groovy:27)
	at com.kms.katalon.core.webui.keyword.internal.WebUIAbstractKeyword.findWebElement(WebUIAbstractKeyword.groovy:26)
	at com.kms.katalon.core.webui.keyword.builtin.ClickKeyword$_click_closure1.doCall(ClickKeyword.groovy:67)
	at com.kms.katalon.core.webui.keyword.builtin.ClickKeyword$_click_closure1.call(ClickKeyword.groovy)
	at com.kms.katalon.core.webui.keyword.internal.WebUIKeywordMain.runKeyword(WebUIKeywordMain.groovy:20)
	... 19 more
"/>
         <system-out><![CDATA[2020-09-29 00:04:02 - [TEST_CASE][FAILED] - Test Cases/FG3D/FG3D Test - Stragetic: Test Cases/FG3D/FG3D Test - Stragetic FAILED.
Reason:
com.kms.katalon.core.exception.StepFailedException: Unable to click on object 'Object Repository/Page_Workgroups  GRiD/a_FG3D'
	at com.kms.katalon.core.webui.keyword.internal.WebUIKeywordMain.stepFailed(WebUIKeywordMain.groovy:64)
	at com.kms.katalon.core.webui.keyword.internal.WebUIKeywordMain.runKeyword(WebUIKeywordMain.groovy:26)
	at com.kms.katalon.core.webui.keyword.builtin.ClickKeyword.click(ClickKeyword.groovy:76)
	at com.kms.katalon.core.webui.keyword.builtin.ClickKeyword.execute(ClickKeyword.groovy:43)
	at com.kms.katalon.core.keyword.internal.KeywordExecutor.executeKeywordForPlatform(KeywordExecutor.groovy:73)
	at com.kms.katalon.core.webui.keyword.WebUiBuiltInKeywords.click(WebUiBuiltInKeywords.groovy:616)
	at com.kms.katalon.core.webui.keyword.WebUiBuiltInKeywords$click$1.call(Unknown Source)
	at FG3D Test - Stragetic.run(FG3D Test - Stragetic:28)
	at com.kms.katalon.core.main.ScriptEngine.run(ScriptEngine.java:194)
	at com.kms.katalon.core.main.ScriptEngine.runScriptAsRawText(ScriptEngine.java:119)
	at com.kms.katalon.core.main.TestCaseExecutor.runScript(TestCaseExecutor.java:339)
	at com.kms.katalon.core.main.TestCaseExecutor.doExecute(TestCaseExecutor.java:330)
	at com.kms.katalon.core.main.TestCaseExecutor.processExecutionPhase(TestCaseExecutor.java:309)
	at com.kms.katalon.core.main.TestCaseExecutor.accessMainPhase(TestCaseExecutor.java:301)
	at com.kms.katalon.core.main.TestCaseExecutor.execute(TestCaseExecutor.java:235)
	at com.kms.katalon.core.main.TestSuiteExecutor.accessTestCaseMainPhase(TestSuiteExecutor.java:191)
	at com.kms.katalon.core.main.TestSuiteExecutor.accessTestSuiteMainPhase(TestSuiteExecutor.java:141)
	at com.kms.katalon.core.main.TestSuiteExecutor.execute(TestSuiteExecutor.java:90)
	at com.kms.katalon.core.main.TestCaseMain.startTestSuite(TestCaseMain.java:157)
	at com.kms.katalon.core.main.TestCaseMain$startTestSuite$0.call(Unknown Source)
	at TempTestSuite1601324593621.run(TempTestSuite1601324593621.groovy:39)
Caused by: com.kms.katalon.core.webui.exception.WebElementNotFoundException: Web element with id: 'Object Repository/Page_Workgroups  GRiD/a_FG3D' located by '//div[@id='workgroupExportTree']/a[10]' not found
	at com.kms.katalon.core.webui.common.WebUiCommonHelper.findWebElement(WebUiCommonHelper.java:1368)
	at com.kms.katalon.core.webui.keyword.internal.WebUIAbstractKeyword.findWebElement(WebUIAbstractKeyword.groovy:27)
	at com.kms.katalon.core.webui.keyword.internal.WebUIAbstractKeyword.findWebElement(WebUIAbstractKeyword.groovy:26)
	at com.kms.katalon.core.webui.keyword.builtin.ClickKeyword$_click_closure1.doCall(ClickKeyword.groovy:67)
	at com.kms.katalon.core.webui.keyword.builtin.ClickKeyword$_click_closure1.call(ClickKeyword.groovy)
	at com.kms.katalon.core.webui.keyword.internal.WebUIKeywordMain.runKeyword(WebUIKeywordMain.groovy:20)
	... 19 more


2020-09-29 00:04:02 - [TEST_STEP][PASSED] - openBrowser(""): Browser is opened with url: ''

2020-09-29 00:04:02 - [MESSAGE][WARNING] - A browser is already opened. Closing browser and opening a new one

2020-09-29 00:04:02 - [MESSAGE][INFO] - Starting 'Chrome' driver

2020-09-29 00:04:02 - [MESSAGE][INFO] - Action delay is set to 0 milliseconds

2020-09-29 00:04:03 - [MESSAGE][PASSED] - Browser is opened with url: ''

2020-09-29 00:04:03 - [TEST_STEP][PASSED] - navigateToUrl("https://grid.nga.mil/testgrid/"): Navigate to 'https://grid.nga.mil/testgrid/' successfully

2020-09-29 00:04:08 - [MESSAGE][PASSED] - Navigate to 'https://grid.nga.mil/testgrid/' successfully

2020-09-29 00:04:08 - [TEST_STEP][PASSED] - click(findTestObject("Page_Home  GRiD/a_CAC  GEOAxIS Login")): Object: 'Object Repository/Page_Home  GRiD/a_CAC  GEOAxIS Login' is clicked on

2020-09-29 00:04:14 - [MESSAGE][PASSED] - Object: 'Object Repository/Page_Home  GRiD/a_CAC  GEOAxIS Login' is clicked on

2020-09-29 00:04:14 - [TEST_STEP][PASSED] - click(findTestObject("Page_Home  GRiD/a_Share")): Object: 'Object Repository/Page_Home  GRiD/a_Share' is clicked on

2020-09-29 00:04:45 - [MESSAGE][INFO] - Unable to find the element located by 'By.xpath: //div[@id='navbarToggle']/ul/li[5]/a'. Please recheck the objects properties to make sure the desired element is located. 

2020-09-29 00:04:45 - [MESSAGE][WARNING] - [SELF-HEALING] Failed to find element with id 'Object Repository/Page_Home  GRiD/a_Share'. Try using Self-healing.

2020-09-29 00:04:45 - [MESSAGE][WARNING] - [SELF-HEALING] The current locator of test object 'Object Repository/Page_Home  GRiD/a_Share' was broken. Propose an alternative one: '//li[5]/a'.

2020-09-29 00:04:45 - [MESSAGE][PASSED] - Object: 'Object Repository/Page_Home  GRiD/a_Share' is clicked on

2020-09-29 00:04:45 - [TEST_STEP][FAILED] - click(findTestObject("Page_Workgroups  GRiD/a_FG3D")): Unable to click on object 'Object Repository/Page_Workgroups  GRiD/a_FG3D' (Root cause: com.kms.katalon.core.exception.StepFailedException: Unable to click on object 'Object Repository/Page_Workgroups  GRiD/a_FG3D'
	at com.kms.katalon.core.webui.keyword.internal.WebUIKeywordMain.stepFailed(WebUIKeywordMain.groovy:64)
	at com.kms.katalon.core.webui.keyword.internal.WebUIKeywordMain.runKeyword(WebUIKeywordMain.groovy:26)
	at com.kms.katalon.core.webui.keyword.builtin.ClickKeyword.click(ClickKeyword.groovy:76)
	at com.kms.katalon.core.webui.keyword.builtin.ClickKeyword.execute(ClickKeyword.groovy:43)
	at com.kms.katalon.core.keyword.internal.KeywordExecutor.executeKeywordForPlatform(KeywordExecutor.groovy:73)
	at com.kms.katalon.core.webui.keyword.WebUiBuiltInKeywords.click(WebUiBuiltInKeywords.groovy:616)
	at com.kms.katalon.core.webui.keyword.WebUiBuiltInKeywords$click$1.call(Unknown Source)
	at FG3D Test - Stragetic.run(FG3D Test - Stragetic:28)
	at com.kms.katalon.core.main.ScriptEngine.run(ScriptEngine.java:194)
	at com.kms.katalon.core.main.ScriptEngine.runScriptAsRawText(ScriptEngine.java:119)
	at com.kms.katalon.core.main.TestCaseExecutor.runScript(TestCaseExecutor.java:339)
	at com.kms.katalon.core.main.TestCaseExecutor.doExecute(TestCaseExecutor.java:330)
	at com.kms.katalon.core.main.TestCaseExecutor.processExecutionPhase(TestCaseExecutor.java:309)
	at com.kms.katalon.core.main.TestCaseExecutor.accessMainPhase(TestCaseExecutor.java:301)
	at com.kms.katalon.core.main.TestCaseExecutor.execute(TestCaseExecutor.java:235)
	at com.kms.katalon.core.main.TestSuiteExecutor.accessTestCaseMainPhase(TestSuiteExecutor.java:191)
	at com.kms.katalon.core.main.TestSuiteExecutor.accessTestSuiteMainPhase(TestSuiteExecutor.java:141)
	at com.kms.katalon.core.main.TestSuiteExecutor.execute(TestSuiteExecutor.java:90)
	at com.kms.katalon.core.main.TestCaseMain.startTestSuite(TestCaseMain.java:157)
	at com.kms.katalon.core.main.TestCaseMain$startTestSuite$0.call(Unknown Source)
	at TempTestSuite1601324593621.run(TempTestSuite1601324593621.groovy:39)
Caused by: com.kms.katalon.core.webui.exception.WebElementNotFoundException: Web element with id: 'Object Repository/Page_Workgroups  GRiD/a_FG3D' located by '//div[@id='workgroupExportTree']/a[10]' not found
	at com.kms.katalon.core.webui.common.WebUiCommonHelper.findWebElement(WebUiCommonHelper.java:1368)
	at com.kms.katalon.core.webui.keyword.internal.WebUIAbstractKeyword.findWebElement(WebUIAbstractKeyword.groovy:27)
	at com.kms.katalon.core.webui.keyword.internal.WebUIAbstractKeyword.findWebElement(WebUIAbstractKeyword.groovy:26)
	at com.kms.katalon.core.webui.keyword.builtin.ClickKeyword$_click_closure1.doCall(ClickKeyword.groovy:67)
	at com.kms.katalon.core.webui.keyword.builtin.ClickKeyword$_click_closure1.call(ClickKeyword.groovy)
	at com.kms.katalon.core.webui.keyword.internal.WebUIKeywordMain.runKeyword(WebUIKeywordMain.groovy:20)
	at com.kms.katalon.core.webui.keyword.builtin.ClickKeyword.click(ClickKeyword.groovy:76)
	at com.kms.katalon.core.webui.keyword.builtin.ClickKeyword.execute(ClickKeyword.groovy:43)
	at com.kms.katalon.core.keyword.internal.KeywordExecutor.executeKeywordForPlatform(KeywordExecutor.groovy:73)
	at com.kms.katalon.core.webui.keyword.WebUiBuiltInKeywords.click(WebUiBuiltInKeywords.groovy:616)
	at com.kms.katalon.core.webui.keyword.WebUiBuiltInKeywords$click$1.call(Unknown Source)
	at Script1599149155505.run(Script1599149155505.groovy:28)
	... 13 more
)

2020-09-29 00:05:17 - [MESSAGE][INFO] - Unable to find the element located by 'By.xpath: //div[@id='workgroupExportTree']/a[10]'. Please recheck the objects properties to make sure the desired element is located. 

2020-09-29 00:05:17 - [MESSAGE][WARNING] - [SELF-HEALING] Failed to find element with id 'Object Repository/Page_Workgroups  GRiD/a_FG3D'. Try using Self-healing.

2020-09-29 00:05:17 - [MESSAGE][INFO] - [SELF-HEALING] Failed Locator: '//div[@id='workgroupExportTree']/a[10]'.

2020-09-29 00:05:17 - [MESSAGE][INFO] - [SELF-HEALING] Failed Locator: '//a[contains(text(),'FG3D')]'.

2020-09-29 00:05:18 - [MESSAGE][INFO] - [SELF-HEALING] Failed Locator: '(.//*[normalize-space(text()) and normalize-space(.)='DTED2 DTM'])[1]/following::a[1]'.

2020-09-29 00:05:18 - [MESSAGE][INFO] - [SELF-HEALING] Failed Locator: '(.//*[normalize-space(text()) and normalize-space(.)='DTED0 DTM'])[1]/following::a[2]'.

2020-09-29 00:05:18 - [MESSAGE][INFO] - [SELF-HEALING] Failed Locator: '(.//*[normalize-space(text()) and normalize-space(.)='SRT2F DSM'])[1]/preceding::a[1]'.

2020-09-29 00:05:18 - [MESSAGE][INFO] - [SELF-HEALING] Failed Locator: '(.//*[normalize-space(text()) and normalize-space(.)='TDT DSM'])[1]/preceding::a[2]'.

2020-09-29 00:05:19 - [MESSAGE][INFO] - [SELF-HEALING] Failed Locator: '//*/text()[normalize-space(.)='FG3D']/parent::*'.

2020-09-29 00:05:19 - [MESSAGE][INFO] - [SELF-HEALING] Failed Locator: '//a[contains(@href, '/testgrid/export/aoi/36914/')]'.

2020-09-29 00:05:19 - [MESSAGE][INFO] - [SELF-HEALING] Failed Locator: '//div[2]/a[10]'.

2020-09-29 00:05:20 - [MESSAGE][INFO] - Unable to find the element located by 'By.xpath: //*[@href = '/testgrid/export/aoi/36914/' and (text() = '
            FG3D
            
              
              
            
          ' or . = '
            FG3D
            
              
              
            
          ')]'. Please recheck the objects properties to make sure the desired element is located. 

2020-09-29 00:05:22 - [MESSAGE][INFO] - Unable to find the element located by 'By.cssSelector: '. Please recheck the objects properties to make sure the desired element is located. 

2020-09-29 00:05:22 - [MESSAGE][FAILED] - Unable to click on object 'Object Repository/Page_Workgroups  GRiD/a_FG3D' (Root cause: com.kms.katalon.core.exception.StepFailedException: Unable to click on object 'Object Repository/Page_Workgroups  GRiD/a_FG3D'
	at com.kms.katalon.core.webui.keyword.internal.WebUIKeywordMain.stepFailed(WebUIKeywordMain.groovy:64)
	at com.kms.katalon.core.webui.keyword.internal.WebUIKeywordMain.runKeyword(WebUIKeywordMain.groovy:26)
	at com.kms.katalon.core.webui.keyword.builtin.ClickKeyword.click(ClickKeyword.groovy:76)
	at com.kms.katalon.core.webui.keyword.builtin.ClickKeyword.execute(ClickKeyword.groovy:43)
	at com.kms.katalon.core.keyword.internal.KeywordExecutor.executeKeywordForPlatform(KeywordExecutor.groovy:73)
	at com.kms.katalon.core.webui.keyword.WebUiBuiltInKeywords.click(WebUiBuiltInKeywords.groovy:616)
	at com.kms.katalon.core.webui.keyword.WebUiBuiltInKeywords$click$1.call(Unknown Source)
	at FG3D Test - Stragetic.run(FG3D Test - Stragetic:28)
	at com.kms.katalon.core.main.ScriptEngine.run(ScriptEngine.java:194)
	at com.kms.katalon.core.main.ScriptEngine.runScriptAsRawText(ScriptEngine.java:119)
	at com.kms.katalon.core.main.TestCaseExecutor.runScript(TestCaseExecutor.java:339)
	at com.kms.katalon.core.main.TestCaseExecutor.doExecute(TestCaseExecutor.java:330)
	at com.kms.katalon.core.main.TestCaseExecutor.processExecutionPhase(TestCaseExecutor.java:309)
	at com.kms.katalon.core.main.TestCaseExecutor.accessMainPhase(TestCaseExecutor.java:301)
	at com.kms.katalon.core.main.TestCaseExecutor.execute(TestCaseExecutor.java:235)
	at com.kms.katalon.core.main.TestSuiteExecutor.accessTestCaseMainPhase(TestSuiteExecutor.java:191)
	at com.kms.katalon.core.main.TestSuiteExecutor.accessTestSuiteMainPhase(TestSuiteExecutor.java:141)
	at com.kms.katalon.core.main.TestSuiteExecutor.execute(TestSuiteExecutor.java:90)
	at com.kms.katalon.core.main.TestCaseMain.startTestSuite(TestCaseMain.java:157)
	at com.kms.katalon.core.main.TestCaseMain$startTestSuite$0.call(Unknown Source)
	at TempTestSuite1601324593621.run(TempTestSuite1601324593621.groovy:39)
Caused by: com.kms.katalon.core.webui.exception.WebElementNotFoundException: Web element with id: 'Object Repository/Page_Workgroups  GRiD/a_FG3D' located by '//div[@id='workgroupExportTree']/a[10]' not found
	at com.kms.katalon.core.webui.common.WebUiCommonHelper.findWebElement(WebUiCommonHelper.java:1368)
	at com.kms.katalon.core.webui.keyword.internal.WebUIAbstractKeyword.findWebElement(WebUIAbstractKeyword.groovy:27)
	at com.kms.katalon.core.webui.keyword.internal.WebUIAbstractKeyword.findWebElement(WebUIAbstractKeyword.groovy:26)
	at com.kms.katalon.core.webui.keyword.builtin.ClickKeyword$_click_closure1.doCall(ClickKeyword.groovy:67)
	at com.kms.katalon.core.webui.keyword.builtin.ClickKeyword$_click_closure1.call(ClickKeyword.groovy)
	at com.kms.katalon.core.webui.keyword.internal.WebUIKeywordMain.runKeyword(WebUIKeywordMain.groovy:20)
	at com.kms.katalon.core.webui.keyword.builtin.ClickKeyword.click(ClickKeyword.groovy:76)
	at com.kms.katalon.core.webui.keyword.builtin.ClickKeyword.execute(ClickKeyword.groovy:43)
	at com.kms.katalon.core.keyword.internal.KeywordExecutor.executeKeywordForPlatform(KeywordExecutor.groovy:73)
	at com.kms.katalon.core.webui.keyword.WebUiBuiltInKeywords.click(WebUiBuiltInKeywords.groovy:616)
	at com.kms.katalon.core.webui.keyword.WebUiBuiltInKeywords$click$1.call(Unknown Source)
	at Script1599149155505.run(Script1599149155505.groovy:28)
	... 13 more
)
[[ATTACHMENT|/Users/bhavikpatel/Downloads/Projects/CRREL/GRiD/Automation Testing/Automation Testing Project/KatalonTesting/Reports/20200928_162313/GRiD FG3D/20200928_162313/1601352322047.png]]]]></system-out>
         <system-err><![CDATA[2020-09-29 00:04:02 - [TEST_CASE][FAILED] - Test Cases/FG3D/FG3D Test - Stragetic: Test Cases/FG3D/FG3D Test - Stragetic FAILED.
Reason:
com.kms.katalon.core.exception.StepFailedException: Unable to click on object 'Object Repository/Page_Workgroups  GRiD/a_FG3D'
	at com.kms.katalon.core.webui.keyword.internal.WebUIKeywordMain.stepFailed(WebUIKeywordMain.groovy:64)
	at com.kms.katalon.core.webui.keyword.internal.WebUIKeywordMain.runKeyword(WebUIKeywordMain.groovy:26)
	at com.kms.katalon.core.webui.keyword.builtin.ClickKeyword.click(ClickKeyword.groovy:76)
	at com.kms.katalon.core.webui.keyword.builtin.ClickKeyword.execute(ClickKeyword.groovy:43)
	at com.kms.katalon.core.keyword.internal.KeywordExecutor.executeKeywordForPlatform(KeywordExecutor.groovy:73)
	at com.kms.katalon.core.webui.keyword.WebUiBuiltInKeywords.click(WebUiBuiltInKeywords.groovy:616)
	at com.kms.katalon.core.webui.keyword.WebUiBuiltInKeywords$click$1.call(Unknown Source)
	at FG3D Test - Stragetic.run(FG3D Test - Stragetic:28)
	at com.kms.katalon.core.main.ScriptEngine.run(ScriptEngine.java:194)
	at com.kms.katalon.core.main.ScriptEngine.runScriptAsRawText(ScriptEngine.java:119)
	at com.kms.katalon.core.main.TestCaseExecutor.runScript(TestCaseExecutor.java:339)
	at com.kms.katalon.core.main.TestCaseExecutor.doExecute(TestCaseExecutor.java:330)
	at com.kms.katalon.core.main.TestCaseExecutor.processExecutionPhase(TestCaseExecutor.java:309)
	at com.kms.katalon.core.main.TestCaseExecutor.accessMainPhase(TestCaseExecutor.java:301)
	at com.kms.katalon.core.main.TestCaseExecutor.execute(TestCaseExecutor.java:235)
	at com.kms.katalon.core.main.TestSuiteExecutor.accessTestCaseMainPhase(TestSuiteExecutor.java:191)
	at com.kms.katalon.core.main.TestSuiteExecutor.accessTestSuiteMainPhase(TestSuiteExecutor.java:141)
	at com.kms.katalon.core.main.TestSuiteExecutor.execute(TestSuiteExecutor.java:90)
	at com.kms.katalon.core.main.TestCaseMain.startTestSuite(TestCaseMain.java:157)
	at com.kms.katalon.core.main.TestCaseMain$startTestSuite$0.call(Unknown Source)
	at TempTestSuite1601324593621.run(TempTestSuite1601324593621.groovy:39)
Caused by: com.kms.katalon.core.webui.exception.WebElementNotFoundException: Web element with id: 'Object Repository/Page_Workgroups  GRiD/a_FG3D' located by '//div[@id='workgroupExportTree']/a[10]' not found
	at com.kms.katalon.core.webui.common.WebUiCommonHelper.findWebElement(WebUiCommonHelper.java:1368)
	at com.kms.katalon.core.webui.keyword.internal.WebUIAbstractKeyword.findWebElement(WebUIAbstractKeyword.groovy:27)
	at com.kms.katalon.core.webui.keyword.internal.WebUIAbstractKeyword.findWebElement(WebUIAbstractKeyword.groovy:26)
	at com.kms.katalon.core.webui.keyword.builtin.ClickKeyword$_click_closure1.doCall(ClickKeyword.groovy:67)
	at com.kms.katalon.core.webui.keyword.builtin.ClickKeyword$_click_closure1.call(ClickKeyword.groovy)
	at com.kms.katalon.core.webui.keyword.internal.WebUIKeywordMain.runKeyword(WebUIKeywordMain.groovy:20)
	... 19 more]]></system-err>
      </testcase>
      <system-out><![CDATA[2020-09-28 16:23:16 - [TEST_SUITE][FAILED] - GRiD FG3D: Test Cases/FG3D/FG3D Test - Stragetic FAILED.
Reason:
com.kms.katalon.core.exception.StepFailedException: Unable to select option by label 'ERSI Shapefile' of object 'Object Repository/Page_Map  GRiD/select_ESRI Shapefile  GeoPackage  KML  --- No Output ---'  using regular expression
	at com.kms.katalon.core.webui.keyword.internal.WebUIKeywordMain.stepFailed(WebUIKeywordMain.groovy:64)
	at com.kms.katalon.core.webui.keyword.internal.WebUIKeywordMain.runKeyword(WebUIKeywordMain.groovy:26)
	at com.kms.katalon.core.webui.keyword.builtin.SelectOptionByLabelKeyword.selectOptionByLabel(SelectOptionByLabelKeyword.groovy:98)
	at com.kms.katalon.core.webui.keyword.builtin.SelectOptionByLabelKeyword.execute(SelectOptionByLabelKeyword.groovy:71)
	at com.kms.katalon.core.keyword.internal.KeywordExecutor.executeKeywordForPlatform(KeywordExecutor.groovy:73)
	at com.kms.katalon.core.webui.keyword.WebUiBuiltInKeywords.selectOptionByLabel(WebUiBuiltInKeywords.groovy:1226)
	at com.kms.katalon.core.webui.keyword.WebUiBuiltInKeywords$selectOptionByLabel$4.call(Unknown Source)
	at FG3D Test - Stragetic.run(FG3D Test - Stragetic:51)
	at com.kms.katalon.core.main.ScriptEngine.run(ScriptEngine.java:194)
	at com.kms.katalon.core.main.ScriptEngine.runScriptAsRawText(ScriptEngine.java:119)
	at com.kms.katalon.core.main.TestCaseExecutor.runScript(TestCaseExecutor.java:339)
	at com.kms.katalon.core.main.TestCaseExecutor.doExecute(TestCaseExecutor.java:330)
	at com.kms.katalon.core.main.TestCaseExecutor.processExecutionPhase(TestCaseExecutor.java:309)
	at com.kms.katalon.core.main.TestCaseExecutor.accessMainPhase(TestCaseExecutor.java:301)
	at com.kms.katalon.core.main.TestCaseExecutor.execute(TestCaseExecutor.java:235)
	at com.kms.katalon.core.main.TestSuiteExecutor.accessTestCaseMainPhase(TestSuiteExecutor.java:191)
	at com.kms.katalon.core.main.TestSuiteExecutor.accessTestSuiteMainPhase(TestSuiteExecutor.java:141)
	at com.kms.katalon.core.main.TestSuiteExecutor.execute(TestSuiteExecutor.java:90)
	at com.kms.katalon.core.main.TestCaseMain.startTestSuite(TestCaseMain.java:157)
	at com.kms.katalon.core.main.TestCaseMain$startTestSuite$0.call(Unknown Source)
	at TempTestSuite1601324593621.run(TempTestSuite1601324593621.groovy:39)
Caused by: com.kms.katalon.core.exception.StepFailedException: No option matched.
	at com.kms.katalon.core.keyword.internal.KeywordMain.stepFailed(KeywordMain.groovy:50)
	at com.kms.katalon.core.keyword.internal.KeywordMain.stepFailed(KeywordMain.groovy)
	at com.kms.katalon.core.keyword.internal.KeywordMain.stepFailed(KeywordMain.groovy:23)
	at com.kms.katalon.core.webui.keyword.builtin.SelectOptionByLabelKeyword$_selectOptionByLabel_closure1.doCall(SelectOptionByLabelKeyword.groovy:91)
	at com.kms.katalon.core.webui.keyword.builtin.SelectOptionByLabelKeyword$_selectOptionByLabel_closure1.call(SelectOptionByLabelKeyword.groovy)
	at com.kms.katalon.core.webui.keyword.internal.WebUIKeywordMain.runKeyword(WebUIKeywordMain.groovy:20)
	... 19 more]]></system-out>
      <system-err><![CDATA[2020-09-28 16:23:16 - [TEST_SUITE][FAILED] - GRiD FG3D: Test Cases/FG3D/FG3D Test - Stragetic FAILED.
Reason:
com.kms.katalon.core.exception.StepFailedException: Unable to select option by label 'ERSI Shapefile' of object 'Object Repository/Page_Map  GRiD/select_ESRI Shapefile  GeoPackage  KML  --- No Output ---'  using regular expression
	at com.kms.katalon.core.webui.keyword.internal.WebUIKeywordMain.stepFailed(WebUIKeywordMain.groovy:64)
	at com.kms.katalon.core.webui.keyword.internal.WebUIKeywordMain.runKeyword(WebUIKeywordMain.groovy:26)
	at com.kms.katalon.core.webui.keyword.builtin.SelectOptionByLabelKeyword.selectOptionByLabel(SelectOptionByLabelKeyword.groovy:98)
	at com.kms.katalon.core.webui.keyword.builtin.SelectOptionByLabelKeyword.execute(SelectOptionByLabelKeyword.groovy:71)
	at com.kms.katalon.core.keyword.internal.KeywordExecutor.executeKeywordForPlatform(KeywordExecutor.groovy:73)
	at com.kms.katalon.core.webui.keyword.WebUiBuiltInKeywords.selectOptionByLabel(WebUiBuiltInKeywords.groovy:1226)
	at com.kms.katalon.core.webui.keyword.WebUiBuiltInKeywords$selectOptionByLabel$4.call(Unknown Source)
	at FG3D Test - Stragetic.run(FG3D Test - Stragetic:51)
	at com.kms.katalon.core.main.ScriptEngine.run(ScriptEngine.java:194)
	at com.kms.katalon.core.main.ScriptEngine.runScriptAsRawText(ScriptEngine.java:119)
	at com.kms.katalon.core.main.TestCaseExecutor.runScript(TestCaseExecutor.java:339)
	at com.kms.katalon.core.main.TestCaseExecutor.doExecute(TestCaseExecutor.java:330)
	at com.kms.katalon.core.main.TestCaseExecutor.processExecutionPhase(TestCaseExecutor.java:309)
	at com.kms.katalon.core.main.TestCaseExecutor.accessMainPhase(TestCaseExecutor.java:301)
	at com.kms.katalon.core.main.TestCaseExecutor.execute(TestCaseExecutor.java:235)
	at com.kms.katalon.core.main.TestSuiteExecutor.accessTestCaseMainPhase(TestSuiteExecutor.java:191)
	at com.kms.katalon.core.main.TestSuiteExecutor.accessTestSuiteMainPhase(TestSuiteExecutor.java:141)
	at com.kms.katalon.core.main.TestSuiteExecutor.execute(TestSuiteExecutor.java:90)
	at com.kms.katalon.core.main.TestCaseMain.startTestSuite(TestCaseMain.java:157)
	at com.kms.katalon.core.main.TestCaseMain$startTestSuite$0.call(Unknown Source)
	at TempTestSuite1601324593621.run(TempTestSuite1601324593621.groovy:39)
Caused by: com.kms.katalon.core.exception.StepFailedException: No option matched.
	at com.kms.katalon.core.keyword.internal.KeywordMain.stepFailed(KeywordMain.groovy:50)
	at com.kms.katalon.core.keyword.internal.KeywordMain.stepFailed(KeywordMain.groovy)
	at com.kms.katalon.core.keyword.internal.KeywordMain.stepFailed(KeywordMain.groovy:23)
	at com.kms.katalon.core.webui.keyword.builtin.SelectOptionByLabelKeyword$_selectOptionByLabel_closure1.doCall(SelectOptionByLabelKeyword.groovy:91)
	at com.kms.katalon.core.webui.keyword.builtin.SelectOptionByLabelKeyword$_selectOptionByLabel_closure1.call(SelectOptionByLabelKeyword.groovy)
	at com.kms.katalon.core.webui.keyword.internal.WebUIKeywordMain.runKeyword(WebUIKeywordMain.groovy:20)
	... 19 more]]></system-err>
   </testsuite>
</testsuites>
