<?xml version="1.0" encoding="UTF-8"?>
<testsuites name="GRiD LegacyExports" time="315.53" tests="5" failures="0" errors="0">
   <testsuite name="GRiD LegacyExports" tests="5" failures="0" errors="0" time="315.53" timestamp="2020-09-29 16:31:55" hostname="NickLivas - DESKTOP-1HIC9R3" id="Test Suites/GRiD LegacyExports">
      <properties>
         <property name="deviceName" value=""/>
         <property name="devicePlatform" value=""/>
         <property name="logFolder" value="C:\\Users\\NickLivas\\Documents\\Testing\\Katalon\\KatalonTesting\\Reports\\20200929_163151\\GRiD LegacyExports\\20200929_163151"/>
         <property name="logFiles" value="C:\\Users\\NickLivas\\Documents\\Testing\\Katalon\\KatalonTesting\\Reports\\20200929_163151\\GRiD LegacyExports\\20200929_163151\\execution0.log"/>
         <property name="attachments" value=""/>
         <property name="hostName" value="NickLivas - DESKTOP-1HIC9R3"/>
         <property name="os" value="Windows 10 64bit"/>
         <property name="katalonVersion" value="7.6.2.205"/>
         <property name="browser" value="Edge Chromium 85"/>
         <property name="hostAddress" value="192.168.0.119"/>
         <property name="sessionId" value="44c135e6aa9fdf7450b8d035d3ebf8f4"/>
         <property name="seleniumVersion" value="3.141.59"/>
         <property name="proxyInformation" value="ProxyInformation { proxyOption=NO_PROXY, proxyServerType=HTTP, username=, password=********, proxyServerAddress=, proxyServerPort=0, executionList=\&quot;\&quot;, isApplyToDesiredCapabilities=true }"/>
         <property name="platform" value="Windows 10"/>
      </properties>
      <testcase name="Test Cases/Legacy Exports/1 - ALIRT PC Export - First" time="106.692" classname="Test Cases/Legacy Exports/1 - ALIRT PC Export - First" status="PASSED">
         <system-out><![CDATA[2020-09-29 16:31:55 - [TEST_CASE][PASSED] - Test Cases/Legacy Exports/1 - ALIRT PC Export - First: Test Cases/Legacy Exports/1 - ALIRT PC Export - First

2020-09-29 16:31:55 - [TEST_STEP][PASSED] - openBrowser(""): Browser is opened with url: ''

2020-09-29 16:31:56 - [MESSAGE][INFO] - Starting 'Edge Chromium' driver

2020-09-29 16:31:59 - [MESSAGE][INFO] - Action delay is set to 0 milliseconds

2020-09-29 16:32:04 - [MESSAGE][PASSED] - Browser is opened with url: ''

2020-09-29 16:32:04 - [TEST_STEP][PASSED] - navigateToUrl("https://grid.nga.mil/testgrid/accounts/login/?next=/testgrid/export/aoi/38123/"): Navigate to 'https://grid.nga.mil/testgrid/accounts/login/?next=/testgrid/export/aoi/38123/' successfully

2020-09-29 16:32:05 - [MESSAGE][PASSED] - Navigate to 'https://grid.nga.mil/testgrid/accounts/login/?next=/testgrid/export/aoi/38123/' successfully

2020-09-29 16:32:05 - [TEST_STEP][PASSED] - click(findTestObject("Page_Login  GRiD/btn_CAC  GEOAxIS Login")): Object: 'Object Repository/Page_Login  GRiD/btn_CAC  GEOAxIS Login' is clicked on

2020-09-29 16:32:54 - [MESSAGE][PASSED] - Object: 'Object Repository/Page_Login  GRiD/btn_CAC  GEOAxIS Login' is clicked on

2020-09-29 16:32:54 - [TEST_STEP][PASSED] - click(findTestObject("Page_AT-Pointcloud  GRiD/a_Export pointcloud data")): Object: 'Object Repository/Page_AT-Pointcloud  GRiD/a_Export pointcloud data' is clicked on

2020-09-29 16:32:58 - [MESSAGE][PASSED] - Object: 'Object Repository/Page_AT-Pointcloud  GRiD/a_Export pointcloud data' is clicked on

2020-09-29 16:32:58 - [TEST_STEP][PASSED] - click(findTestObject("Page_AT-Pointcloud  GRiD/div_PC 20111014_41R751348 UNCLASSIFIEDFOUO _4b9ac9")): Object: 'Object Repository/Page_AT-Pointcloud  GRiD/div_PC 20111014_41R751348 UNCLASSIFIEDFOUO _4b9ac9' is clicked on

2020-09-29 16:32:59 - [MESSAGE][PASSED] - Object: 'Object Repository/Page_AT-Pointcloud  GRiD/div_PC 20111014_41R751348 UNCLASSIFIEDFOUO _4b9ac9' is clicked on

2020-09-29 16:32:59 - [TEST_STEP][PASSED] - setText(findTestObject("Page_AT-Pointcloud  GRiD/input_Display Name_name"), "Katalon - ALIRT PC Export"): Text 'Katalon - ALIRT PC Export' is set on object 'Object Repository/Page_AT-Pointcloud  GRiD/input_Display Name_name'

2020-09-29 16:32:59 - [MESSAGE][PASSED] - Text 'Katalon - ALIRT PC Export' is set on object 'Object Repository/Page_AT-Pointcloud  GRiD/input_Display Name_name'

2020-09-29 16:32:59 - [TEST_STEP][PASSED] - click(findTestObject("Page_AFE  GRiD/div_Cancel    Generate")): Object: 'Object Repository/Page_AFE  GRiD/div_Cancel    Generate' is clicked on

2020-09-29 16:33:06 - [MESSAGE][PASSED] - Object: 'Object Repository/Page_AFE  GRiD/div_Cancel    Generate' is clicked on

2020-09-29 16:33:06 - [TEST_STEP][PASSED] - Thread.sleep(35000): null

2020-09-29 16:33:41 - [TEST_STEP][PASSED] - verifyElementClickable(findTestObject("Page_AT-Pointcloud  GRiD/button_Download")): Object 'Object Repository/Page_AT-Pointcloud  GRiD/button_Download' is clickable

2020-09-29 16:33:41 - [MESSAGE][PASSED] - Object 'Object Repository/Page_AT-Pointcloud  GRiD/button_Download' is clickable

2020-09-29 16:33:41 - [TEST_STEP][PASSED] - click(findTestObject("Page_AT-Pointcloud  GRiD/button_Download")): Object: 'Object Repository/Page_AT-Pointcloud  GRiD/button_Download' is clicked on

2020-09-29 16:33:42 - [MESSAGE][PASSED] - Object: 'Object Repository/Page_AT-Pointcloud  GRiD/button_Download' is clicked on]]></system-out>
         <system-err><![CDATA[]]></system-err>
      </testcase>
      <testcase name="Test Cases/Legacy Exports/2 - SRT1F DSM Export" time="54.186" classname="Test Cases/Legacy Exports/2 - SRT1F DSM Export" status="PASSED">
         <system-out><![CDATA[2020-09-29 16:33:42 - [TEST_CASE][PASSED] - Test Cases/Legacy Exports/2 - SRT1F DSM Export: Test Cases/Legacy Exports/2 - SRT1F DSM Export

2020-09-29 16:33:42 - [TEST_STEP][PASSED] - navigateToUrl("https://grid.nga.mil/testgrid/export/aoi/38115/"): Navigate to 'https://grid.nga.mil/testgrid/export/aoi/38115/' successfully

2020-09-29 16:33:44 - [MESSAGE][PASSED] - Navigate to 'https://grid.nga.mil/testgrid/export/aoi/38115/' successfully

2020-09-29 16:33:44 - [TEST_STEP][PASSED] - click(findTestObject("Page_AT-Elevation  GRiD/a_Export DEMsimagery")): Object: 'Object Repository/Page_AT-Elevation  GRiD/a_Export DEMsimagery' is clicked on

2020-09-29 16:33:51 - [MESSAGE][PASSED] - Object: 'Object Repository/Page_AT-Elevation  GRiD/a_Export DEMsimagery' is clicked on

2020-09-29 16:33:51 - [TEST_STEP][PASSED] - click(findTestObject("Object Repository/Page_AT-Elevation  GRiD/div_DSM - 20000222_1E375379 UNCLASSIFIED 20_10fcbe")): Object: 'Object Repository/Page_AT-Elevation  GRiD/div_DSM - 20000222_1E375379 UNCLASSIFIED 20_10fcbe' is clicked on

2020-09-29 16:33:51 - [MESSAGE][PASSED] - Object: 'Object Repository/Page_AT-Elevation  GRiD/div_DSM - 20000222_1E375379 UNCLASSIFIED 20_10fcbe' is clicked on

2020-09-29 16:33:51 - [TEST_STEP][PASSED] - setText(findTestObject("Object Repository/Page_AT-Elevation  GRiD/input_Display Name_name"), "Katalon - SRT1F DSM Export"): Text 'Katalon - SRT1F DSM Export' is set on object 'Object Repository/Page_AT-Elevation  GRiD/input_Display Name_name'

2020-09-29 16:33:52 - [MESSAGE][PASSED] - Text 'Katalon - SRT1F DSM Export' is set on object 'Object Repository/Page_AT-Elevation  GRiD/input_Display Name_name'

2020-09-29 16:33:52 - [TEST_STEP][PASSED] - click(findTestObject("Page_AFE  GRiD/div_Cancel    Generate")): Object: 'Object Repository/Page_AFE  GRiD/div_Cancel    Generate' is clicked on

2020-09-29 16:34:01 - [MESSAGE][PASSED] - Object: 'Object Repository/Page_AFE  GRiD/div_Cancel    Generate' is clicked on

2020-09-29 16:34:01 - [TEST_STEP][PASSED] - Thread.sleep(35000): null

2020-09-29 16:34:36 - [TEST_STEP][PASSED] - verifyElementClickable(findTestObject("Page_AT-Pointcloud  GRiD/button_Download")): Object 'Object Repository/Page_AT-Pointcloud  GRiD/button_Download' is clickable

2020-09-29 16:34:36 - [MESSAGE][PASSED] - Object 'Object Repository/Page_AT-Pointcloud  GRiD/button_Download' is clickable

2020-09-29 16:34:36 - [TEST_STEP][PASSED] - click(findTestObject("Page_AT-Elevation  GRiD/button_Download")): Object: 'Object Repository/Page_AT-Elevation  GRiD/button_Download' is clicked on

2020-09-29 16:34:36 - [MESSAGE][PASSED] - Object: 'Object Repository/Page_AT-Elevation  GRiD/button_Download' is clicked on]]></system-out>
         <system-err><![CDATA[]]></system-err>
      </testcase>
      <testcase name="Test Cases/Legacy Exports/3 - DTED0 DTM Export" time="46.777" classname="Test Cases/Legacy Exports/3 - DTED0 DTM Export" status="PASSED">
         <system-out><![CDATA[2020-09-29 16:34:36 - [TEST_CASE][PASSED] - Test Cases/Legacy Exports/3 - DTED0 DTM Export: Test Cases/Legacy Exports/3 - DTED0 DTM Export

2020-09-29 16:34:36 - [TEST_STEP][PASSED] - navigateToUrl("https://grid.nga.mil/testgrid/export/aoi/36744/"): Navigate to 'https://grid.nga.mil/testgrid/export/aoi/36744/' successfully

2020-09-29 16:34:38 - [MESSAGE][PASSED] - Navigate to 'https://grid.nga.mil/testgrid/export/aoi/36744/' successfully

2020-09-29 16:34:38 - [TEST_STEP][PASSED] - click(findTestObject("Page_AT-Elevation  GRiD/a_Export DEMsimagery")): Object: 'Object Repository/Page_AT-Elevation  GRiD/a_Export DEMsimagery' is clicked on

2020-09-29 16:34:44 - [MESSAGE][PASSED] - Object: 'Object Repository/Page_AT-Elevation  GRiD/a_Export DEMsimagery' is clicked on

2020-09-29 16:34:44 - [TEST_STEP][PASSED] - click(findTestObject("Page_AT-Elevation  GRiD/div_DTM - 20010601_1C461111 UNCLASSIFIED 20_b4b6ea")): Object: 'Object Repository/Page_AT-Elevation  GRiD/div_DTM - 20010601_1C461111 UNCLASSIFIED 20_b4b6ea' is clicked on

2020-09-29 16:34:44 - [MESSAGE][PASSED] - Object: 'Object Repository/Page_AT-Elevation  GRiD/div_DTM - 20010601_1C461111 UNCLASSIFIED 20_b4b6ea' is clicked on

2020-09-29 16:34:44 - [TEST_STEP][PASSED] - setText(findTestObject("Page_AT-Elevation  GRiD/input_Display Name_name"), "Katalon - DTED0 DTM Export"): Text 'Katalon - DTED0 DTM Export' is set on object 'Object Repository/Page_AT-Elevation  GRiD/input_Display Name_name'

2020-09-29 16:34:44 - [MESSAGE][PASSED] - Text 'Katalon - DTED0 DTM Export' is set on object 'Object Repository/Page_AT-Elevation  GRiD/input_Display Name_name'

2020-09-29 16:34:44 - [TEST_STEP][PASSED] - click(findTestObject("Page_AFE  GRiD/div_Cancel    Generate")): Object: 'Object Repository/Page_AFE  GRiD/div_Cancel    Generate' is clicked on

2020-09-29 16:34:52 - [MESSAGE][PASSED] - Object: 'Object Repository/Page_AFE  GRiD/div_Cancel    Generate' is clicked on

2020-09-29 16:34:52 - [TEST_STEP][PASSED] - Thread.sleep(30000): null

2020-09-29 16:35:22 - [TEST_STEP][PASSED] - verifyElementClickable(findTestObject("Page_AT-Pointcloud  GRiD/button_Download")): Object 'Object Repository/Page_AT-Pointcloud  GRiD/button_Download' is clickable

2020-09-29 16:35:22 - [MESSAGE][PASSED] - Object 'Object Repository/Page_AT-Pointcloud  GRiD/button_Download' is clickable

2020-09-29 16:35:22 - [TEST_STEP][PASSED] - click(findTestObject("Page_AT-Elevation  GRiD/button_Download")): Object: 'Object Repository/Page_AT-Elevation  GRiD/button_Download' is clicked on

2020-09-29 16:35:23 - [MESSAGE][PASSED] - Object: 'Object Repository/Page_AT-Elevation  GRiD/button_Download' is clicked on]]></system-out>
         <system-err><![CDATA[]]></system-err>
      </testcase>
      <testcase name="Test Cases/Legacy Exports/4 - ALIRT Intensity Export" time="64.164" classname="Test Cases/Legacy Exports/4 - ALIRT Intensity Export" status="PASSED">
         <system-out><![CDATA[2020-09-29 16:35:23 - [TEST_CASE][PASSED] - Test Cases/Legacy Exports/4 - ALIRT Intensity Export: Test Cases/Legacy Exports/4 - ALIRT Intensity Export

2020-09-29 16:35:23 - [TEST_STEP][PASSED] - navigateToUrl("https://grid.nga.mil/testgrid/export/aoi/38117/"): Navigate to 'https://grid.nga.mil/testgrid/export/aoi/38117/' successfully

2020-09-29 16:35:25 - [MESSAGE][PASSED] - Navigate to 'https://grid.nga.mil/testgrid/export/aoi/38117/' successfully

2020-09-29 16:35:25 - [TEST_STEP][PASSED] - click(findTestObject("Object Repository/Page_AT-Imagery  GRiD/a_Export DEMsimagery")): Object: 'Object Repository/Page_AT-Imagery  GRiD/a_Export DEMsimagery' is clicked on

2020-09-29 16:35:39 - [MESSAGE][PASSED] - Object: 'Object Repository/Page_AT-Imagery  GRiD/a_Export DEMsimagery' is clicked on

2020-09-29 16:35:39 - [TEST_STEP][PASSED] - click(findTestObject("Object Repository/Page_AT-Imagery  GRiD/input_ALIRT_library")): Object: 'Object Repository/Page_AT-Imagery  GRiD/input_ALIRT_library' is clicked on

2020-09-29 16:35:39 - [MESSAGE][PASSED] - Object: 'Object Repository/Page_AT-Imagery  GRiD/input_ALIRT_library' is clicked on

2020-09-29 16:35:39 - [TEST_STEP][PASSED] - click(findTestObject("Page_AT-Imagery  GRiD/div_Intensity - 20111014_41R751348 UNCLASSI_1a1436")): Object: 'Object Repository/Page_AT-Imagery  GRiD/div_Intensity - 20111014_41R751348 UNCLASSI_1a1436' is clicked on

2020-09-29 16:35:39 - [MESSAGE][PASSED] - Object: 'Object Repository/Page_AT-Imagery  GRiD/div_Intensity - 20111014_41R751348 UNCLASSI_1a1436' is clicked on

2020-09-29 16:35:39 - [TEST_STEP][PASSED] - setText(findTestObject("Object Repository/Page_AT-Imagery  GRiD/input_Display Name_name"), "Katalon - ALIRT Intensity Export"): Text 'Katalon - ALIRT Intensity Export' is set on object 'Object Repository/Page_AT-Imagery  GRiD/input_Display Name_name'

2020-09-29 16:35:40 - [MESSAGE][PASSED] - Text 'Katalon - ALIRT Intensity Export' is set on object 'Object Repository/Page_AT-Imagery  GRiD/input_Display Name_name'

2020-09-29 16:35:40 - [TEST_STEP][PASSED] - click(findTestObject("Page_AFE  GRiD/div_Cancel    Generate")): Object: 'Object Repository/Page_AFE  GRiD/div_Cancel    Generate' is clicked on

2020-09-29 16:35:56 - [MESSAGE][PASSED] - Object: 'Object Repository/Page_AFE  GRiD/div_Cancel    Generate' is clicked on

2020-09-29 16:35:56 - [TEST_STEP][PASSED] - Thread.sleep(30000): null

2020-09-29 16:36:26 - [TEST_STEP][PASSED] - verifyElementClickable(findTestObject("Page_AT-Pointcloud  GRiD/button_Download")): Object 'Object Repository/Page_AT-Pointcloud  GRiD/button_Download' is clickable

2020-09-29 16:36:26 - [MESSAGE][PASSED] - Object 'Object Repository/Page_AT-Pointcloud  GRiD/button_Download' is clickable

2020-09-29 16:36:26 - [TEST_STEP][PASSED] - click(findTestObject("Page_AT-Imagery  GRiD/button_Download")): Object: 'Object Repository/Page_AT-Imagery  GRiD/button_Download' is clicked on

2020-09-29 16:36:27 - [MESSAGE][PASSED] - Object: 'Object Repository/Page_AT-Imagery  GRiD/button_Download' is clicked on]]></system-out>
         <system-err><![CDATA[]]></system-err>
      </testcase>
      <testcase name="Test Cases/Legacy Exports/5 - Vector Export" time="43.286" classname="Test Cases/Legacy Exports/5 - Vector Export" status="PASSED">
         <system-out><![CDATA[2020-09-29 16:36:27 - [TEST_CASE][PASSED] - Test Cases/Legacy Exports/5 - Vector Export: Test Cases/Legacy Exports/5 - Vector Export

2020-09-29 16:36:27 - [TEST_STEP][PASSED] - navigateToUrl("https://grid.nga.mil/testgrid/export/aoi/38118/"): Navigate to 'https://grid.nga.mil/testgrid/export/aoi/38118/' successfully

2020-09-29 16:36:29 - [MESSAGE][PASSED] - Navigate to 'https://grid.nga.mil/testgrid/export/aoi/38118/' successfully

2020-09-29 16:36:29 - [TEST_STEP][PASSED] - click(findTestObject("Page_AT-Vectors  GRiD/a_Export vector data")): Object: 'Object Repository/Page_AT-Vectors  GRiD/a_Export vector data' is clicked on

2020-09-29 16:36:32 - [MESSAGE][PASSED] - Object: 'Object Repository/Page_AT-Vectors  GRiD/a_Export vector data' is clicked on

2020-09-29 16:36:32 - [TEST_STEP][PASSED] - click(findTestObject("Page_AT-Vectors  GRiD/div_Trees 20071205_18S460440 UNCLASSIFIED 2_e3896d")): Object: 'Object Repository/Page_AT-Vectors  GRiD/div_Trees 20071205_18S460440 UNCLASSIFIED 2_e3896d' is clicked on

2020-09-29 16:36:32 - [MESSAGE][PASSED] - Object: 'Object Repository/Page_AT-Vectors  GRiD/div_Trees 20071205_18S460440 UNCLASSIFIED 2_e3896d' is clicked on

2020-09-29 16:36:32 - [TEST_STEP][PASSED] - click(findTestObject("Page_AT-Vectors  GRiD/div_Buildings - 2D 20071205_18S460440 UNCLA_a8513e")): Object: 'Object Repository/Page_AT-Vectors  GRiD/div_Buildings - 2D 20071205_18S460440 UNCLA_a8513e' is clicked on

2020-09-29 16:36:32 - [MESSAGE][PASSED] - Object: 'Object Repository/Page_AT-Vectors  GRiD/div_Buildings - 2D 20071205_18S460440 UNCLA_a8513e' is clicked on

2020-09-29 16:36:32 - [TEST_STEP][PASSED] - click(findTestObject("Page_AT-Vectors  GRiD/div_Forests 20120919_18S444438 UNCLASSIFIED_5f8221")): Object: 'Object Repository/Page_AT-Vectors  GRiD/div_Forests 20120919_18S444438 UNCLASSIFIED_5f8221' is clicked on

2020-09-29 16:36:32 - [MESSAGE][PASSED] - Object: 'Object Repository/Page_AT-Vectors  GRiD/div_Forests 20120919_18S444438 UNCLASSIFIED_5f8221' is clicked on

2020-09-29 16:36:32 - [TEST_STEP][PASSED] - click(findTestObject("Page_AT-Vectors  GRiD/div_Buildings - 3D 20071205_18S460440 UNCLA_1bd346")): Object: 'Object Repository/Page_AT-Vectors  GRiD/div_Buildings - 3D 20071205_18S460440 UNCLA_1bd346' is clicked on

2020-09-29 16:36:32 - [MESSAGE][PASSED] - Object: 'Object Repository/Page_AT-Vectors  GRiD/div_Buildings - 3D 20071205_18S460440 UNCLA_1bd346' is clicked on

2020-09-29 16:36:32 - [TEST_STEP][PASSED] - setText(findTestObject("Object Repository/Page_AT-Vectors  GRiD/input_Display Name_name"), "Katalon - Vector data"): Text 'Katalon - Vector data' is set on object 'Object Repository/Page_AT-Vectors  GRiD/input_Display Name_name'

2020-09-29 16:36:32 - [MESSAGE][PASSED] - Text 'Katalon - Vector data' is set on object 'Object Repository/Page_AT-Vectors  GRiD/input_Display Name_name'

2020-09-29 16:36:32 - [TEST_STEP][PASSED] - click(findTestObject("Page_AFE  GRiD/div_Cancel    Generate")): Object: 'Object Repository/Page_AFE  GRiD/div_Cancel    Generate' is clicked on

2020-09-29 16:36:37 - [MESSAGE][PASSED] - Object: 'Object Repository/Page_AFE  GRiD/div_Cancel    Generate' is clicked on

2020-09-29 16:36:37 - [TEST_STEP][PASSED] - Thread.sleep(30000): null

2020-09-29 16:37:07 - [TEST_STEP][PASSED] - verifyElementClickable(findTestObject("Page_AT-Pointcloud  GRiD/button_Download")): Object 'Object Repository/Page_AT-Pointcloud  GRiD/button_Download' is clickable

2020-09-29 16:37:07 - [MESSAGE][PASSED] - Object 'Object Repository/Page_AT-Pointcloud  GRiD/button_Download' is clickable

2020-09-29 16:37:07 - [TEST_STEP][PASSED] - click(findTestObject("Object Repository/Page_AT-Vectors  GRiD/button_Download")): Object: 'Object Repository/Page_AT-Vectors  GRiD/button_Download' is clicked on

2020-09-29 16:37:09 - [MESSAGE][PASSED] - Object: 'Object Repository/Page_AT-Vectors  GRiD/button_Download' is clicked on

2020-09-29 16:37:09 - [TEST_STEP][PASSED] - closeBrowser(): Browser is closed

2020-09-29 16:37:10 - [MESSAGE][PASSED] - Browser is closed]]></system-out>
         <system-err><![CDATA[]]></system-err>
      </testcase>
      <system-out><![CDATA[2020-09-29 16:31:55 - [TEST_SUITE][PASSED] - GRiD LegacyExports: Test Cases/Legacy Exports/5 - Vector Export]]></system-out>
      <system-err><![CDATA[]]></system-err>
   </testsuite>
</testsuites>
