<?xml version="1.0" encoding="UTF-8"?>
<testsuites name="GRiD Login" time="884.646" tests="1" failures="1" errors="0">
   <testsuite name="GRiD Login" tests="1" failures="1" errors="0" time="884.646" timestamp="2020-08-07 17:27:01" hostname="bhavikpatel - c02yj0qyjgh7.fios-router.home" id="Test Suites/GRiD Login">
      <properties>
         <property name="deviceName" value=""/>
         <property name="devicePlatform" value=""/>
         <property name="logFolder" value="/Users/bhavikpatel/Downloads/Projects/CRREL/GRiD/Automation Testing/Automation Testing Project/KatalonTesting/Reports/20200807_172658/GRiD Login/20200807_172658"/>
         <property name="logFiles" value="/Users/bhavikpatel/Downloads/Projects/CRREL/GRiD/Automation Testing/Automation Testing Project/KatalonTesting/Reports/20200807_172658/GRiD Login/20200807_172658/execution0.log"/>
         <property name="attachments" value=""/>
         <property name="hostName" value="bhavikpatel - c02yj0qyjgh7.fios-router.home"/>
         <property name="os" value="Mac OS X 64bit"/>
         <property name="katalonVersion" value="7.6.2.205"/>
         <property name="browser" value="Chrome 84.0.4147.105"/>
         <property name="hostAddress" value="192.168.1.92"/>
         <property name="sessionId" value="d12166b06014242af38864e14d15c5d4"/>
         <property name="seleniumVersion" value="3.141.59"/>
         <property name="proxyInformation" value="ProxyInformation { proxyOption=NO_PROXY, proxyServerType=HTTP, username=, password=********, proxyServerAddress=, proxyServerPort=0, executionList=\&quot;\&quot;, isApplyToDesiredCapabilities=true }"/>
         <property name="platform" value="Mac OS X"/>
      </properties>
      <testcase name="Test Cases/FG3D Test" time="883.336" classname="Test Cases/FG3D Test" status="FAILED">
         <failure type="FAILED" message="Test Cases/FG3D Test FAILED.
Reason:
com.kms.katalon.core.exception.StepFailedException: Unable to click on object 'Object Repository/Page_FG3D  GRiD/a_View on map'
	at com.kms.katalon.core.webui.keyword.internal.WebUIKeywordMain.stepFailed(WebUIKeywordMain.groovy:64)
	at com.kms.katalon.core.webui.keyword.internal.WebUIKeywordMain.runKeyword(WebUIKeywordMain.groovy:26)
	at com.kms.katalon.core.webui.keyword.builtin.ClickKeyword.click(ClickKeyword.groovy:76)
	at com.kms.katalon.core.webui.keyword.builtin.ClickKeyword.execute(ClickKeyword.groovy:43)
	at com.kms.katalon.core.keyword.internal.KeywordExecutor.executeKeywordForPlatform(KeywordExecutor.groovy:73)
	at com.kms.katalon.core.webui.keyword.WebUiBuiltInKeywords.click(WebUiBuiltInKeywords.groovy:616)
	at com.kms.katalon.core.webui.keyword.WebUiBuiltInKeywords$click$1.call(Unknown Source)
	at FG3D Test.run(FG3D Test:37)
	at com.kms.katalon.core.main.ScriptEngine.run(ScriptEngine.java:194)
	at com.kms.katalon.core.main.ScriptEngine.runScriptAsRawText(ScriptEngine.java:119)
	at com.kms.katalon.core.main.TestCaseExecutor.runScript(TestCaseExecutor.java:339)
	at com.kms.katalon.core.main.TestCaseExecutor.doExecute(TestCaseExecutor.java:330)
	at com.kms.katalon.core.main.TestCaseExecutor.processExecutionPhase(TestCaseExecutor.java:309)
	at com.kms.katalon.core.main.TestCaseExecutor.accessMainPhase(TestCaseExecutor.java:301)
	at com.kms.katalon.core.main.TestCaseExecutor.execute(TestCaseExecutor.java:235)
	at com.kms.katalon.core.main.TestSuiteExecutor.accessTestCaseMainPhase(TestSuiteExecutor.java:191)
	at com.kms.katalon.core.main.TestSuiteExecutor.accessTestSuiteMainPhase(TestSuiteExecutor.java:141)
	at com.kms.katalon.core.main.TestSuiteExecutor.execute(TestSuiteExecutor.java:90)
	at com.kms.katalon.core.main.TestCaseMain.startTestSuite(TestCaseMain.java:157)
	at com.kms.katalon.core.main.TestCaseMain$startTestSuite$0.call(Unknown Source)
	at TempTestSuite1596835618792.run(TempTestSuite1596835618792.groovy:39)
Caused by: org.openqa.selenium.ElementNotInteractableException: element not interactable
  (Session info: chrome=84.0.4147.105)
Build info: version: '3.141.59', revision: 'e82be7d358', time: '2018-11-14T08:25:53'
System info: host: 'C02YJ0QYJGH7.fios-router.home', ip: 'fe80:0:0:0:14e0:9553:ef02:546a%en0', os.name: 'Mac OS X', os.arch: 'x86_64', os.version: '10.15.6', java.version: '1.8.0_181'
Driver info: com.kms.katalon.selenium.driver.CChromeDriver
Capabilities {acceptInsecureCerts: false, browserName: chrome, browserVersion: 84.0.4147.105, chrome: {chromedriverVersion: 83.0.4103.39 (ccbf011cb2d2b..., userDataDir: /var/folders/mk/mm0g76rn3_g...}, goog:chromeOptions: {debuggerAddress: localhost:54839}, javascriptEnabled: true, networkConnectionEnabled: false, pageLoadStrategy: normal, platform: MAC, platformName: MAC, proxy: Proxy(), setWindowRect: true, strictFileInteractability: false, timeouts: {implicit: 0, pageLoad: 300000, script: 30000}, unhandledPromptBehavior: dismiss and notify, webauthn:virtualAuthenticators: true}
Session ID: d12166b06014242af38864e14d15c5d4
	at org.openqa.selenium.remote.http.W3CHttpResponseCodec.createException(W3CHttpResponseCodec.java:187)
	at org.openqa.selenium.remote.http.W3CHttpResponseCodec.decode(W3CHttpResponseCodec.java:122)
	at org.openqa.selenium.remote.http.W3CHttpResponseCodec.decode(W3CHttpResponseCodec.java:49)
	at org.openqa.selenium.remote.HttpCommandExecutor.execute(HttpCommandExecutor.java:158)
	at org.openqa.selenium.remote.service.DriverCommandExecutor.execute(DriverCommandExecutor.java:83)
	at org.openqa.selenium.remote.RemoteWebDriver.execute(RemoteWebDriver.java:552)
	at com.kms.katalon.selenium.driver.CChromeDriver.execute(CChromeDriver.java:19)
	at org.openqa.selenium.remote.RemoteWebElement.execute(RemoteWebElement.java:285)
	at org.openqa.selenium.remote.RemoteWebElement.click(RemoteWebElement.java:84)
	at org.openqa.selenium.support.events.EventFiringWebDriver$EventFiringWebElement.lambda$new$0(EventFiringWebDriver.java:404)
	at com.sun.proxy.$Proxy9.click(Unknown Source)
	at org.openqa.selenium.support.events.EventFiringWebDriver$EventFiringWebElement.click(EventFiringWebDriver.java:417)
	at com.kms.katalon.core.webui.keyword.builtin.ClickKeyword$_click_closure1.doCall(ClickKeyword.groovy:69)
	at com.kms.katalon.core.webui.keyword.builtin.ClickKeyword$_click_closure1.call(ClickKeyword.groovy)
	at com.kms.katalon.core.webui.keyword.internal.WebUIKeywordMain.runKeyword(WebUIKeywordMain.groovy:20)
	... 19 more
"/>
         <system-out><![CDATA[2020-08-07 17:27:01 - [TEST_CASE][FAILED] - Test Cases/FG3D Test: Test Cases/FG3D Test FAILED.
Reason:
com.kms.katalon.core.exception.StepFailedException: Unable to click on object 'Object Repository/Page_FG3D  GRiD/a_View on map'
	at com.kms.katalon.core.webui.keyword.internal.WebUIKeywordMain.stepFailed(WebUIKeywordMain.groovy:64)
	at com.kms.katalon.core.webui.keyword.internal.WebUIKeywordMain.runKeyword(WebUIKeywordMain.groovy:26)
	at com.kms.katalon.core.webui.keyword.builtin.ClickKeyword.click(ClickKeyword.groovy:76)
	at com.kms.katalon.core.webui.keyword.builtin.ClickKeyword.execute(ClickKeyword.groovy:43)
	at com.kms.katalon.core.keyword.internal.KeywordExecutor.executeKeywordForPlatform(KeywordExecutor.groovy:73)
	at com.kms.katalon.core.webui.keyword.WebUiBuiltInKeywords.click(WebUiBuiltInKeywords.groovy:616)
	at com.kms.katalon.core.webui.keyword.WebUiBuiltInKeywords$click$1.call(Unknown Source)
	at FG3D Test.run(FG3D Test:37)
	at com.kms.katalon.core.main.ScriptEngine.run(ScriptEngine.java:194)
	at com.kms.katalon.core.main.ScriptEngine.runScriptAsRawText(ScriptEngine.java:119)
	at com.kms.katalon.core.main.TestCaseExecutor.runScript(TestCaseExecutor.java:339)
	at com.kms.katalon.core.main.TestCaseExecutor.doExecute(TestCaseExecutor.java:330)
	at com.kms.katalon.core.main.TestCaseExecutor.processExecutionPhase(TestCaseExecutor.java:309)
	at com.kms.katalon.core.main.TestCaseExecutor.accessMainPhase(TestCaseExecutor.java:301)
	at com.kms.katalon.core.main.TestCaseExecutor.execute(TestCaseExecutor.java:235)
	at com.kms.katalon.core.main.TestSuiteExecutor.accessTestCaseMainPhase(TestSuiteExecutor.java:191)
	at com.kms.katalon.core.main.TestSuiteExecutor.accessTestSuiteMainPhase(TestSuiteExecutor.java:141)
	at com.kms.katalon.core.main.TestSuiteExecutor.execute(TestSuiteExecutor.java:90)
	at com.kms.katalon.core.main.TestCaseMain.startTestSuite(TestCaseMain.java:157)
	at com.kms.katalon.core.main.TestCaseMain$startTestSuite$0.call(Unknown Source)
	at TempTestSuite1596835618792.run(TempTestSuite1596835618792.groovy:39)
Caused by: org.openqa.selenium.ElementNotInteractableException: element not interactable
  (Session info: chrome=84.0.4147.105)
Build info: version: '3.141.59', revision: 'e82be7d358', time: '2018-11-14T08:25:53'
System info: host: 'C02YJ0QYJGH7.fios-router.home', ip: 'fe80:0:0:0:14e0:9553:ef02:546a%en0', os.name: 'Mac OS X', os.arch: 'x86_64', os.version: '10.15.6', java.version: '1.8.0_181'
Driver info: com.kms.katalon.selenium.driver.CChromeDriver
Capabilities {acceptInsecureCerts: false, browserName: chrome, browserVersion: 84.0.4147.105, chrome: {chromedriverVersion: 83.0.4103.39 (ccbf011cb2d2b..., userDataDir: /var/folders/mk/mm0g76rn3_g...}, goog:chromeOptions: {debuggerAddress: localhost:54839}, javascriptEnabled: true, networkConnectionEnabled: false, pageLoadStrategy: normal, platform: MAC, platformName: MAC, proxy: Proxy(), setWindowRect: true, strictFileInteractability: false, timeouts: {implicit: 0, pageLoad: 300000, script: 30000}, unhandledPromptBehavior: dismiss and notify, webauthn:virtualAuthenticators: true}
Session ID: d12166b06014242af38864e14d15c5d4
	at org.openqa.selenium.remote.http.W3CHttpResponseCodec.createException(W3CHttpResponseCodec.java:187)
	at org.openqa.selenium.remote.http.W3CHttpResponseCodec.decode(W3CHttpResponseCodec.java:122)
	at org.openqa.selenium.remote.http.W3CHttpResponseCodec.decode(W3CHttpResponseCodec.java:49)
	at org.openqa.selenium.remote.HttpCommandExecutor.execute(HttpCommandExecutor.java:158)
	at org.openqa.selenium.remote.service.DriverCommandExecutor.execute(DriverCommandExecutor.java:83)
	at org.openqa.selenium.remote.RemoteWebDriver.execute(RemoteWebDriver.java:552)
	at com.kms.katalon.selenium.driver.CChromeDriver.execute(CChromeDriver.java:19)
	at org.openqa.selenium.remote.RemoteWebElement.execute(RemoteWebElement.java:285)
	at org.openqa.selenium.remote.RemoteWebElement.click(RemoteWebElement.java:84)
	at org.openqa.selenium.support.events.EventFiringWebDriver$EventFiringWebElement.lambda$new$0(EventFiringWebDriver.java:404)
	at com.sun.proxy.$Proxy9.click(Unknown Source)
	at org.openqa.selenium.support.events.EventFiringWebDriver$EventFiringWebElement.click(EventFiringWebDriver.java:417)
	at com.kms.katalon.core.webui.keyword.builtin.ClickKeyword$_click_closure1.doCall(ClickKeyword.groovy:69)
	at com.kms.katalon.core.webui.keyword.builtin.ClickKeyword$_click_closure1.call(ClickKeyword.groovy)
	at com.kms.katalon.core.webui.keyword.internal.WebUIKeywordMain.runKeyword(WebUIKeywordMain.groovy:20)
	... 19 more


2020-08-07 17:27:01 - [TEST_STEP][PASSED] - openBrowser(""): Browser is opened with url: ''

2020-08-07 17:27:02 - [MESSAGE][INFO] - Starting 'Chrome' driver

2020-08-07 17:27:02 - [MESSAGE][INFO] - Action delay is set to 0 milliseconds

2020-08-07 17:27:08 - [MESSAGE][PASSED] - Browser is opened with url: ''

2020-08-07 17:27:08 - [TEST_STEP][PASSED] - navigateToUrl("https://grid.nga.mil/grid/"): Navigate to 'https://grid.nga.mil/grid/' successfully

2020-08-07 17:27:10 - [MESSAGE][PASSED] - Navigate to 'https://grid.nga.mil/grid/' successfully

2020-08-07 17:27:10 - [TEST_STEP][PASSED] - click(findTestObject("Page_Home  GRiD/a_GEOAxIS")): Object: 'Object Repository/Page_Home  GRiD/a_GEOAxIS' is clicked on

2020-08-07 17:27:16 - [MESSAGE][PASSED] - Object: 'Object Repository/Page_Home  GRiD/a_GEOAxIS' is clicked on

2020-08-07 17:27:16 - [TEST_STEP][PASSED] - click(findTestObject("Page_GEOAxIS/a_PKI Certificate")): Object: 'Object Repository/Page_GEOAxIS/a_PKI Certificate' is clicked on

2020-08-07 17:27:23 - [MESSAGE][PASSED] - Object: 'Object Repository/Page_GEOAxIS/a_PKI Certificate' is clicked on

2020-08-07 17:27:23 - [TEST_STEP][PASSED] - click(findTestObject("Page_GEOAxIS/span_Click here to continue")): Object: 'Object Repository/Page_GEOAxIS/span_Click here to continue' is clicked on

2020-08-07 17:27:35 - [MESSAGE][PASSED] - Object: 'Object Repository/Page_GEOAxIS/span_Click here to continue' is clicked on

2020-08-07 17:27:35 - [TEST_STEP][PASSED] - click(findTestObject("Object Repository/Page_Home  GRiD/a_Share")): Object: 'Object Repository/Page_Home  GRiD/a_Share' is clicked on

2020-08-07 17:27:36 - [MESSAGE][PASSED] - Object: 'Object Repository/Page_Home  GRiD/a_Share' is clicked on

2020-08-07 17:27:36 - [TEST_STEP][PASSED] - click(findTestObject("Object Repository/Page_Workgroups  GRiD/a_FG3D")): Object: 'Object Repository/Page_Workgroups  GRiD/a_FG3D' is clicked on

2020-08-07 17:27:41 - [MESSAGE][PASSED] - Object: 'Object Repository/Page_Workgroups  GRiD/a_FG3D' is clicked on

2020-08-07 17:27:41 - [TEST_STEP][FAILED] - for ([row = 1, row <= findTestData("FG3D Test Data").getRowNumbers(), (row++)]): Unable to click on object 'Object Repository/Page_FG3D  GRiD/a_View on map' (Root cause: com.kms.katalon.core.exception.StepFailedException: Unable to click on object 'Object Repository/Page_FG3D  GRiD/a_View on map'
	at com.kms.katalon.core.webui.keyword.internal.WebUIKeywordMain.stepFailed(WebUIKeywordMain.groovy:64)
	at com.kms.katalon.core.webui.keyword.internal.WebUIKeywordMain.runKeyword(WebUIKeywordMain.groovy:26)
	at com.kms.katalon.core.webui.keyword.builtin.ClickKeyword.click(ClickKeyword.groovy:76)
	at com.kms.katalon.core.webui.keyword.builtin.ClickKeyword.execute(ClickKeyword.groovy:43)
	at com.kms.katalon.core.keyword.internal.KeywordExecutor.executeKeywordForPlatform(KeywordExecutor.groovy:73)
	at com.kms.katalon.core.webui.keyword.WebUiBuiltInKeywords.click(WebUiBuiltInKeywords.groovy:616)
	at com.kms.katalon.core.webui.keyword.WebUiBuiltInKeywords$click$1.call(Unknown Source)
	at FG3D Test.run(FG3D Test:37)
	at com.kms.katalon.core.main.ScriptEngine.run(ScriptEngine.java:194)
	at com.kms.katalon.core.main.ScriptEngine.runScriptAsRawText(ScriptEngine.java:119)
	at com.kms.katalon.core.main.TestCaseExecutor.runScript(TestCaseExecutor.java:339)
	at com.kms.katalon.core.main.TestCaseExecutor.doExecute(TestCaseExecutor.java:330)
	at com.kms.katalon.core.main.TestCaseExecutor.processExecutionPhase(TestCaseExecutor.java:309)
	at com.kms.katalon.core.main.TestCaseExecutor.accessMainPhase(TestCaseExecutor.java:301)
	at com.kms.katalon.core.main.TestCaseExecutor.execute(TestCaseExecutor.java:235)
	at com.kms.katalon.core.main.TestSuiteExecutor.accessTestCaseMainPhase(TestSuiteExecutor.java:191)
	at com.kms.katalon.core.main.TestSuiteExecutor.accessTestSuiteMainPhase(TestSuiteExecutor.java:141)
	at com.kms.katalon.core.main.TestSuiteExecutor.execute(TestSuiteExecutor.java:90)
	at com.kms.katalon.core.main.TestCaseMain.startTestSuite(TestCaseMain.java:157)
	at com.kms.katalon.core.main.TestCaseMain$startTestSuite$0.call(Unknown Source)
	at TempTestSuite1596835618792.run(TempTestSuite1596835618792.groovy:39)
Caused by: org.openqa.selenium.ElementNotInteractableException: element not interactable
  (Session info: chrome=84.0.4147.105)
Build info: version: '3.141.59', revision: 'e82be7d358', time: '2018-11-14T08:25:53'
System info: host: 'C02YJ0QYJGH7.fios-router.home', ip: 'fe80:0:0:0:14e0:9553:ef02:546a%en0', os.name: 'Mac OS X', os.arch: 'x86_64', os.version: '10.15.6', java.version: '1.8.0_181'
Driver info: com.kms.katalon.selenium.driver.CChromeDriver
Capabilities {acceptInsecureCerts: false, browserName: chrome, browserVersion: 84.0.4147.105, chrome: {chromedriverVersion: 83.0.4103.39 (ccbf011cb2d2b..., userDataDir: /var/folders/mk/mm0g76rn3_g...}, goog:chromeOptions: {debuggerAddress: localhost:54839}, javascriptEnabled: true, networkConnectionEnabled: false, pageLoadStrategy: normal, platform: MAC, platformName: MAC, proxy: Proxy(), setWindowRect: true, strictFileInteractability: false, timeouts: {implicit: 0, pageLoad: 300000, script: 30000}, unhandledPromptBehavior: dismiss and notify, webauthn:virtualAuthenticators: true}
Session ID: d12166b06014242af38864e14d15c5d4
	at org.openqa.selenium.remote.http.W3CHttpResponseCodec.createException(W3CHttpResponseCodec.java:187)
	at org.openqa.selenium.remote.http.W3CHttpResponseCodec.decode(W3CHttpResponseCodec.java:122)
	at org.openqa.selenium.remote.http.W3CHttpResponseCodec.decode(W3CHttpResponseCodec.java:49)
	at org.openqa.selenium.remote.HttpCommandExecutor.execute(HttpCommandExecutor.java:158)
	at org.openqa.selenium.remote.service.DriverCommandExecutor.execute(DriverCommandExecutor.java:83)
	at org.openqa.selenium.remote.RemoteWebDriver.execute(RemoteWebDriver.java:552)
	at com.kms.katalon.selenium.driver.CChromeDriver.execute(CChromeDriver.java:19)
	at org.openqa.selenium.remote.RemoteWebElement.execute(RemoteWebElement.java:285)
	at org.openqa.selenium.remote.RemoteWebElement.click(RemoteWebElement.java:84)
	at org.openqa.selenium.support.events.EventFiringWebDriver$EventFiringWebElement.lambda$new$0(EventFiringWebDriver.java:404)
	at com.sun.proxy.$Proxy9.click(Unknown Source)
	at org.openqa.selenium.support.events.EventFiringWebDriver$EventFiringWebElement.click(EventFiringWebDriver.java:417)
	at com.kms.katalon.core.webui.keyword.builtin.ClickKeyword$_click_closure1.doCall(ClickKeyword.groovy:69)
	at com.kms.katalon.core.webui.keyword.builtin.ClickKeyword$_click_closure1.call(ClickKeyword.groovy)
	at com.kms.katalon.core.webui.keyword.internal.WebUIKeywordMain.runKeyword(WebUIKeywordMain.groovy:20)
	at com.kms.katalon.core.webui.keyword.builtin.ClickKeyword.click(ClickKeyword.groovy:76)
	at com.kms.katalon.core.webui.keyword.builtin.ClickKeyword.execute(ClickKeyword.groovy:43)
	at com.kms.katalon.core.keyword.internal.KeywordExecutor.executeKeywordForPlatform(KeywordExecutor.groovy:73)
	at com.kms.katalon.core.webui.keyword.WebUiBuiltInKeywords.click(WebUiBuiltInKeywords.groovy:616)
	at com.kms.katalon.core.webui.keyword.WebUiBuiltInKeywords$click$1.call(Unknown Source)
	at Script1596659605283.run(Script1596659605283.groovy:37)
	... 13 more
)

2020-08-07 17:27:41 - [TEST_STEP][PASSED] - click(findTestObject("Object Repository/Page_FG3D  GRiD/button_AOI Options")): Object: 'Object Repository/Page_FG3D  GRiD/button_AOI Options' is clicked on

2020-08-07 17:27:41 - [MESSAGE][PASSED] - Object: 'Object Repository/Page_FG3D  GRiD/button_AOI Options' is clicked on

2020-08-07 17:27:41 - [TEST_STEP][PASSED] - click(findTestObject("Object Repository/Page_FG3D  GRiD/a_View on map")): Object: 'Object Repository/Page_FG3D  GRiD/a_View on map' is clicked on

2020-08-07 17:27:42 - [MESSAGE][PASSED] - Object: 'Object Repository/Page_FG3D  GRiD/a_View on map' is clicked on

2020-08-07 17:27:42 - [TEST_STEP][PASSED] - switchToWindowTitle("Map – GRiD"): Switched to window with title: 'Map – GRiD'

2020-08-07 17:27:44 - [MESSAGE][PASSED] - Switched to window with title: 'Map – GRiD'

2020-08-07 17:27:44 - [TEST_STEP][PASSED] - click(findTestObject("Page_Map  GRiD/input_Selection area or layers have been mo_90fb99")): Object: 'Object Repository/Page_Map  GRiD/input_Selection area or layers have been mo_90fb99' is clicked on

2020-08-07 17:27:45 - [MESSAGE][PASSED] - Object: 'Object Repository/Page_Map  GRiD/input_Selection area or layers have been mo_90fb99' is clicked on

2020-08-07 17:27:45 - [TEST_STEP][PASSED] - click(findTestObject("Page_Map  GRiD/span_Export")): Object: 'Object Repository/Page_Map  GRiD/span_Export' is clicked on

2020-08-07 17:27:46 - [MESSAGE][PASSED] - Object: 'Object Repository/Page_Map  GRiD/span_Export' is clicked on

2020-08-07 17:27:46 - [TEST_STEP][PASSED] - setText(findTestObject("Page_Map  GRiD/input_Export Name_name"), findTestData("FG3D Test Data").getValue("id_name", row)): Text 'T- FG3D: GeoTiff - GeoTiff - ESRI Shapefile - OpenFlight -1' is set on object 'Object Repository/Page_Map  GRiD/input_Export Name_name'

2020-08-07 17:27:48 - [MESSAGE][PASSED] - Text 'T- FG3D: GeoTiff - GeoTiff - ESRI Shapefile - OpenFlight -1' is set on object 'Object Repository/Page_Map  GRiD/input_Export Name_name'

2020-08-07 17:27:48 - [TEST_STEP][PASSED] - selectOptionByLabel(findTestObject("Page_Map  GRiD/select_GeoTiff  GeoPackage  ERDAS Imagine  --- No Output ---"), findTestData("FG3D Test Data").getValue("id_geoint_imagery", row), true): All options with label 'GeoTiff' are selected in object 'Object Repository/Page_Map  GRiD/select_GeoTiff  GeoPackage  ERDAS Imagine  --- No Output ---'  using regular expression

2020-08-07 17:27:49 - [MESSAGE][PASSED] - All options with label 'GeoTiff' are selected in object 'Object Repository/Page_Map  GRiD/select_GeoTiff  GeoPackage  ERDAS Imagine  --- No Output ---'  using regular expression

2020-08-07 17:27:49 - [TEST_STEP][PASSED] - selectOptionByLabel(findTestObject("Page_Map  GRiD/select_GeoTiff  GeoPackage  DTED  --- No Output ---"), findTestData("FG3D Test Data").getValue("id_geoint_elevation", row), true): All options with label 'GeoTiff' are selected in object 'Object Repository/Page_Map  GRiD/select_GeoTiff  GeoPackage  DTED  --- No Output ---'  using regular expression

2020-08-07 17:27:50 - [MESSAGE][PASSED] - All options with label 'GeoTiff' are selected in object 'Object Repository/Page_Map  GRiD/select_GeoTiff  GeoPackage  DTED  --- No Output ---'  using regular expression

2020-08-07 17:27:50 - [TEST_STEP][PASSED] - selectOptionByLabel(findTestObject("Page_Map  GRiD/select_ESRI Shapefile  GeoPackage  KML  --- No Output ---"), findTestData("FG3D Test Data").getValue("id_geoint_vectors", row), true): All options with label 'ESRI Shapefile' are selected in object 'Object Repository/Page_Map  GRiD/select_ESRI Shapefile  GeoPackage  KML  --- No Output ---'  using regular expression

2020-08-07 17:27:51 - [MESSAGE][PASSED] - All options with label 'ESRI Shapefile' are selected in object 'Object Repository/Page_Map  GRiD/select_ESRI Shapefile  GeoPackage  KML  --- No Output ---'  using regular expression

2020-08-07 17:27:51 - [TEST_STEP][PASSED] - selectOptionByLabel(findTestObject("Page_Map  GRiD/select_OpenFlight  Collada  KMZ  GLB  FBX  _469f7c"), findTestData("FG3D Test Data").getValue("id_geoint_models", row), true): All options with label 'OpenFlight' are selected in object 'Object Repository/Page_Map  GRiD/select_OpenFlight  Collada  KMZ  GLB  FBX  _469f7c'  using regular expression

2020-08-07 17:27:52 - [MESSAGE][PASSED] - All options with label 'OpenFlight' are selected in object 'Object Repository/Page_Map  GRiD/select_OpenFlight  Collada  KMZ  GLB  FBX  _469f7c'  using regular expression

2020-08-07 17:27:52 - [TEST_STEP][PASSED] - click(findTestObject("Page_Map  GRiD/button_Finish")): Object: 'Object Repository/Page_Map  GRiD/button_Finish' is clicked on

2020-08-07 17:27:52 - [MESSAGE][PASSED] - Object: 'Object Repository/Page_Map  GRiD/button_Finish' is clicked on

2020-08-07 17:27:52 - [TEST_STEP][PASSED] - click(findTestObject("Object Repository/Page_FG3D  GRiD/button_AOI Options")): Object: 'Object Repository/Page_FG3D  GRiD/button_AOI Options' is clicked on

2020-08-07 17:27:58 - [MESSAGE][PASSED] - Object: 'Object Repository/Page_FG3D  GRiD/button_AOI Options' is clicked on

2020-08-07 17:27:58 - [TEST_STEP][PASSED] - click(findTestObject("Object Repository/Page_FG3D  GRiD/a_View on map")): Object: 'Object Repository/Page_FG3D  GRiD/a_View on map' is clicked on

2020-08-07 17:27:58 - [MESSAGE][PASSED] - Object: 'Object Repository/Page_FG3D  GRiD/a_View on map' is clicked on

2020-08-07 17:27:58 - [TEST_STEP][PASSED] - switchToWindowTitle("Map – GRiD"): Switched to window with title: 'Map – GRiD'

2020-08-07 17:27:59 - [MESSAGE][PASSED] - Switched to window with title: 'Map – GRiD'

2020-08-07 17:27:59 - [TEST_STEP][PASSED] - click(findTestObject("Page_Map  GRiD/input_Selection area or layers have been mo_90fb99")): Object: 'Object Repository/Page_Map  GRiD/input_Selection area or layers have been mo_90fb99' is clicked on

2020-08-07 17:28:01 - [MESSAGE][PASSED] - Object: 'Object Repository/Page_Map  GRiD/input_Selection area or layers have been mo_90fb99' is clicked on

2020-08-07 17:28:01 - [TEST_STEP][PASSED] - click(findTestObject("Page_Map  GRiD/span_Export")): Object: 'Object Repository/Page_Map  GRiD/span_Export' is clicked on

2020-08-07 17:28:01 - [MESSAGE][PASSED] - Object: 'Object Repository/Page_Map  GRiD/span_Export' is clicked on

2020-08-07 17:28:01 - [TEST_STEP][PASSED] - setText(findTestObject("Page_Map  GRiD/input_Export Name_name"), findTestData("FG3D Test Data").getValue("id_name", row)): Text 'T- FG3D: GeoTiff - GeoTiff - ESRI Shapefile - Collada -1' is set on object 'Object Repository/Page_Map  GRiD/input_Export Name_name'

2020-08-07 17:28:03 - [MESSAGE][PASSED] - Text 'T- FG3D: GeoTiff - GeoTiff - ESRI Shapefile - Collada -1' is set on object 'Object Repository/Page_Map  GRiD/input_Export Name_name'

2020-08-07 17:28:03 - [TEST_STEP][PASSED] - selectOptionByLabel(findTestObject("Page_Map  GRiD/select_GeoTiff  GeoPackage  ERDAS Imagine  --- No Output ---"), findTestData("FG3D Test Data").getValue("id_geoint_imagery", row), true): All options with label 'GeoTiff' are selected in object 'Object Repository/Page_Map  GRiD/select_GeoTiff  GeoPackage  ERDAS Imagine  --- No Output ---'  using regular expression

2020-08-07 17:28:04 - [MESSAGE][PASSED] - All options with label 'GeoTiff' are selected in object 'Object Repository/Page_Map  GRiD/select_GeoTiff  GeoPackage  ERDAS Imagine  --- No Output ---'  using regular expression

2020-08-07 17:28:04 - [TEST_STEP][PASSED] - selectOptionByLabel(findTestObject("Page_Map  GRiD/select_GeoTiff  GeoPackage  DTED  --- No Output ---"), findTestData("FG3D Test Data").getValue("id_geoint_elevation", row), true): All options with label 'GeoTiff' are selected in object 'Object Repository/Page_Map  GRiD/select_GeoTiff  GeoPackage  DTED  --- No Output ---'  using regular expression

2020-08-07 17:28:05 - [MESSAGE][PASSED] - All options with label 'GeoTiff' are selected in object 'Object Repository/Page_Map  GRiD/select_GeoTiff  GeoPackage  DTED  --- No Output ---'  using regular expression

2020-08-07 17:28:05 - [TEST_STEP][PASSED] - selectOptionByLabel(findTestObject("Page_Map  GRiD/select_ESRI Shapefile  GeoPackage  KML  --- No Output ---"), findTestData("FG3D Test Data").getValue("id_geoint_vectors", row), true): All options with label 'ESRI Shapefile' are selected in object 'Object Repository/Page_Map  GRiD/select_ESRI Shapefile  GeoPackage  KML  --- No Output ---'  using regular expression

2020-08-07 17:28:06 - [MESSAGE][PASSED] - All options with label 'ESRI Shapefile' are selected in object 'Object Repository/Page_Map  GRiD/select_ESRI Shapefile  GeoPackage  KML  --- No Output ---'  using regular expression

2020-08-07 17:28:06 - [TEST_STEP][PASSED] - selectOptionByLabel(findTestObject("Page_Map  GRiD/select_OpenFlight  Collada  KMZ  GLB  FBX  _469f7c"), findTestData("FG3D Test Data").getValue("id_geoint_models", row), true): All options with label 'Collada' are selected in object 'Object Repository/Page_Map  GRiD/select_OpenFlight  Collada  KMZ  GLB  FBX  _469f7c'  using regular expression

2020-08-07 17:28:07 - [MESSAGE][PASSED] - All options with label 'Collada' are selected in object 'Object Repository/Page_Map  GRiD/select_OpenFlight  Collada  KMZ  GLB  FBX  _469f7c'  using regular expression

2020-08-07 17:28:07 - [TEST_STEP][PASSED] - click(findTestObject("Page_Map  GRiD/button_Finish")): Object: 'Object Repository/Page_Map  GRiD/button_Finish' is clicked on

2020-08-07 17:28:07 - [MESSAGE][PASSED] - Object: 'Object Repository/Page_Map  GRiD/button_Finish' is clicked on

2020-08-07 17:28:07 - [TEST_STEP][PASSED] - click(findTestObject("Object Repository/Page_FG3D  GRiD/button_AOI Options")): Object: 'Object Repository/Page_FG3D  GRiD/button_AOI Options' is clicked on

2020-08-07 17:28:12 - [MESSAGE][PASSED] - Object: 'Object Repository/Page_FG3D  GRiD/button_AOI Options' is clicked on

2020-08-07 17:28:12 - [TEST_STEP][PASSED] - click(findTestObject("Object Repository/Page_FG3D  GRiD/a_View on map")): Object: 'Object Repository/Page_FG3D  GRiD/a_View on map' is clicked on

2020-08-07 17:28:13 - [MESSAGE][PASSED] - Object: 'Object Repository/Page_FG3D  GRiD/a_View on map' is clicked on

2020-08-07 17:28:13 - [TEST_STEP][PASSED] - switchToWindowTitle("Map – GRiD"): Switched to window with title: 'Map – GRiD'

2020-08-07 17:28:14 - [MESSAGE][PASSED] - Switched to window with title: 'Map – GRiD'

2020-08-07 17:28:14 - [TEST_STEP][PASSED] - click(findTestObject("Page_Map  GRiD/input_Selection area or layers have been mo_90fb99")): Object: 'Object Repository/Page_Map  GRiD/input_Selection area or layers have been mo_90fb99' is clicked on

2020-08-07 17:28:15 - [MESSAGE][PASSED] - Object: 'Object Repository/Page_Map  GRiD/input_Selection area or layers have been mo_90fb99' is clicked on

2020-08-07 17:28:15 - [TEST_STEP][PASSED] - click(findTestObject("Page_Map  GRiD/span_Export")): Object: 'Object Repository/Page_Map  GRiD/span_Export' is clicked on

2020-08-07 17:28:17 - [MESSAGE][PASSED] - Object: 'Object Repository/Page_Map  GRiD/span_Export' is clicked on

2020-08-07 17:28:17 - [TEST_STEP][PASSED] - setText(findTestObject("Page_Map  GRiD/input_Export Name_name"), findTestData("FG3D Test Data").getValue("id_name", row)): Text 'T- FG3D: GeoTiff - GeoTiff - ESRI Shapefile - KMZ -1' is set on object 'Object Repository/Page_Map  GRiD/input_Export Name_name'

2020-08-07 17:28:19 - [MESSAGE][PASSED] - Text 'T- FG3D: GeoTiff - GeoTiff - ESRI Shapefile - KMZ -1' is set on object 'Object Repository/Page_Map  GRiD/input_Export Name_name'

2020-08-07 17:28:19 - [TEST_STEP][PASSED] - selectOptionByLabel(findTestObject("Page_Map  GRiD/select_GeoTiff  GeoPackage  ERDAS Imagine  --- No Output ---"), findTestData("FG3D Test Data").getValue("id_geoint_imagery", row), true): All options with label 'GeoTiff' are selected in object 'Object Repository/Page_Map  GRiD/select_GeoTiff  GeoPackage  ERDAS Imagine  --- No Output ---'  using regular expression

2020-08-07 17:28:20 - [MESSAGE][PASSED] - All options with label 'GeoTiff' are selected in object 'Object Repository/Page_Map  GRiD/select_GeoTiff  GeoPackage  ERDAS Imagine  --- No Output ---'  using regular expression

2020-08-07 17:28:20 - [TEST_STEP][PASSED] - selectOptionByLabel(findTestObject("Page_Map  GRiD/select_GeoTiff  GeoPackage  DTED  --- No Output ---"), findTestData("FG3D Test Data").getValue("id_geoint_elevation", row), true): All options with label 'GeoTiff' are selected in object 'Object Repository/Page_Map  GRiD/select_GeoTiff  GeoPackage  DTED  --- No Output ---'  using regular expression

2020-08-07 17:28:21 - [MESSAGE][PASSED] - All options with label 'GeoTiff' are selected in object 'Object Repository/Page_Map  GRiD/select_GeoTiff  GeoPackage  DTED  --- No Output ---'  using regular expression

2020-08-07 17:28:21 - [TEST_STEP][PASSED] - selectOptionByLabel(findTestObject("Page_Map  GRiD/select_ESRI Shapefile  GeoPackage  KML  --- No Output ---"), findTestData("FG3D Test Data").getValue("id_geoint_vectors", row), true): All options with label 'ESRI Shapefile' are selected in object 'Object Repository/Page_Map  GRiD/select_ESRI Shapefile  GeoPackage  KML  --- No Output ---'  using regular expression

2020-08-07 17:28:21 - [MESSAGE][PASSED] - All options with label 'ESRI Shapefile' are selected in object 'Object Repository/Page_Map  GRiD/select_ESRI Shapefile  GeoPackage  KML  --- No Output ---'  using regular expression

2020-08-07 17:28:21 - [TEST_STEP][PASSED] - selectOptionByLabel(findTestObject("Page_Map  GRiD/select_OpenFlight  Collada  KMZ  GLB  FBX  _469f7c"), findTestData("FG3D Test Data").getValue("id_geoint_models", row), true): All options with label 'KMZ' are selected in object 'Object Repository/Page_Map  GRiD/select_OpenFlight  Collada  KMZ  GLB  FBX  _469f7c'  using regular expression

2020-08-07 17:28:22 - [MESSAGE][PASSED] - All options with label 'KMZ' are selected in object 'Object Repository/Page_Map  GRiD/select_OpenFlight  Collada  KMZ  GLB  FBX  _469f7c'  using regular expression

2020-08-07 17:28:22 - [TEST_STEP][PASSED] - click(findTestObject("Page_Map  GRiD/button_Finish")): Object: 'Object Repository/Page_Map  GRiD/button_Finish' is clicked on

2020-08-07 17:28:23 - [MESSAGE][PASSED] - Object: 'Object Repository/Page_Map  GRiD/button_Finish' is clicked on

2020-08-07 17:28:23 - [TEST_STEP][PASSED] - click(findTestObject("Object Repository/Page_FG3D  GRiD/button_AOI Options")): Object: 'Object Repository/Page_FG3D  GRiD/button_AOI Options' is clicked on

2020-08-07 17:28:28 - [MESSAGE][PASSED] - Object: 'Object Repository/Page_FG3D  GRiD/button_AOI Options' is clicked on

2020-08-07 17:28:28 - [TEST_STEP][PASSED] - click(findTestObject("Object Repository/Page_FG3D  GRiD/a_View on map")): Object: 'Object Repository/Page_FG3D  GRiD/a_View on map' is clicked on

2020-08-07 17:28:29 - [MESSAGE][PASSED] - Object: 'Object Repository/Page_FG3D  GRiD/a_View on map' is clicked on

2020-08-07 17:28:29 - [TEST_STEP][PASSED] - switchToWindowTitle("Map – GRiD"): Switched to window with title: 'Map – GRiD'

2020-08-07 17:28:30 - [MESSAGE][PASSED] - Switched to window with title: 'Map – GRiD'

2020-08-07 17:28:30 - [TEST_STEP][PASSED] - click(findTestObject("Page_Map  GRiD/input_Selection area or layers have been mo_90fb99")): Object: 'Object Repository/Page_Map  GRiD/input_Selection area or layers have been mo_90fb99' is clicked on

2020-08-07 17:28:31 - [MESSAGE][PASSED] - Object: 'Object Repository/Page_Map  GRiD/input_Selection area or layers have been mo_90fb99' is clicked on

2020-08-07 17:28:31 - [TEST_STEP][PASSED] - click(findTestObject("Page_Map  GRiD/span_Export")): Object: 'Object Repository/Page_Map  GRiD/span_Export' is clicked on

2020-08-07 17:28:32 - [MESSAGE][PASSED] - Object: 'Object Repository/Page_Map  GRiD/span_Export' is clicked on

2020-08-07 17:28:32 - [TEST_STEP][PASSED] - setText(findTestObject("Page_Map  GRiD/input_Export Name_name"), findTestData("FG3D Test Data").getValue("id_name", row)): Text 'T- FG3D: GeoTiff - GeoTiff - ESRI Shapefile - GLB -1' is set on object 'Object Repository/Page_Map  GRiD/input_Export Name_name'

2020-08-07 17:28:33 - [MESSAGE][PASSED] - Text 'T- FG3D: GeoTiff - GeoTiff - ESRI Shapefile - GLB -1' is set on object 'Object Repository/Page_Map  GRiD/input_Export Name_name'

2020-08-07 17:28:33 - [TEST_STEP][PASSED] - selectOptionByLabel(findTestObject("Page_Map  GRiD/select_GeoTiff  GeoPackage  ERDAS Imagine  --- No Output ---"), findTestData("FG3D Test Data").getValue("id_geoint_imagery", row), true): All options with label 'GeoTiff' are selected in object 'Object Repository/Page_Map  GRiD/select_GeoTiff  GeoPackage  ERDAS Imagine  --- No Output ---'  using regular expression

2020-08-07 17:28:34 - [MESSAGE][PASSED] - All options with label 'GeoTiff' are selected in object 'Object Repository/Page_Map  GRiD/select_GeoTiff  GeoPackage  ERDAS Imagine  --- No Output ---'  using regular expression

2020-08-07 17:28:34 - [TEST_STEP][PASSED] - selectOptionByLabel(findTestObject("Page_Map  GRiD/select_GeoTiff  GeoPackage  DTED  --- No Output ---"), findTestData("FG3D Test Data").getValue("id_geoint_elevation", row), true): All options with label 'GeoTiff' are selected in object 'Object Repository/Page_Map  GRiD/select_GeoTiff  GeoPackage  DTED  --- No Output ---'  using regular expression

2020-08-07 17:28:35 - [MESSAGE][PASSED] - All options with label 'GeoTiff' are selected in object 'Object Repository/Page_Map  GRiD/select_GeoTiff  GeoPackage  DTED  --- No Output ---'  using regular expression

2020-08-07 17:28:35 - [TEST_STEP][PASSED] - selectOptionByLabel(findTestObject("Page_Map  GRiD/select_ESRI Shapefile  GeoPackage  KML  --- No Output ---"), findTestData("FG3D Test Data").getValue("id_geoint_vectors", row), true): All options with label 'ESRI Shapefile' are selected in object 'Object Repository/Page_Map  GRiD/select_ESRI Shapefile  GeoPackage  KML  --- No Output ---'  using regular expression

2020-08-07 17:28:36 - [MESSAGE][PASSED] - All options with label 'ESRI Shapefile' are selected in object 'Object Repository/Page_Map  GRiD/select_ESRI Shapefile  GeoPackage  KML  --- No Output ---'  using regular expression

2020-08-07 17:28:36 - [TEST_STEP][PASSED] - selectOptionByLabel(findTestObject("Page_Map  GRiD/select_OpenFlight  Collada  KMZ  GLB  FBX  _469f7c"), findTestData("FG3D Test Data").getValue("id_geoint_models", row), true): All options with label 'GLB' are selected in object 'Object Repository/Page_Map  GRiD/select_OpenFlight  Collada  KMZ  GLB  FBX  _469f7c'  using regular expression

2020-08-07 17:28:37 - [MESSAGE][PASSED] - All options with label 'GLB' are selected in object 'Object Repository/Page_Map  GRiD/select_OpenFlight  Collada  KMZ  GLB  FBX  _469f7c'  using regular expression

2020-08-07 17:28:37 - [TEST_STEP][PASSED] - click(findTestObject("Page_Map  GRiD/button_Finish")): Object: 'Object Repository/Page_Map  GRiD/button_Finish' is clicked on

2020-08-07 17:28:38 - [MESSAGE][PASSED] - Object: 'Object Repository/Page_Map  GRiD/button_Finish' is clicked on

2020-08-07 17:28:38 - [TEST_STEP][PASSED] - click(findTestObject("Object Repository/Page_FG3D  GRiD/button_AOI Options")): Object: 'Object Repository/Page_FG3D  GRiD/button_AOI Options' is clicked on

2020-08-07 17:28:43 - [MESSAGE][PASSED] - Object: 'Object Repository/Page_FG3D  GRiD/button_AOI Options' is clicked on

2020-08-07 17:28:43 - [TEST_STEP][PASSED] - click(findTestObject("Object Repository/Page_FG3D  GRiD/a_View on map")): Object: 'Object Repository/Page_FG3D  GRiD/a_View on map' is clicked on

2020-08-07 17:28:44 - [MESSAGE][PASSED] - Object: 'Object Repository/Page_FG3D  GRiD/a_View on map' is clicked on

2020-08-07 17:28:44 - [TEST_STEP][PASSED] - switchToWindowTitle("Map – GRiD"): Switched to window with title: 'Map – GRiD'

2020-08-07 17:28:44 - [MESSAGE][PASSED] - Switched to window with title: 'Map – GRiD'

2020-08-07 17:28:44 - [TEST_STEP][PASSED] - click(findTestObject("Page_Map  GRiD/input_Selection area or layers have been mo_90fb99")): Object: 'Object Repository/Page_Map  GRiD/input_Selection area or layers have been mo_90fb99' is clicked on

2020-08-07 17:28:46 - [MESSAGE][PASSED] - Object: 'Object Repository/Page_Map  GRiD/input_Selection area or layers have been mo_90fb99' is clicked on

2020-08-07 17:28:46 - [TEST_STEP][PASSED] - click(findTestObject("Page_Map  GRiD/span_Export")): Object: 'Object Repository/Page_Map  GRiD/span_Export' is clicked on

2020-08-07 17:28:47 - [MESSAGE][PASSED] - Object: 'Object Repository/Page_Map  GRiD/span_Export' is clicked on

2020-08-07 17:28:47 - [TEST_STEP][PASSED] - setText(findTestObject("Page_Map  GRiD/input_Export Name_name"), findTestData("FG3D Test Data").getValue("id_name", row)): Text 'T- FG3D: GeoTiff - GeoTiff - ESRI Shapefile - FBX -1' is set on object 'Object Repository/Page_Map  GRiD/input_Export Name_name'

2020-08-07 17:28:48 - [MESSAGE][PASSED] - Text 'T- FG3D: GeoTiff - GeoTiff - ESRI Shapefile - FBX -1' is set on object 'Object Repository/Page_Map  GRiD/input_Export Name_name'

2020-08-07 17:28:48 - [TEST_STEP][PASSED] - selectOptionByLabel(findTestObject("Page_Map  GRiD/select_GeoTiff  GeoPackage  ERDAS Imagine  --- No Output ---"), findTestData("FG3D Test Data").getValue("id_geoint_imagery", row), true): All options with label 'GeoTiff' are selected in object 'Object Repository/Page_Map  GRiD/select_GeoTiff  GeoPackage  ERDAS Imagine  --- No Output ---'  using regular expression

2020-08-07 17:28:49 - [MESSAGE][PASSED] - All options with label 'GeoTiff' are selected in object 'Object Repository/Page_Map  GRiD/select_GeoTiff  GeoPackage  ERDAS Imagine  --- No Output ---'  using regular expression

2020-08-07 17:28:49 - [TEST_STEP][PASSED] - selectOptionByLabel(findTestObject("Page_Map  GRiD/select_GeoTiff  GeoPackage  DTED  --- No Output ---"), findTestData("FG3D Test Data").getValue("id_geoint_elevation", row), true): All options with label 'GeoTiff' are selected in object 'Object Repository/Page_Map  GRiD/select_GeoTiff  GeoPackage  DTED  --- No Output ---'  using regular expression

2020-08-07 17:28:50 - [MESSAGE][PASSED] - All options with label 'GeoTiff' are selected in object 'Object Repository/Page_Map  GRiD/select_GeoTiff  GeoPackage  DTED  --- No Output ---'  using regular expression

2020-08-07 17:28:50 - [TEST_STEP][PASSED] - selectOptionByLabel(findTestObject("Page_Map  GRiD/select_ESRI Shapefile  GeoPackage  KML  --- No Output ---"), findTestData("FG3D Test Data").getValue("id_geoint_vectors", row), true): All options with label 'ESRI Shapefile' are selected in object 'Object Repository/Page_Map  GRiD/select_ESRI Shapefile  GeoPackage  KML  --- No Output ---'  using regular expression

2020-08-07 17:28:51 - [MESSAGE][PASSED] - All options with label 'ESRI Shapefile' are selected in object 'Object Repository/Page_Map  GRiD/select_ESRI Shapefile  GeoPackage  KML  --- No Output ---'  using regular expression

2020-08-07 17:28:51 - [TEST_STEP][PASSED] - selectOptionByLabel(findTestObject("Page_Map  GRiD/select_OpenFlight  Collada  KMZ  GLB  FBX  _469f7c"), findTestData("FG3D Test Data").getValue("id_geoint_models", row), true): All options with label 'FBX' are selected in object 'Object Repository/Page_Map  GRiD/select_OpenFlight  Collada  KMZ  GLB  FBX  _469f7c'  using regular expression

2020-08-07 17:28:52 - [MESSAGE][PASSED] - All options with label 'FBX' are selected in object 'Object Repository/Page_Map  GRiD/select_OpenFlight  Collada  KMZ  GLB  FBX  _469f7c'  using regular expression

2020-08-07 17:28:52 - [TEST_STEP][PASSED] - click(findTestObject("Page_Map  GRiD/button_Finish")): Object: 'Object Repository/Page_Map  GRiD/button_Finish' is clicked on

2020-08-07 17:28:52 - [MESSAGE][PASSED] - Object: 'Object Repository/Page_Map  GRiD/button_Finish' is clicked on

2020-08-07 17:28:52 - [TEST_STEP][PASSED] - click(findTestObject("Object Repository/Page_FG3D  GRiD/button_AOI Options")): Object: 'Object Repository/Page_FG3D  GRiD/button_AOI Options' is clicked on

2020-08-07 17:28:58 - [MESSAGE][PASSED] - Object: 'Object Repository/Page_FG3D  GRiD/button_AOI Options' is clicked on

2020-08-07 17:28:58 - [TEST_STEP][PASSED] - click(findTestObject("Object Repository/Page_FG3D  GRiD/a_View on map")): Object: 'Object Repository/Page_FG3D  GRiD/a_View on map' is clicked on

2020-08-07 17:28:58 - [MESSAGE][PASSED] - Object: 'Object Repository/Page_FG3D  GRiD/a_View on map' is clicked on

2020-08-07 17:28:58 - [TEST_STEP][PASSED] - switchToWindowTitle("Map – GRiD"): Switched to window with title: 'Map – GRiD'

2020-08-07 17:28:59 - [MESSAGE][PASSED] - Switched to window with title: 'Map – GRiD'

2020-08-07 17:28:59 - [TEST_STEP][PASSED] - click(findTestObject("Page_Map  GRiD/input_Selection area or layers have been mo_90fb99")): Object: 'Object Repository/Page_Map  GRiD/input_Selection area or layers have been mo_90fb99' is clicked on

2020-08-07 17:29:01 - [MESSAGE][PASSED] - Object: 'Object Repository/Page_Map  GRiD/input_Selection area or layers have been mo_90fb99' is clicked on

2020-08-07 17:29:01 - [TEST_STEP][PASSED] - click(findTestObject("Page_Map  GRiD/span_Export")): Object: 'Object Repository/Page_Map  GRiD/span_Export' is clicked on

2020-08-07 17:29:02 - [MESSAGE][PASSED] - Object: 'Object Repository/Page_Map  GRiD/span_Export' is clicked on

2020-08-07 17:29:02 - [TEST_STEP][PASSED] - setText(findTestObject("Page_Map  GRiD/input_Export Name_name"), findTestData("FG3D Test Data").getValue("id_name", row)): Text 'T- FG3D: GeoTiff - GeoTiff - ESRI Shapefile - OBJ -1' is set on object 'Object Repository/Page_Map  GRiD/input_Export Name_name'

2020-08-07 17:29:03 - [MESSAGE][PASSED] - Text 'T- FG3D: GeoTiff - GeoTiff - ESRI Shapefile - OBJ -1' is set on object 'Object Repository/Page_Map  GRiD/input_Export Name_name'

2020-08-07 17:29:03 - [TEST_STEP][PASSED] - selectOptionByLabel(findTestObject("Page_Map  GRiD/select_GeoTiff  GeoPackage  ERDAS Imagine  --- No Output ---"), findTestData("FG3D Test Data").getValue("id_geoint_imagery", row), true): All options with label 'GeoTiff' are selected in object 'Object Repository/Page_Map  GRiD/select_GeoTiff  GeoPackage  ERDAS Imagine  --- No Output ---'  using regular expression

2020-08-07 17:29:04 - [MESSAGE][PASSED] - All options with label 'GeoTiff' are selected in object 'Object Repository/Page_Map  GRiD/select_GeoTiff  GeoPackage  ERDAS Imagine  --- No Output ---'  using regular expression

2020-08-07 17:29:04 - [TEST_STEP][PASSED] - selectOptionByLabel(findTestObject("Page_Map  GRiD/select_GeoTiff  GeoPackage  DTED  --- No Output ---"), findTestData("FG3D Test Data").getValue("id_geoint_elevation", row), true): All options with label 'GeoTiff' are selected in object 'Object Repository/Page_Map  GRiD/select_GeoTiff  GeoPackage  DTED  --- No Output ---'  using regular expression

2020-08-07 17:29:05 - [MESSAGE][PASSED] - All options with label 'GeoTiff' are selected in object 'Object Repository/Page_Map  GRiD/select_GeoTiff  GeoPackage  DTED  --- No Output ---'  using regular expression

2020-08-07 17:29:05 - [TEST_STEP][PASSED] - selectOptionByLabel(findTestObject("Page_Map  GRiD/select_ESRI Shapefile  GeoPackage  KML  --- No Output ---"), findTestData("FG3D Test Data").getValue("id_geoint_vectors", row), true): All options with label 'ESRI Shapefile' are selected in object 'Object Repository/Page_Map  GRiD/select_ESRI Shapefile  GeoPackage  KML  --- No Output ---'  using regular expression

2020-08-07 17:29:06 - [MESSAGE][PASSED] - All options with label 'ESRI Shapefile' are selected in object 'Object Repository/Page_Map  GRiD/select_ESRI Shapefile  GeoPackage  KML  --- No Output ---'  using regular expression

2020-08-07 17:29:06 - [TEST_STEP][PASSED] - selectOptionByLabel(findTestObject("Page_Map  GRiD/select_OpenFlight  Collada  KMZ  GLB  FBX  _469f7c"), findTestData("FG3D Test Data").getValue("id_geoint_models", row), true): All options with label 'OBJ' are selected in object 'Object Repository/Page_Map  GRiD/select_OpenFlight  Collada  KMZ  GLB  FBX  _469f7c'  using regular expression

2020-08-07 17:29:07 - [MESSAGE][PASSED] - All options with label 'OBJ' are selected in object 'Object Repository/Page_Map  GRiD/select_OpenFlight  Collada  KMZ  GLB  FBX  _469f7c'  using regular expression

2020-08-07 17:29:07 - [TEST_STEP][PASSED] - click(findTestObject("Page_Map  GRiD/button_Finish")): Object: 'Object Repository/Page_Map  GRiD/button_Finish' is clicked on

2020-08-07 17:29:07 - [MESSAGE][PASSED] - Object: 'Object Repository/Page_Map  GRiD/button_Finish' is clicked on

2020-08-07 17:29:07 - [TEST_STEP][PASSED] - click(findTestObject("Object Repository/Page_FG3D  GRiD/button_AOI Options")): Object: 'Object Repository/Page_FG3D  GRiD/button_AOI Options' is clicked on

2020-08-07 17:29:13 - [MESSAGE][PASSED] - Object: 'Object Repository/Page_FG3D  GRiD/button_AOI Options' is clicked on

2020-08-07 17:29:13 - [TEST_STEP][PASSED] - click(findTestObject("Object Repository/Page_FG3D  GRiD/a_View on map")): Object: 'Object Repository/Page_FG3D  GRiD/a_View on map' is clicked on

2020-08-07 17:29:14 - [MESSAGE][PASSED] - Object: 'Object Repository/Page_FG3D  GRiD/a_View on map' is clicked on

2020-08-07 17:29:14 - [TEST_STEP][PASSED] - switchToWindowTitle("Map – GRiD"): Switched to window with title: 'Map – GRiD'

2020-08-07 17:29:15 - [MESSAGE][PASSED] - Switched to window with title: 'Map – GRiD'

2020-08-07 17:29:15 - [TEST_STEP][PASSED] - click(findTestObject("Page_Map  GRiD/input_Selection area or layers have been mo_90fb99")): Object: 'Object Repository/Page_Map  GRiD/input_Selection area or layers have been mo_90fb99' is clicked on

2020-08-07 17:29:16 - [MESSAGE][PASSED] - Object: 'Object Repository/Page_Map  GRiD/input_Selection area or layers have been mo_90fb99' is clicked on

2020-08-07 17:29:16 - [TEST_STEP][PASSED] - click(findTestObject("Page_Map  GRiD/span_Export")): Object: 'Object Repository/Page_Map  GRiD/span_Export' is clicked on

2020-08-07 17:29:17 - [MESSAGE][PASSED] - Object: 'Object Repository/Page_Map  GRiD/span_Export' is clicked on

2020-08-07 17:29:17 - [TEST_STEP][PASSED] - setText(findTestObject("Page_Map  GRiD/input_Export Name_name"), findTestData("FG3D Test Data").getValue("id_name", row)): Text 'T- FG3D: GeoTiff - GeoTiff - ESRI Shapefile - --- No Output --- -1' is set on object 'Object Repository/Page_Map  GRiD/input_Export Name_name'

2020-08-07 17:29:19 - [MESSAGE][PASSED] - Text 'T- FG3D: GeoTiff - GeoTiff - ESRI Shapefile - --- No Output --- -1' is set on object 'Object Repository/Page_Map  GRiD/input_Export Name_name'

2020-08-07 17:29:19 - [TEST_STEP][PASSED] - selectOptionByLabel(findTestObject("Page_Map  GRiD/select_GeoTiff  GeoPackage  ERDAS Imagine  --- No Output ---"), findTestData("FG3D Test Data").getValue("id_geoint_imagery", row), true): All options with label 'GeoTiff' are selected in object 'Object Repository/Page_Map  GRiD/select_GeoTiff  GeoPackage  ERDAS Imagine  --- No Output ---'  using regular expression

2020-08-07 17:29:19 - [MESSAGE][PASSED] - All options with label 'GeoTiff' are selected in object 'Object Repository/Page_Map  GRiD/select_GeoTiff  GeoPackage  ERDAS Imagine  --- No Output ---'  using regular expression

2020-08-07 17:29:19 - [TEST_STEP][PASSED] - selectOptionByLabel(findTestObject("Page_Map  GRiD/select_GeoTiff  GeoPackage  DTED  --- No Output ---"), findTestData("FG3D Test Data").getValue("id_geoint_elevation", row), true): All options with label 'GeoTiff' are selected in object 'Object Repository/Page_Map  GRiD/select_GeoTiff  GeoPackage  DTED  --- No Output ---'  using regular expression

2020-08-07 17:29:20 - [MESSAGE][PASSED] - All options with label 'GeoTiff' are selected in object 'Object Repository/Page_Map  GRiD/select_GeoTiff  GeoPackage  DTED  --- No Output ---'  using regular expression

2020-08-07 17:29:20 - [TEST_STEP][PASSED] - selectOptionByLabel(findTestObject("Page_Map  GRiD/select_ESRI Shapefile  GeoPackage  KML  --- No Output ---"), findTestData("FG3D Test Data").getValue("id_geoint_vectors", row), true): All options with label 'ESRI Shapefile' are selected in object 'Object Repository/Page_Map  GRiD/select_ESRI Shapefile  GeoPackage  KML  --- No Output ---'  using regular expression

2020-08-07 17:29:21 - [MESSAGE][PASSED] - All options with label 'ESRI Shapefile' are selected in object 'Object Repository/Page_Map  GRiD/select_ESRI Shapefile  GeoPackage  KML  --- No Output ---'  using regular expression

2020-08-07 17:29:21 - [TEST_STEP][PASSED] - selectOptionByLabel(findTestObject("Page_Map  GRiD/select_OpenFlight  Collada  KMZ  GLB  FBX  _469f7c"), findTestData("FG3D Test Data").getValue("id_geoint_models", row), true): All options with label '--- No Output ---' are selected in object 'Object Repository/Page_Map  GRiD/select_OpenFlight  Collada  KMZ  GLB  FBX  _469f7c'  using regular expression

2020-08-07 17:29:22 - [MESSAGE][PASSED] - All options with label '--- No Output ---' are selected in object 'Object Repository/Page_Map  GRiD/select_OpenFlight  Collada  KMZ  GLB  FBX  _469f7c'  using regular expression

2020-08-07 17:29:22 - [TEST_STEP][PASSED] - click(findTestObject("Page_Map  GRiD/button_Finish")): Object: 'Object Repository/Page_Map  GRiD/button_Finish' is clicked on

2020-08-07 17:29:22 - [MESSAGE][PASSED] - Object: 'Object Repository/Page_Map  GRiD/button_Finish' is clicked on

2020-08-07 17:29:22 - [TEST_STEP][PASSED] - click(findTestObject("Object Repository/Page_FG3D  GRiD/button_AOI Options")): Object: 'Object Repository/Page_FG3D  GRiD/button_AOI Options' is clicked on

2020-08-07 17:29:28 - [MESSAGE][PASSED] - Object: 'Object Repository/Page_FG3D  GRiD/button_AOI Options' is clicked on

2020-08-07 17:29:28 - [TEST_STEP][PASSED] - click(findTestObject("Object Repository/Page_FG3D  GRiD/a_View on map")): Object: 'Object Repository/Page_FG3D  GRiD/a_View on map' is clicked on

2020-08-07 17:29:29 - [MESSAGE][PASSED] - Object: 'Object Repository/Page_FG3D  GRiD/a_View on map' is clicked on

2020-08-07 17:29:29 - [TEST_STEP][PASSED] - switchToWindowTitle("Map – GRiD"): Switched to window with title: 'Map – GRiD'

2020-08-07 17:29:30 - [MESSAGE][PASSED] - Switched to window with title: 'Map – GRiD'

2020-08-07 17:29:30 - [TEST_STEP][PASSED] - click(findTestObject("Page_Map  GRiD/input_Selection area or layers have been mo_90fb99")): Object: 'Object Repository/Page_Map  GRiD/input_Selection area or layers have been mo_90fb99' is clicked on

2020-08-07 17:29:31 - [MESSAGE][PASSED] - Object: 'Object Repository/Page_Map  GRiD/input_Selection area or layers have been mo_90fb99' is clicked on

2020-08-07 17:29:31 - [TEST_STEP][PASSED] - click(findTestObject("Page_Map  GRiD/span_Export")): Object: 'Object Repository/Page_Map  GRiD/span_Export' is clicked on

2020-08-07 17:29:32 - [MESSAGE][PASSED] - Object: 'Object Repository/Page_Map  GRiD/span_Export' is clicked on

2020-08-07 17:29:32 - [TEST_STEP][PASSED] - setText(findTestObject("Page_Map  GRiD/input_Export Name_name"), findTestData("FG3D Test Data").getValue("id_name", row)): Text 'T- FG3D: GeoTiff - GeoTiff - GeoPackage - OpenFlight -1' is set on object 'Object Repository/Page_Map  GRiD/input_Export Name_name'

2020-08-07 17:29:34 - [MESSAGE][PASSED] - Text 'T- FG3D: GeoTiff - GeoTiff - GeoPackage - OpenFlight -1' is set on object 'Object Repository/Page_Map  GRiD/input_Export Name_name'

2020-08-07 17:29:34 - [TEST_STEP][PASSED] - selectOptionByLabel(findTestObject("Page_Map  GRiD/select_GeoTiff  GeoPackage  ERDAS Imagine  --- No Output ---"), findTestData("FG3D Test Data").getValue("id_geoint_imagery", row), true): All options with label 'GeoTiff' are selected in object 'Object Repository/Page_Map  GRiD/select_GeoTiff  GeoPackage  ERDAS Imagine  --- No Output ---'  using regular expression

2020-08-07 17:29:34 - [MESSAGE][PASSED] - All options with label 'GeoTiff' are selected in object 'Object Repository/Page_Map  GRiD/select_GeoTiff  GeoPackage  ERDAS Imagine  --- No Output ---'  using regular expression

2020-08-07 17:29:34 - [TEST_STEP][PASSED] - selectOptionByLabel(findTestObject("Page_Map  GRiD/select_GeoTiff  GeoPackage  DTED  --- No Output ---"), findTestData("FG3D Test Data").getValue("id_geoint_elevation", row), true): All options with label 'GeoTiff' are selected in object 'Object Repository/Page_Map  GRiD/select_GeoTiff  GeoPackage  DTED  --- No Output ---'  using regular expression

2020-08-07 17:29:35 - [MESSAGE][PASSED] - All options with label 'GeoTiff' are selected in object 'Object Repository/Page_Map  GRiD/select_GeoTiff  GeoPackage  DTED  --- No Output ---'  using regular expression

2020-08-07 17:29:35 - [TEST_STEP][PASSED] - selectOptionByLabel(findTestObject("Page_Map  GRiD/select_ESRI Shapefile  GeoPackage  KML  --- No Output ---"), findTestData("FG3D Test Data").getValue("id_geoint_vectors", row), true): All options with label 'GeoPackage' are selected in object 'Object Repository/Page_Map  GRiD/select_ESRI Shapefile  GeoPackage  KML  --- No Output ---'  using regular expression

2020-08-07 17:29:36 - [MESSAGE][PASSED] - All options with label 'GeoPackage' are selected in object 'Object Repository/Page_Map  GRiD/select_ESRI Shapefile  GeoPackage  KML  --- No Output ---'  using regular expression

2020-08-07 17:29:36 - [TEST_STEP][PASSED] - selectOptionByLabel(findTestObject("Page_Map  GRiD/select_OpenFlight  Collada  KMZ  GLB  FBX  _469f7c"), findTestData("FG3D Test Data").getValue("id_geoint_models", row), true): All options with label 'OpenFlight' are selected in object 'Object Repository/Page_Map  GRiD/select_OpenFlight  Collada  KMZ  GLB  FBX  _469f7c'  using regular expression

2020-08-07 17:29:37 - [MESSAGE][PASSED] - All options with label 'OpenFlight' are selected in object 'Object Repository/Page_Map  GRiD/select_OpenFlight  Collada  KMZ  GLB  FBX  _469f7c'  using regular expression

2020-08-07 17:29:37 - [TEST_STEP][PASSED] - click(findTestObject("Page_Map  GRiD/button_Finish")): Object: 'Object Repository/Page_Map  GRiD/button_Finish' is clicked on

2020-08-07 17:29:37 - [MESSAGE][PASSED] - Object: 'Object Repository/Page_Map  GRiD/button_Finish' is clicked on

2020-08-07 17:29:37 - [TEST_STEP][PASSED] - click(findTestObject("Object Repository/Page_FG3D  GRiD/button_AOI Options")): Object: 'Object Repository/Page_FG3D  GRiD/button_AOI Options' is clicked on

2020-08-07 17:29:43 - [MESSAGE][PASSED] - Object: 'Object Repository/Page_FG3D  GRiD/button_AOI Options' is clicked on

2020-08-07 17:29:43 - [TEST_STEP][PASSED] - click(findTestObject("Object Repository/Page_FG3D  GRiD/a_View on map")): Object: 'Object Repository/Page_FG3D  GRiD/a_View on map' is clicked on

2020-08-07 17:29:43 - [MESSAGE][PASSED] - Object: 'Object Repository/Page_FG3D  GRiD/a_View on map' is clicked on

2020-08-07 17:29:43 - [TEST_STEP][PASSED] - switchToWindowTitle("Map – GRiD"): Switched to window with title: 'Map – GRiD'

2020-08-07 17:29:44 - [MESSAGE][PASSED] - Switched to window with title: 'Map – GRiD'

2020-08-07 17:29:44 - [TEST_STEP][PASSED] - click(findTestObject("Page_Map  GRiD/input_Selection area or layers have been mo_90fb99")): Object: 'Object Repository/Page_Map  GRiD/input_Selection area or layers have been mo_90fb99' is clicked on

2020-08-07 17:29:46 - [MESSAGE][PASSED] - Object: 'Object Repository/Page_Map  GRiD/input_Selection area or layers have been mo_90fb99' is clicked on

2020-08-07 17:29:46 - [TEST_STEP][PASSED] - click(findTestObject("Page_Map  GRiD/span_Export")): Object: 'Object Repository/Page_Map  GRiD/span_Export' is clicked on

2020-08-07 17:29:47 - [MESSAGE][PASSED] - Object: 'Object Repository/Page_Map  GRiD/span_Export' is clicked on

2020-08-07 17:29:47 - [TEST_STEP][PASSED] - setText(findTestObject("Page_Map  GRiD/input_Export Name_name"), findTestData("FG3D Test Data").getValue("id_name", row)): Text 'T- FG3D: GeoTiff - GeoTiff - GeoPackage - Collada -1' is set on object 'Object Repository/Page_Map  GRiD/input_Export Name_name'

2020-08-07 17:29:49 - [MESSAGE][PASSED] - Text 'T- FG3D: GeoTiff - GeoTiff - GeoPackage - Collada -1' is set on object 'Object Repository/Page_Map  GRiD/input_Export Name_name'

2020-08-07 17:29:49 - [TEST_STEP][PASSED] - selectOptionByLabel(findTestObject("Page_Map  GRiD/select_GeoTiff  GeoPackage  ERDAS Imagine  --- No Output ---"), findTestData("FG3D Test Data").getValue("id_geoint_imagery", row), true): All options with label 'GeoTiff' are selected in object 'Object Repository/Page_Map  GRiD/select_GeoTiff  GeoPackage  ERDAS Imagine  --- No Output ---'  using regular expression

2020-08-07 17:29:50 - [MESSAGE][PASSED] - All options with label 'GeoTiff' are selected in object 'Object Repository/Page_Map  GRiD/select_GeoTiff  GeoPackage  ERDAS Imagine  --- No Output ---'  using regular expression

2020-08-07 17:29:50 - [TEST_STEP][PASSED] - selectOptionByLabel(findTestObject("Page_Map  GRiD/select_GeoTiff  GeoPackage  DTED  --- No Output ---"), findTestData("FG3D Test Data").getValue("id_geoint_elevation", row), true): All options with label 'GeoTiff' are selected in object 'Object Repository/Page_Map  GRiD/select_GeoTiff  GeoPackage  DTED  --- No Output ---'  using regular expression

2020-08-07 17:29:50 - [MESSAGE][PASSED] - All options with label 'GeoTiff' are selected in object 'Object Repository/Page_Map  GRiD/select_GeoTiff  GeoPackage  DTED  --- No Output ---'  using regular expression

2020-08-07 17:29:50 - [TEST_STEP][PASSED] - selectOptionByLabel(findTestObject("Page_Map  GRiD/select_ESRI Shapefile  GeoPackage  KML  --- No Output ---"), findTestData("FG3D Test Data").getValue("id_geoint_vectors", row), true): All options with label 'GeoPackage' are selected in object 'Object Repository/Page_Map  GRiD/select_ESRI Shapefile  GeoPackage  KML  --- No Output ---'  using regular expression

2020-08-07 17:29:51 - [MESSAGE][PASSED] - All options with label 'GeoPackage' are selected in object 'Object Repository/Page_Map  GRiD/select_ESRI Shapefile  GeoPackage  KML  --- No Output ---'  using regular expression

2020-08-07 17:29:51 - [TEST_STEP][PASSED] - selectOptionByLabel(findTestObject("Page_Map  GRiD/select_OpenFlight  Collada  KMZ  GLB  FBX  _469f7c"), findTestData("FG3D Test Data").getValue("id_geoint_models", row), true): All options with label 'Collada' are selected in object 'Object Repository/Page_Map  GRiD/select_OpenFlight  Collada  KMZ  GLB  FBX  _469f7c'  using regular expression

2020-08-07 17:29:52 - [MESSAGE][PASSED] - All options with label 'Collada' are selected in object 'Object Repository/Page_Map  GRiD/select_OpenFlight  Collada  KMZ  GLB  FBX  _469f7c'  using regular expression

2020-08-07 17:29:52 - [TEST_STEP][PASSED] - click(findTestObject("Page_Map  GRiD/button_Finish")): Object: 'Object Repository/Page_Map  GRiD/button_Finish' is clicked on

2020-08-07 17:29:53 - [MESSAGE][PASSED] - Object: 'Object Repository/Page_Map  GRiD/button_Finish' is clicked on

2020-08-07 17:29:53 - [TEST_STEP][PASSED] - click(findTestObject("Object Repository/Page_FG3D  GRiD/button_AOI Options")): Object: 'Object Repository/Page_FG3D  GRiD/button_AOI Options' is clicked on

2020-08-07 17:29:59 - [MESSAGE][PASSED] - Object: 'Object Repository/Page_FG3D  GRiD/button_AOI Options' is clicked on

2020-08-07 17:29:59 - [TEST_STEP][PASSED] - click(findTestObject("Object Repository/Page_FG3D  GRiD/a_View on map")): Object: 'Object Repository/Page_FG3D  GRiD/a_View on map' is clicked on

2020-08-07 17:29:59 - [MESSAGE][PASSED] - Object: 'Object Repository/Page_FG3D  GRiD/a_View on map' is clicked on

2020-08-07 17:29:59 - [TEST_STEP][PASSED] - switchToWindowTitle("Map – GRiD"): Switched to window with title: 'Map – GRiD'

2020-08-07 17:30:01 - [MESSAGE][PASSED] - Switched to window with title: 'Map – GRiD'

2020-08-07 17:30:01 - [TEST_STEP][PASSED] - click(findTestObject("Page_Map  GRiD/input_Selection area or layers have been mo_90fb99")): Object: 'Object Repository/Page_Map  GRiD/input_Selection area or layers have been mo_90fb99' is clicked on

2020-08-07 17:30:03 - [MESSAGE][PASSED] - Object: 'Object Repository/Page_Map  GRiD/input_Selection area or layers have been mo_90fb99' is clicked on

2020-08-07 17:30:03 - [TEST_STEP][PASSED] - click(findTestObject("Page_Map  GRiD/span_Export")): Object: 'Object Repository/Page_Map  GRiD/span_Export' is clicked on

2020-08-07 17:30:04 - [MESSAGE][PASSED] - Object: 'Object Repository/Page_Map  GRiD/span_Export' is clicked on

2020-08-07 17:30:04 - [TEST_STEP][PASSED] - setText(findTestObject("Page_Map  GRiD/input_Export Name_name"), findTestData("FG3D Test Data").getValue("id_name", row)): Text 'T- FG3D: GeoTiff - GeoTiff - GeoPackage - KMZ -1' is set on object 'Object Repository/Page_Map  GRiD/input_Export Name_name'

2020-08-07 17:30:05 - [MESSAGE][PASSED] - Text 'T- FG3D: GeoTiff - GeoTiff - GeoPackage - KMZ -1' is set on object 'Object Repository/Page_Map  GRiD/input_Export Name_name'

2020-08-07 17:30:05 - [TEST_STEP][PASSED] - selectOptionByLabel(findTestObject("Page_Map  GRiD/select_GeoTiff  GeoPackage  ERDAS Imagine  --- No Output ---"), findTestData("FG3D Test Data").getValue("id_geoint_imagery", row), true): All options with label 'GeoTiff' are selected in object 'Object Repository/Page_Map  GRiD/select_GeoTiff  GeoPackage  ERDAS Imagine  --- No Output ---'  using regular expression

2020-08-07 17:30:06 - [MESSAGE][PASSED] - All options with label 'GeoTiff' are selected in object 'Object Repository/Page_Map  GRiD/select_GeoTiff  GeoPackage  ERDAS Imagine  --- No Output ---'  using regular expression

2020-08-07 17:30:06 - [TEST_STEP][PASSED] - selectOptionByLabel(findTestObject("Page_Map  GRiD/select_GeoTiff  GeoPackage  DTED  --- No Output ---"), findTestData("FG3D Test Data").getValue("id_geoint_elevation", row), true): All options with label 'GeoTiff' are selected in object 'Object Repository/Page_Map  GRiD/select_GeoTiff  GeoPackage  DTED  --- No Output ---'  using regular expression

2020-08-07 17:30:07 - [MESSAGE][PASSED] - All options with label 'GeoTiff' are selected in object 'Object Repository/Page_Map  GRiD/select_GeoTiff  GeoPackage  DTED  --- No Output ---'  using regular expression

2020-08-07 17:30:07 - [TEST_STEP][PASSED] - selectOptionByLabel(findTestObject("Page_Map  GRiD/select_ESRI Shapefile  GeoPackage  KML  --- No Output ---"), findTestData("FG3D Test Data").getValue("id_geoint_vectors", row), true): All options with label 'GeoPackage' are selected in object 'Object Repository/Page_Map  GRiD/select_ESRI Shapefile  GeoPackage  KML  --- No Output ---'  using regular expression

2020-08-07 17:30:08 - [MESSAGE][PASSED] - All options with label 'GeoPackage' are selected in object 'Object Repository/Page_Map  GRiD/select_ESRI Shapefile  GeoPackage  KML  --- No Output ---'  using regular expression

2020-08-07 17:30:08 - [TEST_STEP][PASSED] - selectOptionByLabel(findTestObject("Page_Map  GRiD/select_OpenFlight  Collada  KMZ  GLB  FBX  _469f7c"), findTestData("FG3D Test Data").getValue("id_geoint_models", row), true): All options with label 'KMZ' are selected in object 'Object Repository/Page_Map  GRiD/select_OpenFlight  Collada  KMZ  GLB  FBX  _469f7c'  using regular expression

2020-08-07 17:30:09 - [MESSAGE][PASSED] - All options with label 'KMZ' are selected in object 'Object Repository/Page_Map  GRiD/select_OpenFlight  Collada  KMZ  GLB  FBX  _469f7c'  using regular expression

2020-08-07 17:30:09 - [TEST_STEP][PASSED] - click(findTestObject("Page_Map  GRiD/button_Finish")): Object: 'Object Repository/Page_Map  GRiD/button_Finish' is clicked on

2020-08-07 17:30:09 - [MESSAGE][PASSED] - Object: 'Object Repository/Page_Map  GRiD/button_Finish' is clicked on

2020-08-07 17:30:09 - [TEST_STEP][PASSED] - click(findTestObject("Object Repository/Page_FG3D  GRiD/button_AOI Options")): Object: 'Object Repository/Page_FG3D  GRiD/button_AOI Options' is clicked on

2020-08-07 17:30:15 - [MESSAGE][PASSED] - Object: 'Object Repository/Page_FG3D  GRiD/button_AOI Options' is clicked on

2020-08-07 17:30:15 - [TEST_STEP][PASSED] - click(findTestObject("Object Repository/Page_FG3D  GRiD/a_View on map")): Object: 'Object Repository/Page_FG3D  GRiD/a_View on map' is clicked on

2020-08-07 17:30:16 - [MESSAGE][PASSED] - Object: 'Object Repository/Page_FG3D  GRiD/a_View on map' is clicked on

2020-08-07 17:30:16 - [TEST_STEP][PASSED] - switchToWindowTitle("Map – GRiD"): Switched to window with title: 'Map – GRiD'

2020-08-07 17:30:17 - [MESSAGE][PASSED] - Switched to window with title: 'Map – GRiD'

2020-08-07 17:30:17 - [TEST_STEP][PASSED] - click(findTestObject("Page_Map  GRiD/input_Selection area or layers have been mo_90fb99")): Object: 'Object Repository/Page_Map  GRiD/input_Selection area or layers have been mo_90fb99' is clicked on

2020-08-07 17:30:19 - [MESSAGE][PASSED] - Object: 'Object Repository/Page_Map  GRiD/input_Selection area or layers have been mo_90fb99' is clicked on

2020-08-07 17:30:19 - [TEST_STEP][PASSED] - click(findTestObject("Page_Map  GRiD/span_Export")): Object: 'Object Repository/Page_Map  GRiD/span_Export' is clicked on

2020-08-07 17:30:20 - [MESSAGE][PASSED] - Object: 'Object Repository/Page_Map  GRiD/span_Export' is clicked on

2020-08-07 17:30:20 - [TEST_STEP][PASSED] - setText(findTestObject("Page_Map  GRiD/input_Export Name_name"), findTestData("FG3D Test Data").getValue("id_name", row)): Text 'T- FG3D: GeoTiff - GeoTiff - GeoPackage - GLB -1' is set on object 'Object Repository/Page_Map  GRiD/input_Export Name_name'

2020-08-07 17:30:21 - [MESSAGE][PASSED] - Text 'T- FG3D: GeoTiff - GeoTiff - GeoPackage - GLB -1' is set on object 'Object Repository/Page_Map  GRiD/input_Export Name_name'

2020-08-07 17:30:21 - [TEST_STEP][PASSED] - selectOptionByLabel(findTestObject("Page_Map  GRiD/select_GeoTiff  GeoPackage  ERDAS Imagine  --- No Output ---"), findTestData("FG3D Test Data").getValue("id_geoint_imagery", row), true): All options with label 'GeoTiff' are selected in object 'Object Repository/Page_Map  GRiD/select_GeoTiff  GeoPackage  ERDAS Imagine  --- No Output ---'  using regular expression

2020-08-07 17:30:23 - [MESSAGE][PASSED] - All options with label 'GeoTiff' are selected in object 'Object Repository/Page_Map  GRiD/select_GeoTiff  GeoPackage  ERDAS Imagine  --- No Output ---'  using regular expression

2020-08-07 17:30:23 - [TEST_STEP][PASSED] - selectOptionByLabel(findTestObject("Page_Map  GRiD/select_GeoTiff  GeoPackage  DTED  --- No Output ---"), findTestData("FG3D Test Data").getValue("id_geoint_elevation", row), true): All options with label 'GeoTiff' are selected in object 'Object Repository/Page_Map  GRiD/select_GeoTiff  GeoPackage  DTED  --- No Output ---'  using regular expression

2020-08-07 17:30:23 - [MESSAGE][PASSED] - All options with label 'GeoTiff' are selected in object 'Object Repository/Page_Map  GRiD/select_GeoTiff  GeoPackage  DTED  --- No Output ---'  using regular expression

2020-08-07 17:30:23 - [TEST_STEP][PASSED] - selectOptionByLabel(findTestObject("Page_Map  GRiD/select_ESRI Shapefile  GeoPackage  KML  --- No Output ---"), findTestData("FG3D Test Data").getValue("id_geoint_vectors", row), true): All options with label 'GeoPackage' are selected in object 'Object Repository/Page_Map  GRiD/select_ESRI Shapefile  GeoPackage  KML  --- No Output ---'  using regular expression

2020-08-07 17:30:24 - [MESSAGE][PASSED] - All options with label 'GeoPackage' are selected in object 'Object Repository/Page_Map  GRiD/select_ESRI Shapefile  GeoPackage  KML  --- No Output ---'  using regular expression

2020-08-07 17:30:24 - [TEST_STEP][PASSED] - selectOptionByLabel(findTestObject("Page_Map  GRiD/select_OpenFlight  Collada  KMZ  GLB  FBX  _469f7c"), findTestData("FG3D Test Data").getValue("id_geoint_models", row), true): All options with label 'GLB' are selected in object 'Object Repository/Page_Map  GRiD/select_OpenFlight  Collada  KMZ  GLB  FBX  _469f7c'  using regular expression

2020-08-07 17:30:25 - [MESSAGE][PASSED] - All options with label 'GLB' are selected in object 'Object Repository/Page_Map  GRiD/select_OpenFlight  Collada  KMZ  GLB  FBX  _469f7c'  using regular expression

2020-08-07 17:30:25 - [TEST_STEP][PASSED] - click(findTestObject("Page_Map  GRiD/button_Finish")): Object: 'Object Repository/Page_Map  GRiD/button_Finish' is clicked on

2020-08-07 17:30:26 - [MESSAGE][PASSED] - Object: 'Object Repository/Page_Map  GRiD/button_Finish' is clicked on

2020-08-07 17:30:26 - [TEST_STEP][PASSED] - click(findTestObject("Object Repository/Page_FG3D  GRiD/button_AOI Options")): Object: 'Object Repository/Page_FG3D  GRiD/button_AOI Options' is clicked on

2020-08-07 17:30:32 - [MESSAGE][PASSED] - Object: 'Object Repository/Page_FG3D  GRiD/button_AOI Options' is clicked on

2020-08-07 17:30:32 - [TEST_STEP][PASSED] - click(findTestObject("Object Repository/Page_FG3D  GRiD/a_View on map")): Object: 'Object Repository/Page_FG3D  GRiD/a_View on map' is clicked on

2020-08-07 17:30:32 - [MESSAGE][PASSED] - Object: 'Object Repository/Page_FG3D  GRiD/a_View on map' is clicked on

2020-08-07 17:30:32 - [TEST_STEP][PASSED] - switchToWindowTitle("Map – GRiD"): Switched to window with title: 'Map – GRiD'

2020-08-07 17:30:34 - [MESSAGE][PASSED] - Switched to window with title: 'Map – GRiD'

2020-08-07 17:30:34 - [TEST_STEP][PASSED] - click(findTestObject("Page_Map  GRiD/input_Selection area or layers have been mo_90fb99")): Object: 'Object Repository/Page_Map  GRiD/input_Selection area or layers have been mo_90fb99' is clicked on

2020-08-07 17:30:37 - [MESSAGE][PASSED] - Object: 'Object Repository/Page_Map  GRiD/input_Selection area or layers have been mo_90fb99' is clicked on

2020-08-07 17:30:37 - [TEST_STEP][PASSED] - click(findTestObject("Page_Map  GRiD/span_Export")): Object: 'Object Repository/Page_Map  GRiD/span_Export' is clicked on

2020-08-07 17:30:38 - [MESSAGE][PASSED] - Object: 'Object Repository/Page_Map  GRiD/span_Export' is clicked on

2020-08-07 17:30:38 - [TEST_STEP][PASSED] - setText(findTestObject("Page_Map  GRiD/input_Export Name_name"), findTestData("FG3D Test Data").getValue("id_name", row)): Text 'T- FG3D: GeoTiff - GeoTiff - GeoPackage - FBX -1' is set on object 'Object Repository/Page_Map  GRiD/input_Export Name_name'

2020-08-07 17:30:41 - [MESSAGE][PASSED] - Text 'T- FG3D: GeoTiff - GeoTiff - GeoPackage - FBX -1' is set on object 'Object Repository/Page_Map  GRiD/input_Export Name_name'

2020-08-07 17:30:41 - [TEST_STEP][PASSED] - selectOptionByLabel(findTestObject("Page_Map  GRiD/select_GeoTiff  GeoPackage  ERDAS Imagine  --- No Output ---"), findTestData("FG3D Test Data").getValue("id_geoint_imagery", row), true): All options with label 'GeoTiff' are selected in object 'Object Repository/Page_Map  GRiD/select_GeoTiff  GeoPackage  ERDAS Imagine  --- No Output ---'  using regular expression

2020-08-07 17:30:41 - [MESSAGE][PASSED] - All options with label 'GeoTiff' are selected in object 'Object Repository/Page_Map  GRiD/select_GeoTiff  GeoPackage  ERDAS Imagine  --- No Output ---'  using regular expression

2020-08-07 17:30:41 - [TEST_STEP][PASSED] - selectOptionByLabel(findTestObject("Page_Map  GRiD/select_GeoTiff  GeoPackage  DTED  --- No Output ---"), findTestData("FG3D Test Data").getValue("id_geoint_elevation", row), true): All options with label 'GeoTiff' are selected in object 'Object Repository/Page_Map  GRiD/select_GeoTiff  GeoPackage  DTED  --- No Output ---'  using regular expression

2020-08-07 17:30:42 - [MESSAGE][PASSED] - All options with label 'GeoTiff' are selected in object 'Object Repository/Page_Map  GRiD/select_GeoTiff  GeoPackage  DTED  --- No Output ---'  using regular expression

2020-08-07 17:30:42 - [TEST_STEP][PASSED] - selectOptionByLabel(findTestObject("Page_Map  GRiD/select_ESRI Shapefile  GeoPackage  KML  --- No Output ---"), findTestData("FG3D Test Data").getValue("id_geoint_vectors", row), true): All options with label 'GeoPackage' are selected in object 'Object Repository/Page_Map  GRiD/select_ESRI Shapefile  GeoPackage  KML  --- No Output ---'  using regular expression

2020-08-07 17:30:43 - [MESSAGE][PASSED] - All options with label 'GeoPackage' are selected in object 'Object Repository/Page_Map  GRiD/select_ESRI Shapefile  GeoPackage  KML  --- No Output ---'  using regular expression

2020-08-07 17:30:43 - [TEST_STEP][PASSED] - selectOptionByLabel(findTestObject("Page_Map  GRiD/select_OpenFlight  Collada  KMZ  GLB  FBX  _469f7c"), findTestData("FG3D Test Data").getValue("id_geoint_models", row), true): All options with label 'FBX' are selected in object 'Object Repository/Page_Map  GRiD/select_OpenFlight  Collada  KMZ  GLB  FBX  _469f7c'  using regular expression

2020-08-07 17:30:44 - [MESSAGE][PASSED] - All options with label 'FBX' are selected in object 'Object Repository/Page_Map  GRiD/select_OpenFlight  Collada  KMZ  GLB  FBX  _469f7c'  using regular expression

2020-08-07 17:30:44 - [TEST_STEP][PASSED] - click(findTestObject("Page_Map  GRiD/button_Finish")): Object: 'Object Repository/Page_Map  GRiD/button_Finish' is clicked on

2020-08-07 17:30:45 - [MESSAGE][PASSED] - Object: 'Object Repository/Page_Map  GRiD/button_Finish' is clicked on

2020-08-07 17:30:45 - [TEST_STEP][PASSED] - click(findTestObject("Object Repository/Page_FG3D  GRiD/button_AOI Options")): Object: 'Object Repository/Page_FG3D  GRiD/button_AOI Options' is clicked on

2020-08-07 17:30:52 - [MESSAGE][PASSED] - Object: 'Object Repository/Page_FG3D  GRiD/button_AOI Options' is clicked on

2020-08-07 17:30:52 - [TEST_STEP][PASSED] - click(findTestObject("Object Repository/Page_FG3D  GRiD/a_View on map")): Object: 'Object Repository/Page_FG3D  GRiD/a_View on map' is clicked on

2020-08-07 17:30:52 - [MESSAGE][PASSED] - Object: 'Object Repository/Page_FG3D  GRiD/a_View on map' is clicked on

2020-08-07 17:30:52 - [TEST_STEP][PASSED] - switchToWindowTitle("Map – GRiD"): Switched to window with title: 'Map – GRiD'

2020-08-07 17:30:54 - [MESSAGE][PASSED] - Switched to window with title: 'Map – GRiD'

2020-08-07 17:30:54 - [TEST_STEP][PASSED] - click(findTestObject("Page_Map  GRiD/input_Selection area or layers have been mo_90fb99")): Object: 'Object Repository/Page_Map  GRiD/input_Selection area or layers have been mo_90fb99' is clicked on

2020-08-07 17:30:58 - [MESSAGE][PASSED] - Object: 'Object Repository/Page_Map  GRiD/input_Selection area or layers have been mo_90fb99' is clicked on

2020-08-07 17:30:58 - [TEST_STEP][PASSED] - click(findTestObject("Page_Map  GRiD/span_Export")): Object: 'Object Repository/Page_Map  GRiD/span_Export' is clicked on

2020-08-07 17:31:00 - [MESSAGE][PASSED] - Object: 'Object Repository/Page_Map  GRiD/span_Export' is clicked on

2020-08-07 17:31:00 - [TEST_STEP][PASSED] - setText(findTestObject("Page_Map  GRiD/input_Export Name_name"), findTestData("FG3D Test Data").getValue("id_name", row)): Text 'T- FG3D: GeoTiff - GeoTiff - GeoPackage - OBJ -1' is set on object 'Object Repository/Page_Map  GRiD/input_Export Name_name'

2020-08-07 17:31:02 - [MESSAGE][PASSED] - Text 'T- FG3D: GeoTiff - GeoTiff - GeoPackage - OBJ -1' is set on object 'Object Repository/Page_Map  GRiD/input_Export Name_name'

2020-08-07 17:31:02 - [TEST_STEP][PASSED] - selectOptionByLabel(findTestObject("Page_Map  GRiD/select_GeoTiff  GeoPackage  ERDAS Imagine  --- No Output ---"), findTestData("FG3D Test Data").getValue("id_geoint_imagery", row), true): All options with label 'GeoTiff' are selected in object 'Object Repository/Page_Map  GRiD/select_GeoTiff  GeoPackage  ERDAS Imagine  --- No Output ---'  using regular expression

2020-08-07 17:31:03 - [MESSAGE][PASSED] - All options with label 'GeoTiff' are selected in object 'Object Repository/Page_Map  GRiD/select_GeoTiff  GeoPackage  ERDAS Imagine  --- No Output ---'  using regular expression

2020-08-07 17:31:03 - [TEST_STEP][PASSED] - selectOptionByLabel(findTestObject("Page_Map  GRiD/select_GeoTiff  GeoPackage  DTED  --- No Output ---"), findTestData("FG3D Test Data").getValue("id_geoint_elevation", row), true): All options with label 'GeoTiff' are selected in object 'Object Repository/Page_Map  GRiD/select_GeoTiff  GeoPackage  DTED  --- No Output ---'  using regular expression

2020-08-07 17:31:04 - [MESSAGE][PASSED] - All options with label 'GeoTiff' are selected in object 'Object Repository/Page_Map  GRiD/select_GeoTiff  GeoPackage  DTED  --- No Output ---'  using regular expression

2020-08-07 17:31:04 - [TEST_STEP][PASSED] - selectOptionByLabel(findTestObject("Page_Map  GRiD/select_ESRI Shapefile  GeoPackage  KML  --- No Output ---"), findTestData("FG3D Test Data").getValue("id_geoint_vectors", row), true): All options with label 'GeoPackage' are selected in object 'Object Repository/Page_Map  GRiD/select_ESRI Shapefile  GeoPackage  KML  --- No Output ---'  using regular expression

2020-08-07 17:31:05 - [MESSAGE][PASSED] - All options with label 'GeoPackage' are selected in object 'Object Repository/Page_Map  GRiD/select_ESRI Shapefile  GeoPackage  KML  --- No Output ---'  using regular expression

2020-08-07 17:31:05 - [TEST_STEP][PASSED] - selectOptionByLabel(findTestObject("Page_Map  GRiD/select_OpenFlight  Collada  KMZ  GLB  FBX  _469f7c"), findTestData("FG3D Test Data").getValue("id_geoint_models", row), true): All options with label 'OBJ' are selected in object 'Object Repository/Page_Map  GRiD/select_OpenFlight  Collada  KMZ  GLB  FBX  _469f7c'  using regular expression

2020-08-07 17:31:06 - [MESSAGE][PASSED] - All options with label 'OBJ' are selected in object 'Object Repository/Page_Map  GRiD/select_OpenFlight  Collada  KMZ  GLB  FBX  _469f7c'  using regular expression

2020-08-07 17:31:06 - [TEST_STEP][PASSED] - click(findTestObject("Page_Map  GRiD/button_Finish")): Object: 'Object Repository/Page_Map  GRiD/button_Finish' is clicked on

2020-08-07 17:31:06 - [MESSAGE][PASSED] - Object: 'Object Repository/Page_Map  GRiD/button_Finish' is clicked on

2020-08-07 17:31:06 - [TEST_STEP][PASSED] - click(findTestObject("Object Repository/Page_FG3D  GRiD/button_AOI Options")): Object: 'Object Repository/Page_FG3D  GRiD/button_AOI Options' is clicked on

2020-08-07 17:31:14 - [MESSAGE][PASSED] - Object: 'Object Repository/Page_FG3D  GRiD/button_AOI Options' is clicked on

2020-08-07 17:31:14 - [TEST_STEP][PASSED] - click(findTestObject("Object Repository/Page_FG3D  GRiD/a_View on map")): Object: 'Object Repository/Page_FG3D  GRiD/a_View on map' is clicked on

2020-08-07 17:31:14 - [MESSAGE][PASSED] - Object: 'Object Repository/Page_FG3D  GRiD/a_View on map' is clicked on

2020-08-07 17:31:14 - [TEST_STEP][PASSED] - switchToWindowTitle("Map – GRiD"): Switched to window with title: 'Map – GRiD'

2020-08-07 17:31:16 - [MESSAGE][PASSED] - Switched to window with title: 'Map – GRiD'

2020-08-07 17:31:16 - [TEST_STEP][PASSED] - click(findTestObject("Page_Map  GRiD/input_Selection area or layers have been mo_90fb99")): Object: 'Object Repository/Page_Map  GRiD/input_Selection area or layers have been mo_90fb99' is clicked on

2020-08-07 17:31:22 - [MESSAGE][PASSED] - Object: 'Object Repository/Page_Map  GRiD/input_Selection area or layers have been mo_90fb99' is clicked on

2020-08-07 17:31:22 - [TEST_STEP][PASSED] - click(findTestObject("Page_Map  GRiD/span_Export")): Object: 'Object Repository/Page_Map  GRiD/span_Export' is clicked on

2020-08-07 17:31:25 - [MESSAGE][PASSED] - Object: 'Object Repository/Page_Map  GRiD/span_Export' is clicked on

2020-08-07 17:31:25 - [TEST_STEP][PASSED] - setText(findTestObject("Page_Map  GRiD/input_Export Name_name"), findTestData("FG3D Test Data").getValue("id_name", row)): Text 'T- FG3D: GeoTiff - GeoTiff - GeoPackage - --- No Output --- -1' is set on object 'Object Repository/Page_Map  GRiD/input_Export Name_name'

2020-08-07 17:31:28 - [MESSAGE][PASSED] - Text 'T- FG3D: GeoTiff - GeoTiff - GeoPackage - --- No Output --- -1' is set on object 'Object Repository/Page_Map  GRiD/input_Export Name_name'

2020-08-07 17:31:28 - [TEST_STEP][PASSED] - selectOptionByLabel(findTestObject("Page_Map  GRiD/select_GeoTiff  GeoPackage  ERDAS Imagine  --- No Output ---"), findTestData("FG3D Test Data").getValue("id_geoint_imagery", row), true): All options with label 'GeoTiff' are selected in object 'Object Repository/Page_Map  GRiD/select_GeoTiff  GeoPackage  ERDAS Imagine  --- No Output ---'  using regular expression

2020-08-07 17:31:29 - [MESSAGE][PASSED] - All options with label 'GeoTiff' are selected in object 'Object Repository/Page_Map  GRiD/select_GeoTiff  GeoPackage  ERDAS Imagine  --- No Output ---'  using regular expression

2020-08-07 17:31:29 - [TEST_STEP][PASSED] - selectOptionByLabel(findTestObject("Page_Map  GRiD/select_GeoTiff  GeoPackage  DTED  --- No Output ---"), findTestData("FG3D Test Data").getValue("id_geoint_elevation", row), true): All options with label 'GeoTiff' are selected in object 'Object Repository/Page_Map  GRiD/select_GeoTiff  GeoPackage  DTED  --- No Output ---'  using regular expression

2020-08-07 17:31:30 - [MESSAGE][PASSED] - All options with label 'GeoTiff' are selected in object 'Object Repository/Page_Map  GRiD/select_GeoTiff  GeoPackage  DTED  --- No Output ---'  using regular expression

2020-08-07 17:31:30 - [TEST_STEP][PASSED] - selectOptionByLabel(findTestObject("Page_Map  GRiD/select_ESRI Shapefile  GeoPackage  KML  --- No Output ---"), findTestData("FG3D Test Data").getValue("id_geoint_vectors", row), true): All options with label 'GeoPackage' are selected in object 'Object Repository/Page_Map  GRiD/select_ESRI Shapefile  GeoPackage  KML  --- No Output ---'  using regular expression

2020-08-07 17:31:31 - [MESSAGE][PASSED] - All options with label 'GeoPackage' are selected in object 'Object Repository/Page_Map  GRiD/select_ESRI Shapefile  GeoPackage  KML  --- No Output ---'  using regular expression

2020-08-07 17:31:31 - [TEST_STEP][PASSED] - selectOptionByLabel(findTestObject("Page_Map  GRiD/select_OpenFlight  Collada  KMZ  GLB  FBX  _469f7c"), findTestData("FG3D Test Data").getValue("id_geoint_models", row), true): All options with label '--- No Output ---' are selected in object 'Object Repository/Page_Map  GRiD/select_OpenFlight  Collada  KMZ  GLB  FBX  _469f7c'  using regular expression

2020-08-07 17:31:32 - [MESSAGE][PASSED] - All options with label '--- No Output ---' are selected in object 'Object Repository/Page_Map  GRiD/select_OpenFlight  Collada  KMZ  GLB  FBX  _469f7c'  using regular expression

2020-08-07 17:31:32 - [TEST_STEP][PASSED] - click(findTestObject("Page_Map  GRiD/button_Finish")): Object: 'Object Repository/Page_Map  GRiD/button_Finish' is clicked on

2020-08-07 17:31:32 - [MESSAGE][PASSED] - Object: 'Object Repository/Page_Map  GRiD/button_Finish' is clicked on

2020-08-07 17:31:32 - [TEST_STEP][PASSED] - click(findTestObject("Object Repository/Page_FG3D  GRiD/button_AOI Options")): Object: 'Object Repository/Page_FG3D  GRiD/button_AOI Options' is clicked on

2020-08-07 17:31:43 - [MESSAGE][PASSED] - Object: 'Object Repository/Page_FG3D  GRiD/button_AOI Options' is clicked on

2020-08-07 17:31:43 - [TEST_STEP][PASSED] - click(findTestObject("Object Repository/Page_FG3D  GRiD/a_View on map")): Object: 'Object Repository/Page_FG3D  GRiD/a_View on map' is clicked on

2020-08-07 17:31:43 - [MESSAGE][PASSED] - Object: 'Object Repository/Page_FG3D  GRiD/a_View on map' is clicked on

2020-08-07 17:31:43 - [TEST_STEP][PASSED] - switchToWindowTitle("Map – GRiD"): Switched to window with title: 'Map – GRiD'

2020-08-07 17:31:46 - [MESSAGE][PASSED] - Switched to window with title: 'Map – GRiD'

2020-08-07 17:31:46 - [TEST_STEP][PASSED] - click(findTestObject("Page_Map  GRiD/input_Selection area or layers have been mo_90fb99")): Object: 'Object Repository/Page_Map  GRiD/input_Selection area or layers have been mo_90fb99' is clicked on

2020-08-07 17:31:53 - [MESSAGE][PASSED] - Object: 'Object Repository/Page_Map  GRiD/input_Selection area or layers have been mo_90fb99' is clicked on

2020-08-07 17:31:53 - [TEST_STEP][PASSED] - click(findTestObject("Page_Map  GRiD/span_Export")): Object: 'Object Repository/Page_Map  GRiD/span_Export' is clicked on

2020-08-07 17:31:57 - [MESSAGE][PASSED] - Object: 'Object Repository/Page_Map  GRiD/span_Export' is clicked on

2020-08-07 17:31:57 - [TEST_STEP][PASSED] - setText(findTestObject("Page_Map  GRiD/input_Export Name_name"), findTestData("FG3D Test Data").getValue("id_name", row)): Text 'T- FG3D: GeoTiff - GeoTiff - KML - OpenFlight -1' is set on object 'Object Repository/Page_Map  GRiD/input_Export Name_name'

2020-08-07 17:32:01 - [MESSAGE][PASSED] - Text 'T- FG3D: GeoTiff - GeoTiff - KML - OpenFlight -1' is set on object 'Object Repository/Page_Map  GRiD/input_Export Name_name'

2020-08-07 17:32:01 - [TEST_STEP][PASSED] - selectOptionByLabel(findTestObject("Page_Map  GRiD/select_GeoTiff  GeoPackage  ERDAS Imagine  --- No Output ---"), findTestData("FG3D Test Data").getValue("id_geoint_imagery", row), true): All options with label 'GeoTiff' are selected in object 'Object Repository/Page_Map  GRiD/select_GeoTiff  GeoPackage  ERDAS Imagine  --- No Output ---'  using regular expression

2020-08-07 17:32:02 - [MESSAGE][PASSED] - All options with label 'GeoTiff' are selected in object 'Object Repository/Page_Map  GRiD/select_GeoTiff  GeoPackage  ERDAS Imagine  --- No Output ---'  using regular expression

2020-08-07 17:32:02 - [TEST_STEP][PASSED] - selectOptionByLabel(findTestObject("Page_Map  GRiD/select_GeoTiff  GeoPackage  DTED  --- No Output ---"), findTestData("FG3D Test Data").getValue("id_geoint_elevation", row), true): All options with label 'GeoTiff' are selected in object 'Object Repository/Page_Map  GRiD/select_GeoTiff  GeoPackage  DTED  --- No Output ---'  using regular expression

2020-08-07 17:32:02 - [MESSAGE][PASSED] - All options with label 'GeoTiff' are selected in object 'Object Repository/Page_Map  GRiD/select_GeoTiff  GeoPackage  DTED  --- No Output ---'  using regular expression

2020-08-07 17:32:02 - [TEST_STEP][PASSED] - selectOptionByLabel(findTestObject("Page_Map  GRiD/select_ESRI Shapefile  GeoPackage  KML  --- No Output ---"), findTestData("FG3D Test Data").getValue("id_geoint_vectors", row), true): All options with label 'KML' are selected in object 'Object Repository/Page_Map  GRiD/select_ESRI Shapefile  GeoPackage  KML  --- No Output ---'  using regular expression

2020-08-07 17:32:03 - [MESSAGE][PASSED] - All options with label 'KML' are selected in object 'Object Repository/Page_Map  GRiD/select_ESRI Shapefile  GeoPackage  KML  --- No Output ---'  using regular expression

2020-08-07 17:32:03 - [TEST_STEP][PASSED] - selectOptionByLabel(findTestObject("Page_Map  GRiD/select_OpenFlight  Collada  KMZ  GLB  FBX  _469f7c"), findTestData("FG3D Test Data").getValue("id_geoint_models", row), true): All options with label 'OpenFlight' are selected in object 'Object Repository/Page_Map  GRiD/select_OpenFlight  Collada  KMZ  GLB  FBX  _469f7c'  using regular expression

2020-08-07 17:32:04 - [MESSAGE][PASSED] - All options with label 'OpenFlight' are selected in object 'Object Repository/Page_Map  GRiD/select_OpenFlight  Collada  KMZ  GLB  FBX  _469f7c'  using regular expression

2020-08-07 17:32:04 - [TEST_STEP][PASSED] - click(findTestObject("Page_Map  GRiD/button_Finish")): Object: 'Object Repository/Page_Map  GRiD/button_Finish' is clicked on

2020-08-07 17:32:05 - [MESSAGE][PASSED] - Object: 'Object Repository/Page_Map  GRiD/button_Finish' is clicked on

2020-08-07 17:32:05 - [TEST_STEP][PASSED] - click(findTestObject("Object Repository/Page_FG3D  GRiD/button_AOI Options")): Object: 'Object Repository/Page_FG3D  GRiD/button_AOI Options' is clicked on

2020-08-07 17:32:16 - [MESSAGE][PASSED] - Object: 'Object Repository/Page_FG3D  GRiD/button_AOI Options' is clicked on

2020-08-07 17:32:16 - [TEST_STEP][PASSED] - click(findTestObject("Object Repository/Page_FG3D  GRiD/a_View on map")): Object: 'Object Repository/Page_FG3D  GRiD/a_View on map' is clicked on

2020-08-07 17:32:16 - [MESSAGE][PASSED] - Object: 'Object Repository/Page_FG3D  GRiD/a_View on map' is clicked on

2020-08-07 17:32:16 - [TEST_STEP][PASSED] - switchToWindowTitle("Map – GRiD"): Switched to window with title: 'Map – GRiD'

2020-08-07 17:32:19 - [MESSAGE][PASSED] - Switched to window with title: 'Map – GRiD'

2020-08-07 17:32:19 - [TEST_STEP][PASSED] - click(findTestObject("Page_Map  GRiD/input_Selection area or layers have been mo_90fb99")): Object: 'Object Repository/Page_Map  GRiD/input_Selection area or layers have been mo_90fb99' is clicked on

2020-08-07 17:32:29 - [MESSAGE][PASSED] - Object: 'Object Repository/Page_Map  GRiD/input_Selection area or layers have been mo_90fb99' is clicked on

2020-08-07 17:32:29 - [TEST_STEP][PASSED] - click(findTestObject("Page_Map  GRiD/span_Export")): Object: 'Object Repository/Page_Map  GRiD/span_Export' is clicked on

2020-08-07 17:32:33 - [MESSAGE][PASSED] - Object: 'Object Repository/Page_Map  GRiD/span_Export' is clicked on

2020-08-07 17:32:33 - [TEST_STEP][PASSED] - setText(findTestObject("Page_Map  GRiD/input_Export Name_name"), findTestData("FG3D Test Data").getValue("id_name", row)): Text 'T- FG3D: GeoTiff - GeoTiff - KML - Collada -1' is set on object 'Object Repository/Page_Map  GRiD/input_Export Name_name'

2020-08-07 17:32:38 - [MESSAGE][PASSED] - Text 'T- FG3D: GeoTiff - GeoTiff - KML - Collada -1' is set on object 'Object Repository/Page_Map  GRiD/input_Export Name_name'

2020-08-07 17:32:38 - [TEST_STEP][PASSED] - selectOptionByLabel(findTestObject("Page_Map  GRiD/select_GeoTiff  GeoPackage  ERDAS Imagine  --- No Output ---"), findTestData("FG3D Test Data").getValue("id_geoint_imagery", row), true): All options with label 'GeoTiff' are selected in object 'Object Repository/Page_Map  GRiD/select_GeoTiff  GeoPackage  ERDAS Imagine  --- No Output ---'  using regular expression

2020-08-07 17:32:39 - [MESSAGE][PASSED] - All options with label 'GeoTiff' are selected in object 'Object Repository/Page_Map  GRiD/select_GeoTiff  GeoPackage  ERDAS Imagine  --- No Output ---'  using regular expression

2020-08-07 17:32:39 - [TEST_STEP][PASSED] - selectOptionByLabel(findTestObject("Page_Map  GRiD/select_GeoTiff  GeoPackage  DTED  --- No Output ---"), findTestData("FG3D Test Data").getValue("id_geoint_elevation", row), true): All options with label 'GeoTiff' are selected in object 'Object Repository/Page_Map  GRiD/select_GeoTiff  GeoPackage  DTED  --- No Output ---'  using regular expression

2020-08-07 17:32:39 - [MESSAGE][PASSED] - All options with label 'GeoTiff' are selected in object 'Object Repository/Page_Map  GRiD/select_GeoTiff  GeoPackage  DTED  --- No Output ---'  using regular expression

2020-08-07 17:32:39 - [TEST_STEP][PASSED] - selectOptionByLabel(findTestObject("Page_Map  GRiD/select_ESRI Shapefile  GeoPackage  KML  --- No Output ---"), findTestData("FG3D Test Data").getValue("id_geoint_vectors", row), true): All options with label 'KML' are selected in object 'Object Repository/Page_Map  GRiD/select_ESRI Shapefile  GeoPackage  KML  --- No Output ---'  using regular expression

2020-08-07 17:32:40 - [MESSAGE][PASSED] - All options with label 'KML' are selected in object 'Object Repository/Page_Map  GRiD/select_ESRI Shapefile  GeoPackage  KML  --- No Output ---'  using regular expression

2020-08-07 17:32:40 - [TEST_STEP][PASSED] - selectOptionByLabel(findTestObject("Page_Map  GRiD/select_OpenFlight  Collada  KMZ  GLB  FBX  _469f7c"), findTestData("FG3D Test Data").getValue("id_geoint_models", row), true): All options with label 'Collada' are selected in object 'Object Repository/Page_Map  GRiD/select_OpenFlight  Collada  KMZ  GLB  FBX  _469f7c'  using regular expression

2020-08-07 17:32:41 - [MESSAGE][PASSED] - All options with label 'Collada' are selected in object 'Object Repository/Page_Map  GRiD/select_OpenFlight  Collada  KMZ  GLB  FBX  _469f7c'  using regular expression

2020-08-07 17:32:41 - [TEST_STEP][PASSED] - click(findTestObject("Page_Map  GRiD/button_Finish")): Object: 'Object Repository/Page_Map  GRiD/button_Finish' is clicked on

2020-08-07 17:32:42 - [MESSAGE][PASSED] - Object: 'Object Repository/Page_Map  GRiD/button_Finish' is clicked on

2020-08-07 17:32:42 - [TEST_STEP][PASSED] - click(findTestObject("Object Repository/Page_FG3D  GRiD/button_AOI Options")): Object: 'Object Repository/Page_FG3D  GRiD/button_AOI Options' is clicked on

2020-08-07 17:32:54 - [MESSAGE][PASSED] - Object: 'Object Repository/Page_FG3D  GRiD/button_AOI Options' is clicked on

2020-08-07 17:32:54 - [TEST_STEP][PASSED] - click(findTestObject("Object Repository/Page_FG3D  GRiD/a_View on map")): Object: 'Object Repository/Page_FG3D  GRiD/a_View on map' is clicked on

2020-08-07 17:32:55 - [MESSAGE][PASSED] - Object: 'Object Repository/Page_FG3D  GRiD/a_View on map' is clicked on

2020-08-07 17:32:55 - [TEST_STEP][PASSED] - switchToWindowTitle("Map – GRiD"): Switched to window with title: 'Map – GRiD'

2020-08-07 17:32:58 - [MESSAGE][PASSED] - Switched to window with title: 'Map – GRiD'

2020-08-07 17:32:58 - [TEST_STEP][PASSED] - click(findTestObject("Page_Map  GRiD/input_Selection area or layers have been mo_90fb99")): Object: 'Object Repository/Page_Map  GRiD/input_Selection area or layers have been mo_90fb99' is clicked on

2020-08-07 17:33:10 - [MESSAGE][PASSED] - Object: 'Object Repository/Page_Map  GRiD/input_Selection area or layers have been mo_90fb99' is clicked on

2020-08-07 17:33:10 - [TEST_STEP][PASSED] - click(findTestObject("Page_Map  GRiD/span_Export")): Object: 'Object Repository/Page_Map  GRiD/span_Export' is clicked on

2020-08-07 17:33:15 - [MESSAGE][PASSED] - Object: 'Object Repository/Page_Map  GRiD/span_Export' is clicked on

2020-08-07 17:33:15 - [TEST_STEP][PASSED] - setText(findTestObject("Page_Map  GRiD/input_Export Name_name"), findTestData("FG3D Test Data").getValue("id_name", row)): Text 'T- FG3D: GeoTiff - GeoTiff - KML - KMZ -1' is set on object 'Object Repository/Page_Map  GRiD/input_Export Name_name'

2020-08-07 17:33:20 - [MESSAGE][PASSED] - Text 'T- FG3D: GeoTiff - GeoTiff - KML - KMZ -1' is set on object 'Object Repository/Page_Map  GRiD/input_Export Name_name'

2020-08-07 17:33:20 - [TEST_STEP][PASSED] - selectOptionByLabel(findTestObject("Page_Map  GRiD/select_GeoTiff  GeoPackage  ERDAS Imagine  --- No Output ---"), findTestData("FG3D Test Data").getValue("id_geoint_imagery", row), true): All options with label 'GeoTiff' are selected in object 'Object Repository/Page_Map  GRiD/select_GeoTiff  GeoPackage  ERDAS Imagine  --- No Output ---'  using regular expression

2020-08-07 17:33:21 - [MESSAGE][PASSED] - All options with label 'GeoTiff' are selected in object 'Object Repository/Page_Map  GRiD/select_GeoTiff  GeoPackage  ERDAS Imagine  --- No Output ---'  using regular expression

2020-08-07 17:33:21 - [TEST_STEP][PASSED] - selectOptionByLabel(findTestObject("Page_Map  GRiD/select_GeoTiff  GeoPackage  DTED  --- No Output ---"), findTestData("FG3D Test Data").getValue("id_geoint_elevation", row), true): All options with label 'GeoTiff' are selected in object 'Object Repository/Page_Map  GRiD/select_GeoTiff  GeoPackage  DTED  --- No Output ---'  using regular expression

2020-08-07 17:33:22 - [MESSAGE][PASSED] - All options with label 'GeoTiff' are selected in object 'Object Repository/Page_Map  GRiD/select_GeoTiff  GeoPackage  DTED  --- No Output ---'  using regular expression

2020-08-07 17:33:22 - [TEST_STEP][PASSED] - selectOptionByLabel(findTestObject("Page_Map  GRiD/select_ESRI Shapefile  GeoPackage  KML  --- No Output ---"), findTestData("FG3D Test Data").getValue("id_geoint_vectors", row), true): All options with label 'KML' are selected in object 'Object Repository/Page_Map  GRiD/select_ESRI Shapefile  GeoPackage  KML  --- No Output ---'  using regular expression

2020-08-07 17:33:23 - [MESSAGE][PASSED] - All options with label 'KML' are selected in object 'Object Repository/Page_Map  GRiD/select_ESRI Shapefile  GeoPackage  KML  --- No Output ---'  using regular expression

2020-08-07 17:33:23 - [TEST_STEP][PASSED] - selectOptionByLabel(findTestObject("Page_Map  GRiD/select_OpenFlight  Collada  KMZ  GLB  FBX  _469f7c"), findTestData("FG3D Test Data").getValue("id_geoint_models", row), true): All options with label 'KMZ' are selected in object 'Object Repository/Page_Map  GRiD/select_OpenFlight  Collada  KMZ  GLB  FBX  _469f7c'  using regular expression

2020-08-07 17:33:24 - [MESSAGE][PASSED] - All options with label 'KMZ' are selected in object 'Object Repository/Page_Map  GRiD/select_OpenFlight  Collada  KMZ  GLB  FBX  _469f7c'  using regular expression

2020-08-07 17:33:24 - [TEST_STEP][PASSED] - click(findTestObject("Page_Map  GRiD/button_Finish")): Object: 'Object Repository/Page_Map  GRiD/button_Finish' is clicked on

2020-08-07 17:33:24 - [MESSAGE][PASSED] - Object: 'Object Repository/Page_Map  GRiD/button_Finish' is clicked on

2020-08-07 17:33:24 - [TEST_STEP][PASSED] - click(findTestObject("Object Repository/Page_FG3D  GRiD/button_AOI Options")): Object: 'Object Repository/Page_FG3D  GRiD/button_AOI Options' is clicked on

2020-08-07 17:33:38 - [MESSAGE][PASSED] - Object: 'Object Repository/Page_FG3D  GRiD/button_AOI Options' is clicked on

2020-08-07 17:33:38 - [TEST_STEP][PASSED] - click(findTestObject("Object Repository/Page_FG3D  GRiD/a_View on map")): Object: 'Object Repository/Page_FG3D  GRiD/a_View on map' is clicked on

2020-08-07 17:33:39 - [MESSAGE][PASSED] - Object: 'Object Repository/Page_FG3D  GRiD/a_View on map' is clicked on

2020-08-07 17:33:39 - [TEST_STEP][PASSED] - switchToWindowTitle("Map – GRiD"): Switched to window with title: 'Map – GRiD'

2020-08-07 17:33:43 - [MESSAGE][PASSED] - Switched to window with title: 'Map – GRiD'

2020-08-07 17:33:43 - [TEST_STEP][PASSED] - click(findTestObject("Page_Map  GRiD/input_Selection area or layers have been mo_90fb99")): Object: 'Object Repository/Page_Map  GRiD/input_Selection area or layers have been mo_90fb99' is clicked on

2020-08-07 17:33:57 - [MESSAGE][PASSED] - Object: 'Object Repository/Page_Map  GRiD/input_Selection area or layers have been mo_90fb99' is clicked on

2020-08-07 17:33:57 - [TEST_STEP][PASSED] - click(findTestObject("Page_Map  GRiD/span_Export")): Object: 'Object Repository/Page_Map  GRiD/span_Export' is clicked on

2020-08-07 17:34:03 - [MESSAGE][PASSED] - Object: 'Object Repository/Page_Map  GRiD/span_Export' is clicked on

2020-08-07 17:34:03 - [TEST_STEP][PASSED] - setText(findTestObject("Page_Map  GRiD/input_Export Name_name"), findTestData("FG3D Test Data").getValue("id_name", row)): Text 'T- FG3D: GeoTiff - GeoTiff - KML - GLB -1' is set on object 'Object Repository/Page_Map  GRiD/input_Export Name_name'

2020-08-07 17:34:13 - [MESSAGE][PASSED] - Text 'T- FG3D: GeoTiff - GeoTiff - KML - GLB -1' is set on object 'Object Repository/Page_Map  GRiD/input_Export Name_name'

2020-08-07 17:34:13 - [TEST_STEP][PASSED] - selectOptionByLabel(findTestObject("Page_Map  GRiD/select_GeoTiff  GeoPackage  ERDAS Imagine  --- No Output ---"), findTestData("FG3D Test Data").getValue("id_geoint_imagery", row), true): All options with label 'GeoTiff' are selected in object 'Object Repository/Page_Map  GRiD/select_GeoTiff  GeoPackage  ERDAS Imagine  --- No Output ---'  using regular expression

2020-08-07 17:34:13 - [MESSAGE][PASSED] - All options with label 'GeoTiff' are selected in object 'Object Repository/Page_Map  GRiD/select_GeoTiff  GeoPackage  ERDAS Imagine  --- No Output ---'  using regular expression

2020-08-07 17:34:13 - [TEST_STEP][PASSED] - selectOptionByLabel(findTestObject("Page_Map  GRiD/select_GeoTiff  GeoPackage  DTED  --- No Output ---"), findTestData("FG3D Test Data").getValue("id_geoint_elevation", row), true): All options with label 'GeoTiff' are selected in object 'Object Repository/Page_Map  GRiD/select_GeoTiff  GeoPackage  DTED  --- No Output ---'  using regular expression

2020-08-07 17:34:15 - [MESSAGE][PASSED] - All options with label 'GeoTiff' are selected in object 'Object Repository/Page_Map  GRiD/select_GeoTiff  GeoPackage  DTED  --- No Output ---'  using regular expression

2020-08-07 17:34:15 - [TEST_STEP][PASSED] - selectOptionByLabel(findTestObject("Page_Map  GRiD/select_ESRI Shapefile  GeoPackage  KML  --- No Output ---"), findTestData("FG3D Test Data").getValue("id_geoint_vectors", row), true): All options with label 'KML' are selected in object 'Object Repository/Page_Map  GRiD/select_ESRI Shapefile  GeoPackage  KML  --- No Output ---'  using regular expression

2020-08-07 17:34:15 - [MESSAGE][PASSED] - All options with label 'KML' are selected in object 'Object Repository/Page_Map  GRiD/select_ESRI Shapefile  GeoPackage  KML  --- No Output ---'  using regular expression

2020-08-07 17:34:15 - [TEST_STEP][PASSED] - selectOptionByLabel(findTestObject("Page_Map  GRiD/select_OpenFlight  Collada  KMZ  GLB  FBX  _469f7c"), findTestData("FG3D Test Data").getValue("id_geoint_models", row), true): All options with label 'GLB' are selected in object 'Object Repository/Page_Map  GRiD/select_OpenFlight  Collada  KMZ  GLB  FBX  _469f7c'  using regular expression

2020-08-07 17:34:16 - [MESSAGE][PASSED] - All options with label 'GLB' are selected in object 'Object Repository/Page_Map  GRiD/select_OpenFlight  Collada  KMZ  GLB  FBX  _469f7c'  using regular expression

2020-08-07 17:34:16 - [TEST_STEP][PASSED] - click(findTestObject("Page_Map  GRiD/button_Finish")): Object: 'Object Repository/Page_Map  GRiD/button_Finish' is clicked on

2020-08-07 17:34:17 - [MESSAGE][PASSED] - Object: 'Object Repository/Page_Map  GRiD/button_Finish' is clicked on

2020-08-07 17:34:17 - [TEST_STEP][PASSED] - click(findTestObject("Object Repository/Page_FG3D  GRiD/button_AOI Options")): Object: 'Object Repository/Page_FG3D  GRiD/button_AOI Options' is clicked on

2020-08-07 17:34:34 - [MESSAGE][PASSED] - Object: 'Object Repository/Page_FG3D  GRiD/button_AOI Options' is clicked on

2020-08-07 17:34:34 - [TEST_STEP][PASSED] - click(findTestObject("Object Repository/Page_FG3D  GRiD/a_View on map")): Object: 'Object Repository/Page_FG3D  GRiD/a_View on map' is clicked on

2020-08-07 17:34:34 - [MESSAGE][PASSED] - Object: 'Object Repository/Page_FG3D  GRiD/a_View on map' is clicked on

2020-08-07 17:34:34 - [TEST_STEP][PASSED] - switchToWindowTitle("Map – GRiD"): Switched to window with title: 'Map – GRiD'

2020-08-07 17:34:38 - [MESSAGE][PASSED] - Switched to window with title: 'Map – GRiD'

2020-08-07 17:34:38 - [TEST_STEP][PASSED] - click(findTestObject("Page_Map  GRiD/input_Selection area or layers have been mo_90fb99")): Object: 'Object Repository/Page_Map  GRiD/input_Selection area or layers have been mo_90fb99' is clicked on

2020-08-07 17:34:54 - [MESSAGE][PASSED] - Object: 'Object Repository/Page_Map  GRiD/input_Selection area or layers have been mo_90fb99' is clicked on

2020-08-07 17:34:54 - [TEST_STEP][PASSED] - click(findTestObject("Page_Map  GRiD/span_Export")): Object: 'Object Repository/Page_Map  GRiD/span_Export' is clicked on

2020-08-07 17:35:01 - [MESSAGE][PASSED] - Object: 'Object Repository/Page_Map  GRiD/span_Export' is clicked on

2020-08-07 17:35:01 - [TEST_STEP][PASSED] - setText(findTestObject("Page_Map  GRiD/input_Export Name_name"), findTestData("FG3D Test Data").getValue("id_name", row)): Text 'T- FG3D: GeoTiff - GeoTiff - KML - FBX -1' is set on object 'Object Repository/Page_Map  GRiD/input_Export Name_name'

2020-08-07 17:35:08 - [MESSAGE][PASSED] - Text 'T- FG3D: GeoTiff - GeoTiff - KML - FBX -1' is set on object 'Object Repository/Page_Map  GRiD/input_Export Name_name'

2020-08-07 17:35:08 - [TEST_STEP][PASSED] - selectOptionByLabel(findTestObject("Page_Map  GRiD/select_GeoTiff  GeoPackage  ERDAS Imagine  --- No Output ---"), findTestData("FG3D Test Data").getValue("id_geoint_imagery", row), true): All options with label 'GeoTiff' are selected in object 'Object Repository/Page_Map  GRiD/select_GeoTiff  GeoPackage  ERDAS Imagine  --- No Output ---'  using regular expression

2020-08-07 17:35:09 - [MESSAGE][PASSED] - All options with label 'GeoTiff' are selected in object 'Object Repository/Page_Map  GRiD/select_GeoTiff  GeoPackage  ERDAS Imagine  --- No Output ---'  using regular expression

2020-08-07 17:35:09 - [TEST_STEP][PASSED] - selectOptionByLabel(findTestObject("Page_Map  GRiD/select_GeoTiff  GeoPackage  DTED  --- No Output ---"), findTestData("FG3D Test Data").getValue("id_geoint_elevation", row), true): All options with label 'GeoTiff' are selected in object 'Object Repository/Page_Map  GRiD/select_GeoTiff  GeoPackage  DTED  --- No Output ---'  using regular expression

2020-08-07 17:35:09 - [MESSAGE][PASSED] - All options with label 'GeoTiff' are selected in object 'Object Repository/Page_Map  GRiD/select_GeoTiff  GeoPackage  DTED  --- No Output ---'  using regular expression

2020-08-07 17:35:09 - [TEST_STEP][PASSED] - selectOptionByLabel(findTestObject("Page_Map  GRiD/select_ESRI Shapefile  GeoPackage  KML  --- No Output ---"), findTestData("FG3D Test Data").getValue("id_geoint_vectors", row), true): All options with label 'KML' are selected in object 'Object Repository/Page_Map  GRiD/select_ESRI Shapefile  GeoPackage  KML  --- No Output ---'  using regular expression

2020-08-07 17:35:10 - [MESSAGE][PASSED] - All options with label 'KML' are selected in object 'Object Repository/Page_Map  GRiD/select_ESRI Shapefile  GeoPackage  KML  --- No Output ---'  using regular expression

2020-08-07 17:35:10 - [TEST_STEP][PASSED] - selectOptionByLabel(findTestObject("Page_Map  GRiD/select_OpenFlight  Collada  KMZ  GLB  FBX  _469f7c"), findTestData("FG3D Test Data").getValue("id_geoint_models", row), true): All options with label 'FBX' are selected in object 'Object Repository/Page_Map  GRiD/select_OpenFlight  Collada  KMZ  GLB  FBX  _469f7c'  using regular expression

2020-08-07 17:35:11 - [MESSAGE][PASSED] - All options with label 'FBX' are selected in object 'Object Repository/Page_Map  GRiD/select_OpenFlight  Collada  KMZ  GLB  FBX  _469f7c'  using regular expression

2020-08-07 17:35:11 - [TEST_STEP][PASSED] - click(findTestObject("Page_Map  GRiD/button_Finish")): Object: 'Object Repository/Page_Map  GRiD/button_Finish' is clicked on

2020-08-07 17:35:12 - [MESSAGE][PASSED] - Object: 'Object Repository/Page_Map  GRiD/button_Finish' is clicked on

2020-08-07 17:35:12 - [TEST_STEP][PASSED] - click(findTestObject("Object Repository/Page_FG3D  GRiD/button_AOI Options")): Object: 'Object Repository/Page_FG3D  GRiD/button_AOI Options' is clicked on

2020-08-07 17:35:29 - [MESSAGE][PASSED] - Object: 'Object Repository/Page_FG3D  GRiD/button_AOI Options' is clicked on

2020-08-07 17:35:29 - [TEST_STEP][PASSED] - click(findTestObject("Object Repository/Page_FG3D  GRiD/a_View on map")): Object: 'Object Repository/Page_FG3D  GRiD/a_View on map' is clicked on

2020-08-07 17:35:30 - [MESSAGE][PASSED] - Object: 'Object Repository/Page_FG3D  GRiD/a_View on map' is clicked on

2020-08-07 17:35:30 - [TEST_STEP][PASSED] - switchToWindowTitle("Map – GRiD"): Switched to window with title: 'Map – GRiD'

2020-08-07 17:35:34 - [MESSAGE][PASSED] - Switched to window with title: 'Map – GRiD'

2020-08-07 17:35:34 - [TEST_STEP][PASSED] - click(findTestObject("Page_Map  GRiD/input_Selection area or layers have been mo_90fb99")): Object: 'Object Repository/Page_Map  GRiD/input_Selection area or layers have been mo_90fb99' is clicked on

2020-08-07 17:35:52 - [MESSAGE][PASSED] - Object: 'Object Repository/Page_Map  GRiD/input_Selection area or layers have been mo_90fb99' is clicked on

2020-08-07 17:35:52 - [TEST_STEP][PASSED] - click(findTestObject("Page_Map  GRiD/span_Export")): Object: 'Object Repository/Page_Map  GRiD/span_Export' is clicked on

2020-08-07 17:36:00 - [MESSAGE][PASSED] - Object: 'Object Repository/Page_Map  GRiD/span_Export' is clicked on

2020-08-07 17:36:00 - [TEST_STEP][PASSED] - setText(findTestObject("Page_Map  GRiD/input_Export Name_name"), findTestData("FG3D Test Data").getValue("id_name", row)): Text 'T- FG3D: GeoTiff - GeoTiff - KML - OBJ -1' is set on object 'Object Repository/Page_Map  GRiD/input_Export Name_name'

2020-08-07 17:36:07 - [MESSAGE][PASSED] - Text 'T- FG3D: GeoTiff - GeoTiff - KML - OBJ -1' is set on object 'Object Repository/Page_Map  GRiD/input_Export Name_name'

2020-08-07 17:36:07 - [TEST_STEP][PASSED] - selectOptionByLabel(findTestObject("Page_Map  GRiD/select_GeoTiff  GeoPackage  ERDAS Imagine  --- No Output ---"), findTestData("FG3D Test Data").getValue("id_geoint_imagery", row), true): All options with label 'GeoTiff' are selected in object 'Object Repository/Page_Map  GRiD/select_GeoTiff  GeoPackage  ERDAS Imagine  --- No Output ---'  using regular expression

2020-08-07 17:36:08 - [MESSAGE][PASSED] - All options with label 'GeoTiff' are selected in object 'Object Repository/Page_Map  GRiD/select_GeoTiff  GeoPackage  ERDAS Imagine  --- No Output ---'  using regular expression

2020-08-07 17:36:08 - [TEST_STEP][PASSED] - selectOptionByLabel(findTestObject("Page_Map  GRiD/select_GeoTiff  GeoPackage  DTED  --- No Output ---"), findTestData("FG3D Test Data").getValue("id_geoint_elevation", row), true): All options with label 'GeoTiff' are selected in object 'Object Repository/Page_Map  GRiD/select_GeoTiff  GeoPackage  DTED  --- No Output ---'  using regular expression

2020-08-07 17:36:09 - [MESSAGE][PASSED] - All options with label 'GeoTiff' are selected in object 'Object Repository/Page_Map  GRiD/select_GeoTiff  GeoPackage  DTED  --- No Output ---'  using regular expression

2020-08-07 17:36:09 - [TEST_STEP][PASSED] - selectOptionByLabel(findTestObject("Page_Map  GRiD/select_ESRI Shapefile  GeoPackage  KML  --- No Output ---"), findTestData("FG3D Test Data").getValue("id_geoint_vectors", row), true): All options with label 'KML' are selected in object 'Object Repository/Page_Map  GRiD/select_ESRI Shapefile  GeoPackage  KML  --- No Output ---'  using regular expression

2020-08-07 17:36:10 - [MESSAGE][PASSED] - All options with label 'KML' are selected in object 'Object Repository/Page_Map  GRiD/select_ESRI Shapefile  GeoPackage  KML  --- No Output ---'  using regular expression

2020-08-07 17:36:10 - [TEST_STEP][PASSED] - selectOptionByLabel(findTestObject("Page_Map  GRiD/select_OpenFlight  Collada  KMZ  GLB  FBX  _469f7c"), findTestData("FG3D Test Data").getValue("id_geoint_models", row), true): All options with label 'OBJ' are selected in object 'Object Repository/Page_Map  GRiD/select_OpenFlight  Collada  KMZ  GLB  FBX  _469f7c'  using regular expression

2020-08-07 17:36:11 - [MESSAGE][PASSED] - All options with label 'OBJ' are selected in object 'Object Repository/Page_Map  GRiD/select_OpenFlight  Collada  KMZ  GLB  FBX  _469f7c'  using regular expression

2020-08-07 17:36:11 - [TEST_STEP][PASSED] - click(findTestObject("Page_Map  GRiD/button_Finish")): Object: 'Object Repository/Page_Map  GRiD/button_Finish' is clicked on

2020-08-07 17:36:12 - [MESSAGE][PASSED] - Object: 'Object Repository/Page_Map  GRiD/button_Finish' is clicked on

2020-08-07 17:36:12 - [TEST_STEP][PASSED] - click(findTestObject("Object Repository/Page_FG3D  GRiD/button_AOI Options")): Object: 'Object Repository/Page_FG3D  GRiD/button_AOI Options' is clicked on

2020-08-07 17:36:31 - [MESSAGE][PASSED] - Object: 'Object Repository/Page_FG3D  GRiD/button_AOI Options' is clicked on

2020-08-07 17:36:31 - [TEST_STEP][PASSED] - click(findTestObject("Object Repository/Page_FG3D  GRiD/a_View on map")): Object: 'Object Repository/Page_FG3D  GRiD/a_View on map' is clicked on

2020-08-07 17:36:31 - [MESSAGE][PASSED] - Object: 'Object Repository/Page_FG3D  GRiD/a_View on map' is clicked on

2020-08-07 17:36:31 - [TEST_STEP][PASSED] - switchToWindowTitle("Map – GRiD"): Switched to window with title: 'Map – GRiD'

2020-08-07 17:36:37 - [MESSAGE][PASSED] - Switched to window with title: 'Map – GRiD'

2020-08-07 17:36:37 - [TEST_STEP][PASSED] - click(findTestObject("Page_Map  GRiD/input_Selection area or layers have been mo_90fb99")): Object: 'Object Repository/Page_Map  GRiD/input_Selection area or layers have been mo_90fb99' is clicked on

2020-08-07 17:36:55 - [MESSAGE][PASSED] - Object: 'Object Repository/Page_Map  GRiD/input_Selection area or layers have been mo_90fb99' is clicked on

2020-08-07 17:36:55 - [TEST_STEP][PASSED] - click(findTestObject("Page_Map  GRiD/span_Export")): Object: 'Object Repository/Page_Map  GRiD/span_Export' is clicked on

2020-08-07 17:37:04 - [MESSAGE][PASSED] - Object: 'Object Repository/Page_Map  GRiD/span_Export' is clicked on

2020-08-07 17:37:04 - [TEST_STEP][PASSED] - setText(findTestObject("Page_Map  GRiD/input_Export Name_name"), findTestData("FG3D Test Data").getValue("id_name", row)): Text 'T- FG3D: GeoTiff - GeoTiff - KML - --- No Output --- -1' is set on object 'Object Repository/Page_Map  GRiD/input_Export Name_name'

2020-08-07 17:37:12 - [MESSAGE][PASSED] - Text 'T- FG3D: GeoTiff - GeoTiff - KML - --- No Output --- -1' is set on object 'Object Repository/Page_Map  GRiD/input_Export Name_name'

2020-08-07 17:37:12 - [TEST_STEP][PASSED] - selectOptionByLabel(findTestObject("Page_Map  GRiD/select_GeoTiff  GeoPackage  ERDAS Imagine  --- No Output ---"), findTestData("FG3D Test Data").getValue("id_geoint_imagery", row), true): All options with label 'GeoTiff' are selected in object 'Object Repository/Page_Map  GRiD/select_GeoTiff  GeoPackage  ERDAS Imagine  --- No Output ---'  using regular expression

2020-08-07 17:37:13 - [MESSAGE][PASSED] - All options with label 'GeoTiff' are selected in object 'Object Repository/Page_Map  GRiD/select_GeoTiff  GeoPackage  ERDAS Imagine  --- No Output ---'  using regular expression

2020-08-07 17:37:13 - [TEST_STEP][PASSED] - selectOptionByLabel(findTestObject("Page_Map  GRiD/select_GeoTiff  GeoPackage  DTED  --- No Output ---"), findTestData("FG3D Test Data").getValue("id_geoint_elevation", row), true): All options with label 'GeoTiff' are selected in object 'Object Repository/Page_Map  GRiD/select_GeoTiff  GeoPackage  DTED  --- No Output ---'  using regular expression

2020-08-07 17:37:14 - [MESSAGE][PASSED] - All options with label 'GeoTiff' are selected in object 'Object Repository/Page_Map  GRiD/select_GeoTiff  GeoPackage  DTED  --- No Output ---'  using regular expression

2020-08-07 17:37:14 - [TEST_STEP][PASSED] - selectOptionByLabel(findTestObject("Page_Map  GRiD/select_ESRI Shapefile  GeoPackage  KML  --- No Output ---"), findTestData("FG3D Test Data").getValue("id_geoint_vectors", row), true): All options with label 'KML' are selected in object 'Object Repository/Page_Map  GRiD/select_ESRI Shapefile  GeoPackage  KML  --- No Output ---'  using regular expression

2020-08-07 17:37:15 - [MESSAGE][PASSED] - All options with label 'KML' are selected in object 'Object Repository/Page_Map  GRiD/select_ESRI Shapefile  GeoPackage  KML  --- No Output ---'  using regular expression

2020-08-07 17:37:15 - [TEST_STEP][PASSED] - selectOptionByLabel(findTestObject("Page_Map  GRiD/select_OpenFlight  Collada  KMZ  GLB  FBX  _469f7c"), findTestData("FG3D Test Data").getValue("id_geoint_models", row), true): All options with label '--- No Output ---' are selected in object 'Object Repository/Page_Map  GRiD/select_OpenFlight  Collada  KMZ  GLB  FBX  _469f7c'  using regular expression

2020-08-07 17:37:16 - [MESSAGE][PASSED] - All options with label '--- No Output ---' are selected in object 'Object Repository/Page_Map  GRiD/select_OpenFlight  Collada  KMZ  GLB  FBX  _469f7c'  using regular expression

2020-08-07 17:37:16 - [TEST_STEP][PASSED] - click(findTestObject("Page_Map  GRiD/button_Finish")): Object: 'Object Repository/Page_Map  GRiD/button_Finish' is clicked on

2020-08-07 17:37:16 - [MESSAGE][PASSED] - Object: 'Object Repository/Page_Map  GRiD/button_Finish' is clicked on

2020-08-07 17:37:16 - [TEST_STEP][PASSED] - click(findTestObject("Object Repository/Page_FG3D  GRiD/button_AOI Options")): Object: 'Object Repository/Page_FG3D  GRiD/button_AOI Options' is clicked on

2020-08-07 17:37:37 - [MESSAGE][PASSED] - Object: 'Object Repository/Page_FG3D  GRiD/button_AOI Options' is clicked on

2020-08-07 17:37:37 - [TEST_STEP][PASSED] - click(findTestObject("Object Repository/Page_FG3D  GRiD/a_View on map")): Object: 'Object Repository/Page_FG3D  GRiD/a_View on map' is clicked on

2020-08-07 17:37:38 - [MESSAGE][PASSED] - Object: 'Object Repository/Page_FG3D  GRiD/a_View on map' is clicked on

2020-08-07 17:37:38 - [TEST_STEP][PASSED] - switchToWindowTitle("Map – GRiD"): Switched to window with title: 'Map – GRiD'

2020-08-07 17:37:44 - [MESSAGE][PASSED] - Switched to window with title: 'Map – GRiD'

2020-08-07 17:37:44 - [TEST_STEP][PASSED] - click(findTestObject("Page_Map  GRiD/input_Selection area or layers have been mo_90fb99")): Object: 'Object Repository/Page_Map  GRiD/input_Selection area or layers have been mo_90fb99' is clicked on

2020-08-07 17:38:05 - [MESSAGE][PASSED] - Object: 'Object Repository/Page_Map  GRiD/input_Selection area or layers have been mo_90fb99' is clicked on

2020-08-07 17:38:05 - [TEST_STEP][PASSED] - click(findTestObject("Page_Map  GRiD/span_Export")): Object: 'Object Repository/Page_Map  GRiD/span_Export' is clicked on

2020-08-07 17:38:15 - [MESSAGE][PASSED] - Object: 'Object Repository/Page_Map  GRiD/span_Export' is clicked on

2020-08-07 17:38:15 - [TEST_STEP][PASSED] - setText(findTestObject("Page_Map  GRiD/input_Export Name_name"), findTestData("FG3D Test Data").getValue("id_name", row)): Text 'T- FG3D: GeoTiff - GeoTiff - --- No Output --- - OpenFlight -1' is set on object 'Object Repository/Page_Map  GRiD/input_Export Name_name'

2020-08-07 17:38:24 - [MESSAGE][PASSED] - Text 'T- FG3D: GeoTiff - GeoTiff - --- No Output --- - OpenFlight -1' is set on object 'Object Repository/Page_Map  GRiD/input_Export Name_name'

2020-08-07 17:38:24 - [TEST_STEP][PASSED] - selectOptionByLabel(findTestObject("Page_Map  GRiD/select_GeoTiff  GeoPackage  ERDAS Imagine  --- No Output ---"), findTestData("FG3D Test Data").getValue("id_geoint_imagery", row), true): All options with label 'GeoTiff' are selected in object 'Object Repository/Page_Map  GRiD/select_GeoTiff  GeoPackage  ERDAS Imagine  --- No Output ---'  using regular expression

2020-08-07 17:38:25 - [MESSAGE][PASSED] - All options with label 'GeoTiff' are selected in object 'Object Repository/Page_Map  GRiD/select_GeoTiff  GeoPackage  ERDAS Imagine  --- No Output ---'  using regular expression

2020-08-07 17:38:25 - [TEST_STEP][PASSED] - selectOptionByLabel(findTestObject("Page_Map  GRiD/select_GeoTiff  GeoPackage  DTED  --- No Output ---"), findTestData("FG3D Test Data").getValue("id_geoint_elevation", row), true): All options with label 'GeoTiff' are selected in object 'Object Repository/Page_Map  GRiD/select_GeoTiff  GeoPackage  DTED  --- No Output ---'  using regular expression

2020-08-07 17:38:26 - [MESSAGE][PASSED] - All options with label 'GeoTiff' are selected in object 'Object Repository/Page_Map  GRiD/select_GeoTiff  GeoPackage  DTED  --- No Output ---'  using regular expression

2020-08-07 17:38:26 - [TEST_STEP][PASSED] - selectOptionByLabel(findTestObject("Page_Map  GRiD/select_ESRI Shapefile  GeoPackage  KML  --- No Output ---"), findTestData("FG3D Test Data").getValue("id_geoint_vectors", row), true): All options with label '--- No Output ---' are selected in object 'Object Repository/Page_Map  GRiD/select_ESRI Shapefile  GeoPackage  KML  --- No Output ---'  using regular expression

2020-08-07 17:38:27 - [MESSAGE][PASSED] - All options with label '--- No Output ---' are selected in object 'Object Repository/Page_Map  GRiD/select_ESRI Shapefile  GeoPackage  KML  --- No Output ---'  using regular expression

2020-08-07 17:38:27 - [TEST_STEP][PASSED] - selectOptionByLabel(findTestObject("Page_Map  GRiD/select_OpenFlight  Collada  KMZ  GLB  FBX  _469f7c"), findTestData("FG3D Test Data").getValue("id_geoint_models", row), true): All options with label 'OpenFlight' are selected in object 'Object Repository/Page_Map  GRiD/select_OpenFlight  Collada  KMZ  GLB  FBX  _469f7c'  using regular expression

2020-08-07 17:38:28 - [MESSAGE][PASSED] - All options with label 'OpenFlight' are selected in object 'Object Repository/Page_Map  GRiD/select_OpenFlight  Collada  KMZ  GLB  FBX  _469f7c'  using regular expression

2020-08-07 17:38:28 - [TEST_STEP][PASSED] - click(findTestObject("Page_Map  GRiD/button_Finish")): Object: 'Object Repository/Page_Map  GRiD/button_Finish' is clicked on

2020-08-07 17:38:28 - [MESSAGE][PASSED] - Object: 'Object Repository/Page_Map  GRiD/button_Finish' is clicked on

2020-08-07 17:38:28 - [TEST_STEP][PASSED] - click(findTestObject("Object Repository/Page_FG3D  GRiD/button_AOI Options")): Object: 'Object Repository/Page_FG3D  GRiD/button_AOI Options' is clicked on

2020-08-07 17:38:52 - [MESSAGE][PASSED] - Object: 'Object Repository/Page_FG3D  GRiD/button_AOI Options' is clicked on

2020-08-07 17:38:52 - [TEST_STEP][PASSED] - click(findTestObject("Object Repository/Page_FG3D  GRiD/a_View on map")): Object: 'Object Repository/Page_FG3D  GRiD/a_View on map' is clicked on

2020-08-07 17:38:52 - [MESSAGE][PASSED] - Object: 'Object Repository/Page_FG3D  GRiD/a_View on map' is clicked on

2020-08-07 17:38:52 - [TEST_STEP][PASSED] - switchToWindowTitle("Map – GRiD"): Switched to window with title: 'Map – GRiD'

2020-08-07 17:38:58 - [MESSAGE][PASSED] - Switched to window with title: 'Map – GRiD'

2020-08-07 17:38:58 - [TEST_STEP][PASSED] - click(findTestObject("Page_Map  GRiD/input_Selection area or layers have been mo_90fb99")): Object: 'Object Repository/Page_Map  GRiD/input_Selection area or layers have been mo_90fb99' is clicked on

2020-08-07 17:39:28 - [MESSAGE][PASSED] - Object: 'Object Repository/Page_Map  GRiD/input_Selection area or layers have been mo_90fb99' is clicked on

2020-08-07 17:39:28 - [TEST_STEP][PASSED] - click(findTestObject("Page_Map  GRiD/span_Export")): Object: 'Object Repository/Page_Map  GRiD/span_Export' is clicked on

2020-08-07 17:39:42 - [MESSAGE][PASSED] - Object: 'Object Repository/Page_Map  GRiD/span_Export' is clicked on

2020-08-07 17:39:42 - [TEST_STEP][PASSED] - setText(findTestObject("Page_Map  GRiD/input_Export Name_name"), findTestData("FG3D Test Data").getValue("id_name", row)): Text 'T- FG3D: GeoTiff - GeoTiff - --- No Output --- - Collada -1' is set on object 'Object Repository/Page_Map  GRiD/input_Export Name_name'

2020-08-07 17:39:54 - [MESSAGE][PASSED] - Text 'T- FG3D: GeoTiff - GeoTiff - --- No Output --- - Collada -1' is set on object 'Object Repository/Page_Map  GRiD/input_Export Name_name'

2020-08-07 17:39:54 - [TEST_STEP][PASSED] - selectOptionByLabel(findTestObject("Page_Map  GRiD/select_GeoTiff  GeoPackage  ERDAS Imagine  --- No Output ---"), findTestData("FG3D Test Data").getValue("id_geoint_imagery", row), true): All options with label 'GeoTiff' are selected in object 'Object Repository/Page_Map  GRiD/select_GeoTiff  GeoPackage  ERDAS Imagine  --- No Output ---'  using regular expression

2020-08-07 17:39:55 - [MESSAGE][PASSED] - All options with label 'GeoTiff' are selected in object 'Object Repository/Page_Map  GRiD/select_GeoTiff  GeoPackage  ERDAS Imagine  --- No Output ---'  using regular expression

2020-08-07 17:39:55 - [TEST_STEP][PASSED] - selectOptionByLabel(findTestObject("Page_Map  GRiD/select_GeoTiff  GeoPackage  DTED  --- No Output ---"), findTestData("FG3D Test Data").getValue("id_geoint_elevation", row), true): All options with label 'GeoTiff' are selected in object 'Object Repository/Page_Map  GRiD/select_GeoTiff  GeoPackage  DTED  --- No Output ---'  using regular expression

2020-08-07 17:39:55 - [MESSAGE][PASSED] - All options with label 'GeoTiff' are selected in object 'Object Repository/Page_Map  GRiD/select_GeoTiff  GeoPackage  DTED  --- No Output ---'  using regular expression

2020-08-07 17:39:55 - [TEST_STEP][PASSED] - selectOptionByLabel(findTestObject("Page_Map  GRiD/select_ESRI Shapefile  GeoPackage  KML  --- No Output ---"), findTestData("FG3D Test Data").getValue("id_geoint_vectors", row), true): All options with label '--- No Output ---' are selected in object 'Object Repository/Page_Map  GRiD/select_ESRI Shapefile  GeoPackage  KML  --- No Output ---'  using regular expression

2020-08-07 17:39:56 - [MESSAGE][PASSED] - All options with label '--- No Output ---' are selected in object 'Object Repository/Page_Map  GRiD/select_ESRI Shapefile  GeoPackage  KML  --- No Output ---'  using regular expression

2020-08-07 17:39:56 - [TEST_STEP][PASSED] - selectOptionByLabel(findTestObject("Page_Map  GRiD/select_OpenFlight  Collada  KMZ  GLB  FBX  _469f7c"), findTestData("FG3D Test Data").getValue("id_geoint_models", row), true): All options with label 'Collada' are selected in object 'Object Repository/Page_Map  GRiD/select_OpenFlight  Collada  KMZ  GLB  FBX  _469f7c'  using regular expression

2020-08-07 17:39:58 - [MESSAGE][PASSED] - All options with label 'Collada' are selected in object 'Object Repository/Page_Map  GRiD/select_OpenFlight  Collada  KMZ  GLB  FBX  _469f7c'  using regular expression

2020-08-07 17:39:58 - [TEST_STEP][PASSED] - click(findTestObject("Page_Map  GRiD/button_Finish")): Object: 'Object Repository/Page_Map  GRiD/button_Finish' is clicked on

2020-08-07 17:40:03 - [MESSAGE][PASSED] - Object: 'Object Repository/Page_Map  GRiD/button_Finish' is clicked on

2020-08-07 17:40:03 - [TEST_STEP][PASSED] - click(findTestObject("Object Repository/Page_FG3D  GRiD/button_AOI Options")): Object: 'Object Repository/Page_FG3D  GRiD/button_AOI Options' is clicked on

2020-08-07 17:40:34 - [MESSAGE][PASSED] - Object: 'Object Repository/Page_FG3D  GRiD/button_AOI Options' is clicked on

2020-08-07 17:40:34 - [TEST_STEP][FAILED] - click(findTestObject("Object Repository/Page_FG3D  GRiD/a_View on map")): Unable to click on object 'Object Repository/Page_FG3D  GRiD/a_View on map' (Root cause: com.kms.katalon.core.exception.StepFailedException: Unable to click on object 'Object Repository/Page_FG3D  GRiD/a_View on map'
	at com.kms.katalon.core.webui.keyword.internal.WebUIKeywordMain.stepFailed(WebUIKeywordMain.groovy:64)
	at com.kms.katalon.core.webui.keyword.internal.WebUIKeywordMain.runKeyword(WebUIKeywordMain.groovy:26)
	at com.kms.katalon.core.webui.keyword.builtin.ClickKeyword.click(ClickKeyword.groovy:76)
	at com.kms.katalon.core.webui.keyword.builtin.ClickKeyword.execute(ClickKeyword.groovy:43)
	at com.kms.katalon.core.keyword.internal.KeywordExecutor.executeKeywordForPlatform(KeywordExecutor.groovy:73)
	at com.kms.katalon.core.webui.keyword.WebUiBuiltInKeywords.click(WebUiBuiltInKeywords.groovy:616)
	at com.kms.katalon.core.webui.keyword.WebUiBuiltInKeywords$click$1.call(Unknown Source)
	at FG3D Test.run(FG3D Test:37)
	at com.kms.katalon.core.main.ScriptEngine.run(ScriptEngine.java:194)
	at com.kms.katalon.core.main.ScriptEngine.runScriptAsRawText(ScriptEngine.java:119)
	at com.kms.katalon.core.main.TestCaseExecutor.runScript(TestCaseExecutor.java:339)
	at com.kms.katalon.core.main.TestCaseExecutor.doExecute(TestCaseExecutor.java:330)
	at com.kms.katalon.core.main.TestCaseExecutor.processExecutionPhase(TestCaseExecutor.java:309)
	at com.kms.katalon.core.main.TestCaseExecutor.accessMainPhase(TestCaseExecutor.java:301)
	at com.kms.katalon.core.main.TestCaseExecutor.execute(TestCaseExecutor.java:235)
	at com.kms.katalon.core.main.TestSuiteExecutor.accessTestCaseMainPhase(TestSuiteExecutor.java:191)
	at com.kms.katalon.core.main.TestSuiteExecutor.accessTestSuiteMainPhase(TestSuiteExecutor.java:141)
	at com.kms.katalon.core.main.TestSuiteExecutor.execute(TestSuiteExecutor.java:90)
	at com.kms.katalon.core.main.TestCaseMain.startTestSuite(TestCaseMain.java:157)
	at com.kms.katalon.core.main.TestCaseMain$startTestSuite$0.call(Unknown Source)
	at TempTestSuite1596835618792.run(TempTestSuite1596835618792.groovy:39)
Caused by: org.openqa.selenium.ElementNotInteractableException: element not interactable
  (Session info: chrome=84.0.4147.105)
Build info: version: '3.141.59', revision: 'e82be7d358', time: '2018-11-14T08:25:53'
System info: host: 'C02YJ0QYJGH7.fios-router.home', ip: 'fe80:0:0:0:14e0:9553:ef02:546a%en0', os.name: 'Mac OS X', os.arch: 'x86_64', os.version: '10.15.6', java.version: '1.8.0_181'
Driver info: com.kms.katalon.selenium.driver.CChromeDriver
Capabilities {acceptInsecureCerts: false, browserName: chrome, browserVersion: 84.0.4147.105, chrome: {chromedriverVersion: 83.0.4103.39 (ccbf011cb2d2b..., userDataDir: /var/folders/mk/mm0g76rn3_g...}, goog:chromeOptions: {debuggerAddress: localhost:54839}, javascriptEnabled: true, networkConnectionEnabled: false, pageLoadStrategy: normal, platform: MAC, platformName: MAC, proxy: Proxy(), setWindowRect: true, strictFileInteractability: false, timeouts: {implicit: 0, pageLoad: 300000, script: 30000}, unhandledPromptBehavior: dismiss and notify, webauthn:virtualAuthenticators: true}
Session ID: d12166b06014242af38864e14d15c5d4
	at org.openqa.selenium.remote.http.W3CHttpResponseCodec.createException(W3CHttpResponseCodec.java:187)
	at org.openqa.selenium.remote.http.W3CHttpResponseCodec.decode(W3CHttpResponseCodec.java:122)
	at org.openqa.selenium.remote.http.W3CHttpResponseCodec.decode(W3CHttpResponseCodec.java:49)
	at org.openqa.selenium.remote.HttpCommandExecutor.execute(HttpCommandExecutor.java:158)
	at org.openqa.selenium.remote.service.DriverCommandExecutor.execute(DriverCommandExecutor.java:83)
	at org.openqa.selenium.remote.RemoteWebDriver.execute(RemoteWebDriver.java:552)
	at com.kms.katalon.selenium.driver.CChromeDriver.execute(CChromeDriver.java:19)
	at org.openqa.selenium.remote.RemoteWebElement.execute(RemoteWebElement.java:285)
	at org.openqa.selenium.remote.RemoteWebElement.click(RemoteWebElement.java:84)
	at org.openqa.selenium.support.events.EventFiringWebDriver$EventFiringWebElement.lambda$new$0(EventFiringWebDriver.java:404)
	at com.sun.proxy.$Proxy9.click(Unknown Source)
	at org.openqa.selenium.support.events.EventFiringWebDriver$EventFiringWebElement.click(EventFiringWebDriver.java:417)
	at com.kms.katalon.core.webui.keyword.builtin.ClickKeyword$_click_closure1.doCall(ClickKeyword.groovy:69)
	at com.kms.katalon.core.webui.keyword.builtin.ClickKeyword$_click_closure1.call(ClickKeyword.groovy)
	at com.kms.katalon.core.webui.keyword.internal.WebUIKeywordMain.runKeyword(WebUIKeywordMain.groovy:20)
	at com.kms.katalon.core.webui.keyword.builtin.ClickKeyword.click(ClickKeyword.groovy:76)
	at com.kms.katalon.core.webui.keyword.builtin.ClickKeyword.execute(ClickKeyword.groovy:43)
	at com.kms.katalon.core.keyword.internal.KeywordExecutor.executeKeywordForPlatform(KeywordExecutor.groovy:73)
	at com.kms.katalon.core.webui.keyword.WebUiBuiltInKeywords.click(WebUiBuiltInKeywords.groovy:616)
	at com.kms.katalon.core.webui.keyword.WebUiBuiltInKeywords$click$1.call(Unknown Source)
	at Script1596659605283.run(Script1596659605283.groovy:37)
	... 13 more
)

2020-08-07 17:41:44 - [MESSAGE][WARNING] - Cannot take screenshot

2020-08-07 17:41:44 - [MESSAGE][FAILED] - Unable to click on object 'Object Repository/Page_FG3D  GRiD/a_View on map' (Root cause: com.kms.katalon.core.exception.StepFailedException: Unable to click on object 'Object Repository/Page_FG3D  GRiD/a_View on map'
	at com.kms.katalon.core.webui.keyword.internal.WebUIKeywordMain.stepFailed(WebUIKeywordMain.groovy:64)
	at com.kms.katalon.core.webui.keyword.internal.WebUIKeywordMain.runKeyword(WebUIKeywordMain.groovy:26)
	at com.kms.katalon.core.webui.keyword.builtin.ClickKeyword.click(ClickKeyword.groovy:76)
	at com.kms.katalon.core.webui.keyword.builtin.ClickKeyword.execute(ClickKeyword.groovy:43)
	at com.kms.katalon.core.keyword.internal.KeywordExecutor.executeKeywordForPlatform(KeywordExecutor.groovy:73)
	at com.kms.katalon.core.webui.keyword.WebUiBuiltInKeywords.click(WebUiBuiltInKeywords.groovy:616)
	at com.kms.katalon.core.webui.keyword.WebUiBuiltInKeywords$click$1.call(Unknown Source)
	at FG3D Test.run(FG3D Test:37)
	at com.kms.katalon.core.main.ScriptEngine.run(ScriptEngine.java:194)
	at com.kms.katalon.core.main.ScriptEngine.runScriptAsRawText(ScriptEngine.java:119)
	at com.kms.katalon.core.main.TestCaseExecutor.runScript(TestCaseExecutor.java:339)
	at com.kms.katalon.core.main.TestCaseExecutor.doExecute(TestCaseExecutor.java:330)
	at com.kms.katalon.core.main.TestCaseExecutor.processExecutionPhase(TestCaseExecutor.java:309)
	at com.kms.katalon.core.main.TestCaseExecutor.accessMainPhase(TestCaseExecutor.java:301)
	at com.kms.katalon.core.main.TestCaseExecutor.execute(TestCaseExecutor.java:235)
	at com.kms.katalon.core.main.TestSuiteExecutor.accessTestCaseMainPhase(TestSuiteExecutor.java:191)
	at com.kms.katalon.core.main.TestSuiteExecutor.accessTestSuiteMainPhase(TestSuiteExecutor.java:141)
	at com.kms.katalon.core.main.TestSuiteExecutor.execute(TestSuiteExecutor.java:90)
	at com.kms.katalon.core.main.TestCaseMain.startTestSuite(TestCaseMain.java:157)
	at com.kms.katalon.core.main.TestCaseMain$startTestSuite$0.call(Unknown Source)
	at TempTestSuite1596835618792.run(TempTestSuite1596835618792.groovy:39)
Caused by: org.openqa.selenium.ElementNotInteractableException: element not interactable
  (Session info: chrome=84.0.4147.105)
Build info: version: '3.141.59', revision: 'e82be7d358', time: '2018-11-14T08:25:53'
System info: host: 'C02YJ0QYJGH7.fios-router.home', ip: 'fe80:0:0:0:14e0:9553:ef02:546a%en0', os.name: 'Mac OS X', os.arch: 'x86_64', os.version: '10.15.6', java.version: '1.8.0_181'
Driver info: com.kms.katalon.selenium.driver.CChromeDriver
Capabilities {acceptInsecureCerts: false, browserName: chrome, browserVersion: 84.0.4147.105, chrome: {chromedriverVersion: 83.0.4103.39 (ccbf011cb2d2b..., userDataDir: /var/folders/mk/mm0g76rn3_g...}, goog:chromeOptions: {debuggerAddress: localhost:54839}, javascriptEnabled: true, networkConnectionEnabled: false, pageLoadStrategy: normal, platform: MAC, platformName: MAC, proxy: Proxy(), setWindowRect: true, strictFileInteractability: false, timeouts: {implicit: 0, pageLoad: 300000, script: 30000}, unhandledPromptBehavior: dismiss and notify, webauthn:virtualAuthenticators: true}
Session ID: d12166b06014242af38864e14d15c5d4
	at org.openqa.selenium.remote.http.W3CHttpResponseCodec.createException(W3CHttpResponseCodec.java:187)
	at org.openqa.selenium.remote.http.W3CHttpResponseCodec.decode(W3CHttpResponseCodec.java:122)
	at org.openqa.selenium.remote.http.W3CHttpResponseCodec.decode(W3CHttpResponseCodec.java:49)
	at org.openqa.selenium.remote.HttpCommandExecutor.execute(HttpCommandExecutor.java:158)
	at org.openqa.selenium.remote.service.DriverCommandExecutor.execute(DriverCommandExecutor.java:83)
	at org.openqa.selenium.remote.RemoteWebDriver.execute(RemoteWebDriver.java:552)
	at com.kms.katalon.selenium.driver.CChromeDriver.execute(CChromeDriver.java:19)
	at org.openqa.selenium.remote.RemoteWebElement.execute(RemoteWebElement.java:285)
	at org.openqa.selenium.remote.RemoteWebElement.click(RemoteWebElement.java:84)
	at org.openqa.selenium.support.events.EventFiringWebDriver$EventFiringWebElement.lambda$new$0(EventFiringWebDriver.java:404)
	at com.sun.proxy.$Proxy9.click(Unknown Source)
	at org.openqa.selenium.support.events.EventFiringWebDriver$EventFiringWebElement.click(EventFiringWebDriver.java:417)
	at com.kms.katalon.core.webui.keyword.builtin.ClickKeyword$_click_closure1.doCall(ClickKeyword.groovy:69)
	at com.kms.katalon.core.webui.keyword.builtin.ClickKeyword$_click_closure1.call(ClickKeyword.groovy)
	at com.kms.katalon.core.webui.keyword.internal.WebUIKeywordMain.runKeyword(WebUIKeywordMain.groovy:20)
	at com.kms.katalon.core.webui.keyword.builtin.ClickKeyword.click(ClickKeyword.groovy:76)
	at com.kms.katalon.core.webui.keyword.builtin.ClickKeyword.execute(ClickKeyword.groovy:43)
	at com.kms.katalon.core.keyword.internal.KeywordExecutor.executeKeywordForPlatform(KeywordExecutor.groovy:73)
	at com.kms.katalon.core.webui.keyword.WebUiBuiltInKeywords.click(WebUiBuiltInKeywords.groovy:616)
	at com.kms.katalon.core.webui.keyword.WebUiBuiltInKeywords$click$1.call(Unknown Source)
	at Script1596659605283.run(Script1596659605283.groovy:37)
	... 13 more
)]]></system-out>
         <system-err><![CDATA[2020-08-07 17:27:01 - [TEST_CASE][FAILED] - Test Cases/FG3D Test: Test Cases/FG3D Test FAILED.
Reason:
com.kms.katalon.core.exception.StepFailedException: Unable to click on object 'Object Repository/Page_FG3D  GRiD/a_View on map'
	at com.kms.katalon.core.webui.keyword.internal.WebUIKeywordMain.stepFailed(WebUIKeywordMain.groovy:64)
	at com.kms.katalon.core.webui.keyword.internal.WebUIKeywordMain.runKeyword(WebUIKeywordMain.groovy:26)
	at com.kms.katalon.core.webui.keyword.builtin.ClickKeyword.click(ClickKeyword.groovy:76)
	at com.kms.katalon.core.webui.keyword.builtin.ClickKeyword.execute(ClickKeyword.groovy:43)
	at com.kms.katalon.core.keyword.internal.KeywordExecutor.executeKeywordForPlatform(KeywordExecutor.groovy:73)
	at com.kms.katalon.core.webui.keyword.WebUiBuiltInKeywords.click(WebUiBuiltInKeywords.groovy:616)
	at com.kms.katalon.core.webui.keyword.WebUiBuiltInKeywords$click$1.call(Unknown Source)
	at FG3D Test.run(FG3D Test:37)
	at com.kms.katalon.core.main.ScriptEngine.run(ScriptEngine.java:194)
	at com.kms.katalon.core.main.ScriptEngine.runScriptAsRawText(ScriptEngine.java:119)
	at com.kms.katalon.core.main.TestCaseExecutor.runScript(TestCaseExecutor.java:339)
	at com.kms.katalon.core.main.TestCaseExecutor.doExecute(TestCaseExecutor.java:330)
	at com.kms.katalon.core.main.TestCaseExecutor.processExecutionPhase(TestCaseExecutor.java:309)
	at com.kms.katalon.core.main.TestCaseExecutor.accessMainPhase(TestCaseExecutor.java:301)
	at com.kms.katalon.core.main.TestCaseExecutor.execute(TestCaseExecutor.java:235)
	at com.kms.katalon.core.main.TestSuiteExecutor.accessTestCaseMainPhase(TestSuiteExecutor.java:191)
	at com.kms.katalon.core.main.TestSuiteExecutor.accessTestSuiteMainPhase(TestSuiteExecutor.java:141)
	at com.kms.katalon.core.main.TestSuiteExecutor.execute(TestSuiteExecutor.java:90)
	at com.kms.katalon.core.main.TestCaseMain.startTestSuite(TestCaseMain.java:157)
	at com.kms.katalon.core.main.TestCaseMain$startTestSuite$0.call(Unknown Source)
	at TempTestSuite1596835618792.run(TempTestSuite1596835618792.groovy:39)
Caused by: org.openqa.selenium.ElementNotInteractableException: element not interactable
  (Session info: chrome=84.0.4147.105)
Build info: version: '3.141.59', revision: 'e82be7d358', time: '2018-11-14T08:25:53'
System info: host: 'C02YJ0QYJGH7.fios-router.home', ip: 'fe80:0:0:0:14e0:9553:ef02:546a%en0', os.name: 'Mac OS X', os.arch: 'x86_64', os.version: '10.15.6', java.version: '1.8.0_181'
Driver info: com.kms.katalon.selenium.driver.CChromeDriver
Capabilities {acceptInsecureCerts: false, browserName: chrome, browserVersion: 84.0.4147.105, chrome: {chromedriverVersion: 83.0.4103.39 (ccbf011cb2d2b..., userDataDir: /var/folders/mk/mm0g76rn3_g...}, goog:chromeOptions: {debuggerAddress: localhost:54839}, javascriptEnabled: true, networkConnectionEnabled: false, pageLoadStrategy: normal, platform: MAC, platformName: MAC, proxy: Proxy(), setWindowRect: true, strictFileInteractability: false, timeouts: {implicit: 0, pageLoad: 300000, script: 30000}, unhandledPromptBehavior: dismiss and notify, webauthn:virtualAuthenticators: true}
Session ID: d12166b06014242af38864e14d15c5d4
	at org.openqa.selenium.remote.http.W3CHttpResponseCodec.createException(W3CHttpResponseCodec.java:187)
	at org.openqa.selenium.remote.http.W3CHttpResponseCodec.decode(W3CHttpResponseCodec.java:122)
	at org.openqa.selenium.remote.http.W3CHttpResponseCodec.decode(W3CHttpResponseCodec.java:49)
	at org.openqa.selenium.remote.HttpCommandExecutor.execute(HttpCommandExecutor.java:158)
	at org.openqa.selenium.remote.service.DriverCommandExecutor.execute(DriverCommandExecutor.java:83)
	at org.openqa.selenium.remote.RemoteWebDriver.execute(RemoteWebDriver.java:552)
	at com.kms.katalon.selenium.driver.CChromeDriver.execute(CChromeDriver.java:19)
	at org.openqa.selenium.remote.RemoteWebElement.execute(RemoteWebElement.java:285)
	at org.openqa.selenium.remote.RemoteWebElement.click(RemoteWebElement.java:84)
	at org.openqa.selenium.support.events.EventFiringWebDriver$EventFiringWebElement.lambda$new$0(EventFiringWebDriver.java:404)
	at com.sun.proxy.$Proxy9.click(Unknown Source)
	at org.openqa.selenium.support.events.EventFiringWebDriver$EventFiringWebElement.click(EventFiringWebDriver.java:417)
	at com.kms.katalon.core.webui.keyword.builtin.ClickKeyword$_click_closure1.doCall(ClickKeyword.groovy:69)
	at com.kms.katalon.core.webui.keyword.builtin.ClickKeyword$_click_closure1.call(ClickKeyword.groovy)
	at com.kms.katalon.core.webui.keyword.internal.WebUIKeywordMain.runKeyword(WebUIKeywordMain.groovy:20)
	... 19 more]]></system-err>
      </testcase>
      <system-out><![CDATA[2020-08-07 17:27:01 - [TEST_SUITE][FAILED] - GRiD Login: Test Cases/FG3D Test FAILED.
Reason:
com.kms.katalon.core.exception.StepFailedException: Unable to click on object 'Object Repository/Page_FG3D  GRiD/a_View on map'
	at com.kms.katalon.core.webui.keyword.internal.WebUIKeywordMain.stepFailed(WebUIKeywordMain.groovy:64)
	at com.kms.katalon.core.webui.keyword.internal.WebUIKeywordMain.runKeyword(WebUIKeywordMain.groovy:26)
	at com.kms.katalon.core.webui.keyword.builtin.ClickKeyword.click(ClickKeyword.groovy:76)
	at com.kms.katalon.core.webui.keyword.builtin.ClickKeyword.execute(ClickKeyword.groovy:43)
	at com.kms.katalon.core.keyword.internal.KeywordExecutor.executeKeywordForPlatform(KeywordExecutor.groovy:73)
	at com.kms.katalon.core.webui.keyword.WebUiBuiltInKeywords.click(WebUiBuiltInKeywords.groovy:616)
	at com.kms.katalon.core.webui.keyword.WebUiBuiltInKeywords$click$1.call(Unknown Source)
	at FG3D Test.run(FG3D Test:37)
	at com.kms.katalon.core.main.ScriptEngine.run(ScriptEngine.java:194)
	at com.kms.katalon.core.main.ScriptEngine.runScriptAsRawText(ScriptEngine.java:119)
	at com.kms.katalon.core.main.TestCaseExecutor.runScript(TestCaseExecutor.java:339)
	at com.kms.katalon.core.main.TestCaseExecutor.doExecute(TestCaseExecutor.java:330)
	at com.kms.katalon.core.main.TestCaseExecutor.processExecutionPhase(TestCaseExecutor.java:309)
	at com.kms.katalon.core.main.TestCaseExecutor.accessMainPhase(TestCaseExecutor.java:301)
	at com.kms.katalon.core.main.TestCaseExecutor.execute(TestCaseExecutor.java:235)
	at com.kms.katalon.core.main.TestSuiteExecutor.accessTestCaseMainPhase(TestSuiteExecutor.java:191)
	at com.kms.katalon.core.main.TestSuiteExecutor.accessTestSuiteMainPhase(TestSuiteExecutor.java:141)
	at com.kms.katalon.core.main.TestSuiteExecutor.execute(TestSuiteExecutor.java:90)
	at com.kms.katalon.core.main.TestCaseMain.startTestSuite(TestCaseMain.java:157)
	at com.kms.katalon.core.main.TestCaseMain$startTestSuite$0.call(Unknown Source)
	at TempTestSuite1596835618792.run(TempTestSuite1596835618792.groovy:39)
Caused by: org.openqa.selenium.ElementNotInteractableException: element not interactable
  (Session info: chrome=84.0.4147.105)
Build info: version: '3.141.59', revision: 'e82be7d358', time: '2018-11-14T08:25:53'
System info: host: 'C02YJ0QYJGH7.fios-router.home', ip: 'fe80:0:0:0:14e0:9553:ef02:546a%en0', os.name: 'Mac OS X', os.arch: 'x86_64', os.version: '10.15.6', java.version: '1.8.0_181'
Driver info: com.kms.katalon.selenium.driver.CChromeDriver
Capabilities {acceptInsecureCerts: false, browserName: chrome, browserVersion: 84.0.4147.105, chrome: {chromedriverVersion: 83.0.4103.39 (ccbf011cb2d2b..., userDataDir: /var/folders/mk/mm0g76rn3_g...}, goog:chromeOptions: {debuggerAddress: localhost:54839}, javascriptEnabled: true, networkConnectionEnabled: false, pageLoadStrategy: normal, platform: MAC, platformName: MAC, proxy: Proxy(), setWindowRect: true, strictFileInteractability: false, timeouts: {implicit: 0, pageLoad: 300000, script: 30000}, unhandledPromptBehavior: dismiss and notify, webauthn:virtualAuthenticators: true}
Session ID: d12166b06014242af38864e14d15c5d4
	at org.openqa.selenium.remote.http.W3CHttpResponseCodec.createException(W3CHttpResponseCodec.java:187)
	at org.openqa.selenium.remote.http.W3CHttpResponseCodec.decode(W3CHttpResponseCodec.java:122)
	at org.openqa.selenium.remote.http.W3CHttpResponseCodec.decode(W3CHttpResponseCodec.java:49)
	at org.openqa.selenium.remote.HttpCommandExecutor.execute(HttpCommandExecutor.java:158)
	at org.openqa.selenium.remote.service.DriverCommandExecutor.execute(DriverCommandExecutor.java:83)
	at org.openqa.selenium.remote.RemoteWebDriver.execute(RemoteWebDriver.java:552)
	at com.kms.katalon.selenium.driver.CChromeDriver.execute(CChromeDriver.java:19)
	at org.openqa.selenium.remote.RemoteWebElement.execute(RemoteWebElement.java:285)
	at org.openqa.selenium.remote.RemoteWebElement.click(RemoteWebElement.java:84)
	at org.openqa.selenium.support.events.EventFiringWebDriver$EventFiringWebElement.lambda$new$0(EventFiringWebDriver.java:404)
	at com.sun.proxy.$Proxy9.click(Unknown Source)
	at org.openqa.selenium.support.events.EventFiringWebDriver$EventFiringWebElement.click(EventFiringWebDriver.java:417)
	at com.kms.katalon.core.webui.keyword.builtin.ClickKeyword$_click_closure1.doCall(ClickKeyword.groovy:69)
	at com.kms.katalon.core.webui.keyword.builtin.ClickKeyword$_click_closure1.call(ClickKeyword.groovy)
	at com.kms.katalon.core.webui.keyword.internal.WebUIKeywordMain.runKeyword(WebUIKeywordMain.groovy:20)
	... 19 more]]></system-out>
      <system-err><![CDATA[2020-08-07 17:27:01 - [TEST_SUITE][FAILED] - GRiD Login: Test Cases/FG3D Test FAILED.
Reason:
com.kms.katalon.core.exception.StepFailedException: Unable to click on object 'Object Repository/Page_FG3D  GRiD/a_View on map'
	at com.kms.katalon.core.webui.keyword.internal.WebUIKeywordMain.stepFailed(WebUIKeywordMain.groovy:64)
	at com.kms.katalon.core.webui.keyword.internal.WebUIKeywordMain.runKeyword(WebUIKeywordMain.groovy:26)
	at com.kms.katalon.core.webui.keyword.builtin.ClickKeyword.click(ClickKeyword.groovy:76)
	at com.kms.katalon.core.webui.keyword.builtin.ClickKeyword.execute(ClickKeyword.groovy:43)
	at com.kms.katalon.core.keyword.internal.KeywordExecutor.executeKeywordForPlatform(KeywordExecutor.groovy:73)
	at com.kms.katalon.core.webui.keyword.WebUiBuiltInKeywords.click(WebUiBuiltInKeywords.groovy:616)
	at com.kms.katalon.core.webui.keyword.WebUiBuiltInKeywords$click$1.call(Unknown Source)
	at FG3D Test.run(FG3D Test:37)
	at com.kms.katalon.core.main.ScriptEngine.run(ScriptEngine.java:194)
	at com.kms.katalon.core.main.ScriptEngine.runScriptAsRawText(ScriptEngine.java:119)
	at com.kms.katalon.core.main.TestCaseExecutor.runScript(TestCaseExecutor.java:339)
	at com.kms.katalon.core.main.TestCaseExecutor.doExecute(TestCaseExecutor.java:330)
	at com.kms.katalon.core.main.TestCaseExecutor.processExecutionPhase(TestCaseExecutor.java:309)
	at com.kms.katalon.core.main.TestCaseExecutor.accessMainPhase(TestCaseExecutor.java:301)
	at com.kms.katalon.core.main.TestCaseExecutor.execute(TestCaseExecutor.java:235)
	at com.kms.katalon.core.main.TestSuiteExecutor.accessTestCaseMainPhase(TestSuiteExecutor.java:191)
	at com.kms.katalon.core.main.TestSuiteExecutor.accessTestSuiteMainPhase(TestSuiteExecutor.java:141)
	at com.kms.katalon.core.main.TestSuiteExecutor.execute(TestSuiteExecutor.java:90)
	at com.kms.katalon.core.main.TestCaseMain.startTestSuite(TestCaseMain.java:157)
	at com.kms.katalon.core.main.TestCaseMain$startTestSuite$0.call(Unknown Source)
	at TempTestSuite1596835618792.run(TempTestSuite1596835618792.groovy:39)
Caused by: org.openqa.selenium.ElementNotInteractableException: element not interactable
  (Session info: chrome=84.0.4147.105)
Build info: version: '3.141.59', revision: 'e82be7d358', time: '2018-11-14T08:25:53'
System info: host: 'C02YJ0QYJGH7.fios-router.home', ip: 'fe80:0:0:0:14e0:9553:ef02:546a%en0', os.name: 'Mac OS X', os.arch: 'x86_64', os.version: '10.15.6', java.version: '1.8.0_181'
Driver info: com.kms.katalon.selenium.driver.CChromeDriver
Capabilities {acceptInsecureCerts: false, browserName: chrome, browserVersion: 84.0.4147.105, chrome: {chromedriverVersion: 83.0.4103.39 (ccbf011cb2d2b..., userDataDir: /var/folders/mk/mm0g76rn3_g...}, goog:chromeOptions: {debuggerAddress: localhost:54839}, javascriptEnabled: true, networkConnectionEnabled: false, pageLoadStrategy: normal, platform: MAC, platformName: MAC, proxy: Proxy(), setWindowRect: true, strictFileInteractability: false, timeouts: {implicit: 0, pageLoad: 300000, script: 30000}, unhandledPromptBehavior: dismiss and notify, webauthn:virtualAuthenticators: true}
Session ID: d12166b06014242af38864e14d15c5d4
	at org.openqa.selenium.remote.http.W3CHttpResponseCodec.createException(W3CHttpResponseCodec.java:187)
	at org.openqa.selenium.remote.http.W3CHttpResponseCodec.decode(W3CHttpResponseCodec.java:122)
	at org.openqa.selenium.remote.http.W3CHttpResponseCodec.decode(W3CHttpResponseCodec.java:49)
	at org.openqa.selenium.remote.HttpCommandExecutor.execute(HttpCommandExecutor.java:158)
	at org.openqa.selenium.remote.service.DriverCommandExecutor.execute(DriverCommandExecutor.java:83)
	at org.openqa.selenium.remote.RemoteWebDriver.execute(RemoteWebDriver.java:552)
	at com.kms.katalon.selenium.driver.CChromeDriver.execute(CChromeDriver.java:19)
	at org.openqa.selenium.remote.RemoteWebElement.execute(RemoteWebElement.java:285)
	at org.openqa.selenium.remote.RemoteWebElement.click(RemoteWebElement.java:84)
	at org.openqa.selenium.support.events.EventFiringWebDriver$EventFiringWebElement.lambda$new$0(EventFiringWebDriver.java:404)
	at com.sun.proxy.$Proxy9.click(Unknown Source)
	at org.openqa.selenium.support.events.EventFiringWebDriver$EventFiringWebElement.click(EventFiringWebDriver.java:417)
	at com.kms.katalon.core.webui.keyword.builtin.ClickKeyword$_click_closure1.doCall(ClickKeyword.groovy:69)
	at com.kms.katalon.core.webui.keyword.builtin.ClickKeyword$_click_closure1.call(ClickKeyword.groovy)
	at com.kms.katalon.core.webui.keyword.internal.WebUIKeywordMain.runKeyword(WebUIKeywordMain.groovy:20)
	... 19 more]]></system-err>
   </testsuite>
</testsuites>
