<?xml version="1.0" encoding="UTF-8"?>
<testsuites name="AFE Test Suite" time="86.428" tests="2" failures="0" errors="0">
   <testsuite name="AFE Test Suite" tests="2" failures="0" errors="0" time="86.428" timestamp="2020-08-17 16:01:06" hostname="NickLivas - DESKTOP-1HIC9R3" id="Test Suites/AFE Test Suite">
      <properties>
         <property name="deviceName" value=""/>
         <property name="devicePlatform" value=""/>
         <property name="logFolder" value="C:\\Users\\NickLivas\\Katalon Studio\\AFE_Workflow_Legacy\\Reports\\20200817_160103\\AFE Test Suite\\20200817_160103"/>
         <property name="logFiles" value="C:\\Users\\NickLivas\\Katalon Studio\\AFE_Workflow_Legacy\\Reports\\20200817_160103\\AFE Test Suite\\20200817_160103\\execution0.log"/>
         <property name="attachments" value=""/>
         <property name="hostName" value="NickLivas - DESKTOP-1HIC9R3"/>
         <property name="os" value="Windows 10 64bit"/>
         <property name="katalonVersion" value="7.6.2.205"/>
         <property name="browser" value="Chrome 84.0.4147.125"/>
         <property name="hostAddress" value="192.168.0.119"/>
         <property name="sessionId" value="e393e5d7c4f9b3a1f0ddc8d93977d1bd"/>
         <property name="seleniumVersion" value="3.141.59"/>
         <property name="proxyInformation" value="ProxyInformation { proxyOption=NO_PROXY, proxyServerType=HTTP, username=, password=********, proxyServerAddress=, proxyServerPort=0, executionList=\&quot;\&quot;, isApplyToDesiredCapabilities=true }"/>
         <property name="platform" value="Windows 10"/>
      </properties>
      <testcase name="Test Cases/Authenticate" time="60.486" classname="Test Cases/Authenticate" status="PASSED">
         <system-out><![CDATA[2020-08-17 16:01:06 - [TEST_CASE][PASSED] - Test Cases/Authenticate: Test Cases/Authenticate

2020-08-17 16:01:07 - [TEST_STEP][PASSED] - openBrowser(""): Browser is opened with url: ''

2020-08-17 16:01:07 - [MESSAGE][INFO] - Starting 'Chrome' driver

2020-08-17 16:01:07 - [MESSAGE][INFO] - Action delay is set to 0 milliseconds

2020-08-17 16:01:13 - [MESSAGE][PASSED] - Browser is opened with url: ''

2020-08-17 16:01:13 - [TEST_STEP][PASSED] - navigateToUrl("https://grid.nga.mil/"): Navigate to 'https://grid.nga.mil/' successfully

2020-08-17 16:01:14 - [MESSAGE][PASSED] - Navigate to 'https://grid.nga.mil/' successfully

2020-08-17 16:01:14 - [TEST_STEP][PASSED] - click(findTestObject("Object Repository/Page_Home  GRiD/a_CAC  GEOAxIS Login")): Object: 'Object Repository/Page_Home  GRiD/a_CAC  GEOAxIS Login' is clicked on

2020-08-17 16:01:38 - [MESSAGE][PASSED] - Object: 'Object Repository/Page_Home  GRiD/a_CAC  GEOAxIS Login' is clicked on

2020-08-17 16:01:38 - [TEST_STEP][PASSED] - click(findTestObject("Object Repository/Page_GEOAxIS/a_PKI Certificate")): Object: 'Object Repository/Page_GEOAxIS/a_PKI Certificate' is clicked on

2020-08-17 16:01:38 - [MESSAGE][PASSED] - Object: 'Object Repository/Page_GEOAxIS/a_PKI Certificate' is clicked on

2020-08-17 16:01:38 - [TEST_STEP][PASSED] - click(findTestObject("Object Repository/Page_GEOAxIS/span_Click here to continue")): Object: 'Object Repository/Page_GEOAxIS/span_Click here to continue' is clicked on

2020-08-17 16:02:07 - [MESSAGE][PASSED] - Object: 'Object Repository/Page_GEOAxIS/span_Click here to continue' is clicked on]]></system-out>
         <system-err><![CDATA[]]></system-err>
      </testcase>
      <testcase name="Test Cases/AFE 1" time="25.537" classname="Test Cases/AFE 1" status="PASSED">
         <system-out><![CDATA[2020-08-17 16:02:07 - [TEST_CASE][PASSED] - Test Cases/AFE 1: Test Cases/AFE 1

2020-08-17 16:02:07 - [TEST_STEP][PASSED] - navigateToUrl("https://grid.nga.mil/grid/export/aoi/38277/"): Navigate to 'https://grid.nga.mil/grid/export/aoi/38277/' successfully

2020-08-17 16:02:12 - [MESSAGE][PASSED] - Navigate to 'https://grid.nga.mil/grid/export/aoi/38277/' successfully

2020-08-17 16:02:12 - [TEST_STEP][PASSED] - click(findTestObject("Page_AFE  GRiD/a_Export pointcloud data")): Object: 'Object Repository/Page_AFE  GRiD/a_Export pointcloud data' is clicked on

2020-08-17 16:02:16 - [MESSAGE][PASSED] - Object: 'Object Repository/Page_AFE  GRiD/a_Export pointcloud data' is clicked on

2020-08-17 16:02:16 - [TEST_STEP][PASSED] - click(findTestObject("Page_AFE  GRiD/1st Collect for AOI")): Object: 'Object Repository/Page_AFE  GRiD/1st Collect for AOI' is clicked on

2020-08-17 16:02:16 - [MESSAGE][PASSED] - Object: 'Object Repository/Page_AFE  GRiD/1st Collect for AOI' is clicked on

2020-08-17 16:02:16 - [TEST_STEP][PASSED] - setText(findTestObject("Page_AFE  GRiD/input_Display Name_name"), "Textpert_VBS3"): Text 'Textpert_VBS3' is set on object 'Object Repository/Page_AFE  GRiD/input_Display Name_name'

2020-08-17 16:02:18 - [MESSAGE][PASSED] - Text 'Textpert_VBS3' is set on object 'Object Repository/Page_AFE  GRiD/input_Display Name_name'

2020-08-17 16:02:18 - [TEST_STEP][PASSED] - click(findTestObject("Page_AFE  GRiD/Filter Drop-down")): Object: 'Object Repository/Page_AFE  GRiD/Filter Drop-down' is clicked on

2020-08-17 16:02:18 - [MESSAGE][PASSED] - Object: 'Object Repository/Page_AFE  GRiD/Filter Drop-down' is clicked on

2020-08-17 16:02:18 - [TEST_STEP][PASSED] - waitForElementPresent(findTestObject("Page_AFE  GRiD/input_Feature Extraction_filter_afe"), 10): Object 'Object Repository/Page_AFE  GRiD/input_Feature Extraction_filter_afe' is present

2020-08-17 16:02:19 - [MESSAGE][PASSED] - Object 'Object Repository/Page_AFE  GRiD/input_Feature Extraction_filter_afe' is present

2020-08-17 16:02:19 - [TEST_STEP][PASSED] - click(findTestObject("Page_AFE  GRiD/input_Feature Extraction_filter_afe")): Object: 'Object Repository/Page_AFE  GRiD/input_Feature Extraction_filter_afe' is clicked on

2020-08-17 16:02:19 - [MESSAGE][PASSED] - Object: 'Object Repository/Page_AFE  GRiD/input_Feature Extraction_filter_afe' is clicked on

2020-08-17 16:02:19 - [TEST_STEP][PASSED] - waitForElementPresent(findTestObject("Page_AFE  GRiD/select_TexPert 315-1  PSU 170  SRI 15"), 10): Object 'Object Repository/Page_AFE  GRiD/select_TexPert 315-1  PSU 170  SRI 15' is present

2020-08-17 16:02:19 - [MESSAGE][PASSED] - Object 'Object Repository/Page_AFE  GRiD/select_TexPert 315-1  PSU 170  SRI 15' is present

2020-08-17 16:02:19 - [TEST_STEP][PASSED] - selectOptionByValue(findTestObject("Page_AFE  GRiD/select_TexPert 315-1  PSU 170  SRI 15"), "texpert_3.1.5-1;", true): All options with value 'texpert_3.1.5-1;' are selected in object 'Object Repository/Page_AFE  GRiD/select_TexPert 315-1  PSU 170  SRI 15'  using regular expression

2020-08-17 16:02:20 - [MESSAGE][PASSED] - All options with value 'texpert_3.1.5-1;' are selected in object 'Object Repository/Page_AFE  GRiD/select_TexPert 315-1  PSU 170  SRI 15'  using regular expression

2020-08-17 16:02:20 - [TEST_STEP][PASSED] - click(findTestObject("Page_AFE  GRiD/label_VBS3")): Object: 'Object Repository/Page_AFE  GRiD/label_VBS3' is clicked on

2020-08-17 16:02:20 - [MESSAGE][PASSED] - Object: 'Object Repository/Page_AFE  GRiD/label_VBS3' is clicked on

2020-08-17 16:02:20 - [TEST_STEP][PASSED] - waitForElementClickable(findTestObject("Page_AFE  GRiD/button_Generate"), 10): Object 'Object Repository/Page_AFE  GRiD/button_Generate' is clickable

2020-08-17 16:02:21 - [MESSAGE][PASSED] - Object 'Object Repository/Page_AFE  GRiD/button_Generate' is clickable

2020-08-17 16:02:21 - [TEST_STEP][PASSED] - click(findTestObject("Page_AFE  GRiD/div_Cancel    Generate")): Object: 'Object Repository/Page_AFE  GRiD/div_Cancel    Generate' is clicked on

2020-08-17 16:02:31 - [MESSAGE][PASSED] - Object: 'Object Repository/Page_AFE  GRiD/div_Cancel    Generate' is clicked on

2020-08-17 16:02:31 - [TEST_STEP][PASSED] - closeBrowser(): Browser is closed

2020-08-17 16:02:32 - [MESSAGE][PASSED] - Browser is closed]]></system-out>
         <system-err><![CDATA[]]></system-err>
      </testcase>
      <system-out><![CDATA[2020-08-17 16:01:06 - [TEST_SUITE][PASSED] - AFE Test Suite: Test Cases/AFE 1]]></system-out>
      <system-err><![CDATA[]]></system-err>
   </testsuite>
</testsuites>
